[2025-08-18T17:56:25.795+0000] {processor.py:157} INFO - Started process (PID=98) to work on /home/airflow/.local/lib/python3.8/site-packages/airflow/example_dags/example_trigger_target_dag.py
[2025-08-18T17:56:25.798+0000] {processor.py:829} INFO - Processing file /home/airflow/.local/lib/python3.8/site-packages/airflow/example_dags/example_trigger_target_dag.py for tasks to queue
[2025-08-18T17:56:25.807+0000] {logging_mixin.py:151} INFO - [2025-08-18T17:56:25.806+0000] {dagbag.py:536} INFO - Filling up the DagBag from /home/airflow/.local/lib/python3.8/site-packages/airflow/example_dags/example_trigger_target_dag.py
[2025-08-18T17:56:26.010+0000] {processor.py:839} INFO - DAG(s) dict_keys(['example_trigger_target_dag']) retrieved from /home/airflow/.local/lib/python3.8/site-packages/airflow/example_dags/example_trigger_target_dag.py
[2025-08-18T17:56:26.838+0000] {logging_mixin.py:151} INFO - [2025-08-18T17:56:26.837+0000] {dag.py:2941} INFO - Sync 1 DAGs
[2025-08-18T17:56:27.694+0000] {logging_mixin.py:151} INFO - [2025-08-18T17:56:27.691+0000] {dag.py:3722} INFO - Setting next_dagrun for example_trigger_target_dag to None, run_after=None
[2025-08-18T17:56:28.115+0000] {processor.py:179} INFO - Processing /home/airflow/.local/lib/python3.8/site-packages/airflow/example_dags/example_trigger_target_dag.py took 2.342 seconds
[2025-08-18T17:56:58.572+0000] {processor.py:157} INFO - Started process (PID=151) to work on /home/airflow/.local/lib/python3.8/site-packages/airflow/example_dags/example_trigger_target_dag.py
[2025-08-18T17:56:58.580+0000] {processor.py:829} INFO - Processing file /home/airflow/.local/lib/python3.8/site-packages/airflow/example_dags/example_trigger_target_dag.py for tasks to queue
[2025-08-18T17:56:58.595+0000] {logging_mixin.py:151} INFO - [2025-08-18T17:56:58.594+0000] {dagbag.py:536} INFO - Filling up the DagBag from /home/airflow/.local/lib/python3.8/site-packages/airflow/example_dags/example_trigger_target_dag.py
[2025-08-18T17:56:58.634+0000] {processor.py:839} INFO - DAG(s) dict_keys(['example_trigger_target_dag']) retrieved from /home/airflow/.local/lib/python3.8/site-packages/airflow/example_dags/example_trigger_target_dag.py
[2025-08-18T17:56:58.780+0000] {logging_mixin.py:151} INFO - [2025-08-18T17:56:58.780+0000] {dag.py:2941} INFO - Sync 1 DAGs
[2025-08-18T17:56:58.842+0000] {logging_mixin.py:151} INFO - [2025-08-18T17:56:58.842+0000] {dag.py:3722} INFO - Setting next_dagrun for example_trigger_target_dag to None, run_after=None
[2025-08-18T17:56:58.943+0000] {processor.py:179} INFO - Processing /home/airflow/.local/lib/python3.8/site-packages/airflow/example_dags/example_trigger_target_dag.py took 0.384 seconds
[2025-08-18T17:57:57.342+0000] {processor.py:157} INFO - Started process (PID=84) to work on /home/airflow/.local/lib/python3.8/site-packages/airflow/example_dags/example_trigger_target_dag.py
[2025-08-18T17:57:57.347+0000] {processor.py:829} INFO - Processing file /home/airflow/.local/lib/python3.8/site-packages/airflow/example_dags/example_trigger_target_dag.py for tasks to queue
[2025-08-18T17:57:57.358+0000] {logging_mixin.py:151} INFO - [2025-08-18T17:57:57.357+0000] {dagbag.py:536} INFO - Filling up the DagBag from /home/airflow/.local/lib/python3.8/site-packages/airflow/example_dags/example_trigger_target_dag.py
[2025-08-18T17:57:57.405+0000] {processor.py:839} INFO - DAG(s) dict_keys(['example_trigger_target_dag']) retrieved from /home/airflow/.local/lib/python3.8/site-packages/airflow/example_dags/example_trigger_target_dag.py
[2025-08-18T17:57:57.465+0000] {logging_mixin.py:151} INFO - [2025-08-18T17:57:57.464+0000] {dag.py:2941} INFO - Sync 1 DAGs
[2025-08-18T17:57:57.507+0000] {logging_mixin.py:151} INFO - [2025-08-18T17:57:57.507+0000] {dag.py:3722} INFO - Setting next_dagrun for example_trigger_target_dag to None, run_after=None
[2025-08-18T17:57:57.573+0000] {processor.py:179} INFO - Processing /home/airflow/.local/lib/python3.8/site-packages/airflow/example_dags/example_trigger_target_dag.py took 0.250 seconds
[2025-08-18T17:58:27.978+0000] {processor.py:157} INFO - Started process (PID=138) to work on /home/airflow/.local/lib/python3.8/site-packages/airflow/example_dags/example_trigger_target_dag.py
[2025-08-18T17:58:27.980+0000] {processor.py:829} INFO - Processing file /home/airflow/.local/lib/python3.8/site-packages/airflow/example_dags/example_trigger_target_dag.py for tasks to queue
[2025-08-18T17:58:27.986+0000] {logging_mixin.py:151} INFO - [2025-08-18T17:58:27.985+0000] {dagbag.py:536} INFO - Filling up the DagBag from /home/airflow/.local/lib/python3.8/site-packages/airflow/example_dags/example_trigger_target_dag.py
[2025-08-18T17:58:27.997+0000] {processor.py:839} INFO - DAG(s) dict_keys(['example_trigger_target_dag']) retrieved from /home/airflow/.local/lib/python3.8/site-packages/airflow/example_dags/example_trigger_target_dag.py
[2025-08-18T17:58:28.051+0000] {logging_mixin.py:151} INFO - [2025-08-18T17:58:28.051+0000] {dag.py:2941} INFO - Sync 1 DAGs
[2025-08-18T17:58:28.082+0000] {logging_mixin.py:151} INFO - [2025-08-18T17:58:28.078+0000] {dag.py:3722} INFO - Setting next_dagrun for example_trigger_target_dag to None, run_after=None
[2025-08-18T17:58:28.121+0000] {processor.py:179} INFO - Processing /home/airflow/.local/lib/python3.8/site-packages/airflow/example_dags/example_trigger_target_dag.py took 0.150 seconds
[2025-08-18T17:59:04.917+0000] {processor.py:157} INFO - Started process (PID=192) to work on /home/airflow/.local/lib/python3.8/site-packages/airflow/example_dags/example_trigger_target_dag.py
[2025-08-18T17:59:05.019+0000] {processor.py:829} INFO - Processing file /home/airflow/.local/lib/python3.8/site-packages/airflow/example_dags/example_trigger_target_dag.py for tasks to queue
[2025-08-18T17:59:05.033+0000] {logging_mixin.py:151} INFO - [2025-08-18T17:59:05.032+0000] {dagbag.py:536} INFO - Filling up the DagBag from /home/airflow/.local/lib/python3.8/site-packages/airflow/example_dags/example_trigger_target_dag.py
[2025-08-18T17:59:05.135+0000] {processor.py:839} INFO - DAG(s) dict_keys(['example_trigger_target_dag']) retrieved from /home/airflow/.local/lib/python3.8/site-packages/airflow/example_dags/example_trigger_target_dag.py
[2025-08-18T17:59:05.539+0000] {logging_mixin.py:151} INFO - [2025-08-18T17:59:05.538+0000] {dag.py:2941} INFO - Sync 1 DAGs
[2025-08-18T17:59:05.634+0000] {logging_mixin.py:151} INFO - [2025-08-18T17:59:05.634+0000] {dag.py:3722} INFO - Setting next_dagrun for example_trigger_target_dag to None, run_after=None
[2025-08-18T17:59:05.791+0000] {processor.py:179} INFO - Processing /home/airflow/.local/lib/python3.8/site-packages/airflow/example_dags/example_trigger_target_dag.py took 1.469 seconds
[2025-08-18T17:59:35.909+0000] {processor.py:157} INFO - Started process (PID=245) to work on /home/airflow/.local/lib/python3.8/site-packages/airflow/example_dags/example_trigger_target_dag.py
[2025-08-18T17:59:35.913+0000] {processor.py:829} INFO - Processing file /home/airflow/.local/lib/python3.8/site-packages/airflow/example_dags/example_trigger_target_dag.py for tasks to queue
[2025-08-18T17:59:35.917+0000] {logging_mixin.py:151} INFO - [2025-08-18T17:59:35.917+0000] {dagbag.py:536} INFO - Filling up the DagBag from /home/airflow/.local/lib/python3.8/site-packages/airflow/example_dags/example_trigger_target_dag.py
[2025-08-18T17:59:35.927+0000] {processor.py:839} INFO - DAG(s) dict_keys(['example_trigger_target_dag']) retrieved from /home/airflow/.local/lib/python3.8/site-packages/airflow/example_dags/example_trigger_target_dag.py
[2025-08-18T17:59:35.978+0000] {logging_mixin.py:151} INFO - [2025-08-18T17:59:35.978+0000] {dag.py:2941} INFO - Sync 1 DAGs
[2025-08-18T17:59:36.004+0000] {logging_mixin.py:151} INFO - [2025-08-18T17:59:36.004+0000] {dag.py:3722} INFO - Setting next_dagrun for example_trigger_target_dag to None, run_after=None
[2025-08-18T17:59:36.059+0000] {processor.py:179} INFO - Processing /home/airflow/.local/lib/python3.8/site-packages/airflow/example_dags/example_trigger_target_dag.py took 0.156 seconds
[2025-08-18T18:00:06.493+0000] {processor.py:157} INFO - Started process (PID=299) to work on /home/airflow/.local/lib/python3.8/site-packages/airflow/example_dags/example_trigger_target_dag.py
[2025-08-18T18:00:06.506+0000] {processor.py:829} INFO - Processing file /home/airflow/.local/lib/python3.8/site-packages/airflow/example_dags/example_trigger_target_dag.py for tasks to queue
[2025-08-18T18:00:06.524+0000] {logging_mixin.py:151} INFO - [2025-08-18T18:00:06.523+0000] {dagbag.py:536} INFO - Filling up the DagBag from /home/airflow/.local/lib/python3.8/site-packages/airflow/example_dags/example_trigger_target_dag.py
[2025-08-18T18:00:06.588+0000] {processor.py:839} INFO - DAG(s) dict_keys(['example_trigger_target_dag']) retrieved from /home/airflow/.local/lib/python3.8/site-packages/airflow/example_dags/example_trigger_target_dag.py
[2025-08-18T18:00:06.748+0000] {logging_mixin.py:151} INFO - [2025-08-18T18:00:06.747+0000] {dag.py:2941} INFO - Sync 1 DAGs
[2025-08-18T18:00:06.785+0000] {logging_mixin.py:151} INFO - [2025-08-18T18:00:06.785+0000] {dag.py:3722} INFO - Setting next_dagrun for example_trigger_target_dag to None, run_after=None
[2025-08-18T18:00:07.092+0000] {processor.py:179} INFO - Processing /home/airflow/.local/lib/python3.8/site-packages/airflow/example_dags/example_trigger_target_dag.py took 0.620 seconds
[2025-08-18T18:00:37.936+0000] {processor.py:157} INFO - Started process (PID=353) to work on /home/airflow/.local/lib/python3.8/site-packages/airflow/example_dags/example_trigger_target_dag.py
[2025-08-18T18:00:37.938+0000] {processor.py:829} INFO - Processing file /home/airflow/.local/lib/python3.8/site-packages/airflow/example_dags/example_trigger_target_dag.py for tasks to queue
[2025-08-18T18:00:37.946+0000] {logging_mixin.py:151} INFO - [2025-08-18T18:00:37.945+0000] {dagbag.py:536} INFO - Filling up the DagBag from /home/airflow/.local/lib/python3.8/site-packages/airflow/example_dags/example_trigger_target_dag.py
[2025-08-18T18:00:37.955+0000] {processor.py:839} INFO - DAG(s) dict_keys(['example_trigger_target_dag']) retrieved from /home/airflow/.local/lib/python3.8/site-packages/airflow/example_dags/example_trigger_target_dag.py
[2025-08-18T18:00:37.996+0000] {logging_mixin.py:151} INFO - [2025-08-18T18:00:37.995+0000] {dag.py:2941} INFO - Sync 1 DAGs
[2025-08-18T18:00:38.018+0000] {logging_mixin.py:151} INFO - [2025-08-18T18:00:38.018+0000] {dag.py:3722} INFO - Setting next_dagrun for example_trigger_target_dag to None, run_after=None
[2025-08-18T18:00:38.054+0000] {processor.py:179} INFO - Processing /home/airflow/.local/lib/python3.8/site-packages/airflow/example_dags/example_trigger_target_dag.py took 0.123 seconds
[2025-08-18T18:01:08.141+0000] {processor.py:157} INFO - Started process (PID=407) to work on /home/airflow/.local/lib/python3.8/site-packages/airflow/example_dags/example_trigger_target_dag.py
[2025-08-18T18:01:08.143+0000] {processor.py:829} INFO - Processing file /home/airflow/.local/lib/python3.8/site-packages/airflow/example_dags/example_trigger_target_dag.py for tasks to queue
[2025-08-18T18:01:08.150+0000] {logging_mixin.py:151} INFO - [2025-08-18T18:01:08.149+0000] {dagbag.py:536} INFO - Filling up the DagBag from /home/airflow/.local/lib/python3.8/site-packages/airflow/example_dags/example_trigger_target_dag.py
[2025-08-18T18:01:08.160+0000] {processor.py:839} INFO - DAG(s) dict_keys(['example_trigger_target_dag']) retrieved from /home/airflow/.local/lib/python3.8/site-packages/airflow/example_dags/example_trigger_target_dag.py
[2025-08-18T18:01:08.205+0000] {logging_mixin.py:151} INFO - [2025-08-18T18:01:08.204+0000] {dag.py:2941} INFO - Sync 1 DAGs
[2025-08-18T18:01:08.246+0000] {logging_mixin.py:151} INFO - [2025-08-18T18:01:08.246+0000] {dag.py:3722} INFO - Setting next_dagrun for example_trigger_target_dag to None, run_after=None
[2025-08-18T18:01:08.325+0000] {processor.py:179} INFO - Processing /home/airflow/.local/lib/python3.8/site-packages/airflow/example_dags/example_trigger_target_dag.py took 0.192 seconds
[2025-08-18T18:01:38.745+0000] {processor.py:157} INFO - Started process (PID=461) to work on /home/airflow/.local/lib/python3.8/site-packages/airflow/example_dags/example_trigger_target_dag.py
[2025-08-18T18:01:38.746+0000] {processor.py:829} INFO - Processing file /home/airflow/.local/lib/python3.8/site-packages/airflow/example_dags/example_trigger_target_dag.py for tasks to queue
[2025-08-18T18:01:38.749+0000] {logging_mixin.py:151} INFO - [2025-08-18T18:01:38.749+0000] {dagbag.py:536} INFO - Filling up the DagBag from /home/airflow/.local/lib/python3.8/site-packages/airflow/example_dags/example_trigger_target_dag.py
[2025-08-18T18:01:38.756+0000] {processor.py:839} INFO - DAG(s) dict_keys(['example_trigger_target_dag']) retrieved from /home/airflow/.local/lib/python3.8/site-packages/airflow/example_dags/example_trigger_target_dag.py
[2025-08-18T18:01:38.788+0000] {logging_mixin.py:151} INFO - [2025-08-18T18:01:38.787+0000] {dag.py:2941} INFO - Sync 1 DAGs
[2025-08-18T18:01:38.805+0000] {logging_mixin.py:151} INFO - [2025-08-18T18:01:38.805+0000] {dag.py:3722} INFO - Setting next_dagrun for example_trigger_target_dag to None, run_after=None
[2025-08-18T18:01:38.836+0000] {processor.py:179} INFO - Processing /home/airflow/.local/lib/python3.8/site-packages/airflow/example_dags/example_trigger_target_dag.py took 0.095 seconds
[2025-08-18T18:02:09.515+0000] {processor.py:157} INFO - Started process (PID=515) to work on /home/airflow/.local/lib/python3.8/site-packages/airflow/example_dags/example_trigger_target_dag.py
[2025-08-18T18:02:09.519+0000] {processor.py:829} INFO - Processing file /home/airflow/.local/lib/python3.8/site-packages/airflow/example_dags/example_trigger_target_dag.py for tasks to queue
[2025-08-18T18:02:09.528+0000] {logging_mixin.py:151} INFO - [2025-08-18T18:02:09.528+0000] {dagbag.py:536} INFO - Filling up the DagBag from /home/airflow/.local/lib/python3.8/site-packages/airflow/example_dags/example_trigger_target_dag.py
[2025-08-18T18:02:09.551+0000] {processor.py:839} INFO - DAG(s) dict_keys(['example_trigger_target_dag']) retrieved from /home/airflow/.local/lib/python3.8/site-packages/airflow/example_dags/example_trigger_target_dag.py
[2025-08-18T18:02:09.611+0000] {logging_mixin.py:151} INFO - [2025-08-18T18:02:09.610+0000] {dag.py:2941} INFO - Sync 1 DAGs
[2025-08-18T18:02:09.647+0000] {logging_mixin.py:151} INFO - [2025-08-18T18:02:09.646+0000] {dag.py:3722} INFO - Setting next_dagrun for example_trigger_target_dag to None, run_after=None
[2025-08-18T18:02:09.691+0000] {processor.py:179} INFO - Processing /home/airflow/.local/lib/python3.8/site-packages/airflow/example_dags/example_trigger_target_dag.py took 0.187 seconds
[2025-08-18T18:02:39.890+0000] {processor.py:157} INFO - Started process (PID=567) to work on /home/airflow/.local/lib/python3.8/site-packages/airflow/example_dags/example_trigger_target_dag.py
[2025-08-18T18:02:39.893+0000] {processor.py:829} INFO - Processing file /home/airflow/.local/lib/python3.8/site-packages/airflow/example_dags/example_trigger_target_dag.py for tasks to queue
[2025-08-18T18:02:39.916+0000] {logging_mixin.py:151} INFO - [2025-08-18T18:02:39.912+0000] {dagbag.py:536} INFO - Filling up the DagBag from /home/airflow/.local/lib/python3.8/site-packages/airflow/example_dags/example_trigger_target_dag.py
[2025-08-18T18:02:39.930+0000] {processor.py:839} INFO - DAG(s) dict_keys(['example_trigger_target_dag']) retrieved from /home/airflow/.local/lib/python3.8/site-packages/airflow/example_dags/example_trigger_target_dag.py
[2025-08-18T18:02:40.001+0000] {logging_mixin.py:151} INFO - [2025-08-18T18:02:40.001+0000] {dag.py:2941} INFO - Sync 1 DAGs
[2025-08-18T18:02:40.055+0000] {logging_mixin.py:151} INFO - [2025-08-18T18:02:40.055+0000] {dag.py:3722} INFO - Setting next_dagrun for example_trigger_target_dag to None, run_after=None
[2025-08-18T18:02:40.197+0000] {processor.py:179} INFO - Processing /home/airflow/.local/lib/python3.8/site-packages/airflow/example_dags/example_trigger_target_dag.py took 0.316 seconds
[2025-08-18T18:03:10.570+0000] {processor.py:157} INFO - Started process (PID=621) to work on /home/airflow/.local/lib/python3.8/site-packages/airflow/example_dags/example_trigger_target_dag.py
[2025-08-18T18:03:10.579+0000] {processor.py:829} INFO - Processing file /home/airflow/.local/lib/python3.8/site-packages/airflow/example_dags/example_trigger_target_dag.py for tasks to queue
[2025-08-18T18:03:10.584+0000] {logging_mixin.py:151} INFO - [2025-08-18T18:03:10.584+0000] {dagbag.py:536} INFO - Filling up the DagBag from /home/airflow/.local/lib/python3.8/site-packages/airflow/example_dags/example_trigger_target_dag.py
[2025-08-18T18:03:10.601+0000] {processor.py:839} INFO - DAG(s) dict_keys(['example_trigger_target_dag']) retrieved from /home/airflow/.local/lib/python3.8/site-packages/airflow/example_dags/example_trigger_target_dag.py
[2025-08-18T18:03:10.658+0000] {logging_mixin.py:151} INFO - [2025-08-18T18:03:10.658+0000] {dag.py:2941} INFO - Sync 1 DAGs
[2025-08-18T18:03:10.700+0000] {logging_mixin.py:151} INFO - [2025-08-18T18:03:10.700+0000] {dag.py:3722} INFO - Setting next_dagrun for example_trigger_target_dag to None, run_after=None
[2025-08-18T18:03:10.751+0000] {processor.py:179} INFO - Processing /home/airflow/.local/lib/python3.8/site-packages/airflow/example_dags/example_trigger_target_dag.py took 0.191 seconds
[2025-08-18T18:03:40.960+0000] {processor.py:157} INFO - Started process (PID=676) to work on /home/airflow/.local/lib/python3.8/site-packages/airflow/example_dags/example_trigger_target_dag.py
[2025-08-18T18:03:40.962+0000] {processor.py:829} INFO - Processing file /home/airflow/.local/lib/python3.8/site-packages/airflow/example_dags/example_trigger_target_dag.py for tasks to queue
[2025-08-18T18:03:40.968+0000] {logging_mixin.py:151} INFO - [2025-08-18T18:03:40.967+0000] {dagbag.py:536} INFO - Filling up the DagBag from /home/airflow/.local/lib/python3.8/site-packages/airflow/example_dags/example_trigger_target_dag.py
[2025-08-18T18:03:40.978+0000] {processor.py:839} INFO - DAG(s) dict_keys(['example_trigger_target_dag']) retrieved from /home/airflow/.local/lib/python3.8/site-packages/airflow/example_dags/example_trigger_target_dag.py
[2025-08-18T18:03:41.038+0000] {logging_mixin.py:151} INFO - [2025-08-18T18:03:41.037+0000] {dag.py:2941} INFO - Sync 1 DAGs
[2025-08-18T18:03:41.071+0000] {logging_mixin.py:151} INFO - [2025-08-18T18:03:41.071+0000] {dag.py:3722} INFO - Setting next_dagrun for example_trigger_target_dag to None, run_after=None
[2025-08-18T18:03:41.117+0000] {processor.py:179} INFO - Processing /home/airflow/.local/lib/python3.8/site-packages/airflow/example_dags/example_trigger_target_dag.py took 0.163 seconds
[2025-08-18T18:04:11.497+0000] {processor.py:157} INFO - Started process (PID=730) to work on /home/airflow/.local/lib/python3.8/site-packages/airflow/example_dags/example_trigger_target_dag.py
[2025-08-18T18:04:11.499+0000] {processor.py:829} INFO - Processing file /home/airflow/.local/lib/python3.8/site-packages/airflow/example_dags/example_trigger_target_dag.py for tasks to queue
[2025-08-18T18:04:11.502+0000] {logging_mixin.py:151} INFO - [2025-08-18T18:04:11.501+0000] {dagbag.py:536} INFO - Filling up the DagBag from /home/airflow/.local/lib/python3.8/site-packages/airflow/example_dags/example_trigger_target_dag.py
[2025-08-18T18:04:11.512+0000] {processor.py:839} INFO - DAG(s) dict_keys(['example_trigger_target_dag']) retrieved from /home/airflow/.local/lib/python3.8/site-packages/airflow/example_dags/example_trigger_target_dag.py
[2025-08-18T18:04:11.550+0000] {logging_mixin.py:151} INFO - [2025-08-18T18:04:11.550+0000] {dag.py:2941} INFO - Sync 1 DAGs
[2025-08-18T18:04:11.568+0000] {logging_mixin.py:151} INFO - [2025-08-18T18:04:11.568+0000] {dag.py:3722} INFO - Setting next_dagrun for example_trigger_target_dag to None, run_after=None
[2025-08-18T18:04:11.612+0000] {processor.py:179} INFO - Processing /home/airflow/.local/lib/python3.8/site-packages/airflow/example_dags/example_trigger_target_dag.py took 0.121 seconds
[2025-08-18T18:04:42.206+0000] {processor.py:157} INFO - Started process (PID=784) to work on /home/airflow/.local/lib/python3.8/site-packages/airflow/example_dags/example_trigger_target_dag.py
[2025-08-18T18:04:42.208+0000] {processor.py:829} INFO - Processing file /home/airflow/.local/lib/python3.8/site-packages/airflow/example_dags/example_trigger_target_dag.py for tasks to queue
[2025-08-18T18:04:42.213+0000] {logging_mixin.py:151} INFO - [2025-08-18T18:04:42.212+0000] {dagbag.py:536} INFO - Filling up the DagBag from /home/airflow/.local/lib/python3.8/site-packages/airflow/example_dags/example_trigger_target_dag.py
[2025-08-18T18:04:42.230+0000] {processor.py:839} INFO - DAG(s) dict_keys(['example_trigger_target_dag']) retrieved from /home/airflow/.local/lib/python3.8/site-packages/airflow/example_dags/example_trigger_target_dag.py
[2025-08-18T18:04:42.277+0000] {logging_mixin.py:151} INFO - [2025-08-18T18:04:42.277+0000] {dag.py:2941} INFO - Sync 1 DAGs
[2025-08-18T18:04:42.313+0000] {logging_mixin.py:151} INFO - [2025-08-18T18:04:42.313+0000] {dag.py:3722} INFO - Setting next_dagrun for example_trigger_target_dag to None, run_after=None
[2025-08-18T18:04:42.367+0000] {processor.py:179} INFO - Processing /home/airflow/.local/lib/python3.8/site-packages/airflow/example_dags/example_trigger_target_dag.py took 0.171 seconds
[2025-08-18T18:05:12.418+0000] {processor.py:157} INFO - Started process (PID=838) to work on /home/airflow/.local/lib/python3.8/site-packages/airflow/example_dags/example_trigger_target_dag.py
[2025-08-18T18:05:12.420+0000] {processor.py:829} INFO - Processing file /home/airflow/.local/lib/python3.8/site-packages/airflow/example_dags/example_trigger_target_dag.py for tasks to queue
[2025-08-18T18:05:12.424+0000] {logging_mixin.py:151} INFO - [2025-08-18T18:05:12.424+0000] {dagbag.py:536} INFO - Filling up the DagBag from /home/airflow/.local/lib/python3.8/site-packages/airflow/example_dags/example_trigger_target_dag.py
[2025-08-18T18:05:12.434+0000] {processor.py:839} INFO - DAG(s) dict_keys(['example_trigger_target_dag']) retrieved from /home/airflow/.local/lib/python3.8/site-packages/airflow/example_dags/example_trigger_target_dag.py
[2025-08-18T18:05:12.467+0000] {logging_mixin.py:151} INFO - [2025-08-18T18:05:12.466+0000] {dag.py:2941} INFO - Sync 1 DAGs
[2025-08-18T18:05:12.491+0000] {logging_mixin.py:151} INFO - [2025-08-18T18:05:12.490+0000] {dag.py:3722} INFO - Setting next_dagrun for example_trigger_target_dag to None, run_after=None
[2025-08-18T18:05:12.532+0000] {processor.py:179} INFO - Processing /home/airflow/.local/lib/python3.8/site-packages/airflow/example_dags/example_trigger_target_dag.py took 0.118 seconds
