[2025-08-18T17:56:51.558+0000] {processor.py:157} INFO - Started process (PID=132) to work on /home/airflow/.local/lib/python3.8/site-packages/airflow/example_dags/example_branch_datetime_operator.py
[2025-08-18T17:56:51.561+0000] {processor.py:829} INFO - Processing file /home/airflow/.local/lib/python3.8/site-packages/airflow/example_dags/example_branch_datetime_operator.py for tasks to queue
[2025-08-18T17:56:51.567+0000] {logging_mixin.py:151} INFO - [2025-08-18T17:56:51.565+0000] {dagbag.py:536} INFO - Filling up the DagBag from /home/airflow/.local/lib/python3.8/site-packages/airflow/example_dags/example_branch_datetime_operator.py
[2025-08-18T17:56:51.597+0000] {processor.py:839} INFO - DAG(s) dict_keys(['example_branch_datetime_operator_3', 'example_branch_datetime_operator', 'example_branch_datetime_operator_2']) retrieved from /home/airflow/.local/lib/python3.8/site-packages/airflow/example_dags/example_branch_datetime_operator.py
[2025-08-18T17:56:51.652+0000] {logging_mixin.py:151} INFO - [2025-08-18T17:56:51.651+0000] {dag.py:2941} INFO - Sync 3 DAGs
[2025-08-18T17:56:51.699+0000] {logging_mixin.py:151} INFO - [2025-08-18T17:56:51.699+0000] {dag.py:3722} INFO - Setting next_dagrun for example_branch_datetime_operator to 2025-08-17T00:00:00+00:00, run_after=2025-08-18T00:00:00+00:00
[2025-08-18T17:56:51.710+0000] {logging_mixin.py:151} INFO - [2025-08-18T17:56:51.710+0000] {dag.py:3722} INFO - Setting next_dagrun for example_branch_datetime_operator_2 to 2025-08-17T00:00:00+00:00, run_after=2025-08-18T00:00:00+00:00
[2025-08-18T17:56:51.715+0000] {logging_mixin.py:151} INFO - [2025-08-18T17:56:51.714+0000] {dag.py:3722} INFO - Setting next_dagrun for example_branch_datetime_operator_3 to 2025-08-17T00:00:00+00:00, run_after=2025-08-18T00:00:00+00:00
[2025-08-18T17:56:51.760+0000] {processor.py:179} INFO - Processing /home/airflow/.local/lib/python3.8/site-packages/airflow/example_dags/example_branch_datetime_operator.py took 0.214 seconds
[2025-08-18T17:58:16.551+0000] {processor.py:157} INFO - Started process (PID=125) to work on /home/airflow/.local/lib/python3.8/site-packages/airflow/example_dags/example_branch_datetime_operator.py
[2025-08-18T17:58:16.567+0000] {processor.py:829} INFO - Processing file /home/airflow/.local/lib/python3.8/site-packages/airflow/example_dags/example_branch_datetime_operator.py for tasks to queue
[2025-08-18T17:58:16.628+0000] {logging_mixin.py:151} INFO - [2025-08-18T17:58:16.626+0000] {dagbag.py:536} INFO - Filling up the DagBag from /home/airflow/.local/lib/python3.8/site-packages/airflow/example_dags/example_branch_datetime_operator.py
[2025-08-18T17:58:16.715+0000] {processor.py:839} INFO - DAG(s) dict_keys(['example_branch_datetime_operator_2', 'example_branch_datetime_operator_3', 'example_branch_datetime_operator']) retrieved from /home/airflow/.local/lib/python3.8/site-packages/airflow/example_dags/example_branch_datetime_operator.py
[2025-08-18T17:58:16.801+0000] {logging_mixin.py:151} INFO - [2025-08-18T17:58:16.800+0000] {dag.py:2941} INFO - Sync 3 DAGs
[2025-08-18T17:58:17.267+0000] {logging_mixin.py:151} INFO - [2025-08-18T17:58:17.256+0000] {dag.py:3722} INFO - Setting next_dagrun for example_branch_datetime_operator to 2025-08-17T00:00:00+00:00, run_after=2025-08-18T00:00:00+00:00
[2025-08-18T17:58:17.304+0000] {logging_mixin.py:151} INFO - [2025-08-18T17:58:17.303+0000] {dag.py:3722} INFO - Setting next_dagrun for example_branch_datetime_operator_2 to 2025-08-17T00:00:00+00:00, run_after=2025-08-18T00:00:00+00:00
[2025-08-18T17:58:17.313+0000] {logging_mixin.py:151} INFO - [2025-08-18T17:58:17.309+0000] {dag.py:3722} INFO - Setting next_dagrun for example_branch_datetime_operator_3 to 2025-08-17T00:00:00+00:00, run_after=2025-08-18T00:00:00+00:00
[2025-08-18T17:58:17.720+0000] {processor.py:179} INFO - Processing /home/airflow/.local/lib/python3.8/site-packages/airflow/example_dags/example_branch_datetime_operator.py took 1.218 seconds
[2025-08-18T17:58:47.925+0000] {processor.py:157} INFO - Started process (PID=179) to work on /home/airflow/.local/lib/python3.8/site-packages/airflow/example_dags/example_branch_datetime_operator.py
[2025-08-18T17:58:47.927+0000] {processor.py:829} INFO - Processing file /home/airflow/.local/lib/python3.8/site-packages/airflow/example_dags/example_branch_datetime_operator.py for tasks to queue
[2025-08-18T17:58:47.932+0000] {logging_mixin.py:151} INFO - [2025-08-18T17:58:47.932+0000] {dagbag.py:536} INFO - Filling up the DagBag from /home/airflow/.local/lib/python3.8/site-packages/airflow/example_dags/example_branch_datetime_operator.py
[2025-08-18T17:58:47.957+0000] {processor.py:839} INFO - DAG(s) dict_keys(['example_branch_datetime_operator_2', 'example_branch_datetime_operator_3', 'example_branch_datetime_operator']) retrieved from /home/airflow/.local/lib/python3.8/site-packages/airflow/example_dags/example_branch_datetime_operator.py
[2025-08-18T17:58:48.024+0000] {logging_mixin.py:151} INFO - [2025-08-18T17:58:48.024+0000] {dag.py:2941} INFO - Sync 3 DAGs
[2025-08-18T17:58:48.066+0000] {logging_mixin.py:151} INFO - [2025-08-18T17:58:48.066+0000] {dag.py:3722} INFO - Setting next_dagrun for example_branch_datetime_operator to 2025-08-17T00:00:00+00:00, run_after=2025-08-18T00:00:00+00:00
[2025-08-18T17:58:48.077+0000] {logging_mixin.py:151} INFO - [2025-08-18T17:58:48.077+0000] {dag.py:3722} INFO - Setting next_dagrun for example_branch_datetime_operator_2 to 2025-08-17T00:00:00+00:00, run_after=2025-08-18T00:00:00+00:00
[2025-08-18T17:58:48.082+0000] {logging_mixin.py:151} INFO - [2025-08-18T17:58:48.082+0000] {dag.py:3722} INFO - Setting next_dagrun for example_branch_datetime_operator_3 to 2025-08-17T00:00:00+00:00, run_after=2025-08-18T00:00:00+00:00
[2025-08-18T17:58:48.117+0000] {processor.py:179} INFO - Processing /home/airflow/.local/lib/python3.8/site-packages/airflow/example_dags/example_branch_datetime_operator.py took 0.201 seconds
[2025-08-18T17:59:19.578+0000] {processor.py:157} INFO - Started process (PID=233) to work on /home/airflow/.local/lib/python3.8/site-packages/airflow/example_dags/example_branch_datetime_operator.py
[2025-08-18T17:59:19.583+0000] {processor.py:829} INFO - Processing file /home/airflow/.local/lib/python3.8/site-packages/airflow/example_dags/example_branch_datetime_operator.py for tasks to queue
[2025-08-18T17:59:19.589+0000] {logging_mixin.py:151} INFO - [2025-08-18T17:59:19.588+0000] {dagbag.py:536} INFO - Filling up the DagBag from /home/airflow/.local/lib/python3.8/site-packages/airflow/example_dags/example_branch_datetime_operator.py
[2025-08-18T17:59:19.631+0000] {processor.py:839} INFO - DAG(s) dict_keys(['example_branch_datetime_operator_2', 'example_branch_datetime_operator_3', 'example_branch_datetime_operator']) retrieved from /home/airflow/.local/lib/python3.8/site-packages/airflow/example_dags/example_branch_datetime_operator.py
[2025-08-18T17:59:19.728+0000] {logging_mixin.py:151} INFO - [2025-08-18T17:59:19.728+0000] {dag.py:2941} INFO - Sync 3 DAGs
[2025-08-18T17:59:19.820+0000] {logging_mixin.py:151} INFO - [2025-08-18T17:59:19.819+0000] {dag.py:3722} INFO - Setting next_dagrun for example_branch_datetime_operator to 2025-08-17T00:00:00+00:00, run_after=2025-08-18T00:00:00+00:00
[2025-08-18T17:59:19.834+0000] {logging_mixin.py:151} INFO - [2025-08-18T17:59:19.834+0000] {dag.py:3722} INFO - Setting next_dagrun for example_branch_datetime_operator_2 to 2025-08-17T00:00:00+00:00, run_after=2025-08-18T00:00:00+00:00
[2025-08-18T17:59:19.843+0000] {logging_mixin.py:151} INFO - [2025-08-18T17:59:19.842+0000] {dag.py:3722} INFO - Setting next_dagrun for example_branch_datetime_operator_3 to 2025-08-17T00:00:00+00:00, run_after=2025-08-18T00:00:00+00:00
[2025-08-18T17:59:19.907+0000] {processor.py:179} INFO - Processing /home/airflow/.local/lib/python3.8/site-packages/airflow/example_dags/example_branch_datetime_operator.py took 0.342 seconds
[2025-08-18T17:59:49.997+0000] {processor.py:157} INFO - Started process (PID=287) to work on /home/airflow/.local/lib/python3.8/site-packages/airflow/example_dags/example_branch_datetime_operator.py
[2025-08-18T17:59:49.999+0000] {processor.py:829} INFO - Processing file /home/airflow/.local/lib/python3.8/site-packages/airflow/example_dags/example_branch_datetime_operator.py for tasks to queue
[2025-08-18T17:59:50.002+0000] {logging_mixin.py:151} INFO - [2025-08-18T17:59:50.002+0000] {dagbag.py:536} INFO - Filling up the DagBag from /home/airflow/.local/lib/python3.8/site-packages/airflow/example_dags/example_branch_datetime_operator.py
[2025-08-18T17:59:50.015+0000] {processor.py:839} INFO - DAG(s) dict_keys(['example_branch_datetime_operator_3', 'example_branch_datetime_operator_2', 'example_branch_datetime_operator']) retrieved from /home/airflow/.local/lib/python3.8/site-packages/airflow/example_dags/example_branch_datetime_operator.py
[2025-08-18T17:59:50.062+0000] {logging_mixin.py:151} INFO - [2025-08-18T17:59:50.062+0000] {dag.py:2941} INFO - Sync 3 DAGs
[2025-08-18T17:59:50.097+0000] {logging_mixin.py:151} INFO - [2025-08-18T17:59:50.097+0000] {dag.py:3722} INFO - Setting next_dagrun for example_branch_datetime_operator to 2025-08-17T00:00:00+00:00, run_after=2025-08-18T00:00:00+00:00
[2025-08-18T17:59:50.104+0000] {logging_mixin.py:151} INFO - [2025-08-18T17:59:50.103+0000] {dag.py:3722} INFO - Setting next_dagrun for example_branch_datetime_operator_2 to 2025-08-17T00:00:00+00:00, run_after=2025-08-18T00:00:00+00:00
[2025-08-18T17:59:50.107+0000] {logging_mixin.py:151} INFO - [2025-08-18T17:59:50.107+0000] {dag.py:3722} INFO - Setting next_dagrun for example_branch_datetime_operator_3 to 2025-08-17T00:00:00+00:00, run_after=2025-08-18T00:00:00+00:00
[2025-08-18T17:59:50.135+0000] {processor.py:179} INFO - Processing /home/airflow/.local/lib/python3.8/site-packages/airflow/example_dags/example_branch_datetime_operator.py took 0.144 seconds
[2025-08-18T18:00:20.299+0000] {processor.py:157} INFO - Started process (PID=341) to work on /home/airflow/.local/lib/python3.8/site-packages/airflow/example_dags/example_branch_datetime_operator.py
[2025-08-18T18:00:20.300+0000] {processor.py:829} INFO - Processing file /home/airflow/.local/lib/python3.8/site-packages/airflow/example_dags/example_branch_datetime_operator.py for tasks to queue
[2025-08-18T18:00:20.303+0000] {logging_mixin.py:151} INFO - [2025-08-18T18:00:20.303+0000] {dagbag.py:536} INFO - Filling up the DagBag from /home/airflow/.local/lib/python3.8/site-packages/airflow/example_dags/example_branch_datetime_operator.py
[2025-08-18T18:00:20.319+0000] {processor.py:839} INFO - DAG(s) dict_keys(['example_branch_datetime_operator_3', 'example_branch_datetime_operator', 'example_branch_datetime_operator_2']) retrieved from /home/airflow/.local/lib/python3.8/site-packages/airflow/example_dags/example_branch_datetime_operator.py
[2025-08-18T18:00:20.362+0000] {logging_mixin.py:151} INFO - [2025-08-18T18:00:20.362+0000] {dag.py:2941} INFO - Sync 3 DAGs
[2025-08-18T18:00:20.394+0000] {logging_mixin.py:151} INFO - [2025-08-18T18:00:20.394+0000] {dag.py:3722} INFO - Setting next_dagrun for example_branch_datetime_operator to 2025-08-17T00:00:00+00:00, run_after=2025-08-18T00:00:00+00:00
[2025-08-18T18:00:20.402+0000] {logging_mixin.py:151} INFO - [2025-08-18T18:00:20.402+0000] {dag.py:3722} INFO - Setting next_dagrun for example_branch_datetime_operator_2 to 2025-08-17T00:00:00+00:00, run_after=2025-08-18T00:00:00+00:00
[2025-08-18T18:00:20.406+0000] {logging_mixin.py:151} INFO - [2025-08-18T18:00:20.406+0000] {dag.py:3722} INFO - Setting next_dagrun for example_branch_datetime_operator_3 to 2025-08-17T00:00:00+00:00, run_after=2025-08-18T00:00:00+00:00
[2025-08-18T18:00:20.433+0000] {processor.py:179} INFO - Processing /home/airflow/.local/lib/python3.8/site-packages/airflow/example_dags/example_branch_datetime_operator.py took 0.140 seconds
[2025-08-18T18:00:53.012+0000] {processor.py:157} INFO - Started process (PID=395) to work on /home/airflow/.local/lib/python3.8/site-packages/airflow/example_dags/example_branch_datetime_operator.py
[2025-08-18T18:00:53.027+0000] {processor.py:829} INFO - Processing file /home/airflow/.local/lib/python3.8/site-packages/airflow/example_dags/example_branch_datetime_operator.py for tasks to queue
[2025-08-18T18:00:53.047+0000] {logging_mixin.py:151} INFO - [2025-08-18T18:00:53.046+0000] {dagbag.py:536} INFO - Filling up the DagBag from /home/airflow/.local/lib/python3.8/site-packages/airflow/example_dags/example_branch_datetime_operator.py
[2025-08-18T18:00:53.078+0000] {processor.py:839} INFO - DAG(s) dict_keys(['example_branch_datetime_operator_2', 'example_branch_datetime_operator', 'example_branch_datetime_operator_3']) retrieved from /home/airflow/.local/lib/python3.8/site-packages/airflow/example_dags/example_branch_datetime_operator.py
[2025-08-18T18:00:53.390+0000] {logging_mixin.py:151} INFO - [2025-08-18T18:00:53.390+0000] {dag.py:2941} INFO - Sync 3 DAGs
[2025-08-18T18:00:53.651+0000] {logging_mixin.py:151} INFO - [2025-08-18T18:00:53.650+0000] {dag.py:3722} INFO - Setting next_dagrun for example_branch_datetime_operator to 2025-08-17T00:00:00+00:00, run_after=2025-08-18T00:00:00+00:00
[2025-08-18T18:00:53.668+0000] {logging_mixin.py:151} INFO - [2025-08-18T18:00:53.668+0000] {dag.py:3722} INFO - Setting next_dagrun for example_branch_datetime_operator_2 to 2025-08-17T00:00:00+00:00, run_after=2025-08-18T00:00:00+00:00
[2025-08-18T18:00:53.679+0000] {logging_mixin.py:151} INFO - [2025-08-18T18:00:53.678+0000] {dag.py:3722} INFO - Setting next_dagrun for example_branch_datetime_operator_3 to 2025-08-17T00:00:00+00:00, run_after=2025-08-18T00:00:00+00:00
[2025-08-18T18:00:53.855+0000] {processor.py:179} INFO - Processing /home/airflow/.local/lib/python3.8/site-packages/airflow/example_dags/example_branch_datetime_operator.py took 0.876 seconds
[2025-08-18T18:01:24.802+0000] {processor.py:157} INFO - Started process (PID=451) to work on /home/airflow/.local/lib/python3.8/site-packages/airflow/example_dags/example_branch_datetime_operator.py
[2025-08-18T18:01:24.804+0000] {processor.py:829} INFO - Processing file /home/airflow/.local/lib/python3.8/site-packages/airflow/example_dags/example_branch_datetime_operator.py for tasks to queue
[2025-08-18T18:01:24.807+0000] {logging_mixin.py:151} INFO - [2025-08-18T18:01:24.807+0000] {dagbag.py:536} INFO - Filling up the DagBag from /home/airflow/.local/lib/python3.8/site-packages/airflow/example_dags/example_branch_datetime_operator.py
[2025-08-18T18:01:24.822+0000] {processor.py:839} INFO - DAG(s) dict_keys(['example_branch_datetime_operator_3', 'example_branch_datetime_operator', 'example_branch_datetime_operator_2']) retrieved from /home/airflow/.local/lib/python3.8/site-packages/airflow/example_dags/example_branch_datetime_operator.py
[2025-08-18T18:01:24.865+0000] {logging_mixin.py:151} INFO - [2025-08-18T18:01:24.864+0000] {dag.py:2941} INFO - Sync 3 DAGs
[2025-08-18T18:01:24.905+0000] {logging_mixin.py:151} INFO - [2025-08-18T18:01:24.904+0000] {dag.py:3722} INFO - Setting next_dagrun for example_branch_datetime_operator to 2025-08-17T00:00:00+00:00, run_after=2025-08-18T00:00:00+00:00
[2025-08-18T18:01:24.915+0000] {logging_mixin.py:151} INFO - [2025-08-18T18:01:24.914+0000] {dag.py:3722} INFO - Setting next_dagrun for example_branch_datetime_operator_2 to 2025-08-17T00:00:00+00:00, run_after=2025-08-18T00:00:00+00:00
[2025-08-18T18:01:24.922+0000] {logging_mixin.py:151} INFO - [2025-08-18T18:01:24.921+0000] {dag.py:3722} INFO - Setting next_dagrun for example_branch_datetime_operator_3 to 2025-08-17T00:00:00+00:00, run_after=2025-08-18T00:00:00+00:00
[2025-08-18T18:01:24.954+0000] {processor.py:179} INFO - Processing /home/airflow/.local/lib/python3.8/site-packages/airflow/example_dags/example_branch_datetime_operator.py took 0.158 seconds
[2025-08-18T18:01:55.043+0000] {processor.py:157} INFO - Started process (PID=506) to work on /home/airflow/.local/lib/python3.8/site-packages/airflow/example_dags/example_branch_datetime_operator.py
[2025-08-18T18:01:55.045+0000] {processor.py:829} INFO - Processing file /home/airflow/.local/lib/python3.8/site-packages/airflow/example_dags/example_branch_datetime_operator.py for tasks to queue
[2025-08-18T18:01:55.049+0000] {logging_mixin.py:151} INFO - [2025-08-18T18:01:55.048+0000] {dagbag.py:536} INFO - Filling up the DagBag from /home/airflow/.local/lib/python3.8/site-packages/airflow/example_dags/example_branch_datetime_operator.py
[2025-08-18T18:01:55.065+0000] {processor.py:839} INFO - DAG(s) dict_keys(['example_branch_datetime_operator', 'example_branch_datetime_operator_2', 'example_branch_datetime_operator_3']) retrieved from /home/airflow/.local/lib/python3.8/site-packages/airflow/example_dags/example_branch_datetime_operator.py
[2025-08-18T18:01:55.127+0000] {logging_mixin.py:151} INFO - [2025-08-18T18:01:55.127+0000] {dag.py:2941} INFO - Sync 3 DAGs
[2025-08-18T18:01:55.174+0000] {logging_mixin.py:151} INFO - [2025-08-18T18:01:55.174+0000] {dag.py:3722} INFO - Setting next_dagrun for example_branch_datetime_operator to 2025-08-17T00:00:00+00:00, run_after=2025-08-18T00:00:00+00:00
[2025-08-18T18:01:55.184+0000] {logging_mixin.py:151} INFO - [2025-08-18T18:01:55.184+0000] {dag.py:3722} INFO - Setting next_dagrun for example_branch_datetime_operator_2 to 2025-08-17T00:00:00+00:00, run_after=2025-08-18T00:00:00+00:00
[2025-08-18T18:01:55.188+0000] {logging_mixin.py:151} INFO - [2025-08-18T18:01:55.188+0000] {dag.py:3722} INFO - Setting next_dagrun for example_branch_datetime_operator_3 to 2025-08-17T00:00:00+00:00, run_after=2025-08-18T00:00:00+00:00
[2025-08-18T18:01:55.228+0000] {processor.py:179} INFO - Processing /home/airflow/.local/lib/python3.8/site-packages/airflow/example_dags/example_branch_datetime_operator.py took 0.192 seconds
[2025-08-18T18:02:25.393+0000] {processor.py:157} INFO - Started process (PID=559) to work on /home/airflow/.local/lib/python3.8/site-packages/airflow/example_dags/example_branch_datetime_operator.py
[2025-08-18T18:02:25.395+0000] {processor.py:829} INFO - Processing file /home/airflow/.local/lib/python3.8/site-packages/airflow/example_dags/example_branch_datetime_operator.py for tasks to queue
[2025-08-18T18:02:25.400+0000] {logging_mixin.py:151} INFO - [2025-08-18T18:02:25.399+0000] {dagbag.py:536} INFO - Filling up the DagBag from /home/airflow/.local/lib/python3.8/site-packages/airflow/example_dags/example_branch_datetime_operator.py
[2025-08-18T18:02:25.429+0000] {processor.py:839} INFO - DAG(s) dict_keys(['example_branch_datetime_operator', 'example_branch_datetime_operator_3', 'example_branch_datetime_operator_2']) retrieved from /home/airflow/.local/lib/python3.8/site-packages/airflow/example_dags/example_branch_datetime_operator.py
[2025-08-18T18:02:25.517+0000] {logging_mixin.py:151} INFO - [2025-08-18T18:02:25.516+0000] {dag.py:2941} INFO - Sync 3 DAGs
[2025-08-18T18:02:25.584+0000] {logging_mixin.py:151} INFO - [2025-08-18T18:02:25.584+0000] {dag.py:3722} INFO - Setting next_dagrun for example_branch_datetime_operator to 2025-08-17T00:00:00+00:00, run_after=2025-08-18T00:00:00+00:00
[2025-08-18T18:02:25.598+0000] {logging_mixin.py:151} INFO - [2025-08-18T18:02:25.598+0000] {dag.py:3722} INFO - Setting next_dagrun for example_branch_datetime_operator_2 to 2025-08-17T00:00:00+00:00, run_after=2025-08-18T00:00:00+00:00
[2025-08-18T18:02:25.604+0000] {logging_mixin.py:151} INFO - [2025-08-18T18:02:25.603+0000] {dag.py:3722} INFO - Setting next_dagrun for example_branch_datetime_operator_3 to 2025-08-17T00:00:00+00:00, run_after=2025-08-18T00:00:00+00:00
[2025-08-18T18:02:25.648+0000] {processor.py:179} INFO - Processing /home/airflow/.local/lib/python3.8/site-packages/airflow/example_dags/example_branch_datetime_operator.py took 0.268 seconds
[2025-08-18T18:02:56.176+0000] {processor.py:157} INFO - Started process (PID=613) to work on /home/airflow/.local/lib/python3.8/site-packages/airflow/example_dags/example_branch_datetime_operator.py
[2025-08-18T18:02:56.178+0000] {processor.py:829} INFO - Processing file /home/airflow/.local/lib/python3.8/site-packages/airflow/example_dags/example_branch_datetime_operator.py for tasks to queue
[2025-08-18T18:02:56.184+0000] {logging_mixin.py:151} INFO - [2025-08-18T18:02:56.183+0000] {dagbag.py:536} INFO - Filling up the DagBag from /home/airflow/.local/lib/python3.8/site-packages/airflow/example_dags/example_branch_datetime_operator.py
[2025-08-18T18:02:56.208+0000] {processor.py:839} INFO - DAG(s) dict_keys(['example_branch_datetime_operator', 'example_branch_datetime_operator_2', 'example_branch_datetime_operator_3']) retrieved from /home/airflow/.local/lib/python3.8/site-packages/airflow/example_dags/example_branch_datetime_operator.py
[2025-08-18T18:02:56.279+0000] {logging_mixin.py:151} INFO - [2025-08-18T18:02:56.278+0000] {dag.py:2941} INFO - Sync 3 DAGs
[2025-08-18T18:02:56.324+0000] {logging_mixin.py:151} INFO - [2025-08-18T18:02:56.324+0000] {dag.py:3722} INFO - Setting next_dagrun for example_branch_datetime_operator to 2025-08-17T00:00:00+00:00, run_after=2025-08-18T00:00:00+00:00
[2025-08-18T18:02:56.334+0000] {logging_mixin.py:151} INFO - [2025-08-18T18:02:56.333+0000] {dag.py:3722} INFO - Setting next_dagrun for example_branch_datetime_operator_2 to 2025-08-17T00:00:00+00:00, run_after=2025-08-18T00:00:00+00:00
[2025-08-18T18:02:56.341+0000] {logging_mixin.py:151} INFO - [2025-08-18T18:02:56.341+0000] {dag.py:3722} INFO - Setting next_dagrun for example_branch_datetime_operator_3 to 2025-08-17T00:00:00+00:00, run_after=2025-08-18T00:00:00+00:00
[2025-08-18T18:02:56.385+0000] {processor.py:179} INFO - Processing /home/airflow/.local/lib/python3.8/site-packages/airflow/example_dags/example_branch_datetime_operator.py took 0.216 seconds
[2025-08-18T18:03:26.844+0000] {processor.py:157} INFO - Started process (PID=668) to work on /home/airflow/.local/lib/python3.8/site-packages/airflow/example_dags/example_branch_datetime_operator.py
[2025-08-18T18:03:26.850+0000] {processor.py:829} INFO - Processing file /home/airflow/.local/lib/python3.8/site-packages/airflow/example_dags/example_branch_datetime_operator.py for tasks to queue
[2025-08-18T18:03:26.856+0000] {logging_mixin.py:151} INFO - [2025-08-18T18:03:26.856+0000] {dagbag.py:536} INFO - Filling up the DagBag from /home/airflow/.local/lib/python3.8/site-packages/airflow/example_dags/example_branch_datetime_operator.py
[2025-08-18T18:03:26.885+0000] {processor.py:839} INFO - DAG(s) dict_keys(['example_branch_datetime_operator_3', 'example_branch_datetime_operator', 'example_branch_datetime_operator_2']) retrieved from /home/airflow/.local/lib/python3.8/site-packages/airflow/example_dags/example_branch_datetime_operator.py
[2025-08-18T18:03:26.956+0000] {logging_mixin.py:151} INFO - [2025-08-18T18:03:26.955+0000] {dag.py:2941} INFO - Sync 3 DAGs
[2025-08-18T18:03:27.008+0000] {logging_mixin.py:151} INFO - [2025-08-18T18:03:27.008+0000] {dag.py:3722} INFO - Setting next_dagrun for example_branch_datetime_operator to 2025-08-17T00:00:00+00:00, run_after=2025-08-18T00:00:00+00:00
[2025-08-18T18:03:27.021+0000] {logging_mixin.py:151} INFO - [2025-08-18T18:03:27.021+0000] {dag.py:3722} INFO - Setting next_dagrun for example_branch_datetime_operator_2 to 2025-08-17T00:00:00+00:00, run_after=2025-08-18T00:00:00+00:00
[2025-08-18T18:03:27.025+0000] {logging_mixin.py:151} INFO - [2025-08-18T18:03:27.025+0000] {dag.py:3722} INFO - Setting next_dagrun for example_branch_datetime_operator_3 to 2025-08-17T00:00:00+00:00, run_after=2025-08-18T00:00:00+00:00
[2025-08-18T18:03:27.065+0000] {processor.py:179} INFO - Processing /home/airflow/.local/lib/python3.8/site-packages/airflow/example_dags/example_branch_datetime_operator.py took 0.230 seconds
[2025-08-18T18:03:58.013+0000] {processor.py:157} INFO - Started process (PID=722) to work on /home/airflow/.local/lib/python3.8/site-packages/airflow/example_dags/example_branch_datetime_operator.py
[2025-08-18T18:03:58.015+0000] {processor.py:829} INFO - Processing file /home/airflow/.local/lib/python3.8/site-packages/airflow/example_dags/example_branch_datetime_operator.py for tasks to queue
[2025-08-18T18:03:58.020+0000] {logging_mixin.py:151} INFO - [2025-08-18T18:03:58.020+0000] {dagbag.py:536} INFO - Filling up the DagBag from /home/airflow/.local/lib/python3.8/site-packages/airflow/example_dags/example_branch_datetime_operator.py
[2025-08-18T18:03:58.042+0000] {processor.py:839} INFO - DAG(s) dict_keys(['example_branch_datetime_operator_2', 'example_branch_datetime_operator_3', 'example_branch_datetime_operator']) retrieved from /home/airflow/.local/lib/python3.8/site-packages/airflow/example_dags/example_branch_datetime_operator.py
[2025-08-18T18:03:58.105+0000] {logging_mixin.py:151} INFO - [2025-08-18T18:03:58.105+0000] {dag.py:2941} INFO - Sync 3 DAGs
[2025-08-18T18:03:58.156+0000] {logging_mixin.py:151} INFO - [2025-08-18T18:03:58.155+0000] {dag.py:3722} INFO - Setting next_dagrun for example_branch_datetime_operator to 2025-08-17T00:00:00+00:00, run_after=2025-08-18T00:00:00+00:00
[2025-08-18T18:03:58.165+0000] {logging_mixin.py:151} INFO - [2025-08-18T18:03:58.165+0000] {dag.py:3722} INFO - Setting next_dagrun for example_branch_datetime_operator_2 to 2025-08-17T00:00:00+00:00, run_after=2025-08-18T00:00:00+00:00
[2025-08-18T18:03:58.171+0000] {logging_mixin.py:151} INFO - [2025-08-18T18:03:58.170+0000] {dag.py:3722} INFO - Setting next_dagrun for example_branch_datetime_operator_3 to 2025-08-17T00:00:00+00:00, run_after=2025-08-18T00:00:00+00:00
[2025-08-18T18:03:58.212+0000] {processor.py:179} INFO - Processing /home/airflow/.local/lib/python3.8/site-packages/airflow/example_dags/example_branch_datetime_operator.py took 0.211 seconds
[2025-08-18T18:04:28.258+0000] {processor.py:157} INFO - Started process (PID=776) to work on /home/airflow/.local/lib/python3.8/site-packages/airflow/example_dags/example_branch_datetime_operator.py
[2025-08-18T18:04:28.259+0000] {processor.py:829} INFO - Processing file /home/airflow/.local/lib/python3.8/site-packages/airflow/example_dags/example_branch_datetime_operator.py for tasks to queue
[2025-08-18T18:04:28.263+0000] {logging_mixin.py:151} INFO - [2025-08-18T18:04:28.263+0000] {dagbag.py:536} INFO - Filling up the DagBag from /home/airflow/.local/lib/python3.8/site-packages/airflow/example_dags/example_branch_datetime_operator.py
[2025-08-18T18:04:28.284+0000] {processor.py:839} INFO - DAG(s) dict_keys(['example_branch_datetime_operator_2', 'example_branch_datetime_operator', 'example_branch_datetime_operator_3']) retrieved from /home/airflow/.local/lib/python3.8/site-packages/airflow/example_dags/example_branch_datetime_operator.py
[2025-08-18T18:04:28.338+0000] {logging_mixin.py:151} INFO - [2025-08-18T18:04:28.338+0000] {dag.py:2941} INFO - Sync 3 DAGs
[2025-08-18T18:04:28.378+0000] {logging_mixin.py:151} INFO - [2025-08-18T18:04:28.378+0000] {dag.py:3722} INFO - Setting next_dagrun for example_branch_datetime_operator to 2025-08-17T00:00:00+00:00, run_after=2025-08-18T00:00:00+00:00
[2025-08-18T18:04:28.386+0000] {logging_mixin.py:151} INFO - [2025-08-18T18:04:28.386+0000] {dag.py:3722} INFO - Setting next_dagrun for example_branch_datetime_operator_2 to 2025-08-17T00:00:00+00:00, run_after=2025-08-18T00:00:00+00:00
[2025-08-18T18:04:28.390+0000] {logging_mixin.py:151} INFO - [2025-08-18T18:04:28.390+0000] {dag.py:3722} INFO - Setting next_dagrun for example_branch_datetime_operator_3 to 2025-08-17T00:00:00+00:00, run_after=2025-08-18T00:00:00+00:00
[2025-08-18T18:04:28.422+0000] {processor.py:179} INFO - Processing /home/airflow/.local/lib/python3.8/site-packages/airflow/example_dags/example_branch_datetime_operator.py took 0.172 seconds
[2025-08-18T18:04:58.591+0000] {processor.py:157} INFO - Started process (PID=831) to work on /home/airflow/.local/lib/python3.8/site-packages/airflow/example_dags/example_branch_datetime_operator.py
[2025-08-18T18:04:58.597+0000] {processor.py:829} INFO - Processing file /home/airflow/.local/lib/python3.8/site-packages/airflow/example_dags/example_branch_datetime_operator.py for tasks to queue
[2025-08-18T18:04:58.603+0000] {logging_mixin.py:151} INFO - [2025-08-18T18:04:58.602+0000] {dagbag.py:536} INFO - Filling up the DagBag from /home/airflow/.local/lib/python3.8/site-packages/airflow/example_dags/example_branch_datetime_operator.py
[2025-08-18T18:04:58.637+0000] {processor.py:839} INFO - DAG(s) dict_keys(['example_branch_datetime_operator', 'example_branch_datetime_operator_3', 'example_branch_datetime_operator_2']) retrieved from /home/airflow/.local/lib/python3.8/site-packages/airflow/example_dags/example_branch_datetime_operator.py
[2025-08-18T18:04:58.756+0000] {logging_mixin.py:151} INFO - [2025-08-18T18:04:58.756+0000] {dag.py:2941} INFO - Sync 3 DAGs
[2025-08-18T18:04:58.842+0000] {logging_mixin.py:151} INFO - [2025-08-18T18:04:58.841+0000] {dag.py:3722} INFO - Setting next_dagrun for example_branch_datetime_operator to 2025-08-17T00:00:00+00:00, run_after=2025-08-18T00:00:00+00:00
[2025-08-18T18:04:58.854+0000] {logging_mixin.py:151} INFO - [2025-08-18T18:04:58.854+0000] {dag.py:3722} INFO - Setting next_dagrun for example_branch_datetime_operator_2 to 2025-08-17T00:00:00+00:00, run_after=2025-08-18T00:00:00+00:00
[2025-08-18T18:04:58.859+0000] {logging_mixin.py:151} INFO - [2025-08-18T18:04:58.858+0000] {dag.py:3722} INFO - Setting next_dagrun for example_branch_datetime_operator_3 to 2025-08-17T00:00:00+00:00, run_after=2025-08-18T00:00:00+00:00
[2025-08-18T18:04:58.916+0000] {processor.py:179} INFO - Processing /home/airflow/.local/lib/python3.8/site-packages/airflow/example_dags/example_branch_datetime_operator.py took 0.350 seconds
