[2025-08-18T17:56:47.917+0000] {processor.py:157} INFO - Started process (PID=124) to work on /home/airflow/.local/lib/python3.8/site-packages/airflow/example_dags/example_branch_day_of_week_operator.py
[2025-08-18T17:56:47.936+0000] {processor.py:829} INFO - Processing file /home/airflow/.local/lib/python3.8/site-packages/airflow/example_dags/example_branch_day_of_week_operator.py for tasks to queue
[2025-08-18T17:56:47.997+0000] {logging_mixin.py:151} INFO - [2025-08-18T17:56:47.981+0000] {dagbag.py:536} INFO - Filling up the DagBag from /home/airflow/.local/lib/python3.8/site-packages/airflow/example_dags/example_branch_day_of_week_operator.py
[2025-08-18T17:56:48.267+0000] {processor.py:839} INFO - DAG(s) dict_keys(['example_weekday_branch_operator']) retrieved from /home/airflow/.local/lib/python3.8/site-packages/airflow/example_dags/example_branch_day_of_week_operator.py
[2025-08-18T17:56:48.373+0000] {logging_mixin.py:151} INFO - [2025-08-18T17:56:48.372+0000] {dag.py:2941} INFO - Sync 1 DAGs
[2025-08-18T17:56:48.599+0000] {logging_mixin.py:151} INFO - [2025-08-18T17:56:48.598+0000] {dag.py:3722} INFO - Setting next_dagrun for example_weekday_branch_operator to 2025-08-17T00:00:00+00:00, run_after=2025-08-18T00:00:00+00:00
[2025-08-18T17:56:48.782+0000] {processor.py:179} INFO - Processing /home/airflow/.local/lib/python3.8/site-packages/airflow/example_dags/example_branch_day_of_week_operator.py took 0.943 seconds
[2025-08-18T17:58:13.764+0000] {processor.py:157} INFO - Started process (PID=117) to work on /home/airflow/.local/lib/python3.8/site-packages/airflow/example_dags/example_branch_day_of_week_operator.py
[2025-08-18T17:58:13.771+0000] {processor.py:829} INFO - Processing file /home/airflow/.local/lib/python3.8/site-packages/airflow/example_dags/example_branch_day_of_week_operator.py for tasks to queue
[2025-08-18T17:58:13.785+0000] {logging_mixin.py:151} INFO - [2025-08-18T17:58:13.784+0000] {dagbag.py:536} INFO - Filling up the DagBag from /home/airflow/.local/lib/python3.8/site-packages/airflow/example_dags/example_branch_day_of_week_operator.py
[2025-08-18T17:58:13.824+0000] {processor.py:839} INFO - DAG(s) dict_keys(['example_weekday_branch_operator']) retrieved from /home/airflow/.local/lib/python3.8/site-packages/airflow/example_dags/example_branch_day_of_week_operator.py
[2025-08-18T17:58:13.962+0000] {logging_mixin.py:151} INFO - [2025-08-18T17:58:13.961+0000] {dag.py:2941} INFO - Sync 1 DAGs
[2025-08-18T17:58:14.191+0000] {logging_mixin.py:151} INFO - [2025-08-18T17:58:14.190+0000] {dag.py:3722} INFO - Setting next_dagrun for example_weekday_branch_operator to 2025-08-17T00:00:00+00:00, run_after=2025-08-18T00:00:00+00:00
[2025-08-18T17:58:14.295+0000] {processor.py:179} INFO - Processing /home/airflow/.local/lib/python3.8/site-packages/airflow/example_dags/example_branch_day_of_week_operator.py took 0.598 seconds
[2025-08-18T17:58:44.981+0000] {processor.py:157} INFO - Started process (PID=171) to work on /home/airflow/.local/lib/python3.8/site-packages/airflow/example_dags/example_branch_day_of_week_operator.py
[2025-08-18T17:58:44.983+0000] {processor.py:829} INFO - Processing file /home/airflow/.local/lib/python3.8/site-packages/airflow/example_dags/example_branch_day_of_week_operator.py for tasks to queue
[2025-08-18T17:58:44.986+0000] {logging_mixin.py:151} INFO - [2025-08-18T17:58:44.986+0000] {dagbag.py:536} INFO - Filling up the DagBag from /home/airflow/.local/lib/python3.8/site-packages/airflow/example_dags/example_branch_day_of_week_operator.py
[2025-08-18T17:58:44.998+0000] {processor.py:839} INFO - DAG(s) dict_keys(['example_weekday_branch_operator']) retrieved from /home/airflow/.local/lib/python3.8/site-packages/airflow/example_dags/example_branch_day_of_week_operator.py
[2025-08-18T17:58:45.035+0000] {logging_mixin.py:151} INFO - [2025-08-18T17:58:45.035+0000] {dag.py:2941} INFO - Sync 1 DAGs
[2025-08-18T17:58:45.069+0000] {logging_mixin.py:151} INFO - [2025-08-18T17:58:45.069+0000] {dag.py:3722} INFO - Setting next_dagrun for example_weekday_branch_operator to 2025-08-17T00:00:00+00:00, run_after=2025-08-18T00:00:00+00:00
[2025-08-18T17:58:45.106+0000] {processor.py:179} INFO - Processing /home/airflow/.local/lib/python3.8/site-packages/airflow/example_dags/example_branch_day_of_week_operator.py took 0.131 seconds
[2025-08-18T17:59:17.680+0000] {processor.py:157} INFO - Started process (PID=225) to work on /home/airflow/.local/lib/python3.8/site-packages/airflow/example_dags/example_branch_day_of_week_operator.py
[2025-08-18T17:59:17.684+0000] {processor.py:829} INFO - Processing file /home/airflow/.local/lib/python3.8/site-packages/airflow/example_dags/example_branch_day_of_week_operator.py for tasks to queue
[2025-08-18T17:59:17.697+0000] {logging_mixin.py:151} INFO - [2025-08-18T17:59:17.697+0000] {dagbag.py:536} INFO - Filling up the DagBag from /home/airflow/.local/lib/python3.8/site-packages/airflow/example_dags/example_branch_day_of_week_operator.py
[2025-08-18T17:59:17.748+0000] {processor.py:839} INFO - DAG(s) dict_keys(['example_weekday_branch_operator']) retrieved from /home/airflow/.local/lib/python3.8/site-packages/airflow/example_dags/example_branch_day_of_week_operator.py
[2025-08-18T17:59:17.933+0000] {logging_mixin.py:151} INFO - [2025-08-18T17:59:17.932+0000] {dag.py:2941} INFO - Sync 1 DAGs
[2025-08-18T17:59:18.133+0000] {logging_mixin.py:151} INFO - [2025-08-18T17:59:18.132+0000] {dag.py:3722} INFO - Setting next_dagrun for example_weekday_branch_operator to 2025-08-17T00:00:00+00:00, run_after=2025-08-18T00:00:00+00:00
[2025-08-18T17:59:18.338+0000] {processor.py:179} INFO - Processing /home/airflow/.local/lib/python3.8/site-packages/airflow/example_dags/example_branch_day_of_week_operator.py took 0.665 seconds
[2025-08-18T17:59:48.984+0000] {processor.py:157} INFO - Started process (PID=279) to work on /home/airflow/.local/lib/python3.8/site-packages/airflow/example_dags/example_branch_day_of_week_operator.py
[2025-08-18T17:59:48.986+0000] {processor.py:829} INFO - Processing file /home/airflow/.local/lib/python3.8/site-packages/airflow/example_dags/example_branch_day_of_week_operator.py for tasks to queue
[2025-08-18T17:59:48.989+0000] {logging_mixin.py:151} INFO - [2025-08-18T17:59:48.989+0000] {dagbag.py:536} INFO - Filling up the DagBag from /home/airflow/.local/lib/python3.8/site-packages/airflow/example_dags/example_branch_day_of_week_operator.py
[2025-08-18T17:59:49.001+0000] {processor.py:839} INFO - DAG(s) dict_keys(['example_weekday_branch_operator']) retrieved from /home/airflow/.local/lib/python3.8/site-packages/airflow/example_dags/example_branch_day_of_week_operator.py
[2025-08-18T17:59:49.030+0000] {logging_mixin.py:151} INFO - [2025-08-18T17:59:49.029+0000] {dag.py:2941} INFO - Sync 1 DAGs
[2025-08-18T17:59:49.060+0000] {logging_mixin.py:151} INFO - [2025-08-18T17:59:49.059+0000] {dag.py:3722} INFO - Setting next_dagrun for example_weekday_branch_operator to 2025-08-17T00:00:00+00:00, run_after=2025-08-18T00:00:00+00:00
[2025-08-18T17:59:49.101+0000] {processor.py:179} INFO - Processing /home/airflow/.local/lib/python3.8/site-packages/airflow/example_dags/example_branch_day_of_week_operator.py took 0.120 seconds
[2025-08-18T18:00:19.608+0000] {processor.py:157} INFO - Started process (PID=333) to work on /home/airflow/.local/lib/python3.8/site-packages/airflow/example_dags/example_branch_day_of_week_operator.py
[2025-08-18T18:00:19.610+0000] {processor.py:829} INFO - Processing file /home/airflow/.local/lib/python3.8/site-packages/airflow/example_dags/example_branch_day_of_week_operator.py for tasks to queue
[2025-08-18T18:00:19.614+0000] {logging_mixin.py:151} INFO - [2025-08-18T18:00:19.614+0000] {dagbag.py:536} INFO - Filling up the DagBag from /home/airflow/.local/lib/python3.8/site-packages/airflow/example_dags/example_branch_day_of_week_operator.py
[2025-08-18T18:00:19.628+0000] {processor.py:839} INFO - DAG(s) dict_keys(['example_weekday_branch_operator']) retrieved from /home/airflow/.local/lib/python3.8/site-packages/airflow/example_dags/example_branch_day_of_week_operator.py
[2025-08-18T18:00:19.672+0000] {logging_mixin.py:151} INFO - [2025-08-18T18:00:19.672+0000] {dag.py:2941} INFO - Sync 1 DAGs
[2025-08-18T18:00:19.712+0000] {logging_mixin.py:151} INFO - [2025-08-18T18:00:19.712+0000] {dag.py:3722} INFO - Setting next_dagrun for example_weekday_branch_operator to 2025-08-17T00:00:00+00:00, run_after=2025-08-18T00:00:00+00:00
[2025-08-18T18:00:19.757+0000] {processor.py:179} INFO - Processing /home/airflow/.local/lib/python3.8/site-packages/airflow/example_dags/example_branch_day_of_week_operator.py took 0.156 seconds
[2025-08-18T18:00:50.883+0000] {processor.py:157} INFO - Started process (PID=387) to work on /home/airflow/.local/lib/python3.8/site-packages/airflow/example_dags/example_branch_day_of_week_operator.py
[2025-08-18T18:00:50.885+0000] {processor.py:829} INFO - Processing file /home/airflow/.local/lib/python3.8/site-packages/airflow/example_dags/example_branch_day_of_week_operator.py for tasks to queue
[2025-08-18T18:00:50.894+0000] {logging_mixin.py:151} INFO - [2025-08-18T18:00:50.893+0000] {dagbag.py:536} INFO - Filling up the DagBag from /home/airflow/.local/lib/python3.8/site-packages/airflow/example_dags/example_branch_day_of_week_operator.py
[2025-08-18T18:00:50.920+0000] {processor.py:839} INFO - DAG(s) dict_keys(['example_weekday_branch_operator']) retrieved from /home/airflow/.local/lib/python3.8/site-packages/airflow/example_dags/example_branch_day_of_week_operator.py
[2025-08-18T18:00:51.006+0000] {logging_mixin.py:151} INFO - [2025-08-18T18:00:51.005+0000] {dag.py:2941} INFO - Sync 1 DAGs
[2025-08-18T18:00:51.099+0000] {logging_mixin.py:151} INFO - [2025-08-18T18:00:51.099+0000] {dag.py:3722} INFO - Setting next_dagrun for example_weekday_branch_operator to 2025-08-17T00:00:00+00:00, run_after=2025-08-18T00:00:00+00:00
[2025-08-18T18:00:51.162+0000] {processor.py:179} INFO - Processing /home/airflow/.local/lib/python3.8/site-packages/airflow/example_dags/example_branch_day_of_week_operator.py took 0.290 seconds
[2025-08-18T18:01:21.670+0000] {processor.py:157} INFO - Started process (PID=441) to work on /home/airflow/.local/lib/python3.8/site-packages/airflow/example_dags/example_branch_day_of_week_operator.py
[2025-08-18T18:01:21.674+0000] {processor.py:829} INFO - Processing file /home/airflow/.local/lib/python3.8/site-packages/airflow/example_dags/example_branch_day_of_week_operator.py for tasks to queue
[2025-08-18T18:01:21.678+0000] {logging_mixin.py:151} INFO - [2025-08-18T18:01:21.677+0000] {dagbag.py:536} INFO - Filling up the DagBag from /home/airflow/.local/lib/python3.8/site-packages/airflow/example_dags/example_branch_day_of_week_operator.py
[2025-08-18T18:01:21.689+0000] {processor.py:839} INFO - DAG(s) dict_keys(['example_weekday_branch_operator']) retrieved from /home/airflow/.local/lib/python3.8/site-packages/airflow/example_dags/example_branch_day_of_week_operator.py
[2025-08-18T18:01:21.783+0000] {logging_mixin.py:151} INFO - [2025-08-18T18:01:21.782+0000] {dag.py:2941} INFO - Sync 1 DAGs
[2025-08-18T18:01:21.839+0000] {logging_mixin.py:151} INFO - [2025-08-18T18:01:21.838+0000] {dag.py:3722} INFO - Setting next_dagrun for example_weekday_branch_operator to 2025-08-17T00:00:00+00:00, run_after=2025-08-18T00:00:00+00:00
[2025-08-18T18:01:21.888+0000] {processor.py:179} INFO - Processing /home/airflow/.local/lib/python3.8/site-packages/airflow/example_dags/example_branch_day_of_week_operator.py took 0.224 seconds
[2025-08-18T18:01:51.962+0000] {processor.py:157} INFO - Started process (PID=495) to work on /home/airflow/.local/lib/python3.8/site-packages/airflow/example_dags/example_branch_day_of_week_operator.py
[2025-08-18T18:01:51.964+0000] {processor.py:829} INFO - Processing file /home/airflow/.local/lib/python3.8/site-packages/airflow/example_dags/example_branch_day_of_week_operator.py for tasks to queue
[2025-08-18T18:01:51.968+0000] {logging_mixin.py:151} INFO - [2025-08-18T18:01:51.967+0000] {dagbag.py:536} INFO - Filling up the DagBag from /home/airflow/.local/lib/python3.8/site-packages/airflow/example_dags/example_branch_day_of_week_operator.py
[2025-08-18T18:01:51.982+0000] {processor.py:839} INFO - DAG(s) dict_keys(['example_weekday_branch_operator']) retrieved from /home/airflow/.local/lib/python3.8/site-packages/airflow/example_dags/example_branch_day_of_week_operator.py
[2025-08-18T18:01:52.021+0000] {logging_mixin.py:151} INFO - [2025-08-18T18:01:52.020+0000] {dag.py:2941} INFO - Sync 1 DAGs
[2025-08-18T18:01:52.063+0000] {logging_mixin.py:151} INFO - [2025-08-18T18:01:52.063+0000] {dag.py:3722} INFO - Setting next_dagrun for example_weekday_branch_operator to 2025-08-17T00:00:00+00:00, run_after=2025-08-18T00:00:00+00:00
[2025-08-18T18:01:52.106+0000] {processor.py:179} INFO - Processing /home/airflow/.local/lib/python3.8/site-packages/airflow/example_dags/example_branch_day_of_week_operator.py took 0.149 seconds
[2025-08-18T18:02:22.899+0000] {processor.py:157} INFO - Started process (PID=549) to work on /home/airflow/.local/lib/python3.8/site-packages/airflow/example_dags/example_branch_day_of_week_operator.py
[2025-08-18T18:02:22.901+0000] {processor.py:829} INFO - Processing file /home/airflow/.local/lib/python3.8/site-packages/airflow/example_dags/example_branch_day_of_week_operator.py for tasks to queue
[2025-08-18T18:02:22.905+0000] {logging_mixin.py:151} INFO - [2025-08-18T18:02:22.905+0000] {dagbag.py:536} INFO - Filling up the DagBag from /home/airflow/.local/lib/python3.8/site-packages/airflow/example_dags/example_branch_day_of_week_operator.py
[2025-08-18T18:02:22.922+0000] {processor.py:839} INFO - DAG(s) dict_keys(['example_weekday_branch_operator']) retrieved from /home/airflow/.local/lib/python3.8/site-packages/airflow/example_dags/example_branch_day_of_week_operator.py
[2025-08-18T18:02:22.981+0000] {logging_mixin.py:151} INFO - [2025-08-18T18:02:22.980+0000] {dag.py:2941} INFO - Sync 1 DAGs
[2025-08-18T18:02:23.043+0000] {logging_mixin.py:151} INFO - [2025-08-18T18:02:23.042+0000] {dag.py:3722} INFO - Setting next_dagrun for example_weekday_branch_operator to 2025-08-17T00:00:00+00:00, run_after=2025-08-18T00:00:00+00:00
[2025-08-18T18:02:23.101+0000] {processor.py:179} INFO - Processing /home/airflow/.local/lib/python3.8/site-packages/airflow/example_dags/example_branch_day_of_week_operator.py took 0.208 seconds
[2025-08-18T18:02:53.755+0000] {processor.py:157} INFO - Started process (PID=603) to work on /home/airflow/.local/lib/python3.8/site-packages/airflow/example_dags/example_branch_day_of_week_operator.py
[2025-08-18T18:02:53.757+0000] {processor.py:829} INFO - Processing file /home/airflow/.local/lib/python3.8/site-packages/airflow/example_dags/example_branch_day_of_week_operator.py for tasks to queue
[2025-08-18T18:02:53.762+0000] {logging_mixin.py:151} INFO - [2025-08-18T18:02:53.762+0000] {dagbag.py:536} INFO - Filling up the DagBag from /home/airflow/.local/lib/python3.8/site-packages/airflow/example_dags/example_branch_day_of_week_operator.py
[2025-08-18T18:02:53.780+0000] {processor.py:839} INFO - DAG(s) dict_keys(['example_weekday_branch_operator']) retrieved from /home/airflow/.local/lib/python3.8/site-packages/airflow/example_dags/example_branch_day_of_week_operator.py
[2025-08-18T18:02:53.836+0000] {logging_mixin.py:151} INFO - [2025-08-18T18:02:53.835+0000] {dag.py:2941} INFO - Sync 1 DAGs
[2025-08-18T18:02:53.889+0000] {logging_mixin.py:151} INFO - [2025-08-18T18:02:53.888+0000] {dag.py:3722} INFO - Setting next_dagrun for example_weekday_branch_operator to 2025-08-17T00:00:00+00:00, run_after=2025-08-18T00:00:00+00:00
[2025-08-18T18:02:53.942+0000] {processor.py:179} INFO - Processing /home/airflow/.local/lib/python3.8/site-packages/airflow/example_dags/example_branch_day_of_week_operator.py took 0.193 seconds
[2025-08-18T18:03:24.832+0000] {processor.py:157} INFO - Started process (PID=658) to work on /home/airflow/.local/lib/python3.8/site-packages/airflow/example_dags/example_branch_day_of_week_operator.py
[2025-08-18T18:03:24.834+0000] {processor.py:829} INFO - Processing file /home/airflow/.local/lib/python3.8/site-packages/airflow/example_dags/example_branch_day_of_week_operator.py for tasks to queue
[2025-08-18T18:03:24.838+0000] {logging_mixin.py:151} INFO - [2025-08-18T18:03:24.838+0000] {dagbag.py:536} INFO - Filling up the DagBag from /home/airflow/.local/lib/python3.8/site-packages/airflow/example_dags/example_branch_day_of_week_operator.py
[2025-08-18T18:03:24.851+0000] {processor.py:839} INFO - DAG(s) dict_keys(['example_weekday_branch_operator']) retrieved from /home/airflow/.local/lib/python3.8/site-packages/airflow/example_dags/example_branch_day_of_week_operator.py
[2025-08-18T18:03:24.893+0000] {logging_mixin.py:151} INFO - [2025-08-18T18:03:24.893+0000] {dag.py:2941} INFO - Sync 1 DAGs
[2025-08-18T18:03:24.939+0000] {logging_mixin.py:151} INFO - [2025-08-18T18:03:24.939+0000] {dag.py:3722} INFO - Setting next_dagrun for example_weekday_branch_operator to 2025-08-17T00:00:00+00:00, run_after=2025-08-18T00:00:00+00:00
[2025-08-18T18:03:24.979+0000] {processor.py:179} INFO - Processing /home/airflow/.local/lib/python3.8/site-packages/airflow/example_dags/example_branch_day_of_week_operator.py took 0.156 seconds
[2025-08-18T18:03:55.764+0000] {processor.py:157} INFO - Started process (PID=712) to work on /home/airflow/.local/lib/python3.8/site-packages/airflow/example_dags/example_branch_day_of_week_operator.py
[2025-08-18T18:03:55.767+0000] {processor.py:829} INFO - Processing file /home/airflow/.local/lib/python3.8/site-packages/airflow/example_dags/example_branch_day_of_week_operator.py for tasks to queue
[2025-08-18T18:03:55.771+0000] {logging_mixin.py:151} INFO - [2025-08-18T18:03:55.770+0000] {dagbag.py:536} INFO - Filling up the DagBag from /home/airflow/.local/lib/python3.8/site-packages/airflow/example_dags/example_branch_day_of_week_operator.py
[2025-08-18T18:03:55.786+0000] {processor.py:839} INFO - DAG(s) dict_keys(['example_weekday_branch_operator']) retrieved from /home/airflow/.local/lib/python3.8/site-packages/airflow/example_dags/example_branch_day_of_week_operator.py
[2025-08-18T18:03:55.829+0000] {logging_mixin.py:151} INFO - [2025-08-18T18:03:55.829+0000] {dag.py:2941} INFO - Sync 1 DAGs
[2025-08-18T18:03:55.871+0000] {logging_mixin.py:151} INFO - [2025-08-18T18:03:55.871+0000] {dag.py:3722} INFO - Setting next_dagrun for example_weekday_branch_operator to 2025-08-17T00:00:00+00:00, run_after=2025-08-18T00:00:00+00:00
[2025-08-18T18:03:55.909+0000] {processor.py:179} INFO - Processing /home/airflow/.local/lib/python3.8/site-packages/airflow/example_dags/example_branch_day_of_week_operator.py took 0.151 seconds
[2025-08-18T18:04:26.296+0000] {processor.py:157} INFO - Started process (PID=766) to work on /home/airflow/.local/lib/python3.8/site-packages/airflow/example_dags/example_branch_day_of_week_operator.py
[2025-08-18T18:04:26.298+0000] {processor.py:829} INFO - Processing file /home/airflow/.local/lib/python3.8/site-packages/airflow/example_dags/example_branch_day_of_week_operator.py for tasks to queue
[2025-08-18T18:04:26.301+0000] {logging_mixin.py:151} INFO - [2025-08-18T18:04:26.301+0000] {dagbag.py:536} INFO - Filling up the DagBag from /home/airflow/.local/lib/python3.8/site-packages/airflow/example_dags/example_branch_day_of_week_operator.py
[2025-08-18T18:04:26.314+0000] {processor.py:839} INFO - DAG(s) dict_keys(['example_weekday_branch_operator']) retrieved from /home/airflow/.local/lib/python3.8/site-packages/airflow/example_dags/example_branch_day_of_week_operator.py
[2025-08-18T18:04:26.353+0000] {logging_mixin.py:151} INFO - [2025-08-18T18:04:26.353+0000] {dag.py:2941} INFO - Sync 1 DAGs
[2025-08-18T18:04:26.392+0000] {logging_mixin.py:151} INFO - [2025-08-18T18:04:26.391+0000] {dag.py:3722} INFO - Setting next_dagrun for example_weekday_branch_operator to 2025-08-17T00:00:00+00:00, run_after=2025-08-18T00:00:00+00:00
[2025-08-18T18:04:26.424+0000] {processor.py:179} INFO - Processing /home/airflow/.local/lib/python3.8/site-packages/airflow/example_dags/example_branch_day_of_week_operator.py took 0.133 seconds
[2025-08-18T18:04:57.030+0000] {processor.py:157} INFO - Started process (PID=820) to work on /home/airflow/.local/lib/python3.8/site-packages/airflow/example_dags/example_branch_day_of_week_operator.py
[2025-08-18T18:04:57.032+0000] {processor.py:829} INFO - Processing file /home/airflow/.local/lib/python3.8/site-packages/airflow/example_dags/example_branch_day_of_week_operator.py for tasks to queue
[2025-08-18T18:04:57.037+0000] {logging_mixin.py:151} INFO - [2025-08-18T18:04:57.036+0000] {dagbag.py:536} INFO - Filling up the DagBag from /home/airflow/.local/lib/python3.8/site-packages/airflow/example_dags/example_branch_day_of_week_operator.py
[2025-08-18T18:04:57.054+0000] {processor.py:839} INFO - DAG(s) dict_keys(['example_weekday_branch_operator']) retrieved from /home/airflow/.local/lib/python3.8/site-packages/airflow/example_dags/example_branch_day_of_week_operator.py
[2025-08-18T18:04:57.118+0000] {logging_mixin.py:151} INFO - [2025-08-18T18:04:57.117+0000] {dag.py:2941} INFO - Sync 1 DAGs
[2025-08-18T18:04:57.174+0000] {logging_mixin.py:151} INFO - [2025-08-18T18:04:57.174+0000] {dag.py:3722} INFO - Setting next_dagrun for example_weekday_branch_operator to 2025-08-17T00:00:00+00:00, run_after=2025-08-18T00:00:00+00:00
[2025-08-18T18:04:57.223+0000] {processor.py:179} INFO - Processing /home/airflow/.local/lib/python3.8/site-packages/airflow/example_dags/example_branch_day_of_week_operator.py took 0.200 seconds
