[2025-08-18T17:56:48.350+0000] {processor.py:157} INFO - Started process (PID=125) to work on /home/airflow/.local/lib/python3.8/site-packages/airflow/example_dags/example_datasets.py
[2025-08-18T17:56:48.353+0000] {processor.py:829} INFO - Processing file /home/airflow/.local/lib/python3.8/site-packages/airflow/example_dags/example_datasets.py for tasks to queue
[2025-08-18T17:56:48.404+0000] {logging_mixin.py:151} INFO - [2025-08-18T17:56:48.402+0000] {dagbag.py:536} INFO - Filling up the DagBag from /home/airflow/.local/lib/python3.8/site-packages/airflow/example_dags/example_datasets.py
[2025-08-18T17:56:48.547+0000] {processor.py:839} INFO - DAG(s) dict_keys(['dataset_produces_1', 'dataset_consumes_unknown_never_scheduled', 'dataset_produces_2', 'dataset_consumes_1', 'dataset_consumes_1_never_scheduled', 'dataset_consumes_1_and_2']) retrieved from /home/airflow/.local/lib/python3.8/site-packages/airflow/example_dags/example_datasets.py
[2025-08-18T17:56:49.099+0000] {logging_mixin.py:151} INFO - [2025-08-18T17:56:49.098+0000] {dag.py:2941} INFO - Sync 6 DAGs
[2025-08-18T17:56:49.577+0000] {logging_mixin.py:151} INFO - [2025-08-18T17:56:49.576+0000] {dag.py:3722} INFO - Setting next_dagrun for dataset_consumes_1 to None, run_after=None
[2025-08-18T17:56:49.662+0000] {logging_mixin.py:151} INFO - [2025-08-18T17:56:49.662+0000] {dag.py:3722} INFO - Setting next_dagrun for dataset_consumes_1_and_2 to None, run_after=None
[2025-08-18T17:56:49.672+0000] {logging_mixin.py:151} INFO - [2025-08-18T17:56:49.672+0000] {dag.py:3722} INFO - Setting next_dagrun for dataset_consumes_1_never_scheduled to None, run_after=None
[2025-08-18T17:56:49.676+0000] {logging_mixin.py:151} INFO - [2025-08-18T17:56:49.675+0000] {dag.py:3722} INFO - Setting next_dagrun for dataset_consumes_unknown_never_scheduled to None, run_after=None
[2025-08-18T17:56:49.681+0000] {logging_mixin.py:151} INFO - [2025-08-18T17:56:49.680+0000] {dag.py:3722} INFO - Setting next_dagrun for dataset_produces_1 to 2025-08-17T00:00:00+00:00, run_after=2025-08-18T00:00:00+00:00
[2025-08-18T17:56:49.686+0000] {logging_mixin.py:151} INFO - [2025-08-18T17:56:49.686+0000] {dag.py:3722} INFO - Setting next_dagrun for dataset_produces_2 to None, run_after=None
[2025-08-18T17:56:49.948+0000] {processor.py:179} INFO - Processing /home/airflow/.local/lib/python3.8/site-packages/airflow/example_dags/example_datasets.py took 1.611 seconds
[2025-08-18T17:58:13.794+0000] {processor.py:157} INFO - Started process (PID=118) to work on /home/airflow/.local/lib/python3.8/site-packages/airflow/example_dags/example_datasets.py
[2025-08-18T17:58:13.849+0000] {processor.py:829} INFO - Processing file /home/airflow/.local/lib/python3.8/site-packages/airflow/example_dags/example_datasets.py for tasks to queue
[2025-08-18T17:58:13.908+0000] {logging_mixin.py:151} INFO - [2025-08-18T17:58:13.906+0000] {dagbag.py:536} INFO - Filling up the DagBag from /home/airflow/.local/lib/python3.8/site-packages/airflow/example_dags/example_datasets.py
[2025-08-18T17:58:14.011+0000] {processor.py:839} INFO - DAG(s) dict_keys(['dataset_consumes_1_and_2', 'dataset_produces_2', 'dataset_produces_1', 'dataset_consumes_unknown_never_scheduled', 'dataset_consumes_1_never_scheduled', 'dataset_consumes_1']) retrieved from /home/airflow/.local/lib/python3.8/site-packages/airflow/example_dags/example_datasets.py
[2025-08-18T17:58:14.193+0000] {logging_mixin.py:151} INFO - [2025-08-18T17:58:14.193+0000] {dag.py:2941} INFO - Sync 6 DAGs
[2025-08-18T17:58:14.338+0000] {logging_mixin.py:151} INFO - [2025-08-18T17:58:14.338+0000] {dag.py:3722} INFO - Setting next_dagrun for dataset_consumes_1 to None, run_after=None
[2025-08-18T17:58:14.356+0000] {logging_mixin.py:151} INFO - [2025-08-18T17:58:14.356+0000] {dag.py:3722} INFO - Setting next_dagrun for dataset_consumes_1_and_2 to None, run_after=None
[2025-08-18T17:58:14.361+0000] {logging_mixin.py:151} INFO - [2025-08-18T17:58:14.360+0000] {dag.py:3722} INFO - Setting next_dagrun for dataset_consumes_1_never_scheduled to None, run_after=None
[2025-08-18T17:58:14.366+0000] {logging_mixin.py:151} INFO - [2025-08-18T17:58:14.365+0000] {dag.py:3722} INFO - Setting next_dagrun for dataset_consumes_unknown_never_scheduled to None, run_after=None
[2025-08-18T17:58:14.379+0000] {logging_mixin.py:151} INFO - [2025-08-18T17:58:14.377+0000] {dag.py:3722} INFO - Setting next_dagrun for dataset_produces_1 to 2025-08-17T00:00:00+00:00, run_after=2025-08-18T00:00:00+00:00
[2025-08-18T17:58:14.384+0000] {logging_mixin.py:151} INFO - [2025-08-18T17:58:14.383+0000] {dag.py:3722} INFO - Setting next_dagrun for dataset_produces_2 to None, run_after=None
[2025-08-18T17:58:14.533+0000] {processor.py:179} INFO - Processing /home/airflow/.local/lib/python3.8/site-packages/airflow/example_dags/example_datasets.py took 0.748 seconds
[2025-08-18T17:58:44.991+0000] {processor.py:157} INFO - Started process (PID=172) to work on /home/airflow/.local/lib/python3.8/site-packages/airflow/example_dags/example_datasets.py
[2025-08-18T17:58:44.992+0000] {processor.py:829} INFO - Processing file /home/airflow/.local/lib/python3.8/site-packages/airflow/example_dags/example_datasets.py for tasks to queue
[2025-08-18T17:58:44.995+0000] {logging_mixin.py:151} INFO - [2025-08-18T17:58:44.995+0000] {dagbag.py:536} INFO - Filling up the DagBag from /home/airflow/.local/lib/python3.8/site-packages/airflow/example_dags/example_datasets.py
[2025-08-18T17:58:45.009+0000] {processor.py:839} INFO - DAG(s) dict_keys(['dataset_consumes_unknown_never_scheduled', 'dataset_consumes_1', 'dataset_consumes_1_and_2', 'dataset_produces_2', 'dataset_produces_1', 'dataset_consumes_1_never_scheduled']) retrieved from /home/airflow/.local/lib/python3.8/site-packages/airflow/example_dags/example_datasets.py
[2025-08-18T17:58:45.075+0000] {logging_mixin.py:151} INFO - [2025-08-18T17:58:45.075+0000] {dag.py:2941} INFO - Sync 6 DAGs
[2025-08-18T17:58:45.110+0000] {logging_mixin.py:151} INFO - [2025-08-18T17:58:45.110+0000] {dag.py:3722} INFO - Setting next_dagrun for dataset_consumes_1 to None, run_after=None
[2025-08-18T17:58:45.116+0000] {logging_mixin.py:151} INFO - [2025-08-18T17:58:45.116+0000] {dag.py:3722} INFO - Setting next_dagrun for dataset_consumes_1_and_2 to None, run_after=None
[2025-08-18T17:58:45.119+0000] {logging_mixin.py:151} INFO - [2025-08-18T17:58:45.118+0000] {dag.py:3722} INFO - Setting next_dagrun for dataset_consumes_1_never_scheduled to None, run_after=None
[2025-08-18T17:58:45.120+0000] {logging_mixin.py:151} INFO - [2025-08-18T17:58:45.120+0000] {dag.py:3722} INFO - Setting next_dagrun for dataset_consumes_unknown_never_scheduled to None, run_after=None
[2025-08-18T17:58:45.124+0000] {logging_mixin.py:151} INFO - [2025-08-18T17:58:45.124+0000] {dag.py:3722} INFO - Setting next_dagrun for dataset_produces_1 to 2025-08-17T00:00:00+00:00, run_after=2025-08-18T00:00:00+00:00
[2025-08-18T17:58:45.126+0000] {logging_mixin.py:151} INFO - [2025-08-18T17:58:45.126+0000] {dag.py:3722} INFO - Setting next_dagrun for dataset_produces_2 to None, run_after=None
[2025-08-18T17:58:45.199+0000] {processor.py:179} INFO - Processing /home/airflow/.local/lib/python3.8/site-packages/airflow/example_dags/example_datasets.py took 0.212 seconds
[2025-08-18T17:59:17.862+0000] {processor.py:157} INFO - Started process (PID=226) to work on /home/airflow/.local/lib/python3.8/site-packages/airflow/example_dags/example_datasets.py
[2025-08-18T17:59:17.988+0000] {processor.py:829} INFO - Processing file /home/airflow/.local/lib/python3.8/site-packages/airflow/example_dags/example_datasets.py for tasks to queue
[2025-08-18T17:59:17.993+0000] {logging_mixin.py:151} INFO - [2025-08-18T17:59:17.993+0000] {dagbag.py:536} INFO - Filling up the DagBag from /home/airflow/.local/lib/python3.8/site-packages/airflow/example_dags/example_datasets.py
[2025-08-18T17:59:18.059+0000] {processor.py:839} INFO - DAG(s) dict_keys(['dataset_produces_1', 'dataset_consumes_1_never_scheduled', 'dataset_consumes_1_and_2', 'dataset_consumes_1', 'dataset_produces_2', 'dataset_consumes_unknown_never_scheduled']) retrieved from /home/airflow/.local/lib/python3.8/site-packages/airflow/example_dags/example_datasets.py
[2025-08-18T17:59:18.538+0000] {logging_mixin.py:151} INFO - [2025-08-18T17:59:18.537+0000] {dag.py:2941} INFO - Sync 6 DAGs
[2025-08-18T17:59:18.668+0000] {logging_mixin.py:151} INFO - [2025-08-18T17:59:18.667+0000] {dag.py:3722} INFO - Setting next_dagrun for dataset_consumes_1 to None, run_after=None
[2025-08-18T17:59:18.679+0000] {logging_mixin.py:151} INFO - [2025-08-18T17:59:18.678+0000] {dag.py:3722} INFO - Setting next_dagrun for dataset_consumes_1_and_2 to None, run_after=None
[2025-08-18T17:59:18.686+0000] {logging_mixin.py:151} INFO - [2025-08-18T17:59:18.686+0000] {dag.py:3722} INFO - Setting next_dagrun for dataset_consumes_1_never_scheduled to None, run_after=None
[2025-08-18T17:59:18.691+0000] {logging_mixin.py:151} INFO - [2025-08-18T17:59:18.690+0000] {dag.py:3722} INFO - Setting next_dagrun for dataset_consumes_unknown_never_scheduled to None, run_after=None
[2025-08-18T17:59:18.707+0000] {logging_mixin.py:151} INFO - [2025-08-18T17:59:18.706+0000] {dag.py:3722} INFO - Setting next_dagrun for dataset_produces_1 to 2025-08-17T00:00:00+00:00, run_after=2025-08-18T00:00:00+00:00
[2025-08-18T17:59:18.722+0000] {logging_mixin.py:151} INFO - [2025-08-18T17:59:18.721+0000] {dag.py:3722} INFO - Setting next_dagrun for dataset_produces_2 to None, run_after=None
[2025-08-18T17:59:18.894+0000] {processor.py:179} INFO - Processing /home/airflow/.local/lib/python3.8/site-packages/airflow/example_dags/example_datasets.py took 1.056 seconds
[2025-08-18T17:59:48.994+0000] {processor.py:157} INFO - Started process (PID=280) to work on /home/airflow/.local/lib/python3.8/site-packages/airflow/example_dags/example_datasets.py
[2025-08-18T17:59:48.996+0000] {processor.py:829} INFO - Processing file /home/airflow/.local/lib/python3.8/site-packages/airflow/example_dags/example_datasets.py for tasks to queue
[2025-08-18T17:59:48.999+0000] {logging_mixin.py:151} INFO - [2025-08-18T17:59:48.998+0000] {dagbag.py:536} INFO - Filling up the DagBag from /home/airflow/.local/lib/python3.8/site-packages/airflow/example_dags/example_datasets.py
[2025-08-18T17:59:49.011+0000] {processor.py:839} INFO - DAG(s) dict_keys(['dataset_consumes_1', 'dataset_produces_2', 'dataset_consumes_1_and_2', 'dataset_consumes_unknown_never_scheduled', 'dataset_produces_1', 'dataset_consumes_1_never_scheduled']) retrieved from /home/airflow/.local/lib/python3.8/site-packages/airflow/example_dags/example_datasets.py
[2025-08-18T17:59:49.060+0000] {logging_mixin.py:151} INFO - [2025-08-18T17:59:49.060+0000] {dag.py:2941} INFO - Sync 6 DAGs
[2025-08-18T17:59:49.105+0000] {logging_mixin.py:151} INFO - [2025-08-18T17:59:49.104+0000] {dag.py:3722} INFO - Setting next_dagrun for dataset_consumes_1 to None, run_after=None
[2025-08-18T17:59:49.115+0000] {logging_mixin.py:151} INFO - [2025-08-18T17:59:49.114+0000] {dag.py:3722} INFO - Setting next_dagrun for dataset_consumes_1_and_2 to None, run_after=None
[2025-08-18T17:59:49.118+0000] {logging_mixin.py:151} INFO - [2025-08-18T17:59:49.117+0000] {dag.py:3722} INFO - Setting next_dagrun for dataset_consumes_1_never_scheduled to None, run_after=None
[2025-08-18T17:59:49.120+0000] {logging_mixin.py:151} INFO - [2025-08-18T17:59:49.120+0000] {dag.py:3722} INFO - Setting next_dagrun for dataset_consumes_unknown_never_scheduled to None, run_after=None
[2025-08-18T17:59:49.124+0000] {logging_mixin.py:151} INFO - [2025-08-18T17:59:49.124+0000] {dag.py:3722} INFO - Setting next_dagrun for dataset_produces_1 to 2025-08-17T00:00:00+00:00, run_after=2025-08-18T00:00:00+00:00
[2025-08-18T17:59:49.126+0000] {logging_mixin.py:151} INFO - [2025-08-18T17:59:49.126+0000] {dag.py:3722} INFO - Setting next_dagrun for dataset_produces_2 to None, run_after=None
[2025-08-18T17:59:49.183+0000] {processor.py:179} INFO - Processing /home/airflow/.local/lib/python3.8/site-packages/airflow/example_dags/example_datasets.py took 0.194 seconds
[2025-08-18T18:00:19.620+0000] {processor.py:157} INFO - Started process (PID=334) to work on /home/airflow/.local/lib/python3.8/site-packages/airflow/example_dags/example_datasets.py
[2025-08-18T18:00:19.622+0000] {processor.py:829} INFO - Processing file /home/airflow/.local/lib/python3.8/site-packages/airflow/example_dags/example_datasets.py for tasks to queue
[2025-08-18T18:00:19.626+0000] {logging_mixin.py:151} INFO - [2025-08-18T18:00:19.625+0000] {dagbag.py:536} INFO - Filling up the DagBag from /home/airflow/.local/lib/python3.8/site-packages/airflow/example_dags/example_datasets.py
[2025-08-18T18:00:19.645+0000] {processor.py:839} INFO - DAG(s) dict_keys(['dataset_produces_2', 'dataset_produces_1', 'dataset_consumes_unknown_never_scheduled', 'dataset_consumes_1', 'dataset_consumes_1_never_scheduled', 'dataset_consumes_1_and_2']) retrieved from /home/airflow/.local/lib/python3.8/site-packages/airflow/example_dags/example_datasets.py
[2025-08-18T18:00:19.717+0000] {logging_mixin.py:151} INFO - [2025-08-18T18:00:19.716+0000] {dag.py:2941} INFO - Sync 6 DAGs
[2025-08-18T18:00:19.761+0000] {logging_mixin.py:151} INFO - [2025-08-18T18:00:19.760+0000] {dag.py:3722} INFO - Setting next_dagrun for dataset_consumes_1 to None, run_after=None
[2025-08-18T18:00:19.766+0000] {logging_mixin.py:151} INFO - [2025-08-18T18:00:19.766+0000] {dag.py:3722} INFO - Setting next_dagrun for dataset_consumes_1_and_2 to None, run_after=None
[2025-08-18T18:00:19.768+0000] {logging_mixin.py:151} INFO - [2025-08-18T18:00:19.768+0000] {dag.py:3722} INFO - Setting next_dagrun for dataset_consumes_1_never_scheduled to None, run_after=None
[2025-08-18T18:00:19.771+0000] {logging_mixin.py:151} INFO - [2025-08-18T18:00:19.770+0000] {dag.py:3722} INFO - Setting next_dagrun for dataset_consumes_unknown_never_scheduled to None, run_after=None
[2025-08-18T18:00:19.781+0000] {logging_mixin.py:151} INFO - [2025-08-18T18:00:19.781+0000] {dag.py:3722} INFO - Setting next_dagrun for dataset_produces_1 to 2025-08-17T00:00:00+00:00, run_after=2025-08-18T00:00:00+00:00
[2025-08-18T18:00:19.784+0000] {logging_mixin.py:151} INFO - [2025-08-18T18:00:19.783+0000] {dag.py:3722} INFO - Setting next_dagrun for dataset_produces_2 to None, run_after=None
[2025-08-18T18:00:19.841+0000] {processor.py:179} INFO - Processing /home/airflow/.local/lib/python3.8/site-packages/airflow/example_dags/example_datasets.py took 0.227 seconds
[2025-08-18T18:00:51.136+0000] {processor.py:157} INFO - Started process (PID=388) to work on /home/airflow/.local/lib/python3.8/site-packages/airflow/example_dags/example_datasets.py
[2025-08-18T18:00:51.141+0000] {processor.py:829} INFO - Processing file /home/airflow/.local/lib/python3.8/site-packages/airflow/example_dags/example_datasets.py for tasks to queue
[2025-08-18T18:00:51.149+0000] {logging_mixin.py:151} INFO - [2025-08-18T18:00:51.148+0000] {dagbag.py:536} INFO - Filling up the DagBag from /home/airflow/.local/lib/python3.8/site-packages/airflow/example_dags/example_datasets.py
[2025-08-18T18:00:51.191+0000] {processor.py:839} INFO - DAG(s) dict_keys(['dataset_consumes_1_and_2', 'dataset_consumes_unknown_never_scheduled', 'dataset_consumes_1', 'dataset_consumes_1_never_scheduled', 'dataset_produces_1', 'dataset_produces_2']) retrieved from /home/airflow/.local/lib/python3.8/site-packages/airflow/example_dags/example_datasets.py
[2025-08-18T18:00:51.329+0000] {logging_mixin.py:151} INFO - [2025-08-18T18:00:51.327+0000] {dag.py:2941} INFO - Sync 6 DAGs
[2025-08-18T18:00:51.414+0000] {logging_mixin.py:151} INFO - [2025-08-18T18:00:51.413+0000] {dag.py:3722} INFO - Setting next_dagrun for dataset_consumes_1 to None, run_after=None
[2025-08-18T18:00:51.424+0000] {logging_mixin.py:151} INFO - [2025-08-18T18:00:51.424+0000] {dag.py:3722} INFO - Setting next_dagrun for dataset_consumes_1_and_2 to None, run_after=None
[2025-08-18T18:00:51.428+0000] {logging_mixin.py:151} INFO - [2025-08-18T18:00:51.428+0000] {dag.py:3722} INFO - Setting next_dagrun for dataset_consumes_1_never_scheduled to None, run_after=None
[2025-08-18T18:00:51.434+0000] {logging_mixin.py:151} INFO - [2025-08-18T18:00:51.433+0000] {dag.py:3722} INFO - Setting next_dagrun for dataset_consumes_unknown_never_scheduled to None, run_after=None
[2025-08-18T18:00:51.443+0000] {logging_mixin.py:151} INFO - [2025-08-18T18:00:51.443+0000] {dag.py:3722} INFO - Setting next_dagrun for dataset_produces_1 to 2025-08-17T00:00:00+00:00, run_after=2025-08-18T00:00:00+00:00
[2025-08-18T18:00:51.450+0000] {logging_mixin.py:151} INFO - [2025-08-18T18:00:51.449+0000] {dag.py:3722} INFO - Setting next_dagrun for dataset_produces_2 to None, run_after=None
[2025-08-18T18:00:51.577+0000] {processor.py:179} INFO - Processing /home/airflow/.local/lib/python3.8/site-packages/airflow/example_dags/example_datasets.py took 0.451 seconds
[2025-08-18T18:01:21.795+0000] {processor.py:157} INFO - Started process (PID=442) to work on /home/airflow/.local/lib/python3.8/site-packages/airflow/example_dags/example_datasets.py
[2025-08-18T18:01:21.797+0000] {processor.py:829} INFO - Processing file /home/airflow/.local/lib/python3.8/site-packages/airflow/example_dags/example_datasets.py for tasks to queue
[2025-08-18T18:01:21.802+0000] {logging_mixin.py:151} INFO - [2025-08-18T18:01:21.801+0000] {dagbag.py:536} INFO - Filling up the DagBag from /home/airflow/.local/lib/python3.8/site-packages/airflow/example_dags/example_datasets.py
[2025-08-18T18:01:21.825+0000] {processor.py:839} INFO - DAG(s) dict_keys(['dataset_consumes_1_and_2', 'dataset_produces_2', 'dataset_produces_1', 'dataset_consumes_1_never_scheduled', 'dataset_consumes_unknown_never_scheduled', 'dataset_consumes_1']) retrieved from /home/airflow/.local/lib/python3.8/site-packages/airflow/example_dags/example_datasets.py
[2025-08-18T18:01:21.915+0000] {logging_mixin.py:151} INFO - [2025-08-18T18:01:21.915+0000] {dag.py:2941} INFO - Sync 6 DAGs
[2025-08-18T18:01:21.968+0000] {logging_mixin.py:151} INFO - [2025-08-18T18:01:21.967+0000] {dag.py:3722} INFO - Setting next_dagrun for dataset_consumes_1 to None, run_after=None
[2025-08-18T18:01:21.973+0000] {logging_mixin.py:151} INFO - [2025-08-18T18:01:21.973+0000] {dag.py:3722} INFO - Setting next_dagrun for dataset_consumes_1_and_2 to None, run_after=None
[2025-08-18T18:01:21.975+0000] {logging_mixin.py:151} INFO - [2025-08-18T18:01:21.975+0000] {dag.py:3722} INFO - Setting next_dagrun for dataset_consumes_1_never_scheduled to None, run_after=None
[2025-08-18T18:01:21.977+0000] {logging_mixin.py:151} INFO - [2025-08-18T18:01:21.977+0000] {dag.py:3722} INFO - Setting next_dagrun for dataset_consumes_unknown_never_scheduled to None, run_after=None
[2025-08-18T18:01:21.982+0000] {logging_mixin.py:151} INFO - [2025-08-18T18:01:21.982+0000] {dag.py:3722} INFO - Setting next_dagrun for dataset_produces_1 to 2025-08-17T00:00:00+00:00, run_after=2025-08-18T00:00:00+00:00
[2025-08-18T18:01:21.984+0000] {logging_mixin.py:151} INFO - [2025-08-18T18:01:21.984+0000] {dag.py:3722} INFO - Setting next_dagrun for dataset_produces_2 to None, run_after=None
[2025-08-18T18:01:22.049+0000] {processor.py:179} INFO - Processing /home/airflow/.local/lib/python3.8/site-packages/airflow/example_dags/example_datasets.py took 0.264 seconds
[2025-08-18T18:01:52.148+0000] {processor.py:157} INFO - Started process (PID=496) to work on /home/airflow/.local/lib/python3.8/site-packages/airflow/example_dags/example_datasets.py
[2025-08-18T18:01:52.151+0000] {processor.py:829} INFO - Processing file /home/airflow/.local/lib/python3.8/site-packages/airflow/example_dags/example_datasets.py for tasks to queue
[2025-08-18T18:01:52.156+0000] {logging_mixin.py:151} INFO - [2025-08-18T18:01:52.155+0000] {dagbag.py:536} INFO - Filling up the DagBag from /home/airflow/.local/lib/python3.8/site-packages/airflow/example_dags/example_datasets.py
[2025-08-18T18:01:52.182+0000] {processor.py:839} INFO - DAG(s) dict_keys(['dataset_consumes_1_never_scheduled', 'dataset_produces_1', 'dataset_consumes_unknown_never_scheduled', 'dataset_produces_2', 'dataset_consumes_1', 'dataset_consumes_1_and_2']) retrieved from /home/airflow/.local/lib/python3.8/site-packages/airflow/example_dags/example_datasets.py
[2025-08-18T18:01:52.271+0000] {logging_mixin.py:151} INFO - [2025-08-18T18:01:52.271+0000] {dag.py:2941} INFO - Sync 6 DAGs
[2025-08-18T18:01:52.313+0000] {logging_mixin.py:151} INFO - [2025-08-18T18:01:52.313+0000] {dag.py:3722} INFO - Setting next_dagrun for dataset_consumes_1 to None, run_after=None
[2025-08-18T18:01:52.322+0000] {logging_mixin.py:151} INFO - [2025-08-18T18:01:52.321+0000] {dag.py:3722} INFO - Setting next_dagrun for dataset_consumes_1_and_2 to None, run_after=None
[2025-08-18T18:01:52.327+0000] {logging_mixin.py:151} INFO - [2025-08-18T18:01:52.327+0000] {dag.py:3722} INFO - Setting next_dagrun for dataset_consumes_1_never_scheduled to None, run_after=None
[2025-08-18T18:01:52.330+0000] {logging_mixin.py:151} INFO - [2025-08-18T18:01:52.330+0000] {dag.py:3722} INFO - Setting next_dagrun for dataset_consumes_unknown_never_scheduled to None, run_after=None
[2025-08-18T18:01:52.335+0000] {logging_mixin.py:151} INFO - [2025-08-18T18:01:52.335+0000] {dag.py:3722} INFO - Setting next_dagrun for dataset_produces_1 to 2025-08-17T00:00:00+00:00, run_after=2025-08-18T00:00:00+00:00
[2025-08-18T18:01:52.339+0000] {logging_mixin.py:151} INFO - [2025-08-18T18:01:52.339+0000] {dag.py:3722} INFO - Setting next_dagrun for dataset_produces_2 to None, run_after=None
[2025-08-18T18:01:52.412+0000] {processor.py:179} INFO - Processing /home/airflow/.local/lib/python3.8/site-packages/airflow/example_dags/example_datasets.py took 0.274 seconds
[2025-08-18T18:02:23.008+0000] {processor.py:157} INFO - Started process (PID=550) to work on /home/airflow/.local/lib/python3.8/site-packages/airflow/example_dags/example_datasets.py
[2025-08-18T18:02:23.010+0000] {processor.py:829} INFO - Processing file /home/airflow/.local/lib/python3.8/site-packages/airflow/example_dags/example_datasets.py for tasks to queue
[2025-08-18T18:02:23.016+0000] {logging_mixin.py:151} INFO - [2025-08-18T18:02:23.015+0000] {dagbag.py:536} INFO - Filling up the DagBag from /home/airflow/.local/lib/python3.8/site-packages/airflow/example_dags/example_datasets.py
[2025-08-18T18:02:23.043+0000] {processor.py:839} INFO - DAG(s) dict_keys(['dataset_consumes_unknown_never_scheduled', 'dataset_consumes_1', 'dataset_produces_2', 'dataset_consumes_1_never_scheduled', 'dataset_consumes_1_and_2', 'dataset_produces_1']) retrieved from /home/airflow/.local/lib/python3.8/site-packages/airflow/example_dags/example_datasets.py
[2025-08-18T18:02:23.166+0000] {logging_mixin.py:151} INFO - [2025-08-18T18:02:23.166+0000] {dag.py:2941} INFO - Sync 6 DAGs
[2025-08-18T18:02:23.250+0000] {logging_mixin.py:151} INFO - [2025-08-18T18:02:23.249+0000] {dag.py:3722} INFO - Setting next_dagrun for dataset_consumes_1 to None, run_after=None
[2025-08-18T18:02:23.262+0000] {logging_mixin.py:151} INFO - [2025-08-18T18:02:23.262+0000] {dag.py:3722} INFO - Setting next_dagrun for dataset_consumes_1_and_2 to None, run_after=None
[2025-08-18T18:02:23.265+0000] {logging_mixin.py:151} INFO - [2025-08-18T18:02:23.265+0000] {dag.py:3722} INFO - Setting next_dagrun for dataset_consumes_1_never_scheduled to None, run_after=None
[2025-08-18T18:02:23.272+0000] {logging_mixin.py:151} INFO - [2025-08-18T18:02:23.270+0000] {dag.py:3722} INFO - Setting next_dagrun for dataset_consumes_unknown_never_scheduled to None, run_after=None
[2025-08-18T18:02:23.282+0000] {logging_mixin.py:151} INFO - [2025-08-18T18:02:23.281+0000] {dag.py:3722} INFO - Setting next_dagrun for dataset_produces_1 to 2025-08-17T00:00:00+00:00, run_after=2025-08-18T00:00:00+00:00
[2025-08-18T18:02:23.286+0000] {logging_mixin.py:151} INFO - [2025-08-18T18:02:23.285+0000] {dag.py:3722} INFO - Setting next_dagrun for dataset_produces_2 to None, run_after=None
[2025-08-18T18:02:23.379+0000] {processor.py:179} INFO - Processing /home/airflow/.local/lib/python3.8/site-packages/airflow/example_dags/example_datasets.py took 0.382 seconds
[2025-08-18T18:02:53.873+0000] {processor.py:157} INFO - Started process (PID=604) to work on /home/airflow/.local/lib/python3.8/site-packages/airflow/example_dags/example_datasets.py
[2025-08-18T18:02:53.876+0000] {processor.py:829} INFO - Processing file /home/airflow/.local/lib/python3.8/site-packages/airflow/example_dags/example_datasets.py for tasks to queue
[2025-08-18T18:02:53.880+0000] {logging_mixin.py:151} INFO - [2025-08-18T18:02:53.880+0000] {dagbag.py:536} INFO - Filling up the DagBag from /home/airflow/.local/lib/python3.8/site-packages/airflow/example_dags/example_datasets.py
[2025-08-18T18:02:53.897+0000] {processor.py:839} INFO - DAG(s) dict_keys(['dataset_consumes_1_never_scheduled', 'dataset_produces_1', 'dataset_consumes_1_and_2', 'dataset_consumes_1', 'dataset_consumes_unknown_never_scheduled', 'dataset_produces_2']) retrieved from /home/airflow/.local/lib/python3.8/site-packages/airflow/example_dags/example_datasets.py
[2025-08-18T18:02:53.991+0000] {logging_mixin.py:151} INFO - [2025-08-18T18:02:53.991+0000] {dag.py:2941} INFO - Sync 6 DAGs
[2025-08-18T18:02:54.042+0000] {logging_mixin.py:151} INFO - [2025-08-18T18:02:54.041+0000] {dag.py:3722} INFO - Setting next_dagrun for dataset_consumes_1 to None, run_after=None
[2025-08-18T18:02:54.050+0000] {logging_mixin.py:151} INFO - [2025-08-18T18:02:54.049+0000] {dag.py:3722} INFO - Setting next_dagrun for dataset_consumes_1_and_2 to None, run_after=None
[2025-08-18T18:02:54.053+0000] {logging_mixin.py:151} INFO - [2025-08-18T18:02:54.053+0000] {dag.py:3722} INFO - Setting next_dagrun for dataset_consumes_1_never_scheduled to None, run_after=None
[2025-08-18T18:02:54.055+0000] {logging_mixin.py:151} INFO - [2025-08-18T18:02:54.055+0000] {dag.py:3722} INFO - Setting next_dagrun for dataset_consumes_unknown_never_scheduled to None, run_after=None
[2025-08-18T18:02:54.063+0000] {logging_mixin.py:151} INFO - [2025-08-18T18:02:54.062+0000] {dag.py:3722} INFO - Setting next_dagrun for dataset_produces_1 to 2025-08-17T00:00:00+00:00, run_after=2025-08-18T00:00:00+00:00
[2025-08-18T18:02:54.067+0000] {logging_mixin.py:151} INFO - [2025-08-18T18:02:54.067+0000] {dag.py:3722} INFO - Setting next_dagrun for dataset_produces_2 to None, run_after=None
[2025-08-18T18:02:54.142+0000] {processor.py:179} INFO - Processing /home/airflow/.local/lib/python3.8/site-packages/airflow/example_dags/example_datasets.py took 0.281 seconds
[2025-08-18T18:03:24.924+0000] {processor.py:157} INFO - Started process (PID=659) to work on /home/airflow/.local/lib/python3.8/site-packages/airflow/example_dags/example_datasets.py
[2025-08-18T18:03:24.927+0000] {processor.py:829} INFO - Processing file /home/airflow/.local/lib/python3.8/site-packages/airflow/example_dags/example_datasets.py for tasks to queue
[2025-08-18T18:03:24.932+0000] {logging_mixin.py:151} INFO - [2025-08-18T18:03:24.931+0000] {dagbag.py:536} INFO - Filling up the DagBag from /home/airflow/.local/lib/python3.8/site-packages/airflow/example_dags/example_datasets.py
[2025-08-18T18:03:24.947+0000] {processor.py:839} INFO - DAG(s) dict_keys(['dataset_produces_1', 'dataset_consumes_1_and_2', 'dataset_produces_2', 'dataset_consumes_unknown_never_scheduled', 'dataset_consumes_1', 'dataset_consumes_1_never_scheduled']) retrieved from /home/airflow/.local/lib/python3.8/site-packages/airflow/example_dags/example_datasets.py
[2025-08-18T18:03:25.015+0000] {logging_mixin.py:151} INFO - [2025-08-18T18:03:25.014+0000] {dag.py:2941} INFO - Sync 6 DAGs
[2025-08-18T18:03:25.054+0000] {logging_mixin.py:151} INFO - [2025-08-18T18:03:25.054+0000] {dag.py:3722} INFO - Setting next_dagrun for dataset_consumes_1 to None, run_after=None
[2025-08-18T18:03:25.063+0000] {logging_mixin.py:151} INFO - [2025-08-18T18:03:25.063+0000] {dag.py:3722} INFO - Setting next_dagrun for dataset_consumes_1_and_2 to None, run_after=None
[2025-08-18T18:03:25.066+0000] {logging_mixin.py:151} INFO - [2025-08-18T18:03:25.066+0000] {dag.py:3722} INFO - Setting next_dagrun for dataset_consumes_1_never_scheduled to None, run_after=None
[2025-08-18T18:03:25.070+0000] {logging_mixin.py:151} INFO - [2025-08-18T18:03:25.069+0000] {dag.py:3722} INFO - Setting next_dagrun for dataset_consumes_unknown_never_scheduled to None, run_after=None
[2025-08-18T18:03:25.075+0000] {logging_mixin.py:151} INFO - [2025-08-18T18:03:25.074+0000] {dag.py:3722} INFO - Setting next_dagrun for dataset_produces_1 to 2025-08-17T00:00:00+00:00, run_after=2025-08-18T00:00:00+00:00
[2025-08-18T18:03:25.077+0000] {logging_mixin.py:151} INFO - [2025-08-18T18:03:25.077+0000] {dag.py:3722} INFO - Setting next_dagrun for dataset_produces_2 to None, run_after=None
[2025-08-18T18:03:25.144+0000] {processor.py:179} INFO - Processing /home/airflow/.local/lib/python3.8/site-packages/airflow/example_dags/example_datasets.py took 0.228 seconds
[2025-08-18T18:03:55.882+0000] {processor.py:157} INFO - Started process (PID=713) to work on /home/airflow/.local/lib/python3.8/site-packages/airflow/example_dags/example_datasets.py
[2025-08-18T18:03:55.883+0000] {processor.py:829} INFO - Processing file /home/airflow/.local/lib/python3.8/site-packages/airflow/example_dags/example_datasets.py for tasks to queue
[2025-08-18T18:03:55.887+0000] {logging_mixin.py:151} INFO - [2025-08-18T18:03:55.886+0000] {dagbag.py:536} INFO - Filling up the DagBag from /home/airflow/.local/lib/python3.8/site-packages/airflow/example_dags/example_datasets.py
[2025-08-18T18:03:55.903+0000] {processor.py:839} INFO - DAG(s) dict_keys(['dataset_produces_1', 'dataset_consumes_1_and_2', 'dataset_produces_2', 'dataset_consumes_unknown_never_scheduled', 'dataset_consumes_1_never_scheduled', 'dataset_consumes_1']) retrieved from /home/airflow/.local/lib/python3.8/site-packages/airflow/example_dags/example_datasets.py
[2025-08-18T18:03:55.971+0000] {logging_mixin.py:151} INFO - [2025-08-18T18:03:55.971+0000] {dag.py:2941} INFO - Sync 6 DAGs
[2025-08-18T18:03:56.379+0000] {logging_mixin.py:151} INFO - [2025-08-18T18:03:56.378+0000] {dag.py:3722} INFO - Setting next_dagrun for dataset_consumes_1 to None, run_after=None
[2025-08-18T18:03:56.387+0000] {logging_mixin.py:151} INFO - [2025-08-18T18:03:56.386+0000] {dag.py:3722} INFO - Setting next_dagrun for dataset_consumes_1_and_2 to None, run_after=None
[2025-08-18T18:03:56.390+0000] {logging_mixin.py:151} INFO - [2025-08-18T18:03:56.390+0000] {dag.py:3722} INFO - Setting next_dagrun for dataset_consumes_1_never_scheduled to None, run_after=None
[2025-08-18T18:03:56.394+0000] {logging_mixin.py:151} INFO - [2025-08-18T18:03:56.393+0000] {dag.py:3722} INFO - Setting next_dagrun for dataset_consumes_unknown_never_scheduled to None, run_after=None
[2025-08-18T18:03:56.399+0000] {logging_mixin.py:151} INFO - [2025-08-18T18:03:56.399+0000] {dag.py:3722} INFO - Setting next_dagrun for dataset_produces_1 to 2025-08-17T00:00:00+00:00, run_after=2025-08-18T00:00:00+00:00
[2025-08-18T18:03:56.402+0000] {logging_mixin.py:151} INFO - [2025-08-18T18:03:56.402+0000] {dag.py:3722} INFO - Setting next_dagrun for dataset_produces_2 to None, run_after=None
[2025-08-18T18:03:56.487+0000] {processor.py:179} INFO - Processing /home/airflow/.local/lib/python3.8/site-packages/airflow/example_dags/example_datasets.py took 0.613 seconds
[2025-08-18T18:04:26.537+0000] {processor.py:157} INFO - Started process (PID=769) to work on /home/airflow/.local/lib/python3.8/site-packages/airflow/example_dags/example_datasets.py
[2025-08-18T18:04:26.538+0000] {processor.py:829} INFO - Processing file /home/airflow/.local/lib/python3.8/site-packages/airflow/example_dags/example_datasets.py for tasks to queue
[2025-08-18T18:04:26.543+0000] {logging_mixin.py:151} INFO - [2025-08-18T18:04:26.542+0000] {dagbag.py:536} INFO - Filling up the DagBag from /home/airflow/.local/lib/python3.8/site-packages/airflow/example_dags/example_datasets.py
[2025-08-18T18:04:26.559+0000] {processor.py:839} INFO - DAG(s) dict_keys(['dataset_consumes_1_never_scheduled', 'dataset_produces_2', 'dataset_consumes_unknown_never_scheduled', 'dataset_produces_1', 'dataset_consumes_1_and_2', 'dataset_consumes_1']) retrieved from /home/airflow/.local/lib/python3.8/site-packages/airflow/example_dags/example_datasets.py
[2025-08-18T18:04:26.621+0000] {logging_mixin.py:151} INFO - [2025-08-18T18:04:26.621+0000] {dag.py:2941} INFO - Sync 6 DAGs
[2025-08-18T18:04:26.655+0000] {logging_mixin.py:151} INFO - [2025-08-18T18:04:26.654+0000] {dag.py:3722} INFO - Setting next_dagrun for dataset_consumes_1 to None, run_after=None
[2025-08-18T18:04:26.660+0000] {logging_mixin.py:151} INFO - [2025-08-18T18:04:26.660+0000] {dag.py:3722} INFO - Setting next_dagrun for dataset_consumes_1_and_2 to None, run_after=None
[2025-08-18T18:04:26.663+0000] {logging_mixin.py:151} INFO - [2025-08-18T18:04:26.663+0000] {dag.py:3722} INFO - Setting next_dagrun for dataset_consumes_1_never_scheduled to None, run_after=None
[2025-08-18T18:04:26.666+0000] {logging_mixin.py:151} INFO - [2025-08-18T18:04:26.665+0000] {dag.py:3722} INFO - Setting next_dagrun for dataset_consumes_unknown_never_scheduled to None, run_after=None
[2025-08-18T18:04:26.670+0000] {logging_mixin.py:151} INFO - [2025-08-18T18:04:26.670+0000] {dag.py:3722} INFO - Setting next_dagrun for dataset_produces_1 to 2025-08-17T00:00:00+00:00, run_after=2025-08-18T00:00:00+00:00
[2025-08-18T18:04:26.673+0000] {logging_mixin.py:151} INFO - [2025-08-18T18:04:26.672+0000] {dag.py:3722} INFO - Setting next_dagrun for dataset_produces_2 to None, run_after=None
[2025-08-18T18:04:26.733+0000] {processor.py:179} INFO - Processing /home/airflow/.local/lib/python3.8/site-packages/airflow/example_dags/example_datasets.py took 0.202 seconds
[2025-08-18T18:04:57.141+0000] {processor.py:157} INFO - Started process (PID=821) to work on /home/airflow/.local/lib/python3.8/site-packages/airflow/example_dags/example_datasets.py
[2025-08-18T18:04:57.143+0000] {processor.py:829} INFO - Processing file /home/airflow/.local/lib/python3.8/site-packages/airflow/example_dags/example_datasets.py for tasks to queue
[2025-08-18T18:04:57.148+0000] {logging_mixin.py:151} INFO - [2025-08-18T18:04:57.147+0000] {dagbag.py:536} INFO - Filling up the DagBag from /home/airflow/.local/lib/python3.8/site-packages/airflow/example_dags/example_datasets.py
[2025-08-18T18:04:57.174+0000] {processor.py:839} INFO - DAG(s) dict_keys(['dataset_produces_1', 'dataset_produces_2', 'dataset_consumes_1_and_2', 'dataset_consumes_unknown_never_scheduled', 'dataset_consumes_1', 'dataset_consumes_1_never_scheduled']) retrieved from /home/airflow/.local/lib/python3.8/site-packages/airflow/example_dags/example_datasets.py
[2025-08-18T18:04:57.275+0000] {logging_mixin.py:151} INFO - [2025-08-18T18:04:57.275+0000] {dag.py:2941} INFO - Sync 6 DAGs
[2025-08-18T18:04:57.337+0000] {logging_mixin.py:151} INFO - [2025-08-18T18:04:57.336+0000] {dag.py:3722} INFO - Setting next_dagrun for dataset_consumes_1 to None, run_after=None
[2025-08-18T18:04:57.345+0000] {logging_mixin.py:151} INFO - [2025-08-18T18:04:57.345+0000] {dag.py:3722} INFO - Setting next_dagrun for dataset_consumes_1_and_2 to None, run_after=None
[2025-08-18T18:04:57.348+0000] {logging_mixin.py:151} INFO - [2025-08-18T18:04:57.348+0000] {dag.py:3722} INFO - Setting next_dagrun for dataset_consumes_1_never_scheduled to None, run_after=None
[2025-08-18T18:04:57.351+0000] {logging_mixin.py:151} INFO - [2025-08-18T18:04:57.350+0000] {dag.py:3722} INFO - Setting next_dagrun for dataset_consumes_unknown_never_scheduled to None, run_after=None
[2025-08-18T18:04:57.361+0000] {logging_mixin.py:151} INFO - [2025-08-18T18:04:57.361+0000] {dag.py:3722} INFO - Setting next_dagrun for dataset_produces_1 to 2025-08-17T00:00:00+00:00, run_after=2025-08-18T00:00:00+00:00
[2025-08-18T18:04:57.365+0000] {logging_mixin.py:151} INFO - [2025-08-18T18:04:57.364+0000] {dag.py:3722} INFO - Setting next_dagrun for dataset_produces_2 to None, run_after=None
[2025-08-18T18:04:57.458+0000] {processor.py:179} INFO - Processing /home/airflow/.local/lib/python3.8/site-packages/airflow/example_dags/example_datasets.py took 0.325 seconds
