[2025-08-18T17:56:36.783+0000] {processor.py:157} INFO - Started process (PID=106) to work on /home/airflow/.local/lib/python3.8/site-packages/airflow/example_dags/example_time_delta_sensor_async.py
[2025-08-18T17:56:36.786+0000] {processor.py:829} INFO - Processing file /home/airflow/.local/lib/python3.8/site-packages/airflow/example_dags/example_time_delta_sensor_async.py for tasks to queue
[2025-08-18T17:56:36.797+0000] {logging_mixin.py:151} INFO - [2025-08-18T17:56:36.796+0000] {dagbag.py:536} INFO - Filling up the DagBag from /home/airflow/.local/lib/python3.8/site-packages/airflow/example_dags/example_time_delta_sensor_async.py
[2025-08-18T17:56:36.826+0000] {processor.py:839} INFO - DAG(s) dict_keys(['example_time_delta_sensor_async']) retrieved from /home/airflow/.local/lib/python3.8/site-packages/airflow/example_dags/example_time_delta_sensor_async.py
[2025-08-18T17:56:37.231+0000] {logging_mixin.py:151} INFO - [2025-08-18T17:56:37.231+0000] {dag.py:2941} INFO - Sync 1 DAGs
[2025-08-18T17:56:38.193+0000] {logging_mixin.py:151} INFO - [2025-08-18T17:56:38.192+0000] {dag.py:3722} INFO - Setting next_dagrun for example_time_delta_sensor_async to None, run_after=None
[2025-08-18T17:56:38.347+0000] {processor.py:179} INFO - Processing /home/airflow/.local/lib/python3.8/site-packages/airflow/example_dags/example_time_delta_sensor_async.py took 1.584 seconds
[2025-08-18T17:57:59.217+0000] {processor.py:157} INFO - Started process (PID=92) to work on /home/airflow/.local/lib/python3.8/site-packages/airflow/example_dags/example_time_delta_sensor_async.py
[2025-08-18T17:57:59.220+0000] {processor.py:829} INFO - Processing file /home/airflow/.local/lib/python3.8/site-packages/airflow/example_dags/example_time_delta_sensor_async.py for tasks to queue
[2025-08-18T17:57:59.268+0000] {logging_mixin.py:151} INFO - [2025-08-18T17:57:59.238+0000] {dagbag.py:536} INFO - Filling up the DagBag from /home/airflow/.local/lib/python3.8/site-packages/airflow/example_dags/example_time_delta_sensor_async.py
[2025-08-18T17:57:59.348+0000] {processor.py:839} INFO - DAG(s) dict_keys(['example_time_delta_sensor_async']) retrieved from /home/airflow/.local/lib/python3.8/site-packages/airflow/example_dags/example_time_delta_sensor_async.py
[2025-08-18T17:57:59.696+0000] {logging_mixin.py:151} INFO - [2025-08-18T17:57:59.695+0000] {dag.py:2941} INFO - Sync 1 DAGs
[2025-08-18T17:57:59.798+0000] {logging_mixin.py:151} INFO - [2025-08-18T17:57:59.797+0000] {dag.py:3722} INFO - Setting next_dagrun for example_time_delta_sensor_async to None, run_after=None
[2025-08-18T17:58:01.280+0000] {processor.py:179} INFO - Processing /home/airflow/.local/lib/python3.8/site-packages/airflow/example_dags/example_time_delta_sensor_async.py took 2.082 seconds
[2025-08-18T17:58:31.463+0000] {processor.py:157} INFO - Started process (PID=146) to work on /home/airflow/.local/lib/python3.8/site-packages/airflow/example_dags/example_time_delta_sensor_async.py
[2025-08-18T17:58:31.465+0000] {processor.py:829} INFO - Processing file /home/airflow/.local/lib/python3.8/site-packages/airflow/example_dags/example_time_delta_sensor_async.py for tasks to queue
[2025-08-18T17:58:31.469+0000] {logging_mixin.py:151} INFO - [2025-08-18T17:58:31.468+0000] {dagbag.py:536} INFO - Filling up the DagBag from /home/airflow/.local/lib/python3.8/site-packages/airflow/example_dags/example_time_delta_sensor_async.py
[2025-08-18T17:58:31.478+0000] {processor.py:839} INFO - DAG(s) dict_keys(['example_time_delta_sensor_async']) retrieved from /home/airflow/.local/lib/python3.8/site-packages/airflow/example_dags/example_time_delta_sensor_async.py
[2025-08-18T17:58:31.519+0000] {logging_mixin.py:151} INFO - [2025-08-18T17:58:31.518+0000] {dag.py:2941} INFO - Sync 1 DAGs
[2025-08-18T17:58:31.540+0000] {logging_mixin.py:151} INFO - [2025-08-18T17:58:31.540+0000] {dag.py:3722} INFO - Setting next_dagrun for example_time_delta_sensor_async to None, run_after=None
[2025-08-18T17:58:31.570+0000] {processor.py:179} INFO - Processing /home/airflow/.local/lib/python3.8/site-packages/airflow/example_dags/example_time_delta_sensor_async.py took 0.113 seconds
[2025-08-18T17:59:11.363+0000] {processor.py:157} INFO - Started process (PID=207) to work on /home/airflow/.local/lib/python3.8/site-packages/airflow/example_dags/example_time_delta_sensor_async.py
[2025-08-18T17:59:11.375+0000] {processor.py:829} INFO - Processing file /home/airflow/.local/lib/python3.8/site-packages/airflow/example_dags/example_time_delta_sensor_async.py for tasks to queue
[2025-08-18T17:59:11.387+0000] {logging_mixin.py:151} INFO - [2025-08-18T17:59:11.386+0000] {dagbag.py:536} INFO - Filling up the DagBag from /home/airflow/.local/lib/python3.8/site-packages/airflow/example_dags/example_time_delta_sensor_async.py
[2025-08-18T17:59:11.434+0000] {processor.py:839} INFO - DAG(s) dict_keys(['example_time_delta_sensor_async']) retrieved from /home/airflow/.local/lib/python3.8/site-packages/airflow/example_dags/example_time_delta_sensor_async.py
[2025-08-18T17:59:11.667+0000] {logging_mixin.py:151} INFO - [2025-08-18T17:59:11.666+0000] {dag.py:2941} INFO - Sync 1 DAGs
[2025-08-18T17:59:11.762+0000] {logging_mixin.py:151} INFO - [2025-08-18T17:59:11.758+0000] {dag.py:3722} INFO - Setting next_dagrun for example_time_delta_sensor_async to None, run_after=None
[2025-08-18T17:59:11.945+0000] {processor.py:179} INFO - Processing /home/airflow/.local/lib/python3.8/site-packages/airflow/example_dags/example_time_delta_sensor_async.py took 0.659 seconds
[2025-08-18T17:59:42.781+0000] {processor.py:157} INFO - Started process (PID=261) to work on /home/airflow/.local/lib/python3.8/site-packages/airflow/example_dags/example_time_delta_sensor_async.py
[2025-08-18T17:59:42.783+0000] {processor.py:829} INFO - Processing file /home/airflow/.local/lib/python3.8/site-packages/airflow/example_dags/example_time_delta_sensor_async.py for tasks to queue
[2025-08-18T17:59:42.787+0000] {logging_mixin.py:151} INFO - [2025-08-18T17:59:42.786+0000] {dagbag.py:536} INFO - Filling up the DagBag from /home/airflow/.local/lib/python3.8/site-packages/airflow/example_dags/example_time_delta_sensor_async.py
[2025-08-18T17:59:42.798+0000] {processor.py:839} INFO - DAG(s) dict_keys(['example_time_delta_sensor_async']) retrieved from /home/airflow/.local/lib/python3.8/site-packages/airflow/example_dags/example_time_delta_sensor_async.py
[2025-08-18T17:59:42.848+0000] {logging_mixin.py:151} INFO - [2025-08-18T17:59:42.848+0000] {dag.py:2941} INFO - Sync 1 DAGs
[2025-08-18T17:59:42.880+0000] {logging_mixin.py:151} INFO - [2025-08-18T17:59:42.880+0000] {dag.py:3722} INFO - Setting next_dagrun for example_time_delta_sensor_async to None, run_after=None
[2025-08-18T17:59:42.933+0000] {processor.py:179} INFO - Processing /home/airflow/.local/lib/python3.8/site-packages/airflow/example_dags/example_time_delta_sensor_async.py took 0.159 seconds
[2025-08-18T18:00:13.340+0000] {processor.py:157} INFO - Started process (PID=315) to work on /home/airflow/.local/lib/python3.8/site-packages/airflow/example_dags/example_time_delta_sensor_async.py
[2025-08-18T18:00:13.344+0000] {processor.py:829} INFO - Processing file /home/airflow/.local/lib/python3.8/site-packages/airflow/example_dags/example_time_delta_sensor_async.py for tasks to queue
[2025-08-18T18:00:13.349+0000] {logging_mixin.py:151} INFO - [2025-08-18T18:00:13.349+0000] {dagbag.py:536} INFO - Filling up the DagBag from /home/airflow/.local/lib/python3.8/site-packages/airflow/example_dags/example_time_delta_sensor_async.py
[2025-08-18T18:00:13.369+0000] {processor.py:839} INFO - DAG(s) dict_keys(['example_time_delta_sensor_async']) retrieved from /home/airflow/.local/lib/python3.8/site-packages/airflow/example_dags/example_time_delta_sensor_async.py
[2025-08-18T18:00:13.451+0000] {logging_mixin.py:151} INFO - [2025-08-18T18:00:13.451+0000] {dag.py:2941} INFO - Sync 1 DAGs
[2025-08-18T18:00:13.478+0000] {logging_mixin.py:151} INFO - [2025-08-18T18:00:13.478+0000] {dag.py:3722} INFO - Setting next_dagrun for example_time_delta_sensor_async to None, run_after=None
[2025-08-18T18:00:13.527+0000] {processor.py:179} INFO - Processing /home/airflow/.local/lib/python3.8/site-packages/airflow/example_dags/example_time_delta_sensor_async.py took 0.197 seconds
[2025-08-18T18:00:43.787+0000] {processor.py:157} INFO - Started process (PID=369) to work on /home/airflow/.local/lib/python3.8/site-packages/airflow/example_dags/example_time_delta_sensor_async.py
[2025-08-18T18:00:43.788+0000] {processor.py:829} INFO - Processing file /home/airflow/.local/lib/python3.8/site-packages/airflow/example_dags/example_time_delta_sensor_async.py for tasks to queue
[2025-08-18T18:00:43.792+0000] {logging_mixin.py:151} INFO - [2025-08-18T18:00:43.792+0000] {dagbag.py:536} INFO - Filling up the DagBag from /home/airflow/.local/lib/python3.8/site-packages/airflow/example_dags/example_time_delta_sensor_async.py
[2025-08-18T18:00:43.799+0000] {processor.py:839} INFO - DAG(s) dict_keys(['example_time_delta_sensor_async']) retrieved from /home/airflow/.local/lib/python3.8/site-packages/airflow/example_dags/example_time_delta_sensor_async.py
[2025-08-18T18:00:43.855+0000] {logging_mixin.py:151} INFO - [2025-08-18T18:00:43.855+0000] {dag.py:2941} INFO - Sync 1 DAGs
[2025-08-18T18:00:43.883+0000] {logging_mixin.py:151} INFO - [2025-08-18T18:00:43.882+0000] {dag.py:3722} INFO - Setting next_dagrun for example_time_delta_sensor_async to None, run_after=None
[2025-08-18T18:00:43.924+0000] {processor.py:179} INFO - Processing /home/airflow/.local/lib/python3.8/site-packages/airflow/example_dags/example_time_delta_sensor_async.py took 0.144 seconds
[2025-08-18T18:01:14.345+0000] {processor.py:157} INFO - Started process (PID=423) to work on /home/airflow/.local/lib/python3.8/site-packages/airflow/example_dags/example_time_delta_sensor_async.py
[2025-08-18T18:01:14.360+0000] {processor.py:829} INFO - Processing file /home/airflow/.local/lib/python3.8/site-packages/airflow/example_dags/example_time_delta_sensor_async.py for tasks to queue
[2025-08-18T18:01:14.388+0000] {logging_mixin.py:151} INFO - [2025-08-18T18:01:14.375+0000] {dagbag.py:536} INFO - Filling up the DagBag from /home/airflow/.local/lib/python3.8/site-packages/airflow/example_dags/example_time_delta_sensor_async.py
[2025-08-18T18:01:14.425+0000] {processor.py:839} INFO - DAG(s) dict_keys(['example_time_delta_sensor_async']) retrieved from /home/airflow/.local/lib/python3.8/site-packages/airflow/example_dags/example_time_delta_sensor_async.py
[2025-08-18T18:01:14.711+0000] {logging_mixin.py:151} INFO - [2025-08-18T18:01:14.710+0000] {dag.py:2941} INFO - Sync 1 DAGs
[2025-08-18T18:01:14.803+0000] {logging_mixin.py:151} INFO - [2025-08-18T18:01:14.803+0000] {dag.py:3722} INFO - Setting next_dagrun for example_time_delta_sensor_async to None, run_after=None
[2025-08-18T18:01:14.921+0000] {processor.py:179} INFO - Processing /home/airflow/.local/lib/python3.8/site-packages/airflow/example_dags/example_time_delta_sensor_async.py took 0.611 seconds
[2025-08-18T18:01:45.302+0000] {processor.py:157} INFO - Started process (PID=477) to work on /home/airflow/.local/lib/python3.8/site-packages/airflow/example_dags/example_time_delta_sensor_async.py
[2025-08-18T18:01:45.304+0000] {processor.py:829} INFO - Processing file /home/airflow/.local/lib/python3.8/site-packages/airflow/example_dags/example_time_delta_sensor_async.py for tasks to queue
[2025-08-18T18:01:45.307+0000] {logging_mixin.py:151} INFO - [2025-08-18T18:01:45.306+0000] {dagbag.py:536} INFO - Filling up the DagBag from /home/airflow/.local/lib/python3.8/site-packages/airflow/example_dags/example_time_delta_sensor_async.py
[2025-08-18T18:01:45.315+0000] {processor.py:839} INFO - DAG(s) dict_keys(['example_time_delta_sensor_async']) retrieved from /home/airflow/.local/lib/python3.8/site-packages/airflow/example_dags/example_time_delta_sensor_async.py
[2025-08-18T18:01:45.354+0000] {logging_mixin.py:151} INFO - [2025-08-18T18:01:45.353+0000] {dag.py:2941} INFO - Sync 1 DAGs
[2025-08-18T18:01:45.372+0000] {logging_mixin.py:151} INFO - [2025-08-18T18:01:45.372+0000] {dag.py:3722} INFO - Setting next_dagrun for example_time_delta_sensor_async to None, run_after=None
[2025-08-18T18:01:45.406+0000] {processor.py:179} INFO - Processing /home/airflow/.local/lib/python3.8/site-packages/airflow/example_dags/example_time_delta_sensor_async.py took 0.109 seconds
[2025-08-18T18:02:15.959+0000] {processor.py:157} INFO - Started process (PID=531) to work on /home/airflow/.local/lib/python3.8/site-packages/airflow/example_dags/example_time_delta_sensor_async.py
[2025-08-18T18:02:15.961+0000] {processor.py:829} INFO - Processing file /home/airflow/.local/lib/python3.8/site-packages/airflow/example_dags/example_time_delta_sensor_async.py for tasks to queue
[2025-08-18T18:02:15.965+0000] {logging_mixin.py:151} INFO - [2025-08-18T18:02:15.964+0000] {dagbag.py:536} INFO - Filling up the DagBag from /home/airflow/.local/lib/python3.8/site-packages/airflow/example_dags/example_time_delta_sensor_async.py
[2025-08-18T18:02:15.973+0000] {processor.py:839} INFO - DAG(s) dict_keys(['example_time_delta_sensor_async']) retrieved from /home/airflow/.local/lib/python3.8/site-packages/airflow/example_dags/example_time_delta_sensor_async.py
[2025-08-18T18:02:16.027+0000] {logging_mixin.py:151} INFO - [2025-08-18T18:02:16.027+0000] {dag.py:2941} INFO - Sync 1 DAGs
[2025-08-18T18:02:16.057+0000] {logging_mixin.py:151} INFO - [2025-08-18T18:02:16.056+0000] {dag.py:3722} INFO - Setting next_dagrun for example_time_delta_sensor_async to None, run_after=None
[2025-08-18T18:02:16.102+0000] {processor.py:179} INFO - Processing /home/airflow/.local/lib/python3.8/site-packages/airflow/example_dags/example_time_delta_sensor_async.py took 0.150 seconds
[2025-08-18T18:02:47.003+0000] {processor.py:157} INFO - Started process (PID=585) to work on /home/airflow/.local/lib/python3.8/site-packages/airflow/example_dags/example_time_delta_sensor_async.py
[2025-08-18T18:02:47.006+0000] {processor.py:829} INFO - Processing file /home/airflow/.local/lib/python3.8/site-packages/airflow/example_dags/example_time_delta_sensor_async.py for tasks to queue
[2025-08-18T18:02:47.013+0000] {logging_mixin.py:151} INFO - [2025-08-18T18:02:47.012+0000] {dagbag.py:536} INFO - Filling up the DagBag from /home/airflow/.local/lib/python3.8/site-packages/airflow/example_dags/example_time_delta_sensor_async.py
[2025-08-18T18:02:47.024+0000] {processor.py:839} INFO - DAG(s) dict_keys(['example_time_delta_sensor_async']) retrieved from /home/airflow/.local/lib/python3.8/site-packages/airflow/example_dags/example_time_delta_sensor_async.py
[2025-08-18T18:02:47.080+0000] {logging_mixin.py:151} INFO - [2025-08-18T18:02:47.079+0000] {dag.py:2941} INFO - Sync 1 DAGs
[2025-08-18T18:02:47.112+0000] {logging_mixin.py:151} INFO - [2025-08-18T18:02:47.111+0000] {dag.py:3722} INFO - Setting next_dagrun for example_time_delta_sensor_async to None, run_after=None
[2025-08-18T18:02:47.171+0000] {processor.py:179} INFO - Processing /home/airflow/.local/lib/python3.8/site-packages/airflow/example_dags/example_time_delta_sensor_async.py took 0.175 seconds
[2025-08-18T18:03:17.795+0000] {processor.py:157} INFO - Started process (PID=640) to work on /home/airflow/.local/lib/python3.8/site-packages/airflow/example_dags/example_time_delta_sensor_async.py
[2025-08-18T18:03:17.799+0000] {processor.py:829} INFO - Processing file /home/airflow/.local/lib/python3.8/site-packages/airflow/example_dags/example_time_delta_sensor_async.py for tasks to queue
[2025-08-18T18:03:17.812+0000] {logging_mixin.py:151} INFO - [2025-08-18T18:03:17.811+0000] {dagbag.py:536} INFO - Filling up the DagBag from /home/airflow/.local/lib/python3.8/site-packages/airflow/example_dags/example_time_delta_sensor_async.py
[2025-08-18T18:03:17.830+0000] {processor.py:839} INFO - DAG(s) dict_keys(['example_time_delta_sensor_async']) retrieved from /home/airflow/.local/lib/python3.8/site-packages/airflow/example_dags/example_time_delta_sensor_async.py
[2025-08-18T18:03:17.892+0000] {logging_mixin.py:151} INFO - [2025-08-18T18:03:17.892+0000] {dag.py:2941} INFO - Sync 1 DAGs
[2025-08-18T18:03:17.922+0000] {logging_mixin.py:151} INFO - [2025-08-18T18:03:17.922+0000] {dag.py:3722} INFO - Setting next_dagrun for example_time_delta_sensor_async to None, run_after=None
[2025-08-18T18:03:17.967+0000] {processor.py:179} INFO - Processing /home/airflow/.local/lib/python3.8/site-packages/airflow/example_dags/example_time_delta_sensor_async.py took 0.189 seconds
[2025-08-18T18:03:48.325+0000] {processor.py:157} INFO - Started process (PID=687) to work on /home/airflow/.local/lib/python3.8/site-packages/airflow/example_dags/example_time_delta_sensor_async.py
[2025-08-18T18:03:48.328+0000] {processor.py:829} INFO - Processing file /home/airflow/.local/lib/python3.8/site-packages/airflow/example_dags/example_time_delta_sensor_async.py for tasks to queue
[2025-08-18T18:03:48.334+0000] {logging_mixin.py:151} INFO - [2025-08-18T18:03:48.334+0000] {dagbag.py:536} INFO - Filling up the DagBag from /home/airflow/.local/lib/python3.8/site-packages/airflow/example_dags/example_time_delta_sensor_async.py
[2025-08-18T18:03:48.349+0000] {processor.py:839} INFO - DAG(s) dict_keys(['example_time_delta_sensor_async']) retrieved from /home/airflow/.local/lib/python3.8/site-packages/airflow/example_dags/example_time_delta_sensor_async.py
[2025-08-18T18:03:48.397+0000] {logging_mixin.py:151} INFO - [2025-08-18T18:03:48.397+0000] {dag.py:2941} INFO - Sync 1 DAGs
[2025-08-18T18:03:48.420+0000] {logging_mixin.py:151} INFO - [2025-08-18T18:03:48.420+0000] {dag.py:3722} INFO - Setting next_dagrun for example_time_delta_sensor_async to None, run_after=None
[2025-08-18T18:03:48.462+0000] {processor.py:179} INFO - Processing /home/airflow/.local/lib/python3.8/site-packages/airflow/example_dags/example_time_delta_sensor_async.py took 0.144 seconds
[2025-08-18T18:04:19.139+0000] {processor.py:157} INFO - Started process (PID=741) to work on /home/airflow/.local/lib/python3.8/site-packages/airflow/example_dags/example_time_delta_sensor_async.py
[2025-08-18T18:04:19.141+0000] {processor.py:829} INFO - Processing file /home/airflow/.local/lib/python3.8/site-packages/airflow/example_dags/example_time_delta_sensor_async.py for tasks to queue
[2025-08-18T18:04:19.144+0000] {logging_mixin.py:151} INFO - [2025-08-18T18:04:19.144+0000] {dagbag.py:536} INFO - Filling up the DagBag from /home/airflow/.local/lib/python3.8/site-packages/airflow/example_dags/example_time_delta_sensor_async.py
[2025-08-18T18:04:19.150+0000] {processor.py:839} INFO - DAG(s) dict_keys(['example_time_delta_sensor_async']) retrieved from /home/airflow/.local/lib/python3.8/site-packages/airflow/example_dags/example_time_delta_sensor_async.py
[2025-08-18T18:04:19.177+0000] {logging_mixin.py:151} INFO - [2025-08-18T18:04:19.177+0000] {dag.py:2941} INFO - Sync 1 DAGs
[2025-08-18T18:04:19.194+0000] {logging_mixin.py:151} INFO - [2025-08-18T18:04:19.194+0000] {dag.py:3722} INFO - Setting next_dagrun for example_time_delta_sensor_async to None, run_after=None
[2025-08-18T18:04:19.228+0000] {processor.py:179} INFO - Processing /home/airflow/.local/lib/python3.8/site-packages/airflow/example_dags/example_time_delta_sensor_async.py took 0.093 seconds
[2025-08-18T18:04:49.852+0000] {processor.py:157} INFO - Started process (PID=795) to work on /home/airflow/.local/lib/python3.8/site-packages/airflow/example_dags/example_time_delta_sensor_async.py
[2025-08-18T18:04:49.853+0000] {processor.py:829} INFO - Processing file /home/airflow/.local/lib/python3.8/site-packages/airflow/example_dags/example_time_delta_sensor_async.py for tasks to queue
[2025-08-18T18:04:49.856+0000] {logging_mixin.py:151} INFO - [2025-08-18T18:04:49.856+0000] {dagbag.py:536} INFO - Filling up the DagBag from /home/airflow/.local/lib/python3.8/site-packages/airflow/example_dags/example_time_delta_sensor_async.py
[2025-08-18T18:04:49.861+0000] {processor.py:839} INFO - DAG(s) dict_keys(['example_time_delta_sensor_async']) retrieved from /home/airflow/.local/lib/python3.8/site-packages/airflow/example_dags/example_time_delta_sensor_async.py
[2025-08-18T18:04:49.894+0000] {logging_mixin.py:151} INFO - [2025-08-18T18:04:49.893+0000] {dag.py:2941} INFO - Sync 1 DAGs
[2025-08-18T18:04:49.986+0000] {logging_mixin.py:151} INFO - [2025-08-18T18:04:49.985+0000] {dag.py:3722} INFO - Setting next_dagrun for example_time_delta_sensor_async to None, run_after=None
[2025-08-18T18:04:50.052+0000] {processor.py:179} INFO - Processing /home/airflow/.local/lib/python3.8/site-packages/airflow/example_dags/example_time_delta_sensor_async.py took 0.209 seconds
