[2025-08-18T17:56:46.135+0000] {processor.py:157} INFO - Started process (PID=121) to work on /home/airflow/.local/lib/python3.8/site-packages/airflow/example_dags/example_short_circuit_decorator.py
[2025-08-18T17:56:46.143+0000] {processor.py:829} INFO - Processing file /home/airflow/.local/lib/python3.8/site-packages/airflow/example_dags/example_short_circuit_decorator.py for tasks to queue
[2025-08-18T17:56:46.159+0000] {logging_mixin.py:151} INFO - [2025-08-18T17:56:46.156+0000] {dagbag.py:536} INFO - Filling up the DagBag from /home/airflow/.local/lib/python3.8/site-packages/airflow/example_dags/example_short_circuit_decorator.py
[2025-08-18T17:56:46.191+0000] {processor.py:839} INFO - DAG(s) dict_keys(['example_short_circuit_decorator']) retrieved from /home/airflow/.local/lib/python3.8/site-packages/airflow/example_dags/example_short_circuit_decorator.py
[2025-08-18T17:56:46.395+0000] {logging_mixin.py:151} INFO - [2025-08-18T17:56:46.392+0000] {dag.py:2941} INFO - Sync 1 DAGs
[2025-08-18T17:56:46.659+0000] {logging_mixin.py:151} INFO - [2025-08-18T17:56:46.658+0000] {dag.py:3722} INFO - Setting next_dagrun for example_short_circuit_decorator to 2025-08-17T17:56:46.648976+00:00, run_after=2025-08-18T17:56:46.648976+00:00
[2025-08-18T17:56:46.828+0000] {processor.py:179} INFO - Processing /home/airflow/.local/lib/python3.8/site-packages/airflow/example_dags/example_short_circuit_decorator.py took 0.757 seconds
[2025-08-18T17:58:11.429+0000] {processor.py:157} INFO - Started process (PID=114) to work on /home/airflow/.local/lib/python3.8/site-packages/airflow/example_dags/example_short_circuit_decorator.py
[2025-08-18T17:58:11.442+0000] {processor.py:829} INFO - Processing file /home/airflow/.local/lib/python3.8/site-packages/airflow/example_dags/example_short_circuit_decorator.py for tasks to queue
[2025-08-18T17:58:11.451+0000] {logging_mixin.py:151} INFO - [2025-08-18T17:58:11.449+0000] {dagbag.py:536} INFO - Filling up the DagBag from /home/airflow/.local/lib/python3.8/site-packages/airflow/example_dags/example_short_circuit_decorator.py
[2025-08-18T17:58:11.525+0000] {processor.py:839} INFO - DAG(s) dict_keys(['example_short_circuit_decorator']) retrieved from /home/airflow/.local/lib/python3.8/site-packages/airflow/example_dags/example_short_circuit_decorator.py
[2025-08-18T17:58:11.603+0000] {logging_mixin.py:151} INFO - [2025-08-18T17:58:11.603+0000] {dag.py:2941} INFO - Sync 1 DAGs
[2025-08-18T17:58:11.804+0000] {logging_mixin.py:151} INFO - [2025-08-18T17:58:11.803+0000] {dag.py:3722} INFO - Setting next_dagrun for example_short_circuit_decorator to 2025-08-17T17:58:11.796400+00:00, run_after=2025-08-18T17:58:11.796400+00:00
[2025-08-18T17:58:11.920+0000] {processor.py:179} INFO - Processing /home/airflow/.local/lib/python3.8/site-packages/airflow/example_dags/example_short_circuit_decorator.py took 0.509 seconds
[2025-08-18T17:58:41.997+0000] {processor.py:157} INFO - Started process (PID=168) to work on /home/airflow/.local/lib/python3.8/site-packages/airflow/example_dags/example_short_circuit_decorator.py
[2025-08-18T17:58:42.000+0000] {processor.py:829} INFO - Processing file /home/airflow/.local/lib/python3.8/site-packages/airflow/example_dags/example_short_circuit_decorator.py for tasks to queue
[2025-08-18T17:58:42.005+0000] {logging_mixin.py:151} INFO - [2025-08-18T17:58:42.004+0000] {dagbag.py:536} INFO - Filling up the DagBag from /home/airflow/.local/lib/python3.8/site-packages/airflow/example_dags/example_short_circuit_decorator.py
[2025-08-18T17:58:42.029+0000] {processor.py:839} INFO - DAG(s) dict_keys(['example_short_circuit_decorator']) retrieved from /home/airflow/.local/lib/python3.8/site-packages/airflow/example_dags/example_short_circuit_decorator.py
[2025-08-18T17:58:42.078+0000] {logging_mixin.py:151} INFO - [2025-08-18T17:58:42.077+0000] {dag.py:2941} INFO - Sync 1 DAGs
[2025-08-18T17:58:42.136+0000] {logging_mixin.py:151} INFO - [2025-08-18T17:58:42.135+0000] {dag.py:3722} INFO - Setting next_dagrun for example_short_circuit_decorator to 2025-08-17T17:58:42.135566+00:00, run_after=2025-08-18T17:58:42.135566+00:00
[2025-08-18T17:58:42.176+0000] {processor.py:179} INFO - Processing /home/airflow/.local/lib/python3.8/site-packages/airflow/example_dags/example_short_circuit_decorator.py took 0.185 seconds
[2025-08-18T17:59:16.803+0000] {processor.py:157} INFO - Started process (PID=222) to work on /home/airflow/.local/lib/python3.8/site-packages/airflow/example_dags/example_short_circuit_decorator.py
[2025-08-18T17:59:16.805+0000] {processor.py:829} INFO - Processing file /home/airflow/.local/lib/python3.8/site-packages/airflow/example_dags/example_short_circuit_decorator.py for tasks to queue
[2025-08-18T17:59:16.818+0000] {logging_mixin.py:151} INFO - [2025-08-18T17:59:16.818+0000] {dagbag.py:536} INFO - Filling up the DagBag from /home/airflow/.local/lib/python3.8/site-packages/airflow/example_dags/example_short_circuit_decorator.py
[2025-08-18T17:59:16.863+0000] {processor.py:839} INFO - DAG(s) dict_keys(['example_short_circuit_decorator']) retrieved from /home/airflow/.local/lib/python3.8/site-packages/airflow/example_dags/example_short_circuit_decorator.py
[2025-08-18T17:59:16.998+0000] {logging_mixin.py:151} INFO - [2025-08-18T17:59:16.997+0000] {dag.py:2941} INFO - Sync 1 DAGs
[2025-08-18T17:59:17.128+0000] {logging_mixin.py:151} INFO - [2025-08-18T17:59:17.126+0000] {dag.py:3722} INFO - Setting next_dagrun for example_short_circuit_decorator to 2025-08-17T17:59:17.125232+00:00, run_after=2025-08-18T17:59:17.125232+00:00
[2025-08-18T17:59:17.221+0000] {processor.py:179} INFO - Processing /home/airflow/.local/lib/python3.8/site-packages/airflow/example_dags/example_short_circuit_decorator.py took 0.426 seconds
[2025-08-18T17:59:47.621+0000] {processor.py:157} INFO - Started process (PID=276) to work on /home/airflow/.local/lib/python3.8/site-packages/airflow/example_dags/example_short_circuit_decorator.py
[2025-08-18T17:59:47.623+0000] {processor.py:829} INFO - Processing file /home/airflow/.local/lib/python3.8/site-packages/airflow/example_dags/example_short_circuit_decorator.py for tasks to queue
[2025-08-18T17:59:47.628+0000] {logging_mixin.py:151} INFO - [2025-08-18T17:59:47.627+0000] {dagbag.py:536} INFO - Filling up the DagBag from /home/airflow/.local/lib/python3.8/site-packages/airflow/example_dags/example_short_circuit_decorator.py
[2025-08-18T17:59:47.649+0000] {processor.py:839} INFO - DAG(s) dict_keys(['example_short_circuit_decorator']) retrieved from /home/airflow/.local/lib/python3.8/site-packages/airflow/example_dags/example_short_circuit_decorator.py
[2025-08-18T17:59:47.725+0000] {logging_mixin.py:151} INFO - [2025-08-18T17:59:47.725+0000] {dag.py:2941} INFO - Sync 1 DAGs
[2025-08-18T17:59:47.776+0000] {logging_mixin.py:151} INFO - [2025-08-18T17:59:47.776+0000] {dag.py:3722} INFO - Setting next_dagrun for example_short_circuit_decorator to 2025-08-17T17:59:47.775710+00:00, run_after=2025-08-18T17:59:47.775710+00:00
[2025-08-18T17:59:47.841+0000] {processor.py:179} INFO - Processing /home/airflow/.local/lib/python3.8/site-packages/airflow/example_dags/example_short_circuit_decorator.py took 0.227 seconds
[2025-08-18T18:00:18.356+0000] {processor.py:157} INFO - Started process (PID=330) to work on /home/airflow/.local/lib/python3.8/site-packages/airflow/example_dags/example_short_circuit_decorator.py
[2025-08-18T18:00:18.358+0000] {processor.py:829} INFO - Processing file /home/airflow/.local/lib/python3.8/site-packages/airflow/example_dags/example_short_circuit_decorator.py for tasks to queue
[2025-08-18T18:00:18.362+0000] {logging_mixin.py:151} INFO - [2025-08-18T18:00:18.361+0000] {dagbag.py:536} INFO - Filling up the DagBag from /home/airflow/.local/lib/python3.8/site-packages/airflow/example_dags/example_short_circuit_decorator.py
[2025-08-18T18:00:18.380+0000] {processor.py:839} INFO - DAG(s) dict_keys(['example_short_circuit_decorator']) retrieved from /home/airflow/.local/lib/python3.8/site-packages/airflow/example_dags/example_short_circuit_decorator.py
[2025-08-18T18:00:18.423+0000] {logging_mixin.py:151} INFO - [2025-08-18T18:00:18.423+0000] {dag.py:2941} INFO - Sync 1 DAGs
[2025-08-18T18:00:18.461+0000] {logging_mixin.py:151} INFO - [2025-08-18T18:00:18.460+0000] {dag.py:3722} INFO - Setting next_dagrun for example_short_circuit_decorator to 2025-08-17T18:00:18.460543+00:00, run_after=2025-08-18T18:00:18.460543+00:00
[2025-08-18T18:00:18.500+0000] {processor.py:179} INFO - Processing /home/airflow/.local/lib/python3.8/site-packages/airflow/example_dags/example_short_circuit_decorator.py took 0.150 seconds
[2025-08-18T18:00:50.261+0000] {processor.py:157} INFO - Started process (PID=384) to work on /home/airflow/.local/lib/python3.8/site-packages/airflow/example_dags/example_short_circuit_decorator.py
[2025-08-18T18:00:50.271+0000] {processor.py:829} INFO - Processing file /home/airflow/.local/lib/python3.8/site-packages/airflow/example_dags/example_short_circuit_decorator.py for tasks to queue
[2025-08-18T18:00:50.286+0000] {logging_mixin.py:151} INFO - [2025-08-18T18:00:50.285+0000] {dagbag.py:536} INFO - Filling up the DagBag from /home/airflow/.local/lib/python3.8/site-packages/airflow/example_dags/example_short_circuit_decorator.py
[2025-08-18T18:00:50.339+0000] {processor.py:839} INFO - DAG(s) dict_keys(['example_short_circuit_decorator']) retrieved from /home/airflow/.local/lib/python3.8/site-packages/airflow/example_dags/example_short_circuit_decorator.py
[2025-08-18T18:00:50.544+0000] {logging_mixin.py:151} INFO - [2025-08-18T18:00:50.542+0000] {dag.py:2941} INFO - Sync 1 DAGs
[2025-08-18T18:00:50.620+0000] {logging_mixin.py:151} INFO - [2025-08-18T18:00:50.619+0000] {dag.py:3722} INFO - Setting next_dagrun for example_short_circuit_decorator to 2025-08-17T18:00:50.618670+00:00, run_after=2025-08-18T18:00:50.618670+00:00
[2025-08-18T18:00:50.694+0000] {processor.py:179} INFO - Processing /home/airflow/.local/lib/python3.8/site-packages/airflow/example_dags/example_short_circuit_decorator.py took 0.442 seconds
[2025-08-18T18:01:21.383+0000] {processor.py:157} INFO - Started process (PID=438) to work on /home/airflow/.local/lib/python3.8/site-packages/airflow/example_dags/example_short_circuit_decorator.py
[2025-08-18T18:01:21.385+0000] {processor.py:829} INFO - Processing file /home/airflow/.local/lib/python3.8/site-packages/airflow/example_dags/example_short_circuit_decorator.py for tasks to queue
[2025-08-18T18:01:21.389+0000] {logging_mixin.py:151} INFO - [2025-08-18T18:01:21.389+0000] {dagbag.py:536} INFO - Filling up the DagBag from /home/airflow/.local/lib/python3.8/site-packages/airflow/example_dags/example_short_circuit_decorator.py
[2025-08-18T18:01:21.412+0000] {processor.py:839} INFO - DAG(s) dict_keys(['example_short_circuit_decorator']) retrieved from /home/airflow/.local/lib/python3.8/site-packages/airflow/example_dags/example_short_circuit_decorator.py
[2025-08-18T18:01:21.464+0000] {logging_mixin.py:151} INFO - [2025-08-18T18:01:21.464+0000] {dag.py:2941} INFO - Sync 1 DAGs
[2025-08-18T18:01:21.506+0000] {logging_mixin.py:151} INFO - [2025-08-18T18:01:21.506+0000] {dag.py:3722} INFO - Setting next_dagrun for example_short_circuit_decorator to 2025-08-17T18:01:21.506156+00:00, run_after=2025-08-18T18:01:21.506156+00:00
[2025-08-18T18:01:21.542+0000] {processor.py:179} INFO - Processing /home/airflow/.local/lib/python3.8/site-packages/airflow/example_dags/example_short_circuit_decorator.py took 0.169 seconds
[2025-08-18T18:01:51.706+0000] {processor.py:157} INFO - Started process (PID=492) to work on /home/airflow/.local/lib/python3.8/site-packages/airflow/example_dags/example_short_circuit_decorator.py
[2025-08-18T18:01:51.708+0000] {processor.py:829} INFO - Processing file /home/airflow/.local/lib/python3.8/site-packages/airflow/example_dags/example_short_circuit_decorator.py for tasks to queue
[2025-08-18T18:01:51.712+0000] {logging_mixin.py:151} INFO - [2025-08-18T18:01:51.712+0000] {dagbag.py:536} INFO - Filling up the DagBag from /home/airflow/.local/lib/python3.8/site-packages/airflow/example_dags/example_short_circuit_decorator.py
[2025-08-18T18:01:51.729+0000] {processor.py:839} INFO - DAG(s) dict_keys(['example_short_circuit_decorator']) retrieved from /home/airflow/.local/lib/python3.8/site-packages/airflow/example_dags/example_short_circuit_decorator.py
[2025-08-18T18:01:51.780+0000] {logging_mixin.py:151} INFO - [2025-08-18T18:01:51.780+0000] {dag.py:2941} INFO - Sync 1 DAGs
[2025-08-18T18:01:51.827+0000] {logging_mixin.py:151} INFO - [2025-08-18T18:01:51.827+0000] {dag.py:3722} INFO - Setting next_dagrun for example_short_circuit_decorator to 2025-08-17T18:01:51.826356+00:00, run_after=2025-08-18T18:01:51.826356+00:00
[2025-08-18T18:01:51.871+0000] {processor.py:179} INFO - Processing /home/airflow/.local/lib/python3.8/site-packages/airflow/example_dags/example_short_circuit_decorator.py took 0.172 seconds
[2025-08-18T18:02:22.529+0000] {processor.py:157} INFO - Started process (PID=546) to work on /home/airflow/.local/lib/python3.8/site-packages/airflow/example_dags/example_short_circuit_decorator.py
[2025-08-18T18:02:22.531+0000] {processor.py:829} INFO - Processing file /home/airflow/.local/lib/python3.8/site-packages/airflow/example_dags/example_short_circuit_decorator.py for tasks to queue
[2025-08-18T18:02:22.535+0000] {logging_mixin.py:151} INFO - [2025-08-18T18:02:22.535+0000] {dagbag.py:536} INFO - Filling up the DagBag from /home/airflow/.local/lib/python3.8/site-packages/airflow/example_dags/example_short_circuit_decorator.py
[2025-08-18T18:02:22.566+0000] {processor.py:839} INFO - DAG(s) dict_keys(['example_short_circuit_decorator']) retrieved from /home/airflow/.local/lib/python3.8/site-packages/airflow/example_dags/example_short_circuit_decorator.py
[2025-08-18T18:02:22.631+0000] {logging_mixin.py:151} INFO - [2025-08-18T18:02:22.630+0000] {dag.py:2941} INFO - Sync 1 DAGs
[2025-08-18T18:02:22.686+0000] {logging_mixin.py:151} INFO - [2025-08-18T18:02:22.685+0000] {dag.py:3722} INFO - Setting next_dagrun for example_short_circuit_decorator to 2025-08-17T18:02:22.684434+00:00, run_after=2025-08-18T18:02:22.684434+00:00
[2025-08-18T18:02:22.743+0000] {processor.py:179} INFO - Processing /home/airflow/.local/lib/python3.8/site-packages/airflow/example_dags/example_short_circuit_decorator.py took 0.226 seconds
[2025-08-18T18:02:53.447+0000] {processor.py:157} INFO - Started process (PID=600) to work on /home/airflow/.local/lib/python3.8/site-packages/airflow/example_dags/example_short_circuit_decorator.py
[2025-08-18T18:02:53.451+0000] {processor.py:829} INFO - Processing file /home/airflow/.local/lib/python3.8/site-packages/airflow/example_dags/example_short_circuit_decorator.py for tasks to queue
[2025-08-18T18:02:53.454+0000] {logging_mixin.py:151} INFO - [2025-08-18T18:02:53.454+0000] {dagbag.py:536} INFO - Filling up the DagBag from /home/airflow/.local/lib/python3.8/site-packages/airflow/example_dags/example_short_circuit_decorator.py
[2025-08-18T18:02:53.477+0000] {processor.py:839} INFO - DAG(s) dict_keys(['example_short_circuit_decorator']) retrieved from /home/airflow/.local/lib/python3.8/site-packages/airflow/example_dags/example_short_circuit_decorator.py
[2025-08-18T18:02:53.539+0000] {logging_mixin.py:151} INFO - [2025-08-18T18:02:53.539+0000] {dag.py:2941} INFO - Sync 1 DAGs
[2025-08-18T18:02:53.585+0000] {logging_mixin.py:151} INFO - [2025-08-18T18:02:53.585+0000] {dag.py:3722} INFO - Setting next_dagrun for example_short_circuit_decorator to 2025-08-17T18:02:53.584501+00:00, run_after=2025-08-18T18:02:53.584501+00:00
[2025-08-18T18:02:53.620+0000] {processor.py:179} INFO - Processing /home/airflow/.local/lib/python3.8/site-packages/airflow/example_dags/example_short_circuit_decorator.py took 0.181 seconds
[2025-08-18T18:03:24.557+0000] {processor.py:157} INFO - Started process (PID=655) to work on /home/airflow/.local/lib/python3.8/site-packages/airflow/example_dags/example_short_circuit_decorator.py
[2025-08-18T18:03:24.559+0000] {processor.py:829} INFO - Processing file /home/airflow/.local/lib/python3.8/site-packages/airflow/example_dags/example_short_circuit_decorator.py for tasks to queue
[2025-08-18T18:03:24.563+0000] {logging_mixin.py:151} INFO - [2025-08-18T18:03:24.563+0000] {dagbag.py:536} INFO - Filling up the DagBag from /home/airflow/.local/lib/python3.8/site-packages/airflow/example_dags/example_short_circuit_decorator.py
[2025-08-18T18:03:24.578+0000] {processor.py:839} INFO - DAG(s) dict_keys(['example_short_circuit_decorator']) retrieved from /home/airflow/.local/lib/python3.8/site-packages/airflow/example_dags/example_short_circuit_decorator.py
[2025-08-18T18:03:24.621+0000] {logging_mixin.py:151} INFO - [2025-08-18T18:03:24.621+0000] {dag.py:2941} INFO - Sync 1 DAGs
[2025-08-18T18:03:24.663+0000] {logging_mixin.py:151} INFO - [2025-08-18T18:03:24.662+0000] {dag.py:3722} INFO - Setting next_dagrun for example_short_circuit_decorator to 2025-08-17T18:03:24.661878+00:00, run_after=2025-08-18T18:03:24.661878+00:00
[2025-08-18T18:03:24.705+0000] {processor.py:179} INFO - Processing /home/airflow/.local/lib/python3.8/site-packages/airflow/example_dags/example_short_circuit_decorator.py took 0.159 seconds
[2025-08-18T18:03:55.510+0000] {processor.py:157} INFO - Started process (PID=709) to work on /home/airflow/.local/lib/python3.8/site-packages/airflow/example_dags/example_short_circuit_decorator.py
[2025-08-18T18:03:55.514+0000] {processor.py:829} INFO - Processing file /home/airflow/.local/lib/python3.8/site-packages/airflow/example_dags/example_short_circuit_decorator.py for tasks to queue
[2025-08-18T18:03:55.518+0000] {logging_mixin.py:151} INFO - [2025-08-18T18:03:55.517+0000] {dagbag.py:536} INFO - Filling up the DagBag from /home/airflow/.local/lib/python3.8/site-packages/airflow/example_dags/example_short_circuit_decorator.py
[2025-08-18T18:03:55.533+0000] {processor.py:839} INFO - DAG(s) dict_keys(['example_short_circuit_decorator']) retrieved from /home/airflow/.local/lib/python3.8/site-packages/airflow/example_dags/example_short_circuit_decorator.py
[2025-08-18T18:03:55.578+0000] {logging_mixin.py:151} INFO - [2025-08-18T18:03:55.578+0000] {dag.py:2941} INFO - Sync 1 DAGs
[2025-08-18T18:03:55.622+0000] {logging_mixin.py:151} INFO - [2025-08-18T18:03:55.622+0000] {dag.py:3722} INFO - Setting next_dagrun for example_short_circuit_decorator to 2025-08-17T18:03:55.622090+00:00, run_after=2025-08-18T18:03:55.622090+00:00
[2025-08-18T18:03:55.667+0000] {processor.py:179} INFO - Processing /home/airflow/.local/lib/python3.8/site-packages/airflow/example_dags/example_short_circuit_decorator.py took 0.164 seconds
[2025-08-18T18:04:26.075+0000] {processor.py:157} INFO - Started process (PID=763) to work on /home/airflow/.local/lib/python3.8/site-packages/airflow/example_dags/example_short_circuit_decorator.py
[2025-08-18T18:04:26.077+0000] {processor.py:829} INFO - Processing file /home/airflow/.local/lib/python3.8/site-packages/airflow/example_dags/example_short_circuit_decorator.py for tasks to queue
[2025-08-18T18:04:26.081+0000] {logging_mixin.py:151} INFO - [2025-08-18T18:04:26.081+0000] {dagbag.py:536} INFO - Filling up the DagBag from /home/airflow/.local/lib/python3.8/site-packages/airflow/example_dags/example_short_circuit_decorator.py
[2025-08-18T18:04:26.095+0000] {processor.py:839} INFO - DAG(s) dict_keys(['example_short_circuit_decorator']) retrieved from /home/airflow/.local/lib/python3.8/site-packages/airflow/example_dags/example_short_circuit_decorator.py
[2025-08-18T18:04:26.135+0000] {logging_mixin.py:151} INFO - [2025-08-18T18:04:26.135+0000] {dag.py:2941} INFO - Sync 1 DAGs
[2025-08-18T18:04:26.170+0000] {logging_mixin.py:151} INFO - [2025-08-18T18:04:26.170+0000] {dag.py:3722} INFO - Setting next_dagrun for example_short_circuit_decorator to 2025-08-17T18:04:26.170181+00:00, run_after=2025-08-18T18:04:26.170181+00:00
[2025-08-18T18:04:26.200+0000] {processor.py:179} INFO - Processing /home/airflow/.local/lib/python3.8/site-packages/airflow/example_dags/example_short_circuit_decorator.py took 0.129 seconds
[2025-08-18T18:04:56.650+0000] {processor.py:157} INFO - Started process (PID=817) to work on /home/airflow/.local/lib/python3.8/site-packages/airflow/example_dags/example_short_circuit_decorator.py
[2025-08-18T18:04:56.653+0000] {processor.py:829} INFO - Processing file /home/airflow/.local/lib/python3.8/site-packages/airflow/example_dags/example_short_circuit_decorator.py for tasks to queue
[2025-08-18T18:04:56.662+0000] {logging_mixin.py:151} INFO - [2025-08-18T18:04:56.662+0000] {dagbag.py:536} INFO - Filling up the DagBag from /home/airflow/.local/lib/python3.8/site-packages/airflow/example_dags/example_short_circuit_decorator.py
[2025-08-18T18:04:56.693+0000] {processor.py:839} INFO - DAG(s) dict_keys(['example_short_circuit_decorator']) retrieved from /home/airflow/.local/lib/python3.8/site-packages/airflow/example_dags/example_short_circuit_decorator.py
[2025-08-18T18:04:56.755+0000] {logging_mixin.py:151} INFO - [2025-08-18T18:04:56.755+0000] {dag.py:2941} INFO - Sync 1 DAGs
[2025-08-18T18:04:56.822+0000] {logging_mixin.py:151} INFO - [2025-08-18T18:04:56.821+0000] {dag.py:3722} INFO - Setting next_dagrun for example_short_circuit_decorator to 2025-08-17T18:04:56.820925+00:00, run_after=2025-08-18T18:04:56.820925+00:00
[2025-08-18T18:04:56.876+0000] {processor.py:179} INFO - Processing /home/airflow/.local/lib/python3.8/site-packages/airflow/example_dags/example_short_circuit_decorator.py took 0.235 seconds
