[2025-08-18T17:56:43.337+0000] {processor.py:157} INFO - Started process (PID=117) to work on /home/airflow/.local/lib/python3.8/site-packages/airflow/example_dags/example_sensor_decorator.py
[2025-08-18T17:56:43.338+0000] {processor.py:829} INFO - Processing file /home/airflow/.local/lib/python3.8/site-packages/airflow/example_dags/example_sensor_decorator.py for tasks to queue
[2025-08-18T17:56:43.343+0000] {logging_mixin.py:151} INFO - [2025-08-18T17:56:43.342+0000] {dagbag.py:536} INFO - Filling up the DagBag from /home/airflow/.local/lib/python3.8/site-packages/airflow/example_dags/example_sensor_decorator.py
[2025-08-18T17:56:43.396+0000] {processor.py:839} INFO - DAG(s) dict_keys(['example_sensor_decorator']) retrieved from /home/airflow/.local/lib/python3.8/site-packages/airflow/example_dags/example_sensor_decorator.py
[2025-08-18T17:56:43.638+0000] {logging_mixin.py:151} INFO - [2025-08-18T17:56:43.637+0000] {dag.py:2941} INFO - Sync 1 DAGs
[2025-08-18T17:56:43.825+0000] {logging_mixin.py:151} INFO - [2025-08-18T17:56:43.824+0000] {dag.py:3722} INFO - Setting next_dagrun for example_sensor_decorator to None, run_after=None
[2025-08-18T17:56:43.943+0000] {processor.py:179} INFO - Processing /home/airflow/.local/lib/python3.8/site-packages/airflow/example_dags/example_sensor_decorator.py took 0.614 seconds
[2025-08-18T17:58:09.700+0000] {processor.py:157} INFO - Started process (PID=110) to work on /home/airflow/.local/lib/python3.8/site-packages/airflow/example_dags/example_sensor_decorator.py
[2025-08-18T17:58:09.704+0000] {processor.py:829} INFO - Processing file /home/airflow/.local/lib/python3.8/site-packages/airflow/example_dags/example_sensor_decorator.py for tasks to queue
[2025-08-18T17:58:09.712+0000] {logging_mixin.py:151} INFO - [2025-08-18T17:58:09.710+0000] {dagbag.py:536} INFO - Filling up the DagBag from /home/airflow/.local/lib/python3.8/site-packages/airflow/example_dags/example_sensor_decorator.py
[2025-08-18T17:58:09.768+0000] {processor.py:839} INFO - DAG(s) dict_keys(['example_sensor_decorator']) retrieved from /home/airflow/.local/lib/python3.8/site-packages/airflow/example_dags/example_sensor_decorator.py
[2025-08-18T17:58:09.848+0000] {logging_mixin.py:151} INFO - [2025-08-18T17:58:09.847+0000] {dag.py:2941} INFO - Sync 1 DAGs
[2025-08-18T17:58:09.906+0000] {logging_mixin.py:151} INFO - [2025-08-18T17:58:09.905+0000] {dag.py:3722} INFO - Setting next_dagrun for example_sensor_decorator to None, run_after=None
[2025-08-18T17:58:09.997+0000] {processor.py:179} INFO - Processing /home/airflow/.local/lib/python3.8/site-packages/airflow/example_dags/example_sensor_decorator.py took 0.339 seconds
[2025-08-18T17:58:40.378+0000] {processor.py:157} INFO - Started process (PID=164) to work on /home/airflow/.local/lib/python3.8/site-packages/airflow/example_dags/example_sensor_decorator.py
[2025-08-18T17:58:40.380+0000] {processor.py:829} INFO - Processing file /home/airflow/.local/lib/python3.8/site-packages/airflow/example_dags/example_sensor_decorator.py for tasks to queue
[2025-08-18T17:58:40.385+0000] {logging_mixin.py:151} INFO - [2025-08-18T17:58:40.384+0000] {dagbag.py:536} INFO - Filling up the DagBag from /home/airflow/.local/lib/python3.8/site-packages/airflow/example_dags/example_sensor_decorator.py
[2025-08-18T17:58:40.400+0000] {processor.py:839} INFO - DAG(s) dict_keys(['example_sensor_decorator']) retrieved from /home/airflow/.local/lib/python3.8/site-packages/airflow/example_dags/example_sensor_decorator.py
[2025-08-18T17:58:40.464+0000] {logging_mixin.py:151} INFO - [2025-08-18T17:58:40.464+0000] {dag.py:2941} INFO - Sync 1 DAGs
[2025-08-18T17:58:40.500+0000] {logging_mixin.py:151} INFO - [2025-08-18T17:58:40.500+0000] {dag.py:3722} INFO - Setting next_dagrun for example_sensor_decorator to None, run_after=None
[2025-08-18T17:58:40.557+0000] {processor.py:179} INFO - Processing /home/airflow/.local/lib/python3.8/site-packages/airflow/example_dags/example_sensor_decorator.py took 0.187 seconds
[2025-08-18T17:59:15.424+0000] {processor.py:157} INFO - Started process (PID=218) to work on /home/airflow/.local/lib/python3.8/site-packages/airflow/example_dags/example_sensor_decorator.py
[2025-08-18T17:59:15.426+0000] {processor.py:829} INFO - Processing file /home/airflow/.local/lib/python3.8/site-packages/airflow/example_dags/example_sensor_decorator.py for tasks to queue
[2025-08-18T17:59:15.431+0000] {logging_mixin.py:151} INFO - [2025-08-18T17:59:15.431+0000] {dagbag.py:536} INFO - Filling up the DagBag from /home/airflow/.local/lib/python3.8/site-packages/airflow/example_dags/example_sensor_decorator.py
[2025-08-18T17:59:15.444+0000] {processor.py:839} INFO - DAG(s) dict_keys(['example_sensor_decorator']) retrieved from /home/airflow/.local/lib/python3.8/site-packages/airflow/example_dags/example_sensor_decorator.py
[2025-08-18T17:59:15.516+0000] {logging_mixin.py:151} INFO - [2025-08-18T17:59:15.515+0000] {dag.py:2941} INFO - Sync 1 DAGs
[2025-08-18T17:59:15.556+0000] {logging_mixin.py:151} INFO - [2025-08-18T17:59:15.556+0000] {dag.py:3722} INFO - Setting next_dagrun for example_sensor_decorator to None, run_after=None
[2025-08-18T17:59:15.634+0000] {processor.py:179} INFO - Processing /home/airflow/.local/lib/python3.8/site-packages/airflow/example_dags/example_sensor_decorator.py took 0.219 seconds
[2025-08-18T17:59:46.210+0000] {processor.py:157} INFO - Started process (PID=272) to work on /home/airflow/.local/lib/python3.8/site-packages/airflow/example_dags/example_sensor_decorator.py
[2025-08-18T17:59:46.212+0000] {processor.py:829} INFO - Processing file /home/airflow/.local/lib/python3.8/site-packages/airflow/example_dags/example_sensor_decorator.py for tasks to queue
[2025-08-18T17:59:46.215+0000] {logging_mixin.py:151} INFO - [2025-08-18T17:59:46.215+0000] {dagbag.py:536} INFO - Filling up the DagBag from /home/airflow/.local/lib/python3.8/site-packages/airflow/example_dags/example_sensor_decorator.py
[2025-08-18T17:59:46.228+0000] {processor.py:839} INFO - DAG(s) dict_keys(['example_sensor_decorator']) retrieved from /home/airflow/.local/lib/python3.8/site-packages/airflow/example_dags/example_sensor_decorator.py
[2025-08-18T17:59:46.269+0000] {logging_mixin.py:151} INFO - [2025-08-18T17:59:46.269+0000] {dag.py:2941} INFO - Sync 1 DAGs
[2025-08-18T17:59:46.296+0000] {logging_mixin.py:151} INFO - [2025-08-18T17:59:46.295+0000] {dag.py:3722} INFO - Setting next_dagrun for example_sensor_decorator to None, run_after=None
[2025-08-18T17:59:46.343+0000] {processor.py:179} INFO - Processing /home/airflow/.local/lib/python3.8/site-packages/airflow/example_dags/example_sensor_decorator.py took 0.139 seconds
[2025-08-18T18:00:17.707+0000] {processor.py:157} INFO - Started process (PID=326) to work on /home/airflow/.local/lib/python3.8/site-packages/airflow/example_dags/example_sensor_decorator.py
[2025-08-18T18:00:17.710+0000] {processor.py:829} INFO - Processing file /home/airflow/.local/lib/python3.8/site-packages/airflow/example_dags/example_sensor_decorator.py for tasks to queue
[2025-08-18T18:00:17.715+0000] {logging_mixin.py:151} INFO - [2025-08-18T18:00:17.714+0000] {dagbag.py:536} INFO - Filling up the DagBag from /home/airflow/.local/lib/python3.8/site-packages/airflow/example_dags/example_sensor_decorator.py
[2025-08-18T18:00:17.733+0000] {processor.py:839} INFO - DAG(s) dict_keys(['example_sensor_decorator']) retrieved from /home/airflow/.local/lib/python3.8/site-packages/airflow/example_dags/example_sensor_decorator.py
[2025-08-18T18:00:17.793+0000] {logging_mixin.py:151} INFO - [2025-08-18T18:00:17.792+0000] {dag.py:2941} INFO - Sync 1 DAGs
[2025-08-18T18:00:17.827+0000] {logging_mixin.py:151} INFO - [2025-08-18T18:00:17.827+0000] {dag.py:3722} INFO - Setting next_dagrun for example_sensor_decorator to None, run_after=None
[2025-08-18T18:00:17.874+0000] {processor.py:179} INFO - Processing /home/airflow/.local/lib/python3.8/site-packages/airflow/example_dags/example_sensor_decorator.py took 0.174 seconds
[2025-08-18T18:00:48.960+0000] {processor.py:157} INFO - Started process (PID=380) to work on /home/airflow/.local/lib/python3.8/site-packages/airflow/example_dags/example_sensor_decorator.py
[2025-08-18T18:00:48.961+0000] {processor.py:829} INFO - Processing file /home/airflow/.local/lib/python3.8/site-packages/airflow/example_dags/example_sensor_decorator.py for tasks to queue
[2025-08-18T18:00:48.972+0000] {logging_mixin.py:151} INFO - [2025-08-18T18:00:48.972+0000] {dagbag.py:536} INFO - Filling up the DagBag from /home/airflow/.local/lib/python3.8/site-packages/airflow/example_dags/example_sensor_decorator.py
[2025-08-18T18:00:48.993+0000] {processor.py:839} INFO - DAG(s) dict_keys(['example_sensor_decorator']) retrieved from /home/airflow/.local/lib/python3.8/site-packages/airflow/example_dags/example_sensor_decorator.py
[2025-08-18T18:00:49.064+0000] {logging_mixin.py:151} INFO - [2025-08-18T18:00:49.064+0000] {dag.py:2941} INFO - Sync 1 DAGs
[2025-08-18T18:00:49.113+0000] {logging_mixin.py:151} INFO - [2025-08-18T18:00:49.112+0000] {dag.py:3722} INFO - Setting next_dagrun for example_sensor_decorator to None, run_after=None
[2025-08-18T18:00:49.191+0000] {processor.py:179} INFO - Processing /home/airflow/.local/lib/python3.8/site-packages/airflow/example_dags/example_sensor_decorator.py took 0.237 seconds
[2025-08-18T18:01:19.992+0000] {processor.py:157} INFO - Started process (PID=434) to work on /home/airflow/.local/lib/python3.8/site-packages/airflow/example_dags/example_sensor_decorator.py
[2025-08-18T18:01:19.994+0000] {processor.py:829} INFO - Processing file /home/airflow/.local/lib/python3.8/site-packages/airflow/example_dags/example_sensor_decorator.py for tasks to queue
[2025-08-18T18:01:19.997+0000] {logging_mixin.py:151} INFO - [2025-08-18T18:01:19.997+0000] {dagbag.py:536} INFO - Filling up the DagBag from /home/airflow/.local/lib/python3.8/site-packages/airflow/example_dags/example_sensor_decorator.py
[2025-08-18T18:01:20.006+0000] {processor.py:839} INFO - DAG(s) dict_keys(['example_sensor_decorator']) retrieved from /home/airflow/.local/lib/python3.8/site-packages/airflow/example_dags/example_sensor_decorator.py
[2025-08-18T18:01:20.041+0000] {logging_mixin.py:151} INFO - [2025-08-18T18:01:20.040+0000] {dag.py:2941} INFO - Sync 1 DAGs
[2025-08-18T18:01:20.060+0000] {logging_mixin.py:151} INFO - [2025-08-18T18:01:20.059+0000] {dag.py:3722} INFO - Setting next_dagrun for example_sensor_decorator to None, run_after=None
[2025-08-18T18:01:20.106+0000] {processor.py:179} INFO - Processing /home/airflow/.local/lib/python3.8/site-packages/airflow/example_dags/example_sensor_decorator.py took 0.118 seconds
[2025-08-18T18:01:50.299+0000] {processor.py:157} INFO - Started process (PID=488) to work on /home/airflow/.local/lib/python3.8/site-packages/airflow/example_dags/example_sensor_decorator.py
[2025-08-18T18:01:50.303+0000] {processor.py:829} INFO - Processing file /home/airflow/.local/lib/python3.8/site-packages/airflow/example_dags/example_sensor_decorator.py for tasks to queue
[2025-08-18T18:01:50.310+0000] {logging_mixin.py:151} INFO - [2025-08-18T18:01:50.309+0000] {dagbag.py:536} INFO - Filling up the DagBag from /home/airflow/.local/lib/python3.8/site-packages/airflow/example_dags/example_sensor_decorator.py
[2025-08-18T18:01:50.323+0000] {processor.py:839} INFO - DAG(s) dict_keys(['example_sensor_decorator']) retrieved from /home/airflow/.local/lib/python3.8/site-packages/airflow/example_dags/example_sensor_decorator.py
[2025-08-18T18:01:50.373+0000] {logging_mixin.py:151} INFO - [2025-08-18T18:01:50.372+0000] {dag.py:2941} INFO - Sync 1 DAGs
[2025-08-18T18:01:50.397+0000] {logging_mixin.py:151} INFO - [2025-08-18T18:01:50.396+0000] {dag.py:3722} INFO - Setting next_dagrun for example_sensor_decorator to None, run_after=None
[2025-08-18T18:01:50.441+0000] {processor.py:179} INFO - Processing /home/airflow/.local/lib/python3.8/site-packages/airflow/example_dags/example_sensor_decorator.py took 0.150 seconds
[2025-08-18T18:02:21.168+0000] {processor.py:157} INFO - Started process (PID=542) to work on /home/airflow/.local/lib/python3.8/site-packages/airflow/example_dags/example_sensor_decorator.py
[2025-08-18T18:02:21.170+0000] {processor.py:829} INFO - Processing file /home/airflow/.local/lib/python3.8/site-packages/airflow/example_dags/example_sensor_decorator.py for tasks to queue
[2025-08-18T18:02:21.178+0000] {logging_mixin.py:151} INFO - [2025-08-18T18:02:21.177+0000] {dagbag.py:536} INFO - Filling up the DagBag from /home/airflow/.local/lib/python3.8/site-packages/airflow/example_dags/example_sensor_decorator.py
[2025-08-18T18:02:21.190+0000] {processor.py:839} INFO - DAG(s) dict_keys(['example_sensor_decorator']) retrieved from /home/airflow/.local/lib/python3.8/site-packages/airflow/example_dags/example_sensor_decorator.py
[2025-08-18T18:02:21.235+0000] {logging_mixin.py:151} INFO - [2025-08-18T18:02:21.234+0000] {dag.py:2941} INFO - Sync 1 DAGs
[2025-08-18T18:02:21.252+0000] {logging_mixin.py:151} INFO - [2025-08-18T18:02:21.252+0000] {dag.py:3722} INFO - Setting next_dagrun for example_sensor_decorator to None, run_after=None
[2025-08-18T18:02:21.291+0000] {processor.py:179} INFO - Processing /home/airflow/.local/lib/python3.8/site-packages/airflow/example_dags/example_sensor_decorator.py took 0.136 seconds
[2025-08-18T18:02:52.078+0000] {processor.py:157} INFO - Started process (PID=596) to work on /home/airflow/.local/lib/python3.8/site-packages/airflow/example_dags/example_sensor_decorator.py
[2025-08-18T18:02:52.079+0000] {processor.py:829} INFO - Processing file /home/airflow/.local/lib/python3.8/site-packages/airflow/example_dags/example_sensor_decorator.py for tasks to queue
[2025-08-18T18:02:52.082+0000] {logging_mixin.py:151} INFO - [2025-08-18T18:02:52.081+0000] {dagbag.py:536} INFO - Filling up the DagBag from /home/airflow/.local/lib/python3.8/site-packages/airflow/example_dags/example_sensor_decorator.py
[2025-08-18T18:02:52.089+0000] {processor.py:839} INFO - DAG(s) dict_keys(['example_sensor_decorator']) retrieved from /home/airflow/.local/lib/python3.8/site-packages/airflow/example_dags/example_sensor_decorator.py
[2025-08-18T18:02:52.120+0000] {logging_mixin.py:151} INFO - [2025-08-18T18:02:52.120+0000] {dag.py:2941} INFO - Sync 1 DAGs
[2025-08-18T18:02:52.137+0000] {logging_mixin.py:151} INFO - [2025-08-18T18:02:52.136+0000] {dag.py:3722} INFO - Setting next_dagrun for example_sensor_decorator to None, run_after=None
[2025-08-18T18:02:52.167+0000] {processor.py:179} INFO - Processing /home/airflow/.local/lib/python3.8/site-packages/airflow/example_dags/example_sensor_decorator.py took 0.095 seconds
[2025-08-18T18:03:23.104+0000] {processor.py:157} INFO - Started process (PID=651) to work on /home/airflow/.local/lib/python3.8/site-packages/airflow/example_dags/example_sensor_decorator.py
[2025-08-18T18:03:23.106+0000] {processor.py:829} INFO - Processing file /home/airflow/.local/lib/python3.8/site-packages/airflow/example_dags/example_sensor_decorator.py for tasks to queue
[2025-08-18T18:03:23.114+0000] {logging_mixin.py:151} INFO - [2025-08-18T18:03:23.113+0000] {dagbag.py:536} INFO - Filling up the DagBag from /home/airflow/.local/lib/python3.8/site-packages/airflow/example_dags/example_sensor_decorator.py
[2025-08-18T18:03:23.128+0000] {processor.py:839} INFO - DAG(s) dict_keys(['example_sensor_decorator']) retrieved from /home/airflow/.local/lib/python3.8/site-packages/airflow/example_dags/example_sensor_decorator.py
[2025-08-18T18:03:23.184+0000] {logging_mixin.py:151} INFO - [2025-08-18T18:03:23.183+0000] {dag.py:2941} INFO - Sync 1 DAGs
[2025-08-18T18:03:23.222+0000] {logging_mixin.py:151} INFO - [2025-08-18T18:03:23.221+0000] {dag.py:3722} INFO - Setting next_dagrun for example_sensor_decorator to None, run_after=None
[2025-08-18T18:03:23.280+0000] {processor.py:179} INFO - Processing /home/airflow/.local/lib/python3.8/site-packages/airflow/example_dags/example_sensor_decorator.py took 0.184 seconds
[2025-08-18T18:03:54.200+0000] {processor.py:157} INFO - Started process (PID=705) to work on /home/airflow/.local/lib/python3.8/site-packages/airflow/example_dags/example_sensor_decorator.py
[2025-08-18T18:03:54.202+0000] {processor.py:829} INFO - Processing file /home/airflow/.local/lib/python3.8/site-packages/airflow/example_dags/example_sensor_decorator.py for tasks to queue
[2025-08-18T18:03:54.205+0000] {logging_mixin.py:151} INFO - [2025-08-18T18:03:54.204+0000] {dagbag.py:536} INFO - Filling up the DagBag from /home/airflow/.local/lib/python3.8/site-packages/airflow/example_dags/example_sensor_decorator.py
[2025-08-18T18:03:54.214+0000] {processor.py:839} INFO - DAG(s) dict_keys(['example_sensor_decorator']) retrieved from /home/airflow/.local/lib/python3.8/site-packages/airflow/example_dags/example_sensor_decorator.py
[2025-08-18T18:03:54.243+0000] {logging_mixin.py:151} INFO - [2025-08-18T18:03:54.243+0000] {dag.py:2941} INFO - Sync 1 DAGs
[2025-08-18T18:03:54.261+0000] {logging_mixin.py:151} INFO - [2025-08-18T18:03:54.261+0000] {dag.py:3722} INFO - Setting next_dagrun for example_sensor_decorator to None, run_after=None
[2025-08-18T18:03:54.286+0000] {processor.py:179} INFO - Processing /home/airflow/.local/lib/python3.8/site-packages/airflow/example_dags/example_sensor_decorator.py took 0.093 seconds
[2025-08-18T18:04:24.760+0000] {processor.py:157} INFO - Started process (PID=759) to work on /home/airflow/.local/lib/python3.8/site-packages/airflow/example_dags/example_sensor_decorator.py
[2025-08-18T18:04:24.762+0000] {processor.py:829} INFO - Processing file /home/airflow/.local/lib/python3.8/site-packages/airflow/example_dags/example_sensor_decorator.py for tasks to queue
[2025-08-18T18:04:24.766+0000] {logging_mixin.py:151} INFO - [2025-08-18T18:04:24.765+0000] {dagbag.py:536} INFO - Filling up the DagBag from /home/airflow/.local/lib/python3.8/site-packages/airflow/example_dags/example_sensor_decorator.py
[2025-08-18T18:04:24.774+0000] {processor.py:839} INFO - DAG(s) dict_keys(['example_sensor_decorator']) retrieved from /home/airflow/.local/lib/python3.8/site-packages/airflow/example_dags/example_sensor_decorator.py
[2025-08-18T18:04:24.811+0000] {logging_mixin.py:151} INFO - [2025-08-18T18:04:24.811+0000] {dag.py:2941} INFO - Sync 1 DAGs
[2025-08-18T18:04:24.829+0000] {logging_mixin.py:151} INFO - [2025-08-18T18:04:24.829+0000] {dag.py:3722} INFO - Setting next_dagrun for example_sensor_decorator to None, run_after=None
[2025-08-18T18:04:24.866+0000] {processor.py:179} INFO - Processing /home/airflow/.local/lib/python3.8/site-packages/airflow/example_dags/example_sensor_decorator.py took 0.110 seconds
[2025-08-18T18:04:55.142+0000] {processor.py:157} INFO - Started process (PID=813) to work on /home/airflow/.local/lib/python3.8/site-packages/airflow/example_dags/example_sensor_decorator.py
[2025-08-18T18:04:55.144+0000] {processor.py:829} INFO - Processing file /home/airflow/.local/lib/python3.8/site-packages/airflow/example_dags/example_sensor_decorator.py for tasks to queue
[2025-08-18T18:04:55.148+0000] {logging_mixin.py:151} INFO - [2025-08-18T18:04:55.148+0000] {dagbag.py:536} INFO - Filling up the DagBag from /home/airflow/.local/lib/python3.8/site-packages/airflow/example_dags/example_sensor_decorator.py
[2025-08-18T18:04:55.160+0000] {processor.py:839} INFO - DAG(s) dict_keys(['example_sensor_decorator']) retrieved from /home/airflow/.local/lib/python3.8/site-packages/airflow/example_dags/example_sensor_decorator.py
[2025-08-18T18:04:55.204+0000] {logging_mixin.py:151} INFO - [2025-08-18T18:04:55.204+0000] {dag.py:2941} INFO - Sync 1 DAGs
[2025-08-18T18:04:55.253+0000] {logging_mixin.py:151} INFO - [2025-08-18T18:04:55.253+0000] {dag.py:3722} INFO - Setting next_dagrun for example_sensor_decorator to None, run_after=None
[2025-08-18T18:04:55.298+0000] {processor.py:179} INFO - Processing /home/airflow/.local/lib/python3.8/site-packages/airflow/example_dags/example_sensor_decorator.py took 0.162 seconds
