[2025-08-18T17:56:40.901+0000] {processor.py:157} INFO - Started process (PID=111) to work on /home/airflow/.local/lib/python3.8/site-packages/airflow/example_dags/example_latest_only_with_trigger.py
[2025-08-18T17:56:40.904+0000] {processor.py:829} INFO - Processing file /home/airflow/.local/lib/python3.8/site-packages/airflow/example_dags/example_latest_only_with_trigger.py for tasks to queue
[2025-08-18T17:56:40.937+0000] {logging_mixin.py:151} INFO - [2025-08-18T17:56:40.936+0000] {dagbag.py:536} INFO - Filling up the DagBag from /home/airflow/.local/lib/python3.8/site-packages/airflow/example_dags/example_latest_only_with_trigger.py
[2025-08-18T17:56:41.078+0000] {processor.py:839} INFO - DAG(s) dict_keys(['latest_only_with_trigger']) retrieved from /home/airflow/.local/lib/python3.8/site-packages/airflow/example_dags/example_latest_only_with_trigger.py
[2025-08-18T17:56:41.558+0000] {logging_mixin.py:151} INFO - [2025-08-18T17:56:41.557+0000] {dag.py:2941} INFO - Sync 1 DAGs
[2025-08-18T17:56:41.962+0000] {logging_mixin.py:151} INFO - [2025-08-18T17:56:41.961+0000] {dag.py:3722} INFO - Setting next_dagrun for latest_only_with_trigger to 2025-08-18T13:56:41.959630+00:00, run_after=2025-08-18T17:56:41.959630+00:00
[2025-08-18T17:56:42.067+0000] {processor.py:179} INFO - Processing /home/airflow/.local/lib/python3.8/site-packages/airflow/example_dags/example_latest_only_with_trigger.py took 1.182 seconds
[2025-08-18T17:58:06.692+0000] {processor.py:157} INFO - Started process (PID=104) to work on /home/airflow/.local/lib/python3.8/site-packages/airflow/example_dags/example_latest_only_with_trigger.py
[2025-08-18T17:58:06.705+0000] {processor.py:829} INFO - Processing file /home/airflow/.local/lib/python3.8/site-packages/airflow/example_dags/example_latest_only_with_trigger.py for tasks to queue
[2025-08-18T17:58:06.734+0000] {logging_mixin.py:151} INFO - [2025-08-18T17:58:06.733+0000] {dagbag.py:536} INFO - Filling up the DagBag from /home/airflow/.local/lib/python3.8/site-packages/airflow/example_dags/example_latest_only_with_trigger.py
[2025-08-18T17:58:06.842+0000] {processor.py:839} INFO - DAG(s) dict_keys(['latest_only_with_trigger']) retrieved from /home/airflow/.local/lib/python3.8/site-packages/airflow/example_dags/example_latest_only_with_trigger.py
[2025-08-18T17:58:06.917+0000] {logging_mixin.py:151} INFO - [2025-08-18T17:58:06.916+0000] {dag.py:2941} INFO - Sync 1 DAGs
[2025-08-18T17:58:07.025+0000] {logging_mixin.py:151} INFO - [2025-08-18T17:58:07.024+0000] {dag.py:3722} INFO - Setting next_dagrun for latest_only_with_trigger to 2025-08-18T13:58:07.024050+00:00, run_after=2025-08-18T17:58:07.024050+00:00
[2025-08-18T17:58:07.118+0000] {processor.py:179} INFO - Processing /home/airflow/.local/lib/python3.8/site-packages/airflow/example_dags/example_latest_only_with_trigger.py took 0.470 seconds
[2025-08-18T17:58:37.470+0000] {processor.py:157} INFO - Started process (PID=151) to work on /home/airflow/.local/lib/python3.8/site-packages/airflow/example_dags/example_latest_only_with_trigger.py
[2025-08-18T17:58:37.472+0000] {processor.py:829} INFO - Processing file /home/airflow/.local/lib/python3.8/site-packages/airflow/example_dags/example_latest_only_with_trigger.py for tasks to queue
[2025-08-18T17:58:37.475+0000] {logging_mixin.py:151} INFO - [2025-08-18T17:58:37.475+0000] {dagbag.py:536} INFO - Filling up the DagBag from /home/airflow/.local/lib/python3.8/site-packages/airflow/example_dags/example_latest_only_with_trigger.py
[2025-08-18T17:58:37.486+0000] {processor.py:839} INFO - DAG(s) dict_keys(['latest_only_with_trigger']) retrieved from /home/airflow/.local/lib/python3.8/site-packages/airflow/example_dags/example_latest_only_with_trigger.py
[2025-08-18T17:58:37.535+0000] {logging_mixin.py:151} INFO - [2025-08-18T17:58:37.535+0000] {dag.py:2941} INFO - Sync 1 DAGs
[2025-08-18T17:58:37.600+0000] {logging_mixin.py:151} INFO - [2025-08-18T17:58:37.600+0000] {dag.py:3722} INFO - Setting next_dagrun for latest_only_with_trigger to 2025-08-18T13:58:37.599643+00:00, run_after=2025-08-18T17:58:37.599643+00:00
[2025-08-18T17:58:37.650+0000] {processor.py:179} INFO - Processing /home/airflow/.local/lib/python3.8/site-packages/airflow/example_dags/example_latest_only_with_trigger.py took 0.188 seconds
[2025-08-18T17:59:13.472+0000] {processor.py:157} INFO - Started process (PID=212) to work on /home/airflow/.local/lib/python3.8/site-packages/airflow/example_dags/example_latest_only_with_trigger.py
[2025-08-18T17:59:13.476+0000] {processor.py:829} INFO - Processing file /home/airflow/.local/lib/python3.8/site-packages/airflow/example_dags/example_latest_only_with_trigger.py for tasks to queue
[2025-08-18T17:59:13.508+0000] {logging_mixin.py:151} INFO - [2025-08-18T17:59:13.505+0000] {dagbag.py:536} INFO - Filling up the DagBag from /home/airflow/.local/lib/python3.8/site-packages/airflow/example_dags/example_latest_only_with_trigger.py
[2025-08-18T17:59:13.897+0000] {processor.py:839} INFO - DAG(s) dict_keys(['latest_only_with_trigger']) retrieved from /home/airflow/.local/lib/python3.8/site-packages/airflow/example_dags/example_latest_only_with_trigger.py
[2025-08-18T17:59:14.466+0000] {logging_mixin.py:151} INFO - [2025-08-18T17:59:14.464+0000] {dag.py:2941} INFO - Sync 1 DAGs
[2025-08-18T17:59:14.616+0000] {logging_mixin.py:151} INFO - [2025-08-18T17:59:14.615+0000] {dag.py:3722} INFO - Setting next_dagrun for latest_only_with_trigger to 2025-08-18T13:59:14.614599+00:00, run_after=2025-08-18T17:59:14.614599+00:00
[2025-08-18T17:59:14.714+0000] {processor.py:179} INFO - Processing /home/airflow/.local/lib/python3.8/site-packages/airflow/example_dags/example_latest_only_with_trigger.py took 0.499 seconds
[2025-08-18T17:59:45.363+0000] {processor.py:157} INFO - Started process (PID=266) to work on /home/airflow/.local/lib/python3.8/site-packages/airflow/example_dags/example_latest_only_with_trigger.py
[2025-08-18T17:59:45.373+0000] {processor.py:829} INFO - Processing file /home/airflow/.local/lib/python3.8/site-packages/airflow/example_dags/example_latest_only_with_trigger.py for tasks to queue
[2025-08-18T17:59:45.381+0000] {logging_mixin.py:151} INFO - [2025-08-18T17:59:45.380+0000] {dagbag.py:536} INFO - Filling up the DagBag from /home/airflow/.local/lib/python3.8/site-packages/airflow/example_dags/example_latest_only_with_trigger.py
[2025-08-18T17:59:45.402+0000] {processor.py:839} INFO - DAG(s) dict_keys(['latest_only_with_trigger']) retrieved from /home/airflow/.local/lib/python3.8/site-packages/airflow/example_dags/example_latest_only_with_trigger.py
[2025-08-18T17:59:45.471+0000] {logging_mixin.py:151} INFO - [2025-08-18T17:59:45.470+0000] {dag.py:2941} INFO - Sync 1 DAGs
[2025-08-18T17:59:45.517+0000] {logging_mixin.py:151} INFO - [2025-08-18T17:59:45.517+0000] {dag.py:3722} INFO - Setting next_dagrun for latest_only_with_trigger to 2025-08-18T13:59:45.516430+00:00, run_after=2025-08-18T17:59:45.516430+00:00
[2025-08-18T17:59:45.585+0000] {processor.py:179} INFO - Processing /home/airflow/.local/lib/python3.8/site-packages/airflow/example_dags/example_latest_only_with_trigger.py took 0.239 seconds
[2025-08-18T18:00:16.716+0000] {processor.py:157} INFO - Started process (PID=320) to work on /home/airflow/.local/lib/python3.8/site-packages/airflow/example_dags/example_latest_only_with_trigger.py
[2025-08-18T18:00:16.718+0000] {processor.py:829} INFO - Processing file /home/airflow/.local/lib/python3.8/site-packages/airflow/example_dags/example_latest_only_with_trigger.py for tasks to queue
[2025-08-18T18:00:16.722+0000] {logging_mixin.py:151} INFO - [2025-08-18T18:00:16.722+0000] {dagbag.py:536} INFO - Filling up the DagBag from /home/airflow/.local/lib/python3.8/site-packages/airflow/example_dags/example_latest_only_with_trigger.py
[2025-08-18T18:00:16.733+0000] {processor.py:839} INFO - DAG(s) dict_keys(['latest_only_with_trigger']) retrieved from /home/airflow/.local/lib/python3.8/site-packages/airflow/example_dags/example_latest_only_with_trigger.py
[2025-08-18T18:00:16.793+0000] {logging_mixin.py:151} INFO - [2025-08-18T18:00:16.792+0000] {dag.py:2941} INFO - Sync 1 DAGs
[2025-08-18T18:00:16.867+0000] {logging_mixin.py:151} INFO - [2025-08-18T18:00:16.865+0000] {dag.py:3722} INFO - Setting next_dagrun for latest_only_with_trigger to 2025-08-18T14:00:16.864855+00:00, run_after=2025-08-18T18:00:16.864855+00:00
[2025-08-18T18:00:16.944+0000] {processor.py:179} INFO - Processing /home/airflow/.local/lib/python3.8/site-packages/airflow/example_dags/example_latest_only_with_trigger.py took 0.235 seconds
[2025-08-18T18:00:47.121+0000] {processor.py:157} INFO - Started process (PID=374) to work on /home/airflow/.local/lib/python3.8/site-packages/airflow/example_dags/example_latest_only_with_trigger.py
[2025-08-18T18:00:47.123+0000] {processor.py:829} INFO - Processing file /home/airflow/.local/lib/python3.8/site-packages/airflow/example_dags/example_latest_only_with_trigger.py for tasks to queue
[2025-08-18T18:00:47.132+0000] {logging_mixin.py:151} INFO - [2025-08-18T18:00:47.131+0000] {dagbag.py:536} INFO - Filling up the DagBag from /home/airflow/.local/lib/python3.8/site-packages/airflow/example_dags/example_latest_only_with_trigger.py
[2025-08-18T18:00:47.154+0000] {processor.py:839} INFO - DAG(s) dict_keys(['latest_only_with_trigger']) retrieved from /home/airflow/.local/lib/python3.8/site-packages/airflow/example_dags/example_latest_only_with_trigger.py
[2025-08-18T18:00:47.240+0000] {logging_mixin.py:151} INFO - [2025-08-18T18:00:47.239+0000] {dag.py:2941} INFO - Sync 1 DAGs
[2025-08-18T18:00:47.334+0000] {logging_mixin.py:151} INFO - [2025-08-18T18:00:47.333+0000] {dag.py:3722} INFO - Setting next_dagrun for latest_only_with_trigger to 2025-08-18T14:00:47.332636+00:00, run_after=2025-08-18T18:00:47.332636+00:00
[2025-08-18T18:00:47.415+0000] {processor.py:179} INFO - Processing /home/airflow/.local/lib/python3.8/site-packages/airflow/example_dags/example_latest_only_with_trigger.py took 0.304 seconds
[2025-08-18T18:01:17.716+0000] {processor.py:157} INFO - Started process (PID=428) to work on /home/airflow/.local/lib/python3.8/site-packages/airflow/example_dags/example_latest_only_with_trigger.py
[2025-08-18T18:01:17.720+0000] {processor.py:829} INFO - Processing file /home/airflow/.local/lib/python3.8/site-packages/airflow/example_dags/example_latest_only_with_trigger.py for tasks to queue
[2025-08-18T18:01:17.734+0000] {logging_mixin.py:151} INFO - [2025-08-18T18:01:17.731+0000] {dagbag.py:536} INFO - Filling up the DagBag from /home/airflow/.local/lib/python3.8/site-packages/airflow/example_dags/example_latest_only_with_trigger.py
[2025-08-18T18:01:17.745+0000] {processor.py:839} INFO - DAG(s) dict_keys(['latest_only_with_trigger']) retrieved from /home/airflow/.local/lib/python3.8/site-packages/airflow/example_dags/example_latest_only_with_trigger.py
[2025-08-18T18:01:17.880+0000] {logging_mixin.py:151} INFO - [2025-08-18T18:01:17.879+0000] {dag.py:2941} INFO - Sync 1 DAGs
[2025-08-18T18:01:18.019+0000] {logging_mixin.py:151} INFO - [2025-08-18T18:01:18.018+0000] {dag.py:3722} INFO - Setting next_dagrun for latest_only_with_trigger to 2025-08-18T14:01:18.016086+00:00, run_after=2025-08-18T18:01:18.016086+00:00
[2025-08-18T18:01:18.108+0000] {processor.py:179} INFO - Processing /home/airflow/.local/lib/python3.8/site-packages/airflow/example_dags/example_latest_only_with_trigger.py took 0.413 seconds
[2025-08-18T18:01:48.424+0000] {processor.py:157} INFO - Started process (PID=482) to work on /home/airflow/.local/lib/python3.8/site-packages/airflow/example_dags/example_latest_only_with_trigger.py
[2025-08-18T18:01:48.425+0000] {processor.py:829} INFO - Processing file /home/airflow/.local/lib/python3.8/site-packages/airflow/example_dags/example_latest_only_with_trigger.py for tasks to queue
[2025-08-18T18:01:48.429+0000] {logging_mixin.py:151} INFO - [2025-08-18T18:01:48.428+0000] {dagbag.py:536} INFO - Filling up the DagBag from /home/airflow/.local/lib/python3.8/site-packages/airflow/example_dags/example_latest_only_with_trigger.py
[2025-08-18T18:01:48.446+0000] {processor.py:839} INFO - DAG(s) dict_keys(['latest_only_with_trigger']) retrieved from /home/airflow/.local/lib/python3.8/site-packages/airflow/example_dags/example_latest_only_with_trigger.py
[2025-08-18T18:01:48.503+0000] {logging_mixin.py:151} INFO - [2025-08-18T18:01:48.503+0000] {dag.py:2941} INFO - Sync 1 DAGs
[2025-08-18T18:01:48.560+0000] {logging_mixin.py:151} INFO - [2025-08-18T18:01:48.559+0000] {dag.py:3722} INFO - Setting next_dagrun for latest_only_with_trigger to 2025-08-18T14:01:48.559471+00:00, run_after=2025-08-18T18:01:48.559471+00:00
[2025-08-18T18:01:48.603+0000] {processor.py:179} INFO - Processing /home/airflow/.local/lib/python3.8/site-packages/airflow/example_dags/example_latest_only_with_trigger.py took 0.189 seconds
[2025-08-18T18:02:19.342+0000] {processor.py:157} INFO - Started process (PID=536) to work on /home/airflow/.local/lib/python3.8/site-packages/airflow/example_dags/example_latest_only_with_trigger.py
[2025-08-18T18:02:19.345+0000] {processor.py:829} INFO - Processing file /home/airflow/.local/lib/python3.8/site-packages/airflow/example_dags/example_latest_only_with_trigger.py for tasks to queue
[2025-08-18T18:02:19.348+0000] {logging_mixin.py:151} INFO - [2025-08-18T18:02:19.348+0000] {dagbag.py:536} INFO - Filling up the DagBag from /home/airflow/.local/lib/python3.8/site-packages/airflow/example_dags/example_latest_only_with_trigger.py
[2025-08-18T18:02:19.357+0000] {processor.py:839} INFO - DAG(s) dict_keys(['latest_only_with_trigger']) retrieved from /home/airflow/.local/lib/python3.8/site-packages/airflow/example_dags/example_latest_only_with_trigger.py
[2025-08-18T18:02:19.396+0000] {logging_mixin.py:151} INFO - [2025-08-18T18:02:19.396+0000] {dag.py:2941} INFO - Sync 1 DAGs
[2025-08-18T18:02:19.436+0000] {logging_mixin.py:151} INFO - [2025-08-18T18:02:19.436+0000] {dag.py:3722} INFO - Setting next_dagrun for latest_only_with_trigger to 2025-08-18T14:02:19.436087+00:00, run_after=2025-08-18T18:02:19.436087+00:00
[2025-08-18T18:02:19.475+0000] {processor.py:179} INFO - Processing /home/airflow/.local/lib/python3.8/site-packages/airflow/example_dags/example_latest_only_with_trigger.py took 0.140 seconds
[2025-08-18T18:02:50.463+0000] {processor.py:157} INFO - Started process (PID=590) to work on /home/airflow/.local/lib/python3.8/site-packages/airflow/example_dags/example_latest_only_with_trigger.py
[2025-08-18T18:02:50.465+0000] {processor.py:829} INFO - Processing file /home/airflow/.local/lib/python3.8/site-packages/airflow/example_dags/example_latest_only_with_trigger.py for tasks to queue
[2025-08-18T18:02:50.470+0000] {logging_mixin.py:151} INFO - [2025-08-18T18:02:50.470+0000] {dagbag.py:536} INFO - Filling up the DagBag from /home/airflow/.local/lib/python3.8/site-packages/airflow/example_dags/example_latest_only_with_trigger.py
[2025-08-18T18:02:50.479+0000] {processor.py:839} INFO - DAG(s) dict_keys(['latest_only_with_trigger']) retrieved from /home/airflow/.local/lib/python3.8/site-packages/airflow/example_dags/example_latest_only_with_trigger.py
[2025-08-18T18:02:50.518+0000] {logging_mixin.py:151} INFO - [2025-08-18T18:02:50.518+0000] {dag.py:2941} INFO - Sync 1 DAGs
[2025-08-18T18:02:50.554+0000] {logging_mixin.py:151} INFO - [2025-08-18T18:02:50.553+0000] {dag.py:3722} INFO - Setting next_dagrun for latest_only_with_trigger to 2025-08-18T14:02:50.553546+00:00, run_after=2025-08-18T18:02:50.553546+00:00
[2025-08-18T18:02:50.586+0000] {processor.py:179} INFO - Processing /home/airflow/.local/lib/python3.8/site-packages/airflow/example_dags/example_latest_only_with_trigger.py took 0.129 seconds
[2025-08-18T18:03:21.173+0000] {processor.py:157} INFO - Started process (PID=645) to work on /home/airflow/.local/lib/python3.8/site-packages/airflow/example_dags/example_latest_only_with_trigger.py
[2025-08-18T18:03:21.176+0000] {processor.py:829} INFO - Processing file /home/airflow/.local/lib/python3.8/site-packages/airflow/example_dags/example_latest_only_with_trigger.py for tasks to queue
[2025-08-18T18:03:21.185+0000] {logging_mixin.py:151} INFO - [2025-08-18T18:03:21.182+0000] {dagbag.py:536} INFO - Filling up the DagBag from /home/airflow/.local/lib/python3.8/site-packages/airflow/example_dags/example_latest_only_with_trigger.py
[2025-08-18T18:03:21.206+0000] {processor.py:839} INFO - DAG(s) dict_keys(['latest_only_with_trigger']) retrieved from /home/airflow/.local/lib/python3.8/site-packages/airflow/example_dags/example_latest_only_with_trigger.py
[2025-08-18T18:03:21.269+0000] {logging_mixin.py:151} INFO - [2025-08-18T18:03:21.268+0000] {dag.py:2941} INFO - Sync 1 DAGs
[2025-08-18T18:03:21.322+0000] {logging_mixin.py:151} INFO - [2025-08-18T18:03:21.322+0000] {dag.py:3722} INFO - Setting next_dagrun for latest_only_with_trigger to 2025-08-18T14:03:21.321565+00:00, run_after=2025-08-18T18:03:21.321565+00:00
[2025-08-18T18:03:21.377+0000] {processor.py:179} INFO - Processing /home/airflow/.local/lib/python3.8/site-packages/airflow/example_dags/example_latest_only_with_trigger.py took 0.217 seconds
[2025-08-18T18:03:51.625+0000] {processor.py:157} INFO - Started process (PID=699) to work on /home/airflow/.local/lib/python3.8/site-packages/airflow/example_dags/example_latest_only_with_trigger.py
[2025-08-18T18:03:51.627+0000] {processor.py:829} INFO - Processing file /home/airflow/.local/lib/python3.8/site-packages/airflow/example_dags/example_latest_only_with_trigger.py for tasks to queue
[2025-08-18T18:03:51.631+0000] {logging_mixin.py:151} INFO - [2025-08-18T18:03:51.630+0000] {dagbag.py:536} INFO - Filling up the DagBag from /home/airflow/.local/lib/python3.8/site-packages/airflow/example_dags/example_latest_only_with_trigger.py
[2025-08-18T18:03:51.642+0000] {processor.py:839} INFO - DAG(s) dict_keys(['latest_only_with_trigger']) retrieved from /home/airflow/.local/lib/python3.8/site-packages/airflow/example_dags/example_latest_only_with_trigger.py
[2025-08-18T18:03:51.687+0000] {logging_mixin.py:151} INFO - [2025-08-18T18:03:51.687+0000] {dag.py:2941} INFO - Sync 1 DAGs
[2025-08-18T18:03:51.723+0000] {logging_mixin.py:151} INFO - [2025-08-18T18:03:51.723+0000] {dag.py:3722} INFO - Setting next_dagrun for latest_only_with_trigger to 2025-08-18T14:03:51.723118+00:00, run_after=2025-08-18T18:03:51.723118+00:00
[2025-08-18T18:03:51.756+0000] {processor.py:179} INFO - Processing /home/airflow/.local/lib/python3.8/site-packages/airflow/example_dags/example_latest_only_with_trigger.py took 0.139 seconds
[2025-08-18T18:04:23.215+0000] {processor.py:157} INFO - Started process (PID=753) to work on /home/airflow/.local/lib/python3.8/site-packages/airflow/example_dags/example_latest_only_with_trigger.py
[2025-08-18T18:04:23.217+0000] {processor.py:829} INFO - Processing file /home/airflow/.local/lib/python3.8/site-packages/airflow/example_dags/example_latest_only_with_trigger.py for tasks to queue
[2025-08-18T18:04:23.223+0000] {logging_mixin.py:151} INFO - [2025-08-18T18:04:23.223+0000] {dagbag.py:536} INFO - Filling up the DagBag from /home/airflow/.local/lib/python3.8/site-packages/airflow/example_dags/example_latest_only_with_trigger.py
[2025-08-18T18:04:23.240+0000] {processor.py:839} INFO - DAG(s) dict_keys(['latest_only_with_trigger']) retrieved from /home/airflow/.local/lib/python3.8/site-packages/airflow/example_dags/example_latest_only_with_trigger.py
[2025-08-18T18:04:23.294+0000] {logging_mixin.py:151} INFO - [2025-08-18T18:04:23.294+0000] {dag.py:2941} INFO - Sync 1 DAGs
[2025-08-18T18:04:23.346+0000] {logging_mixin.py:151} INFO - [2025-08-18T18:04:23.346+0000] {dag.py:3722} INFO - Setting next_dagrun for latest_only_with_trigger to 2025-08-18T14:04:23.346147+00:00, run_after=2025-08-18T18:04:23.346147+00:00
[2025-08-18T18:04:23.391+0000] {processor.py:179} INFO - Processing /home/airflow/.local/lib/python3.8/site-packages/airflow/example_dags/example_latest_only_with_trigger.py took 0.184 seconds
[2025-08-18T18:04:54.129+0000] {processor.py:157} INFO - Started process (PID=807) to work on /home/airflow/.local/lib/python3.8/site-packages/airflow/example_dags/example_latest_only_with_trigger.py
[2025-08-18T18:04:54.133+0000] {processor.py:829} INFO - Processing file /home/airflow/.local/lib/python3.8/site-packages/airflow/example_dags/example_latest_only_with_trigger.py for tasks to queue
[2025-08-18T18:04:54.142+0000] {logging_mixin.py:151} INFO - [2025-08-18T18:04:54.141+0000] {dagbag.py:536} INFO - Filling up the DagBag from /home/airflow/.local/lib/python3.8/site-packages/airflow/example_dags/example_latest_only_with_trigger.py
[2025-08-18T18:04:54.155+0000] {processor.py:839} INFO - DAG(s) dict_keys(['latest_only_with_trigger']) retrieved from /home/airflow/.local/lib/python3.8/site-packages/airflow/example_dags/example_latest_only_with_trigger.py
[2025-08-18T18:04:54.452+0000] {logging_mixin.py:151} INFO - [2025-08-18T18:04:54.451+0000] {dag.py:2941} INFO - Sync 1 DAGs
[2025-08-18T18:04:54.554+0000] {logging_mixin.py:151} INFO - [2025-08-18T18:04:54.554+0000] {dag.py:3722} INFO - Setting next_dagrun for latest_only_with_trigger to 2025-08-18T14:04:54.553718+00:00, run_after=2025-08-18T18:04:54.553718+00:00
[2025-08-18T18:04:54.607+0000] {processor.py:179} INFO - Processing /home/airflow/.local/lib/python3.8/site-packages/airflow/example_dags/example_latest_only_with_trigger.py took 0.484 seconds
