[2025-08-18T17:56:19.670+0000] {processor.py:157} INFO - Started process (PID=84) to work on /home/airflow/.local/lib/python3.8/site-packages/airflow/example_dags/example_skip_dag.py
[2025-08-18T17:56:19.726+0000] {processor.py:829} INFO - Processing file /home/airflow/.local/lib/python3.8/site-packages/airflow/example_dags/example_skip_dag.py for tasks to queue
[2025-08-18T17:56:19.736+0000] {logging_mixin.py:151} INFO - [2025-08-18T17:56:19.734+0000] {dagbag.py:536} INFO - Filling up the DagBag from /home/airflow/.local/lib/python3.8/site-packages/airflow/example_dags/example_skip_dag.py
[2025-08-18T17:56:19.917+0000] {processor.py:839} INFO - DAG(s) dict_keys(['example_skip_dag']) retrieved from /home/airflow/.local/lib/python3.8/site-packages/airflow/example_dags/example_skip_dag.py
[2025-08-18T17:56:20.396+0000] {logging_mixin.py:151} INFO - [2025-08-18T17:56:20.395+0000] {dag.py:2941} INFO - Sync 1 DAGs
[2025-08-18T17:56:21.600+0000] {logging_mixin.py:151} INFO - [2025-08-18T17:56:21.597+0000] {dag.py:3722} INFO - Setting next_dagrun for example_skip_dag to 2025-08-17T17:56:21.574528+00:00, run_after=2025-08-18T17:56:21.574528+00:00
[2025-08-18T17:56:21.750+0000] {processor.py:179} INFO - Processing /home/airflow/.local/lib/python3.8/site-packages/airflow/example_dags/example_skip_dag.py took 2.263 seconds
[2025-08-18T17:56:52.009+0000] {processor.py:157} INFO - Started process (PID=137) to work on /home/airflow/.local/lib/python3.8/site-packages/airflow/example_dags/example_skip_dag.py
[2025-08-18T17:56:52.017+0000] {processor.py:829} INFO - Processing file /home/airflow/.local/lib/python3.8/site-packages/airflow/example_dags/example_skip_dag.py for tasks to queue
[2025-08-18T17:56:52.024+0000] {logging_mixin.py:151} INFO - [2025-08-18T17:56:52.023+0000] {dagbag.py:536} INFO - Filling up the DagBag from /home/airflow/.local/lib/python3.8/site-packages/airflow/example_dags/example_skip_dag.py
[2025-08-18T17:56:52.047+0000] {processor.py:839} INFO - DAG(s) dict_keys(['example_skip_dag']) retrieved from /home/airflow/.local/lib/python3.8/site-packages/airflow/example_dags/example_skip_dag.py
[2025-08-18T17:56:52.152+0000] {logging_mixin.py:151} INFO - [2025-08-18T17:56:52.151+0000] {dag.py:2941} INFO - Sync 1 DAGs
[2025-08-18T17:56:52.243+0000] {logging_mixin.py:151} INFO - [2025-08-18T17:56:52.242+0000] {dag.py:3722} INFO - Setting next_dagrun for example_skip_dag to 2025-08-17T17:56:52.241561+00:00, run_after=2025-08-18T17:56:52.241561+00:00
[2025-08-18T17:56:52.461+0000] {processor.py:179} INFO - Processing /home/airflow/.local/lib/python3.8/site-packages/airflow/example_dags/example_skip_dag.py took 0.460 seconds
[2025-08-18T17:57:55.828+0000] {processor.py:157} INFO - Started process (PID=77) to work on /home/airflow/.local/lib/python3.8/site-packages/airflow/example_dags/example_skip_dag.py
[2025-08-18T17:57:55.886+0000] {processor.py:829} INFO - Processing file /home/airflow/.local/lib/python3.8/site-packages/airflow/example_dags/example_skip_dag.py for tasks to queue
[2025-08-18T17:57:55.917+0000] {logging_mixin.py:151} INFO - [2025-08-18T17:57:55.910+0000] {dagbag.py:536} INFO - Filling up the DagBag from /home/airflow/.local/lib/python3.8/site-packages/airflow/example_dags/example_skip_dag.py
[2025-08-18T17:57:56.044+0000] {processor.py:839} INFO - DAG(s) dict_keys(['example_skip_dag']) retrieved from /home/airflow/.local/lib/python3.8/site-packages/airflow/example_dags/example_skip_dag.py
[2025-08-18T17:57:56.207+0000] {logging_mixin.py:151} INFO - [2025-08-18T17:57:56.206+0000] {dag.py:2941} INFO - Sync 1 DAGs
[2025-08-18T17:57:56.279+0000] {logging_mixin.py:151} INFO - [2025-08-18T17:57:56.279+0000] {dag.py:3722} INFO - Setting next_dagrun for example_skip_dag to 2025-08-17T17:57:56.278912+00:00, run_after=2025-08-18T17:57:56.278912+00:00
[2025-08-18T17:57:56.334+0000] {processor.py:179} INFO - Processing /home/airflow/.local/lib/python3.8/site-packages/airflow/example_dags/example_skip_dag.py took 0.540 seconds
[2025-08-18T17:58:27.081+0000] {processor.py:157} INFO - Started process (PID=131) to work on /home/airflow/.local/lib/python3.8/site-packages/airflow/example_dags/example_skip_dag.py
[2025-08-18T17:58:27.084+0000] {processor.py:829} INFO - Processing file /home/airflow/.local/lib/python3.8/site-packages/airflow/example_dags/example_skip_dag.py for tasks to queue
[2025-08-18T17:58:27.093+0000] {logging_mixin.py:151} INFO - [2025-08-18T17:58:27.092+0000] {dagbag.py:536} INFO - Filling up the DagBag from /home/airflow/.local/lib/python3.8/site-packages/airflow/example_dags/example_skip_dag.py
[2025-08-18T17:58:27.112+0000] {processor.py:839} INFO - DAG(s) dict_keys(['example_skip_dag']) retrieved from /home/airflow/.local/lib/python3.8/site-packages/airflow/example_dags/example_skip_dag.py
[2025-08-18T17:58:27.177+0000] {logging_mixin.py:151} INFO - [2025-08-18T17:58:27.176+0000] {dag.py:2941} INFO - Sync 1 DAGs
[2025-08-18T17:58:27.242+0000] {logging_mixin.py:151} INFO - [2025-08-18T17:58:27.241+0000] {dag.py:3722} INFO - Setting next_dagrun for example_skip_dag to 2025-08-17T17:58:27.240978+00:00, run_after=2025-08-18T17:58:27.240978+00:00
[2025-08-18T17:58:27.284+0000] {processor.py:179} INFO - Processing /home/airflow/.local/lib/python3.8/site-packages/airflow/example_dags/example_skip_dag.py took 0.210 seconds
[2025-08-18T17:58:58.888+0000] {processor.py:157} INFO - Started process (PID=185) to work on /home/airflow/.local/lib/python3.8/site-packages/airflow/example_dags/example_skip_dag.py
[2025-08-18T17:58:58.937+0000] {processor.py:829} INFO - Processing file /home/airflow/.local/lib/python3.8/site-packages/airflow/example_dags/example_skip_dag.py for tasks to queue
[2025-08-18T17:58:59.425+0000] {logging_mixin.py:151} INFO - [2025-08-18T17:58:59.368+0000] {dagbag.py:536} INFO - Filling up the DagBag from /home/airflow/.local/lib/python3.8/site-packages/airflow/example_dags/example_skip_dag.py
[2025-08-18T17:58:59.769+0000] {processor.py:839} INFO - DAG(s) dict_keys(['example_skip_dag']) retrieved from /home/airflow/.local/lib/python3.8/site-packages/airflow/example_dags/example_skip_dag.py
[2025-08-18T17:58:59.963+0000] {logging_mixin.py:151} INFO - [2025-08-18T17:58:59.962+0000] {dag.py:2941} INFO - Sync 1 DAGs
[2025-08-18T17:59:00.123+0000] {logging_mixin.py:151} INFO - [2025-08-18T17:59:00.120+0000] {dag.py:3722} INFO - Setting next_dagrun for example_skip_dag to 2025-08-17T17:59:00.117388+00:00, run_after=2025-08-18T17:59:00.117388+00:00
[2025-08-18T17:59:00.229+0000] {processor.py:179} INFO - Processing /home/airflow/.local/lib/python3.8/site-packages/airflow/example_dags/example_skip_dag.py took 1.608 seconds
[2025-08-18T17:59:30.353+0000] {processor.py:157} INFO - Started process (PID=238) to work on /home/airflow/.local/lib/python3.8/site-packages/airflow/example_dags/example_skip_dag.py
[2025-08-18T17:59:30.356+0000] {processor.py:829} INFO - Processing file /home/airflow/.local/lib/python3.8/site-packages/airflow/example_dags/example_skip_dag.py for tasks to queue
[2025-08-18T17:59:30.361+0000] {logging_mixin.py:151} INFO - [2025-08-18T17:59:30.360+0000] {dagbag.py:536} INFO - Filling up the DagBag from /home/airflow/.local/lib/python3.8/site-packages/airflow/example_dags/example_skip_dag.py
[2025-08-18T17:59:30.375+0000] {processor.py:839} INFO - DAG(s) dict_keys(['example_skip_dag']) retrieved from /home/airflow/.local/lib/python3.8/site-packages/airflow/example_dags/example_skip_dag.py
[2025-08-18T17:59:30.440+0000] {logging_mixin.py:151} INFO - [2025-08-18T17:59:30.439+0000] {dag.py:2941} INFO - Sync 1 DAGs
[2025-08-18T17:59:30.502+0000] {logging_mixin.py:151} INFO - [2025-08-18T17:59:30.502+0000] {dag.py:3722} INFO - Setting next_dagrun for example_skip_dag to 2025-08-17T17:59:30.501601+00:00, run_after=2025-08-18T17:59:30.501601+00:00
[2025-08-18T17:59:30.557+0000] {processor.py:179} INFO - Processing /home/airflow/.local/lib/python3.8/site-packages/airflow/example_dags/example_skip_dag.py took 0.215 seconds
[2025-08-18T18:00:01.334+0000] {processor.py:157} INFO - Started process (PID=291) to work on /home/airflow/.local/lib/python3.8/site-packages/airflow/example_dags/example_skip_dag.py
[2025-08-18T18:00:01.336+0000] {processor.py:829} INFO - Processing file /home/airflow/.local/lib/python3.8/site-packages/airflow/example_dags/example_skip_dag.py for tasks to queue
[2025-08-18T18:00:01.346+0000] {logging_mixin.py:151} INFO - [2025-08-18T18:00:01.343+0000] {dagbag.py:536} INFO - Filling up the DagBag from /home/airflow/.local/lib/python3.8/site-packages/airflow/example_dags/example_skip_dag.py
[2025-08-18T18:00:01.390+0000] {processor.py:839} INFO - DAG(s) dict_keys(['example_skip_dag']) retrieved from /home/airflow/.local/lib/python3.8/site-packages/airflow/example_dags/example_skip_dag.py
[2025-08-18T18:00:01.468+0000] {logging_mixin.py:151} INFO - [2025-08-18T18:00:01.463+0000] {dag.py:2941} INFO - Sync 1 DAGs
[2025-08-18T18:00:01.520+0000] {logging_mixin.py:151} INFO - [2025-08-18T18:00:01.519+0000] {dag.py:3722} INFO - Setting next_dagrun for example_skip_dag to 2025-08-17T18:00:01.519298+00:00, run_after=2025-08-18T18:00:01.519298+00:00
[2025-08-18T18:00:01.563+0000] {processor.py:179} INFO - Processing /home/airflow/.local/lib/python3.8/site-packages/airflow/example_dags/example_skip_dag.py took 0.253 seconds
[2025-08-18T18:00:31.622+0000] {processor.py:157} INFO - Started process (PID=345) to work on /home/airflow/.local/lib/python3.8/site-packages/airflow/example_dags/example_skip_dag.py
[2025-08-18T18:00:31.623+0000] {processor.py:829} INFO - Processing file /home/airflow/.local/lib/python3.8/site-packages/airflow/example_dags/example_skip_dag.py for tasks to queue
[2025-08-18T18:00:31.627+0000] {logging_mixin.py:151} INFO - [2025-08-18T18:00:31.627+0000] {dagbag.py:536} INFO - Filling up the DagBag from /home/airflow/.local/lib/python3.8/site-packages/airflow/example_dags/example_skip_dag.py
[2025-08-18T18:00:31.639+0000] {processor.py:839} INFO - DAG(s) dict_keys(['example_skip_dag']) retrieved from /home/airflow/.local/lib/python3.8/site-packages/airflow/example_dags/example_skip_dag.py
[2025-08-18T18:00:31.676+0000] {logging_mixin.py:151} INFO - [2025-08-18T18:00:31.675+0000] {dag.py:2941} INFO - Sync 1 DAGs
[2025-08-18T18:00:31.715+0000] {logging_mixin.py:151} INFO - [2025-08-18T18:00:31.715+0000] {dag.py:3722} INFO - Setting next_dagrun for example_skip_dag to 2025-08-17T18:00:31.715158+00:00, run_after=2025-08-18T18:00:31.715158+00:00
[2025-08-18T18:00:31.749+0000] {processor.py:179} INFO - Processing /home/airflow/.local/lib/python3.8/site-packages/airflow/example_dags/example_skip_dag.py took 0.139 seconds
[2025-08-18T18:01:02.008+0000] {processor.py:157} INFO - Started process (PID=399) to work on /home/airflow/.local/lib/python3.8/site-packages/airflow/example_dags/example_skip_dag.py
[2025-08-18T18:01:02.010+0000] {processor.py:829} INFO - Processing file /home/airflow/.local/lib/python3.8/site-packages/airflow/example_dags/example_skip_dag.py for tasks to queue
[2025-08-18T18:01:02.016+0000] {logging_mixin.py:151} INFO - [2025-08-18T18:01:02.015+0000] {dagbag.py:536} INFO - Filling up the DagBag from /home/airflow/.local/lib/python3.8/site-packages/airflow/example_dags/example_skip_dag.py
[2025-08-18T18:01:02.028+0000] {processor.py:839} INFO - DAG(s) dict_keys(['example_skip_dag']) retrieved from /home/airflow/.local/lib/python3.8/site-packages/airflow/example_dags/example_skip_dag.py
[2025-08-18T18:01:02.073+0000] {logging_mixin.py:151} INFO - [2025-08-18T18:01:02.072+0000] {dag.py:2941} INFO - Sync 1 DAGs
[2025-08-18T18:01:02.127+0000] {logging_mixin.py:151} INFO - [2025-08-18T18:01:02.126+0000] {dag.py:3722} INFO - Setting next_dagrun for example_skip_dag to 2025-08-17T18:01:02.126083+00:00, run_after=2025-08-18T18:01:02.126083+00:00
[2025-08-18T18:01:02.178+0000] {processor.py:179} INFO - Processing /home/airflow/.local/lib/python3.8/site-packages/airflow/example_dags/example_skip_dag.py took 0.184 seconds
[2025-08-18T18:01:32.946+0000] {processor.py:157} INFO - Started process (PID=453) to work on /home/airflow/.local/lib/python3.8/site-packages/airflow/example_dags/example_skip_dag.py
[2025-08-18T18:01:32.949+0000] {processor.py:829} INFO - Processing file /home/airflow/.local/lib/python3.8/site-packages/airflow/example_dags/example_skip_dag.py for tasks to queue
[2025-08-18T18:01:32.958+0000] {logging_mixin.py:151} INFO - [2025-08-18T18:01:32.957+0000] {dagbag.py:536} INFO - Filling up the DagBag from /home/airflow/.local/lib/python3.8/site-packages/airflow/example_dags/example_skip_dag.py
[2025-08-18T18:01:32.976+0000] {processor.py:839} INFO - DAG(s) dict_keys(['example_skip_dag']) retrieved from /home/airflow/.local/lib/python3.8/site-packages/airflow/example_dags/example_skip_dag.py
[2025-08-18T18:01:33.046+0000] {logging_mixin.py:151} INFO - [2025-08-18T18:01:33.045+0000] {dag.py:2941} INFO - Sync 1 DAGs
[2025-08-18T18:01:33.124+0000] {logging_mixin.py:151} INFO - [2025-08-18T18:01:33.123+0000] {dag.py:3722} INFO - Setting next_dagrun for example_skip_dag to 2025-08-17T18:01:33.123412+00:00, run_after=2025-08-18T18:01:33.123412+00:00
[2025-08-18T18:01:33.218+0000] {processor.py:179} INFO - Processing /home/airflow/.local/lib/python3.8/site-packages/airflow/example_dags/example_skip_dag.py took 0.280 seconds
[2025-08-18T18:02:03.374+0000] {processor.py:157} INFO - Started process (PID=507) to work on /home/airflow/.local/lib/python3.8/site-packages/airflow/example_dags/example_skip_dag.py
[2025-08-18T18:02:03.378+0000] {processor.py:829} INFO - Processing file /home/airflow/.local/lib/python3.8/site-packages/airflow/example_dags/example_skip_dag.py for tasks to queue
[2025-08-18T18:02:03.388+0000] {logging_mixin.py:151} INFO - [2025-08-18T18:02:03.386+0000] {dagbag.py:536} INFO - Filling up the DagBag from /home/airflow/.local/lib/python3.8/site-packages/airflow/example_dags/example_skip_dag.py
[2025-08-18T18:02:03.412+0000] {processor.py:839} INFO - DAG(s) dict_keys(['example_skip_dag']) retrieved from /home/airflow/.local/lib/python3.8/site-packages/airflow/example_dags/example_skip_dag.py
[2025-08-18T18:02:03.559+0000] {logging_mixin.py:151} INFO - [2025-08-18T18:02:03.558+0000] {dag.py:2941} INFO - Sync 1 DAGs
[2025-08-18T18:02:03.685+0000] {logging_mixin.py:151} INFO - [2025-08-18T18:02:03.684+0000] {dag.py:3722} INFO - Setting next_dagrun for example_skip_dag to 2025-08-17T18:02:03.684536+00:00, run_after=2025-08-18T18:02:03.684536+00:00
[2025-08-18T18:02:03.748+0000] {processor.py:179} INFO - Processing /home/airflow/.local/lib/python3.8/site-packages/airflow/example_dags/example_skip_dag.py took 0.392 seconds
[2025-08-18T18:02:33.858+0000] {processor.py:157} INFO - Started process (PID=561) to work on /home/airflow/.local/lib/python3.8/site-packages/airflow/example_dags/example_skip_dag.py
[2025-08-18T18:02:33.873+0000] {processor.py:829} INFO - Processing file /home/airflow/.local/lib/python3.8/site-packages/airflow/example_dags/example_skip_dag.py for tasks to queue
[2025-08-18T18:02:33.877+0000] {logging_mixin.py:151} INFO - [2025-08-18T18:02:33.876+0000] {dagbag.py:536} INFO - Filling up the DagBag from /home/airflow/.local/lib/python3.8/site-packages/airflow/example_dags/example_skip_dag.py
[2025-08-18T18:02:33.905+0000] {processor.py:839} INFO - DAG(s) dict_keys(['example_skip_dag']) retrieved from /home/airflow/.local/lib/python3.8/site-packages/airflow/example_dags/example_skip_dag.py
[2025-08-18T18:02:33.959+0000] {logging_mixin.py:151} INFO - [2025-08-18T18:02:33.959+0000] {dag.py:2941} INFO - Sync 1 DAGs
[2025-08-18T18:02:34.002+0000] {logging_mixin.py:151} INFO - [2025-08-18T18:02:34.001+0000] {dag.py:3722} INFO - Setting next_dagrun for example_skip_dag to 2025-08-17T18:02:34.001477+00:00, run_after=2025-08-18T18:02:34.001477+00:00
[2025-08-18T18:02:34.040+0000] {processor.py:179} INFO - Processing /home/airflow/.local/lib/python3.8/site-packages/airflow/example_dags/example_skip_dag.py took 0.190 seconds
[2025-08-18T18:03:04.499+0000] {processor.py:157} INFO - Started process (PID=615) to work on /home/airflow/.local/lib/python3.8/site-packages/airflow/example_dags/example_skip_dag.py
[2025-08-18T18:03:04.500+0000] {processor.py:829} INFO - Processing file /home/airflow/.local/lib/python3.8/site-packages/airflow/example_dags/example_skip_dag.py for tasks to queue
[2025-08-18T18:03:04.508+0000] {logging_mixin.py:151} INFO - [2025-08-18T18:03:04.507+0000] {dagbag.py:536} INFO - Filling up the DagBag from /home/airflow/.local/lib/python3.8/site-packages/airflow/example_dags/example_skip_dag.py
[2025-08-18T18:03:04.517+0000] {processor.py:839} INFO - DAG(s) dict_keys(['example_skip_dag']) retrieved from /home/airflow/.local/lib/python3.8/site-packages/airflow/example_dags/example_skip_dag.py
[2025-08-18T18:03:04.560+0000] {logging_mixin.py:151} INFO - [2025-08-18T18:03:04.560+0000] {dag.py:2941} INFO - Sync 1 DAGs
[2025-08-18T18:03:04.622+0000] {logging_mixin.py:151} INFO - [2025-08-18T18:03:04.622+0000] {dag.py:3722} INFO - Setting next_dagrun for example_skip_dag to 2025-08-17T18:03:04.622186+00:00, run_after=2025-08-18T18:03:04.622186+00:00
[2025-08-18T18:03:04.655+0000] {processor.py:179} INFO - Processing /home/airflow/.local/lib/python3.8/site-packages/airflow/example_dags/example_skip_dag.py took 0.162 seconds
[2025-08-18T18:03:35.173+0000] {processor.py:157} INFO - Started process (PID=670) to work on /home/airflow/.local/lib/python3.8/site-packages/airflow/example_dags/example_skip_dag.py
[2025-08-18T18:03:35.176+0000] {processor.py:829} INFO - Processing file /home/airflow/.local/lib/python3.8/site-packages/airflow/example_dags/example_skip_dag.py for tasks to queue
[2025-08-18T18:03:35.181+0000] {logging_mixin.py:151} INFO - [2025-08-18T18:03:35.181+0000] {dagbag.py:536} INFO - Filling up the DagBag from /home/airflow/.local/lib/python3.8/site-packages/airflow/example_dags/example_skip_dag.py
[2025-08-18T18:03:35.196+0000] {processor.py:839} INFO - DAG(s) dict_keys(['example_skip_dag']) retrieved from /home/airflow/.local/lib/python3.8/site-packages/airflow/example_dags/example_skip_dag.py
[2025-08-18T18:03:35.233+0000] {logging_mixin.py:151} INFO - [2025-08-18T18:03:35.232+0000] {dag.py:2941} INFO - Sync 1 DAGs
[2025-08-18T18:03:35.270+0000] {logging_mixin.py:151} INFO - [2025-08-18T18:03:35.270+0000] {dag.py:3722} INFO - Setting next_dagrun for example_skip_dag to 2025-08-17T18:03:35.270031+00:00, run_after=2025-08-18T18:03:35.270031+00:00
[2025-08-18T18:03:35.302+0000] {processor.py:179} INFO - Processing /home/airflow/.local/lib/python3.8/site-packages/airflow/example_dags/example_skip_dag.py took 0.135 seconds
[2025-08-18T18:04:06.156+0000] {processor.py:157} INFO - Started process (PID=724) to work on /home/airflow/.local/lib/python3.8/site-packages/airflow/example_dags/example_skip_dag.py
[2025-08-18T18:04:06.157+0000] {processor.py:829} INFO - Processing file /home/airflow/.local/lib/python3.8/site-packages/airflow/example_dags/example_skip_dag.py for tasks to queue
[2025-08-18T18:04:06.164+0000] {logging_mixin.py:151} INFO - [2025-08-18T18:04:06.164+0000] {dagbag.py:536} INFO - Filling up the DagBag from /home/airflow/.local/lib/python3.8/site-packages/airflow/example_dags/example_skip_dag.py
[2025-08-18T18:04:06.172+0000] {processor.py:839} INFO - DAG(s) dict_keys(['example_skip_dag']) retrieved from /home/airflow/.local/lib/python3.8/site-packages/airflow/example_dags/example_skip_dag.py
[2025-08-18T18:04:06.204+0000] {logging_mixin.py:151} INFO - [2025-08-18T18:04:06.204+0000] {dag.py:2941} INFO - Sync 1 DAGs
[2025-08-18T18:04:06.236+0000] {logging_mixin.py:151} INFO - [2025-08-18T18:04:06.235+0000] {dag.py:3722} INFO - Setting next_dagrun for example_skip_dag to 2025-08-17T18:04:06.235535+00:00, run_after=2025-08-18T18:04:06.235535+00:00
[2025-08-18T18:04:06.262+0000] {processor.py:179} INFO - Processing /home/airflow/.local/lib/python3.8/site-packages/airflow/example_dags/example_skip_dag.py took 0.111 seconds
[2025-08-18T18:04:36.393+0000] {processor.py:157} INFO - Started process (PID=778) to work on /home/airflow/.local/lib/python3.8/site-packages/airflow/example_dags/example_skip_dag.py
[2025-08-18T18:04:36.396+0000] {processor.py:829} INFO - Processing file /home/airflow/.local/lib/python3.8/site-packages/airflow/example_dags/example_skip_dag.py for tasks to queue
[2025-08-18T18:04:36.400+0000] {logging_mixin.py:151} INFO - [2025-08-18T18:04:36.399+0000] {dagbag.py:536} INFO - Filling up the DagBag from /home/airflow/.local/lib/python3.8/site-packages/airflow/example_dags/example_skip_dag.py
[2025-08-18T18:04:36.413+0000] {processor.py:839} INFO - DAG(s) dict_keys(['example_skip_dag']) retrieved from /home/airflow/.local/lib/python3.8/site-packages/airflow/example_dags/example_skip_dag.py
[2025-08-18T18:04:36.462+0000] {logging_mixin.py:151} INFO - [2025-08-18T18:04:36.461+0000] {dag.py:2941} INFO - Sync 1 DAGs
[2025-08-18T18:04:36.502+0000] {logging_mixin.py:151} INFO - [2025-08-18T18:04:36.501+0000] {dag.py:3722} INFO - Setting next_dagrun for example_skip_dag to 2025-08-17T18:04:36.501514+00:00, run_after=2025-08-18T18:04:36.501514+00:00
[2025-08-18T18:04:36.540+0000] {processor.py:179} INFO - Processing /home/airflow/.local/lib/python3.8/site-packages/airflow/example_dags/example_skip_dag.py took 0.155 seconds
[2025-08-18T18:05:06.709+0000] {processor.py:157} INFO - Started process (PID=832) to work on /home/airflow/.local/lib/python3.8/site-packages/airflow/example_dags/example_skip_dag.py
[2025-08-18T18:05:06.711+0000] {processor.py:829} INFO - Processing file /home/airflow/.local/lib/python3.8/site-packages/airflow/example_dags/example_skip_dag.py for tasks to queue
[2025-08-18T18:05:06.714+0000] {logging_mixin.py:151} INFO - [2025-08-18T18:05:06.714+0000] {dagbag.py:536} INFO - Filling up the DagBag from /home/airflow/.local/lib/python3.8/site-packages/airflow/example_dags/example_skip_dag.py
[2025-08-18T18:05:06.730+0000] {processor.py:839} INFO - DAG(s) dict_keys(['example_skip_dag']) retrieved from /home/airflow/.local/lib/python3.8/site-packages/airflow/example_dags/example_skip_dag.py
[2025-08-18T18:05:06.786+0000] {logging_mixin.py:151} INFO - [2025-08-18T18:05:06.785+0000] {dag.py:2941} INFO - Sync 1 DAGs
[2025-08-18T18:05:06.913+0000] {logging_mixin.py:151} INFO - [2025-08-18T18:05:06.913+0000] {dag.py:3722} INFO - Setting next_dagrun for example_skip_dag to 2025-08-17T18:05:06.912718+00:00, run_after=2025-08-18T18:05:06.912718+00:00
[2025-08-18T18:05:06.951+0000] {processor.py:179} INFO - Processing /home/airflow/.local/lib/python3.8/site-packages/airflow/example_dags/example_skip_dag.py took 0.249 seconds
