[2025-08-18T17:56:45.285+0000] {processor.py:157} INFO - Started process (PID=120) to work on /home/airflow/.local/lib/python3.8/site-packages/airflow/example_dags/example_branch_labels.py
[2025-08-18T17:56:45.286+0000] {processor.py:829} INFO - Processing file /home/airflow/.local/lib/python3.8/site-packages/airflow/example_dags/example_branch_labels.py for tasks to queue
[2025-08-18T17:56:45.291+0000] {logging_mixin.py:151} INFO - [2025-08-18T17:56:45.290+0000] {dagbag.py:536} INFO - Filling up the DagBag from /home/airflow/.local/lib/python3.8/site-packages/airflow/example_dags/example_branch_labels.py
[2025-08-18T17:56:45.332+0000] {processor.py:839} INFO - DAG(s) dict_keys(['example_branch_labels']) retrieved from /home/airflow/.local/lib/python3.8/site-packages/airflow/example_dags/example_branch_labels.py
[2025-08-18T17:56:45.677+0000] {logging_mixin.py:151} INFO - [2025-08-18T17:56:45.677+0000] {dag.py:2941} INFO - Sync 1 DAGs
[2025-08-18T17:56:45.888+0000] {logging_mixin.py:151} INFO - [2025-08-18T17:56:45.887+0000] {dag.py:3722} INFO - Setting next_dagrun for example_branch_labels to 2025-08-17T00:00:00+00:00, run_after=2025-08-18T00:00:00+00:00
[2025-08-18T17:56:45.992+0000] {processor.py:179} INFO - Processing /home/airflow/.local/lib/python3.8/site-packages/airflow/example_dags/example_branch_labels.py took 0.713 seconds
[2025-08-18T17:58:10.489+0000] {processor.py:157} INFO - Started process (PID=113) to work on /home/airflow/.local/lib/python3.8/site-packages/airflow/example_dags/example_branch_labels.py
[2025-08-18T17:58:10.572+0000] {processor.py:829} INFO - Processing file /home/airflow/.local/lib/python3.8/site-packages/airflow/example_dags/example_branch_labels.py for tasks to queue
[2025-08-18T17:58:11.071+0000] {logging_mixin.py:151} INFO - [2025-08-18T17:58:11.062+0000] {dagbag.py:536} INFO - Filling up the DagBag from /home/airflow/.local/lib/python3.8/site-packages/airflow/example_dags/example_branch_labels.py
[2025-08-18T17:58:11.193+0000] {processor.py:839} INFO - DAG(s) dict_keys(['example_branch_labels']) retrieved from /home/airflow/.local/lib/python3.8/site-packages/airflow/example_dags/example_branch_labels.py
[2025-08-18T17:58:11.358+0000] {logging_mixin.py:151} INFO - [2025-08-18T17:58:11.356+0000] {dag.py:2941} INFO - Sync 1 DAGs
[2025-08-18T17:58:11.459+0000] {logging_mixin.py:151} INFO - [2025-08-18T17:58:11.459+0000] {dag.py:3722} INFO - Setting next_dagrun for example_branch_labels to 2025-08-17T00:00:00+00:00, run_after=2025-08-18T00:00:00+00:00
[2025-08-18T17:58:11.578+0000] {processor.py:179} INFO - Processing /home/airflow/.local/lib/python3.8/site-packages/airflow/example_dags/example_branch_labels.py took 1.196 seconds
[2025-08-18T17:58:41.823+0000] {processor.py:157} INFO - Started process (PID=167) to work on /home/airflow/.local/lib/python3.8/site-packages/airflow/example_dags/example_branch_labels.py
[2025-08-18T17:58:41.827+0000] {processor.py:829} INFO - Processing file /home/airflow/.local/lib/python3.8/site-packages/airflow/example_dags/example_branch_labels.py for tasks to queue
[2025-08-18T17:58:41.832+0000] {logging_mixin.py:151} INFO - [2025-08-18T17:58:41.831+0000] {dagbag.py:536} INFO - Filling up the DagBag from /home/airflow/.local/lib/python3.8/site-packages/airflow/example_dags/example_branch_labels.py
[2025-08-18T17:58:41.851+0000] {processor.py:839} INFO - DAG(s) dict_keys(['example_branch_labels']) retrieved from /home/airflow/.local/lib/python3.8/site-packages/airflow/example_dags/example_branch_labels.py
[2025-08-18T17:58:41.891+0000] {logging_mixin.py:151} INFO - [2025-08-18T17:58:41.890+0000] {dag.py:2941} INFO - Sync 1 DAGs
[2025-08-18T17:58:41.933+0000] {logging_mixin.py:151} INFO - [2025-08-18T17:58:41.933+0000] {dag.py:3722} INFO - Setting next_dagrun for example_branch_labels to 2025-08-17T00:00:00+00:00, run_after=2025-08-18T00:00:00+00:00
[2025-08-18T17:58:41.974+0000] {processor.py:179} INFO - Processing /home/airflow/.local/lib/python3.8/site-packages/airflow/example_dags/example_branch_labels.py took 0.160 seconds
[2025-08-18T17:59:15.912+0000] {processor.py:157} INFO - Started process (PID=221) to work on /home/airflow/.local/lib/python3.8/site-packages/airflow/example_dags/example_branch_labels.py
[2025-08-18T17:59:15.925+0000] {processor.py:829} INFO - Processing file /home/airflow/.local/lib/python3.8/site-packages/airflow/example_dags/example_branch_labels.py for tasks to queue
[2025-08-18T17:59:15.944+0000] {logging_mixin.py:151} INFO - [2025-08-18T17:59:15.943+0000] {dagbag.py:536} INFO - Filling up the DagBag from /home/airflow/.local/lib/python3.8/site-packages/airflow/example_dags/example_branch_labels.py
[2025-08-18T17:59:16.013+0000] {processor.py:839} INFO - DAG(s) dict_keys(['example_branch_labels']) retrieved from /home/airflow/.local/lib/python3.8/site-packages/airflow/example_dags/example_branch_labels.py
[2025-08-18T17:59:16.198+0000] {logging_mixin.py:151} INFO - [2025-08-18T17:59:16.197+0000] {dag.py:2941} INFO - Sync 1 DAGs
[2025-08-18T17:59:16.479+0000] {logging_mixin.py:151} INFO - [2025-08-18T17:59:16.478+0000] {dag.py:3722} INFO - Setting next_dagrun for example_branch_labels to 2025-08-17T00:00:00+00:00, run_after=2025-08-18T00:00:00+00:00
[2025-08-18T17:59:16.639+0000] {processor.py:179} INFO - Processing /home/airflow/.local/lib/python3.8/site-packages/airflow/example_dags/example_branch_labels.py took 0.761 seconds
[2025-08-18T17:59:47.423+0000] {processor.py:157} INFO - Started process (PID=275) to work on /home/airflow/.local/lib/python3.8/site-packages/airflow/example_dags/example_branch_labels.py
[2025-08-18T17:59:47.425+0000] {processor.py:829} INFO - Processing file /home/airflow/.local/lib/python3.8/site-packages/airflow/example_dags/example_branch_labels.py for tasks to queue
[2025-08-18T17:59:47.429+0000] {logging_mixin.py:151} INFO - [2025-08-18T17:59:47.428+0000] {dagbag.py:536} INFO - Filling up the DagBag from /home/airflow/.local/lib/python3.8/site-packages/airflow/example_dags/example_branch_labels.py
[2025-08-18T17:59:47.442+0000] {processor.py:839} INFO - DAG(s) dict_keys(['example_branch_labels']) retrieved from /home/airflow/.local/lib/python3.8/site-packages/airflow/example_dags/example_branch_labels.py
[2025-08-18T17:59:47.496+0000] {logging_mixin.py:151} INFO - [2025-08-18T17:59:47.495+0000] {dag.py:2941} INFO - Sync 1 DAGs
[2025-08-18T17:59:47.534+0000] {logging_mixin.py:151} INFO - [2025-08-18T17:59:47.533+0000] {dag.py:3722} INFO - Setting next_dagrun for example_branch_labels to 2025-08-17T00:00:00+00:00, run_after=2025-08-18T00:00:00+00:00
[2025-08-18T17:59:47.573+0000] {processor.py:179} INFO - Processing /home/airflow/.local/lib/python3.8/site-packages/airflow/example_dags/example_branch_labels.py took 0.155 seconds
[2025-08-18T18:00:18.152+0000] {processor.py:157} INFO - Started process (PID=329) to work on /home/airflow/.local/lib/python3.8/site-packages/airflow/example_dags/example_branch_labels.py
[2025-08-18T18:00:18.156+0000] {processor.py:829} INFO - Processing file /home/airflow/.local/lib/python3.8/site-packages/airflow/example_dags/example_branch_labels.py for tasks to queue
[2025-08-18T18:00:18.161+0000] {logging_mixin.py:151} INFO - [2025-08-18T18:00:18.160+0000] {dagbag.py:536} INFO - Filling up the DagBag from /home/airflow/.local/lib/python3.8/site-packages/airflow/example_dags/example_branch_labels.py
[2025-08-18T18:00:18.184+0000] {processor.py:839} INFO - DAG(s) dict_keys(['example_branch_labels']) retrieved from /home/airflow/.local/lib/python3.8/site-packages/airflow/example_dags/example_branch_labels.py
[2025-08-18T18:00:18.239+0000] {logging_mixin.py:151} INFO - [2025-08-18T18:00:18.239+0000] {dag.py:2941} INFO - Sync 1 DAGs
[2025-08-18T18:00:18.283+0000] {logging_mixin.py:151} INFO - [2025-08-18T18:00:18.283+0000] {dag.py:3722} INFO - Setting next_dagrun for example_branch_labels to 2025-08-17T00:00:00+00:00, run_after=2025-08-18T00:00:00+00:00
[2025-08-18T18:00:18.321+0000] {processor.py:179} INFO - Processing /home/airflow/.local/lib/python3.8/site-packages/airflow/example_dags/example_branch_labels.py took 0.188 seconds
[2025-08-18T18:00:49.451+0000] {processor.py:157} INFO - Started process (PID=383) to work on /home/airflow/.local/lib/python3.8/site-packages/airflow/example_dags/example_branch_labels.py
[2025-08-18T18:00:49.456+0000] {processor.py:829} INFO - Processing file /home/airflow/.local/lib/python3.8/site-packages/airflow/example_dags/example_branch_labels.py for tasks to queue
[2025-08-18T18:00:49.462+0000] {logging_mixin.py:151} INFO - [2025-08-18T18:00:49.461+0000] {dagbag.py:536} INFO - Filling up the DagBag from /home/airflow/.local/lib/python3.8/site-packages/airflow/example_dags/example_branch_labels.py
[2025-08-18T18:00:49.517+0000] {processor.py:839} INFO - DAG(s) dict_keys(['example_branch_labels']) retrieved from /home/airflow/.local/lib/python3.8/site-packages/airflow/example_dags/example_branch_labels.py
[2025-08-18T18:00:49.630+0000] {logging_mixin.py:151} INFO - [2025-08-18T18:00:49.629+0000] {dag.py:2941} INFO - Sync 1 DAGs
[2025-08-18T18:00:50.161+0000] {logging_mixin.py:151} INFO - [2025-08-18T18:00:50.160+0000] {dag.py:3722} INFO - Setting next_dagrun for example_branch_labels to 2025-08-17T00:00:00+00:00, run_after=2025-08-18T00:00:00+00:00
[2025-08-18T18:00:50.339+0000] {processor.py:179} INFO - Processing /home/airflow/.local/lib/python3.8/site-packages/airflow/example_dags/example_branch_labels.py took 0.918 seconds
[2025-08-18T18:01:21.172+0000] {processor.py:157} INFO - Started process (PID=437) to work on /home/airflow/.local/lib/python3.8/site-packages/airflow/example_dags/example_branch_labels.py
[2025-08-18T18:01:21.176+0000] {processor.py:829} INFO - Processing file /home/airflow/.local/lib/python3.8/site-packages/airflow/example_dags/example_branch_labels.py for tasks to queue
[2025-08-18T18:01:21.180+0000] {logging_mixin.py:151} INFO - [2025-08-18T18:01:21.179+0000] {dagbag.py:536} INFO - Filling up the DagBag from /home/airflow/.local/lib/python3.8/site-packages/airflow/example_dags/example_branch_labels.py
[2025-08-18T18:01:21.194+0000] {processor.py:839} INFO - DAG(s) dict_keys(['example_branch_labels']) retrieved from /home/airflow/.local/lib/python3.8/site-packages/airflow/example_dags/example_branch_labels.py
[2025-08-18T18:01:21.244+0000] {logging_mixin.py:151} INFO - [2025-08-18T18:01:21.243+0000] {dag.py:2941} INFO - Sync 1 DAGs
[2025-08-18T18:01:21.283+0000] {logging_mixin.py:151} INFO - [2025-08-18T18:01:21.281+0000] {dag.py:3722} INFO - Setting next_dagrun for example_branch_labels to 2025-08-17T00:00:00+00:00, run_after=2025-08-18T00:00:00+00:00
[2025-08-18T18:01:21.335+0000] {processor.py:179} INFO - Processing /home/airflow/.local/lib/python3.8/site-packages/airflow/example_dags/example_branch_labels.py took 0.170 seconds
[2025-08-18T18:01:51.515+0000] {processor.py:157} INFO - Started process (PID=491) to work on /home/airflow/.local/lib/python3.8/site-packages/airflow/example_dags/example_branch_labels.py
[2025-08-18T18:01:51.516+0000] {processor.py:829} INFO - Processing file /home/airflow/.local/lib/python3.8/site-packages/airflow/example_dags/example_branch_labels.py for tasks to queue
[2025-08-18T18:01:51.521+0000] {logging_mixin.py:151} INFO - [2025-08-18T18:01:51.520+0000] {dagbag.py:536} INFO - Filling up the DagBag from /home/airflow/.local/lib/python3.8/site-packages/airflow/example_dags/example_branch_labels.py
[2025-08-18T18:01:51.537+0000] {processor.py:839} INFO - DAG(s) dict_keys(['example_branch_labels']) retrieved from /home/airflow/.local/lib/python3.8/site-packages/airflow/example_dags/example_branch_labels.py
[2025-08-18T18:01:51.581+0000] {logging_mixin.py:151} INFO - [2025-08-18T18:01:51.581+0000] {dag.py:2941} INFO - Sync 1 DAGs
[2025-08-18T18:01:51.621+0000] {logging_mixin.py:151} INFO - [2025-08-18T18:01:51.620+0000] {dag.py:3722} INFO - Setting next_dagrun for example_branch_labels to 2025-08-17T00:00:00+00:00, run_after=2025-08-18T00:00:00+00:00
[2025-08-18T18:01:51.661+0000] {processor.py:179} INFO - Processing /home/airflow/.local/lib/python3.8/site-packages/airflow/example_dags/example_branch_labels.py took 0.153 seconds
[2025-08-18T18:02:22.349+0000] {processor.py:157} INFO - Started process (PID=545) to work on /home/airflow/.local/lib/python3.8/site-packages/airflow/example_dags/example_branch_labels.py
[2025-08-18T18:02:22.351+0000] {processor.py:829} INFO - Processing file /home/airflow/.local/lib/python3.8/site-packages/airflow/example_dags/example_branch_labels.py for tasks to queue
[2025-08-18T18:02:22.354+0000] {logging_mixin.py:151} INFO - [2025-08-18T18:02:22.353+0000] {dagbag.py:536} INFO - Filling up the DagBag from /home/airflow/.local/lib/python3.8/site-packages/airflow/example_dags/example_branch_labels.py
[2025-08-18T18:02:22.365+0000] {processor.py:839} INFO - DAG(s) dict_keys(['example_branch_labels']) retrieved from /home/airflow/.local/lib/python3.8/site-packages/airflow/example_dags/example_branch_labels.py
[2025-08-18T18:02:22.403+0000] {logging_mixin.py:151} INFO - [2025-08-18T18:02:22.402+0000] {dag.py:2941} INFO - Sync 1 DAGs
[2025-08-18T18:02:22.445+0000] {logging_mixin.py:151} INFO - [2025-08-18T18:02:22.444+0000] {dag.py:3722} INFO - Setting next_dagrun for example_branch_labels to 2025-08-17T00:00:00+00:00, run_after=2025-08-18T00:00:00+00:00
[2025-08-18T18:02:22.480+0000] {processor.py:179} INFO - Processing /home/airflow/.local/lib/python3.8/site-packages/airflow/example_dags/example_branch_labels.py took 0.136 seconds
[2025-08-18T18:02:53.224+0000] {processor.py:157} INFO - Started process (PID=599) to work on /home/airflow/.local/lib/python3.8/site-packages/airflow/example_dags/example_branch_labels.py
[2025-08-18T18:02:53.227+0000] {processor.py:829} INFO - Processing file /home/airflow/.local/lib/python3.8/site-packages/airflow/example_dags/example_branch_labels.py for tasks to queue
[2025-08-18T18:02:53.230+0000] {logging_mixin.py:151} INFO - [2025-08-18T18:02:53.229+0000] {dagbag.py:536} INFO - Filling up the DagBag from /home/airflow/.local/lib/python3.8/site-packages/airflow/example_dags/example_branch_labels.py
[2025-08-18T18:02:53.244+0000] {processor.py:839} INFO - DAG(s) dict_keys(['example_branch_labels']) retrieved from /home/airflow/.local/lib/python3.8/site-packages/airflow/example_dags/example_branch_labels.py
[2025-08-18T18:02:53.290+0000] {logging_mixin.py:151} INFO - [2025-08-18T18:02:53.290+0000] {dag.py:2941} INFO - Sync 1 DAGs
[2025-08-18T18:02:53.353+0000] {logging_mixin.py:151} INFO - [2025-08-18T18:02:53.352+0000] {dag.py:3722} INFO - Setting next_dagrun for example_branch_labels to 2025-08-17T00:00:00+00:00, run_after=2025-08-18T00:00:00+00:00
[2025-08-18T18:02:53.401+0000] {processor.py:179} INFO - Processing /home/airflow/.local/lib/python3.8/site-packages/airflow/example_dags/example_branch_labels.py took 0.182 seconds
[2025-08-18T18:03:24.353+0000] {processor.py:157} INFO - Started process (PID=654) to work on /home/airflow/.local/lib/python3.8/site-packages/airflow/example_dags/example_branch_labels.py
[2025-08-18T18:03:24.355+0000] {processor.py:829} INFO - Processing file /home/airflow/.local/lib/python3.8/site-packages/airflow/example_dags/example_branch_labels.py for tasks to queue
[2025-08-18T18:03:24.358+0000] {logging_mixin.py:151} INFO - [2025-08-18T18:03:24.358+0000] {dagbag.py:536} INFO - Filling up the DagBag from /home/airflow/.local/lib/python3.8/site-packages/airflow/example_dags/example_branch_labels.py
[2025-08-18T18:03:24.376+0000] {processor.py:839} INFO - DAG(s) dict_keys(['example_branch_labels']) retrieved from /home/airflow/.local/lib/python3.8/site-packages/airflow/example_dags/example_branch_labels.py
[2025-08-18T18:03:24.424+0000] {logging_mixin.py:151} INFO - [2025-08-18T18:03:24.423+0000] {dag.py:2941} INFO - Sync 1 DAGs
[2025-08-18T18:03:24.471+0000] {logging_mixin.py:151} INFO - [2025-08-18T18:03:24.471+0000] {dag.py:3722} INFO - Setting next_dagrun for example_branch_labels to 2025-08-17T00:00:00+00:00, run_after=2025-08-18T00:00:00+00:00
[2025-08-18T18:03:24.514+0000] {processor.py:179} INFO - Processing /home/airflow/.local/lib/python3.8/site-packages/airflow/example_dags/example_branch_labels.py took 0.168 seconds
[2025-08-18T18:03:55.335+0000] {processor.py:157} INFO - Started process (PID=708) to work on /home/airflow/.local/lib/python3.8/site-packages/airflow/example_dags/example_branch_labels.py
[2025-08-18T18:03:55.337+0000] {processor.py:829} INFO - Processing file /home/airflow/.local/lib/python3.8/site-packages/airflow/example_dags/example_branch_labels.py for tasks to queue
[2025-08-18T18:03:55.340+0000] {logging_mixin.py:151} INFO - [2025-08-18T18:03:55.340+0000] {dagbag.py:536} INFO - Filling up the DagBag from /home/airflow/.local/lib/python3.8/site-packages/airflow/example_dags/example_branch_labels.py
[2025-08-18T18:03:55.352+0000] {processor.py:839} INFO - DAG(s) dict_keys(['example_branch_labels']) retrieved from /home/airflow/.local/lib/python3.8/site-packages/airflow/example_dags/example_branch_labels.py
[2025-08-18T18:03:55.398+0000] {logging_mixin.py:151} INFO - [2025-08-18T18:03:55.398+0000] {dag.py:2941} INFO - Sync 1 DAGs
[2025-08-18T18:03:55.437+0000] {logging_mixin.py:151} INFO - [2025-08-18T18:03:55.437+0000] {dag.py:3722} INFO - Setting next_dagrun for example_branch_labels to 2025-08-17T00:00:00+00:00, run_after=2025-08-18T00:00:00+00:00
[2025-08-18T18:03:55.470+0000] {processor.py:179} INFO - Processing /home/airflow/.local/lib/python3.8/site-packages/airflow/example_dags/example_branch_labels.py took 0.140 seconds
[2025-08-18T18:04:25.926+0000] {processor.py:157} INFO - Started process (PID=762) to work on /home/airflow/.local/lib/python3.8/site-packages/airflow/example_dags/example_branch_labels.py
[2025-08-18T18:04:25.928+0000] {processor.py:829} INFO - Processing file /home/airflow/.local/lib/python3.8/site-packages/airflow/example_dags/example_branch_labels.py for tasks to queue
[2025-08-18T18:04:25.932+0000] {logging_mixin.py:151} INFO - [2025-08-18T18:04:25.931+0000] {dagbag.py:536} INFO - Filling up the DagBag from /home/airflow/.local/lib/python3.8/site-packages/airflow/example_dags/example_branch_labels.py
[2025-08-18T18:04:25.943+0000] {processor.py:839} INFO - DAG(s) dict_keys(['example_branch_labels']) retrieved from /home/airflow/.local/lib/python3.8/site-packages/airflow/example_dags/example_branch_labels.py
[2025-08-18T18:04:25.977+0000] {logging_mixin.py:151} INFO - [2025-08-18T18:04:25.976+0000] {dag.py:2941} INFO - Sync 1 DAGs
[2025-08-18T18:04:26.011+0000] {logging_mixin.py:151} INFO - [2025-08-18T18:04:26.010+0000] {dag.py:3722} INFO - Setting next_dagrun for example_branch_labels to 2025-08-17T00:00:00+00:00, run_after=2025-08-18T00:00:00+00:00
[2025-08-18T18:04:26.043+0000] {processor.py:179} INFO - Processing /home/airflow/.local/lib/python3.8/site-packages/airflow/example_dags/example_branch_labels.py took 0.121 seconds
[2025-08-18T18:04:56.375+0000] {processor.py:157} INFO - Started process (PID=816) to work on /home/airflow/.local/lib/python3.8/site-packages/airflow/example_dags/example_branch_labels.py
[2025-08-18T18:04:56.376+0000] {processor.py:829} INFO - Processing file /home/airflow/.local/lib/python3.8/site-packages/airflow/example_dags/example_branch_labels.py for tasks to queue
[2025-08-18T18:04:56.381+0000] {logging_mixin.py:151} INFO - [2025-08-18T18:04:56.379+0000] {dagbag.py:536} INFO - Filling up the DagBag from /home/airflow/.local/lib/python3.8/site-packages/airflow/example_dags/example_branch_labels.py
[2025-08-18T18:04:56.401+0000] {processor.py:839} INFO - DAG(s) dict_keys(['example_branch_labels']) retrieved from /home/airflow/.local/lib/python3.8/site-packages/airflow/example_dags/example_branch_labels.py
[2025-08-18T18:04:56.447+0000] {logging_mixin.py:151} INFO - [2025-08-18T18:04:56.447+0000] {dag.py:2941} INFO - Sync 1 DAGs
[2025-08-18T18:04:56.491+0000] {logging_mixin.py:151} INFO - [2025-08-18T18:04:56.491+0000] {dag.py:3722} INFO - Setting next_dagrun for example_branch_labels to 2025-08-17T00:00:00+00:00, run_after=2025-08-18T00:00:00+00:00
[2025-08-18T18:04:56.585+0000] {processor.py:179} INFO - Processing /home/airflow/.local/lib/python3.8/site-packages/airflow/example_dags/example_branch_labels.py took 0.215 seconds
