[2025-08-18T17:56:44.184+0000] {processor.py:157} INFO - Started process (PID=119) to work on /home/airflow/.local/lib/python3.8/site-packages/airflow/example_dags/example_params_ui_tutorial.py
[2025-08-18T17:56:44.215+0000] {processor.py:829} INFO - Processing file /home/airflow/.local/lib/python3.8/site-packages/airflow/example_dags/example_params_ui_tutorial.py for tasks to queue
[2025-08-18T17:56:44.333+0000] {logging_mixin.py:151} INFO - [2025-08-18T17:56:44.314+0000] {dagbag.py:536} INFO - Filling up the DagBag from /home/airflow/.local/lib/python3.8/site-packages/airflow/example_dags/example_params_ui_tutorial.py
[2025-08-18T17:56:45.508+0000] {processor.py:839} INFO - DAG(s) dict_keys(['example_params_ui_tutorial']) retrieved from /home/airflow/.local/lib/python3.8/site-packages/airflow/example_dags/example_params_ui_tutorial.py
[2025-08-18T17:56:45.899+0000] {logging_mixin.py:151} INFO - [2025-08-18T17:56:45.898+0000] {dag.py:2941} INFO - Sync 1 DAGs
[2025-08-18T17:56:46.024+0000] {logging_mixin.py:151} INFO - [2025-08-18T17:56:46.024+0000] {dag.py:3722} INFO - Setting next_dagrun for example_params_ui_tutorial to None, run_after=None
[2025-08-18T17:56:46.142+0000] {processor.py:179} INFO - Processing /home/airflow/.local/lib/python3.8/site-packages/airflow/example_dags/example_params_ui_tutorial.py took 2.040 seconds
[2025-08-18T17:58:10.182+0000] {processor.py:157} INFO - Started process (PID=112) to work on /home/airflow/.local/lib/python3.8/site-packages/airflow/example_dags/example_params_ui_tutorial.py
[2025-08-18T17:58:10.184+0000] {processor.py:829} INFO - Processing file /home/airflow/.local/lib/python3.8/site-packages/airflow/example_dags/example_params_ui_tutorial.py for tasks to queue
[2025-08-18T17:58:10.190+0000] {logging_mixin.py:151} INFO - [2025-08-18T17:58:10.189+0000] {dagbag.py:536} INFO - Filling up the DagBag from /home/airflow/.local/lib/python3.8/site-packages/airflow/example_dags/example_params_ui_tutorial.py
[2025-08-18T17:58:10.654+0000] {processor.py:839} INFO - DAG(s) dict_keys(['example_params_ui_tutorial']) retrieved from /home/airflow/.local/lib/python3.8/site-packages/airflow/example_dags/example_params_ui_tutorial.py
[2025-08-18T17:58:11.112+0000] {logging_mixin.py:151} INFO - [2025-08-18T17:58:11.112+0000] {dag.py:2941} INFO - Sync 1 DAGs
[2025-08-18T17:58:11.234+0000] {logging_mixin.py:151} INFO - [2025-08-18T17:58:11.233+0000] {dag.py:3722} INFO - Setting next_dagrun for example_params_ui_tutorial to None, run_after=None
[2025-08-18T17:58:11.326+0000] {processor.py:179} INFO - Processing /home/airflow/.local/lib/python3.8/site-packages/airflow/example_dags/example_params_ui_tutorial.py took 1.161 seconds
[2025-08-18T17:58:41.675+0000] {processor.py:157} INFO - Started process (PID=166) to work on /home/airflow/.local/lib/python3.8/site-packages/airflow/example_dags/example_params_ui_tutorial.py
[2025-08-18T17:58:41.678+0000] {processor.py:829} INFO - Processing file /home/airflow/.local/lib/python3.8/site-packages/airflow/example_dags/example_params_ui_tutorial.py for tasks to queue
[2025-08-18T17:58:41.692+0000] {logging_mixin.py:151} INFO - [2025-08-18T17:58:41.691+0000] {dagbag.py:536} INFO - Filling up the DagBag from /home/airflow/.local/lib/python3.8/site-packages/airflow/example_dags/example_params_ui_tutorial.py
[2025-08-18T17:58:41.792+0000] {processor.py:839} INFO - DAG(s) dict_keys(['example_params_ui_tutorial']) retrieved from /home/airflow/.local/lib/python3.8/site-packages/airflow/example_dags/example_params_ui_tutorial.py
[2025-08-18T17:58:41.886+0000] {logging_mixin.py:151} INFO - [2025-08-18T17:58:41.885+0000] {dag.py:2941} INFO - Sync 1 DAGs
[2025-08-18T17:58:41.910+0000] {logging_mixin.py:151} INFO - [2025-08-18T17:58:41.909+0000] {dag.py:3722} INFO - Setting next_dagrun for example_params_ui_tutorial to None, run_after=None
[2025-08-18T17:58:41.948+0000] {processor.py:179} INFO - Processing /home/airflow/.local/lib/python3.8/site-packages/airflow/example_dags/example_params_ui_tutorial.py took 0.293 seconds
[2025-08-18T17:59:15.710+0000] {processor.py:157} INFO - Started process (PID=220) to work on /home/airflow/.local/lib/python3.8/site-packages/airflow/example_dags/example_params_ui_tutorial.py
[2025-08-18T17:59:15.714+0000] {processor.py:829} INFO - Processing file /home/airflow/.local/lib/python3.8/site-packages/airflow/example_dags/example_params_ui_tutorial.py for tasks to queue
[2025-08-18T17:59:15.728+0000] {logging_mixin.py:151} INFO - [2025-08-18T17:59:15.727+0000] {dagbag.py:536} INFO - Filling up the DagBag from /home/airflow/.local/lib/python3.8/site-packages/airflow/example_dags/example_params_ui_tutorial.py
[2025-08-18T17:59:16.036+0000] {processor.py:839} INFO - DAG(s) dict_keys(['example_params_ui_tutorial']) retrieved from /home/airflow/.local/lib/python3.8/site-packages/airflow/example_dags/example_params_ui_tutorial.py
[2025-08-18T17:59:16.817+0000] {logging_mixin.py:151} INFO - [2025-08-18T17:59:16.816+0000] {dag.py:2941} INFO - Sync 1 DAGs
[2025-08-18T17:59:16.877+0000] {logging_mixin.py:151} INFO - [2025-08-18T17:59:16.877+0000] {dag.py:3722} INFO - Setting next_dagrun for example_params_ui_tutorial to None, run_after=None
[2025-08-18T17:59:17.014+0000] {processor.py:179} INFO - Processing /home/airflow/.local/lib/python3.8/site-packages/airflow/example_dags/example_params_ui_tutorial.py took 1.315 seconds
[2025-08-18T17:59:47.410+0000] {processor.py:157} INFO - Started process (PID=274) to work on /home/airflow/.local/lib/python3.8/site-packages/airflow/example_dags/example_params_ui_tutorial.py
[2025-08-18T17:59:47.413+0000] {processor.py:829} INFO - Processing file /home/airflow/.local/lib/python3.8/site-packages/airflow/example_dags/example_params_ui_tutorial.py for tasks to queue
[2025-08-18T17:59:47.420+0000] {logging_mixin.py:151} INFO - [2025-08-18T17:59:47.419+0000] {dagbag.py:536} INFO - Filling up the DagBag from /home/airflow/.local/lib/python3.8/site-packages/airflow/example_dags/example_params_ui_tutorial.py
[2025-08-18T17:59:47.486+0000] {processor.py:839} INFO - DAG(s) dict_keys(['example_params_ui_tutorial']) retrieved from /home/airflow/.local/lib/python3.8/site-packages/airflow/example_dags/example_params_ui_tutorial.py
[2025-08-18T17:59:47.564+0000] {logging_mixin.py:151} INFO - [2025-08-18T17:59:47.564+0000] {dag.py:2941} INFO - Sync 1 DAGs
[2025-08-18T17:59:47.589+0000] {logging_mixin.py:151} INFO - [2025-08-18T17:59:47.589+0000] {dag.py:3722} INFO - Setting next_dagrun for example_params_ui_tutorial to None, run_after=None
[2025-08-18T17:59:47.639+0000] {processor.py:179} INFO - Processing /home/airflow/.local/lib/python3.8/site-packages/airflow/example_dags/example_params_ui_tutorial.py took 0.235 seconds
[2025-08-18T18:00:18.127+0000] {processor.py:157} INFO - Started process (PID=328) to work on /home/airflow/.local/lib/python3.8/site-packages/airflow/example_dags/example_params_ui_tutorial.py
[2025-08-18T18:00:18.129+0000] {processor.py:829} INFO - Processing file /home/airflow/.local/lib/python3.8/site-packages/airflow/example_dags/example_params_ui_tutorial.py for tasks to queue
[2025-08-18T18:00:18.134+0000] {logging_mixin.py:151} INFO - [2025-08-18T18:00:18.133+0000] {dagbag.py:536} INFO - Filling up the DagBag from /home/airflow/.local/lib/python3.8/site-packages/airflow/example_dags/example_params_ui_tutorial.py
[2025-08-18T18:00:18.224+0000] {processor.py:839} INFO - DAG(s) dict_keys(['example_params_ui_tutorial']) retrieved from /home/airflow/.local/lib/python3.8/site-packages/airflow/example_dags/example_params_ui_tutorial.py
[2025-08-18T18:00:18.313+0000] {logging_mixin.py:151} INFO - [2025-08-18T18:00:18.313+0000] {dag.py:2941} INFO - Sync 1 DAGs
[2025-08-18T18:00:18.335+0000] {logging_mixin.py:151} INFO - [2025-08-18T18:00:18.335+0000] {dag.py:3722} INFO - Setting next_dagrun for example_params_ui_tutorial to None, run_after=None
[2025-08-18T18:00:18.369+0000] {processor.py:179} INFO - Processing /home/airflow/.local/lib/python3.8/site-packages/airflow/example_dags/example_params_ui_tutorial.py took 0.259 seconds
[2025-08-18T18:00:49.265+0000] {processor.py:157} INFO - Started process (PID=382) to work on /home/airflow/.local/lib/python3.8/site-packages/airflow/example_dags/example_params_ui_tutorial.py
[2025-08-18T18:00:49.269+0000] {processor.py:829} INFO - Processing file /home/airflow/.local/lib/python3.8/site-packages/airflow/example_dags/example_params_ui_tutorial.py for tasks to queue
[2025-08-18T18:00:49.277+0000] {logging_mixin.py:151} INFO - [2025-08-18T18:00:49.276+0000] {dagbag.py:536} INFO - Filling up the DagBag from /home/airflow/.local/lib/python3.8/site-packages/airflow/example_dags/example_params_ui_tutorial.py
[2025-08-18T18:00:49.409+0000] {processor.py:839} INFO - DAG(s) dict_keys(['example_params_ui_tutorial']) retrieved from /home/airflow/.local/lib/python3.8/site-packages/airflow/example_dags/example_params_ui_tutorial.py
[2025-08-18T18:00:49.639+0000] {logging_mixin.py:151} INFO - [2025-08-18T18:00:49.638+0000] {dag.py:2941} INFO - Sync 1 DAGs
[2025-08-18T18:00:49.723+0000] {logging_mixin.py:151} INFO - [2025-08-18T18:00:49.723+0000] {dag.py:3722} INFO - Setting next_dagrun for example_params_ui_tutorial to None, run_after=None
[2025-08-18T18:00:50.111+0000] {processor.py:179} INFO - Processing /home/airflow/.local/lib/python3.8/site-packages/airflow/example_dags/example_params_ui_tutorial.py took 0.855 seconds
[2025-08-18T18:01:21.160+0000] {processor.py:157} INFO - Started process (PID=436) to work on /home/airflow/.local/lib/python3.8/site-packages/airflow/example_dags/example_params_ui_tutorial.py
[2025-08-18T18:01:21.162+0000] {processor.py:829} INFO - Processing file /home/airflow/.local/lib/python3.8/site-packages/airflow/example_dags/example_params_ui_tutorial.py for tasks to queue
[2025-08-18T18:01:21.166+0000] {logging_mixin.py:151} INFO - [2025-08-18T18:01:21.166+0000] {dagbag.py:536} INFO - Filling up the DagBag from /home/airflow/.local/lib/python3.8/site-packages/airflow/example_dags/example_params_ui_tutorial.py
[2025-08-18T18:01:21.233+0000] {processor.py:839} INFO - DAG(s) dict_keys(['example_params_ui_tutorial']) retrieved from /home/airflow/.local/lib/python3.8/site-packages/airflow/example_dags/example_params_ui_tutorial.py
[2025-08-18T18:01:21.316+0000] {logging_mixin.py:151} INFO - [2025-08-18T18:01:21.315+0000] {dag.py:2941} INFO - Sync 1 DAGs
[2025-08-18T18:01:21.350+0000] {logging_mixin.py:151} INFO - [2025-08-18T18:01:21.350+0000] {dag.py:3722} INFO - Setting next_dagrun for example_params_ui_tutorial to None, run_after=None
[2025-08-18T18:01:21.405+0000] {processor.py:179} INFO - Processing /home/airflow/.local/lib/python3.8/site-packages/airflow/example_dags/example_params_ui_tutorial.py took 0.256 seconds
[2025-08-18T18:01:51.495+0000] {processor.py:157} INFO - Started process (PID=490) to work on /home/airflow/.local/lib/python3.8/site-packages/airflow/example_dags/example_params_ui_tutorial.py
[2025-08-18T18:01:51.496+0000] {processor.py:829} INFO - Processing file /home/airflow/.local/lib/python3.8/site-packages/airflow/example_dags/example_params_ui_tutorial.py for tasks to queue
[2025-08-18T18:01:51.500+0000] {logging_mixin.py:151} INFO - [2025-08-18T18:01:51.499+0000] {dagbag.py:536} INFO - Filling up the DagBag from /home/airflow/.local/lib/python3.8/site-packages/airflow/example_dags/example_params_ui_tutorial.py
[2025-08-18T18:01:51.563+0000] {processor.py:839} INFO - DAG(s) dict_keys(['example_params_ui_tutorial']) retrieved from /home/airflow/.local/lib/python3.8/site-packages/airflow/example_dags/example_params_ui_tutorial.py
[2025-08-18T18:01:51.645+0000] {logging_mixin.py:151} INFO - [2025-08-18T18:01:51.644+0000] {dag.py:2941} INFO - Sync 1 DAGs
[2025-08-18T18:01:51.670+0000] {logging_mixin.py:151} INFO - [2025-08-18T18:01:51.669+0000] {dag.py:3722} INFO - Setting next_dagrun for example_params_ui_tutorial to None, run_after=None
[2025-08-18T18:01:51.713+0000] {processor.py:179} INFO - Processing /home/airflow/.local/lib/python3.8/site-packages/airflow/example_dags/example_params_ui_tutorial.py took 0.227 seconds
[2025-08-18T18:02:22.339+0000] {processor.py:157} INFO - Started process (PID=544) to work on /home/airflow/.local/lib/python3.8/site-packages/airflow/example_dags/example_params_ui_tutorial.py
[2025-08-18T18:02:22.341+0000] {processor.py:829} INFO - Processing file /home/airflow/.local/lib/python3.8/site-packages/airflow/example_dags/example_params_ui_tutorial.py for tasks to queue
[2025-08-18T18:02:22.345+0000] {logging_mixin.py:151} INFO - [2025-08-18T18:02:22.344+0000] {dagbag.py:536} INFO - Filling up the DagBag from /home/airflow/.local/lib/python3.8/site-packages/airflow/example_dags/example_params_ui_tutorial.py
[2025-08-18T18:02:22.399+0000] {processor.py:839} INFO - DAG(s) dict_keys(['example_params_ui_tutorial']) retrieved from /home/airflow/.local/lib/python3.8/site-packages/airflow/example_dags/example_params_ui_tutorial.py
[2025-08-18T18:02:22.476+0000] {logging_mixin.py:151} INFO - [2025-08-18T18:02:22.475+0000] {dag.py:2941} INFO - Sync 1 DAGs
[2025-08-18T18:02:22.506+0000] {logging_mixin.py:151} INFO - [2025-08-18T18:02:22.506+0000] {dag.py:3722} INFO - Setting next_dagrun for example_params_ui_tutorial to None, run_after=None
[2025-08-18T18:02:22.561+0000] {processor.py:179} INFO - Processing /home/airflow/.local/lib/python3.8/site-packages/airflow/example_dags/example_params_ui_tutorial.py took 0.227 seconds
[2025-08-18T18:02:53.212+0000] {processor.py:157} INFO - Started process (PID=598) to work on /home/airflow/.local/lib/python3.8/site-packages/airflow/example_dags/example_params_ui_tutorial.py
[2025-08-18T18:02:53.214+0000] {processor.py:829} INFO - Processing file /home/airflow/.local/lib/python3.8/site-packages/airflow/example_dags/example_params_ui_tutorial.py for tasks to queue
[2025-08-18T18:02:53.220+0000] {logging_mixin.py:151} INFO - [2025-08-18T18:02:53.220+0000] {dagbag.py:536} INFO - Filling up the DagBag from /home/airflow/.local/lib/python3.8/site-packages/airflow/example_dags/example_params_ui_tutorial.py
[2025-08-18T18:02:53.286+0000] {processor.py:839} INFO - DAG(s) dict_keys(['example_params_ui_tutorial']) retrieved from /home/airflow/.local/lib/python3.8/site-packages/airflow/example_dags/example_params_ui_tutorial.py
[2025-08-18T18:02:53.401+0000] {logging_mixin.py:151} INFO - [2025-08-18T18:02:53.400+0000] {dag.py:2941} INFO - Sync 1 DAGs
[2025-08-18T18:02:53.432+0000] {logging_mixin.py:151} INFO - [2025-08-18T18:02:53.431+0000] {dag.py:3722} INFO - Setting next_dagrun for example_params_ui_tutorial to None, run_after=None
[2025-08-18T18:02:53.481+0000] {processor.py:179} INFO - Processing /home/airflow/.local/lib/python3.8/site-packages/airflow/example_dags/example_params_ui_tutorial.py took 0.275 seconds
[2025-08-18T18:03:24.342+0000] {processor.py:157} INFO - Started process (PID=653) to work on /home/airflow/.local/lib/python3.8/site-packages/airflow/example_dags/example_params_ui_tutorial.py
[2025-08-18T18:03:24.344+0000] {processor.py:829} INFO - Processing file /home/airflow/.local/lib/python3.8/site-packages/airflow/example_dags/example_params_ui_tutorial.py for tasks to queue
[2025-08-18T18:03:24.347+0000] {logging_mixin.py:151} INFO - [2025-08-18T18:03:24.347+0000] {dagbag.py:536} INFO - Filling up the DagBag from /home/airflow/.local/lib/python3.8/site-packages/airflow/example_dags/example_params_ui_tutorial.py
[2025-08-18T18:03:24.413+0000] {processor.py:839} INFO - DAG(s) dict_keys(['example_params_ui_tutorial']) retrieved from /home/airflow/.local/lib/python3.8/site-packages/airflow/example_dags/example_params_ui_tutorial.py
[2025-08-18T18:03:24.508+0000] {logging_mixin.py:151} INFO - [2025-08-18T18:03:24.508+0000] {dag.py:2941} INFO - Sync 1 DAGs
[2025-08-18T18:03:24.531+0000] {logging_mixin.py:151} INFO - [2025-08-18T18:03:24.531+0000] {dag.py:3722} INFO - Setting next_dagrun for example_params_ui_tutorial to None, run_after=None
[2025-08-18T18:03:24.575+0000] {processor.py:179} INFO - Processing /home/airflow/.local/lib/python3.8/site-packages/airflow/example_dags/example_params_ui_tutorial.py took 0.239 seconds
[2025-08-18T18:03:55.326+0000] {processor.py:157} INFO - Started process (PID=707) to work on /home/airflow/.local/lib/python3.8/site-packages/airflow/example_dags/example_params_ui_tutorial.py
[2025-08-18T18:03:55.328+0000] {processor.py:829} INFO - Processing file /home/airflow/.local/lib/python3.8/site-packages/airflow/example_dags/example_params_ui_tutorial.py for tasks to queue
[2025-08-18T18:03:55.331+0000] {logging_mixin.py:151} INFO - [2025-08-18T18:03:55.330+0000] {dagbag.py:536} INFO - Filling up the DagBag from /home/airflow/.local/lib/python3.8/site-packages/airflow/example_dags/example_params_ui_tutorial.py
[2025-08-18T18:03:55.386+0000] {processor.py:839} INFO - DAG(s) dict_keys(['example_params_ui_tutorial']) retrieved from /home/airflow/.local/lib/python3.8/site-packages/airflow/example_dags/example_params_ui_tutorial.py
[2025-08-18T18:03:55.459+0000] {logging_mixin.py:151} INFO - [2025-08-18T18:03:55.459+0000] {dag.py:2941} INFO - Sync 1 DAGs
[2025-08-18T18:03:55.478+0000] {logging_mixin.py:151} INFO - [2025-08-18T18:03:55.478+0000] {dag.py:3722} INFO - Setting next_dagrun for example_params_ui_tutorial to None, run_after=None
[2025-08-18T18:03:55.520+0000] {processor.py:179} INFO - Processing /home/airflow/.local/lib/python3.8/site-packages/airflow/example_dags/example_params_ui_tutorial.py took 0.200 seconds
[2025-08-18T18:04:25.920+0000] {processor.py:157} INFO - Started process (PID=761) to work on /home/airflow/.local/lib/python3.8/site-packages/airflow/example_dags/example_params_ui_tutorial.py
[2025-08-18T18:04:25.922+0000] {processor.py:829} INFO - Processing file /home/airflow/.local/lib/python3.8/site-packages/airflow/example_dags/example_params_ui_tutorial.py for tasks to queue
[2025-08-18T18:04:25.925+0000] {logging_mixin.py:151} INFO - [2025-08-18T18:04:25.925+0000] {dagbag.py:536} INFO - Filling up the DagBag from /home/airflow/.local/lib/python3.8/site-packages/airflow/example_dags/example_params_ui_tutorial.py
[2025-08-18T18:04:25.970+0000] {processor.py:839} INFO - DAG(s) dict_keys(['example_params_ui_tutorial']) retrieved from /home/airflow/.local/lib/python3.8/site-packages/airflow/example_dags/example_params_ui_tutorial.py
[2025-08-18T18:04:26.041+0000] {logging_mixin.py:151} INFO - [2025-08-18T18:04:26.040+0000] {dag.py:2941} INFO - Sync 1 DAGs
[2025-08-18T18:04:26.061+0000] {logging_mixin.py:151} INFO - [2025-08-18T18:04:26.060+0000] {dag.py:3722} INFO - Setting next_dagrun for example_params_ui_tutorial to None, run_after=None
[2025-08-18T18:04:26.092+0000] {processor.py:179} INFO - Processing /home/airflow/.local/lib/python3.8/site-packages/airflow/example_dags/example_params_ui_tutorial.py took 0.181 seconds
[2025-08-18T18:04:56.362+0000] {processor.py:157} INFO - Started process (PID=815) to work on /home/airflow/.local/lib/python3.8/site-packages/airflow/example_dags/example_params_ui_tutorial.py
[2025-08-18T18:04:56.364+0000] {processor.py:829} INFO - Processing file /home/airflow/.local/lib/python3.8/site-packages/airflow/example_dags/example_params_ui_tutorial.py for tasks to queue
[2025-08-18T18:04:56.367+0000] {logging_mixin.py:151} INFO - [2025-08-18T18:04:56.367+0000] {dagbag.py:536} INFO - Filling up the DagBag from /home/airflow/.local/lib/python3.8/site-packages/airflow/example_dags/example_params_ui_tutorial.py
[2025-08-18T18:04:56.426+0000] {processor.py:839} INFO - DAG(s) dict_keys(['example_params_ui_tutorial']) retrieved from /home/airflow/.local/lib/python3.8/site-packages/airflow/example_dags/example_params_ui_tutorial.py
[2025-08-18T18:04:56.516+0000] {logging_mixin.py:151} INFO - [2025-08-18T18:04:56.516+0000] {dag.py:2941} INFO - Sync 1 DAGs
[2025-08-18T18:04:56.631+0000] {logging_mixin.py:151} INFO - [2025-08-18T18:04:56.630+0000] {dag.py:3722} INFO - Setting next_dagrun for example_params_ui_tutorial to None, run_after=None
[2025-08-18T18:04:56.694+0000] {processor.py:179} INFO - Processing /home/airflow/.local/lib/python3.8/site-packages/airflow/example_dags/example_params_ui_tutorial.py took 0.339 seconds
