[2025-08-18T17:56:34.853+0000] {processor.py:157} INFO - Started process (PID=104) to work on /home/airflow/.local/lib/python3.8/site-packages/airflow/example_dags/example_xcomargs.py
[2025-08-18T17:56:34.882+0000] {processor.py:829} INFO - Processing file /home/airflow/.local/lib/python3.8/site-packages/airflow/example_dags/example_xcomargs.py for tasks to queue
[2025-08-18T17:56:34.988+0000] {logging_mixin.py:151} INFO - [2025-08-18T17:56:34.973+0000] {dagbag.py:536} INFO - Filling up the DagBag from /home/airflow/.local/lib/python3.8/site-packages/airflow/example_dags/example_xcomargs.py
[2025-08-18T17:56:35.756+0000] {processor.py:839} INFO - DAG(s) dict_keys(['example_xcom_args', 'example_xcom_args_with_operators']) retrieved from /home/airflow/.local/lib/python3.8/site-packages/airflow/example_dags/example_xcomargs.py
[2025-08-18T17:56:35.967+0000] {logging_mixin.py:151} INFO - [2025-08-18T17:56:35.966+0000] {dag.py:2941} INFO - Sync 2 DAGs
[2025-08-18T17:56:36.134+0000] {logging_mixin.py:151} INFO - [2025-08-18T17:56:36.133+0000] {dag.py:3722} INFO - Setting next_dagrun for example_xcom_args to None, run_after=None
[2025-08-18T17:56:36.154+0000] {logging_mixin.py:151} INFO - [2025-08-18T17:56:36.154+0000] {dag.py:3722} INFO - Setting next_dagrun for example_xcom_args_with_operators to None, run_after=None
[2025-08-18T17:56:36.687+0000] {processor.py:179} INFO - Processing /home/airflow/.local/lib/python3.8/site-packages/airflow/example_dags/example_xcomargs.py took 1.886 seconds
[2025-08-18T17:57:58.791+0000] {processor.py:157} INFO - Started process (PID=90) to work on /home/airflow/.local/lib/python3.8/site-packages/airflow/example_dags/example_xcomargs.py
[2025-08-18T17:57:58.796+0000] {processor.py:829} INFO - Processing file /home/airflow/.local/lib/python3.8/site-packages/airflow/example_dags/example_xcomargs.py for tasks to queue
[2025-08-18T17:57:58.804+0000] {logging_mixin.py:151} INFO - [2025-08-18T17:57:58.803+0000] {dagbag.py:536} INFO - Filling up the DagBag from /home/airflow/.local/lib/python3.8/site-packages/airflow/example_dags/example_xcomargs.py
[2025-08-18T17:57:58.828+0000] {processor.py:839} INFO - DAG(s) dict_keys(['example_xcom_args', 'example_xcom_args_with_operators']) retrieved from /home/airflow/.local/lib/python3.8/site-packages/airflow/example_dags/example_xcomargs.py
[2025-08-18T17:57:58.875+0000] {logging_mixin.py:151} INFO - [2025-08-18T17:57:58.874+0000] {dag.py:2941} INFO - Sync 2 DAGs
[2025-08-18T17:57:58.946+0000] {logging_mixin.py:151} INFO - [2025-08-18T17:57:58.946+0000] {dag.py:3722} INFO - Setting next_dagrun for example_xcom_args to None, run_after=None
[2025-08-18T17:57:58.964+0000] {logging_mixin.py:151} INFO - [2025-08-18T17:57:58.964+0000] {dag.py:3722} INFO - Setting next_dagrun for example_xcom_args_with_operators to None, run_after=None
[2025-08-18T17:57:59.087+0000] {processor.py:179} INFO - Processing /home/airflow/.local/lib/python3.8/site-packages/airflow/example_dags/example_xcomargs.py took 0.313 seconds
[2025-08-18T17:58:29.240+0000] {processor.py:157} INFO - Started process (PID=144) to work on /home/airflow/.local/lib/python3.8/site-packages/airflow/example_dags/example_xcomargs.py
[2025-08-18T17:58:29.243+0000] {processor.py:829} INFO - Processing file /home/airflow/.local/lib/python3.8/site-packages/airflow/example_dags/example_xcomargs.py for tasks to queue
[2025-08-18T17:58:29.246+0000] {logging_mixin.py:151} INFO - [2025-08-18T17:58:29.246+0000] {dagbag.py:536} INFO - Filling up the DagBag from /home/airflow/.local/lib/python3.8/site-packages/airflow/example_dags/example_xcomargs.py
[2025-08-18T17:58:29.264+0000] {processor.py:839} INFO - DAG(s) dict_keys(['example_xcom_args_with_operators', 'example_xcom_args']) retrieved from /home/airflow/.local/lib/python3.8/site-packages/airflow/example_dags/example_xcomargs.py
[2025-08-18T17:58:29.317+0000] {logging_mixin.py:151} INFO - [2025-08-18T17:58:29.316+0000] {dag.py:2941} INFO - Sync 2 DAGs
[2025-08-18T17:58:29.338+0000] {logging_mixin.py:151} INFO - [2025-08-18T17:58:29.338+0000] {dag.py:3722} INFO - Setting next_dagrun for example_xcom_args to None, run_after=None
[2025-08-18T17:58:29.344+0000] {logging_mixin.py:151} INFO - [2025-08-18T17:58:29.343+0000] {dag.py:3722} INFO - Setting next_dagrun for example_xcom_args_with_operators to None, run_after=None
[2025-08-18T17:58:29.378+0000] {processor.py:179} INFO - Processing /home/airflow/.local/lib/python3.8/site-packages/airflow/example_dags/example_xcomargs.py took 0.152 seconds
[2025-08-18T17:59:10.558+0000] {processor.py:157} INFO - Started process (PID=205) to work on /home/airflow/.local/lib/python3.8/site-packages/airflow/example_dags/example_xcomargs.py
[2025-08-18T17:59:10.561+0000] {processor.py:829} INFO - Processing file /home/airflow/.local/lib/python3.8/site-packages/airflow/example_dags/example_xcomargs.py for tasks to queue
[2025-08-18T17:59:10.566+0000] {logging_mixin.py:151} INFO - [2025-08-18T17:59:10.566+0000] {dagbag.py:536} INFO - Filling up the DagBag from /home/airflow/.local/lib/python3.8/site-packages/airflow/example_dags/example_xcomargs.py
[2025-08-18T17:59:10.622+0000] {processor.py:839} INFO - DAG(s) dict_keys(['example_xcom_args', 'example_xcom_args_with_operators']) retrieved from /home/airflow/.local/lib/python3.8/site-packages/airflow/example_dags/example_xcomargs.py
[2025-08-18T17:59:10.851+0000] {logging_mixin.py:151} INFO - [2025-08-18T17:59:10.851+0000] {dag.py:2941} INFO - Sync 2 DAGs
[2025-08-18T17:59:10.970+0000] {logging_mixin.py:151} INFO - [2025-08-18T17:59:10.970+0000] {dag.py:3722} INFO - Setting next_dagrun for example_xcom_args to None, run_after=None
[2025-08-18T17:59:11.037+0000] {logging_mixin.py:151} INFO - [2025-08-18T17:59:11.037+0000] {dag.py:3722} INFO - Setting next_dagrun for example_xcom_args_with_operators to None, run_after=None
[2025-08-18T17:59:11.129+0000] {processor.py:179} INFO - Processing /home/airflow/.local/lib/python3.8/site-packages/airflow/example_dags/example_xcomargs.py took 0.626 seconds
[2025-08-18T17:59:41.691+0000] {processor.py:157} INFO - Started process (PID=259) to work on /home/airflow/.local/lib/python3.8/site-packages/airflow/example_dags/example_xcomargs.py
[2025-08-18T17:59:41.694+0000] {processor.py:829} INFO - Processing file /home/airflow/.local/lib/python3.8/site-packages/airflow/example_dags/example_xcomargs.py for tasks to queue
[2025-08-18T17:59:41.699+0000] {logging_mixin.py:151} INFO - [2025-08-18T17:59:41.698+0000] {dagbag.py:536} INFO - Filling up the DagBag from /home/airflow/.local/lib/python3.8/site-packages/airflow/example_dags/example_xcomargs.py
[2025-08-18T17:59:41.719+0000] {processor.py:839} INFO - DAG(s) dict_keys(['example_xcom_args', 'example_xcom_args_with_operators']) retrieved from /home/airflow/.local/lib/python3.8/site-packages/airflow/example_dags/example_xcomargs.py
[2025-08-18T17:59:41.767+0000] {logging_mixin.py:151} INFO - [2025-08-18T17:59:41.766+0000] {dag.py:2941} INFO - Sync 2 DAGs
[2025-08-18T17:59:41.793+0000] {logging_mixin.py:151} INFO - [2025-08-18T17:59:41.792+0000] {dag.py:3722} INFO - Setting next_dagrun for example_xcom_args to None, run_after=None
[2025-08-18T17:59:41.802+0000] {logging_mixin.py:151} INFO - [2025-08-18T17:59:41.801+0000] {dag.py:3722} INFO - Setting next_dagrun for example_xcom_args_with_operators to None, run_after=None
[2025-08-18T17:59:41.847+0000] {processor.py:179} INFO - Processing /home/airflow/.local/lib/python3.8/site-packages/airflow/example_dags/example_xcomargs.py took 0.163 seconds
[2025-08-18T18:00:11.953+0000] {processor.py:157} INFO - Started process (PID=313) to work on /home/airflow/.local/lib/python3.8/site-packages/airflow/example_dags/example_xcomargs.py
[2025-08-18T18:00:11.956+0000] {processor.py:829} INFO - Processing file /home/airflow/.local/lib/python3.8/site-packages/airflow/example_dags/example_xcomargs.py for tasks to queue
[2025-08-18T18:00:11.960+0000] {logging_mixin.py:151} INFO - [2025-08-18T18:00:11.959+0000] {dagbag.py:536} INFO - Filling up the DagBag from /home/airflow/.local/lib/python3.8/site-packages/airflow/example_dags/example_xcomargs.py
[2025-08-18T18:00:11.979+0000] {processor.py:839} INFO - DAG(s) dict_keys(['example_xcom_args_with_operators', 'example_xcom_args']) retrieved from /home/airflow/.local/lib/python3.8/site-packages/airflow/example_dags/example_xcomargs.py
[2025-08-18T18:00:12.083+0000] {logging_mixin.py:151} INFO - [2025-08-18T18:00:12.082+0000] {dag.py:2941} INFO - Sync 2 DAGs
[2025-08-18T18:00:12.155+0000] {logging_mixin.py:151} INFO - [2025-08-18T18:00:12.154+0000] {dag.py:3722} INFO - Setting next_dagrun for example_xcom_args to None, run_after=None
[2025-08-18T18:00:12.170+0000] {logging_mixin.py:151} INFO - [2025-08-18T18:00:12.169+0000] {dag.py:3722} INFO - Setting next_dagrun for example_xcom_args_with_operators to None, run_after=None
[2025-08-18T18:00:12.245+0000] {processor.py:179} INFO - Processing /home/airflow/.local/lib/python3.8/site-packages/airflow/example_dags/example_xcomargs.py took 0.299 seconds
[2025-08-18T18:00:42.377+0000] {processor.py:157} INFO - Started process (PID=359) to work on /home/airflow/.local/lib/python3.8/site-packages/airflow/example_dags/example_xcomargs.py
[2025-08-18T18:00:42.387+0000] {processor.py:829} INFO - Processing file /home/airflow/.local/lib/python3.8/site-packages/airflow/example_dags/example_xcomargs.py for tasks to queue
[2025-08-18T18:00:42.393+0000] {logging_mixin.py:151} INFO - [2025-08-18T18:00:42.392+0000] {dagbag.py:536} INFO - Filling up the DagBag from /home/airflow/.local/lib/python3.8/site-packages/airflow/example_dags/example_xcomargs.py
[2025-08-18T18:00:42.451+0000] {processor.py:839} INFO - DAG(s) dict_keys(['example_xcom_args_with_operators', 'example_xcom_args']) retrieved from /home/airflow/.local/lib/python3.8/site-packages/airflow/example_dags/example_xcomargs.py
[2025-08-18T18:00:42.560+0000] {logging_mixin.py:151} INFO - [2025-08-18T18:00:42.559+0000] {dag.py:2941} INFO - Sync 2 DAGs
[2025-08-18T18:00:42.625+0000] {logging_mixin.py:151} INFO - [2025-08-18T18:00:42.625+0000] {dag.py:3722} INFO - Setting next_dagrun for example_xcom_args to None, run_after=None
[2025-08-18T18:00:42.634+0000] {logging_mixin.py:151} INFO - [2025-08-18T18:00:42.634+0000] {dag.py:3722} INFO - Setting next_dagrun for example_xcom_args_with_operators to None, run_after=None
[2025-08-18T18:00:42.703+0000] {processor.py:179} INFO - Processing /home/airflow/.local/lib/python3.8/site-packages/airflow/example_dags/example_xcomargs.py took 0.338 seconds
[2025-08-18T18:01:12.964+0000] {processor.py:157} INFO - Started process (PID=413) to work on /home/airflow/.local/lib/python3.8/site-packages/airflow/example_dags/example_xcomargs.py
[2025-08-18T18:01:12.969+0000] {processor.py:829} INFO - Processing file /home/airflow/.local/lib/python3.8/site-packages/airflow/example_dags/example_xcomargs.py for tasks to queue
[2025-08-18T18:01:12.988+0000] {logging_mixin.py:151} INFO - [2025-08-18T18:01:12.987+0000] {dagbag.py:536} INFO - Filling up the DagBag from /home/airflow/.local/lib/python3.8/site-packages/airflow/example_dags/example_xcomargs.py
[2025-08-18T18:01:13.066+0000] {processor.py:839} INFO - DAG(s) dict_keys(['example_xcom_args', 'example_xcom_args_with_operators']) retrieved from /home/airflow/.local/lib/python3.8/site-packages/airflow/example_dags/example_xcomargs.py
[2025-08-18T18:01:13.227+0000] {logging_mixin.py:151} INFO - [2025-08-18T18:01:13.227+0000] {dag.py:2941} INFO - Sync 2 DAGs
[2025-08-18T18:01:13.299+0000] {logging_mixin.py:151} INFO - [2025-08-18T18:01:13.299+0000] {dag.py:3722} INFO - Setting next_dagrun for example_xcom_args to None, run_after=None
[2025-08-18T18:01:13.316+0000] {logging_mixin.py:151} INFO - [2025-08-18T18:01:13.315+0000] {dag.py:3722} INFO - Setting next_dagrun for example_xcom_args_with_operators to None, run_after=None
[2025-08-18T18:01:13.422+0000] {processor.py:179} INFO - Processing /home/airflow/.local/lib/python3.8/site-packages/airflow/example_dags/example_xcomargs.py took 0.480 seconds
[2025-08-18T18:01:44.105+0000] {processor.py:157} INFO - Started process (PID=467) to work on /home/airflow/.local/lib/python3.8/site-packages/airflow/example_dags/example_xcomargs.py
[2025-08-18T18:01:44.106+0000] {processor.py:829} INFO - Processing file /home/airflow/.local/lib/python3.8/site-packages/airflow/example_dags/example_xcomargs.py for tasks to queue
[2025-08-18T18:01:44.110+0000] {logging_mixin.py:151} INFO - [2025-08-18T18:01:44.110+0000] {dagbag.py:536} INFO - Filling up the DagBag from /home/airflow/.local/lib/python3.8/site-packages/airflow/example_dags/example_xcomargs.py
[2025-08-18T18:01:44.121+0000] {processor.py:839} INFO - DAG(s) dict_keys(['example_xcom_args_with_operators', 'example_xcom_args']) retrieved from /home/airflow/.local/lib/python3.8/site-packages/airflow/example_dags/example_xcomargs.py
[2025-08-18T18:01:44.168+0000] {logging_mixin.py:151} INFO - [2025-08-18T18:01:44.167+0000] {dag.py:2941} INFO - Sync 2 DAGs
[2025-08-18T18:01:44.193+0000] {logging_mixin.py:151} INFO - [2025-08-18T18:01:44.193+0000] {dag.py:3722} INFO - Setting next_dagrun for example_xcom_args to None, run_after=None
[2025-08-18T18:01:44.199+0000] {logging_mixin.py:151} INFO - [2025-08-18T18:01:44.199+0000] {dag.py:3722} INFO - Setting next_dagrun for example_xcom_args_with_operators to None, run_after=None
[2025-08-18T18:01:44.241+0000] {processor.py:179} INFO - Processing /home/airflow/.local/lib/python3.8/site-packages/airflow/example_dags/example_xcomargs.py took 0.141 seconds
[2025-08-18T18:02:14.937+0000] {processor.py:157} INFO - Started process (PID=522) to work on /home/airflow/.local/lib/python3.8/site-packages/airflow/example_dags/example_xcomargs.py
[2025-08-18T18:02:14.944+0000] {processor.py:829} INFO - Processing file /home/airflow/.local/lib/python3.8/site-packages/airflow/example_dags/example_xcomargs.py for tasks to queue
[2025-08-18T18:02:14.948+0000] {logging_mixin.py:151} INFO - [2025-08-18T18:02:14.948+0000] {dagbag.py:536} INFO - Filling up the DagBag from /home/airflow/.local/lib/python3.8/site-packages/airflow/example_dags/example_xcomargs.py
[2025-08-18T18:02:14.963+0000] {processor.py:839} INFO - DAG(s) dict_keys(['example_xcom_args_with_operators', 'example_xcom_args']) retrieved from /home/airflow/.local/lib/python3.8/site-packages/airflow/example_dags/example_xcomargs.py
[2025-08-18T18:02:15.023+0000] {logging_mixin.py:151} INFO - [2025-08-18T18:02:15.023+0000] {dag.py:2941} INFO - Sync 2 DAGs
[2025-08-18T18:02:15.050+0000] {logging_mixin.py:151} INFO - [2025-08-18T18:02:15.049+0000] {dag.py:3722} INFO - Setting next_dagrun for example_xcom_args to None, run_after=None
[2025-08-18T18:02:15.057+0000] {logging_mixin.py:151} INFO - [2025-08-18T18:02:15.057+0000] {dag.py:3722} INFO - Setting next_dagrun for example_xcom_args_with_operators to None, run_after=None
[2025-08-18T18:02:15.104+0000] {processor.py:179} INFO - Processing /home/airflow/.local/lib/python3.8/site-packages/airflow/example_dags/example_xcomargs.py took 0.176 seconds
[2025-08-18T18:02:45.879+0000] {processor.py:157} INFO - Started process (PID=576) to work on /home/airflow/.local/lib/python3.8/site-packages/airflow/example_dags/example_xcomargs.py
[2025-08-18T18:02:45.881+0000] {processor.py:829} INFO - Processing file /home/airflow/.local/lib/python3.8/site-packages/airflow/example_dags/example_xcomargs.py for tasks to queue
[2025-08-18T18:02:45.886+0000] {logging_mixin.py:151} INFO - [2025-08-18T18:02:45.886+0000] {dagbag.py:536} INFO - Filling up the DagBag from /home/airflow/.local/lib/python3.8/site-packages/airflow/example_dags/example_xcomargs.py
[2025-08-18T18:02:45.906+0000] {processor.py:839} INFO - DAG(s) dict_keys(['example_xcom_args_with_operators', 'example_xcom_args']) retrieved from /home/airflow/.local/lib/python3.8/site-packages/airflow/example_dags/example_xcomargs.py
[2025-08-18T18:02:45.971+0000] {logging_mixin.py:151} INFO - [2025-08-18T18:02:45.971+0000] {dag.py:2941} INFO - Sync 2 DAGs
[2025-08-18T18:02:45.994+0000] {logging_mixin.py:151} INFO - [2025-08-18T18:02:45.994+0000] {dag.py:3722} INFO - Setting next_dagrun for example_xcom_args to None, run_after=None
[2025-08-18T18:02:46.002+0000] {logging_mixin.py:151} INFO - [2025-08-18T18:02:46.002+0000] {dag.py:3722} INFO - Setting next_dagrun for example_xcom_args_with_operators to None, run_after=None
[2025-08-18T18:02:46.049+0000] {processor.py:179} INFO - Processing /home/airflow/.local/lib/python3.8/site-packages/airflow/example_dags/example_xcomargs.py took 0.178 seconds
[2025-08-18T18:03:16.667+0000] {processor.py:157} INFO - Started process (PID=630) to work on /home/airflow/.local/lib/python3.8/site-packages/airflow/example_dags/example_xcomargs.py
[2025-08-18T18:03:16.670+0000] {processor.py:829} INFO - Processing file /home/airflow/.local/lib/python3.8/site-packages/airflow/example_dags/example_xcomargs.py for tasks to queue
[2025-08-18T18:03:16.674+0000] {logging_mixin.py:151} INFO - [2025-08-18T18:03:16.673+0000] {dagbag.py:536} INFO - Filling up the DagBag from /home/airflow/.local/lib/python3.8/site-packages/airflow/example_dags/example_xcomargs.py
[2025-08-18T18:03:16.687+0000] {processor.py:839} INFO - DAG(s) dict_keys(['example_xcom_args', 'example_xcom_args_with_operators']) retrieved from /home/airflow/.local/lib/python3.8/site-packages/airflow/example_dags/example_xcomargs.py
[2025-08-18T18:03:16.745+0000] {logging_mixin.py:151} INFO - [2025-08-18T18:03:16.745+0000] {dag.py:2941} INFO - Sync 2 DAGs
[2025-08-18T18:03:16.770+0000] {logging_mixin.py:151} INFO - [2025-08-18T18:03:16.769+0000] {dag.py:3722} INFO - Setting next_dagrun for example_xcom_args to None, run_after=None
[2025-08-18T18:03:16.778+0000] {logging_mixin.py:151} INFO - [2025-08-18T18:03:16.778+0000] {dag.py:3722} INFO - Setting next_dagrun for example_xcom_args_with_operators to None, run_after=None
[2025-08-18T18:03:16.810+0000] {processor.py:179} INFO - Processing /home/airflow/.local/lib/python3.8/site-packages/airflow/example_dags/example_xcomargs.py took 0.150 seconds
[2025-08-18T18:03:47.205+0000] {processor.py:157} INFO - Started process (PID=685) to work on /home/airflow/.local/lib/python3.8/site-packages/airflow/example_dags/example_xcomargs.py
[2025-08-18T18:03:47.209+0000] {processor.py:829} INFO - Processing file /home/airflow/.local/lib/python3.8/site-packages/airflow/example_dags/example_xcomargs.py for tasks to queue
[2025-08-18T18:03:47.216+0000] {logging_mixin.py:151} INFO - [2025-08-18T18:03:47.215+0000] {dagbag.py:536} INFO - Filling up the DagBag from /home/airflow/.local/lib/python3.8/site-packages/airflow/example_dags/example_xcomargs.py
[2025-08-18T18:03:47.248+0000] {processor.py:839} INFO - DAG(s) dict_keys(['example_xcom_args', 'example_xcom_args_with_operators']) retrieved from /home/airflow/.local/lib/python3.8/site-packages/airflow/example_dags/example_xcomargs.py
[2025-08-18T18:03:47.317+0000] {logging_mixin.py:151} INFO - [2025-08-18T18:03:47.316+0000] {dag.py:2941} INFO - Sync 2 DAGs
[2025-08-18T18:03:47.344+0000] {logging_mixin.py:151} INFO - [2025-08-18T18:03:47.343+0000] {dag.py:3722} INFO - Setting next_dagrun for example_xcom_args to None, run_after=None
[2025-08-18T18:03:47.350+0000] {logging_mixin.py:151} INFO - [2025-08-18T18:03:47.349+0000] {dag.py:3722} INFO - Setting next_dagrun for example_xcom_args_with_operators to None, run_after=None
[2025-08-18T18:03:47.392+0000] {processor.py:179} INFO - Processing /home/airflow/.local/lib/python3.8/site-packages/airflow/example_dags/example_xcomargs.py took 0.196 seconds
[2025-08-18T18:04:18.064+0000] {processor.py:157} INFO - Started process (PID=739) to work on /home/airflow/.local/lib/python3.8/site-packages/airflow/example_dags/example_xcomargs.py
[2025-08-18T18:04:18.067+0000] {processor.py:829} INFO - Processing file /home/airflow/.local/lib/python3.8/site-packages/airflow/example_dags/example_xcomargs.py for tasks to queue
[2025-08-18T18:04:18.070+0000] {logging_mixin.py:151} INFO - [2025-08-18T18:04:18.070+0000] {dagbag.py:536} INFO - Filling up the DagBag from /home/airflow/.local/lib/python3.8/site-packages/airflow/example_dags/example_xcomargs.py
[2025-08-18T18:04:18.088+0000] {processor.py:839} INFO - DAG(s) dict_keys(['example_xcom_args', 'example_xcom_args_with_operators']) retrieved from /home/airflow/.local/lib/python3.8/site-packages/airflow/example_dags/example_xcomargs.py
[2025-08-18T18:04:18.132+0000] {logging_mixin.py:151} INFO - [2025-08-18T18:04:18.132+0000] {dag.py:2941} INFO - Sync 2 DAGs
[2025-08-18T18:04:18.154+0000] {logging_mixin.py:151} INFO - [2025-08-18T18:04:18.153+0000] {dag.py:3722} INFO - Setting next_dagrun for example_xcom_args to None, run_after=None
[2025-08-18T18:04:18.159+0000] {logging_mixin.py:151} INFO - [2025-08-18T18:04:18.159+0000] {dag.py:3722} INFO - Setting next_dagrun for example_xcom_args_with_operators to None, run_after=None
[2025-08-18T18:04:18.188+0000] {processor.py:179} INFO - Processing /home/airflow/.local/lib/python3.8/site-packages/airflow/example_dags/example_xcomargs.py took 0.130 seconds
[2025-08-18T18:04:48.765+0000] {processor.py:157} INFO - Started process (PID=793) to work on /home/airflow/.local/lib/python3.8/site-packages/airflow/example_dags/example_xcomargs.py
[2025-08-18T18:04:48.767+0000] {processor.py:829} INFO - Processing file /home/airflow/.local/lib/python3.8/site-packages/airflow/example_dags/example_xcomargs.py for tasks to queue
[2025-08-18T18:04:48.770+0000] {logging_mixin.py:151} INFO - [2025-08-18T18:04:48.769+0000] {dagbag.py:536} INFO - Filling up the DagBag from /home/airflow/.local/lib/python3.8/site-packages/airflow/example_dags/example_xcomargs.py
[2025-08-18T18:04:48.782+0000] {processor.py:839} INFO - DAG(s) dict_keys(['example_xcom_args_with_operators', 'example_xcom_args']) retrieved from /home/airflow/.local/lib/python3.8/site-packages/airflow/example_dags/example_xcomargs.py
[2025-08-18T18:04:48.827+0000] {logging_mixin.py:151} INFO - [2025-08-18T18:04:48.826+0000] {dag.py:2941} INFO - Sync 2 DAGs
[2025-08-18T18:04:48.844+0000] {logging_mixin.py:151} INFO - [2025-08-18T18:04:48.844+0000] {dag.py:3722} INFO - Setting next_dagrun for example_xcom_args to None, run_after=None
[2025-08-18T18:04:48.849+0000] {logging_mixin.py:151} INFO - [2025-08-18T18:04:48.848+0000] {dag.py:3722} INFO - Setting next_dagrun for example_xcom_args_with_operators to None, run_after=None
[2025-08-18T18:04:48.876+0000] {processor.py:179} INFO - Processing /home/airflow/.local/lib/python3.8/site-packages/airflow/example_dags/example_xcomargs.py took 0.117 seconds
