[2025-08-18T17:56:29.570+0000] {processor.py:157} INFO - Started process (PID=100) to work on /home/airflow/.local/lib/python3.8/site-packages/airflow/example_dags/example_subdag_operator.py
[2025-08-18T17:56:29.572+0000] {processor.py:829} INFO - Processing file /home/airflow/.local/lib/python3.8/site-packages/airflow/example_dags/example_subdag_operator.py for tasks to queue
[2025-08-18T17:56:29.576+0000] {logging_mixin.py:151} INFO - [2025-08-18T17:56:29.575+0000] {dagbag.py:536} INFO - Filling up the DagBag from /home/airflow/.local/lib/python3.8/site-packages/airflow/example_dags/example_subdag_operator.py
[2025-08-18T17:56:30.203+0000] {processor.py:839} INFO - DAG(s) dict_keys(['example_subdag_operator.section-1', 'example_subdag_operator.section-2', 'example_subdag_operator']) retrieved from /home/airflow/.local/lib/python3.8/site-packages/airflow/example_dags/example_subdag_operator.py
[2025-08-18T17:56:30.661+0000] {logging_mixin.py:151} INFO - [2025-08-18T17:56:30.660+0000] {dag.py:2941} INFO - Sync 3 DAGs
[2025-08-18T17:56:31.372+0000] {logging_mixin.py:151} INFO - [2025-08-18T17:56:31.371+0000] {dag.py:3722} INFO - Setting next_dagrun for example_subdag_operator to 2022-01-01T00:00:00+00:00, run_after=2022-01-01T00:00:00+00:00
[2025-08-18T17:56:31.406+0000] {logging_mixin.py:151} INFO - [2025-08-18T17:56:31.405+0000] {dag.py:3722} INFO - Setting next_dagrun for example_subdag_operator.section-1 to None, run_after=None
[2025-08-18T17:56:31.417+0000] {logging_mixin.py:151} INFO - [2025-08-18T17:56:31.412+0000] {dag.py:3722} INFO - Setting next_dagrun for example_subdag_operator.section-2 to None, run_after=None
[2025-08-18T17:56:31.506+0000] {logging_mixin.py:151} INFO - [2025-08-18T17:56:31.505+0000] {dag.py:2941} INFO - Sync 2 DAGs
[2025-08-18T17:56:31.538+0000] {logging_mixin.py:151} INFO - [2025-08-18T17:56:31.537+0000] {dag.py:3722} INFO - Setting next_dagrun for example_subdag_operator.section-1 to None, run_after=None
[2025-08-18T17:56:31.540+0000] {logging_mixin.py:151} INFO - [2025-08-18T17:56:31.539+0000] {dag.py:3722} INFO - Setting next_dagrun for example_subdag_operator.section-2 to None, run_after=None
[2025-08-18T17:56:32.361+0000] {processor.py:179} INFO - Processing /home/airflow/.local/lib/python3.8/site-packages/airflow/example_dags/example_subdag_operator.py took 2.806 seconds
[2025-08-18T17:57:57.651+0000] {processor.py:157} INFO - Started process (PID=86) to work on /home/airflow/.local/lib/python3.8/site-packages/airflow/example_dags/example_subdag_operator.py
[2025-08-18T17:57:57.655+0000] {processor.py:829} INFO - Processing file /home/airflow/.local/lib/python3.8/site-packages/airflow/example_dags/example_subdag_operator.py for tasks to queue
[2025-08-18T17:57:57.666+0000] {logging_mixin.py:151} INFO - [2025-08-18T17:57:57.665+0000] {dagbag.py:536} INFO - Filling up the DagBag from /home/airflow/.local/lib/python3.8/site-packages/airflow/example_dags/example_subdag_operator.py
[2025-08-18T17:57:57.806+0000] {processor.py:839} INFO - DAG(s) dict_keys(['example_subdag_operator.section-1', 'example_subdag_operator.section-2', 'example_subdag_operator']) retrieved from /home/airflow/.local/lib/python3.8/site-packages/airflow/example_dags/example_subdag_operator.py
[2025-08-18T17:57:57.835+0000] {logging_mixin.py:151} INFO - [2025-08-18T17:57:57.824+0000] {dag.py:2941} INFO - Sync 3 DAGs
[2025-08-18T17:57:58.107+0000] {logging_mixin.py:151} INFO - [2025-08-18T17:57:58.103+0000] {dag.py:3722} INFO - Setting next_dagrun for example_subdag_operator to 2022-01-01T00:00:00+00:00, run_after=2022-01-01T00:00:00+00:00
[2025-08-18T17:57:58.137+0000] {logging_mixin.py:151} INFO - [2025-08-18T17:57:58.137+0000] {dag.py:3722} INFO - Setting next_dagrun for example_subdag_operator.section-1 to None, run_after=None
[2025-08-18T17:57:58.141+0000] {logging_mixin.py:151} INFO - [2025-08-18T17:57:58.141+0000] {dag.py:3722} INFO - Setting next_dagrun for example_subdag_operator.section-2 to None, run_after=None
[2025-08-18T17:57:58.193+0000] {logging_mixin.py:151} INFO - [2025-08-18T17:57:58.193+0000] {dag.py:2941} INFO - Sync 2 DAGs
[2025-08-18T17:57:58.223+0000] {logging_mixin.py:151} INFO - [2025-08-18T17:57:58.223+0000] {dag.py:3722} INFO - Setting next_dagrun for example_subdag_operator.section-1 to None, run_after=None
[2025-08-18T17:57:58.224+0000] {logging_mixin.py:151} INFO - [2025-08-18T17:57:58.224+0000] {dag.py:3722} INFO - Setting next_dagrun for example_subdag_operator.section-2 to None, run_after=None
[2025-08-18T17:57:58.322+0000] {processor.py:179} INFO - Processing /home/airflow/.local/lib/python3.8/site-packages/airflow/example_dags/example_subdag_operator.py took 0.681 seconds
[2025-08-18T17:58:28.411+0000] {processor.py:157} INFO - Started process (PID=140) to work on /home/airflow/.local/lib/python3.8/site-packages/airflow/example_dags/example_subdag_operator.py
[2025-08-18T17:58:28.413+0000] {processor.py:829} INFO - Processing file /home/airflow/.local/lib/python3.8/site-packages/airflow/example_dags/example_subdag_operator.py for tasks to queue
[2025-08-18T17:58:28.417+0000] {logging_mixin.py:151} INFO - [2025-08-18T17:58:28.416+0000] {dagbag.py:536} INFO - Filling up the DagBag from /home/airflow/.local/lib/python3.8/site-packages/airflow/example_dags/example_subdag_operator.py
[2025-08-18T17:58:28.464+0000] {processor.py:839} INFO - DAG(s) dict_keys(['example_subdag_operator.section-1', 'example_subdag_operator.section-2', 'example_subdag_operator']) retrieved from /home/airflow/.local/lib/python3.8/site-packages/airflow/example_dags/example_subdag_operator.py
[2025-08-18T17:58:28.493+0000] {logging_mixin.py:151} INFO - [2025-08-18T17:58:28.492+0000] {dag.py:2941} INFO - Sync 3 DAGs
[2025-08-18T17:58:28.536+0000] {logging_mixin.py:151} INFO - [2025-08-18T17:58:28.535+0000] {dag.py:3722} INFO - Setting next_dagrun for example_subdag_operator to 2022-01-01T00:00:00+00:00, run_after=2022-01-01T00:00:00+00:00
[2025-08-18T17:58:28.542+0000] {logging_mixin.py:151} INFO - [2025-08-18T17:58:28.541+0000] {dag.py:3722} INFO - Setting next_dagrun for example_subdag_operator.section-1 to None, run_after=None
[2025-08-18T17:58:28.544+0000] {logging_mixin.py:151} INFO - [2025-08-18T17:58:28.544+0000] {dag.py:3722} INFO - Setting next_dagrun for example_subdag_operator.section-2 to None, run_after=None
[2025-08-18T17:58:28.557+0000] {logging_mixin.py:151} INFO - [2025-08-18T17:58:28.557+0000] {dag.py:2941} INFO - Sync 2 DAGs
[2025-08-18T17:58:28.570+0000] {logging_mixin.py:151} INFO - [2025-08-18T17:58:28.570+0000] {dag.py:3722} INFO - Setting next_dagrun for example_subdag_operator.section-1 to None, run_after=None
[2025-08-18T17:58:28.571+0000] {logging_mixin.py:151} INFO - [2025-08-18T17:58:28.571+0000] {dag.py:3722} INFO - Setting next_dagrun for example_subdag_operator.section-2 to None, run_after=None
[2025-08-18T17:58:28.598+0000] {processor.py:179} INFO - Processing /home/airflow/.local/lib/python3.8/site-packages/airflow/example_dags/example_subdag_operator.py took 0.194 seconds
[2025-08-18T17:59:07.407+0000] {processor.py:157} INFO - Started process (PID=194) to work on /home/airflow/.local/lib/python3.8/site-packages/airflow/example_dags/example_subdag_operator.py
[2025-08-18T17:59:07.438+0000] {processor.py:829} INFO - Processing file /home/airflow/.local/lib/python3.8/site-packages/airflow/example_dags/example_subdag_operator.py for tasks to queue
[2025-08-18T17:59:07.446+0000] {logging_mixin.py:151} INFO - [2025-08-18T17:59:07.444+0000] {dagbag.py:536} INFO - Filling up the DagBag from /home/airflow/.local/lib/python3.8/site-packages/airflow/example_dags/example_subdag_operator.py
[2025-08-18T17:59:08.458+0000] {processor.py:839} INFO - DAG(s) dict_keys(['example_subdag_operator.section-1', 'example_subdag_operator.section-2', 'example_subdag_operator']) retrieved from /home/airflow/.local/lib/python3.8/site-packages/airflow/example_dags/example_subdag_operator.py
[2025-08-18T17:59:08.603+0000] {logging_mixin.py:151} INFO - [2025-08-18T17:59:08.603+0000] {dag.py:2941} INFO - Sync 3 DAGs
[2025-08-18T17:59:08.744+0000] {logging_mixin.py:151} INFO - [2025-08-18T17:59:08.743+0000] {dag.py:3722} INFO - Setting next_dagrun for example_subdag_operator to 2022-01-01T00:00:00+00:00, run_after=2022-01-01T00:00:00+00:00
[2025-08-18T17:59:08.758+0000] {logging_mixin.py:151} INFO - [2025-08-18T17:59:08.758+0000] {dag.py:3722} INFO - Setting next_dagrun for example_subdag_operator.section-1 to None, run_after=None
[2025-08-18T17:59:08.771+0000] {logging_mixin.py:151} INFO - [2025-08-18T17:59:08.764+0000] {dag.py:3722} INFO - Setting next_dagrun for example_subdag_operator.section-2 to None, run_after=None
[2025-08-18T17:59:08.962+0000] {logging_mixin.py:151} INFO - [2025-08-18T17:59:08.961+0000] {dag.py:2941} INFO - Sync 2 DAGs
[2025-08-18T17:59:09.166+0000] {logging_mixin.py:151} INFO - [2025-08-18T17:59:09.150+0000] {dag.py:3722} INFO - Setting next_dagrun for example_subdag_operator.section-1 to None, run_after=None
[2025-08-18T17:59:09.167+0000] {logging_mixin.py:151} INFO - [2025-08-18T17:59:09.167+0000] {dag.py:3722} INFO - Setting next_dagrun for example_subdag_operator.section-2 to None, run_after=None
[2025-08-18T17:59:09.375+0000] {processor.py:179} INFO - Processing /home/airflow/.local/lib/python3.8/site-packages/airflow/example_dags/example_subdag_operator.py took 2.000 seconds
[2025-08-18T17:59:39.937+0000] {processor.py:157} INFO - Started process (PID=248) to work on /home/airflow/.local/lib/python3.8/site-packages/airflow/example_dags/example_subdag_operator.py
[2025-08-18T17:59:39.939+0000] {processor.py:829} INFO - Processing file /home/airflow/.local/lib/python3.8/site-packages/airflow/example_dags/example_subdag_operator.py for tasks to queue
[2025-08-18T17:59:39.943+0000] {logging_mixin.py:151} INFO - [2025-08-18T17:59:39.943+0000] {dagbag.py:536} INFO - Filling up the DagBag from /home/airflow/.local/lib/python3.8/site-packages/airflow/example_dags/example_subdag_operator.py
[2025-08-18T17:59:40.017+0000] {processor.py:839} INFO - DAG(s) dict_keys(['example_subdag_operator.section-1', 'example_subdag_operator.section-2', 'example_subdag_operator']) retrieved from /home/airflow/.local/lib/python3.8/site-packages/airflow/example_dags/example_subdag_operator.py
[2025-08-18T17:59:40.067+0000] {logging_mixin.py:151} INFO - [2025-08-18T17:59:40.067+0000] {dag.py:2941} INFO - Sync 3 DAGs
[2025-08-18T17:59:40.168+0000] {logging_mixin.py:151} INFO - [2025-08-18T17:59:40.168+0000] {dag.py:3722} INFO - Setting next_dagrun for example_subdag_operator to 2022-01-01T00:00:00+00:00, run_after=2022-01-01T00:00:00+00:00
[2025-08-18T17:59:40.191+0000] {logging_mixin.py:151} INFO - [2025-08-18T17:59:40.190+0000] {dag.py:3722} INFO - Setting next_dagrun for example_subdag_operator.section-1 to None, run_after=None
[2025-08-18T17:59:40.197+0000] {logging_mixin.py:151} INFO - [2025-08-18T17:59:40.197+0000] {dag.py:3722} INFO - Setting next_dagrun for example_subdag_operator.section-2 to None, run_after=None
[2025-08-18T17:59:40.226+0000] {logging_mixin.py:151} INFO - [2025-08-18T17:59:40.224+0000] {dag.py:2941} INFO - Sync 2 DAGs
[2025-08-18T17:59:40.249+0000] {logging_mixin.py:151} INFO - [2025-08-18T17:59:40.248+0000] {dag.py:3722} INFO - Setting next_dagrun for example_subdag_operator.section-1 to None, run_after=None
[2025-08-18T17:59:40.250+0000] {logging_mixin.py:151} INFO - [2025-08-18T17:59:40.249+0000] {dag.py:3722} INFO - Setting next_dagrun for example_subdag_operator.section-2 to None, run_after=None
[2025-08-18T17:59:40.313+0000] {processor.py:179} INFO - Processing /home/airflow/.local/lib/python3.8/site-packages/airflow/example_dags/example_subdag_operator.py took 0.385 seconds
[2025-08-18T18:00:10.437+0000] {processor.py:157} INFO - Started process (PID=302) to work on /home/airflow/.local/lib/python3.8/site-packages/airflow/example_dags/example_subdag_operator.py
[2025-08-18T18:00:10.440+0000] {processor.py:829} INFO - Processing file /home/airflow/.local/lib/python3.8/site-packages/airflow/example_dags/example_subdag_operator.py for tasks to queue
[2025-08-18T18:00:10.449+0000] {logging_mixin.py:151} INFO - [2025-08-18T18:00:10.445+0000] {dagbag.py:536} INFO - Filling up the DagBag from /home/airflow/.local/lib/python3.8/site-packages/airflow/example_dags/example_subdag_operator.py
[2025-08-18T18:00:10.504+0000] {processor.py:839} INFO - DAG(s) dict_keys(['example_subdag_operator.section-1', 'example_subdag_operator.section-2', 'example_subdag_operator']) retrieved from /home/airflow/.local/lib/python3.8/site-packages/airflow/example_dags/example_subdag_operator.py
[2025-08-18T18:00:10.531+0000] {logging_mixin.py:151} INFO - [2025-08-18T18:00:10.531+0000] {dag.py:2941} INFO - Sync 3 DAGs
[2025-08-18T18:00:10.577+0000] {logging_mixin.py:151} INFO - [2025-08-18T18:00:10.576+0000] {dag.py:3722} INFO - Setting next_dagrun for example_subdag_operator to 2022-01-01T00:00:00+00:00, run_after=2022-01-01T00:00:00+00:00
[2025-08-18T18:00:10.590+0000] {logging_mixin.py:151} INFO - [2025-08-18T18:00:10.590+0000] {dag.py:3722} INFO - Setting next_dagrun for example_subdag_operator.section-1 to None, run_after=None
[2025-08-18T18:00:10.594+0000] {logging_mixin.py:151} INFO - [2025-08-18T18:00:10.593+0000] {dag.py:3722} INFO - Setting next_dagrun for example_subdag_operator.section-2 to None, run_after=None
[2025-08-18T18:00:10.611+0000] {logging_mixin.py:151} INFO - [2025-08-18T18:00:10.611+0000] {dag.py:2941} INFO - Sync 2 DAGs
[2025-08-18T18:00:10.621+0000] {logging_mixin.py:151} INFO - [2025-08-18T18:00:10.620+0000] {dag.py:3722} INFO - Setting next_dagrun for example_subdag_operator.section-1 to None, run_after=None
[2025-08-18T18:00:10.621+0000] {logging_mixin.py:151} INFO - [2025-08-18T18:00:10.621+0000] {dag.py:3722} INFO - Setting next_dagrun for example_subdag_operator.section-2 to None, run_after=None
[2025-08-18T18:00:10.646+0000] {processor.py:179} INFO - Processing /home/airflow/.local/lib/python3.8/site-packages/airflow/example_dags/example_subdag_operator.py took 0.221 seconds
[2025-08-18T18:00:41.235+0000] {processor.py:157} INFO - Started process (PID=356) to work on /home/airflow/.local/lib/python3.8/site-packages/airflow/example_dags/example_subdag_operator.py
[2025-08-18T18:00:41.237+0000] {processor.py:829} INFO - Processing file /home/airflow/.local/lib/python3.8/site-packages/airflow/example_dags/example_subdag_operator.py for tasks to queue
[2025-08-18T18:00:41.242+0000] {logging_mixin.py:151} INFO - [2025-08-18T18:00:41.242+0000] {dagbag.py:536} INFO - Filling up the DagBag from /home/airflow/.local/lib/python3.8/site-packages/airflow/example_dags/example_subdag_operator.py
[2025-08-18T18:00:41.294+0000] {processor.py:839} INFO - DAG(s) dict_keys(['example_subdag_operator.section-1', 'example_subdag_operator.section-2', 'example_subdag_operator']) retrieved from /home/airflow/.local/lib/python3.8/site-packages/airflow/example_dags/example_subdag_operator.py
[2025-08-18T18:00:41.321+0000] {logging_mixin.py:151} INFO - [2025-08-18T18:00:41.321+0000] {dag.py:2941} INFO - Sync 3 DAGs
[2025-08-18T18:00:41.369+0000] {logging_mixin.py:151} INFO - [2025-08-18T18:00:41.368+0000] {dag.py:3722} INFO - Setting next_dagrun for example_subdag_operator to 2022-01-01T00:00:00+00:00, run_after=2022-01-01T00:00:00+00:00
[2025-08-18T18:00:41.375+0000] {logging_mixin.py:151} INFO - [2025-08-18T18:00:41.374+0000] {dag.py:3722} INFO - Setting next_dagrun for example_subdag_operator.section-1 to None, run_after=None
[2025-08-18T18:00:41.378+0000] {logging_mixin.py:151} INFO - [2025-08-18T18:00:41.378+0000] {dag.py:3722} INFO - Setting next_dagrun for example_subdag_operator.section-2 to None, run_after=None
[2025-08-18T18:00:41.393+0000] {logging_mixin.py:151} INFO - [2025-08-18T18:00:41.393+0000] {dag.py:2941} INFO - Sync 2 DAGs
[2025-08-18T18:00:41.403+0000] {logging_mixin.py:151} INFO - [2025-08-18T18:00:41.403+0000] {dag.py:3722} INFO - Setting next_dagrun for example_subdag_operator.section-1 to None, run_after=None
[2025-08-18T18:00:41.403+0000] {logging_mixin.py:151} INFO - [2025-08-18T18:00:41.403+0000] {dag.py:3722} INFO - Setting next_dagrun for example_subdag_operator.section-2 to None, run_after=None
[2025-08-18T18:00:41.427+0000] {processor.py:179} INFO - Processing /home/airflow/.local/lib/python3.8/site-packages/airflow/example_dags/example_subdag_operator.py took 0.199 seconds
[2025-08-18T18:01:11.615+0000] {processor.py:157} INFO - Started process (PID=410) to work on /home/airflow/.local/lib/python3.8/site-packages/airflow/example_dags/example_subdag_operator.py
[2025-08-18T18:01:11.617+0000] {processor.py:829} INFO - Processing file /home/airflow/.local/lib/python3.8/site-packages/airflow/example_dags/example_subdag_operator.py for tasks to queue
[2025-08-18T18:01:11.623+0000] {logging_mixin.py:151} INFO - [2025-08-18T18:01:11.622+0000] {dagbag.py:536} INFO - Filling up the DagBag from /home/airflow/.local/lib/python3.8/site-packages/airflow/example_dags/example_subdag_operator.py
[2025-08-18T18:01:11.764+0000] {processor.py:839} INFO - DAG(s) dict_keys(['example_subdag_operator.section-1', 'example_subdag_operator.section-2', 'example_subdag_operator']) retrieved from /home/airflow/.local/lib/python3.8/site-packages/airflow/example_dags/example_subdag_operator.py
[2025-08-18T18:01:11.846+0000] {logging_mixin.py:151} INFO - [2025-08-18T18:01:11.845+0000] {dag.py:2941} INFO - Sync 3 DAGs
[2025-08-18T18:01:11.947+0000] {logging_mixin.py:151} INFO - [2025-08-18T18:01:11.946+0000] {dag.py:3722} INFO - Setting next_dagrun for example_subdag_operator to 2022-01-01T00:00:00+00:00, run_after=2022-01-01T00:00:00+00:00
[2025-08-18T18:01:11.963+0000] {logging_mixin.py:151} INFO - [2025-08-18T18:01:11.962+0000] {dag.py:3722} INFO - Setting next_dagrun for example_subdag_operator.section-1 to None, run_after=None
[2025-08-18T18:01:11.967+0000] {logging_mixin.py:151} INFO - [2025-08-18T18:01:11.966+0000] {dag.py:3722} INFO - Setting next_dagrun for example_subdag_operator.section-2 to None, run_after=None
[2025-08-18T18:01:12.014+0000] {logging_mixin.py:151} INFO - [2025-08-18T18:01:12.013+0000] {dag.py:2941} INFO - Sync 2 DAGs
[2025-08-18T18:01:12.036+0000] {logging_mixin.py:151} INFO - [2025-08-18T18:01:12.035+0000] {dag.py:3722} INFO - Setting next_dagrun for example_subdag_operator.section-1 to None, run_after=None
[2025-08-18T18:01:12.048+0000] {logging_mixin.py:151} INFO - [2025-08-18T18:01:12.047+0000] {dag.py:3722} INFO - Setting next_dagrun for example_subdag_operator.section-2 to None, run_after=None
[2025-08-18T18:01:12.124+0000] {processor.py:179} INFO - Processing /home/airflow/.local/lib/python3.8/site-packages/airflow/example_dags/example_subdag_operator.py took 0.521 seconds
[2025-08-18T18:01:42.439+0000] {processor.py:157} INFO - Started process (PID=464) to work on /home/airflow/.local/lib/python3.8/site-packages/airflow/example_dags/example_subdag_operator.py
[2025-08-18T18:01:42.443+0000] {processor.py:829} INFO - Processing file /home/airflow/.local/lib/python3.8/site-packages/airflow/example_dags/example_subdag_operator.py for tasks to queue
[2025-08-18T18:01:42.452+0000] {logging_mixin.py:151} INFO - [2025-08-18T18:01:42.450+0000] {dagbag.py:536} INFO - Filling up the DagBag from /home/airflow/.local/lib/python3.8/site-packages/airflow/example_dags/example_subdag_operator.py
[2025-08-18T18:01:42.585+0000] {processor.py:839} INFO - DAG(s) dict_keys(['example_subdag_operator.section-1', 'example_subdag_operator.section-2', 'example_subdag_operator']) retrieved from /home/airflow/.local/lib/python3.8/site-packages/airflow/example_dags/example_subdag_operator.py
[2025-08-18T18:01:42.689+0000] {logging_mixin.py:151} INFO - [2025-08-18T18:01:42.688+0000] {dag.py:2941} INFO - Sync 3 DAGs
[2025-08-18T18:01:42.823+0000] {logging_mixin.py:151} INFO - [2025-08-18T18:01:42.822+0000] {dag.py:3722} INFO - Setting next_dagrun for example_subdag_operator to 2022-01-01T00:00:00+00:00, run_after=2022-01-01T00:00:00+00:00
[2025-08-18T18:01:42.843+0000] {logging_mixin.py:151} INFO - [2025-08-18T18:01:42.842+0000] {dag.py:3722} INFO - Setting next_dagrun for example_subdag_operator.section-1 to None, run_after=None
[2025-08-18T18:01:42.855+0000] {logging_mixin.py:151} INFO - [2025-08-18T18:01:42.854+0000] {dag.py:3722} INFO - Setting next_dagrun for example_subdag_operator.section-2 to None, run_after=None
[2025-08-18T18:01:42.896+0000] {logging_mixin.py:151} INFO - [2025-08-18T18:01:42.895+0000] {dag.py:2941} INFO - Sync 2 DAGs
[2025-08-18T18:01:42.919+0000] {logging_mixin.py:151} INFO - [2025-08-18T18:01:42.918+0000] {dag.py:3722} INFO - Setting next_dagrun for example_subdag_operator.section-1 to None, run_after=None
[2025-08-18T18:01:42.920+0000] {logging_mixin.py:151} INFO - [2025-08-18T18:01:42.919+0000] {dag.py:3722} INFO - Setting next_dagrun for example_subdag_operator.section-2 to None, run_after=None
[2025-08-18T18:01:42.984+0000] {processor.py:179} INFO - Processing /home/airflow/.local/lib/python3.8/site-packages/airflow/example_dags/example_subdag_operator.py took 0.562 seconds
[2025-08-18T18:02:13.565+0000] {processor.py:157} INFO - Started process (PID=518) to work on /home/airflow/.local/lib/python3.8/site-packages/airflow/example_dags/example_subdag_operator.py
[2025-08-18T18:02:13.567+0000] {processor.py:829} INFO - Processing file /home/airflow/.local/lib/python3.8/site-packages/airflow/example_dags/example_subdag_operator.py for tasks to queue
[2025-08-18T18:02:13.575+0000] {logging_mixin.py:151} INFO - [2025-08-18T18:02:13.575+0000] {dagbag.py:536} INFO - Filling up the DagBag from /home/airflow/.local/lib/python3.8/site-packages/airflow/example_dags/example_subdag_operator.py
[2025-08-18T18:02:13.640+0000] {processor.py:839} INFO - DAG(s) dict_keys(['example_subdag_operator.section-1', 'example_subdag_operator.section-2', 'example_subdag_operator']) retrieved from /home/airflow/.local/lib/python3.8/site-packages/airflow/example_dags/example_subdag_operator.py
[2025-08-18T18:02:13.674+0000] {logging_mixin.py:151} INFO - [2025-08-18T18:02:13.674+0000] {dag.py:2941} INFO - Sync 3 DAGs
[2025-08-18T18:02:13.724+0000] {logging_mixin.py:151} INFO - [2025-08-18T18:02:13.723+0000] {dag.py:3722} INFO - Setting next_dagrun for example_subdag_operator to 2022-01-01T00:00:00+00:00, run_after=2022-01-01T00:00:00+00:00
[2025-08-18T18:02:13.732+0000] {logging_mixin.py:151} INFO - [2025-08-18T18:02:13.732+0000] {dag.py:3722} INFO - Setting next_dagrun for example_subdag_operator.section-1 to None, run_after=None
[2025-08-18T18:02:13.736+0000] {logging_mixin.py:151} INFO - [2025-08-18T18:02:13.735+0000] {dag.py:3722} INFO - Setting next_dagrun for example_subdag_operator.section-2 to None, run_after=None
[2025-08-18T18:02:13.752+0000] {logging_mixin.py:151} INFO - [2025-08-18T18:02:13.752+0000] {dag.py:2941} INFO - Sync 2 DAGs
[2025-08-18T18:02:13.763+0000] {logging_mixin.py:151} INFO - [2025-08-18T18:02:13.763+0000] {dag.py:3722} INFO - Setting next_dagrun for example_subdag_operator.section-1 to None, run_after=None
[2025-08-18T18:02:13.765+0000] {logging_mixin.py:151} INFO - [2025-08-18T18:02:13.764+0000] {dag.py:3722} INFO - Setting next_dagrun for example_subdag_operator.section-2 to None, run_after=None
[2025-08-18T18:02:13.796+0000] {processor.py:179} INFO - Processing /home/airflow/.local/lib/python3.8/site-packages/airflow/example_dags/example_subdag_operator.py took 0.237 seconds
[2025-08-18T18:02:44.417+0000] {processor.py:157} INFO - Started process (PID=572) to work on /home/airflow/.local/lib/python3.8/site-packages/airflow/example_dags/example_subdag_operator.py
[2025-08-18T18:02:44.420+0000] {processor.py:829} INFO - Processing file /home/airflow/.local/lib/python3.8/site-packages/airflow/example_dags/example_subdag_operator.py for tasks to queue
[2025-08-18T18:02:44.425+0000] {logging_mixin.py:151} INFO - [2025-08-18T18:02:44.424+0000] {dagbag.py:536} INFO - Filling up the DagBag from /home/airflow/.local/lib/python3.8/site-packages/airflow/example_dags/example_subdag_operator.py
[2025-08-18T18:02:44.482+0000] {processor.py:839} INFO - DAG(s) dict_keys(['example_subdag_operator.section-1', 'example_subdag_operator.section-2', 'example_subdag_operator']) retrieved from /home/airflow/.local/lib/python3.8/site-packages/airflow/example_dags/example_subdag_operator.py
[2025-08-18T18:02:44.506+0000] {logging_mixin.py:151} INFO - [2025-08-18T18:02:44.506+0000] {dag.py:2941} INFO - Sync 3 DAGs
[2025-08-18T18:02:44.541+0000] {logging_mixin.py:151} INFO - [2025-08-18T18:02:44.541+0000] {dag.py:3722} INFO - Setting next_dagrun for example_subdag_operator to 2022-01-01T00:00:00+00:00, run_after=2022-01-01T00:00:00+00:00
[2025-08-18T18:02:44.546+0000] {logging_mixin.py:151} INFO - [2025-08-18T18:02:44.546+0000] {dag.py:3722} INFO - Setting next_dagrun for example_subdag_operator.section-1 to None, run_after=None
[2025-08-18T18:02:44.548+0000] {logging_mixin.py:151} INFO - [2025-08-18T18:02:44.547+0000] {dag.py:3722} INFO - Setting next_dagrun for example_subdag_operator.section-2 to None, run_after=None
[2025-08-18T18:02:44.560+0000] {logging_mixin.py:151} INFO - [2025-08-18T18:02:44.560+0000] {dag.py:2941} INFO - Sync 2 DAGs
[2025-08-18T18:02:44.573+0000] {logging_mixin.py:151} INFO - [2025-08-18T18:02:44.572+0000] {dag.py:3722} INFO - Setting next_dagrun for example_subdag_operator.section-1 to None, run_after=None
[2025-08-18T18:02:44.573+0000] {logging_mixin.py:151} INFO - [2025-08-18T18:02:44.573+0000] {dag.py:3722} INFO - Setting next_dagrun for example_subdag_operator.section-2 to None, run_after=None
[2025-08-18T18:02:44.599+0000] {processor.py:179} INFO - Processing /home/airflow/.local/lib/python3.8/site-packages/airflow/example_dags/example_subdag_operator.py took 0.188 seconds
[2025-08-18T18:03:15.143+0000] {processor.py:157} INFO - Started process (PID=626) to work on /home/airflow/.local/lib/python3.8/site-packages/airflow/example_dags/example_subdag_operator.py
[2025-08-18T18:03:15.145+0000] {processor.py:829} INFO - Processing file /home/airflow/.local/lib/python3.8/site-packages/airflow/example_dags/example_subdag_operator.py for tasks to queue
[2025-08-18T18:03:15.149+0000] {logging_mixin.py:151} INFO - [2025-08-18T18:03:15.148+0000] {dagbag.py:536} INFO - Filling up the DagBag from /home/airflow/.local/lib/python3.8/site-packages/airflow/example_dags/example_subdag_operator.py
[2025-08-18T18:03:15.211+0000] {processor.py:839} INFO - DAG(s) dict_keys(['example_subdag_operator.section-1', 'example_subdag_operator.section-2', 'example_subdag_operator']) retrieved from /home/airflow/.local/lib/python3.8/site-packages/airflow/example_dags/example_subdag_operator.py
[2025-08-18T18:03:15.249+0000] {logging_mixin.py:151} INFO - [2025-08-18T18:03:15.249+0000] {dag.py:2941} INFO - Sync 3 DAGs
[2025-08-18T18:03:15.299+0000] {logging_mixin.py:151} INFO - [2025-08-18T18:03:15.298+0000] {dag.py:3722} INFO - Setting next_dagrun for example_subdag_operator to 2022-01-01T00:00:00+00:00, run_after=2022-01-01T00:00:00+00:00
[2025-08-18T18:03:15.307+0000] {logging_mixin.py:151} INFO - [2025-08-18T18:03:15.306+0000] {dag.py:3722} INFO - Setting next_dagrun for example_subdag_operator.section-1 to None, run_after=None
[2025-08-18T18:03:15.311+0000] {logging_mixin.py:151} INFO - [2025-08-18T18:03:15.310+0000] {dag.py:3722} INFO - Setting next_dagrun for example_subdag_operator.section-2 to None, run_after=None
[2025-08-18T18:03:15.328+0000] {logging_mixin.py:151} INFO - [2025-08-18T18:03:15.327+0000] {dag.py:2941} INFO - Sync 2 DAGs
[2025-08-18T18:03:15.343+0000] {logging_mixin.py:151} INFO - [2025-08-18T18:03:15.343+0000] {dag.py:3722} INFO - Setting next_dagrun for example_subdag_operator.section-1 to None, run_after=None
[2025-08-18T18:03:15.348+0000] {logging_mixin.py:151} INFO - [2025-08-18T18:03:15.344+0000] {dag.py:3722} INFO - Setting next_dagrun for example_subdag_operator.section-2 to None, run_after=None
[2025-08-18T18:03:15.381+0000] {processor.py:179} INFO - Processing /home/airflow/.local/lib/python3.8/site-packages/airflow/example_dags/example_subdag_operator.py took 0.247 seconds
[2025-08-18T18:03:45.877+0000] {processor.py:157} INFO - Started process (PID=681) to work on /home/airflow/.local/lib/python3.8/site-packages/airflow/example_dags/example_subdag_operator.py
[2025-08-18T18:03:45.880+0000] {processor.py:829} INFO - Processing file /home/airflow/.local/lib/python3.8/site-packages/airflow/example_dags/example_subdag_operator.py for tasks to queue
[2025-08-18T18:03:45.884+0000] {logging_mixin.py:151} INFO - [2025-08-18T18:03:45.884+0000] {dagbag.py:536} INFO - Filling up the DagBag from /home/airflow/.local/lib/python3.8/site-packages/airflow/example_dags/example_subdag_operator.py
[2025-08-18T18:03:45.953+0000] {processor.py:839} INFO - DAG(s) dict_keys(['example_subdag_operator.section-1', 'example_subdag_operator.section-2', 'example_subdag_operator']) retrieved from /home/airflow/.local/lib/python3.8/site-packages/airflow/example_dags/example_subdag_operator.py
[2025-08-18T18:03:46.008+0000] {logging_mixin.py:151} INFO - [2025-08-18T18:03:46.008+0000] {dag.py:2941} INFO - Sync 3 DAGs
[2025-08-18T18:03:46.055+0000] {logging_mixin.py:151} INFO - [2025-08-18T18:03:46.055+0000] {dag.py:3722} INFO - Setting next_dagrun for example_subdag_operator to 2022-01-01T00:00:00+00:00, run_after=2022-01-01T00:00:00+00:00
[2025-08-18T18:03:46.065+0000] {logging_mixin.py:151} INFO - [2025-08-18T18:03:46.064+0000] {dag.py:3722} INFO - Setting next_dagrun for example_subdag_operator.section-1 to None, run_after=None
[2025-08-18T18:03:46.069+0000] {logging_mixin.py:151} INFO - [2025-08-18T18:03:46.068+0000] {dag.py:3722} INFO - Setting next_dagrun for example_subdag_operator.section-2 to None, run_after=None
[2025-08-18T18:03:46.084+0000] {logging_mixin.py:151} INFO - [2025-08-18T18:03:46.084+0000] {dag.py:2941} INFO - Sync 2 DAGs
[2025-08-18T18:03:46.096+0000] {logging_mixin.py:151} INFO - [2025-08-18T18:03:46.095+0000] {dag.py:3722} INFO - Setting next_dagrun for example_subdag_operator.section-1 to None, run_after=None
[2025-08-18T18:03:46.096+0000] {logging_mixin.py:151} INFO - [2025-08-18T18:03:46.096+0000] {dag.py:3722} INFO - Setting next_dagrun for example_subdag_operator.section-2 to None, run_after=None
[2025-08-18T18:03:46.133+0000] {processor.py:179} INFO - Processing /home/airflow/.local/lib/python3.8/site-packages/airflow/example_dags/example_subdag_operator.py took 0.268 seconds
[2025-08-18T18:04:16.458+0000] {processor.py:157} INFO - Started process (PID=735) to work on /home/airflow/.local/lib/python3.8/site-packages/airflow/example_dags/example_subdag_operator.py
[2025-08-18T18:04:16.460+0000] {processor.py:829} INFO - Processing file /home/airflow/.local/lib/python3.8/site-packages/airflow/example_dags/example_subdag_operator.py for tasks to queue
[2025-08-18T18:04:16.464+0000] {logging_mixin.py:151} INFO - [2025-08-18T18:04:16.464+0000] {dagbag.py:536} INFO - Filling up the DagBag from /home/airflow/.local/lib/python3.8/site-packages/airflow/example_dags/example_subdag_operator.py
[2025-08-18T18:04:16.511+0000] {processor.py:839} INFO - DAG(s) dict_keys(['example_subdag_operator.section-1', 'example_subdag_operator.section-2', 'example_subdag_operator']) retrieved from /home/airflow/.local/lib/python3.8/site-packages/airflow/example_dags/example_subdag_operator.py
[2025-08-18T18:04:16.533+0000] {logging_mixin.py:151} INFO - [2025-08-18T18:04:16.532+0000] {dag.py:2941} INFO - Sync 3 DAGs
[2025-08-18T18:04:16.600+0000] {logging_mixin.py:151} INFO - [2025-08-18T18:04:16.599+0000] {dag.py:3722} INFO - Setting next_dagrun for example_subdag_operator to 2022-01-01T00:00:00+00:00, run_after=2022-01-01T00:00:00+00:00
[2025-08-18T18:04:16.609+0000] {logging_mixin.py:151} INFO - [2025-08-18T18:04:16.609+0000] {dag.py:3722} INFO - Setting next_dagrun for example_subdag_operator.section-1 to None, run_after=None
[2025-08-18T18:04:16.613+0000] {logging_mixin.py:151} INFO - [2025-08-18T18:04:16.612+0000] {dag.py:3722} INFO - Setting next_dagrun for example_subdag_operator.section-2 to None, run_after=None
[2025-08-18T18:04:16.634+0000] {logging_mixin.py:151} INFO - [2025-08-18T18:04:16.634+0000] {dag.py:2941} INFO - Sync 2 DAGs
[2025-08-18T18:04:16.644+0000] {logging_mixin.py:151} INFO - [2025-08-18T18:04:16.644+0000] {dag.py:3722} INFO - Setting next_dagrun for example_subdag_operator.section-1 to None, run_after=None
[2025-08-18T18:04:16.644+0000] {logging_mixin.py:151} INFO - [2025-08-18T18:04:16.644+0000] {dag.py:3722} INFO - Setting next_dagrun for example_subdag_operator.section-2 to None, run_after=None
[2025-08-18T18:04:16.669+0000] {processor.py:179} INFO - Processing /home/airflow/.local/lib/python3.8/site-packages/airflow/example_dags/example_subdag_operator.py took 0.217 seconds
[2025-08-18T18:04:47.247+0000] {processor.py:157} INFO - Started process (PID=787) to work on /home/airflow/.local/lib/python3.8/site-packages/airflow/example_dags/example_subdag_operator.py
[2025-08-18T18:04:47.249+0000] {processor.py:829} INFO - Processing file /home/airflow/.local/lib/python3.8/site-packages/airflow/example_dags/example_subdag_operator.py for tasks to queue
[2025-08-18T18:04:47.252+0000] {logging_mixin.py:151} INFO - [2025-08-18T18:04:47.252+0000] {dagbag.py:536} INFO - Filling up the DagBag from /home/airflow/.local/lib/python3.8/site-packages/airflow/example_dags/example_subdag_operator.py
[2025-08-18T18:04:47.294+0000] {processor.py:839} INFO - DAG(s) dict_keys(['example_subdag_operator.section-1', 'example_subdag_operator.section-2', 'example_subdag_operator']) retrieved from /home/airflow/.local/lib/python3.8/site-packages/airflow/example_dags/example_subdag_operator.py
[2025-08-18T18:04:47.316+0000] {logging_mixin.py:151} INFO - [2025-08-18T18:04:47.315+0000] {dag.py:2941} INFO - Sync 3 DAGs
[2025-08-18T18:04:47.351+0000] {logging_mixin.py:151} INFO - [2025-08-18T18:04:47.350+0000] {dag.py:3722} INFO - Setting next_dagrun for example_subdag_operator to 2022-01-01T00:00:00+00:00, run_after=2022-01-01T00:00:00+00:00
[2025-08-18T18:04:47.356+0000] {logging_mixin.py:151} INFO - [2025-08-18T18:04:47.356+0000] {dag.py:3722} INFO - Setting next_dagrun for example_subdag_operator.section-1 to None, run_after=None
[2025-08-18T18:04:47.358+0000] {logging_mixin.py:151} INFO - [2025-08-18T18:04:47.358+0000] {dag.py:3722} INFO - Setting next_dagrun for example_subdag_operator.section-2 to None, run_after=None
[2025-08-18T18:04:47.370+0000] {logging_mixin.py:151} INFO - [2025-08-18T18:04:47.370+0000] {dag.py:2941} INFO - Sync 2 DAGs
[2025-08-18T18:04:47.379+0000] {logging_mixin.py:151} INFO - [2025-08-18T18:04:47.378+0000] {dag.py:3722} INFO - Setting next_dagrun for example_subdag_operator.section-1 to None, run_after=None
[2025-08-18T18:04:47.379+0000] {logging_mixin.py:151} INFO - [2025-08-18T18:04:47.379+0000] {dag.py:3722} INFO - Setting next_dagrun for example_subdag_operator.section-2 to None, run_after=None
[2025-08-18T18:04:47.405+0000] {processor.py:179} INFO - Processing /home/airflow/.local/lib/python3.8/site-packages/airflow/example_dags/example_subdag_operator.py took 0.162 seconds
