[2025-08-18T17:56:51.132+0000] {processor.py:157} INFO - Started process (PID=129) to work on /home/airflow/.local/lib/python3.8/site-packages/airflow/example_dags/example_xcom.py
[2025-08-18T17:56:51.140+0000] {processor.py:829} INFO - Processing file /home/airflow/.local/lib/python3.8/site-packages/airflow/example_dags/example_xcom.py for tasks to queue
[2025-08-18T17:56:51.150+0000] {logging_mixin.py:151} INFO - [2025-08-18T17:56:51.149+0000] {dagbag.py:536} INFO - Filling up the DagBag from /home/airflow/.local/lib/python3.8/site-packages/airflow/example_dags/example_xcom.py
[2025-08-18T17:56:51.204+0000] {processor.py:839} INFO - DAG(s) dict_keys(['example_xcom']) retrieved from /home/airflow/.local/lib/python3.8/site-packages/airflow/example_dags/example_xcom.py
[2025-08-18T17:56:51.317+0000] {logging_mixin.py:151} INFO - [2025-08-18T17:56:51.317+0000] {dag.py:2941} INFO - Sync 1 DAGs
[2025-08-18T17:56:51.379+0000] {logging_mixin.py:151} INFO - [2025-08-18T17:56:51.379+0000] {dag.py:3722} INFO - Setting next_dagrun for example_xcom to 2021-01-01T00:00:00+00:00, run_after=2021-01-01T00:00:00+00:00
[2025-08-18T17:56:51.426+0000] {processor.py:179} INFO - Processing /home/airflow/.local/lib/python3.8/site-packages/airflow/example_dags/example_xcom.py took 0.312 seconds
[2025-08-18T17:58:15.039+0000] {processor.py:157} INFO - Started process (PID=122) to work on /home/airflow/.local/lib/python3.8/site-packages/airflow/example_dags/example_xcom.py
[2025-08-18T17:58:15.042+0000] {processor.py:829} INFO - Processing file /home/airflow/.local/lib/python3.8/site-packages/airflow/example_dags/example_xcom.py for tasks to queue
[2025-08-18T17:58:15.110+0000] {logging_mixin.py:151} INFO - [2025-08-18T17:58:15.106+0000] {dagbag.py:536} INFO - Filling up the DagBag from /home/airflow/.local/lib/python3.8/site-packages/airflow/example_dags/example_xcom.py
[2025-08-18T17:58:15.183+0000] {processor.py:839} INFO - DAG(s) dict_keys(['example_xcom']) retrieved from /home/airflow/.local/lib/python3.8/site-packages/airflow/example_dags/example_xcom.py
[2025-08-18T17:58:15.256+0000] {logging_mixin.py:151} INFO - [2025-08-18T17:58:15.256+0000] {dag.py:2941} INFO - Sync 1 DAGs
[2025-08-18T17:58:15.458+0000] {logging_mixin.py:151} INFO - [2025-08-18T17:58:15.457+0000] {dag.py:3722} INFO - Setting next_dagrun for example_xcom to 2021-01-01T00:00:00+00:00, run_after=2021-01-01T00:00:00+00:00
[2025-08-18T17:58:15.570+0000] {processor.py:179} INFO - Processing /home/airflow/.local/lib/python3.8/site-packages/airflow/example_dags/example_xcom.py took 0.594 seconds
[2025-08-18T17:58:46.469+0000] {processor.py:157} INFO - Started process (PID=176) to work on /home/airflow/.local/lib/python3.8/site-packages/airflow/example_dags/example_xcom.py
[2025-08-18T17:58:46.471+0000] {processor.py:829} INFO - Processing file /home/airflow/.local/lib/python3.8/site-packages/airflow/example_dags/example_xcom.py for tasks to queue
[2025-08-18T17:58:46.475+0000] {logging_mixin.py:151} INFO - [2025-08-18T17:58:46.474+0000] {dagbag.py:536} INFO - Filling up the DagBag from /home/airflow/.local/lib/python3.8/site-packages/airflow/example_dags/example_xcom.py
[2025-08-18T17:58:46.491+0000] {processor.py:839} INFO - DAG(s) dict_keys(['example_xcom']) retrieved from /home/airflow/.local/lib/python3.8/site-packages/airflow/example_dags/example_xcom.py
[2025-08-18T17:58:46.540+0000] {logging_mixin.py:151} INFO - [2025-08-18T17:58:46.540+0000] {dag.py:2941} INFO - Sync 1 DAGs
[2025-08-18T17:58:46.590+0000] {logging_mixin.py:151} INFO - [2025-08-18T17:58:46.590+0000] {dag.py:3722} INFO - Setting next_dagrun for example_xcom to 2021-01-01T00:00:00+00:00, run_after=2021-01-01T00:00:00+00:00
[2025-08-18T17:58:46.632+0000] {processor.py:179} INFO - Processing /home/airflow/.local/lib/python3.8/site-packages/airflow/example_dags/example_xcom.py took 0.169 seconds
[2025-08-18T17:59:19.187+0000] {processor.py:157} INFO - Started process (PID=230) to work on /home/airflow/.local/lib/python3.8/site-packages/airflow/example_dags/example_xcom.py
[2025-08-18T17:59:19.189+0000] {processor.py:829} INFO - Processing file /home/airflow/.local/lib/python3.8/site-packages/airflow/example_dags/example_xcom.py for tasks to queue
[2025-08-18T17:59:19.198+0000] {logging_mixin.py:151} INFO - [2025-08-18T17:59:19.196+0000] {dagbag.py:536} INFO - Filling up the DagBag from /home/airflow/.local/lib/python3.8/site-packages/airflow/example_dags/example_xcom.py
[2025-08-18T17:59:19.219+0000] {processor.py:839} INFO - DAG(s) dict_keys(['example_xcom']) retrieved from /home/airflow/.local/lib/python3.8/site-packages/airflow/example_dags/example_xcom.py
[2025-08-18T17:59:19.299+0000] {logging_mixin.py:151} INFO - [2025-08-18T17:59:19.298+0000] {dag.py:2941} INFO - Sync 1 DAGs
[2025-08-18T17:59:19.372+0000] {logging_mixin.py:151} INFO - [2025-08-18T17:59:19.371+0000] {dag.py:3722} INFO - Setting next_dagrun for example_xcom to 2021-01-01T00:00:00+00:00, run_after=2021-01-01T00:00:00+00:00
[2025-08-18T17:59:19.436+0000] {processor.py:179} INFO - Processing /home/airflow/.local/lib/python3.8/site-packages/airflow/example_dags/example_xcom.py took 0.258 seconds
[2025-08-18T17:59:49.538+0000] {processor.py:157} INFO - Started process (PID=284) to work on /home/airflow/.local/lib/python3.8/site-packages/airflow/example_dags/example_xcom.py
[2025-08-18T17:59:49.540+0000] {processor.py:829} INFO - Processing file /home/airflow/.local/lib/python3.8/site-packages/airflow/example_dags/example_xcom.py for tasks to queue
[2025-08-18T17:59:49.544+0000] {logging_mixin.py:151} INFO - [2025-08-18T17:59:49.543+0000] {dagbag.py:536} INFO - Filling up the DagBag from /home/airflow/.local/lib/python3.8/site-packages/airflow/example_dags/example_xcom.py
[2025-08-18T17:59:49.557+0000] {processor.py:839} INFO - DAG(s) dict_keys(['example_xcom']) retrieved from /home/airflow/.local/lib/python3.8/site-packages/airflow/example_dags/example_xcom.py
[2025-08-18T17:59:49.596+0000] {logging_mixin.py:151} INFO - [2025-08-18T17:59:49.595+0000] {dag.py:2941} INFO - Sync 1 DAGs
[2025-08-18T17:59:49.629+0000] {logging_mixin.py:151} INFO - [2025-08-18T17:59:49.629+0000] {dag.py:3722} INFO - Setting next_dagrun for example_xcom to 2021-01-01T00:00:00+00:00, run_after=2021-01-01T00:00:00+00:00
[2025-08-18T17:59:49.664+0000] {processor.py:179} INFO - Processing /home/airflow/.local/lib/python3.8/site-packages/airflow/example_dags/example_xcom.py took 0.131 seconds
[2025-08-18T18:00:20.061+0000] {processor.py:157} INFO - Started process (PID=338) to work on /home/airflow/.local/lib/python3.8/site-packages/airflow/example_dags/example_xcom.py
[2025-08-18T18:00:20.063+0000] {processor.py:829} INFO - Processing file /home/airflow/.local/lib/python3.8/site-packages/airflow/example_dags/example_xcom.py for tasks to queue
[2025-08-18T18:00:20.068+0000] {logging_mixin.py:151} INFO - [2025-08-18T18:00:20.067+0000] {dagbag.py:536} INFO - Filling up the DagBag from /home/airflow/.local/lib/python3.8/site-packages/airflow/example_dags/example_xcom.py
[2025-08-18T18:00:20.081+0000] {processor.py:839} INFO - DAG(s) dict_keys(['example_xcom']) retrieved from /home/airflow/.local/lib/python3.8/site-packages/airflow/example_dags/example_xcom.py
[2025-08-18T18:00:20.128+0000] {logging_mixin.py:151} INFO - [2025-08-18T18:00:20.127+0000] {dag.py:2941} INFO - Sync 1 DAGs
[2025-08-18T18:00:20.173+0000] {logging_mixin.py:151} INFO - [2025-08-18T18:00:20.173+0000] {dag.py:3722} INFO - Setting next_dagrun for example_xcom to 2021-01-01T00:00:00+00:00, run_after=2021-01-01T00:00:00+00:00
[2025-08-18T18:00:20.210+0000] {processor.py:179} INFO - Processing /home/airflow/.local/lib/python3.8/site-packages/airflow/example_dags/example_xcom.py took 0.156 seconds
[2025-08-18T18:00:52.069+0000] {processor.py:157} INFO - Started process (PID=392) to work on /home/airflow/.local/lib/python3.8/site-packages/airflow/example_dags/example_xcom.py
[2025-08-18T18:00:52.076+0000] {processor.py:829} INFO - Processing file /home/airflow/.local/lib/python3.8/site-packages/airflow/example_dags/example_xcom.py for tasks to queue
[2025-08-18T18:00:52.084+0000] {logging_mixin.py:151} INFO - [2025-08-18T18:00:52.083+0000] {dagbag.py:536} INFO - Filling up the DagBag from /home/airflow/.local/lib/python3.8/site-packages/airflow/example_dags/example_xcom.py
[2025-08-18T18:00:52.120+0000] {processor.py:839} INFO - DAG(s) dict_keys(['example_xcom']) retrieved from /home/airflow/.local/lib/python3.8/site-packages/airflow/example_dags/example_xcom.py
[2025-08-18T18:00:52.211+0000] {logging_mixin.py:151} INFO - [2025-08-18T18:00:52.210+0000] {dag.py:2941} INFO - Sync 1 DAGs
[2025-08-18T18:00:52.352+0000] {logging_mixin.py:151} INFO - [2025-08-18T18:00:52.351+0000] {dag.py:3722} INFO - Setting next_dagrun for example_xcom to 2021-01-01T00:00:00+00:00, run_after=2021-01-01T00:00:00+00:00
[2025-08-18T18:00:52.424+0000] {processor.py:179} INFO - Processing /home/airflow/.local/lib/python3.8/site-packages/airflow/example_dags/example_xcom.py took 0.389 seconds
[2025-08-18T18:01:23.264+0000] {processor.py:157} INFO - Started process (PID=446) to work on /home/airflow/.local/lib/python3.8/site-packages/airflow/example_dags/example_xcom.py
[2025-08-18T18:01:23.267+0000] {processor.py:829} INFO - Processing file /home/airflow/.local/lib/python3.8/site-packages/airflow/example_dags/example_xcom.py for tasks to queue
[2025-08-18T18:01:23.271+0000] {logging_mixin.py:151} INFO - [2025-08-18T18:01:23.271+0000] {dagbag.py:536} INFO - Filling up the DagBag from /home/airflow/.local/lib/python3.8/site-packages/airflow/example_dags/example_xcom.py
[2025-08-18T18:01:23.284+0000] {processor.py:839} INFO - DAG(s) dict_keys(['example_xcom']) retrieved from /home/airflow/.local/lib/python3.8/site-packages/airflow/example_dags/example_xcom.py
[2025-08-18T18:01:23.334+0000] {logging_mixin.py:151} INFO - [2025-08-18T18:01:23.333+0000] {dag.py:2941} INFO - Sync 1 DAGs
[2025-08-18T18:01:23.375+0000] {logging_mixin.py:151} INFO - [2025-08-18T18:01:23.375+0000] {dag.py:3722} INFO - Setting next_dagrun for example_xcom to 2021-01-01T00:00:00+00:00, run_after=2021-01-01T00:00:00+00:00
[2025-08-18T18:01:23.414+0000] {processor.py:179} INFO - Processing /home/airflow/.local/lib/python3.8/site-packages/airflow/example_dags/example_xcom.py took 0.156 seconds
[2025-08-18T18:01:53.575+0000] {processor.py:157} INFO - Started process (PID=500) to work on /home/airflow/.local/lib/python3.8/site-packages/airflow/example_dags/example_xcom.py
[2025-08-18T18:01:53.576+0000] {processor.py:829} INFO - Processing file /home/airflow/.local/lib/python3.8/site-packages/airflow/example_dags/example_xcom.py for tasks to queue
[2025-08-18T18:01:53.582+0000] {logging_mixin.py:151} INFO - [2025-08-18T18:01:53.582+0000] {dagbag.py:536} INFO - Filling up the DagBag from /home/airflow/.local/lib/python3.8/site-packages/airflow/example_dags/example_xcom.py
[2025-08-18T18:01:53.596+0000] {processor.py:839} INFO - DAG(s) dict_keys(['example_xcom']) retrieved from /home/airflow/.local/lib/python3.8/site-packages/airflow/example_dags/example_xcom.py
[2025-08-18T18:01:53.638+0000] {logging_mixin.py:151} INFO - [2025-08-18T18:01:53.638+0000] {dag.py:2941} INFO - Sync 1 DAGs
[2025-08-18T18:01:53.676+0000] {logging_mixin.py:151} INFO - [2025-08-18T18:01:53.676+0000] {dag.py:3722} INFO - Setting next_dagrun for example_xcom to 2021-01-01T00:00:00+00:00, run_after=2021-01-01T00:00:00+00:00
[2025-08-18T18:01:53.703+0000] {processor.py:179} INFO - Processing /home/airflow/.local/lib/python3.8/site-packages/airflow/example_dags/example_xcom.py took 0.135 seconds
[2025-08-18T18:02:24.378+0000] {processor.py:157} INFO - Started process (PID=554) to work on /home/airflow/.local/lib/python3.8/site-packages/airflow/example_dags/example_xcom.py
[2025-08-18T18:02:24.381+0000] {processor.py:829} INFO - Processing file /home/airflow/.local/lib/python3.8/site-packages/airflow/example_dags/example_xcom.py for tasks to queue
[2025-08-18T18:02:24.396+0000] {logging_mixin.py:151} INFO - [2025-08-18T18:02:24.396+0000] {dagbag.py:536} INFO - Filling up the DagBag from /home/airflow/.local/lib/python3.8/site-packages/airflow/example_dags/example_xcom.py
[2025-08-18T18:02:24.463+0000] {processor.py:839} INFO - DAG(s) dict_keys(['example_xcom']) retrieved from /home/airflow/.local/lib/python3.8/site-packages/airflow/example_dags/example_xcom.py
[2025-08-18T18:02:24.635+0000] {logging_mixin.py:151} INFO - [2025-08-18T18:02:24.634+0000] {dag.py:2941} INFO - Sync 1 DAGs
[2025-08-18T18:02:24.824+0000] {logging_mixin.py:151} INFO - [2025-08-18T18:02:24.823+0000] {dag.py:3722} INFO - Setting next_dagrun for example_xcom to 2021-01-01T00:00:00+00:00, run_after=2021-01-01T00:00:00+00:00
[2025-08-18T18:02:24.961+0000] {processor.py:179} INFO - Processing /home/airflow/.local/lib/python3.8/site-packages/airflow/example_dags/example_xcom.py took 0.605 seconds
[2025-08-18T18:02:55.451+0000] {processor.py:157} INFO - Started process (PID=608) to work on /home/airflow/.local/lib/python3.8/site-packages/airflow/example_dags/example_xcom.py
[2025-08-18T18:02:55.454+0000] {processor.py:829} INFO - Processing file /home/airflow/.local/lib/python3.8/site-packages/airflow/example_dags/example_xcom.py for tasks to queue
[2025-08-18T18:02:55.458+0000] {logging_mixin.py:151} INFO - [2025-08-18T18:02:55.457+0000] {dagbag.py:536} INFO - Filling up the DagBag from /home/airflow/.local/lib/python3.8/site-packages/airflow/example_dags/example_xcom.py
[2025-08-18T18:02:55.477+0000] {processor.py:839} INFO - DAG(s) dict_keys(['example_xcom']) retrieved from /home/airflow/.local/lib/python3.8/site-packages/airflow/example_dags/example_xcom.py
[2025-08-18T18:02:55.529+0000] {logging_mixin.py:151} INFO - [2025-08-18T18:02:55.528+0000] {dag.py:2941} INFO - Sync 1 DAGs
[2025-08-18T18:02:55.599+0000] {logging_mixin.py:151} INFO - [2025-08-18T18:02:55.599+0000] {dag.py:3722} INFO - Setting next_dagrun for example_xcom to 2021-01-01T00:00:00+00:00, run_after=2021-01-01T00:00:00+00:00
[2025-08-18T18:02:55.672+0000] {processor.py:179} INFO - Processing /home/airflow/.local/lib/python3.8/site-packages/airflow/example_dags/example_xcom.py took 0.231 seconds
[2025-08-18T18:03:26.248+0000] {processor.py:157} INFO - Started process (PID=663) to work on /home/airflow/.local/lib/python3.8/site-packages/airflow/example_dags/example_xcom.py
[2025-08-18T18:03:26.251+0000] {processor.py:829} INFO - Processing file /home/airflow/.local/lib/python3.8/site-packages/airflow/example_dags/example_xcom.py for tasks to queue
[2025-08-18T18:03:26.257+0000] {logging_mixin.py:151} INFO - [2025-08-18T18:03:26.256+0000] {dagbag.py:536} INFO - Filling up the DagBag from /home/airflow/.local/lib/python3.8/site-packages/airflow/example_dags/example_xcom.py
[2025-08-18T18:03:26.269+0000] {processor.py:839} INFO - DAG(s) dict_keys(['example_xcom']) retrieved from /home/airflow/.local/lib/python3.8/site-packages/airflow/example_dags/example_xcom.py
[2025-08-18T18:03:26.315+0000] {logging_mixin.py:151} INFO - [2025-08-18T18:03:26.314+0000] {dag.py:2941} INFO - Sync 1 DAGs
[2025-08-18T18:03:26.382+0000] {logging_mixin.py:151} INFO - [2025-08-18T18:03:26.382+0000] {dag.py:3722} INFO - Setting next_dagrun for example_xcom to 2021-01-01T00:00:00+00:00, run_after=2021-01-01T00:00:00+00:00
[2025-08-18T18:03:26.453+0000] {processor.py:179} INFO - Processing /home/airflow/.local/lib/python3.8/site-packages/airflow/example_dags/example_xcom.py took 0.213 seconds
[2025-08-18T18:03:56.537+0000] {processor.py:157} INFO - Started process (PID=717) to work on /home/airflow/.local/lib/python3.8/site-packages/airflow/example_dags/example_xcom.py
[2025-08-18T18:03:56.539+0000] {processor.py:829} INFO - Processing file /home/airflow/.local/lib/python3.8/site-packages/airflow/example_dags/example_xcom.py for tasks to queue
[2025-08-18T18:03:56.545+0000] {logging_mixin.py:151} INFO - [2025-08-18T18:03:56.544+0000] {dagbag.py:536} INFO - Filling up the DagBag from /home/airflow/.local/lib/python3.8/site-packages/airflow/example_dags/example_xcom.py
[2025-08-18T18:03:56.560+0000] {processor.py:839} INFO - DAG(s) dict_keys(['example_xcom']) retrieved from /home/airflow/.local/lib/python3.8/site-packages/airflow/example_dags/example_xcom.py
[2025-08-18T18:03:56.612+0000] {logging_mixin.py:151} INFO - [2025-08-18T18:03:56.612+0000] {dag.py:2941} INFO - Sync 1 DAGs
[2025-08-18T18:03:56.656+0000] {logging_mixin.py:151} INFO - [2025-08-18T18:03:56.656+0000] {dag.py:3722} INFO - Setting next_dagrun for example_xcom to 2021-01-01T00:00:00+00:00, run_after=2021-01-01T00:00:00+00:00
[2025-08-18T18:03:56.702+0000] {processor.py:179} INFO - Processing /home/airflow/.local/lib/python3.8/site-packages/airflow/example_dags/example_xcom.py took 0.172 seconds
[2025-08-18T18:04:26.785+0000] {processor.py:157} INFO - Started process (PID=771) to work on /home/airflow/.local/lib/python3.8/site-packages/airflow/example_dags/example_xcom.py
[2025-08-18T18:04:26.788+0000] {processor.py:829} INFO - Processing file /home/airflow/.local/lib/python3.8/site-packages/airflow/example_dags/example_xcom.py for tasks to queue
[2025-08-18T18:04:26.791+0000] {logging_mixin.py:151} INFO - [2025-08-18T18:04:26.791+0000] {dagbag.py:536} INFO - Filling up the DagBag from /home/airflow/.local/lib/python3.8/site-packages/airflow/example_dags/example_xcom.py
[2025-08-18T18:04:26.805+0000] {processor.py:839} INFO - DAG(s) dict_keys(['example_xcom']) retrieved from /home/airflow/.local/lib/python3.8/site-packages/airflow/example_dags/example_xcom.py
[2025-08-18T18:04:26.850+0000] {logging_mixin.py:151} INFO - [2025-08-18T18:04:26.850+0000] {dag.py:2941} INFO - Sync 1 DAGs
[2025-08-18T18:04:26.893+0000] {logging_mixin.py:151} INFO - [2025-08-18T18:04:26.892+0000] {dag.py:3722} INFO - Setting next_dagrun for example_xcom to 2021-01-01T00:00:00+00:00, run_after=2021-01-01T00:00:00+00:00
[2025-08-18T18:04:26.929+0000] {processor.py:179} INFO - Processing /home/airflow/.local/lib/python3.8/site-packages/airflow/example_dags/example_xcom.py took 0.150 seconds
[2025-08-18T18:04:57.791+0000] {processor.py:157} INFO - Started process (PID=825) to work on /home/airflow/.local/lib/python3.8/site-packages/airflow/example_dags/example_xcom.py
[2025-08-18T18:04:57.794+0000] {processor.py:829} INFO - Processing file /home/airflow/.local/lib/python3.8/site-packages/airflow/example_dags/example_xcom.py for tasks to queue
[2025-08-18T18:04:57.799+0000] {logging_mixin.py:151} INFO - [2025-08-18T18:04:57.798+0000] {dagbag.py:536} INFO - Filling up the DagBag from /home/airflow/.local/lib/python3.8/site-packages/airflow/example_dags/example_xcom.py
[2025-08-18T18:04:57.821+0000] {processor.py:839} INFO - DAG(s) dict_keys(['example_xcom']) retrieved from /home/airflow/.local/lib/python3.8/site-packages/airflow/example_dags/example_xcom.py
[2025-08-18T18:04:57.900+0000] {logging_mixin.py:151} INFO - [2025-08-18T18:04:57.899+0000] {dag.py:2941} INFO - Sync 1 DAGs
[2025-08-18T18:04:57.991+0000] {logging_mixin.py:151} INFO - [2025-08-18T18:04:57.990+0000] {dag.py:3722} INFO - Setting next_dagrun for example_xcom to 2021-01-01T00:00:00+00:00, run_after=2021-01-01T00:00:00+00:00
[2025-08-18T18:04:58.037+0000] {processor.py:179} INFO - Processing /home/airflow/.local/lib/python3.8/site-packages/airflow/example_dags/example_xcom.py took 0.256 seconds
