[2025-08-18T17:56:24.271+0000] {processor.py:157} INFO - Started process (PID=96) to work on /home/airflow/.local/lib/python3.8/site-packages/airflow/example_dags/example_setup_teardown_taskflow.py
[2025-08-18T17:56:24.274+0000] {processor.py:829} INFO - Processing file /home/airflow/.local/lib/python3.8/site-packages/airflow/example_dags/example_setup_teardown_taskflow.py for tasks to queue
[2025-08-18T17:56:24.300+0000] {logging_mixin.py:151} INFO - [2025-08-18T17:56:24.289+0000] {dagbag.py:536} INFO - Filling up the DagBag from /home/airflow/.local/lib/python3.8/site-packages/airflow/example_dags/example_setup_teardown_taskflow.py
[2025-08-18T17:56:24.505+0000] {processor.py:839} INFO - DAG(s) dict_keys(['example_setup_teardown_taskflow']) retrieved from /home/airflow/.local/lib/python3.8/site-packages/airflow/example_dags/example_setup_teardown_taskflow.py
[2025-08-18T17:56:24.719+0000] {logging_mixin.py:151} INFO - [2025-08-18T17:56:24.718+0000] {dag.py:2941} INFO - Sync 1 DAGs
[2025-08-18T17:56:25.220+0000] {logging_mixin.py:151} INFO - [2025-08-18T17:56:25.219+0000] {dag.py:3722} INFO - Setting next_dagrun for example_setup_teardown_taskflow to 2025-08-17T17:56:25.219238+00:00, run_after=2025-08-18T17:56:25.219238+00:00
[2025-08-18T17:56:25.519+0000] {processor.py:179} INFO - Processing /home/airflow/.local/lib/python3.8/site-packages/airflow/example_dags/example_setup_teardown_taskflow.py took 1.297 seconds
[2025-08-18T17:56:56.459+0000] {processor.py:157} INFO - Started process (PID=150) to work on /home/airflow/.local/lib/python3.8/site-packages/airflow/example_dags/example_setup_teardown_taskflow.py
[2025-08-18T17:56:56.462+0000] {processor.py:829} INFO - Processing file /home/airflow/.local/lib/python3.8/site-packages/airflow/example_dags/example_setup_teardown_taskflow.py for tasks to queue
[2025-08-18T17:56:56.468+0000] {logging_mixin.py:151} INFO - [2025-08-18T17:56:56.466+0000] {dagbag.py:536} INFO - Filling up the DagBag from /home/airflow/.local/lib/python3.8/site-packages/airflow/example_dags/example_setup_teardown_taskflow.py
[2025-08-18T17:56:56.506+0000] {processor.py:839} INFO - DAG(s) dict_keys(['example_setup_teardown_taskflow']) retrieved from /home/airflow/.local/lib/python3.8/site-packages/airflow/example_dags/example_setup_teardown_taskflow.py
[2025-08-18T17:56:56.889+0000] {logging_mixin.py:151} INFO - [2025-08-18T17:56:56.887+0000] {dag.py:2941} INFO - Sync 1 DAGs
[2025-08-18T17:56:57.175+0000] {logging_mixin.py:151} INFO - [2025-08-18T17:56:57.174+0000] {dag.py:3722} INFO - Setting next_dagrun for example_setup_teardown_taskflow to 2025-08-17T17:56:57.159724+00:00, run_after=2025-08-18T17:56:57.159724+00:00
[2025-08-18T17:56:57.675+0000] {processor.py:179} INFO - Processing /home/airflow/.local/lib/python3.8/site-packages/airflow/example_dags/example_setup_teardown_taskflow.py took 1.228 seconds
[2025-08-18T17:57:56.993+0000] {processor.py:157} INFO - Started process (PID=82) to work on /home/airflow/.local/lib/python3.8/site-packages/airflow/example_dags/example_setup_teardown_taskflow.py
[2025-08-18T17:57:56.996+0000] {processor.py:829} INFO - Processing file /home/airflow/.local/lib/python3.8/site-packages/airflow/example_dags/example_setup_teardown_taskflow.py for tasks to queue
[2025-08-18T17:57:57.006+0000] {logging_mixin.py:151} INFO - [2025-08-18T17:57:57.005+0000] {dagbag.py:536} INFO - Filling up the DagBag from /home/airflow/.local/lib/python3.8/site-packages/airflow/example_dags/example_setup_teardown_taskflow.py
[2025-08-18T17:57:57.041+0000] {processor.py:839} INFO - DAG(s) dict_keys(['example_setup_teardown_taskflow']) retrieved from /home/airflow/.local/lib/python3.8/site-packages/airflow/example_dags/example_setup_teardown_taskflow.py
[2025-08-18T17:57:57.095+0000] {logging_mixin.py:151} INFO - [2025-08-18T17:57:57.094+0000] {dag.py:2941} INFO - Sync 1 DAGs
[2025-08-18T17:57:57.178+0000] {logging_mixin.py:151} INFO - [2025-08-18T17:57:57.177+0000] {dag.py:3722} INFO - Setting next_dagrun for example_setup_teardown_taskflow to 2025-08-17T17:57:57.176075+00:00, run_after=2025-08-18T17:57:57.176075+00:00
[2025-08-18T17:57:57.254+0000] {processor.py:179} INFO - Processing /home/airflow/.local/lib/python3.8/site-packages/airflow/example_dags/example_setup_teardown_taskflow.py took 0.272 seconds
[2025-08-18T17:58:27.747+0000] {processor.py:157} INFO - Started process (PID=136) to work on /home/airflow/.local/lib/python3.8/site-packages/airflow/example_dags/example_setup_teardown_taskflow.py
[2025-08-18T17:58:27.749+0000] {processor.py:829} INFO - Processing file /home/airflow/.local/lib/python3.8/site-packages/airflow/example_dags/example_setup_teardown_taskflow.py for tasks to queue
[2025-08-18T17:58:27.752+0000] {logging_mixin.py:151} INFO - [2025-08-18T17:58:27.752+0000] {dagbag.py:536} INFO - Filling up the DagBag from /home/airflow/.local/lib/python3.8/site-packages/airflow/example_dags/example_setup_teardown_taskflow.py
[2025-08-18T17:58:27.767+0000] {processor.py:839} INFO - DAG(s) dict_keys(['example_setup_teardown_taskflow']) retrieved from /home/airflow/.local/lib/python3.8/site-packages/airflow/example_dags/example_setup_teardown_taskflow.py
[2025-08-18T17:58:27.813+0000] {logging_mixin.py:151} INFO - [2025-08-18T17:58:27.813+0000] {dag.py:2941} INFO - Sync 1 DAGs
[2025-08-18T17:58:27.854+0000] {logging_mixin.py:151} INFO - [2025-08-18T17:58:27.853+0000] {dag.py:3722} INFO - Setting next_dagrun for example_setup_teardown_taskflow to 2025-08-17T17:58:27.853459+00:00, run_after=2025-08-18T17:58:27.853459+00:00
[2025-08-18T17:58:27.892+0000] {processor.py:179} INFO - Processing /home/airflow/.local/lib/python3.8/site-packages/airflow/example_dags/example_setup_teardown_taskflow.py took 0.152 seconds
[2025-08-18T17:59:03.016+0000] {processor.py:157} INFO - Started process (PID=190) to work on /home/airflow/.local/lib/python3.8/site-packages/airflow/example_dags/example_setup_teardown_taskflow.py
[2025-08-18T17:59:03.018+0000] {processor.py:829} INFO - Processing file /home/airflow/.local/lib/python3.8/site-packages/airflow/example_dags/example_setup_teardown_taskflow.py for tasks to queue
[2025-08-18T17:59:03.021+0000] {logging_mixin.py:151} INFO - [2025-08-18T17:59:03.021+0000] {dagbag.py:536} INFO - Filling up the DagBag from /home/airflow/.local/lib/python3.8/site-packages/airflow/example_dags/example_setup_teardown_taskflow.py
[2025-08-18T17:59:03.034+0000] {processor.py:839} INFO - DAG(s) dict_keys(['example_setup_teardown_taskflow']) retrieved from /home/airflow/.local/lib/python3.8/site-packages/airflow/example_dags/example_setup_teardown_taskflow.py
[2025-08-18T17:59:03.395+0000] {logging_mixin.py:151} INFO - [2025-08-18T17:59:03.395+0000] {dag.py:2941} INFO - Sync 1 DAGs
[2025-08-18T17:59:03.483+0000] {logging_mixin.py:151} INFO - [2025-08-18T17:59:03.482+0000] {dag.py:3722} INFO - Setting next_dagrun for example_setup_teardown_taskflow to 2025-08-17T17:59:03.482230+00:00, run_after=2025-08-18T17:59:03.482230+00:00
[2025-08-18T17:59:03.710+0000] {processor.py:179} INFO - Processing /home/airflow/.local/lib/python3.8/site-packages/airflow/example_dags/example_setup_teardown_taskflow.py took 0.715 seconds
[2025-08-18T17:59:34.429+0000] {processor.py:157} INFO - Started process (PID=244) to work on /home/airflow/.local/lib/python3.8/site-packages/airflow/example_dags/example_setup_teardown_taskflow.py
[2025-08-18T17:59:34.433+0000] {processor.py:829} INFO - Processing file /home/airflow/.local/lib/python3.8/site-packages/airflow/example_dags/example_setup_teardown_taskflow.py for tasks to queue
[2025-08-18T17:59:34.441+0000] {logging_mixin.py:151} INFO - [2025-08-18T17:59:34.440+0000] {dagbag.py:536} INFO - Filling up the DagBag from /home/airflow/.local/lib/python3.8/site-packages/airflow/example_dags/example_setup_teardown_taskflow.py
[2025-08-18T17:59:34.497+0000] {processor.py:839} INFO - DAG(s) dict_keys(['example_setup_teardown_taskflow']) retrieved from /home/airflow/.local/lib/python3.8/site-packages/airflow/example_dags/example_setup_teardown_taskflow.py
[2025-08-18T17:59:34.700+0000] {logging_mixin.py:151} INFO - [2025-08-18T17:59:34.699+0000] {dag.py:2941} INFO - Sync 1 DAGs
[2025-08-18T17:59:34.790+0000] {logging_mixin.py:151} INFO - [2025-08-18T17:59:34.790+0000] {dag.py:3722} INFO - Setting next_dagrun for example_setup_teardown_taskflow to 2025-08-17T17:59:34.789736+00:00, run_after=2025-08-18T17:59:34.789736+00:00
[2025-08-18T17:59:34.861+0000] {processor.py:179} INFO - Processing /home/airflow/.local/lib/python3.8/site-packages/airflow/example_dags/example_setup_teardown_taskflow.py took 0.447 seconds
[2025-08-18T18:00:05.405+0000] {processor.py:157} INFO - Started process (PID=298) to work on /home/airflow/.local/lib/python3.8/site-packages/airflow/example_dags/example_setup_teardown_taskflow.py
[2025-08-18T18:00:05.407+0000] {processor.py:829} INFO - Processing file /home/airflow/.local/lib/python3.8/site-packages/airflow/example_dags/example_setup_teardown_taskflow.py for tasks to queue
[2025-08-18T18:00:05.411+0000] {logging_mixin.py:151} INFO - [2025-08-18T18:00:05.410+0000] {dagbag.py:536} INFO - Filling up the DagBag from /home/airflow/.local/lib/python3.8/site-packages/airflow/example_dags/example_setup_teardown_taskflow.py
[2025-08-18T18:00:05.435+0000] {processor.py:839} INFO - DAG(s) dict_keys(['example_setup_teardown_taskflow']) retrieved from /home/airflow/.local/lib/python3.8/site-packages/airflow/example_dags/example_setup_teardown_taskflow.py
[2025-08-18T18:00:05.494+0000] {logging_mixin.py:151} INFO - [2025-08-18T18:00:05.493+0000] {dag.py:2941} INFO - Sync 1 DAGs
[2025-08-18T18:00:05.565+0000] {logging_mixin.py:151} INFO - [2025-08-18T18:00:05.563+0000] {dag.py:3722} INFO - Setting next_dagrun for example_setup_teardown_taskflow to 2025-08-17T18:00:05.558468+00:00, run_after=2025-08-18T18:00:05.558468+00:00
[2025-08-18T18:00:05.631+0000] {processor.py:179} INFO - Processing /home/airflow/.local/lib/python3.8/site-packages/airflow/example_dags/example_setup_teardown_taskflow.py took 0.237 seconds
[2025-08-18T18:00:35.884+0000] {processor.py:157} INFO - Started process (PID=352) to work on /home/airflow/.local/lib/python3.8/site-packages/airflow/example_dags/example_setup_teardown_taskflow.py
[2025-08-18T18:00:35.886+0000] {processor.py:829} INFO - Processing file /home/airflow/.local/lib/python3.8/site-packages/airflow/example_dags/example_setup_teardown_taskflow.py for tasks to queue
[2025-08-18T18:00:35.890+0000] {logging_mixin.py:151} INFO - [2025-08-18T18:00:35.889+0000] {dagbag.py:536} INFO - Filling up the DagBag from /home/airflow/.local/lib/python3.8/site-packages/airflow/example_dags/example_setup_teardown_taskflow.py
[2025-08-18T18:00:35.913+0000] {processor.py:839} INFO - DAG(s) dict_keys(['example_setup_teardown_taskflow']) retrieved from /home/airflow/.local/lib/python3.8/site-packages/airflow/example_dags/example_setup_teardown_taskflow.py
[2025-08-18T18:00:35.958+0000] {logging_mixin.py:151} INFO - [2025-08-18T18:00:35.958+0000] {dag.py:2941} INFO - Sync 1 DAGs
[2025-08-18T18:00:35.996+0000] {logging_mixin.py:151} INFO - [2025-08-18T18:00:35.996+0000] {dag.py:3722} INFO - Setting next_dagrun for example_setup_teardown_taskflow to 2025-08-17T18:00:35.995859+00:00, run_after=2025-08-18T18:00:35.995859+00:00
[2025-08-18T18:00:36.047+0000] {processor.py:179} INFO - Processing /home/airflow/.local/lib/python3.8/site-packages/airflow/example_dags/example_setup_teardown_taskflow.py took 0.170 seconds
[2025-08-18T18:01:06.880+0000] {processor.py:157} INFO - Started process (PID=406) to work on /home/airflow/.local/lib/python3.8/site-packages/airflow/example_dags/example_setup_teardown_taskflow.py
[2025-08-18T18:01:06.883+0000] {processor.py:829} INFO - Processing file /home/airflow/.local/lib/python3.8/site-packages/airflow/example_dags/example_setup_teardown_taskflow.py for tasks to queue
[2025-08-18T18:01:06.889+0000] {logging_mixin.py:151} INFO - [2025-08-18T18:01:06.888+0000] {dagbag.py:536} INFO - Filling up the DagBag from /home/airflow/.local/lib/python3.8/site-packages/airflow/example_dags/example_setup_teardown_taskflow.py
[2025-08-18T18:01:06.933+0000] {processor.py:839} INFO - DAG(s) dict_keys(['example_setup_teardown_taskflow']) retrieved from /home/airflow/.local/lib/python3.8/site-packages/airflow/example_dags/example_setup_teardown_taskflow.py
[2025-08-18T18:01:07.014+0000] {logging_mixin.py:151} INFO - [2025-08-18T18:01:07.013+0000] {dag.py:2941} INFO - Sync 1 DAGs
[2025-08-18T18:01:07.053+0000] {logging_mixin.py:151} INFO - [2025-08-18T18:01:07.052+0000] {dag.py:3722} INFO - Setting next_dagrun for example_setup_teardown_taskflow to 2025-08-17T18:01:07.052470+00:00, run_after=2025-08-18T18:01:07.052470+00:00
[2025-08-18T18:01:07.092+0000] {processor.py:179} INFO - Processing /home/airflow/.local/lib/python3.8/site-packages/airflow/example_dags/example_setup_teardown_taskflow.py took 0.224 seconds
[2025-08-18T18:01:37.586+0000] {processor.py:157} INFO - Started process (PID=460) to work on /home/airflow/.local/lib/python3.8/site-packages/airflow/example_dags/example_setup_teardown_taskflow.py
[2025-08-18T18:01:37.587+0000] {processor.py:829} INFO - Processing file /home/airflow/.local/lib/python3.8/site-packages/airflow/example_dags/example_setup_teardown_taskflow.py for tasks to queue
[2025-08-18T18:01:37.591+0000] {logging_mixin.py:151} INFO - [2025-08-18T18:01:37.591+0000] {dagbag.py:536} INFO - Filling up the DagBag from /home/airflow/.local/lib/python3.8/site-packages/airflow/example_dags/example_setup_teardown_taskflow.py
[2025-08-18T18:01:37.607+0000] {processor.py:839} INFO - DAG(s) dict_keys(['example_setup_teardown_taskflow']) retrieved from /home/airflow/.local/lib/python3.8/site-packages/airflow/example_dags/example_setup_teardown_taskflow.py
[2025-08-18T18:01:37.651+0000] {logging_mixin.py:151} INFO - [2025-08-18T18:01:37.651+0000] {dag.py:2941} INFO - Sync 1 DAGs
[2025-08-18T18:01:37.688+0000] {logging_mixin.py:151} INFO - [2025-08-18T18:01:37.688+0000] {dag.py:3722} INFO - Setting next_dagrun for example_setup_teardown_taskflow to 2025-08-17T18:01:37.688086+00:00, run_after=2025-08-18T18:01:37.688086+00:00
[2025-08-18T18:01:37.746+0000] {processor.py:179} INFO - Processing /home/airflow/.local/lib/python3.8/site-packages/airflow/example_dags/example_setup_teardown_taskflow.py took 0.167 seconds
[2025-08-18T18:02:09.108+0000] {processor.py:157} INFO - Started process (PID=514) to work on /home/airflow/.local/lib/python3.8/site-packages/airflow/example_dags/example_setup_teardown_taskflow.py
[2025-08-18T18:02:09.111+0000] {processor.py:829} INFO - Processing file /home/airflow/.local/lib/python3.8/site-packages/airflow/example_dags/example_setup_teardown_taskflow.py for tasks to queue
[2025-08-18T18:02:09.119+0000] {logging_mixin.py:151} INFO - [2025-08-18T18:02:09.118+0000] {dagbag.py:536} INFO - Filling up the DagBag from /home/airflow/.local/lib/python3.8/site-packages/airflow/example_dags/example_setup_teardown_taskflow.py
[2025-08-18T18:02:09.156+0000] {processor.py:839} INFO - DAG(s) dict_keys(['example_setup_teardown_taskflow']) retrieved from /home/airflow/.local/lib/python3.8/site-packages/airflow/example_dags/example_setup_teardown_taskflow.py
[2025-08-18T18:02:09.247+0000] {logging_mixin.py:151} INFO - [2025-08-18T18:02:09.246+0000] {dag.py:2941} INFO - Sync 1 DAGs
[2025-08-18T18:02:09.370+0000] {logging_mixin.py:151} INFO - [2025-08-18T18:02:09.369+0000] {dag.py:3722} INFO - Setting next_dagrun for example_setup_teardown_taskflow to 2025-08-17T18:02:09.368527+00:00, run_after=2025-08-18T18:02:09.368527+00:00
[2025-08-18T18:02:09.439+0000] {processor.py:179} INFO - Processing /home/airflow/.local/lib/python3.8/site-packages/airflow/example_dags/example_setup_teardown_taskflow.py took 0.351 seconds
[2025-08-18T18:02:39.548+0000] {processor.py:157} INFO - Started process (PID=566) to work on /home/airflow/.local/lib/python3.8/site-packages/airflow/example_dags/example_setup_teardown_taskflow.py
[2025-08-18T18:02:39.550+0000] {processor.py:829} INFO - Processing file /home/airflow/.local/lib/python3.8/site-packages/airflow/example_dags/example_setup_teardown_taskflow.py for tasks to queue
[2025-08-18T18:02:39.558+0000] {logging_mixin.py:151} INFO - [2025-08-18T18:02:39.557+0000] {dagbag.py:536} INFO - Filling up the DagBag from /home/airflow/.local/lib/python3.8/site-packages/airflow/example_dags/example_setup_teardown_taskflow.py
[2025-08-18T18:02:39.582+0000] {processor.py:839} INFO - DAG(s) dict_keys(['example_setup_teardown_taskflow']) retrieved from /home/airflow/.local/lib/python3.8/site-packages/airflow/example_dags/example_setup_teardown_taskflow.py
[2025-08-18T18:02:39.659+0000] {logging_mixin.py:151} INFO - [2025-08-18T18:02:39.658+0000] {dag.py:2941} INFO - Sync 1 DAGs
[2025-08-18T18:02:39.763+0000] {logging_mixin.py:151} INFO - [2025-08-18T18:02:39.761+0000] {dag.py:3722} INFO - Setting next_dagrun for example_setup_teardown_taskflow to 2025-08-17T18:02:39.760363+00:00, run_after=2025-08-18T18:02:39.760363+00:00
[2025-08-18T18:02:39.833+0000] {processor.py:179} INFO - Processing /home/airflow/.local/lib/python3.8/site-packages/airflow/example_dags/example_setup_teardown_taskflow.py took 0.292 seconds
[2025-08-18T18:03:10.064+0000] {processor.py:157} INFO - Started process (PID=620) to work on /home/airflow/.local/lib/python3.8/site-packages/airflow/example_dags/example_setup_teardown_taskflow.py
[2025-08-18T18:03:10.067+0000] {processor.py:829} INFO - Processing file /home/airflow/.local/lib/python3.8/site-packages/airflow/example_dags/example_setup_teardown_taskflow.py for tasks to queue
[2025-08-18T18:03:10.080+0000] {logging_mixin.py:151} INFO - [2025-08-18T18:03:10.079+0000] {dagbag.py:536} INFO - Filling up the DagBag from /home/airflow/.local/lib/python3.8/site-packages/airflow/example_dags/example_setup_teardown_taskflow.py
[2025-08-18T18:03:10.136+0000] {processor.py:839} INFO - DAG(s) dict_keys(['example_setup_teardown_taskflow']) retrieved from /home/airflow/.local/lib/python3.8/site-packages/airflow/example_dags/example_setup_teardown_taskflow.py
[2025-08-18T18:03:10.323+0000] {logging_mixin.py:151} INFO - [2025-08-18T18:03:10.322+0000] {dag.py:2941} INFO - Sync 1 DAGs
[2025-08-18T18:03:10.429+0000] {logging_mixin.py:151} INFO - [2025-08-18T18:03:10.428+0000] {dag.py:3722} INFO - Setting next_dagrun for example_setup_teardown_taskflow to 2025-08-17T18:03:10.427941+00:00, run_after=2025-08-18T18:03:10.427941+00:00
[2025-08-18T18:03:10.494+0000] {processor.py:179} INFO - Processing /home/airflow/.local/lib/python3.8/site-packages/airflow/example_dags/example_setup_teardown_taskflow.py took 0.446 seconds
[2025-08-18T18:03:40.714+0000] {processor.py:157} INFO - Started process (PID=675) to work on /home/airflow/.local/lib/python3.8/site-packages/airflow/example_dags/example_setup_teardown_taskflow.py
[2025-08-18T18:03:40.718+0000] {processor.py:829} INFO - Processing file /home/airflow/.local/lib/python3.8/site-packages/airflow/example_dags/example_setup_teardown_taskflow.py for tasks to queue
[2025-08-18T18:03:40.726+0000] {logging_mixin.py:151} INFO - [2025-08-18T18:03:40.725+0000] {dagbag.py:536} INFO - Filling up the DagBag from /home/airflow/.local/lib/python3.8/site-packages/airflow/example_dags/example_setup_teardown_taskflow.py
[2025-08-18T18:03:40.758+0000] {processor.py:839} INFO - DAG(s) dict_keys(['example_setup_teardown_taskflow']) retrieved from /home/airflow/.local/lib/python3.8/site-packages/airflow/example_dags/example_setup_teardown_taskflow.py
[2025-08-18T18:03:40.815+0000] {logging_mixin.py:151} INFO - [2025-08-18T18:03:40.815+0000] {dag.py:2941} INFO - Sync 1 DAGs
[2025-08-18T18:03:40.862+0000] {logging_mixin.py:151} INFO - [2025-08-18T18:03:40.862+0000] {dag.py:3722} INFO - Setting next_dagrun for example_setup_teardown_taskflow to 2025-08-17T18:03:40.861634+00:00, run_after=2025-08-18T18:03:40.861634+00:00
[2025-08-18T18:03:40.911+0000] {processor.py:179} INFO - Processing /home/airflow/.local/lib/python3.8/site-packages/airflow/example_dags/example_setup_teardown_taskflow.py took 0.209 seconds
[2025-08-18T18:04:11.474+0000] {processor.py:157} INFO - Started process (PID=729) to work on /home/airflow/.local/lib/python3.8/site-packages/airflow/example_dags/example_setup_teardown_taskflow.py
[2025-08-18T18:04:11.476+0000] {processor.py:829} INFO - Processing file /home/airflow/.local/lib/python3.8/site-packages/airflow/example_dags/example_setup_teardown_taskflow.py for tasks to queue
[2025-08-18T18:04:11.479+0000] {logging_mixin.py:151} INFO - [2025-08-18T18:04:11.479+0000] {dagbag.py:536} INFO - Filling up the DagBag from /home/airflow/.local/lib/python3.8/site-packages/airflow/example_dags/example_setup_teardown_taskflow.py
[2025-08-18T18:04:11.492+0000] {processor.py:839} INFO - DAG(s) dict_keys(['example_setup_teardown_taskflow']) retrieved from /home/airflow/.local/lib/python3.8/site-packages/airflow/example_dags/example_setup_teardown_taskflow.py
[2025-08-18T18:04:11.531+0000] {logging_mixin.py:151} INFO - [2025-08-18T18:04:11.530+0000] {dag.py:2941} INFO - Sync 1 DAGs
[2025-08-18T18:04:11.564+0000] {logging_mixin.py:151} INFO - [2025-08-18T18:04:11.563+0000] {dag.py:3722} INFO - Setting next_dagrun for example_setup_teardown_taskflow to 2025-08-17T18:04:11.563330+00:00, run_after=2025-08-18T18:04:11.563330+00:00
[2025-08-18T18:04:11.600+0000] {processor.py:179} INFO - Processing /home/airflow/.local/lib/python3.8/site-packages/airflow/example_dags/example_setup_teardown_taskflow.py took 0.130 seconds
[2025-08-18T18:04:41.957+0000] {processor.py:157} INFO - Started process (PID=783) to work on /home/airflow/.local/lib/python3.8/site-packages/airflow/example_dags/example_setup_teardown_taskflow.py
[2025-08-18T18:04:41.959+0000] {processor.py:829} INFO - Processing file /home/airflow/.local/lib/python3.8/site-packages/airflow/example_dags/example_setup_teardown_taskflow.py for tasks to queue
[2025-08-18T18:04:41.962+0000] {logging_mixin.py:151} INFO - [2025-08-18T18:04:41.962+0000] {dagbag.py:536} INFO - Filling up the DagBag from /home/airflow/.local/lib/python3.8/site-packages/airflow/example_dags/example_setup_teardown_taskflow.py
[2025-08-18T18:04:41.978+0000] {processor.py:839} INFO - DAG(s) dict_keys(['example_setup_teardown_taskflow']) retrieved from /home/airflow/.local/lib/python3.8/site-packages/airflow/example_dags/example_setup_teardown_taskflow.py
[2025-08-18T18:04:42.028+0000] {logging_mixin.py:151} INFO - [2025-08-18T18:04:42.028+0000] {dag.py:2941} INFO - Sync 1 DAGs
[2025-08-18T18:04:42.095+0000] {logging_mixin.py:151} INFO - [2025-08-18T18:04:42.095+0000] {dag.py:3722} INFO - Setting next_dagrun for example_setup_teardown_taskflow to 2025-08-17T18:04:42.094850+00:00, run_after=2025-08-18T18:04:42.094850+00:00
[2025-08-18T18:04:42.157+0000] {processor.py:179} INFO - Processing /home/airflow/.local/lib/python3.8/site-packages/airflow/example_dags/example_setup_teardown_taskflow.py took 0.206 seconds
[2025-08-18T18:05:12.266+0000] {processor.py:157} INFO - Started process (PID=837) to work on /home/airflow/.local/lib/python3.8/site-packages/airflow/example_dags/example_setup_teardown_taskflow.py
[2025-08-18T18:05:12.267+0000] {processor.py:829} INFO - Processing file /home/airflow/.local/lib/python3.8/site-packages/airflow/example_dags/example_setup_teardown_taskflow.py for tasks to queue
[2025-08-18T18:05:12.270+0000] {logging_mixin.py:151} INFO - [2025-08-18T18:05:12.270+0000] {dagbag.py:536} INFO - Filling up the DagBag from /home/airflow/.local/lib/python3.8/site-packages/airflow/example_dags/example_setup_teardown_taskflow.py
[2025-08-18T18:05:12.286+0000] {processor.py:839} INFO - DAG(s) dict_keys(['example_setup_teardown_taskflow']) retrieved from /home/airflow/.local/lib/python3.8/site-packages/airflow/example_dags/example_setup_teardown_taskflow.py
[2025-08-18T18:05:12.321+0000] {logging_mixin.py:151} INFO - [2025-08-18T18:05:12.321+0000] {dag.py:2941} INFO - Sync 1 DAGs
[2025-08-18T18:05:12.356+0000] {logging_mixin.py:151} INFO - [2025-08-18T18:05:12.356+0000] {dag.py:3722} INFO - Setting next_dagrun for example_setup_teardown_taskflow to 2025-08-17T18:05:12.356040+00:00, run_after=2025-08-18T18:05:12.356040+00:00
[2025-08-18T18:05:12.386+0000] {processor.py:179} INFO - Processing /home/airflow/.local/lib/python3.8/site-packages/airflow/example_dags/example_setup_teardown_taskflow.py took 0.125 seconds
