[2025-08-18T17:56:34.027+0000] {processor.py:157} INFO - Started process (PID=102) to work on /home/airflow/.local/lib/python3.8/site-packages/airflow/example_dags/example_sensors.py
[2025-08-18T17:56:34.030+0000] {processor.py:829} INFO - Processing file /home/airflow/.local/lib/python3.8/site-packages/airflow/example_dags/example_sensors.py for tasks to queue
[2025-08-18T17:56:34.038+0000] {logging_mixin.py:151} INFO - [2025-08-18T17:56:34.037+0000] {dagbag.py:536} INFO - Filling up the DagBag from /home/airflow/.local/lib/python3.8/site-packages/airflow/example_dags/example_sensors.py
[2025-08-18T17:56:34.131+0000] {processor.py:839} INFO - DAG(s) dict_keys(['example_sensors']) retrieved from /home/airflow/.local/lib/python3.8/site-packages/airflow/example_dags/example_sensors.py
[2025-08-18T17:56:34.300+0000] {logging_mixin.py:151} INFO - [2025-08-18T17:56:34.299+0000] {dag.py:2941} INFO - Sync 1 DAGs
[2025-08-18T17:56:34.419+0000] {logging_mixin.py:151} INFO - [2025-08-18T17:56:34.419+0000] {dag.py:3722} INFO - Setting next_dagrun for example_sensors to None, run_after=None
[2025-08-18T17:56:34.562+0000] {processor.py:179} INFO - Processing /home/airflow/.local/lib/python3.8/site-packages/airflow/example_dags/example_sensors.py took 0.546 seconds
[2025-08-18T17:57:58.459+0000] {processor.py:157} INFO - Started process (PID=88) to work on /home/airflow/.local/lib/python3.8/site-packages/airflow/example_dags/example_sensors.py
[2025-08-18T17:57:58.464+0000] {processor.py:829} INFO - Processing file /home/airflow/.local/lib/python3.8/site-packages/airflow/example_dags/example_sensors.py for tasks to queue
[2025-08-18T17:57:58.478+0000] {logging_mixin.py:151} INFO - [2025-08-18T17:57:58.477+0000] {dagbag.py:536} INFO - Filling up the DagBag from /home/airflow/.local/lib/python3.8/site-packages/airflow/example_dags/example_sensors.py
[2025-08-18T17:57:58.545+0000] {processor.py:839} INFO - DAG(s) dict_keys(['example_sensors']) retrieved from /home/airflow/.local/lib/python3.8/site-packages/airflow/example_dags/example_sensors.py
[2025-08-18T17:57:58.619+0000] {logging_mixin.py:151} INFO - [2025-08-18T17:57:58.619+0000] {dag.py:2941} INFO - Sync 1 DAGs
[2025-08-18T17:57:58.669+0000] {logging_mixin.py:151} INFO - [2025-08-18T17:57:58.668+0000] {dag.py:3722} INFO - Setting next_dagrun for example_sensors to None, run_after=None
[2025-08-18T17:57:58.725+0000] {processor.py:179} INFO - Processing /home/airflow/.local/lib/python3.8/site-packages/airflow/example_dags/example_sensors.py took 0.287 seconds
[2025-08-18T17:58:28.888+0000] {processor.py:157} INFO - Started process (PID=142) to work on /home/airflow/.local/lib/python3.8/site-packages/airflow/example_dags/example_sensors.py
[2025-08-18T17:58:28.890+0000] {processor.py:829} INFO - Processing file /home/airflow/.local/lib/python3.8/site-packages/airflow/example_dags/example_sensors.py for tasks to queue
[2025-08-18T17:58:28.896+0000] {logging_mixin.py:151} INFO - [2025-08-18T17:58:28.896+0000] {dagbag.py:536} INFO - Filling up the DagBag from /home/airflow/.local/lib/python3.8/site-packages/airflow/example_dags/example_sensors.py
[2025-08-18T17:58:28.917+0000] {processor.py:839} INFO - DAG(s) dict_keys(['example_sensors']) retrieved from /home/airflow/.local/lib/python3.8/site-packages/airflow/example_dags/example_sensors.py
[2025-08-18T17:58:28.978+0000] {logging_mixin.py:151} INFO - [2025-08-18T17:58:28.977+0000] {dag.py:2941} INFO - Sync 1 DAGs
[2025-08-18T17:58:29.005+0000] {logging_mixin.py:151} INFO - [2025-08-18T17:58:29.005+0000] {dag.py:3722} INFO - Setting next_dagrun for example_sensors to None, run_after=None
[2025-08-18T17:58:29.055+0000] {processor.py:179} INFO - Processing /home/airflow/.local/lib/python3.8/site-packages/airflow/example_dags/example_sensors.py took 0.175 seconds
[2025-08-18T17:59:09.556+0000] {processor.py:157} INFO - Started process (PID=196) to work on /home/airflow/.local/lib/python3.8/site-packages/airflow/example_dags/example_sensors.py
[2025-08-18T17:59:09.560+0000] {processor.py:829} INFO - Processing file /home/airflow/.local/lib/python3.8/site-packages/airflow/example_dags/example_sensors.py for tasks to queue
[2025-08-18T17:59:09.585+0000] {logging_mixin.py:151} INFO - [2025-08-18T17:59:09.584+0000] {dagbag.py:536} INFO - Filling up the DagBag from /home/airflow/.local/lib/python3.8/site-packages/airflow/example_dags/example_sensors.py
[2025-08-18T17:59:09.699+0000] {processor.py:839} INFO - DAG(s) dict_keys(['example_sensors']) retrieved from /home/airflow/.local/lib/python3.8/site-packages/airflow/example_dags/example_sensors.py
[2025-08-18T17:59:09.928+0000] {logging_mixin.py:151} INFO - [2025-08-18T17:59:09.928+0000] {dag.py:2941} INFO - Sync 1 DAGs
[2025-08-18T17:59:09.995+0000] {logging_mixin.py:151} INFO - [2025-08-18T17:59:09.995+0000] {dag.py:3722} INFO - Setting next_dagrun for example_sensors to None, run_after=None
[2025-08-18T17:59:10.348+0000] {processor.py:179} INFO - Processing /home/airflow/.local/lib/python3.8/site-packages/airflow/example_dags/example_sensors.py took 0.840 seconds
[2025-08-18T17:59:41.473+0000] {processor.py:157} INFO - Started process (PID=257) to work on /home/airflow/.local/lib/python3.8/site-packages/airflow/example_dags/example_sensors.py
[2025-08-18T17:59:41.476+0000] {processor.py:829} INFO - Processing file /home/airflow/.local/lib/python3.8/site-packages/airflow/example_dags/example_sensors.py for tasks to queue
[2025-08-18T17:59:41.481+0000] {logging_mixin.py:151} INFO - [2025-08-18T17:59:41.480+0000] {dagbag.py:536} INFO - Filling up the DagBag from /home/airflow/.local/lib/python3.8/site-packages/airflow/example_dags/example_sensors.py
[2025-08-18T17:59:41.500+0000] {processor.py:839} INFO - DAG(s) dict_keys(['example_sensors']) retrieved from /home/airflow/.local/lib/python3.8/site-packages/airflow/example_dags/example_sensors.py
[2025-08-18T17:59:41.577+0000] {logging_mixin.py:151} INFO - [2025-08-18T17:59:41.577+0000] {dag.py:2941} INFO - Sync 1 DAGs
[2025-08-18T17:59:41.605+0000] {logging_mixin.py:151} INFO - [2025-08-18T17:59:41.604+0000] {dag.py:3722} INFO - Setting next_dagrun for example_sensors to None, run_after=None
[2025-08-18T17:59:41.648+0000] {processor.py:179} INFO - Processing /home/airflow/.local/lib/python3.8/site-packages/airflow/example_dags/example_sensors.py took 0.187 seconds
[2025-08-18T18:00:11.684+0000] {processor.py:157} INFO - Started process (PID=311) to work on /home/airflow/.local/lib/python3.8/site-packages/airflow/example_dags/example_sensors.py
[2025-08-18T18:00:11.687+0000] {processor.py:829} INFO - Processing file /home/airflow/.local/lib/python3.8/site-packages/airflow/example_dags/example_sensors.py for tasks to queue
[2025-08-18T18:00:11.691+0000] {logging_mixin.py:151} INFO - [2025-08-18T18:00:11.691+0000] {dagbag.py:536} INFO - Filling up the DagBag from /home/airflow/.local/lib/python3.8/site-packages/airflow/example_dags/example_sensors.py
[2025-08-18T18:00:11.711+0000] {processor.py:839} INFO - DAG(s) dict_keys(['example_sensors']) retrieved from /home/airflow/.local/lib/python3.8/site-packages/airflow/example_dags/example_sensors.py
[2025-08-18T18:00:11.781+0000] {logging_mixin.py:151} INFO - [2025-08-18T18:00:11.780+0000] {dag.py:2941} INFO - Sync 1 DAGs
[2025-08-18T18:00:11.818+0000] {logging_mixin.py:151} INFO - [2025-08-18T18:00:11.817+0000] {dag.py:3722} INFO - Setting next_dagrun for example_sensors to None, run_after=None
[2025-08-18T18:00:11.876+0000] {processor.py:179} INFO - Processing /home/airflow/.local/lib/python3.8/site-packages/airflow/example_dags/example_sensors.py took 0.198 seconds
[2025-08-18T18:00:42.360+0000] {processor.py:157} INFO - Started process (PID=358) to work on /home/airflow/.local/lib/python3.8/site-packages/airflow/example_dags/example_sensors.py
[2025-08-18T18:00:42.362+0000] {processor.py:829} INFO - Processing file /home/airflow/.local/lib/python3.8/site-packages/airflow/example_dags/example_sensors.py for tasks to queue
[2025-08-18T18:00:42.368+0000] {logging_mixin.py:151} INFO - [2025-08-18T18:00:42.367+0000] {dagbag.py:536} INFO - Filling up the DagBag from /home/airflow/.local/lib/python3.8/site-packages/airflow/example_dags/example_sensors.py
[2025-08-18T18:00:42.420+0000] {processor.py:839} INFO - DAG(s) dict_keys(['example_sensors']) retrieved from /home/airflow/.local/lib/python3.8/site-packages/airflow/example_dags/example_sensors.py
[2025-08-18T18:00:42.535+0000] {logging_mixin.py:151} INFO - [2025-08-18T18:00:42.534+0000] {dag.py:2941} INFO - Sync 1 DAGs
[2025-08-18T18:00:42.586+0000] {logging_mixin.py:151} INFO - [2025-08-18T18:00:42.585+0000] {dag.py:3722} INFO - Setting next_dagrun for example_sensors to None, run_after=None
[2025-08-18T18:00:42.668+0000] {processor.py:179} INFO - Processing /home/airflow/.local/lib/python3.8/site-packages/airflow/example_dags/example_sensors.py took 0.331 seconds
[2025-08-18T18:01:12.930+0000] {processor.py:157} INFO - Started process (PID=412) to work on /home/airflow/.local/lib/python3.8/site-packages/airflow/example_dags/example_sensors.py
[2025-08-18T18:01:12.940+0000] {processor.py:829} INFO - Processing file /home/airflow/.local/lib/python3.8/site-packages/airflow/example_dags/example_sensors.py for tasks to queue
[2025-08-18T18:01:12.952+0000] {logging_mixin.py:151} INFO - [2025-08-18T18:01:12.951+0000] {dagbag.py:536} INFO - Filling up the DagBag from /home/airflow/.local/lib/python3.8/site-packages/airflow/example_dags/example_sensors.py
[2025-08-18T18:01:13.003+0000] {processor.py:839} INFO - DAG(s) dict_keys(['example_sensors']) retrieved from /home/airflow/.local/lib/python3.8/site-packages/airflow/example_dags/example_sensors.py
[2025-08-18T18:01:13.226+0000] {logging_mixin.py:151} INFO - [2025-08-18T18:01:13.226+0000] {dag.py:2941} INFO - Sync 1 DAGs
[2025-08-18T18:01:13.302+0000] {logging_mixin.py:151} INFO - [2025-08-18T18:01:13.301+0000] {dag.py:3722} INFO - Setting next_dagrun for example_sensors to None, run_after=None
[2025-08-18T18:01:13.406+0000] {processor.py:179} INFO - Processing /home/airflow/.local/lib/python3.8/site-packages/airflow/example_dags/example_sensors.py took 0.502 seconds
[2025-08-18T18:01:44.094+0000] {processor.py:157} INFO - Started process (PID=466) to work on /home/airflow/.local/lib/python3.8/site-packages/airflow/example_dags/example_sensors.py
[2025-08-18T18:01:44.095+0000] {processor.py:829} INFO - Processing file /home/airflow/.local/lib/python3.8/site-packages/airflow/example_dags/example_sensors.py for tasks to queue
[2025-08-18T18:01:44.098+0000] {logging_mixin.py:151} INFO - [2025-08-18T18:01:44.098+0000] {dagbag.py:536} INFO - Filling up the DagBag from /home/airflow/.local/lib/python3.8/site-packages/airflow/example_dags/example_sensors.py
[2025-08-18T18:01:44.111+0000] {processor.py:839} INFO - DAG(s) dict_keys(['example_sensors']) retrieved from /home/airflow/.local/lib/python3.8/site-packages/airflow/example_dags/example_sensors.py
[2025-08-18T18:01:44.156+0000] {logging_mixin.py:151} INFO - [2025-08-18T18:01:44.156+0000] {dag.py:2941} INFO - Sync 1 DAGs
[2025-08-18T18:01:44.176+0000] {logging_mixin.py:151} INFO - [2025-08-18T18:01:44.176+0000] {dag.py:3722} INFO - Setting next_dagrun for example_sensors to None, run_after=None
[2025-08-18T18:01:44.227+0000] {processor.py:179} INFO - Processing /home/airflow/.local/lib/python3.8/site-packages/airflow/example_dags/example_sensors.py took 0.139 seconds
[2025-08-18T18:02:14.599+0000] {processor.py:157} INFO - Started process (PID=520) to work on /home/airflow/.local/lib/python3.8/site-packages/airflow/example_dags/example_sensors.py
[2025-08-18T18:02:14.601+0000] {processor.py:829} INFO - Processing file /home/airflow/.local/lib/python3.8/site-packages/airflow/example_dags/example_sensors.py for tasks to queue
[2025-08-18T18:02:14.607+0000] {logging_mixin.py:151} INFO - [2025-08-18T18:02:14.606+0000] {dagbag.py:536} INFO - Filling up the DagBag from /home/airflow/.local/lib/python3.8/site-packages/airflow/example_dags/example_sensors.py
[2025-08-18T18:02:14.624+0000] {processor.py:839} INFO - DAG(s) dict_keys(['example_sensors']) retrieved from /home/airflow/.local/lib/python3.8/site-packages/airflow/example_dags/example_sensors.py
[2025-08-18T18:02:14.694+0000] {logging_mixin.py:151} INFO - [2025-08-18T18:02:14.693+0000] {dag.py:2941} INFO - Sync 1 DAGs
[2025-08-18T18:02:14.746+0000] {logging_mixin.py:151} INFO - [2025-08-18T18:02:14.745+0000] {dag.py:3722} INFO - Setting next_dagrun for example_sensors to None, run_after=None
[2025-08-18T18:02:14.812+0000] {processor.py:179} INFO - Processing /home/airflow/.local/lib/python3.8/site-packages/airflow/example_dags/example_sensors.py took 0.221 seconds
[2025-08-18T18:02:45.621+0000] {processor.py:157} INFO - Started process (PID=574) to work on /home/airflow/.local/lib/python3.8/site-packages/airflow/example_dags/example_sensors.py
[2025-08-18T18:02:45.623+0000] {processor.py:829} INFO - Processing file /home/airflow/.local/lib/python3.8/site-packages/airflow/example_dags/example_sensors.py for tasks to queue
[2025-08-18T18:02:45.629+0000] {logging_mixin.py:151} INFO - [2025-08-18T18:02:45.629+0000] {dagbag.py:536} INFO - Filling up the DagBag from /home/airflow/.local/lib/python3.8/site-packages/airflow/example_dags/example_sensors.py
[2025-08-18T18:02:45.655+0000] {processor.py:839} INFO - DAG(s) dict_keys(['example_sensors']) retrieved from /home/airflow/.local/lib/python3.8/site-packages/airflow/example_dags/example_sensors.py
[2025-08-18T18:02:45.749+0000] {logging_mixin.py:151} INFO - [2025-08-18T18:02:45.748+0000] {dag.py:2941} INFO - Sync 1 DAGs
[2025-08-18T18:02:45.787+0000] {logging_mixin.py:151} INFO - [2025-08-18T18:02:45.787+0000] {dag.py:3722} INFO - Setting next_dagrun for example_sensors to None, run_after=None
[2025-08-18T18:02:45.833+0000] {processor.py:179} INFO - Processing /home/airflow/.local/lib/python3.8/site-packages/airflow/example_dags/example_sensors.py took 0.220 seconds
[2025-08-18T18:03:16.434+0000] {processor.py:157} INFO - Started process (PID=628) to work on /home/airflow/.local/lib/python3.8/site-packages/airflow/example_dags/example_sensors.py
[2025-08-18T18:03:16.438+0000] {processor.py:829} INFO - Processing file /home/airflow/.local/lib/python3.8/site-packages/airflow/example_dags/example_sensors.py for tasks to queue
[2025-08-18T18:03:16.444+0000] {logging_mixin.py:151} INFO - [2025-08-18T18:03:16.442+0000] {dagbag.py:536} INFO - Filling up the DagBag from /home/airflow/.local/lib/python3.8/site-packages/airflow/example_dags/example_sensors.py
[2025-08-18T18:03:16.473+0000] {processor.py:839} INFO - DAG(s) dict_keys(['example_sensors']) retrieved from /home/airflow/.local/lib/python3.8/site-packages/airflow/example_dags/example_sensors.py
[2025-08-18T18:03:16.544+0000] {logging_mixin.py:151} INFO - [2025-08-18T18:03:16.542+0000] {dag.py:2941} INFO - Sync 1 DAGs
[2025-08-18T18:03:16.578+0000] {logging_mixin.py:151} INFO - [2025-08-18T18:03:16.577+0000] {dag.py:3722} INFO - Setting next_dagrun for example_sensors to None, run_after=None
[2025-08-18T18:03:16.627+0000] {processor.py:179} INFO - Processing /home/airflow/.local/lib/python3.8/site-packages/airflow/example_dags/example_sensors.py took 0.202 seconds
[2025-08-18T18:03:46.930+0000] {processor.py:157} INFO - Started process (PID=683) to work on /home/airflow/.local/lib/python3.8/site-packages/airflow/example_dags/example_sensors.py
[2025-08-18T18:03:46.934+0000] {processor.py:829} INFO - Processing file /home/airflow/.local/lib/python3.8/site-packages/airflow/example_dags/example_sensors.py for tasks to queue
[2025-08-18T18:03:46.943+0000] {logging_mixin.py:151} INFO - [2025-08-18T18:03:46.942+0000] {dagbag.py:536} INFO - Filling up the DagBag from /home/airflow/.local/lib/python3.8/site-packages/airflow/example_dags/example_sensors.py
[2025-08-18T18:03:46.967+0000] {processor.py:839} INFO - DAG(s) dict_keys(['example_sensors']) retrieved from /home/airflow/.local/lib/python3.8/site-packages/airflow/example_dags/example_sensors.py
[2025-08-18T18:03:47.047+0000] {logging_mixin.py:151} INFO - [2025-08-18T18:03:47.043+0000] {dag.py:2941} INFO - Sync 1 DAGs
[2025-08-18T18:03:47.084+0000] {logging_mixin.py:151} INFO - [2025-08-18T18:03:47.084+0000] {dag.py:3722} INFO - Setting next_dagrun for example_sensors to None, run_after=None
[2025-08-18T18:03:47.149+0000] {processor.py:179} INFO - Processing /home/airflow/.local/lib/python3.8/site-packages/airflow/example_dags/example_sensors.py took 0.233 seconds
[2025-08-18T18:04:17.903+0000] {processor.py:157} INFO - Started process (PID=737) to work on /home/airflow/.local/lib/python3.8/site-packages/airflow/example_dags/example_sensors.py
[2025-08-18T18:04:17.905+0000] {processor.py:829} INFO - Processing file /home/airflow/.local/lib/python3.8/site-packages/airflow/example_dags/example_sensors.py for tasks to queue
[2025-08-18T18:04:17.910+0000] {logging_mixin.py:151} INFO - [2025-08-18T18:04:17.909+0000] {dagbag.py:536} INFO - Filling up the DagBag from /home/airflow/.local/lib/python3.8/site-packages/airflow/example_dags/example_sensors.py
[2025-08-18T18:04:17.926+0000] {processor.py:839} INFO - DAG(s) dict_keys(['example_sensors']) retrieved from /home/airflow/.local/lib/python3.8/site-packages/airflow/example_dags/example_sensors.py
[2025-08-18T18:04:17.971+0000] {logging_mixin.py:151} INFO - [2025-08-18T18:04:17.970+0000] {dag.py:2941} INFO - Sync 1 DAGs
[2025-08-18T18:04:17.993+0000] {logging_mixin.py:151} INFO - [2025-08-18T18:04:17.993+0000] {dag.py:3722} INFO - Setting next_dagrun for example_sensors to None, run_after=None
[2025-08-18T18:04:18.031+0000] {processor.py:179} INFO - Processing /home/airflow/.local/lib/python3.8/site-packages/airflow/example_dags/example_sensors.py took 0.134 seconds
[2025-08-18T18:04:48.612+0000] {processor.py:157} INFO - Started process (PID=791) to work on /home/airflow/.local/lib/python3.8/site-packages/airflow/example_dags/example_sensors.py
[2025-08-18T18:04:48.616+0000] {processor.py:829} INFO - Processing file /home/airflow/.local/lib/python3.8/site-packages/airflow/example_dags/example_sensors.py for tasks to queue
[2025-08-18T18:04:48.619+0000] {logging_mixin.py:151} INFO - [2025-08-18T18:04:48.619+0000] {dagbag.py:536} INFO - Filling up the DagBag from /home/airflow/.local/lib/python3.8/site-packages/airflow/example_dags/example_sensors.py
[2025-08-18T18:04:48.634+0000] {processor.py:839} INFO - DAG(s) dict_keys(['example_sensors']) retrieved from /home/airflow/.local/lib/python3.8/site-packages/airflow/example_dags/example_sensors.py
[2025-08-18T18:04:48.678+0000] {logging_mixin.py:151} INFO - [2025-08-18T18:04:48.678+0000] {dag.py:2941} INFO - Sync 1 DAGs
[2025-08-18T18:04:48.696+0000] {logging_mixin.py:151} INFO - [2025-08-18T18:04:48.696+0000] {dag.py:3722} INFO - Setting next_dagrun for example_sensors to None, run_after=None
[2025-08-18T18:04:48.731+0000] {processor.py:179} INFO - Processing /home/airflow/.local/lib/python3.8/site-packages/airflow/example_dags/example_sensors.py took 0.126 seconds
