[2025-08-18T17:56:42.522+0000] {processor.py:157} INFO - Started process (PID=113) to work on /home/airflow/.local/lib/python3.8/site-packages/airflow/example_dags/example_branch_python_dop_operator_3.py
[2025-08-18T17:56:42.523+0000] {processor.py:829} INFO - Processing file /home/airflow/.local/lib/python3.8/site-packages/airflow/example_dags/example_branch_python_dop_operator_3.py for tasks to queue
[2025-08-18T17:56:42.537+0000] {logging_mixin.py:151} INFO - [2025-08-18T17:56:42.533+0000] {dagbag.py:536} INFO - Filling up the DagBag from /home/airflow/.local/lib/python3.8/site-packages/airflow/example_dags/example_branch_python_dop_operator_3.py
[2025-08-18T17:56:42.601+0000] {processor.py:839} INFO - DAG(s) dict_keys(['example_branch_dop_operator_v3']) retrieved from /home/airflow/.local/lib/python3.8/site-packages/airflow/example_dags/example_branch_python_dop_operator_3.py
[2025-08-18T17:56:42.657+0000] {logging_mixin.py:151} INFO - [2025-08-18T17:56:42.657+0000] {dag.py:2941} INFO - Sync 1 DAGs
[2025-08-18T17:56:42.718+0000] {logging_mixin.py:151} INFO - [2025-08-18T17:56:42.718+0000] {dag.py:3722} INFO - Setting next_dagrun for example_branch_dop_operator_v3 to 2025-08-18T17:55:00+00:00, run_after=2025-08-18T17:56:00+00:00
[2025-08-18T17:56:42.791+0000] {processor.py:179} INFO - Processing /home/airflow/.local/lib/python3.8/site-packages/airflow/example_dags/example_branch_python_dop_operator_3.py took 0.275 seconds
[2025-08-18T17:58:07.212+0000] {processor.py:157} INFO - Started process (PID=106) to work on /home/airflow/.local/lib/python3.8/site-packages/airflow/example_dags/example_branch_python_dop_operator_3.py
[2025-08-18T17:58:07.214+0000] {processor.py:829} INFO - Processing file /home/airflow/.local/lib/python3.8/site-packages/airflow/example_dags/example_branch_python_dop_operator_3.py for tasks to queue
[2025-08-18T17:58:07.225+0000] {logging_mixin.py:151} INFO - [2025-08-18T17:58:07.224+0000] {dagbag.py:536} INFO - Filling up the DagBag from /home/airflow/.local/lib/python3.8/site-packages/airflow/example_dags/example_branch_python_dop_operator_3.py
[2025-08-18T17:58:07.264+0000] {processor.py:839} INFO - DAG(s) dict_keys(['example_branch_dop_operator_v3']) retrieved from /home/airflow/.local/lib/python3.8/site-packages/airflow/example_dags/example_branch_python_dop_operator_3.py
[2025-08-18T17:58:07.475+0000] {logging_mixin.py:151} INFO - [2025-08-18T17:58:07.474+0000] {dag.py:2941} INFO - Sync 1 DAGs
[2025-08-18T17:58:08.035+0000] {logging_mixin.py:151} INFO - [2025-08-18T17:58:08.033+0000] {dag.py:3722} INFO - Setting next_dagrun for example_branch_dop_operator_v3 to 2025-08-18T17:57:00+00:00, run_after=2025-08-18T17:58:00+00:00
[2025-08-18T17:58:08.351+0000] {processor.py:179} INFO - Processing /home/airflow/.local/lib/python3.8/site-packages/airflow/example_dags/example_branch_python_dop_operator_3.py took 1.157 seconds
[2025-08-18T17:58:38.694+0000] {processor.py:157} INFO - Started process (PID=160) to work on /home/airflow/.local/lib/python3.8/site-packages/airflow/example_dags/example_branch_python_dop_operator_3.py
[2025-08-18T17:58:38.697+0000] {processor.py:829} INFO - Processing file /home/airflow/.local/lib/python3.8/site-packages/airflow/example_dags/example_branch_python_dop_operator_3.py for tasks to queue
[2025-08-18T17:58:38.702+0000] {logging_mixin.py:151} INFO - [2025-08-18T17:58:38.702+0000] {dagbag.py:536} INFO - Filling up the DagBag from /home/airflow/.local/lib/python3.8/site-packages/airflow/example_dags/example_branch_python_dop_operator_3.py
[2025-08-18T17:58:38.713+0000] {processor.py:839} INFO - DAG(s) dict_keys(['example_branch_dop_operator_v3']) retrieved from /home/airflow/.local/lib/python3.8/site-packages/airflow/example_dags/example_branch_python_dop_operator_3.py
[2025-08-18T17:58:38.746+0000] {logging_mixin.py:151} INFO - [2025-08-18T17:58:38.746+0000] {dag.py:2941} INFO - Sync 1 DAGs
[2025-08-18T17:58:38.795+0000] {logging_mixin.py:151} INFO - [2025-08-18T17:58:38.795+0000] {dag.py:3722} INFO - Setting next_dagrun for example_branch_dop_operator_v3 to 2025-08-18T17:57:00+00:00, run_after=2025-08-18T17:58:00+00:00
[2025-08-18T17:58:38.830+0000] {processor.py:179} INFO - Processing /home/airflow/.local/lib/python3.8/site-packages/airflow/example_dags/example_branch_python_dop_operator_3.py took 0.140 seconds
[2025-08-18T17:59:14.805+0000] {processor.py:157} INFO - Started process (PID=214) to work on /home/airflow/.local/lib/python3.8/site-packages/airflow/example_dags/example_branch_python_dop_operator_3.py
[2025-08-18T17:59:14.809+0000] {processor.py:829} INFO - Processing file /home/airflow/.local/lib/python3.8/site-packages/airflow/example_dags/example_branch_python_dop_operator_3.py for tasks to queue
[2025-08-18T17:59:14.818+0000] {logging_mixin.py:151} INFO - [2025-08-18T17:59:14.817+0000] {dagbag.py:536} INFO - Filling up the DagBag from /home/airflow/.local/lib/python3.8/site-packages/airflow/example_dags/example_branch_python_dop_operator_3.py
[2025-08-18T17:59:14.845+0000] {processor.py:839} INFO - DAG(s) dict_keys(['example_branch_dop_operator_v3']) retrieved from /home/airflow/.local/lib/python3.8/site-packages/airflow/example_dags/example_branch_python_dop_operator_3.py
[2025-08-18T17:59:14.921+0000] {logging_mixin.py:151} INFO - [2025-08-18T17:59:14.920+0000] {dag.py:2941} INFO - Sync 1 DAGs
[2025-08-18T17:59:15.026+0000] {logging_mixin.py:151} INFO - [2025-08-18T17:59:15.026+0000] {dag.py:3722} INFO - Setting next_dagrun for example_branch_dop_operator_v3 to 2025-08-18T17:58:00+00:00, run_after=2025-08-18T17:59:00+00:00
[2025-08-18T17:59:15.103+0000] {processor.py:179} INFO - Processing /home/airflow/.local/lib/python3.8/site-packages/airflow/example_dags/example_branch_python_dop_operator_3.py took 0.309 seconds
[2025-08-18T17:59:45.817+0000] {processor.py:157} INFO - Started process (PID=268) to work on /home/airflow/.local/lib/python3.8/site-packages/airflow/example_dags/example_branch_python_dop_operator_3.py
[2025-08-18T17:59:45.819+0000] {processor.py:829} INFO - Processing file /home/airflow/.local/lib/python3.8/site-packages/airflow/example_dags/example_branch_python_dop_operator_3.py for tasks to queue
[2025-08-18T17:59:45.824+0000] {logging_mixin.py:151} INFO - [2025-08-18T17:59:45.823+0000] {dagbag.py:536} INFO - Filling up the DagBag from /home/airflow/.local/lib/python3.8/site-packages/airflow/example_dags/example_branch_python_dop_operator_3.py
[2025-08-18T17:59:45.838+0000] {processor.py:839} INFO - DAG(s) dict_keys(['example_branch_dop_operator_v3']) retrieved from /home/airflow/.local/lib/python3.8/site-packages/airflow/example_dags/example_branch_python_dop_operator_3.py
[2025-08-18T17:59:45.878+0000] {logging_mixin.py:151} INFO - [2025-08-18T17:59:45.877+0000] {dag.py:2941} INFO - Sync 1 DAGs
[2025-08-18T17:59:45.928+0000] {logging_mixin.py:151} INFO - [2025-08-18T17:59:45.927+0000] {dag.py:3722} INFO - Setting next_dagrun for example_branch_dop_operator_v3 to 2025-08-18T17:58:00+00:00, run_after=2025-08-18T17:59:00+00:00
[2025-08-18T17:59:45.963+0000] {processor.py:179} INFO - Processing /home/airflow/.local/lib/python3.8/site-packages/airflow/example_dags/example_branch_python_dop_operator_3.py took 0.151 seconds
[2025-08-18T18:00:17.240+0000] {processor.py:157} INFO - Started process (PID=322) to work on /home/airflow/.local/lib/python3.8/site-packages/airflow/example_dags/example_branch_python_dop_operator_3.py
[2025-08-18T18:00:17.242+0000] {processor.py:829} INFO - Processing file /home/airflow/.local/lib/python3.8/site-packages/airflow/example_dags/example_branch_python_dop_operator_3.py for tasks to queue
[2025-08-18T18:00:17.246+0000] {logging_mixin.py:151} INFO - [2025-08-18T18:00:17.246+0000] {dagbag.py:536} INFO - Filling up the DagBag from /home/airflow/.local/lib/python3.8/site-packages/airflow/example_dags/example_branch_python_dop_operator_3.py
[2025-08-18T18:00:17.262+0000] {processor.py:839} INFO - DAG(s) dict_keys(['example_branch_dop_operator_v3']) retrieved from /home/airflow/.local/lib/python3.8/site-packages/airflow/example_dags/example_branch_python_dop_operator_3.py
[2025-08-18T18:00:17.306+0000] {logging_mixin.py:151} INFO - [2025-08-18T18:00:17.305+0000] {dag.py:2941} INFO - Sync 1 DAGs
[2025-08-18T18:00:17.363+0000] {logging_mixin.py:151} INFO - [2025-08-18T18:00:17.362+0000] {dag.py:3722} INFO - Setting next_dagrun for example_branch_dop_operator_v3 to 2025-08-18T17:59:00+00:00, run_after=2025-08-18T18:00:00+00:00
[2025-08-18T18:00:17.421+0000] {processor.py:179} INFO - Processing /home/airflow/.local/lib/python3.8/site-packages/airflow/example_dags/example_branch_python_dop_operator_3.py took 0.188 seconds
[2025-08-18T18:00:47.906+0000] {processor.py:157} INFO - Started process (PID=376) to work on /home/airflow/.local/lib/python3.8/site-packages/airflow/example_dags/example_branch_python_dop_operator_3.py
[2025-08-18T18:00:47.908+0000] {processor.py:829} INFO - Processing file /home/airflow/.local/lib/python3.8/site-packages/airflow/example_dags/example_branch_python_dop_operator_3.py for tasks to queue
[2025-08-18T18:00:47.917+0000] {logging_mixin.py:151} INFO - [2025-08-18T18:00:47.916+0000] {dagbag.py:536} INFO - Filling up the DagBag from /home/airflow/.local/lib/python3.8/site-packages/airflow/example_dags/example_branch_python_dop_operator_3.py
[2025-08-18T18:00:47.943+0000] {processor.py:839} INFO - DAG(s) dict_keys(['example_branch_dop_operator_v3']) retrieved from /home/airflow/.local/lib/python3.8/site-packages/airflow/example_dags/example_branch_python_dop_operator_3.py
[2025-08-18T18:00:48.009+0000] {logging_mixin.py:151} INFO - [2025-08-18T18:00:48.008+0000] {dag.py:2941} INFO - Sync 1 DAGs
[2025-08-18T18:00:48.132+0000] {logging_mixin.py:151} INFO - [2025-08-18T18:00:48.132+0000] {dag.py:3722} INFO - Setting next_dagrun for example_branch_dop_operator_v3 to 2025-08-18T17:59:00+00:00, run_after=2025-08-18T18:00:00+00:00
[2025-08-18T18:00:48.231+0000] {processor.py:179} INFO - Processing /home/airflow/.local/lib/python3.8/site-packages/airflow/example_dags/example_branch_python_dop_operator_3.py took 0.339 seconds
[2025-08-18T18:01:18.596+0000] {processor.py:157} INFO - Started process (PID=430) to work on /home/airflow/.local/lib/python3.8/site-packages/airflow/example_dags/example_branch_python_dop_operator_3.py
[2025-08-18T18:01:18.599+0000] {processor.py:829} INFO - Processing file /home/airflow/.local/lib/python3.8/site-packages/airflow/example_dags/example_branch_python_dop_operator_3.py for tasks to queue
[2025-08-18T18:01:18.604+0000] {logging_mixin.py:151} INFO - [2025-08-18T18:01:18.603+0000] {dagbag.py:536} INFO - Filling up the DagBag from /home/airflow/.local/lib/python3.8/site-packages/airflow/example_dags/example_branch_python_dop_operator_3.py
[2025-08-18T18:01:18.621+0000] {processor.py:839} INFO - DAG(s) dict_keys(['example_branch_dop_operator_v3']) retrieved from /home/airflow/.local/lib/python3.8/site-packages/airflow/example_dags/example_branch_python_dop_operator_3.py
[2025-08-18T18:01:18.664+0000] {logging_mixin.py:151} INFO - [2025-08-18T18:01:18.664+0000] {dag.py:2941} INFO - Sync 1 DAGs
[2025-08-18T18:01:18.732+0000] {logging_mixin.py:151} INFO - [2025-08-18T18:01:18.732+0000] {dag.py:3722} INFO - Setting next_dagrun for example_branch_dop_operator_v3 to 2025-08-18T18:00:00+00:00, run_after=2025-08-18T18:01:00+00:00
[2025-08-18T18:01:18.783+0000] {processor.py:179} INFO - Processing /home/airflow/.local/lib/python3.8/site-packages/airflow/example_dags/example_branch_python_dop_operator_3.py took 0.203 seconds
[2025-08-18T18:01:48.839+0000] {processor.py:157} INFO - Started process (PID=484) to work on /home/airflow/.local/lib/python3.8/site-packages/airflow/example_dags/example_branch_python_dop_operator_3.py
[2025-08-18T18:01:48.841+0000] {processor.py:829} INFO - Processing file /home/airflow/.local/lib/python3.8/site-packages/airflow/example_dags/example_branch_python_dop_operator_3.py for tasks to queue
[2025-08-18T18:01:48.847+0000] {logging_mixin.py:151} INFO - [2025-08-18T18:01:48.847+0000] {dagbag.py:536} INFO - Filling up the DagBag from /home/airflow/.local/lib/python3.8/site-packages/airflow/example_dags/example_branch_python_dop_operator_3.py
[2025-08-18T18:01:48.868+0000] {processor.py:839} INFO - DAG(s) dict_keys(['example_branch_dop_operator_v3']) retrieved from /home/airflow/.local/lib/python3.8/site-packages/airflow/example_dags/example_branch_python_dop_operator_3.py
[2025-08-18T18:01:48.904+0000] {logging_mixin.py:151} INFO - [2025-08-18T18:01:48.903+0000] {dag.py:2941} INFO - Sync 1 DAGs
[2025-08-18T18:01:48.947+0000] {logging_mixin.py:151} INFO - [2025-08-18T18:01:48.946+0000] {dag.py:3722} INFO - Setting next_dagrun for example_branch_dop_operator_v3 to 2025-08-18T18:00:00+00:00, run_after=2025-08-18T18:01:00+00:00
[2025-08-18T18:01:48.986+0000] {processor.py:179} INFO - Processing /home/airflow/.local/lib/python3.8/site-packages/airflow/example_dags/example_branch_python_dop_operator_3.py took 0.153 seconds
[2025-08-18T18:02:19.740+0000] {processor.py:157} INFO - Started process (PID=538) to work on /home/airflow/.local/lib/python3.8/site-packages/airflow/example_dags/example_branch_python_dop_operator_3.py
[2025-08-18T18:02:19.743+0000] {processor.py:829} INFO - Processing file /home/airflow/.local/lib/python3.8/site-packages/airflow/example_dags/example_branch_python_dop_operator_3.py for tasks to queue
[2025-08-18T18:02:19.747+0000] {logging_mixin.py:151} INFO - [2025-08-18T18:02:19.747+0000] {dagbag.py:536} INFO - Filling up the DagBag from /home/airflow/.local/lib/python3.8/site-packages/airflow/example_dags/example_branch_python_dop_operator_3.py
[2025-08-18T18:02:19.763+0000] {processor.py:839} INFO - DAG(s) dict_keys(['example_branch_dop_operator_v3']) retrieved from /home/airflow/.local/lib/python3.8/site-packages/airflow/example_dags/example_branch_python_dop_operator_3.py
[2025-08-18T18:02:19.799+0000] {logging_mixin.py:151} INFO - [2025-08-18T18:02:19.799+0000] {dag.py:2941} INFO - Sync 1 DAGs
[2025-08-18T18:02:19.856+0000] {logging_mixin.py:151} INFO - [2025-08-18T18:02:19.855+0000] {dag.py:3722} INFO - Setting next_dagrun for example_branch_dop_operator_v3 to 2025-08-18T18:01:00+00:00, run_after=2025-08-18T18:02:00+00:00
[2025-08-18T18:02:19.888+0000] {processor.py:179} INFO - Processing /home/airflow/.local/lib/python3.8/site-packages/airflow/example_dags/example_branch_python_dop_operator_3.py took 0.153 seconds
[2025-08-18T18:02:50.774+0000] {processor.py:157} INFO - Started process (PID=592) to work on /home/airflow/.local/lib/python3.8/site-packages/airflow/example_dags/example_branch_python_dop_operator_3.py
[2025-08-18T18:02:50.776+0000] {processor.py:829} INFO - Processing file /home/airflow/.local/lib/python3.8/site-packages/airflow/example_dags/example_branch_python_dop_operator_3.py for tasks to queue
[2025-08-18T18:02:50.781+0000] {logging_mixin.py:151} INFO - [2025-08-18T18:02:50.780+0000] {dagbag.py:536} INFO - Filling up the DagBag from /home/airflow/.local/lib/python3.8/site-packages/airflow/example_dags/example_branch_python_dop_operator_3.py
[2025-08-18T18:02:50.793+0000] {processor.py:839} INFO - DAG(s) dict_keys(['example_branch_dop_operator_v3']) retrieved from /home/airflow/.local/lib/python3.8/site-packages/airflow/example_dags/example_branch_python_dop_operator_3.py
[2025-08-18T18:02:50.829+0000] {logging_mixin.py:151} INFO - [2025-08-18T18:02:50.829+0000] {dag.py:2941} INFO - Sync 1 DAGs
[2025-08-18T18:02:50.871+0000] {logging_mixin.py:151} INFO - [2025-08-18T18:02:50.871+0000] {dag.py:3722} INFO - Setting next_dagrun for example_branch_dop_operator_v3 to 2025-08-18T18:01:00+00:00, run_after=2025-08-18T18:02:00+00:00
[2025-08-18T18:02:50.907+0000] {processor.py:179} INFO - Processing /home/airflow/.local/lib/python3.8/site-packages/airflow/example_dags/example_branch_python_dop_operator_3.py took 0.139 seconds
[2025-08-18T18:03:21.631+0000] {processor.py:157} INFO - Started process (PID=647) to work on /home/airflow/.local/lib/python3.8/site-packages/airflow/example_dags/example_branch_python_dop_operator_3.py
[2025-08-18T18:03:21.634+0000] {processor.py:829} INFO - Processing file /home/airflow/.local/lib/python3.8/site-packages/airflow/example_dags/example_branch_python_dop_operator_3.py for tasks to queue
[2025-08-18T18:03:21.639+0000] {logging_mixin.py:151} INFO - [2025-08-18T18:03:21.639+0000] {dagbag.py:536} INFO - Filling up the DagBag from /home/airflow/.local/lib/python3.8/site-packages/airflow/example_dags/example_branch_python_dop_operator_3.py
[2025-08-18T18:03:21.656+0000] {processor.py:839} INFO - DAG(s) dict_keys(['example_branch_dop_operator_v3']) retrieved from /home/airflow/.local/lib/python3.8/site-packages/airflow/example_dags/example_branch_python_dop_operator_3.py
[2025-08-18T18:03:21.702+0000] {logging_mixin.py:151} INFO - [2025-08-18T18:03:21.702+0000] {dag.py:2941} INFO - Sync 1 DAGs
[2025-08-18T18:03:21.760+0000] {logging_mixin.py:151} INFO - [2025-08-18T18:03:21.760+0000] {dag.py:3722} INFO - Setting next_dagrun for example_branch_dop_operator_v3 to 2025-08-18T18:02:00+00:00, run_after=2025-08-18T18:03:00+00:00
[2025-08-18T18:03:21.806+0000] {processor.py:179} INFO - Processing /home/airflow/.local/lib/python3.8/site-packages/airflow/example_dags/example_branch_python_dop_operator_3.py took 0.184 seconds
[2025-08-18T18:03:51.927+0000] {processor.py:157} INFO - Started process (PID=701) to work on /home/airflow/.local/lib/python3.8/site-packages/airflow/example_dags/example_branch_python_dop_operator_3.py
[2025-08-18T18:03:51.928+0000] {processor.py:829} INFO - Processing file /home/airflow/.local/lib/python3.8/site-packages/airflow/example_dags/example_branch_python_dop_operator_3.py for tasks to queue
[2025-08-18T18:03:51.932+0000] {logging_mixin.py:151} INFO - [2025-08-18T18:03:51.932+0000] {dagbag.py:536} INFO - Filling up the DagBag from /home/airflow/.local/lib/python3.8/site-packages/airflow/example_dags/example_branch_python_dop_operator_3.py
[2025-08-18T18:03:51.943+0000] {processor.py:839} INFO - DAG(s) dict_keys(['example_branch_dop_operator_v3']) retrieved from /home/airflow/.local/lib/python3.8/site-packages/airflow/example_dags/example_branch_python_dop_operator_3.py
[2025-08-18T18:03:51.975+0000] {logging_mixin.py:151} INFO - [2025-08-18T18:03:51.975+0000] {dag.py:2941} INFO - Sync 1 DAGs
[2025-08-18T18:03:52.008+0000] {logging_mixin.py:151} INFO - [2025-08-18T18:03:52.008+0000] {dag.py:3722} INFO - Setting next_dagrun for example_branch_dop_operator_v3 to 2025-08-18T18:02:00+00:00, run_after=2025-08-18T18:03:00+00:00
[2025-08-18T18:03:52.036+0000] {processor.py:179} INFO - Processing /home/airflow/.local/lib/python3.8/site-packages/airflow/example_dags/example_branch_python_dop_operator_3.py took 0.114 seconds
[2025-08-18T18:04:23.598+0000] {processor.py:157} INFO - Started process (PID=755) to work on /home/airflow/.local/lib/python3.8/site-packages/airflow/example_dags/example_branch_python_dop_operator_3.py
[2025-08-18T18:04:23.600+0000] {processor.py:829} INFO - Processing file /home/airflow/.local/lib/python3.8/site-packages/airflow/example_dags/example_branch_python_dop_operator_3.py for tasks to queue
[2025-08-18T18:04:23.604+0000] {logging_mixin.py:151} INFO - [2025-08-18T18:04:23.603+0000] {dagbag.py:536} INFO - Filling up the DagBag from /home/airflow/.local/lib/python3.8/site-packages/airflow/example_dags/example_branch_python_dop_operator_3.py
[2025-08-18T18:04:23.618+0000] {processor.py:839} INFO - DAG(s) dict_keys(['example_branch_dop_operator_v3']) retrieved from /home/airflow/.local/lib/python3.8/site-packages/airflow/example_dags/example_branch_python_dop_operator_3.py
[2025-08-18T18:04:23.656+0000] {logging_mixin.py:151} INFO - [2025-08-18T18:04:23.655+0000] {dag.py:2941} INFO - Sync 1 DAGs
[2025-08-18T18:04:23.707+0000] {logging_mixin.py:151} INFO - [2025-08-18T18:04:23.707+0000] {dag.py:3722} INFO - Setting next_dagrun for example_branch_dop_operator_v3 to 2025-08-18T18:03:00+00:00, run_after=2025-08-18T18:04:00+00:00
[2025-08-18T18:04:23.763+0000] {processor.py:179} INFO - Processing /home/airflow/.local/lib/python3.8/site-packages/airflow/example_dags/example_branch_python_dop_operator_3.py took 0.170 seconds
[2025-08-18T18:04:54.687+0000] {processor.py:157} INFO - Started process (PID=809) to work on /home/airflow/.local/lib/python3.8/site-packages/airflow/example_dags/example_branch_python_dop_operator_3.py
[2025-08-18T18:04:54.690+0000] {processor.py:829} INFO - Processing file /home/airflow/.local/lib/python3.8/site-packages/airflow/example_dags/example_branch_python_dop_operator_3.py for tasks to queue
[2025-08-18T18:04:54.693+0000] {logging_mixin.py:151} INFO - [2025-08-18T18:04:54.693+0000] {dagbag.py:536} INFO - Filling up the DagBag from /home/airflow/.local/lib/python3.8/site-packages/airflow/example_dags/example_branch_python_dop_operator_3.py
[2025-08-18T18:04:54.710+0000] {processor.py:839} INFO - DAG(s) dict_keys(['example_branch_dop_operator_v3']) retrieved from /home/airflow/.local/lib/python3.8/site-packages/airflow/example_dags/example_branch_python_dop_operator_3.py
[2025-08-18T18:04:54.752+0000] {logging_mixin.py:151} INFO - [2025-08-18T18:04:54.752+0000] {dag.py:2941} INFO - Sync 1 DAGs
[2025-08-18T18:04:54.794+0000] {logging_mixin.py:151} INFO - [2025-08-18T18:04:54.793+0000] {dag.py:3722} INFO - Setting next_dagrun for example_branch_dop_operator_v3 to 2025-08-18T18:03:00+00:00, run_after=2025-08-18T18:04:00+00:00
[2025-08-18T18:04:54.841+0000] {processor.py:179} INFO - Processing /home/airflow/.local/lib/python3.8/site-packages/airflow/example_dags/example_branch_python_dop_operator_3.py took 0.162 seconds
