[2025-08-18T17:56:50.071+0000] {processor.py:157} INFO - Started process (PID=127) to work on /home/airflow/.local/lib/python3.8/site-packages/airflow/example_dags/example_dynamic_task_mapping_with_no_taskflow_operators.py
[2025-08-18T17:56:50.076+0000] {processor.py:829} INFO - Processing file /home/airflow/.local/lib/python3.8/site-packages/airflow/example_dags/example_dynamic_task_mapping_with_no_taskflow_operators.py for tasks to queue
[2025-08-18T17:56:50.094+0000] {logging_mixin.py:151} INFO - [2025-08-18T17:56:50.092+0000] {dagbag.py:536} INFO - Filling up the DagBag from /home/airflow/.local/lib/python3.8/site-packages/airflow/example_dags/example_dynamic_task_mapping_with_no_taskflow_operators.py
[2025-08-18T17:56:50.142+0000] {processor.py:839} INFO - DAG(s) dict_keys(['example_dynamic_task_mapping_with_no_taskflow_operators']) retrieved from /home/airflow/.local/lib/python3.8/site-packages/airflow/example_dags/example_dynamic_task_mapping_with_no_taskflow_operators.py
[2025-08-18T17:56:50.313+0000] {logging_mixin.py:151} INFO - [2025-08-18T17:56:50.313+0000] {dag.py:2941} INFO - Sync 1 DAGs
[2025-08-18T17:56:50.458+0000] {logging_mixin.py:151} INFO - [2025-08-18T17:56:50.458+0000] {dag.py:3722} INFO - Setting next_dagrun for example_dynamic_task_mapping_with_no_taskflow_operators to 2025-08-17T17:56:50.456573+00:00, run_after=2025-08-18T17:56:50.456573+00:00
[2025-08-18T17:56:50.562+0000] {processor.py:179} INFO - Processing /home/airflow/.local/lib/python3.8/site-packages/airflow/example_dags/example_dynamic_task_mapping_with_no_taskflow_operators.py took 0.509 seconds
[2025-08-18T17:58:14.612+0000] {processor.py:157} INFO - Started process (PID=120) to work on /home/airflow/.local/lib/python3.8/site-packages/airflow/example_dags/example_dynamic_task_mapping_with_no_taskflow_operators.py
[2025-08-18T17:58:14.615+0000] {processor.py:829} INFO - Processing file /home/airflow/.local/lib/python3.8/site-packages/airflow/example_dags/example_dynamic_task_mapping_with_no_taskflow_operators.py for tasks to queue
[2025-08-18T17:58:14.623+0000] {logging_mixin.py:151} INFO - [2025-08-18T17:58:14.622+0000] {dagbag.py:536} INFO - Filling up the DagBag from /home/airflow/.local/lib/python3.8/site-packages/airflow/example_dags/example_dynamic_task_mapping_with_no_taskflow_operators.py
[2025-08-18T17:58:14.647+0000] {processor.py:839} INFO - DAG(s) dict_keys(['example_dynamic_task_mapping_with_no_taskflow_operators']) retrieved from /home/airflow/.local/lib/python3.8/site-packages/airflow/example_dags/example_dynamic_task_mapping_with_no_taskflow_operators.py
[2025-08-18T17:58:14.730+0000] {logging_mixin.py:151} INFO - [2025-08-18T17:58:14.730+0000] {dag.py:2941} INFO - Sync 1 DAGs
[2025-08-18T17:58:14.806+0000] {logging_mixin.py:151} INFO - [2025-08-18T17:58:14.805+0000] {dag.py:3722} INFO - Setting next_dagrun for example_dynamic_task_mapping_with_no_taskflow_operators to 2025-08-17T17:58:14.804742+00:00, run_after=2025-08-18T17:58:14.804742+00:00
[2025-08-18T17:58:14.875+0000] {processor.py:179} INFO - Processing /home/airflow/.local/lib/python3.8/site-packages/airflow/example_dags/example_dynamic_task_mapping_with_no_taskflow_operators.py took 0.272 seconds
[2025-08-18T17:58:45.250+0000] {processor.py:157} INFO - Started process (PID=174) to work on /home/airflow/.local/lib/python3.8/site-packages/airflow/example_dags/example_dynamic_task_mapping_with_no_taskflow_operators.py
[2025-08-18T17:58:45.253+0000] {processor.py:829} INFO - Processing file /home/airflow/.local/lib/python3.8/site-packages/airflow/example_dags/example_dynamic_task_mapping_with_no_taskflow_operators.py for tasks to queue
[2025-08-18T17:58:45.257+0000] {logging_mixin.py:151} INFO - [2025-08-18T17:58:45.257+0000] {dagbag.py:536} INFO - Filling up the DagBag from /home/airflow/.local/lib/python3.8/site-packages/airflow/example_dags/example_dynamic_task_mapping_with_no_taskflow_operators.py
[2025-08-18T17:58:45.275+0000] {processor.py:839} INFO - DAG(s) dict_keys(['example_dynamic_task_mapping_with_no_taskflow_operators']) retrieved from /home/airflow/.local/lib/python3.8/site-packages/airflow/example_dags/example_dynamic_task_mapping_with_no_taskflow_operators.py
[2025-08-18T17:58:45.317+0000] {logging_mixin.py:151} INFO - [2025-08-18T17:58:45.317+0000] {dag.py:2941} INFO - Sync 1 DAGs
[2025-08-18T17:58:45.365+0000] {logging_mixin.py:151} INFO - [2025-08-18T17:58:45.365+0000] {dag.py:3722} INFO - Setting next_dagrun for example_dynamic_task_mapping_with_no_taskflow_operators to 2025-08-17T17:58:45.365213+00:00, run_after=2025-08-18T17:58:45.365213+00:00
[2025-08-18T17:58:45.411+0000] {processor.py:179} INFO - Processing /home/airflow/.local/lib/python3.8/site-packages/airflow/example_dags/example_dynamic_task_mapping_with_no_taskflow_operators.py took 0.168 seconds
[2025-08-18T17:59:18.868+0000] {processor.py:157} INFO - Started process (PID=228) to work on /home/airflow/.local/lib/python3.8/site-packages/airflow/example_dags/example_dynamic_task_mapping_with_no_taskflow_operators.py
[2025-08-18T17:59:18.871+0000] {processor.py:829} INFO - Processing file /home/airflow/.local/lib/python3.8/site-packages/airflow/example_dags/example_dynamic_task_mapping_with_no_taskflow_operators.py for tasks to queue
[2025-08-18T17:59:18.877+0000] {logging_mixin.py:151} INFO - [2025-08-18T17:59:18.875+0000] {dagbag.py:536} INFO - Filling up the DagBag from /home/airflow/.local/lib/python3.8/site-packages/airflow/example_dags/example_dynamic_task_mapping_with_no_taskflow_operators.py
[2025-08-18T17:59:18.898+0000] {processor.py:839} INFO - DAG(s) dict_keys(['example_dynamic_task_mapping_with_no_taskflow_operators']) retrieved from /home/airflow/.local/lib/python3.8/site-packages/airflow/example_dags/example_dynamic_task_mapping_with_no_taskflow_operators.py
[2025-08-18T17:59:18.964+0000] {logging_mixin.py:151} INFO - [2025-08-18T17:59:18.964+0000] {dag.py:2941} INFO - Sync 1 DAGs
[2025-08-18T17:59:19.056+0000] {logging_mixin.py:151} INFO - [2025-08-18T17:59:19.054+0000] {dag.py:3722} INFO - Setting next_dagrun for example_dynamic_task_mapping_with_no_taskflow_operators to 2025-08-17T17:59:19.050156+00:00, run_after=2025-08-18T17:59:19.050156+00:00
[2025-08-18T17:59:19.126+0000] {processor.py:179} INFO - Processing /home/airflow/.local/lib/python3.8/site-packages/airflow/example_dags/example_dynamic_task_mapping_with_no_taskflow_operators.py took 0.274 seconds
[2025-08-18T17:59:49.357+0000] {processor.py:157} INFO - Started process (PID=282) to work on /home/airflow/.local/lib/python3.8/site-packages/airflow/example_dags/example_dynamic_task_mapping_with_no_taskflow_operators.py
[2025-08-18T17:59:49.360+0000] {processor.py:829} INFO - Processing file /home/airflow/.local/lib/python3.8/site-packages/airflow/example_dags/example_dynamic_task_mapping_with_no_taskflow_operators.py for tasks to queue
[2025-08-18T17:59:49.363+0000] {logging_mixin.py:151} INFO - [2025-08-18T17:59:49.363+0000] {dagbag.py:536} INFO - Filling up the DagBag from /home/airflow/.local/lib/python3.8/site-packages/airflow/example_dags/example_dynamic_task_mapping_with_no_taskflow_operators.py
[2025-08-18T17:59:49.374+0000] {processor.py:839} INFO - DAG(s) dict_keys(['example_dynamic_task_mapping_with_no_taskflow_operators']) retrieved from /home/airflow/.local/lib/python3.8/site-packages/airflow/example_dags/example_dynamic_task_mapping_with_no_taskflow_operators.py
[2025-08-18T17:59:49.418+0000] {logging_mixin.py:151} INFO - [2025-08-18T17:59:49.417+0000] {dag.py:2941} INFO - Sync 1 DAGs
[2025-08-18T17:59:49.459+0000] {logging_mixin.py:151} INFO - [2025-08-18T17:59:49.459+0000] {dag.py:3722} INFO - Setting next_dagrun for example_dynamic_task_mapping_with_no_taskflow_operators to 2025-08-17T17:59:49.458527+00:00, run_after=2025-08-18T17:59:49.458527+00:00
[2025-08-18T17:59:49.505+0000] {processor.py:179} INFO - Processing /home/airflow/.local/lib/python3.8/site-packages/airflow/example_dags/example_dynamic_task_mapping_with_no_taskflow_operators.py took 0.153 seconds
[2025-08-18T18:00:19.883+0000] {processor.py:157} INFO - Started process (PID=336) to work on /home/airflow/.local/lib/python3.8/site-packages/airflow/example_dags/example_dynamic_task_mapping_with_no_taskflow_operators.py
[2025-08-18T18:00:19.886+0000] {processor.py:829} INFO - Processing file /home/airflow/.local/lib/python3.8/site-packages/airflow/example_dags/example_dynamic_task_mapping_with_no_taskflow_operators.py for tasks to queue
[2025-08-18T18:00:19.889+0000] {logging_mixin.py:151} INFO - [2025-08-18T18:00:19.888+0000] {dagbag.py:536} INFO - Filling up the DagBag from /home/airflow/.local/lib/python3.8/site-packages/airflow/example_dags/example_dynamic_task_mapping_with_no_taskflow_operators.py
[2025-08-18T18:00:19.901+0000] {processor.py:839} INFO - DAG(s) dict_keys(['example_dynamic_task_mapping_with_no_taskflow_operators']) retrieved from /home/airflow/.local/lib/python3.8/site-packages/airflow/example_dags/example_dynamic_task_mapping_with_no_taskflow_operators.py
[2025-08-18T18:00:19.939+0000] {logging_mixin.py:151} INFO - [2025-08-18T18:00:19.938+0000] {dag.py:2941} INFO - Sync 1 DAGs
[2025-08-18T18:00:19.976+0000] {logging_mixin.py:151} INFO - [2025-08-18T18:00:19.975+0000] {dag.py:3722} INFO - Setting next_dagrun for example_dynamic_task_mapping_with_no_taskflow_operators to 2025-08-17T18:00:19.975316+00:00, run_after=2025-08-18T18:00:19.975316+00:00
[2025-08-18T18:00:20.014+0000] {processor.py:179} INFO - Processing /home/airflow/.local/lib/python3.8/site-packages/airflow/example_dags/example_dynamic_task_mapping_with_no_taskflow_operators.py took 0.138 seconds
[2025-08-18T18:00:51.560+0000] {processor.py:157} INFO - Started process (PID=390) to work on /home/airflow/.local/lib/python3.8/site-packages/airflow/example_dags/example_dynamic_task_mapping_with_no_taskflow_operators.py
[2025-08-18T18:00:51.566+0000] {processor.py:829} INFO - Processing file /home/airflow/.local/lib/python3.8/site-packages/airflow/example_dags/example_dynamic_task_mapping_with_no_taskflow_operators.py for tasks to queue
[2025-08-18T18:00:51.573+0000] {logging_mixin.py:151} INFO - [2025-08-18T18:00:51.572+0000] {dagbag.py:536} INFO - Filling up the DagBag from /home/airflow/.local/lib/python3.8/site-packages/airflow/example_dags/example_dynamic_task_mapping_with_no_taskflow_operators.py
[2025-08-18T18:00:51.590+0000] {processor.py:839} INFO - DAG(s) dict_keys(['example_dynamic_task_mapping_with_no_taskflow_operators']) retrieved from /home/airflow/.local/lib/python3.8/site-packages/airflow/example_dags/example_dynamic_task_mapping_with_no_taskflow_operators.py
[2025-08-18T18:00:51.668+0000] {logging_mixin.py:151} INFO - [2025-08-18T18:00:51.666+0000] {dag.py:2941} INFO - Sync 1 DAGs
[2025-08-18T18:00:51.787+0000] {logging_mixin.py:151} INFO - [2025-08-18T18:00:51.786+0000] {dag.py:3722} INFO - Setting next_dagrun for example_dynamic_task_mapping_with_no_taskflow_operators to 2025-08-17T18:00:51.785852+00:00, run_after=2025-08-18T18:00:51.785852+00:00
[2025-08-18T18:00:51.916+0000] {processor.py:179} INFO - Processing /home/airflow/.local/lib/python3.8/site-packages/airflow/example_dags/example_dynamic_task_mapping_with_no_taskflow_operators.py took 0.372 seconds
[2025-08-18T18:01:22.083+0000] {processor.py:157} INFO - Started process (PID=444) to work on /home/airflow/.local/lib/python3.8/site-packages/airflow/example_dags/example_dynamic_task_mapping_with_no_taskflow_operators.py
[2025-08-18T18:01:22.085+0000] {processor.py:829} INFO - Processing file /home/airflow/.local/lib/python3.8/site-packages/airflow/example_dags/example_dynamic_task_mapping_with_no_taskflow_operators.py for tasks to queue
[2025-08-18T18:01:22.089+0000] {logging_mixin.py:151} INFO - [2025-08-18T18:01:22.088+0000] {dagbag.py:536} INFO - Filling up the DagBag from /home/airflow/.local/lib/python3.8/site-packages/airflow/example_dags/example_dynamic_task_mapping_with_no_taskflow_operators.py
[2025-08-18T18:01:22.101+0000] {processor.py:839} INFO - DAG(s) dict_keys(['example_dynamic_task_mapping_with_no_taskflow_operators']) retrieved from /home/airflow/.local/lib/python3.8/site-packages/airflow/example_dags/example_dynamic_task_mapping_with_no_taskflow_operators.py
[2025-08-18T18:01:22.140+0000] {logging_mixin.py:151} INFO - [2025-08-18T18:01:22.140+0000] {dag.py:2941} INFO - Sync 1 DAGs
[2025-08-18T18:01:22.178+0000] {logging_mixin.py:151} INFO - [2025-08-18T18:01:22.178+0000] {dag.py:3722} INFO - Setting next_dagrun for example_dynamic_task_mapping_with_no_taskflow_operators to 2025-08-17T18:01:22.177760+00:00, run_after=2025-08-18T18:01:22.177760+00:00
[2025-08-18T18:01:22.213+0000] {processor.py:179} INFO - Processing /home/airflow/.local/lib/python3.8/site-packages/airflow/example_dags/example_dynamic_task_mapping_with_no_taskflow_operators.py took 0.135 seconds
[2025-08-18T18:01:52.362+0000] {processor.py:157} INFO - Started process (PID=498) to work on /home/airflow/.local/lib/python3.8/site-packages/airflow/example_dags/example_dynamic_task_mapping_with_no_taskflow_operators.py
[2025-08-18T18:01:52.364+0000] {processor.py:829} INFO - Processing file /home/airflow/.local/lib/python3.8/site-packages/airflow/example_dags/example_dynamic_task_mapping_with_no_taskflow_operators.py for tasks to queue
[2025-08-18T18:01:52.368+0000] {logging_mixin.py:151} INFO - [2025-08-18T18:01:52.367+0000] {dagbag.py:536} INFO - Filling up the DagBag from /home/airflow/.local/lib/python3.8/site-packages/airflow/example_dags/example_dynamic_task_mapping_with_no_taskflow_operators.py
[2025-08-18T18:01:52.385+0000] {processor.py:839} INFO - DAG(s) dict_keys(['example_dynamic_task_mapping_with_no_taskflow_operators']) retrieved from /home/airflow/.local/lib/python3.8/site-packages/airflow/example_dags/example_dynamic_task_mapping_with_no_taskflow_operators.py
[2025-08-18T18:01:52.427+0000] {logging_mixin.py:151} INFO - [2025-08-18T18:01:52.427+0000] {dag.py:2941} INFO - Sync 1 DAGs
[2025-08-18T18:01:52.476+0000] {logging_mixin.py:151} INFO - [2025-08-18T18:01:52.475+0000] {dag.py:3722} INFO - Setting next_dagrun for example_dynamic_task_mapping_with_no_taskflow_operators to 2025-08-17T18:01:52.475482+00:00, run_after=2025-08-18T18:01:52.475482+00:00
[2025-08-18T18:01:52.529+0000] {processor.py:179} INFO - Processing /home/airflow/.local/lib/python3.8/site-packages/airflow/example_dags/example_dynamic_task_mapping_with_no_taskflow_operators.py took 0.176 seconds
[2025-08-18T18:02:23.427+0000] {processor.py:157} INFO - Started process (PID=552) to work on /home/airflow/.local/lib/python3.8/site-packages/airflow/example_dags/example_dynamic_task_mapping_with_no_taskflow_operators.py
[2025-08-18T18:02:23.430+0000] {processor.py:829} INFO - Processing file /home/airflow/.local/lib/python3.8/site-packages/airflow/example_dags/example_dynamic_task_mapping_with_no_taskflow_operators.py for tasks to queue
[2025-08-18T18:02:23.434+0000] {logging_mixin.py:151} INFO - [2025-08-18T18:02:23.434+0000] {dagbag.py:536} INFO - Filling up the DagBag from /home/airflow/.local/lib/python3.8/site-packages/airflow/example_dags/example_dynamic_task_mapping_with_no_taskflow_operators.py
[2025-08-18T18:02:23.450+0000] {processor.py:839} INFO - DAG(s) dict_keys(['example_dynamic_task_mapping_with_no_taskflow_operators']) retrieved from /home/airflow/.local/lib/python3.8/site-packages/airflow/example_dags/example_dynamic_task_mapping_with_no_taskflow_operators.py
[2025-08-18T18:02:23.508+0000] {logging_mixin.py:151} INFO - [2025-08-18T18:02:23.508+0000] {dag.py:2941} INFO - Sync 1 DAGs
[2025-08-18T18:02:23.557+0000] {logging_mixin.py:151} INFO - [2025-08-18T18:02:23.557+0000] {dag.py:3722} INFO - Setting next_dagrun for example_dynamic_task_mapping_with_no_taskflow_operators to 2025-08-17T18:02:23.556899+00:00, run_after=2025-08-18T18:02:23.556899+00:00
[2025-08-18T18:02:23.621+0000] {processor.py:179} INFO - Processing /home/airflow/.local/lib/python3.8/site-packages/airflow/example_dags/example_dynamic_task_mapping_with_no_taskflow_operators.py took 0.205 seconds
[2025-08-18T18:02:54.186+0000] {processor.py:157} INFO - Started process (PID=606) to work on /home/airflow/.local/lib/python3.8/site-packages/airflow/example_dags/example_dynamic_task_mapping_with_no_taskflow_operators.py
[2025-08-18T18:02:54.188+0000] {processor.py:829} INFO - Processing file /home/airflow/.local/lib/python3.8/site-packages/airflow/example_dags/example_dynamic_task_mapping_with_no_taskflow_operators.py for tasks to queue
[2025-08-18T18:02:54.193+0000] {logging_mixin.py:151} INFO - [2025-08-18T18:02:54.192+0000] {dagbag.py:536} INFO - Filling up the DagBag from /home/airflow/.local/lib/python3.8/site-packages/airflow/example_dags/example_dynamic_task_mapping_with_no_taskflow_operators.py
[2025-08-18T18:02:54.205+0000] {processor.py:839} INFO - DAG(s) dict_keys(['example_dynamic_task_mapping_with_no_taskflow_operators']) retrieved from /home/airflow/.local/lib/python3.8/site-packages/airflow/example_dags/example_dynamic_task_mapping_with_no_taskflow_operators.py
[2025-08-18T18:02:54.248+0000] {logging_mixin.py:151} INFO - [2025-08-18T18:02:54.247+0000] {dag.py:2941} INFO - Sync 1 DAGs
[2025-08-18T18:02:54.290+0000] {logging_mixin.py:151} INFO - [2025-08-18T18:02:54.289+0000] {dag.py:3722} INFO - Setting next_dagrun for example_dynamic_task_mapping_with_no_taskflow_operators to 2025-08-17T18:02:54.289410+00:00, run_after=2025-08-18T18:02:54.289410+00:00
[2025-08-18T18:02:54.325+0000] {processor.py:179} INFO - Processing /home/airflow/.local/lib/python3.8/site-packages/airflow/example_dags/example_dynamic_task_mapping_with_no_taskflow_operators.py took 0.146 seconds
[2025-08-18T18:03:25.189+0000] {processor.py:157} INFO - Started process (PID=661) to work on /home/airflow/.local/lib/python3.8/site-packages/airflow/example_dags/example_dynamic_task_mapping_with_no_taskflow_operators.py
[2025-08-18T18:03:25.191+0000] {processor.py:829} INFO - Processing file /home/airflow/.local/lib/python3.8/site-packages/airflow/example_dags/example_dynamic_task_mapping_with_no_taskflow_operators.py for tasks to queue
[2025-08-18T18:03:25.196+0000] {logging_mixin.py:151} INFO - [2025-08-18T18:03:25.195+0000] {dagbag.py:536} INFO - Filling up the DagBag from /home/airflow/.local/lib/python3.8/site-packages/airflow/example_dags/example_dynamic_task_mapping_with_no_taskflow_operators.py
[2025-08-18T18:03:25.216+0000] {processor.py:839} INFO - DAG(s) dict_keys(['example_dynamic_task_mapping_with_no_taskflow_operators']) retrieved from /home/airflow/.local/lib/python3.8/site-packages/airflow/example_dags/example_dynamic_task_mapping_with_no_taskflow_operators.py
[2025-08-18T18:03:25.281+0000] {logging_mixin.py:151} INFO - [2025-08-18T18:03:25.281+0000] {dag.py:2941} INFO - Sync 1 DAGs
[2025-08-18T18:03:25.339+0000] {logging_mixin.py:151} INFO - [2025-08-18T18:03:25.339+0000] {dag.py:3722} INFO - Setting next_dagrun for example_dynamic_task_mapping_with_no_taskflow_operators to 2025-08-17T18:03:25.338789+00:00, run_after=2025-08-18T18:03:25.338789+00:00
[2025-08-18T18:03:25.382+0000] {processor.py:179} INFO - Processing /home/airflow/.local/lib/python3.8/site-packages/airflow/example_dags/example_dynamic_task_mapping_with_no_taskflow_operators.py took 0.201 seconds
[2025-08-18T18:03:56.160+0000] {processor.py:157} INFO - Started process (PID=715) to work on /home/airflow/.local/lib/python3.8/site-packages/airflow/example_dags/example_dynamic_task_mapping_with_no_taskflow_operators.py
[2025-08-18T18:03:56.161+0000] {processor.py:829} INFO - Processing file /home/airflow/.local/lib/python3.8/site-packages/airflow/example_dags/example_dynamic_task_mapping_with_no_taskflow_operators.py for tasks to queue
[2025-08-18T18:03:56.173+0000] {logging_mixin.py:151} INFO - [2025-08-18T18:03:56.173+0000] {dagbag.py:536} INFO - Filling up the DagBag from /home/airflow/.local/lib/python3.8/site-packages/airflow/example_dags/example_dynamic_task_mapping_with_no_taskflow_operators.py
[2025-08-18T18:03:56.193+0000] {processor.py:839} INFO - DAG(s) dict_keys(['example_dynamic_task_mapping_with_no_taskflow_operators']) retrieved from /home/airflow/.local/lib/python3.8/site-packages/airflow/example_dags/example_dynamic_task_mapping_with_no_taskflow_operators.py
[2025-08-18T18:03:56.255+0000] {logging_mixin.py:151} INFO - [2025-08-18T18:03:56.255+0000] {dag.py:2941} INFO - Sync 1 DAGs
[2025-08-18T18:03:56.368+0000] {logging_mixin.py:151} INFO - [2025-08-18T18:03:56.368+0000] {dag.py:3722} INFO - Setting next_dagrun for example_dynamic_task_mapping_with_no_taskflow_operators to 2025-08-17T18:03:56.367155+00:00, run_after=2025-08-18T18:03:56.367155+00:00
[2025-08-18T18:03:56.412+0000] {processor.py:179} INFO - Processing /home/airflow/.local/lib/python3.8/site-packages/airflow/example_dags/example_dynamic_task_mapping_with_no_taskflow_operators.py took 0.258 seconds
[2025-08-18T18:04:26.461+0000] {processor.py:157} INFO - Started process (PID=768) to work on /home/airflow/.local/lib/python3.8/site-packages/airflow/example_dags/example_dynamic_task_mapping_with_no_taskflow_operators.py
[2025-08-18T18:04:26.462+0000] {processor.py:829} INFO - Processing file /home/airflow/.local/lib/python3.8/site-packages/airflow/example_dags/example_dynamic_task_mapping_with_no_taskflow_operators.py for tasks to queue
[2025-08-18T18:04:26.466+0000] {logging_mixin.py:151} INFO - [2025-08-18T18:04:26.465+0000] {dagbag.py:536} INFO - Filling up the DagBag from /home/airflow/.local/lib/python3.8/site-packages/airflow/example_dags/example_dynamic_task_mapping_with_no_taskflow_operators.py
[2025-08-18T18:04:26.477+0000] {processor.py:839} INFO - DAG(s) dict_keys(['example_dynamic_task_mapping_with_no_taskflow_operators']) retrieved from /home/airflow/.local/lib/python3.8/site-packages/airflow/example_dags/example_dynamic_task_mapping_with_no_taskflow_operators.py
[2025-08-18T18:04:26.514+0000] {logging_mixin.py:151} INFO - [2025-08-18T18:04:26.513+0000] {dag.py:2941} INFO - Sync 1 DAGs
[2025-08-18T18:04:26.554+0000] {logging_mixin.py:151} INFO - [2025-08-18T18:04:26.553+0000] {dag.py:3722} INFO - Setting next_dagrun for example_dynamic_task_mapping_with_no_taskflow_operators to 2025-08-17T18:04:26.553376+00:00, run_after=2025-08-18T18:04:26.553376+00:00
[2025-08-18T18:04:26.586+0000] {processor.py:179} INFO - Processing /home/airflow/.local/lib/python3.8/site-packages/airflow/example_dags/example_dynamic_task_mapping_with_no_taskflow_operators.py took 0.133 seconds
[2025-08-18T18:04:57.501+0000] {processor.py:157} INFO - Started process (PID=823) to work on /home/airflow/.local/lib/python3.8/site-packages/airflow/example_dags/example_dynamic_task_mapping_with_no_taskflow_operators.py
[2025-08-18T18:04:57.503+0000] {processor.py:829} INFO - Processing file /home/airflow/.local/lib/python3.8/site-packages/airflow/example_dags/example_dynamic_task_mapping_with_no_taskflow_operators.py for tasks to queue
[2025-08-18T18:04:57.514+0000] {logging_mixin.py:151} INFO - [2025-08-18T18:04:57.511+0000] {dagbag.py:536} INFO - Filling up the DagBag from /home/airflow/.local/lib/python3.8/site-packages/airflow/example_dags/example_dynamic_task_mapping_with_no_taskflow_operators.py
[2025-08-18T18:04:57.535+0000] {processor.py:839} INFO - DAG(s) dict_keys(['example_dynamic_task_mapping_with_no_taskflow_operators']) retrieved from /home/airflow/.local/lib/python3.8/site-packages/airflow/example_dags/example_dynamic_task_mapping_with_no_taskflow_operators.py
[2025-08-18T18:04:57.596+0000] {logging_mixin.py:151} INFO - [2025-08-18T18:04:57.596+0000] {dag.py:2941} INFO - Sync 1 DAGs
[2025-08-18T18:04:57.662+0000] {logging_mixin.py:151} INFO - [2025-08-18T18:04:57.661+0000] {dag.py:3722} INFO - Setting next_dagrun for example_dynamic_task_mapping_with_no_taskflow_operators to 2025-08-17T18:04:57.661251+00:00, run_after=2025-08-18T18:04:57.661251+00:00
[2025-08-18T18:04:57.705+0000] {processor.py:179} INFO - Processing /home/airflow/.local/lib/python3.8/site-packages/airflow/example_dags/example_dynamic_task_mapping_with_no_taskflow_operators.py took 0.215 seconds
