[2025-08-18T17:56:46.309+0000] {processor.py:157} INFO - Started process (PID=122) to work on /home/airflow/.local/lib/python3.8/site-packages/airflow/example_dags/example_task_group_decorator.py
[2025-08-18T17:56:46.357+0000] {processor.py:829} INFO - Processing file /home/airflow/.local/lib/python3.8/site-packages/airflow/example_dags/example_task_group_decorator.py for tasks to queue
[2025-08-18T17:56:46.470+0000] {logging_mixin.py:151} INFO - [2025-08-18T17:56:46.466+0000] {dagbag.py:536} INFO - Filling up the DagBag from /home/airflow/.local/lib/python3.8/site-packages/airflow/example_dags/example_task_group_decorator.py
[2025-08-18T17:56:46.672+0000] {processor.py:839} INFO - DAG(s) dict_keys(['example_task_group_decorator']) retrieved from /home/airflow/.local/lib/python3.8/site-packages/airflow/example_dags/example_task_group_decorator.py
[2025-08-18T17:56:47.030+0000] {logging_mixin.py:151} INFO - [2025-08-18T17:56:47.029+0000] {dag.py:2941} INFO - Sync 1 DAGs
[2025-08-18T17:56:47.525+0000] {logging_mixin.py:151} INFO - [2025-08-18T17:56:47.524+0000] {dag.py:3722} INFO - Setting next_dagrun for example_task_group_decorator to 2025-08-17T17:56:47.500152+00:00, run_after=2025-08-18T17:56:47.500152+00:00
[2025-08-18T17:56:47.682+0000] {processor.py:179} INFO - Processing /home/airflow/.local/lib/python3.8/site-packages/airflow/example_dags/example_task_group_decorator.py took 1.470 seconds
[2025-08-18T17:58:11.756+0000] {processor.py:157} INFO - Started process (PID=115) to work on /home/airflow/.local/lib/python3.8/site-packages/airflow/example_dags/example_task_group_decorator.py
[2025-08-18T17:58:11.765+0000] {processor.py:829} INFO - Processing file /home/airflow/.local/lib/python3.8/site-packages/airflow/example_dags/example_task_group_decorator.py for tasks to queue
[2025-08-18T17:58:11.843+0000] {logging_mixin.py:151} INFO - [2025-08-18T17:58:11.840+0000] {dagbag.py:536} INFO - Filling up the DagBag from /home/airflow/.local/lib/python3.8/site-packages/airflow/example_dags/example_task_group_decorator.py
[2025-08-18T17:58:12.797+0000] {processor.py:839} INFO - DAG(s) dict_keys(['example_task_group_decorator']) retrieved from /home/airflow/.local/lib/python3.8/site-packages/airflow/example_dags/example_task_group_decorator.py
[2025-08-18T17:58:12.927+0000] {logging_mixin.py:151} INFO - [2025-08-18T17:58:12.926+0000] {dag.py:2941} INFO - Sync 1 DAGs
[2025-08-18T17:58:13.238+0000] {logging_mixin.py:151} INFO - [2025-08-18T17:58:13.237+0000] {dag.py:3722} INFO - Setting next_dagrun for example_task_group_decorator to 2025-08-17T17:58:13.234553+00:00, run_after=2025-08-18T17:58:13.234553+00:00
[2025-08-18T17:58:13.487+0000] {processor.py:179} INFO - Processing /home/airflow/.local/lib/python3.8/site-packages/airflow/example_dags/example_task_group_decorator.py took 1.017 seconds
[2025-08-18T17:58:43.796+0000] {processor.py:157} INFO - Started process (PID=169) to work on /home/airflow/.local/lib/python3.8/site-packages/airflow/example_dags/example_task_group_decorator.py
[2025-08-18T17:58:43.798+0000] {processor.py:829} INFO - Processing file /home/airflow/.local/lib/python3.8/site-packages/airflow/example_dags/example_task_group_decorator.py for tasks to queue
[2025-08-18T17:58:43.803+0000] {logging_mixin.py:151} INFO - [2025-08-18T17:58:43.803+0000] {dagbag.py:536} INFO - Filling up the DagBag from /home/airflow/.local/lib/python3.8/site-packages/airflow/example_dags/example_task_group_decorator.py
[2025-08-18T17:58:43.822+0000] {processor.py:839} INFO - DAG(s) dict_keys(['example_task_group_decorator']) retrieved from /home/airflow/.local/lib/python3.8/site-packages/airflow/example_dags/example_task_group_decorator.py
[2025-08-18T17:58:43.866+0000] {logging_mixin.py:151} INFO - [2025-08-18T17:58:43.866+0000] {dag.py:2941} INFO - Sync 1 DAGs
[2025-08-18T17:58:43.914+0000] {logging_mixin.py:151} INFO - [2025-08-18T17:58:43.913+0000] {dag.py:3722} INFO - Setting next_dagrun for example_task_group_decorator to 2025-08-17T17:58:43.913332+00:00, run_after=2025-08-18T17:58:43.913332+00:00
[2025-08-18T17:58:43.956+0000] {processor.py:179} INFO - Processing /home/airflow/.local/lib/python3.8/site-packages/airflow/example_dags/example_task_group_decorator.py took 0.165 seconds
[2025-08-18T17:59:17.113+0000] {processor.py:157} INFO - Started process (PID=223) to work on /home/airflow/.local/lib/python3.8/site-packages/airflow/example_dags/example_task_group_decorator.py
[2025-08-18T17:59:17.117+0000] {processor.py:829} INFO - Processing file /home/airflow/.local/lib/python3.8/site-packages/airflow/example_dags/example_task_group_decorator.py for tasks to queue
[2025-08-18T17:59:17.125+0000] {logging_mixin.py:151} INFO - [2025-08-18T17:59:17.122+0000] {dagbag.py:536} INFO - Filling up the DagBag from /home/airflow/.local/lib/python3.8/site-packages/airflow/example_dags/example_task_group_decorator.py
[2025-08-18T17:59:17.198+0000] {processor.py:839} INFO - DAG(s) dict_keys(['example_task_group_decorator']) retrieved from /home/airflow/.local/lib/python3.8/site-packages/airflow/example_dags/example_task_group_decorator.py
[2025-08-18T17:59:17.344+0000] {logging_mixin.py:151} INFO - [2025-08-18T17:59:17.344+0000] {dag.py:2941} INFO - Sync 1 DAGs
[2025-08-18T17:59:17.468+0000] {logging_mixin.py:151} INFO - [2025-08-18T17:59:17.458+0000] {dag.py:3722} INFO - Setting next_dagrun for example_task_group_decorator to 2025-08-17T17:59:17.457794+00:00, run_after=2025-08-18T17:59:17.457794+00:00
[2025-08-18T17:59:17.602+0000] {processor.py:179} INFO - Processing /home/airflow/.local/lib/python3.8/site-packages/airflow/example_dags/example_task_group_decorator.py took 0.505 seconds
[2025-08-18T17:59:47.702+0000] {processor.py:157} INFO - Started process (PID=277) to work on /home/airflow/.local/lib/python3.8/site-packages/airflow/example_dags/example_task_group_decorator.py
[2025-08-18T17:59:47.705+0000] {processor.py:829} INFO - Processing file /home/airflow/.local/lib/python3.8/site-packages/airflow/example_dags/example_task_group_decorator.py for tasks to queue
[2025-08-18T17:59:47.712+0000] {logging_mixin.py:151} INFO - [2025-08-18T17:59:47.711+0000] {dagbag.py:536} INFO - Filling up the DagBag from /home/airflow/.local/lib/python3.8/site-packages/airflow/example_dags/example_task_group_decorator.py
[2025-08-18T17:59:47.751+0000] {processor.py:839} INFO - DAG(s) dict_keys(['example_task_group_decorator']) retrieved from /home/airflow/.local/lib/python3.8/site-packages/airflow/example_dags/example_task_group_decorator.py
[2025-08-18T17:59:47.825+0000] {logging_mixin.py:151} INFO - [2025-08-18T17:59:47.823+0000] {dag.py:2941} INFO - Sync 1 DAGs
[2025-08-18T17:59:47.889+0000] {logging_mixin.py:151} INFO - [2025-08-18T17:59:47.889+0000] {dag.py:3722} INFO - Setting next_dagrun for example_task_group_decorator to 2025-08-17T17:59:47.889046+00:00, run_after=2025-08-18T17:59:47.889046+00:00
[2025-08-18T17:59:47.938+0000] {processor.py:179} INFO - Processing /home/airflow/.local/lib/python3.8/site-packages/airflow/example_dags/example_task_group_decorator.py took 0.244 seconds
[2025-08-18T18:00:18.410+0000] {processor.py:157} INFO - Started process (PID=331) to work on /home/airflow/.local/lib/python3.8/site-packages/airflow/example_dags/example_task_group_decorator.py
[2025-08-18T18:00:18.412+0000] {processor.py:829} INFO - Processing file /home/airflow/.local/lib/python3.8/site-packages/airflow/example_dags/example_task_group_decorator.py for tasks to queue
[2025-08-18T18:00:18.416+0000] {logging_mixin.py:151} INFO - [2025-08-18T18:00:18.415+0000] {dagbag.py:536} INFO - Filling up the DagBag from /home/airflow/.local/lib/python3.8/site-packages/airflow/example_dags/example_task_group_decorator.py
[2025-08-18T18:00:18.442+0000] {processor.py:839} INFO - DAG(s) dict_keys(['example_task_group_decorator']) retrieved from /home/airflow/.local/lib/python3.8/site-packages/airflow/example_dags/example_task_group_decorator.py
[2025-08-18T18:00:18.489+0000] {logging_mixin.py:151} INFO - [2025-08-18T18:00:18.486+0000] {dag.py:2941} INFO - Sync 1 DAGs
[2025-08-18T18:00:18.526+0000] {logging_mixin.py:151} INFO - [2025-08-18T18:00:18.526+0000] {dag.py:3722} INFO - Setting next_dagrun for example_task_group_decorator to 2025-08-17T18:00:18.525767+00:00, run_after=2025-08-18T18:00:18.525767+00:00
[2025-08-18T18:00:18.561+0000] {processor.py:179} INFO - Processing /home/airflow/.local/lib/python3.8/site-packages/airflow/example_dags/example_task_group_decorator.py took 0.158 seconds
[2025-08-18T18:00:50.468+0000] {processor.py:157} INFO - Started process (PID=385) to work on /home/airflow/.local/lib/python3.8/site-packages/airflow/example_dags/example_task_group_decorator.py
[2025-08-18T18:00:50.510+0000] {processor.py:829} INFO - Processing file /home/airflow/.local/lib/python3.8/site-packages/airflow/example_dags/example_task_group_decorator.py for tasks to queue
[2025-08-18T18:00:50.519+0000] {logging_mixin.py:151} INFO - [2025-08-18T18:00:50.519+0000] {dagbag.py:536} INFO - Filling up the DagBag from /home/airflow/.local/lib/python3.8/site-packages/airflow/example_dags/example_task_group_decorator.py
[2025-08-18T18:00:50.551+0000] {processor.py:839} INFO - DAG(s) dict_keys(['example_task_group_decorator']) retrieved from /home/airflow/.local/lib/python3.8/site-packages/airflow/example_dags/example_task_group_decorator.py
[2025-08-18T18:00:50.634+0000] {logging_mixin.py:151} INFO - [2025-08-18T18:00:50.632+0000] {dag.py:2941} INFO - Sync 1 DAGs
[2025-08-18T18:00:50.722+0000] {logging_mixin.py:151} INFO - [2025-08-18T18:00:50.718+0000] {dag.py:3722} INFO - Setting next_dagrun for example_task_group_decorator to 2025-08-17T18:00:50.714321+00:00, run_after=2025-08-18T18:00:50.714321+00:00
[2025-08-18T18:00:50.802+0000] {processor.py:179} INFO - Processing /home/airflow/.local/lib/python3.8/site-packages/airflow/example_dags/example_task_group_decorator.py took 0.340 seconds
[2025-08-18T18:01:21.459+0000] {processor.py:157} INFO - Started process (PID=439) to work on /home/airflow/.local/lib/python3.8/site-packages/airflow/example_dags/example_task_group_decorator.py
[2025-08-18T18:01:21.461+0000] {processor.py:829} INFO - Processing file /home/airflow/.local/lib/python3.8/site-packages/airflow/example_dags/example_task_group_decorator.py for tasks to queue
[2025-08-18T18:01:21.465+0000] {logging_mixin.py:151} INFO - [2025-08-18T18:01:21.465+0000] {dagbag.py:536} INFO - Filling up the DagBag from /home/airflow/.local/lib/python3.8/site-packages/airflow/example_dags/example_task_group_decorator.py
[2025-08-18T18:01:21.492+0000] {processor.py:839} INFO - DAG(s) dict_keys(['example_task_group_decorator']) retrieved from /home/airflow/.local/lib/python3.8/site-packages/airflow/example_dags/example_task_group_decorator.py
[2025-08-18T18:01:21.536+0000] {logging_mixin.py:151} INFO - [2025-08-18T18:01:21.536+0000] {dag.py:2941} INFO - Sync 1 DAGs
[2025-08-18T18:01:21.580+0000] {logging_mixin.py:151} INFO - [2025-08-18T18:01:21.580+0000] {dag.py:3722} INFO - Setting next_dagrun for example_task_group_decorator to 2025-08-17T18:01:21.579792+00:00, run_after=2025-08-18T18:01:21.579792+00:00
[2025-08-18T18:01:21.625+0000] {processor.py:179} INFO - Processing /home/airflow/.local/lib/python3.8/site-packages/airflow/example_dags/example_task_group_decorator.py took 0.172 seconds
[2025-08-18T18:01:51.762+0000] {processor.py:157} INFO - Started process (PID=493) to work on /home/airflow/.local/lib/python3.8/site-packages/airflow/example_dags/example_task_group_decorator.py
[2025-08-18T18:01:51.764+0000] {processor.py:829} INFO - Processing file /home/airflow/.local/lib/python3.8/site-packages/airflow/example_dags/example_task_group_decorator.py for tasks to queue
[2025-08-18T18:01:51.769+0000] {logging_mixin.py:151} INFO - [2025-08-18T18:01:51.768+0000] {dagbag.py:536} INFO - Filling up the DagBag from /home/airflow/.local/lib/python3.8/site-packages/airflow/example_dags/example_task_group_decorator.py
[2025-08-18T18:01:51.807+0000] {processor.py:839} INFO - DAG(s) dict_keys(['example_task_group_decorator']) retrieved from /home/airflow/.local/lib/python3.8/site-packages/airflow/example_dags/example_task_group_decorator.py
[2025-08-18T18:01:51.848+0000] {logging_mixin.py:151} INFO - [2025-08-18T18:01:51.848+0000] {dag.py:2941} INFO - Sync 1 DAGs
[2025-08-18T18:01:51.886+0000] {logging_mixin.py:151} INFO - [2025-08-18T18:01:51.886+0000] {dag.py:3722} INFO - Setting next_dagrun for example_task_group_decorator to 2025-08-17T18:01:51.885898+00:00, run_after=2025-08-18T18:01:51.885898+00:00
[2025-08-18T18:01:51.924+0000] {processor.py:179} INFO - Processing /home/airflow/.local/lib/python3.8/site-packages/airflow/example_dags/example_task_group_decorator.py took 0.172 seconds
[2025-08-18T18:02:22.623+0000] {processor.py:157} INFO - Started process (PID=547) to work on /home/airflow/.local/lib/python3.8/site-packages/airflow/example_dags/example_task_group_decorator.py
[2025-08-18T18:02:22.627+0000] {processor.py:829} INFO - Processing file /home/airflow/.local/lib/python3.8/site-packages/airflow/example_dags/example_task_group_decorator.py for tasks to queue
[2025-08-18T18:02:22.635+0000] {logging_mixin.py:151} INFO - [2025-08-18T18:02:22.634+0000] {dagbag.py:536} INFO - Filling up the DagBag from /home/airflow/.local/lib/python3.8/site-packages/airflow/example_dags/example_task_group_decorator.py
[2025-08-18T18:02:22.672+0000] {processor.py:839} INFO - DAG(s) dict_keys(['example_task_group_decorator']) retrieved from /home/airflow/.local/lib/python3.8/site-packages/airflow/example_dags/example_task_group_decorator.py
[2025-08-18T18:02:22.740+0000] {logging_mixin.py:151} INFO - [2025-08-18T18:02:22.740+0000] {dag.py:2941} INFO - Sync 1 DAGs
[2025-08-18T18:02:22.794+0000] {logging_mixin.py:151} INFO - [2025-08-18T18:02:22.794+0000] {dag.py:3722} INFO - Setting next_dagrun for example_task_group_decorator to 2025-08-17T18:02:22.793764+00:00, run_after=2025-08-18T18:02:22.793764+00:00
[2025-08-18T18:02:22.852+0000] {processor.py:179} INFO - Processing /home/airflow/.local/lib/python3.8/site-packages/airflow/example_dags/example_task_group_decorator.py took 0.239 seconds
[2025-08-18T18:02:53.537+0000] {processor.py:157} INFO - Started process (PID=601) to work on /home/airflow/.local/lib/python3.8/site-packages/airflow/example_dags/example_task_group_decorator.py
[2025-08-18T18:02:53.540+0000] {processor.py:829} INFO - Processing file /home/airflow/.local/lib/python3.8/site-packages/airflow/example_dags/example_task_group_decorator.py for tasks to queue
[2025-08-18T18:02:53.544+0000] {logging_mixin.py:151} INFO - [2025-08-18T18:02:53.544+0000] {dagbag.py:536} INFO - Filling up the DagBag from /home/airflow/.local/lib/python3.8/site-packages/airflow/example_dags/example_task_group_decorator.py
[2025-08-18T18:02:53.571+0000] {processor.py:839} INFO - DAG(s) dict_keys(['example_task_group_decorator']) retrieved from /home/airflow/.local/lib/python3.8/site-packages/airflow/example_dags/example_task_group_decorator.py
[2025-08-18T18:02:53.616+0000] {logging_mixin.py:151} INFO - [2025-08-18T18:02:53.616+0000] {dag.py:2941} INFO - Sync 1 DAGs
[2025-08-18T18:02:53.667+0000] {logging_mixin.py:151} INFO - [2025-08-18T18:02:53.666+0000] {dag.py:3722} INFO - Setting next_dagrun for example_task_group_decorator to 2025-08-17T18:02:53.666377+00:00, run_after=2025-08-18T18:02:53.666377+00:00
[2025-08-18T18:02:53.712+0000] {processor.py:179} INFO - Processing /home/airflow/.local/lib/python3.8/site-packages/airflow/example_dags/example_task_group_decorator.py took 0.187 seconds
[2025-08-18T18:03:24.618+0000] {processor.py:157} INFO - Started process (PID=656) to work on /home/airflow/.local/lib/python3.8/site-packages/airflow/example_dags/example_task_group_decorator.py
[2025-08-18T18:03:24.620+0000] {processor.py:829} INFO - Processing file /home/airflow/.local/lib/python3.8/site-packages/airflow/example_dags/example_task_group_decorator.py for tasks to queue
[2025-08-18T18:03:24.624+0000] {logging_mixin.py:151} INFO - [2025-08-18T18:03:24.624+0000] {dagbag.py:536} INFO - Filling up the DagBag from /home/airflow/.local/lib/python3.8/site-packages/airflow/example_dags/example_task_group_decorator.py
[2025-08-18T18:03:24.649+0000] {processor.py:839} INFO - DAG(s) dict_keys(['example_task_group_decorator']) retrieved from /home/airflow/.local/lib/python3.8/site-packages/airflow/example_dags/example_task_group_decorator.py
[2025-08-18T18:03:24.697+0000] {logging_mixin.py:151} INFO - [2025-08-18T18:03:24.697+0000] {dag.py:2941} INFO - Sync 1 DAGs
[2025-08-18T18:03:24.739+0000] {logging_mixin.py:151} INFO - [2025-08-18T18:03:24.738+0000] {dag.py:3722} INFO - Setting next_dagrun for example_task_group_decorator to 2025-08-17T18:03:24.738573+00:00, run_after=2025-08-18T18:03:24.738573+00:00
[2025-08-18T18:03:24.780+0000] {processor.py:179} INFO - Processing /home/airflow/.local/lib/python3.8/site-packages/airflow/example_dags/example_task_group_decorator.py took 0.171 seconds
[2025-08-18T18:03:55.562+0000] {processor.py:157} INFO - Started process (PID=710) to work on /home/airflow/.local/lib/python3.8/site-packages/airflow/example_dags/example_task_group_decorator.py
[2025-08-18T18:03:55.564+0000] {processor.py:829} INFO - Processing file /home/airflow/.local/lib/python3.8/site-packages/airflow/example_dags/example_task_group_decorator.py for tasks to queue
[2025-08-18T18:03:55.568+0000] {logging_mixin.py:151} INFO - [2025-08-18T18:03:55.567+0000] {dagbag.py:536} INFO - Filling up the DagBag from /home/airflow/.local/lib/python3.8/site-packages/airflow/example_dags/example_task_group_decorator.py
[2025-08-18T18:03:55.591+0000] {processor.py:839} INFO - DAG(s) dict_keys(['example_task_group_decorator']) retrieved from /home/airflow/.local/lib/python3.8/site-packages/airflow/example_dags/example_task_group_decorator.py
[2025-08-18T18:03:55.639+0000] {logging_mixin.py:151} INFO - [2025-08-18T18:03:55.639+0000] {dag.py:2941} INFO - Sync 1 DAGs
[2025-08-18T18:03:55.682+0000] {logging_mixin.py:151} INFO - [2025-08-18T18:03:55.682+0000] {dag.py:3722} INFO - Setting next_dagrun for example_task_group_decorator to 2025-08-17T18:03:55.681840+00:00, run_after=2025-08-18T18:03:55.681840+00:00
[2025-08-18T18:03:55.724+0000] {processor.py:179} INFO - Processing /home/airflow/.local/lib/python3.8/site-packages/airflow/example_dags/example_task_group_decorator.py took 0.171 seconds
[2025-08-18T18:04:26.130+0000] {processor.py:157} INFO - Started process (PID=764) to work on /home/airflow/.local/lib/python3.8/site-packages/airflow/example_dags/example_task_group_decorator.py
[2025-08-18T18:04:26.132+0000] {processor.py:829} INFO - Processing file /home/airflow/.local/lib/python3.8/site-packages/airflow/example_dags/example_task_group_decorator.py for tasks to queue
[2025-08-18T18:04:26.135+0000] {logging_mixin.py:151} INFO - [2025-08-18T18:04:26.134+0000] {dagbag.py:536} INFO - Filling up the DagBag from /home/airflow/.local/lib/python3.8/site-packages/airflow/example_dags/example_task_group_decorator.py
[2025-08-18T18:04:26.154+0000] {processor.py:839} INFO - DAG(s) dict_keys(['example_task_group_decorator']) retrieved from /home/airflow/.local/lib/python3.8/site-packages/airflow/example_dags/example_task_group_decorator.py
[2025-08-18T18:04:26.194+0000] {logging_mixin.py:151} INFO - [2025-08-18T18:04:26.194+0000] {dag.py:2941} INFO - Sync 1 DAGs
[2025-08-18T18:04:26.227+0000] {logging_mixin.py:151} INFO - [2025-08-18T18:04:26.227+0000] {dag.py:3722} INFO - Setting next_dagrun for example_task_group_decorator to 2025-08-17T18:04:26.226859+00:00, run_after=2025-08-18T18:04:26.226859+00:00
[2025-08-18T18:04:26.261+0000] {processor.py:179} INFO - Processing /home/airflow/.local/lib/python3.8/site-packages/airflow/example_dags/example_task_group_decorator.py took 0.137 seconds
[2025-08-18T18:04:56.747+0000] {processor.py:157} INFO - Started process (PID=818) to work on /home/airflow/.local/lib/python3.8/site-packages/airflow/example_dags/example_task_group_decorator.py
[2025-08-18T18:04:56.749+0000] {processor.py:829} INFO - Processing file /home/airflow/.local/lib/python3.8/site-packages/airflow/example_dags/example_task_group_decorator.py for tasks to queue
[2025-08-18T18:04:56.755+0000] {logging_mixin.py:151} INFO - [2025-08-18T18:04:56.754+0000] {dagbag.py:536} INFO - Filling up the DagBag from /home/airflow/.local/lib/python3.8/site-packages/airflow/example_dags/example_task_group_decorator.py
[2025-08-18T18:04:56.791+0000] {processor.py:839} INFO - DAG(s) dict_keys(['example_task_group_decorator']) retrieved from /home/airflow/.local/lib/python3.8/site-packages/airflow/example_dags/example_task_group_decorator.py
[2025-08-18T18:04:56.866+0000] {logging_mixin.py:151} INFO - [2025-08-18T18:04:56.866+0000] {dag.py:2941} INFO - Sync 1 DAGs
[2025-08-18T18:04:56.936+0000] {logging_mixin.py:151} INFO - [2025-08-18T18:04:56.936+0000] {dag.py:3722} INFO - Setting next_dagrun for example_task_group_decorator to 2025-08-17T18:04:56.935603+00:00, run_after=2025-08-18T18:04:56.935603+00:00
[2025-08-18T18:04:56.982+0000] {processor.py:179} INFO - Processing /home/airflow/.local/lib/python3.8/site-packages/airflow/example_dags/example_task_group_decorator.py took 0.245 seconds
