[2025-08-18T17:56:23.621+0000] {processor.py:157} INFO - Started process (PID=95) to work on /home/airflow/.local/lib/python3.8/site-packages/airflow/example_dags/example_external_task_marker_dag.py
[2025-08-18T17:56:23.672+0000] {processor.py:829} INFO - Processing file /home/airflow/.local/lib/python3.8/site-packages/airflow/example_dags/example_external_task_marker_dag.py for tasks to queue
[2025-08-18T17:56:23.705+0000] {logging_mixin.py:151} INFO - [2025-08-18T17:56:23.704+0000] {dagbag.py:536} INFO - Filling up the DagBag from /home/airflow/.local/lib/python3.8/site-packages/airflow/example_dags/example_external_task_marker_dag.py
[2025-08-18T17:56:24.027+0000] {processor.py:839} INFO - DAG(s) dict_keys(['example_external_task_marker_child', 'example_external_task_marker_parent']) retrieved from /home/airflow/.local/lib/python3.8/site-packages/airflow/example_dags/example_external_task_marker_dag.py
[2025-08-18T17:56:24.152+0000] {logging_mixin.py:151} INFO - [2025-08-18T17:56:24.151+0000] {dag.py:2941} INFO - Sync 2 DAGs
[2025-08-18T17:56:24.267+0000] {logging_mixin.py:151} INFO - [2025-08-18T17:56:24.266+0000] {dag.py:3722} INFO - Setting next_dagrun for example_external_task_marker_child to None, run_after=None
[2025-08-18T17:56:24.284+0000] {logging_mixin.py:151} INFO - [2025-08-18T17:56:24.283+0000] {dag.py:3722} INFO - Setting next_dagrun for example_external_task_marker_parent to None, run_after=None
[2025-08-18T17:56:24.422+0000] {processor.py:179} INFO - Processing /home/airflow/.local/lib/python3.8/site-packages/airflow/example_dags/example_external_task_marker_dag.py took 0.845 seconds
[2025-08-18T17:56:55.897+0000] {processor.py:157} INFO - Started process (PID=149) to work on /home/airflow/.local/lib/python3.8/site-packages/airflow/example_dags/example_external_task_marker_dag.py
[2025-08-18T17:56:55.900+0000] {processor.py:829} INFO - Processing file /home/airflow/.local/lib/python3.8/site-packages/airflow/example_dags/example_external_task_marker_dag.py for tasks to queue
[2025-08-18T17:56:55.904+0000] {logging_mixin.py:151} INFO - [2025-08-18T17:56:55.903+0000] {dagbag.py:536} INFO - Filling up the DagBag from /home/airflow/.local/lib/python3.8/site-packages/airflow/example_dags/example_external_task_marker_dag.py
[2025-08-18T17:56:55.919+0000] {processor.py:839} INFO - DAG(s) dict_keys(['example_external_task_marker_child', 'example_external_task_marker_parent']) retrieved from /home/airflow/.local/lib/python3.8/site-packages/airflow/example_dags/example_external_task_marker_dag.py
[2025-08-18T17:56:56.147+0000] {logging_mixin.py:151} INFO - [2025-08-18T17:56:56.146+0000] {dag.py:2941} INFO - Sync 2 DAGs
[2025-08-18T17:56:56.199+0000] {logging_mixin.py:151} INFO - [2025-08-18T17:56:56.198+0000] {dag.py:3722} INFO - Setting next_dagrun for example_external_task_marker_child to None, run_after=None
[2025-08-18T17:56:56.218+0000] {logging_mixin.py:151} INFO - [2025-08-18T17:56:56.218+0000] {dag.py:3722} INFO - Setting next_dagrun for example_external_task_marker_parent to None, run_after=None
[2025-08-18T17:56:56.397+0000] {processor.py:179} INFO - Processing /home/airflow/.local/lib/python3.8/site-packages/airflow/example_dags/example_external_task_marker_dag.py took 0.508 seconds
[2025-08-18T17:57:56.689+0000] {processor.py:157} INFO - Started process (PID=81) to work on /home/airflow/.local/lib/python3.8/site-packages/airflow/example_dags/example_external_task_marker_dag.py
[2025-08-18T17:57:56.691+0000] {processor.py:829} INFO - Processing file /home/airflow/.local/lib/python3.8/site-packages/airflow/example_dags/example_external_task_marker_dag.py for tasks to queue
[2025-08-18T17:57:56.699+0000] {logging_mixin.py:151} INFO - [2025-08-18T17:57:56.696+0000] {dagbag.py:536} INFO - Filling up the DagBag from /home/airflow/.local/lib/python3.8/site-packages/airflow/example_dags/example_external_task_marker_dag.py
[2025-08-18T17:57:56.744+0000] {processor.py:839} INFO - DAG(s) dict_keys(['example_external_task_marker_parent', 'example_external_task_marker_child']) retrieved from /home/airflow/.local/lib/python3.8/site-packages/airflow/example_dags/example_external_task_marker_dag.py
[2025-08-18T17:57:56.804+0000] {logging_mixin.py:151} INFO - [2025-08-18T17:57:56.803+0000] {dag.py:2941} INFO - Sync 2 DAGs
[2025-08-18T17:57:56.855+0000] {logging_mixin.py:151} INFO - [2025-08-18T17:57:56.854+0000] {dag.py:3722} INFO - Setting next_dagrun for example_external_task_marker_child to None, run_after=None
[2025-08-18T17:57:56.865+0000] {logging_mixin.py:151} INFO - [2025-08-18T17:57:56.864+0000] {dag.py:3722} INFO - Setting next_dagrun for example_external_task_marker_parent to None, run_after=None
[2025-08-18T17:57:56.928+0000] {processor.py:179} INFO - Processing /home/airflow/.local/lib/python3.8/site-packages/airflow/example_dags/example_external_task_marker_dag.py took 0.254 seconds
[2025-08-18T17:58:27.578+0000] {processor.py:157} INFO - Started process (PID=135) to work on /home/airflow/.local/lib/python3.8/site-packages/airflow/example_dags/example_external_task_marker_dag.py
[2025-08-18T17:58:27.580+0000] {processor.py:829} INFO - Processing file /home/airflow/.local/lib/python3.8/site-packages/airflow/example_dags/example_external_task_marker_dag.py for tasks to queue
[2025-08-18T17:58:27.584+0000] {logging_mixin.py:151} INFO - [2025-08-18T17:58:27.584+0000] {dagbag.py:536} INFO - Filling up the DagBag from /home/airflow/.local/lib/python3.8/site-packages/airflow/example_dags/example_external_task_marker_dag.py
[2025-08-18T17:58:27.596+0000] {processor.py:839} INFO - DAG(s) dict_keys(['example_external_task_marker_child', 'example_external_task_marker_parent']) retrieved from /home/airflow/.local/lib/python3.8/site-packages/airflow/example_dags/example_external_task_marker_dag.py
[2025-08-18T17:58:27.643+0000] {logging_mixin.py:151} INFO - [2025-08-18T17:58:27.642+0000] {dag.py:2941} INFO - Sync 2 DAGs
[2025-08-18T17:58:27.666+0000] {logging_mixin.py:151} INFO - [2025-08-18T17:58:27.666+0000] {dag.py:3722} INFO - Setting next_dagrun for example_external_task_marker_child to None, run_after=None
[2025-08-18T17:58:27.672+0000] {logging_mixin.py:151} INFO - [2025-08-18T17:58:27.672+0000] {dag.py:3722} INFO - Setting next_dagrun for example_external_task_marker_parent to None, run_after=None
[2025-08-18T17:58:27.707+0000] {processor.py:179} INFO - Processing /home/airflow/.local/lib/python3.8/site-packages/airflow/example_dags/example_external_task_marker_dag.py took 0.135 seconds
[2025-08-18T17:59:02.150+0000] {processor.py:157} INFO - Started process (PID=188) to work on /home/airflow/.local/lib/python3.8/site-packages/airflow/example_dags/example_external_task_marker_dag.py
[2025-08-18T17:59:02.153+0000] {processor.py:829} INFO - Processing file /home/airflow/.local/lib/python3.8/site-packages/airflow/example_dags/example_external_task_marker_dag.py for tasks to queue
[2025-08-18T17:59:02.170+0000] {logging_mixin.py:151} INFO - [2025-08-18T17:59:02.169+0000] {dagbag.py:536} INFO - Filling up the DagBag from /home/airflow/.local/lib/python3.8/site-packages/airflow/example_dags/example_external_task_marker_dag.py
[2025-08-18T17:59:02.242+0000] {processor.py:839} INFO - DAG(s) dict_keys(['example_external_task_marker_parent', 'example_external_task_marker_child']) retrieved from /home/airflow/.local/lib/python3.8/site-packages/airflow/example_dags/example_external_task_marker_dag.py
[2025-08-18T17:59:02.489+0000] {logging_mixin.py:151} INFO - [2025-08-18T17:59:02.488+0000] {dag.py:2941} INFO - Sync 2 DAGs
[2025-08-18T17:59:02.680+0000] {logging_mixin.py:151} INFO - [2025-08-18T17:59:02.679+0000] {dag.py:3722} INFO - Setting next_dagrun for example_external_task_marker_child to None, run_after=None
[2025-08-18T17:59:02.755+0000] {logging_mixin.py:151} INFO - [2025-08-18T17:59:02.755+0000] {dag.py:3722} INFO - Setting next_dagrun for example_external_task_marker_parent to None, run_after=None
[2025-08-18T17:59:02.878+0000] {processor.py:179} INFO - Processing /home/airflow/.local/lib/python3.8/site-packages/airflow/example_dags/example_external_task_marker_dag.py took 0.758 seconds
[2025-08-18T17:59:33.108+0000] {processor.py:157} INFO - Started process (PID=242) to work on /home/airflow/.local/lib/python3.8/site-packages/airflow/example_dags/example_external_task_marker_dag.py
[2025-08-18T17:59:33.114+0000] {processor.py:829} INFO - Processing file /home/airflow/.local/lib/python3.8/site-packages/airflow/example_dags/example_external_task_marker_dag.py for tasks to queue
[2025-08-18T17:59:33.131+0000] {logging_mixin.py:151} INFO - [2025-08-18T17:59:33.130+0000] {dagbag.py:536} INFO - Filling up the DagBag from /home/airflow/.local/lib/python3.8/site-packages/airflow/example_dags/example_external_task_marker_dag.py
[2025-08-18T17:59:33.172+0000] {processor.py:839} INFO - DAG(s) dict_keys(['example_external_task_marker_child', 'example_external_task_marker_parent']) retrieved from /home/airflow/.local/lib/python3.8/site-packages/airflow/example_dags/example_external_task_marker_dag.py
[2025-08-18T17:59:33.240+0000] {logging_mixin.py:151} INFO - [2025-08-18T17:59:33.240+0000] {dag.py:2941} INFO - Sync 2 DAGs
[2025-08-18T17:59:33.270+0000] {logging_mixin.py:151} INFO - [2025-08-18T17:59:33.270+0000] {dag.py:3722} INFO - Setting next_dagrun for example_external_task_marker_child to None, run_after=None
[2025-08-18T17:59:33.278+0000] {logging_mixin.py:151} INFO - [2025-08-18T17:59:33.277+0000] {dag.py:3722} INFO - Setting next_dagrun for example_external_task_marker_parent to None, run_after=None
[2025-08-18T17:59:33.322+0000] {processor.py:179} INFO - Processing /home/airflow/.local/lib/python3.8/site-packages/airflow/example_dags/example_external_task_marker_dag.py took 0.223 seconds
[2025-08-18T18:00:04.030+0000] {processor.py:157} INFO - Started process (PID=296) to work on /home/airflow/.local/lib/python3.8/site-packages/airflow/example_dags/example_external_task_marker_dag.py
[2025-08-18T18:00:04.034+0000] {processor.py:829} INFO - Processing file /home/airflow/.local/lib/python3.8/site-packages/airflow/example_dags/example_external_task_marker_dag.py for tasks to queue
[2025-08-18T18:00:04.039+0000] {logging_mixin.py:151} INFO - [2025-08-18T18:00:04.039+0000] {dagbag.py:536} INFO - Filling up the DagBag from /home/airflow/.local/lib/python3.8/site-packages/airflow/example_dags/example_external_task_marker_dag.py
[2025-08-18T18:00:04.054+0000] {processor.py:839} INFO - DAG(s) dict_keys(['example_external_task_marker_child', 'example_external_task_marker_parent']) retrieved from /home/airflow/.local/lib/python3.8/site-packages/airflow/example_dags/example_external_task_marker_dag.py
[2025-08-18T18:00:04.143+0000] {logging_mixin.py:151} INFO - [2025-08-18T18:00:04.142+0000] {dag.py:2941} INFO - Sync 2 DAGs
[2025-08-18T18:00:04.225+0000] {logging_mixin.py:151} INFO - [2025-08-18T18:00:04.224+0000] {dag.py:3722} INFO - Setting next_dagrun for example_external_task_marker_child to None, run_after=None
[2025-08-18T18:00:04.236+0000] {logging_mixin.py:151} INFO - [2025-08-18T18:00:04.235+0000] {dag.py:3722} INFO - Setting next_dagrun for example_external_task_marker_parent to None, run_after=None
[2025-08-18T18:00:04.310+0000] {processor.py:179} INFO - Processing /home/airflow/.local/lib/python3.8/site-packages/airflow/example_dags/example_external_task_marker_dag.py took 0.289 seconds
[2025-08-18T18:00:34.725+0000] {processor.py:157} INFO - Started process (PID=350) to work on /home/airflow/.local/lib/python3.8/site-packages/airflow/example_dags/example_external_task_marker_dag.py
[2025-08-18T18:00:34.726+0000] {processor.py:829} INFO - Processing file /home/airflow/.local/lib/python3.8/site-packages/airflow/example_dags/example_external_task_marker_dag.py for tasks to queue
[2025-08-18T18:00:34.729+0000] {logging_mixin.py:151} INFO - [2025-08-18T18:00:34.728+0000] {dagbag.py:536} INFO - Filling up the DagBag from /home/airflow/.local/lib/python3.8/site-packages/airflow/example_dags/example_external_task_marker_dag.py
[2025-08-18T18:00:34.737+0000] {processor.py:839} INFO - DAG(s) dict_keys(['example_external_task_marker_parent', 'example_external_task_marker_child']) retrieved from /home/airflow/.local/lib/python3.8/site-packages/airflow/example_dags/example_external_task_marker_dag.py
[2025-08-18T18:00:34.779+0000] {logging_mixin.py:151} INFO - [2025-08-18T18:00:34.779+0000] {dag.py:2941} INFO - Sync 2 DAGs
[2025-08-18T18:00:34.799+0000] {logging_mixin.py:151} INFO - [2025-08-18T18:00:34.798+0000] {dag.py:3722} INFO - Setting next_dagrun for example_external_task_marker_child to None, run_after=None
[2025-08-18T18:00:34.804+0000] {logging_mixin.py:151} INFO - [2025-08-18T18:00:34.804+0000] {dag.py:3722} INFO - Setting next_dagrun for example_external_task_marker_parent to None, run_after=None
[2025-08-18T18:00:34.840+0000] {processor.py:179} INFO - Processing /home/airflow/.local/lib/python3.8/site-packages/airflow/example_dags/example_external_task_marker_dag.py took 0.121 seconds
[2025-08-18T18:01:05.636+0000] {processor.py:157} INFO - Started process (PID=405) to work on /home/airflow/.local/lib/python3.8/site-packages/airflow/example_dags/example_external_task_marker_dag.py
[2025-08-18T18:01:05.644+0000] {processor.py:829} INFO - Processing file /home/airflow/.local/lib/python3.8/site-packages/airflow/example_dags/example_external_task_marker_dag.py for tasks to queue
[2025-08-18T18:01:05.654+0000] {logging_mixin.py:151} INFO - [2025-08-18T18:01:05.653+0000] {dagbag.py:536} INFO - Filling up the DagBag from /home/airflow/.local/lib/python3.8/site-packages/airflow/example_dags/example_external_task_marker_dag.py
[2025-08-18T18:01:05.676+0000] {processor.py:839} INFO - DAG(s) dict_keys(['example_external_task_marker_parent', 'example_external_task_marker_child']) retrieved from /home/airflow/.local/lib/python3.8/site-packages/airflow/example_dags/example_external_task_marker_dag.py
[2025-08-18T18:01:05.791+0000] {logging_mixin.py:151} INFO - [2025-08-18T18:01:05.790+0000] {dag.py:2941} INFO - Sync 2 DAGs
[2025-08-18T18:01:05.847+0000] {logging_mixin.py:151} INFO - [2025-08-18T18:01:05.846+0000] {dag.py:3722} INFO - Setting next_dagrun for example_external_task_marker_child to None, run_after=None
[2025-08-18T18:01:05.859+0000] {logging_mixin.py:151} INFO - [2025-08-18T18:01:05.859+0000] {dag.py:3722} INFO - Setting next_dagrun for example_external_task_marker_parent to None, run_after=None
[2025-08-18T18:01:05.928+0000] {processor.py:179} INFO - Processing /home/airflow/.local/lib/python3.8/site-packages/airflow/example_dags/example_external_task_marker_dag.py took 0.304 seconds
[2025-08-18T18:01:36.568+0000] {processor.py:157} INFO - Started process (PID=459) to work on /home/airflow/.local/lib/python3.8/site-packages/airflow/example_dags/example_external_task_marker_dag.py
[2025-08-18T18:01:36.570+0000] {processor.py:829} INFO - Processing file /home/airflow/.local/lib/python3.8/site-packages/airflow/example_dags/example_external_task_marker_dag.py for tasks to queue
[2025-08-18T18:01:36.573+0000] {logging_mixin.py:151} INFO - [2025-08-18T18:01:36.573+0000] {dagbag.py:536} INFO - Filling up the DagBag from /home/airflow/.local/lib/python3.8/site-packages/airflow/example_dags/example_external_task_marker_dag.py
[2025-08-18T18:01:36.589+0000] {processor.py:839} INFO - DAG(s) dict_keys(['example_external_task_marker_parent', 'example_external_task_marker_child']) retrieved from /home/airflow/.local/lib/python3.8/site-packages/airflow/example_dags/example_external_task_marker_dag.py
[2025-08-18T18:01:36.633+0000] {logging_mixin.py:151} INFO - [2025-08-18T18:01:36.632+0000] {dag.py:2941} INFO - Sync 2 DAGs
[2025-08-18T18:01:36.660+0000] {logging_mixin.py:151} INFO - [2025-08-18T18:01:36.660+0000] {dag.py:3722} INFO - Setting next_dagrun for example_external_task_marker_child to None, run_after=None
[2025-08-18T18:01:36.666+0000] {logging_mixin.py:151} INFO - [2025-08-18T18:01:36.665+0000] {dag.py:3722} INFO - Setting next_dagrun for example_external_task_marker_parent to None, run_after=None
[2025-08-18T18:01:36.697+0000] {processor.py:179} INFO - Processing /home/airflow/.local/lib/python3.8/site-packages/airflow/example_dags/example_external_task_marker_dag.py took 0.134 seconds
[2025-08-18T18:02:08.610+0000] {processor.py:157} INFO - Started process (PID=513) to work on /home/airflow/.local/lib/python3.8/site-packages/airflow/example_dags/example_external_task_marker_dag.py
[2025-08-18T18:02:08.614+0000] {processor.py:829} INFO - Processing file /home/airflow/.local/lib/python3.8/site-packages/airflow/example_dags/example_external_task_marker_dag.py for tasks to queue
[2025-08-18T18:02:08.622+0000] {logging_mixin.py:151} INFO - [2025-08-18T18:02:08.619+0000] {dagbag.py:536} INFO - Filling up the DagBag from /home/airflow/.local/lib/python3.8/site-packages/airflow/example_dags/example_external_task_marker_dag.py
[2025-08-18T18:02:08.674+0000] {processor.py:839} INFO - DAG(s) dict_keys(['example_external_task_marker_child', 'example_external_task_marker_parent']) retrieved from /home/airflow/.local/lib/python3.8/site-packages/airflow/example_dags/example_external_task_marker_dag.py
[2025-08-18T18:02:08.801+0000] {logging_mixin.py:151} INFO - [2025-08-18T18:02:08.800+0000] {dag.py:2941} INFO - Sync 2 DAGs
[2025-08-18T18:02:08.910+0000] {logging_mixin.py:151} INFO - [2025-08-18T18:02:08.910+0000] {dag.py:3722} INFO - Setting next_dagrun for example_external_task_marker_child to None, run_after=None
[2025-08-18T18:02:08.928+0000] {logging_mixin.py:151} INFO - [2025-08-18T18:02:08.928+0000] {dag.py:3722} INFO - Setting next_dagrun for example_external_task_marker_parent to None, run_after=None
[2025-08-18T18:02:09.026+0000] {processor.py:179} INFO - Processing /home/airflow/.local/lib/python3.8/site-packages/airflow/example_dags/example_external_task_marker_dag.py took 0.477 seconds
[2025-08-18T18:02:39.235+0000] {processor.py:157} INFO - Started process (PID=565) to work on /home/airflow/.local/lib/python3.8/site-packages/airflow/example_dags/example_external_task_marker_dag.py
[2025-08-18T18:02:39.239+0000] {processor.py:829} INFO - Processing file /home/airflow/.local/lib/python3.8/site-packages/airflow/example_dags/example_external_task_marker_dag.py for tasks to queue
[2025-08-18T18:02:39.249+0000] {logging_mixin.py:151} INFO - [2025-08-18T18:02:39.247+0000] {dagbag.py:536} INFO - Filling up the DagBag from /home/airflow/.local/lib/python3.8/site-packages/airflow/example_dags/example_external_task_marker_dag.py
[2025-08-18T18:02:39.267+0000] {processor.py:839} INFO - DAG(s) dict_keys(['example_external_task_marker_parent', 'example_external_task_marker_child']) retrieved from /home/airflow/.local/lib/python3.8/site-packages/airflow/example_dags/example_external_task_marker_dag.py
[2025-08-18T18:02:39.363+0000] {logging_mixin.py:151} INFO - [2025-08-18T18:02:39.361+0000] {dag.py:2941} INFO - Sync 2 DAGs
[2025-08-18T18:02:39.420+0000] {logging_mixin.py:151} INFO - [2025-08-18T18:02:39.420+0000] {dag.py:3722} INFO - Setting next_dagrun for example_external_task_marker_child to None, run_after=None
[2025-08-18T18:02:39.434+0000] {logging_mixin.py:151} INFO - [2025-08-18T18:02:39.433+0000] {dag.py:3722} INFO - Setting next_dagrun for example_external_task_marker_parent to None, run_after=None
[2025-08-18T18:02:39.501+0000] {processor.py:179} INFO - Processing /home/airflow/.local/lib/python3.8/site-packages/airflow/example_dags/example_external_task_marker_dag.py took 0.279 seconds
[2025-08-18T18:03:09.838+0000] {processor.py:157} INFO - Started process (PID=619) to work on /home/airflow/.local/lib/python3.8/site-packages/airflow/example_dags/example_external_task_marker_dag.py
[2025-08-18T18:03:09.840+0000] {processor.py:829} INFO - Processing file /home/airflow/.local/lib/python3.8/site-packages/airflow/example_dags/example_external_task_marker_dag.py for tasks to queue
[2025-08-18T18:03:09.843+0000] {logging_mixin.py:151} INFO - [2025-08-18T18:03:09.843+0000] {dagbag.py:536} INFO - Filling up the DagBag from /home/airflow/.local/lib/python3.8/site-packages/airflow/example_dags/example_external_task_marker_dag.py
[2025-08-18T18:03:09.852+0000] {processor.py:839} INFO - DAG(s) dict_keys(['example_external_task_marker_child', 'example_external_task_marker_parent']) retrieved from /home/airflow/.local/lib/python3.8/site-packages/airflow/example_dags/example_external_task_marker_dag.py
[2025-08-18T18:03:09.913+0000] {logging_mixin.py:151} INFO - [2025-08-18T18:03:09.912+0000] {dag.py:2941} INFO - Sync 2 DAGs
[2025-08-18T18:03:09.938+0000] {logging_mixin.py:151} INFO - [2025-08-18T18:03:09.937+0000] {dag.py:3722} INFO - Setting next_dagrun for example_external_task_marker_child to None, run_after=None
[2025-08-18T18:03:09.945+0000] {logging_mixin.py:151} INFO - [2025-08-18T18:03:09.945+0000] {dag.py:3722} INFO - Setting next_dagrun for example_external_task_marker_parent to None, run_after=None
[2025-08-18T18:03:10.013+0000] {processor.py:179} INFO - Processing /home/airflow/.local/lib/python3.8/site-packages/airflow/example_dags/example_external_task_marker_dag.py took 0.181 seconds
[2025-08-18T18:03:40.514+0000] {processor.py:157} INFO - Started process (PID=674) to work on /home/airflow/.local/lib/python3.8/site-packages/airflow/example_dags/example_external_task_marker_dag.py
[2025-08-18T18:03:40.515+0000] {processor.py:829} INFO - Processing file /home/airflow/.local/lib/python3.8/site-packages/airflow/example_dags/example_external_task_marker_dag.py for tasks to queue
[2025-08-18T18:03:40.519+0000] {logging_mixin.py:151} INFO - [2025-08-18T18:03:40.519+0000] {dagbag.py:536} INFO - Filling up the DagBag from /home/airflow/.local/lib/python3.8/site-packages/airflow/example_dags/example_external_task_marker_dag.py
[2025-08-18T18:03:40.531+0000] {processor.py:839} INFO - DAG(s) dict_keys(['example_external_task_marker_parent', 'example_external_task_marker_child']) retrieved from /home/airflow/.local/lib/python3.8/site-packages/airflow/example_dags/example_external_task_marker_dag.py
[2025-08-18T18:03:40.586+0000] {logging_mixin.py:151} INFO - [2025-08-18T18:03:40.586+0000] {dag.py:2941} INFO - Sync 2 DAGs
[2025-08-18T18:03:40.611+0000] {logging_mixin.py:151} INFO - [2025-08-18T18:03:40.611+0000] {dag.py:3722} INFO - Setting next_dagrun for example_external_task_marker_child to None, run_after=None
[2025-08-18T18:03:40.617+0000] {logging_mixin.py:151} INFO - [2025-08-18T18:03:40.617+0000] {dag.py:3722} INFO - Setting next_dagrun for example_external_task_marker_parent to None, run_after=None
[2025-08-18T18:03:40.673+0000] {processor.py:179} INFO - Processing /home/airflow/.local/lib/python3.8/site-packages/airflow/example_dags/example_external_task_marker_dag.py took 0.167 seconds
[2025-08-18T18:04:11.350+0000] {processor.py:157} INFO - Started process (PID=728) to work on /home/airflow/.local/lib/python3.8/site-packages/airflow/example_dags/example_external_task_marker_dag.py
[2025-08-18T18:04:11.352+0000] {processor.py:829} INFO - Processing file /home/airflow/.local/lib/python3.8/site-packages/airflow/example_dags/example_external_task_marker_dag.py for tasks to queue
[2025-08-18T18:04:11.356+0000] {logging_mixin.py:151} INFO - [2025-08-18T18:04:11.356+0000] {dagbag.py:536} INFO - Filling up the DagBag from /home/airflow/.local/lib/python3.8/site-packages/airflow/example_dags/example_external_task_marker_dag.py
[2025-08-18T18:04:11.366+0000] {processor.py:839} INFO - DAG(s) dict_keys(['example_external_task_marker_parent', 'example_external_task_marker_child']) retrieved from /home/airflow/.local/lib/python3.8/site-packages/airflow/example_dags/example_external_task_marker_dag.py
[2025-08-18T18:04:11.405+0000] {logging_mixin.py:151} INFO - [2025-08-18T18:04:11.404+0000] {dag.py:2941} INFO - Sync 2 DAGs
[2025-08-18T18:04:11.423+0000] {logging_mixin.py:151} INFO - [2025-08-18T18:04:11.423+0000] {dag.py:3722} INFO - Setting next_dagrun for example_external_task_marker_child to None, run_after=None
[2025-08-18T18:04:11.428+0000] {logging_mixin.py:151} INFO - [2025-08-18T18:04:11.427+0000] {dag.py:3722} INFO - Setting next_dagrun for example_external_task_marker_parent to None, run_after=None
[2025-08-18T18:04:11.459+0000] {processor.py:179} INFO - Processing /home/airflow/.local/lib/python3.8/site-packages/airflow/example_dags/example_external_task_marker_dag.py took 0.113 seconds
[2025-08-18T18:04:41.784+0000] {processor.py:157} INFO - Started process (PID=782) to work on /home/airflow/.local/lib/python3.8/site-packages/airflow/example_dags/example_external_task_marker_dag.py
[2025-08-18T18:04:41.786+0000] {processor.py:829} INFO - Processing file /home/airflow/.local/lib/python3.8/site-packages/airflow/example_dags/example_external_task_marker_dag.py for tasks to queue
[2025-08-18T18:04:41.790+0000] {logging_mixin.py:151} INFO - [2025-08-18T18:04:41.789+0000] {dagbag.py:536} INFO - Filling up the DagBag from /home/airflow/.local/lib/python3.8/site-packages/airflow/example_dags/example_external_task_marker_dag.py
[2025-08-18T18:04:41.801+0000] {processor.py:839} INFO - DAG(s) dict_keys(['example_external_task_marker_parent', 'example_external_task_marker_child']) retrieved from /home/airflow/.local/lib/python3.8/site-packages/airflow/example_dags/example_external_task_marker_dag.py
[2025-08-18T18:04:41.855+0000] {logging_mixin.py:151} INFO - [2025-08-18T18:04:41.854+0000] {dag.py:2941} INFO - Sync 2 DAGs
[2025-08-18T18:04:41.883+0000] {logging_mixin.py:151} INFO - [2025-08-18T18:04:41.882+0000] {dag.py:3722} INFO - Setting next_dagrun for example_external_task_marker_child to None, run_after=None
[2025-08-18T18:04:41.888+0000] {logging_mixin.py:151} INFO - [2025-08-18T18:04:41.888+0000] {dag.py:3722} INFO - Setting next_dagrun for example_external_task_marker_parent to None, run_after=None
[2025-08-18T18:04:41.926+0000] {processor.py:179} INFO - Processing /home/airflow/.local/lib/python3.8/site-packages/airflow/example_dags/example_external_task_marker_dag.py took 0.150 seconds
[2025-08-18T18:05:12.136+0000] {processor.py:157} INFO - Started process (PID=836) to work on /home/airflow/.local/lib/python3.8/site-packages/airflow/example_dags/example_external_task_marker_dag.py
[2025-08-18T18:05:12.137+0000] {processor.py:829} INFO - Processing file /home/airflow/.local/lib/python3.8/site-packages/airflow/example_dags/example_external_task_marker_dag.py for tasks to queue
[2025-08-18T18:05:12.141+0000] {logging_mixin.py:151} INFO - [2025-08-18T18:05:12.141+0000] {dagbag.py:536} INFO - Filling up the DagBag from /home/airflow/.local/lib/python3.8/site-packages/airflow/example_dags/example_external_task_marker_dag.py
[2025-08-18T18:05:12.149+0000] {processor.py:839} INFO - DAG(s) dict_keys(['example_external_task_marker_child', 'example_external_task_marker_parent']) retrieved from /home/airflow/.local/lib/python3.8/site-packages/airflow/example_dags/example_external_task_marker_dag.py
[2025-08-18T18:05:12.188+0000] {logging_mixin.py:151} INFO - [2025-08-18T18:05:12.187+0000] {dag.py:2941} INFO - Sync 2 DAGs
[2025-08-18T18:05:12.207+0000] {logging_mixin.py:151} INFO - [2025-08-18T18:05:12.207+0000] {dag.py:3722} INFO - Setting next_dagrun for example_external_task_marker_child to None, run_after=None
[2025-08-18T18:05:12.211+0000] {logging_mixin.py:151} INFO - [2025-08-18T18:05:12.211+0000] {dag.py:3722} INFO - Setting next_dagrun for example_external_task_marker_parent to None, run_after=None
[2025-08-18T18:05:12.241+0000] {processor.py:179} INFO - Processing /home/airflow/.local/lib/python3.8/site-packages/airflow/example_dags/example_external_task_marker_dag.py took 0.109 seconds
