[2025-08-18T17:56:38.638+0000] {processor.py:157} INFO - Started process (PID=108) to work on /home/airflow/.local/lib/python3.8/site-packages/airflow/example_dags/example_sla_dag.py
[2025-08-18T17:56:38.683+0000] {processor.py:829} INFO - Processing file /home/airflow/.local/lib/python3.8/site-packages/airflow/example_dags/example_sla_dag.py for tasks to queue
[2025-08-18T17:56:38.805+0000] {logging_mixin.py:151} INFO - [2025-08-18T17:56:38.804+0000] {dagbag.py:536} INFO - Filling up the DagBag from /home/airflow/.local/lib/python3.8/site-packages/airflow/example_dags/example_sla_dag.py
[2025-08-18T17:56:39.092+0000] {processor.py:839} INFO - DAG(s) dict_keys(['example_sla_dag']) retrieved from /home/airflow/.local/lib/python3.8/site-packages/airflow/example_dags/example_sla_dag.py
[2025-08-18T17:56:39.493+0000] {logging_mixin.py:151} INFO - [2025-08-18T17:56:39.492+0000] {dag.py:2941} INFO - Sync 1 DAGs
[2025-08-18T17:56:40.526+0000] {logging_mixin.py:151} INFO - [2025-08-18T17:56:40.525+0000] {dag.py:3722} INFO - Setting next_dagrun for example_sla_dag to 2025-08-18T17:54:00+00:00, run_after=2025-08-18T17:56:00+00:00
[2025-08-18T17:56:40.708+0000] {processor.py:179} INFO - Processing /home/airflow/.local/lib/python3.8/site-packages/airflow/example_dags/example_sla_dag.py took 1.428 seconds
[2025-08-18T17:58:01.804+0000] {processor.py:157} INFO - Started process (PID=94) to work on /home/airflow/.local/lib/python3.8/site-packages/airflow/example_dags/example_sla_dag.py
[2025-08-18T17:58:01.817+0000] {processor.py:829} INFO - Processing file /home/airflow/.local/lib/python3.8/site-packages/airflow/example_dags/example_sla_dag.py for tasks to queue
[2025-08-18T17:58:01.842+0000] {logging_mixin.py:151} INFO - [2025-08-18T17:58:01.841+0000] {dagbag.py:536} INFO - Filling up the DagBag from /home/airflow/.local/lib/python3.8/site-packages/airflow/example_dags/example_sla_dag.py
[2025-08-18T17:58:02.127+0000] {processor.py:839} INFO - DAG(s) dict_keys(['example_sla_dag']) retrieved from /home/airflow/.local/lib/python3.8/site-packages/airflow/example_dags/example_sla_dag.py
[2025-08-18T17:58:03.021+0000] {logging_mixin.py:151} INFO - [2025-08-18T17:58:03.019+0000] {dag.py:2941} INFO - Sync 1 DAGs
[2025-08-18T17:58:03.432+0000] {logging_mixin.py:151} INFO - [2025-08-18T17:58:03.432+0000] {dag.py:3722} INFO - Setting next_dagrun for example_sla_dag to 2025-08-18T17:56:00+00:00, run_after=2025-08-18T17:58:00+00:00
[2025-08-18T17:58:03.914+0000] {processor.py:179} INFO - Processing /home/airflow/.local/lib/python3.8/site-packages/airflow/example_dags/example_sla_dag.py took 2.186 seconds
[2025-08-18T17:58:34.643+0000] {processor.py:157} INFO - Started process (PID=148) to work on /home/airflow/.local/lib/python3.8/site-packages/airflow/example_dags/example_sla_dag.py
[2025-08-18T17:58:34.645+0000] {processor.py:829} INFO - Processing file /home/airflow/.local/lib/python3.8/site-packages/airflow/example_dags/example_sla_dag.py for tasks to queue
[2025-08-18T17:58:34.649+0000] {logging_mixin.py:151} INFO - [2025-08-18T17:58:34.649+0000] {dagbag.py:536} INFO - Filling up the DagBag from /home/airflow/.local/lib/python3.8/site-packages/airflow/example_dags/example_sla_dag.py
[2025-08-18T17:58:34.669+0000] {processor.py:839} INFO - DAG(s) dict_keys(['example_sla_dag']) retrieved from /home/airflow/.local/lib/python3.8/site-packages/airflow/example_dags/example_sla_dag.py
[2025-08-18T17:58:34.709+0000] {logging_mixin.py:151} INFO - [2025-08-18T17:58:34.708+0000] {dag.py:2941} INFO - Sync 1 DAGs
[2025-08-18T17:58:34.785+0000] {logging_mixin.py:151} INFO - [2025-08-18T17:58:34.785+0000] {dag.py:3722} INFO - Setting next_dagrun for example_sla_dag to 2025-08-18T17:56:00+00:00, run_after=2025-08-18T17:58:00+00:00
[2025-08-18T17:58:34.824+0000] {processor.py:179} INFO - Processing /home/airflow/.local/lib/python3.8/site-packages/airflow/example_dags/example_sla_dag.py took 0.192 seconds
[2025-08-18T17:59:12.490+0000] {processor.py:157} INFO - Started process (PID=209) to work on /home/airflow/.local/lib/python3.8/site-packages/airflow/example_dags/example_sla_dag.py
[2025-08-18T17:59:12.505+0000] {processor.py:829} INFO - Processing file /home/airflow/.local/lib/python3.8/site-packages/airflow/example_dags/example_sla_dag.py for tasks to queue
[2025-08-18T17:59:12.525+0000] {logging_mixin.py:151} INFO - [2025-08-18T17:59:12.524+0000] {dagbag.py:536} INFO - Filling up the DagBag from /home/airflow/.local/lib/python3.8/site-packages/airflow/example_dags/example_sla_dag.py
[2025-08-18T17:59:12.557+0000] {processor.py:839} INFO - DAG(s) dict_keys(['example_sla_dag']) retrieved from /home/airflow/.local/lib/python3.8/site-packages/airflow/example_dags/example_sla_dag.py
[2025-08-18T17:59:12.703+0000] {logging_mixin.py:151} INFO - [2025-08-18T17:59:12.702+0000] {dag.py:2941} INFO - Sync 1 DAGs
[2025-08-18T17:59:12.893+0000] {logging_mixin.py:151} INFO - [2025-08-18T17:59:12.893+0000] {dag.py:3722} INFO - Setting next_dagrun for example_sla_dag to 2025-08-18T17:56:00+00:00, run_after=2025-08-18T17:58:00+00:00
[2025-08-18T17:59:12.998+0000] {processor.py:179} INFO - Processing /home/airflow/.local/lib/python3.8/site-packages/airflow/example_dags/example_sla_dag.py took 0.532 seconds
[2025-08-18T17:59:43.178+0000] {processor.py:157} INFO - Started process (PID=263) to work on /home/airflow/.local/lib/python3.8/site-packages/airflow/example_dags/example_sla_dag.py
[2025-08-18T17:59:43.188+0000] {processor.py:829} INFO - Processing file /home/airflow/.local/lib/python3.8/site-packages/airflow/example_dags/example_sla_dag.py for tasks to queue
[2025-08-18T17:59:43.192+0000] {logging_mixin.py:151} INFO - [2025-08-18T17:59:43.192+0000] {dagbag.py:536} INFO - Filling up the DagBag from /home/airflow/.local/lib/python3.8/site-packages/airflow/example_dags/example_sla_dag.py
[2025-08-18T17:59:43.210+0000] {processor.py:839} INFO - DAG(s) dict_keys(['example_sla_dag']) retrieved from /home/airflow/.local/lib/python3.8/site-packages/airflow/example_dags/example_sla_dag.py
[2025-08-18T17:59:43.268+0000] {logging_mixin.py:151} INFO - [2025-08-18T17:59:43.268+0000] {dag.py:2941} INFO - Sync 1 DAGs
[2025-08-18T17:59:43.358+0000] {logging_mixin.py:151} INFO - [2025-08-18T17:59:43.358+0000] {dag.py:3722} INFO - Setting next_dagrun for example_sla_dag to 2025-08-18T17:56:00+00:00, run_after=2025-08-18T17:58:00+00:00
[2025-08-18T17:59:43.469+0000] {processor.py:179} INFO - Processing /home/airflow/.local/lib/python3.8/site-packages/airflow/example_dags/example_sla_dag.py took 0.303 seconds
[2025-08-18T18:00:13.600+0000] {processor.py:157} INFO - Started process (PID=317) to work on /home/airflow/.local/lib/python3.8/site-packages/airflow/example_dags/example_sla_dag.py
[2025-08-18T18:00:13.603+0000] {processor.py:829} INFO - Processing file /home/airflow/.local/lib/python3.8/site-packages/airflow/example_dags/example_sla_dag.py for tasks to queue
[2025-08-18T18:00:13.610+0000] {logging_mixin.py:151} INFO - [2025-08-18T18:00:13.609+0000] {dagbag.py:536} INFO - Filling up the DagBag from /home/airflow/.local/lib/python3.8/site-packages/airflow/example_dags/example_sla_dag.py
[2025-08-18T18:00:13.633+0000] {processor.py:839} INFO - DAG(s) dict_keys(['example_sla_dag']) retrieved from /home/airflow/.local/lib/python3.8/site-packages/airflow/example_dags/example_sla_dag.py
[2025-08-18T18:00:13.707+0000] {logging_mixin.py:151} INFO - [2025-08-18T18:00:13.706+0000] {dag.py:2941} INFO - Sync 1 DAGs
[2025-08-18T18:00:13.782+0000] {logging_mixin.py:151} INFO - [2025-08-18T18:00:13.779+0000] {dag.py:3722} INFO - Setting next_dagrun for example_sla_dag to 2025-08-18T17:58:00+00:00, run_after=2025-08-18T18:00:00+00:00
[2025-08-18T18:00:13.859+0000] {processor.py:179} INFO - Processing /home/airflow/.local/lib/python3.8/site-packages/airflow/example_dags/example_sla_dag.py took 0.267 seconds
[2025-08-18T18:00:44.002+0000] {processor.py:157} INFO - Started process (PID=371) to work on /home/airflow/.local/lib/python3.8/site-packages/airflow/example_dags/example_sla_dag.py
[2025-08-18T18:00:44.004+0000] {processor.py:829} INFO - Processing file /home/airflow/.local/lib/python3.8/site-packages/airflow/example_dags/example_sla_dag.py for tasks to queue
[2025-08-18T18:00:44.008+0000] {logging_mixin.py:151} INFO - [2025-08-18T18:00:44.007+0000] {dagbag.py:536} INFO - Filling up the DagBag from /home/airflow/.local/lib/python3.8/site-packages/airflow/example_dags/example_sla_dag.py
[2025-08-18T18:00:44.054+0000] {processor.py:839} INFO - DAG(s) dict_keys(['example_sla_dag']) retrieved from /home/airflow/.local/lib/python3.8/site-packages/airflow/example_dags/example_sla_dag.py
[2025-08-18T18:00:44.124+0000] {logging_mixin.py:151} INFO - [2025-08-18T18:00:44.123+0000] {dag.py:2941} INFO - Sync 1 DAGs
[2025-08-18T18:00:44.202+0000] {logging_mixin.py:151} INFO - [2025-08-18T18:00:44.201+0000] {dag.py:3722} INFO - Setting next_dagrun for example_sla_dag to 2025-08-18T17:58:00+00:00, run_after=2025-08-18T18:00:00+00:00
[2025-08-18T18:00:44.252+0000] {processor.py:179} INFO - Processing /home/airflow/.local/lib/python3.8/site-packages/airflow/example_dags/example_sla_dag.py took 0.261 seconds
[2025-08-18T18:01:15.073+0000] {processor.py:157} INFO - Started process (PID=425) to work on /home/airflow/.local/lib/python3.8/site-packages/airflow/example_dags/example_sla_dag.py
[2025-08-18T18:01:15.077+0000] {processor.py:829} INFO - Processing file /home/airflow/.local/lib/python3.8/site-packages/airflow/example_dags/example_sla_dag.py for tasks to queue
[2025-08-18T18:01:15.096+0000] {logging_mixin.py:151} INFO - [2025-08-18T18:01:15.094+0000] {dagbag.py:536} INFO - Filling up the DagBag from /home/airflow/.local/lib/python3.8/site-packages/airflow/example_dags/example_sla_dag.py
[2025-08-18T18:01:15.131+0000] {processor.py:839} INFO - DAG(s) dict_keys(['example_sla_dag']) retrieved from /home/airflow/.local/lib/python3.8/site-packages/airflow/example_dags/example_sla_dag.py
[2025-08-18T18:01:15.222+0000] {logging_mixin.py:151} INFO - [2025-08-18T18:01:15.221+0000] {dag.py:2941} INFO - Sync 1 DAGs
[2025-08-18T18:01:15.371+0000] {logging_mixin.py:151} INFO - [2025-08-18T18:01:15.370+0000] {dag.py:3722} INFO - Setting next_dagrun for example_sla_dag to 2025-08-18T17:58:00+00:00, run_after=2025-08-18T18:00:00+00:00
[2025-08-18T18:01:15.437+0000] {processor.py:179} INFO - Processing /home/airflow/.local/lib/python3.8/site-packages/airflow/example_dags/example_sla_dag.py took 0.392 seconds
[2025-08-18T18:01:45.585+0000] {processor.py:157} INFO - Started process (PID=479) to work on /home/airflow/.local/lib/python3.8/site-packages/airflow/example_dags/example_sla_dag.py
[2025-08-18T18:01:45.590+0000] {processor.py:829} INFO - Processing file /home/airflow/.local/lib/python3.8/site-packages/airflow/example_dags/example_sla_dag.py for tasks to queue
[2025-08-18T18:01:45.596+0000] {logging_mixin.py:151} INFO - [2025-08-18T18:01:45.596+0000] {dagbag.py:536} INFO - Filling up the DagBag from /home/airflow/.local/lib/python3.8/site-packages/airflow/example_dags/example_sla_dag.py
[2025-08-18T18:01:45.618+0000] {processor.py:839} INFO - DAG(s) dict_keys(['example_sla_dag']) retrieved from /home/airflow/.local/lib/python3.8/site-packages/airflow/example_dags/example_sla_dag.py
[2025-08-18T18:01:45.660+0000] {logging_mixin.py:151} INFO - [2025-08-18T18:01:45.659+0000] {dag.py:2941} INFO - Sync 1 DAGs
[2025-08-18T18:01:45.705+0000] {logging_mixin.py:151} INFO - [2025-08-18T18:01:45.705+0000] {dag.py:3722} INFO - Setting next_dagrun for example_sla_dag to 2025-08-18T17:58:00+00:00, run_after=2025-08-18T18:00:00+00:00
[2025-08-18T18:01:45.742+0000] {processor.py:179} INFO - Processing /home/airflow/.local/lib/python3.8/site-packages/airflow/example_dags/example_sla_dag.py took 0.165 seconds
[2025-08-18T18:02:16.361+0000] {processor.py:157} INFO - Started process (PID=533) to work on /home/airflow/.local/lib/python3.8/site-packages/airflow/example_dags/example_sla_dag.py
[2025-08-18T18:02:16.364+0000] {processor.py:829} INFO - Processing file /home/airflow/.local/lib/python3.8/site-packages/airflow/example_dags/example_sla_dag.py for tasks to queue
[2025-08-18T18:02:16.369+0000] {logging_mixin.py:151} INFO - [2025-08-18T18:02:16.369+0000] {dagbag.py:536} INFO - Filling up the DagBag from /home/airflow/.local/lib/python3.8/site-packages/airflow/example_dags/example_sla_dag.py
[2025-08-18T18:02:16.386+0000] {processor.py:839} INFO - DAG(s) dict_keys(['example_sla_dag']) retrieved from /home/airflow/.local/lib/python3.8/site-packages/airflow/example_dags/example_sla_dag.py
[2025-08-18T18:02:16.422+0000] {logging_mixin.py:151} INFO - [2025-08-18T18:02:16.422+0000] {dag.py:2941} INFO - Sync 1 DAGs
[2025-08-18T18:02:16.460+0000] {logging_mixin.py:151} INFO - [2025-08-18T18:02:16.460+0000] {dag.py:3722} INFO - Setting next_dagrun for example_sla_dag to 2025-08-18T18:00:00+00:00, run_after=2025-08-18T18:02:00+00:00
[2025-08-18T18:02:16.499+0000] {processor.py:179} INFO - Processing /home/airflow/.local/lib/python3.8/site-packages/airflow/example_dags/example_sla_dag.py took 0.148 seconds
[2025-08-18T18:02:47.288+0000] {processor.py:157} INFO - Started process (PID=587) to work on /home/airflow/.local/lib/python3.8/site-packages/airflow/example_dags/example_sla_dag.py
[2025-08-18T18:02:47.290+0000] {processor.py:829} INFO - Processing file /home/airflow/.local/lib/python3.8/site-packages/airflow/example_dags/example_sla_dag.py for tasks to queue
[2025-08-18T18:02:47.296+0000] {logging_mixin.py:151} INFO - [2025-08-18T18:02:47.295+0000] {dagbag.py:536} INFO - Filling up the DagBag from /home/airflow/.local/lib/python3.8/site-packages/airflow/example_dags/example_sla_dag.py
[2025-08-18T18:02:47.318+0000] {processor.py:839} INFO - DAG(s) dict_keys(['example_sla_dag']) retrieved from /home/airflow/.local/lib/python3.8/site-packages/airflow/example_dags/example_sla_dag.py
[2025-08-18T18:02:47.386+0000] {logging_mixin.py:151} INFO - [2025-08-18T18:02:47.385+0000] {dag.py:2941} INFO - Sync 1 DAGs
[2025-08-18T18:02:47.494+0000] {logging_mixin.py:151} INFO - [2025-08-18T18:02:47.493+0000] {dag.py:3722} INFO - Setting next_dagrun for example_sla_dag to 2025-08-18T18:00:00+00:00, run_after=2025-08-18T18:02:00+00:00
[2025-08-18T18:02:47.573+0000] {processor.py:179} INFO - Processing /home/airflow/.local/lib/python3.8/site-packages/airflow/example_dags/example_sla_dag.py took 0.294 seconds
[2025-08-18T18:03:18.069+0000] {processor.py:157} INFO - Started process (PID=642) to work on /home/airflow/.local/lib/python3.8/site-packages/airflow/example_dags/example_sla_dag.py
[2025-08-18T18:03:18.072+0000] {processor.py:829} INFO - Processing file /home/airflow/.local/lib/python3.8/site-packages/airflow/example_dags/example_sla_dag.py for tasks to queue
[2025-08-18T18:03:18.079+0000] {logging_mixin.py:151} INFO - [2025-08-18T18:03:18.078+0000] {dagbag.py:536} INFO - Filling up the DagBag from /home/airflow/.local/lib/python3.8/site-packages/airflow/example_dags/example_sla_dag.py
[2025-08-18T18:03:18.098+0000] {processor.py:839} INFO - DAG(s) dict_keys(['example_sla_dag']) retrieved from /home/airflow/.local/lib/python3.8/site-packages/airflow/example_dags/example_sla_dag.py
[2025-08-18T18:03:18.147+0000] {logging_mixin.py:151} INFO - [2025-08-18T18:03:18.146+0000] {dag.py:2941} INFO - Sync 1 DAGs
[2025-08-18T18:03:18.198+0000] {logging_mixin.py:151} INFO - [2025-08-18T18:03:18.198+0000] {dag.py:3722} INFO - Setting next_dagrun for example_sla_dag to 2025-08-18T18:00:00+00:00, run_after=2025-08-18T18:02:00+00:00
[2025-08-18T18:03:18.261+0000] {processor.py:179} INFO - Processing /home/airflow/.local/lib/python3.8/site-packages/airflow/example_dags/example_sla_dag.py took 0.205 seconds
[2025-08-18T18:03:48.575+0000] {processor.py:157} INFO - Started process (PID=695) to work on /home/airflow/.local/lib/python3.8/site-packages/airflow/example_dags/example_sla_dag.py
[2025-08-18T18:03:48.578+0000] {processor.py:829} INFO - Processing file /home/airflow/.local/lib/python3.8/site-packages/airflow/example_dags/example_sla_dag.py for tasks to queue
[2025-08-18T18:03:48.590+0000] {logging_mixin.py:151} INFO - [2025-08-18T18:03:48.589+0000] {dagbag.py:536} INFO - Filling up the DagBag from /home/airflow/.local/lib/python3.8/site-packages/airflow/example_dags/example_sla_dag.py
[2025-08-18T18:03:48.625+0000] {processor.py:839} INFO - DAG(s) dict_keys(['example_sla_dag']) retrieved from /home/airflow/.local/lib/python3.8/site-packages/airflow/example_dags/example_sla_dag.py
[2025-08-18T18:03:48.685+0000] {logging_mixin.py:151} INFO - [2025-08-18T18:03:48.682+0000] {dag.py:2941} INFO - Sync 1 DAGs
[2025-08-18T18:03:48.754+0000] {logging_mixin.py:151} INFO - [2025-08-18T18:03:48.753+0000] {dag.py:3722} INFO - Setting next_dagrun for example_sla_dag to 2025-08-18T18:00:00+00:00, run_after=2025-08-18T18:02:00+00:00
[2025-08-18T18:03:48.793+0000] {processor.py:179} INFO - Processing /home/airflow/.local/lib/python3.8/site-packages/airflow/example_dags/example_sla_dag.py took 0.233 seconds
[2025-08-18T18:04:19.378+0000] {processor.py:157} INFO - Started process (PID=743) to work on /home/airflow/.local/lib/python3.8/site-packages/airflow/example_dags/example_sla_dag.py
[2025-08-18T18:04:19.380+0000] {processor.py:829} INFO - Processing file /home/airflow/.local/lib/python3.8/site-packages/airflow/example_dags/example_sla_dag.py for tasks to queue
[2025-08-18T18:04:19.382+0000] {logging_mixin.py:151} INFO - [2025-08-18T18:04:19.382+0000] {dagbag.py:536} INFO - Filling up the DagBag from /home/airflow/.local/lib/python3.8/site-packages/airflow/example_dags/example_sla_dag.py
[2025-08-18T18:04:19.393+0000] {processor.py:839} INFO - DAG(s) dict_keys(['example_sla_dag']) retrieved from /home/airflow/.local/lib/python3.8/site-packages/airflow/example_dags/example_sla_dag.py
[2025-08-18T18:04:19.426+0000] {logging_mixin.py:151} INFO - [2025-08-18T18:04:19.426+0000] {dag.py:2941} INFO - Sync 1 DAGs
[2025-08-18T18:04:19.467+0000] {logging_mixin.py:151} INFO - [2025-08-18T18:04:19.467+0000] {dag.py:3722} INFO - Setting next_dagrun for example_sla_dag to 2025-08-18T18:02:00+00:00, run_after=2025-08-18T18:04:00+00:00
[2025-08-18T18:04:19.499+0000] {processor.py:179} INFO - Processing /home/airflow/.local/lib/python3.8/site-packages/airflow/example_dags/example_sla_dag.py took 0.125 seconds
[2025-08-18T18:04:50.112+0000] {processor.py:157} INFO - Started process (PID=797) to work on /home/airflow/.local/lib/python3.8/site-packages/airflow/example_dags/example_sla_dag.py
[2025-08-18T18:04:50.114+0000] {processor.py:829} INFO - Processing file /home/airflow/.local/lib/python3.8/site-packages/airflow/example_dags/example_sla_dag.py for tasks to queue
[2025-08-18T18:04:50.117+0000] {logging_mixin.py:151} INFO - [2025-08-18T18:04:50.117+0000] {dagbag.py:536} INFO - Filling up the DagBag from /home/airflow/.local/lib/python3.8/site-packages/airflow/example_dags/example_sla_dag.py
[2025-08-18T18:04:50.131+0000] {processor.py:839} INFO - DAG(s) dict_keys(['example_sla_dag']) retrieved from /home/airflow/.local/lib/python3.8/site-packages/airflow/example_dags/example_sla_dag.py
[2025-08-18T18:04:50.171+0000] {logging_mixin.py:151} INFO - [2025-08-18T18:04:50.170+0000] {dag.py:2941} INFO - Sync 1 DAGs
[2025-08-18T18:04:50.215+0000] {logging_mixin.py:151} INFO - [2025-08-18T18:04:50.215+0000] {dag.py:3722} INFO - Setting next_dagrun for example_sla_dag to 2025-08-18T18:02:00+00:00, run_after=2025-08-18T18:04:00+00:00
[2025-08-18T18:04:50.249+0000] {processor.py:179} INFO - Processing /home/airflow/.local/lib/python3.8/site-packages/airflow/example_dags/example_sla_dag.py took 0.141 seconds
