[2025-08-18T17:56:42.836+0000] {processor.py:157} INFO - Started process (PID=115) to work on /home/airflow/.local/lib/python3.8/site-packages/airflow/example_dags/example_short_circuit_operator.py
[2025-08-18T17:56:42.838+0000] {processor.py:829} INFO - Processing file /home/airflow/.local/lib/python3.8/site-packages/airflow/example_dags/example_short_circuit_operator.py for tasks to queue
[2025-08-18T17:56:42.852+0000] {logging_mixin.py:151} INFO - [2025-08-18T17:56:42.852+0000] {dagbag.py:536} INFO - Filling up the DagBag from /home/airflow/.local/lib/python3.8/site-packages/airflow/example_dags/example_short_circuit_operator.py
[2025-08-18T17:56:42.870+0000] {processor.py:839} INFO - DAG(s) dict_keys(['example_short_circuit_operator']) retrieved from /home/airflow/.local/lib/python3.8/site-packages/airflow/example_dags/example_short_circuit_operator.py
[2025-08-18T17:56:42.989+0000] {logging_mixin.py:151} INFO - [2025-08-18T17:56:42.988+0000] {dag.py:2941} INFO - Sync 1 DAGs
[2025-08-18T17:56:43.162+0000] {logging_mixin.py:151} INFO - [2025-08-18T17:56:43.162+0000] {dag.py:3722} INFO - Setting next_dagrun for example_short_circuit_operator to 2025-08-17T17:56:43.161750+00:00, run_after=2025-08-18T17:56:43.161750+00:00
[2025-08-18T17:56:43.272+0000] {processor.py:179} INFO - Processing /home/airflow/.local/lib/python3.8/site-packages/airflow/example_dags/example_short_circuit_operator.py took 0.442 seconds
[2025-08-18T17:58:08.645+0000] {processor.py:157} INFO - Started process (PID=108) to work on /home/airflow/.local/lib/python3.8/site-packages/airflow/example_dags/example_short_circuit_operator.py
[2025-08-18T17:58:08.656+0000] {processor.py:829} INFO - Processing file /home/airflow/.local/lib/python3.8/site-packages/airflow/example_dags/example_short_circuit_operator.py for tasks to queue
[2025-08-18T17:58:08.730+0000] {logging_mixin.py:151} INFO - [2025-08-18T17:58:08.729+0000] {dagbag.py:536} INFO - Filling up the DagBag from /home/airflow/.local/lib/python3.8/site-packages/airflow/example_dags/example_short_circuit_operator.py
[2025-08-18T17:58:08.876+0000] {processor.py:839} INFO - DAG(s) dict_keys(['example_short_circuit_operator']) retrieved from /home/airflow/.local/lib/python3.8/site-packages/airflow/example_dags/example_short_circuit_operator.py
[2025-08-18T17:58:08.950+0000] {logging_mixin.py:151} INFO - [2025-08-18T17:58:08.948+0000] {dag.py:2941} INFO - Sync 1 DAGs
[2025-08-18T17:58:09.269+0000] {logging_mixin.py:151} INFO - [2025-08-18T17:58:09.268+0000] {dag.py:3722} INFO - Setting next_dagrun for example_short_circuit_operator to 2025-08-17T17:58:09.267461+00:00, run_after=2025-08-18T17:58:09.267461+00:00
[2025-08-18T17:58:09.540+0000] {processor.py:179} INFO - Processing /home/airflow/.local/lib/python3.8/site-packages/airflow/example_dags/example_short_circuit_operator.py took 1.021 seconds
[2025-08-18T17:58:40.036+0000] {processor.py:157} INFO - Started process (PID=162) to work on /home/airflow/.local/lib/python3.8/site-packages/airflow/example_dags/example_short_circuit_operator.py
[2025-08-18T17:58:40.038+0000] {processor.py:829} INFO - Processing file /home/airflow/.local/lib/python3.8/site-packages/airflow/example_dags/example_short_circuit_operator.py for tasks to queue
[2025-08-18T17:58:40.042+0000] {logging_mixin.py:151} INFO - [2025-08-18T17:58:40.041+0000] {dagbag.py:536} INFO - Filling up the DagBag from /home/airflow/.local/lib/python3.8/site-packages/airflow/example_dags/example_short_circuit_operator.py
[2025-08-18T17:58:40.057+0000] {processor.py:839} INFO - DAG(s) dict_keys(['example_short_circuit_operator']) retrieved from /home/airflow/.local/lib/python3.8/site-packages/airflow/example_dags/example_short_circuit_operator.py
[2025-08-18T17:58:40.097+0000] {logging_mixin.py:151} INFO - [2025-08-18T17:58:40.097+0000] {dag.py:2941} INFO - Sync 1 DAGs
[2025-08-18T17:58:40.140+0000] {logging_mixin.py:151} INFO - [2025-08-18T17:58:40.139+0000] {dag.py:3722} INFO - Setting next_dagrun for example_short_circuit_operator to 2025-08-17T17:58:40.139312+00:00, run_after=2025-08-18T17:58:40.139312+00:00
[2025-08-18T17:58:40.187+0000] {processor.py:179} INFO - Processing /home/airflow/.local/lib/python3.8/site-packages/airflow/example_dags/example_short_circuit_operator.py took 0.157 seconds
[2025-08-18T17:59:15.163+0000] {processor.py:157} INFO - Started process (PID=216) to work on /home/airflow/.local/lib/python3.8/site-packages/airflow/example_dags/example_short_circuit_operator.py
[2025-08-18T17:59:15.166+0000] {processor.py:829} INFO - Processing file /home/airflow/.local/lib/python3.8/site-packages/airflow/example_dags/example_short_circuit_operator.py for tasks to queue
[2025-08-18T17:59:15.174+0000] {logging_mixin.py:151} INFO - [2025-08-18T17:59:15.174+0000] {dagbag.py:536} INFO - Filling up the DagBag from /home/airflow/.local/lib/python3.8/site-packages/airflow/example_dags/example_short_circuit_operator.py
[2025-08-18T17:59:15.193+0000] {processor.py:839} INFO - DAG(s) dict_keys(['example_short_circuit_operator']) retrieved from /home/airflow/.local/lib/python3.8/site-packages/airflow/example_dags/example_short_circuit_operator.py
[2025-08-18T17:59:15.260+0000] {logging_mixin.py:151} INFO - [2025-08-18T17:59:15.260+0000] {dag.py:2941} INFO - Sync 1 DAGs
[2025-08-18T17:59:15.316+0000] {logging_mixin.py:151} INFO - [2025-08-18T17:59:15.316+0000] {dag.py:3722} INFO - Setting next_dagrun for example_short_circuit_operator to 2025-08-17T17:59:15.315181+00:00, run_after=2025-08-18T17:59:15.315181+00:00
[2025-08-18T17:59:15.372+0000] {processor.py:179} INFO - Processing /home/airflow/.local/lib/python3.8/site-packages/airflow/example_dags/example_short_circuit_operator.py took 0.217 seconds
[2025-08-18T17:59:46.006+0000] {processor.py:157} INFO - Started process (PID=270) to work on /home/airflow/.local/lib/python3.8/site-packages/airflow/example_dags/example_short_circuit_operator.py
[2025-08-18T17:59:46.008+0000] {processor.py:829} INFO - Processing file /home/airflow/.local/lib/python3.8/site-packages/airflow/example_dags/example_short_circuit_operator.py for tasks to queue
[2025-08-18T17:59:46.011+0000] {logging_mixin.py:151} INFO - [2025-08-18T17:59:46.011+0000] {dagbag.py:536} INFO - Filling up the DagBag from /home/airflow/.local/lib/python3.8/site-packages/airflow/example_dags/example_short_circuit_operator.py
[2025-08-18T17:59:46.025+0000] {processor.py:839} INFO - DAG(s) dict_keys(['example_short_circuit_operator']) retrieved from /home/airflow/.local/lib/python3.8/site-packages/airflow/example_dags/example_short_circuit_operator.py
[2025-08-18T17:59:46.076+0000] {logging_mixin.py:151} INFO - [2025-08-18T17:59:46.075+0000] {dag.py:2941} INFO - Sync 1 DAGs
[2025-08-18T17:59:46.130+0000] {logging_mixin.py:151} INFO - [2025-08-18T17:59:46.130+0000] {dag.py:3722} INFO - Setting next_dagrun for example_short_circuit_operator to 2025-08-17T17:59:46.129819+00:00, run_after=2025-08-18T17:59:46.129819+00:00
[2025-08-18T17:59:46.170+0000] {processor.py:179} INFO - Processing /home/airflow/.local/lib/python3.8/site-packages/airflow/example_dags/example_short_circuit_operator.py took 0.172 seconds
[2025-08-18T18:00:17.486+0000] {processor.py:157} INFO - Started process (PID=324) to work on /home/airflow/.local/lib/python3.8/site-packages/airflow/example_dags/example_short_circuit_operator.py
[2025-08-18T18:00:17.490+0000] {processor.py:829} INFO - Processing file /home/airflow/.local/lib/python3.8/site-packages/airflow/example_dags/example_short_circuit_operator.py for tasks to queue
[2025-08-18T18:00:17.496+0000] {logging_mixin.py:151} INFO - [2025-08-18T18:00:17.495+0000] {dagbag.py:536} INFO - Filling up the DagBag from /home/airflow/.local/lib/python3.8/site-packages/airflow/example_dags/example_short_circuit_operator.py
[2025-08-18T18:00:17.512+0000] {processor.py:839} INFO - DAG(s) dict_keys(['example_short_circuit_operator']) retrieved from /home/airflow/.local/lib/python3.8/site-packages/airflow/example_dags/example_short_circuit_operator.py
[2025-08-18T18:00:17.559+0000] {logging_mixin.py:151} INFO - [2025-08-18T18:00:17.559+0000] {dag.py:2941} INFO - Sync 1 DAGs
[2025-08-18T18:00:17.600+0000] {logging_mixin.py:151} INFO - [2025-08-18T18:00:17.599+0000] {dag.py:3722} INFO - Setting next_dagrun for example_short_circuit_operator to 2025-08-17T18:00:17.599520+00:00, run_after=2025-08-18T18:00:17.599520+00:00
[2025-08-18T18:00:17.641+0000] {processor.py:179} INFO - Processing /home/airflow/.local/lib/python3.8/site-packages/airflow/example_dags/example_short_circuit_operator.py took 0.167 seconds
[2025-08-18T18:00:48.418+0000] {processor.py:157} INFO - Started process (PID=378) to work on /home/airflow/.local/lib/python3.8/site-packages/airflow/example_dags/example_short_circuit_operator.py
[2025-08-18T18:00:48.420+0000] {processor.py:829} INFO - Processing file /home/airflow/.local/lib/python3.8/site-packages/airflow/example_dags/example_short_circuit_operator.py for tasks to queue
[2025-08-18T18:00:48.424+0000] {logging_mixin.py:151} INFO - [2025-08-18T18:00:48.423+0000] {dagbag.py:536} INFO - Filling up the DagBag from /home/airflow/.local/lib/python3.8/site-packages/airflow/example_dags/example_short_circuit_operator.py
[2025-08-18T18:00:48.435+0000] {processor.py:839} INFO - DAG(s) dict_keys(['example_short_circuit_operator']) retrieved from /home/airflow/.local/lib/python3.8/site-packages/airflow/example_dags/example_short_circuit_operator.py
[2025-08-18T18:00:48.644+0000] {logging_mixin.py:151} INFO - [2025-08-18T18:00:48.644+0000] {dag.py:2941} INFO - Sync 1 DAGs
[2025-08-18T18:00:48.838+0000] {logging_mixin.py:151} INFO - [2025-08-18T18:00:48.838+0000] {dag.py:3722} INFO - Setting next_dagrun for example_short_circuit_operator to 2025-08-17T18:00:48.835705+00:00, run_after=2025-08-18T18:00:48.835705+00:00
[2025-08-18T18:00:48.903+0000] {processor.py:179} INFO - Processing /home/airflow/.local/lib/python3.8/site-packages/airflow/example_dags/example_short_circuit_operator.py took 0.493 seconds
[2025-08-18T18:01:19.839+0000] {processor.py:157} INFO - Started process (PID=432) to work on /home/airflow/.local/lib/python3.8/site-packages/airflow/example_dags/example_short_circuit_operator.py
[2025-08-18T18:01:19.841+0000] {processor.py:829} INFO - Processing file /home/airflow/.local/lib/python3.8/site-packages/airflow/example_dags/example_short_circuit_operator.py for tasks to queue
[2025-08-18T18:01:19.845+0000] {logging_mixin.py:151} INFO - [2025-08-18T18:01:19.845+0000] {dagbag.py:536} INFO - Filling up the DagBag from /home/airflow/.local/lib/python3.8/site-packages/airflow/example_dags/example_short_circuit_operator.py
[2025-08-18T18:01:19.860+0000] {processor.py:839} INFO - DAG(s) dict_keys(['example_short_circuit_operator']) retrieved from /home/airflow/.local/lib/python3.8/site-packages/airflow/example_dags/example_short_circuit_operator.py
[2025-08-18T18:01:19.905+0000] {logging_mixin.py:151} INFO - [2025-08-18T18:01:19.904+0000] {dag.py:2941} INFO - Sync 1 DAGs
[2025-08-18T18:01:19.940+0000] {logging_mixin.py:151} INFO - [2025-08-18T18:01:19.940+0000] {dag.py:3722} INFO - Setting next_dagrun for example_short_circuit_operator to 2025-08-17T18:01:19.939741+00:00, run_after=2025-08-18T18:01:19.939741+00:00
[2025-08-18T18:01:19.975+0000] {processor.py:179} INFO - Processing /home/airflow/.local/lib/python3.8/site-packages/airflow/example_dags/example_short_circuit_operator.py took 0.149 seconds
[2025-08-18T18:01:50.103+0000] {processor.py:157} INFO - Started process (PID=486) to work on /home/airflow/.local/lib/python3.8/site-packages/airflow/example_dags/example_short_circuit_operator.py
[2025-08-18T18:01:50.106+0000] {processor.py:829} INFO - Processing file /home/airflow/.local/lib/python3.8/site-packages/airflow/example_dags/example_short_circuit_operator.py for tasks to queue
[2025-08-18T18:01:50.113+0000] {logging_mixin.py:151} INFO - [2025-08-18T18:01:50.112+0000] {dagbag.py:536} INFO - Filling up the DagBag from /home/airflow/.local/lib/python3.8/site-packages/airflow/example_dags/example_short_circuit_operator.py
[2025-08-18T18:01:50.132+0000] {processor.py:839} INFO - DAG(s) dict_keys(['example_short_circuit_operator']) retrieved from /home/airflow/.local/lib/python3.8/site-packages/airflow/example_dags/example_short_circuit_operator.py
[2025-08-18T18:01:50.177+0000] {logging_mixin.py:151} INFO - [2025-08-18T18:01:50.177+0000] {dag.py:2941} INFO - Sync 1 DAGs
[2025-08-18T18:01:50.218+0000] {logging_mixin.py:151} INFO - [2025-08-18T18:01:50.217+0000] {dag.py:3722} INFO - Setting next_dagrun for example_short_circuit_operator to 2025-08-17T18:01:50.217440+00:00, run_after=2025-08-18T18:01:50.217440+00:00
[2025-08-18T18:01:50.268+0000] {processor.py:179} INFO - Processing /home/airflow/.local/lib/python3.8/site-packages/airflow/example_dags/example_short_circuit_operator.py took 0.185 seconds
[2025-08-18T18:02:20.940+0000] {processor.py:157} INFO - Started process (PID=540) to work on /home/airflow/.local/lib/python3.8/site-packages/airflow/example_dags/example_short_circuit_operator.py
[2025-08-18T18:02:20.945+0000] {processor.py:829} INFO - Processing file /home/airflow/.local/lib/python3.8/site-packages/airflow/example_dags/example_short_circuit_operator.py for tasks to queue
[2025-08-18T18:02:20.952+0000] {logging_mixin.py:151} INFO - [2025-08-18T18:02:20.951+0000] {dagbag.py:536} INFO - Filling up the DagBag from /home/airflow/.local/lib/python3.8/site-packages/airflow/example_dags/example_short_circuit_operator.py
[2025-08-18T18:02:20.981+0000] {processor.py:839} INFO - DAG(s) dict_keys(['example_short_circuit_operator']) retrieved from /home/airflow/.local/lib/python3.8/site-packages/airflow/example_dags/example_short_circuit_operator.py
[2025-08-18T18:02:21.046+0000] {logging_mixin.py:151} INFO - [2025-08-18T18:02:21.045+0000] {dag.py:2941} INFO - Sync 1 DAGs
[2025-08-18T18:02:21.095+0000] {logging_mixin.py:151} INFO - [2025-08-18T18:02:21.094+0000] {dag.py:3722} INFO - Setting next_dagrun for example_short_circuit_operator to 2025-08-17T18:02:21.093546+00:00, run_after=2025-08-18T18:02:21.093546+00:00
[2025-08-18T18:02:21.139+0000] {processor.py:179} INFO - Processing /home/airflow/.local/lib/python3.8/site-packages/airflow/example_dags/example_short_circuit_operator.py took 0.207 seconds
[2025-08-18T18:02:51.947+0000] {processor.py:157} INFO - Started process (PID=594) to work on /home/airflow/.local/lib/python3.8/site-packages/airflow/example_dags/example_short_circuit_operator.py
[2025-08-18T18:02:51.949+0000] {processor.py:829} INFO - Processing file /home/airflow/.local/lib/python3.8/site-packages/airflow/example_dags/example_short_circuit_operator.py for tasks to queue
[2025-08-18T18:02:51.952+0000] {logging_mixin.py:151} INFO - [2025-08-18T18:02:51.952+0000] {dagbag.py:536} INFO - Filling up the DagBag from /home/airflow/.local/lib/python3.8/site-packages/airflow/example_dags/example_short_circuit_operator.py
[2025-08-18T18:02:51.963+0000] {processor.py:839} INFO - DAG(s) dict_keys(['example_short_circuit_operator']) retrieved from /home/airflow/.local/lib/python3.8/site-packages/airflow/example_dags/example_short_circuit_operator.py
[2025-08-18T18:02:51.998+0000] {logging_mixin.py:151} INFO - [2025-08-18T18:02:51.998+0000] {dag.py:2941} INFO - Sync 1 DAGs
[2025-08-18T18:02:52.032+0000] {logging_mixin.py:151} INFO - [2025-08-18T18:02:52.032+0000] {dag.py:3722} INFO - Setting next_dagrun for example_short_circuit_operator to 2025-08-17T18:02:52.031685+00:00, run_after=2025-08-18T18:02:52.031685+00:00
[2025-08-18T18:02:52.061+0000] {processor.py:179} INFO - Processing /home/airflow/.local/lib/python3.8/site-packages/airflow/example_dags/example_short_circuit_operator.py took 0.119 seconds
[2025-08-18T18:03:22.859+0000] {processor.py:157} INFO - Started process (PID=649) to work on /home/airflow/.local/lib/python3.8/site-packages/airflow/example_dags/example_short_circuit_operator.py
[2025-08-18T18:03:22.862+0000] {processor.py:829} INFO - Processing file /home/airflow/.local/lib/python3.8/site-packages/airflow/example_dags/example_short_circuit_operator.py for tasks to queue
[2025-08-18T18:03:22.867+0000] {logging_mixin.py:151} INFO - [2025-08-18T18:03:22.866+0000] {dagbag.py:536} INFO - Filling up the DagBag from /home/airflow/.local/lib/python3.8/site-packages/airflow/example_dags/example_short_circuit_operator.py
[2025-08-18T18:03:22.886+0000] {processor.py:839} INFO - DAG(s) dict_keys(['example_short_circuit_operator']) retrieved from /home/airflow/.local/lib/python3.8/site-packages/airflow/example_dags/example_short_circuit_operator.py
[2025-08-18T18:03:22.952+0000] {logging_mixin.py:151} INFO - [2025-08-18T18:03:22.951+0000] {dag.py:2941} INFO - Sync 1 DAGs
[2025-08-18T18:03:23.011+0000] {logging_mixin.py:151} INFO - [2025-08-18T18:03:23.011+0000] {dag.py:3722} INFO - Setting next_dagrun for example_short_circuit_operator to 2025-08-17T18:03:23.010952+00:00, run_after=2025-08-18T18:03:23.010952+00:00
[2025-08-18T18:03:23.074+0000] {processor.py:179} INFO - Processing /home/airflow/.local/lib/python3.8/site-packages/airflow/example_dags/example_short_circuit_operator.py took 0.222 seconds
[2025-08-18T18:03:54.076+0000] {processor.py:157} INFO - Started process (PID=703) to work on /home/airflow/.local/lib/python3.8/site-packages/airflow/example_dags/example_short_circuit_operator.py
[2025-08-18T18:03:54.078+0000] {processor.py:829} INFO - Processing file /home/airflow/.local/lib/python3.8/site-packages/airflow/example_dags/example_short_circuit_operator.py for tasks to queue
[2025-08-18T18:03:54.080+0000] {logging_mixin.py:151} INFO - [2025-08-18T18:03:54.080+0000] {dagbag.py:536} INFO - Filling up the DagBag from /home/airflow/.local/lib/python3.8/site-packages/airflow/example_dags/example_short_circuit_operator.py
[2025-08-18T18:03:54.089+0000] {processor.py:839} INFO - DAG(s) dict_keys(['example_short_circuit_operator']) retrieved from /home/airflow/.local/lib/python3.8/site-packages/airflow/example_dags/example_short_circuit_operator.py
[2025-08-18T18:03:54.126+0000] {logging_mixin.py:151} INFO - [2025-08-18T18:03:54.126+0000] {dag.py:2941} INFO - Sync 1 DAGs
[2025-08-18T18:03:54.157+0000] {logging_mixin.py:151} INFO - [2025-08-18T18:03:54.156+0000] {dag.py:3722} INFO - Setting next_dagrun for example_short_circuit_operator to 2025-08-17T18:03:54.155987+00:00, run_after=2025-08-18T18:03:54.155987+00:00
[2025-08-18T18:03:54.183+0000] {processor.py:179} INFO - Processing /home/airflow/.local/lib/python3.8/site-packages/airflow/example_dags/example_short_circuit_operator.py took 0.111 seconds
[2025-08-18T18:04:24.619+0000] {processor.py:157} INFO - Started process (PID=757) to work on /home/airflow/.local/lib/python3.8/site-packages/airflow/example_dags/example_short_circuit_operator.py
[2025-08-18T18:04:24.620+0000] {processor.py:829} INFO - Processing file /home/airflow/.local/lib/python3.8/site-packages/airflow/example_dags/example_short_circuit_operator.py for tasks to queue
[2025-08-18T18:04:24.623+0000] {logging_mixin.py:151} INFO - [2025-08-18T18:04:24.622+0000] {dagbag.py:536} INFO - Filling up the DagBag from /home/airflow/.local/lib/python3.8/site-packages/airflow/example_dags/example_short_circuit_operator.py
[2025-08-18T18:04:24.632+0000] {processor.py:839} INFO - DAG(s) dict_keys(['example_short_circuit_operator']) retrieved from /home/airflow/.local/lib/python3.8/site-packages/airflow/example_dags/example_short_circuit_operator.py
[2025-08-18T18:04:24.667+0000] {logging_mixin.py:151} INFO - [2025-08-18T18:04:24.667+0000] {dag.py:2941} INFO - Sync 1 DAGs
[2025-08-18T18:04:24.699+0000] {logging_mixin.py:151} INFO - [2025-08-18T18:04:24.699+0000] {dag.py:3722} INFO - Setting next_dagrun for example_short_circuit_operator to 2025-08-17T18:04:24.699125+00:00, run_after=2025-08-18T18:04:24.699125+00:00
[2025-08-18T18:04:24.732+0000] {processor.py:179} INFO - Processing /home/airflow/.local/lib/python3.8/site-packages/airflow/example_dags/example_short_circuit_operator.py took 0.118 seconds
[2025-08-18T18:04:54.908+0000] {processor.py:157} INFO - Started process (PID=811) to work on /home/airflow/.local/lib/python3.8/site-packages/airflow/example_dags/example_short_circuit_operator.py
[2025-08-18T18:04:54.909+0000] {processor.py:829} INFO - Processing file /home/airflow/.local/lib/python3.8/site-packages/airflow/example_dags/example_short_circuit_operator.py for tasks to queue
[2025-08-18T18:04:54.914+0000] {logging_mixin.py:151} INFO - [2025-08-18T18:04:54.913+0000] {dagbag.py:536} INFO - Filling up the DagBag from /home/airflow/.local/lib/python3.8/site-packages/airflow/example_dags/example_short_circuit_operator.py
[2025-08-18T18:04:54.933+0000] {processor.py:839} INFO - DAG(s) dict_keys(['example_short_circuit_operator']) retrieved from /home/airflow/.local/lib/python3.8/site-packages/airflow/example_dags/example_short_circuit_operator.py
[2025-08-18T18:04:54.994+0000] {logging_mixin.py:151} INFO - [2025-08-18T18:04:54.993+0000] {dag.py:2941} INFO - Sync 1 DAGs
[2025-08-18T18:04:55.040+0000] {logging_mixin.py:151} INFO - [2025-08-18T18:04:55.040+0000] {dag.py:3722} INFO - Setting next_dagrun for example_short_circuit_operator to 2025-08-17T18:04:55.040002+00:00, run_after=2025-08-18T18:04:55.040002+00:00
[2025-08-18T18:04:55.087+0000] {processor.py:179} INFO - Processing /home/airflow/.local/lib/python3.8/site-packages/airflow/example_dags/example_short_circuit_operator.py took 0.193 seconds
