[2025-08-18T17:56:42.600+0000] {processor.py:157} INFO - Started process (PID=114) to work on /home/airflow/.local/lib/python3.8/site-packages/airflow/example_dags/example_branch_operator_decorator.py
[2025-08-18T17:56:42.604+0000] {processor.py:829} INFO - Processing file /home/airflow/.local/lib/python3.8/site-packages/airflow/example_dags/example_branch_operator_decorator.py for tasks to queue
[2025-08-18T17:56:42.609+0000] {logging_mixin.py:151} INFO - [2025-08-18T17:56:42.608+0000] {dagbag.py:536} INFO - Filling up the DagBag from /home/airflow/.local/lib/python3.8/site-packages/airflow/example_dags/example_branch_operator_decorator.py
[2025-08-18T17:56:42.626+0000] {processor.py:839} INFO - DAG(s) dict_keys(['example_branch_python_operator_decorator']) retrieved from /home/airflow/.local/lib/python3.8/site-packages/airflow/example_dags/example_branch_operator_decorator.py
[2025-08-18T17:56:42.681+0000] {logging_mixin.py:151} INFO - [2025-08-18T17:56:42.679+0000] {dag.py:2941} INFO - Sync 1 DAGs
[2025-08-18T17:56:42.752+0000] {logging_mixin.py:151} INFO - [2025-08-18T17:56:42.750+0000] {dag.py:3722} INFO - Setting next_dagrun for example_branch_python_operator_decorator to 2025-08-17T00:00:00+00:00, run_after=2025-08-18T00:00:00+00:00
[2025-08-18T17:56:42.810+0000] {processor.py:179} INFO - Processing /home/airflow/.local/lib/python3.8/site-packages/airflow/example_dags/example_branch_operator_decorator.py took 0.245 seconds
[2025-08-18T17:58:07.629+0000] {processor.py:157} INFO - Started process (PID=107) to work on /home/airflow/.local/lib/python3.8/site-packages/airflow/example_dags/example_branch_operator_decorator.py
[2025-08-18T17:58:07.640+0000] {processor.py:829} INFO - Processing file /home/airflow/.local/lib/python3.8/site-packages/airflow/example_dags/example_branch_operator_decorator.py for tasks to queue
[2025-08-18T17:58:07.673+0000] {logging_mixin.py:151} INFO - [2025-08-18T17:58:07.672+0000] {dagbag.py:536} INFO - Filling up the DagBag from /home/airflow/.local/lib/python3.8/site-packages/airflow/example_dags/example_branch_operator_decorator.py
[2025-08-18T17:58:08.229+0000] {processor.py:839} INFO - DAG(s) dict_keys(['example_branch_python_operator_decorator']) retrieved from /home/airflow/.local/lib/python3.8/site-packages/airflow/example_dags/example_branch_operator_decorator.py
[2025-08-18T17:58:08.438+0000] {logging_mixin.py:151} INFO - [2025-08-18T17:58:08.438+0000] {dag.py:2941} INFO - Sync 1 DAGs
[2025-08-18T17:58:08.727+0000] {logging_mixin.py:151} INFO - [2025-08-18T17:58:08.727+0000] {dag.py:3722} INFO - Setting next_dagrun for example_branch_python_operator_decorator to 2025-08-17T00:00:00+00:00, run_after=2025-08-18T00:00:00+00:00
[2025-08-18T17:58:08.848+0000] {processor.py:179} INFO - Processing /home/airflow/.local/lib/python3.8/site-packages/airflow/example_dags/example_branch_operator_decorator.py took 1.248 seconds
[2025-08-18T17:58:40.024+0000] {processor.py:157} INFO - Started process (PID=161) to work on /home/airflow/.local/lib/python3.8/site-packages/airflow/example_dags/example_branch_operator_decorator.py
[2025-08-18T17:58:40.026+0000] {processor.py:829} INFO - Processing file /home/airflow/.local/lib/python3.8/site-packages/airflow/example_dags/example_branch_operator_decorator.py for tasks to queue
[2025-08-18T17:58:40.029+0000] {logging_mixin.py:151} INFO - [2025-08-18T17:58:40.029+0000] {dagbag.py:536} INFO - Filling up the DagBag from /home/airflow/.local/lib/python3.8/site-packages/airflow/example_dags/example_branch_operator_decorator.py
[2025-08-18T17:58:40.048+0000] {processor.py:839} INFO - DAG(s) dict_keys(['example_branch_python_operator_decorator']) retrieved from /home/airflow/.local/lib/python3.8/site-packages/airflow/example_dags/example_branch_operator_decorator.py
[2025-08-18T17:58:40.092+0000] {logging_mixin.py:151} INFO - [2025-08-18T17:58:40.092+0000] {dag.py:2941} INFO - Sync 1 DAGs
[2025-08-18T17:58:40.135+0000] {logging_mixin.py:151} INFO - [2025-08-18T17:58:40.135+0000] {dag.py:3722} INFO - Setting next_dagrun for example_branch_python_operator_decorator to 2025-08-17T00:00:00+00:00, run_after=2025-08-18T00:00:00+00:00
[2025-08-18T17:58:40.176+0000] {processor.py:179} INFO - Processing /home/airflow/.local/lib/python3.8/site-packages/airflow/example_dags/example_branch_operator_decorator.py took 0.162 seconds
[2025-08-18T17:59:14.920+0000] {processor.py:157} INFO - Started process (PID=215) to work on /home/airflow/.local/lib/python3.8/site-packages/airflow/example_dags/example_branch_operator_decorator.py
[2025-08-18T17:59:14.925+0000] {processor.py:829} INFO - Processing file /home/airflow/.local/lib/python3.8/site-packages/airflow/example_dags/example_branch_operator_decorator.py for tasks to queue
[2025-08-18T17:59:14.936+0000] {logging_mixin.py:151} INFO - [2025-08-18T17:59:14.935+0000] {dagbag.py:536} INFO - Filling up the DagBag from /home/airflow/.local/lib/python3.8/site-packages/airflow/example_dags/example_branch_operator_decorator.py
[2025-08-18T17:59:14.980+0000] {processor.py:839} INFO - DAG(s) dict_keys(['example_branch_python_operator_decorator']) retrieved from /home/airflow/.local/lib/python3.8/site-packages/airflow/example_dags/example_branch_operator_decorator.py
[2025-08-18T17:59:15.062+0000] {logging_mixin.py:151} INFO - [2025-08-18T17:59:15.062+0000] {dag.py:2941} INFO - Sync 1 DAGs
[2025-08-18T17:59:15.130+0000] {logging_mixin.py:151} INFO - [2025-08-18T17:59:15.130+0000] {dag.py:3722} INFO - Setting next_dagrun for example_branch_python_operator_decorator to 2025-08-17T00:00:00+00:00, run_after=2025-08-18T00:00:00+00:00
[2025-08-18T17:59:15.195+0000] {processor.py:179} INFO - Processing /home/airflow/.local/lib/python3.8/site-packages/airflow/example_dags/example_branch_operator_decorator.py took 0.290 seconds
[2025-08-18T17:59:45.827+0000] {processor.py:157} INFO - Started process (PID=269) to work on /home/airflow/.local/lib/python3.8/site-packages/airflow/example_dags/example_branch_operator_decorator.py
[2025-08-18T17:59:45.829+0000] {processor.py:829} INFO - Processing file /home/airflow/.local/lib/python3.8/site-packages/airflow/example_dags/example_branch_operator_decorator.py for tasks to queue
[2025-08-18T17:59:45.834+0000] {logging_mixin.py:151} INFO - [2025-08-18T17:59:45.833+0000] {dagbag.py:536} INFO - Filling up the DagBag from /home/airflow/.local/lib/python3.8/site-packages/airflow/example_dags/example_branch_operator_decorator.py
[2025-08-18T17:59:45.856+0000] {processor.py:839} INFO - DAG(s) dict_keys(['example_branch_python_operator_decorator']) retrieved from /home/airflow/.local/lib/python3.8/site-packages/airflow/example_dags/example_branch_operator_decorator.py
[2025-08-18T17:59:45.901+0000] {logging_mixin.py:151} INFO - [2025-08-18T17:59:45.900+0000] {dag.py:2941} INFO - Sync 1 DAGs
[2025-08-18T17:59:45.947+0000] {logging_mixin.py:151} INFO - [2025-08-18T17:59:45.946+0000] {dag.py:3722} INFO - Setting next_dagrun for example_branch_python_operator_decorator to 2025-08-17T00:00:00+00:00, run_after=2025-08-18T00:00:00+00:00
[2025-08-18T17:59:45.986+0000] {processor.py:179} INFO - Processing /home/airflow/.local/lib/python3.8/site-packages/airflow/example_dags/example_branch_operator_decorator.py took 0.164 seconds
[2025-08-18T18:00:17.255+0000] {processor.py:157} INFO - Started process (PID=323) to work on /home/airflow/.local/lib/python3.8/site-packages/airflow/example_dags/example_branch_operator_decorator.py
[2025-08-18T18:00:17.257+0000] {processor.py:829} INFO - Processing file /home/airflow/.local/lib/python3.8/site-packages/airflow/example_dags/example_branch_operator_decorator.py for tasks to queue
[2025-08-18T18:00:17.261+0000] {logging_mixin.py:151} INFO - [2025-08-18T18:00:17.261+0000] {dagbag.py:536} INFO - Filling up the DagBag from /home/airflow/.local/lib/python3.8/site-packages/airflow/example_dags/example_branch_operator_decorator.py
[2025-08-18T18:00:17.278+0000] {processor.py:839} INFO - DAG(s) dict_keys(['example_branch_python_operator_decorator']) retrieved from /home/airflow/.local/lib/python3.8/site-packages/airflow/example_dags/example_branch_operator_decorator.py
[2025-08-18T18:00:17.328+0000] {logging_mixin.py:151} INFO - [2025-08-18T18:00:17.327+0000] {dag.py:2941} INFO - Sync 1 DAGs
[2025-08-18T18:00:17.379+0000] {logging_mixin.py:151} INFO - [2025-08-18T18:00:17.379+0000] {dag.py:3722} INFO - Setting next_dagrun for example_branch_python_operator_decorator to 2025-08-17T00:00:00+00:00, run_after=2025-08-18T00:00:00+00:00
[2025-08-18T18:00:17.432+0000] {processor.py:179} INFO - Processing /home/airflow/.local/lib/python3.8/site-packages/airflow/example_dags/example_branch_operator_decorator.py took 0.187 seconds
[2025-08-18T18:00:47.923+0000] {processor.py:157} INFO - Started process (PID=377) to work on /home/airflow/.local/lib/python3.8/site-packages/airflow/example_dags/example_branch_operator_decorator.py
[2025-08-18T18:00:47.926+0000] {processor.py:829} INFO - Processing file /home/airflow/.local/lib/python3.8/site-packages/airflow/example_dags/example_branch_operator_decorator.py for tasks to queue
[2025-08-18T18:00:47.935+0000] {logging_mixin.py:151} INFO - [2025-08-18T18:00:47.934+0000] {dagbag.py:536} INFO - Filling up the DagBag from /home/airflow/.local/lib/python3.8/site-packages/airflow/example_dags/example_branch_operator_decorator.py
[2025-08-18T18:00:47.981+0000] {processor.py:839} INFO - DAG(s) dict_keys(['example_branch_python_operator_decorator']) retrieved from /home/airflow/.local/lib/python3.8/site-packages/airflow/example_dags/example_branch_operator_decorator.py
[2025-08-18T18:00:48.091+0000] {logging_mixin.py:151} INFO - [2025-08-18T18:00:48.091+0000] {dag.py:2941} INFO - Sync 1 DAGs
[2025-08-18T18:00:48.186+0000] {logging_mixin.py:151} INFO - [2025-08-18T18:00:48.185+0000] {dag.py:3722} INFO - Setting next_dagrun for example_branch_python_operator_decorator to 2025-08-17T00:00:00+00:00, run_after=2025-08-18T00:00:00+00:00
[2025-08-18T18:00:48.384+0000] {processor.py:179} INFO - Processing /home/airflow/.local/lib/python3.8/site-packages/airflow/example_dags/example_branch_operator_decorator.py took 0.472 seconds
[2025-08-18T18:01:18.611+0000] {processor.py:157} INFO - Started process (PID=431) to work on /home/airflow/.local/lib/python3.8/site-packages/airflow/example_dags/example_branch_operator_decorator.py
[2025-08-18T18:01:18.613+0000] {processor.py:829} INFO - Processing file /home/airflow/.local/lib/python3.8/site-packages/airflow/example_dags/example_branch_operator_decorator.py for tasks to queue
[2025-08-18T18:01:18.622+0000] {logging_mixin.py:151} INFO - [2025-08-18T18:01:18.621+0000] {dagbag.py:536} INFO - Filling up the DagBag from /home/airflow/.local/lib/python3.8/site-packages/airflow/example_dags/example_branch_operator_decorator.py
[2025-08-18T18:01:18.645+0000] {processor.py:839} INFO - DAG(s) dict_keys(['example_branch_python_operator_decorator']) retrieved from /home/airflow/.local/lib/python3.8/site-packages/airflow/example_dags/example_branch_operator_decorator.py
[2025-08-18T18:01:18.690+0000] {logging_mixin.py:151} INFO - [2025-08-18T18:01:18.689+0000] {dag.py:2941} INFO - Sync 1 DAGs
[2025-08-18T18:01:18.766+0000] {logging_mixin.py:151} INFO - [2025-08-18T18:01:18.764+0000] {dag.py:3722} INFO - Setting next_dagrun for example_branch_python_operator_decorator to 2025-08-17T00:00:00+00:00, run_after=2025-08-18T00:00:00+00:00
[2025-08-18T18:01:18.818+0000] {processor.py:179} INFO - Processing /home/airflow/.local/lib/python3.8/site-packages/airflow/example_dags/example_branch_operator_decorator.py took 0.214 seconds
[2025-08-18T18:01:49.042+0000] {processor.py:157} INFO - Started process (PID=485) to work on /home/airflow/.local/lib/python3.8/site-packages/airflow/example_dags/example_branch_operator_decorator.py
[2025-08-18T18:01:49.043+0000] {processor.py:829} INFO - Processing file /home/airflow/.local/lib/python3.8/site-packages/airflow/example_dags/example_branch_operator_decorator.py for tasks to queue
[2025-08-18T18:01:49.048+0000] {logging_mixin.py:151} INFO - [2025-08-18T18:01:49.047+0000] {dagbag.py:536} INFO - Filling up the DagBag from /home/airflow/.local/lib/python3.8/site-packages/airflow/example_dags/example_branch_operator_decorator.py
[2025-08-18T18:01:49.073+0000] {processor.py:839} INFO - DAG(s) dict_keys(['example_branch_python_operator_decorator']) retrieved from /home/airflow/.local/lib/python3.8/site-packages/airflow/example_dags/example_branch_operator_decorator.py
[2025-08-18T18:01:49.127+0000] {logging_mixin.py:151} INFO - [2025-08-18T18:01:49.126+0000] {dag.py:2941} INFO - Sync 1 DAGs
[2025-08-18T18:01:49.169+0000] {logging_mixin.py:151} INFO - [2025-08-18T18:01:49.168+0000] {dag.py:3722} INFO - Setting next_dagrun for example_branch_python_operator_decorator to 2025-08-17T00:00:00+00:00, run_after=2025-08-18T00:00:00+00:00
[2025-08-18T18:01:49.206+0000] {processor.py:179} INFO - Processing /home/airflow/.local/lib/python3.8/site-packages/airflow/example_dags/example_branch_operator_decorator.py took 0.171 seconds
[2025-08-18T18:02:19.752+0000] {processor.py:157} INFO - Started process (PID=539) to work on /home/airflow/.local/lib/python3.8/site-packages/airflow/example_dags/example_branch_operator_decorator.py
[2025-08-18T18:02:19.753+0000] {processor.py:829} INFO - Processing file /home/airflow/.local/lib/python3.8/site-packages/airflow/example_dags/example_branch_operator_decorator.py for tasks to queue
[2025-08-18T18:02:19.758+0000] {logging_mixin.py:151} INFO - [2025-08-18T18:02:19.757+0000] {dagbag.py:536} INFO - Filling up the DagBag from /home/airflow/.local/lib/python3.8/site-packages/airflow/example_dags/example_branch_operator_decorator.py
[2025-08-18T18:02:19.776+0000] {processor.py:839} INFO - DAG(s) dict_keys(['example_branch_python_operator_decorator']) retrieved from /home/airflow/.local/lib/python3.8/site-packages/airflow/example_dags/example_branch_operator_decorator.py
[2025-08-18T18:02:19.819+0000] {logging_mixin.py:151} INFO - [2025-08-18T18:02:19.819+0000] {dag.py:2941} INFO - Sync 1 DAGs
[2025-08-18T18:02:19.862+0000] {logging_mixin.py:151} INFO - [2025-08-18T18:02:19.862+0000] {dag.py:3722} INFO - Setting next_dagrun for example_branch_python_operator_decorator to 2025-08-17T00:00:00+00:00, run_after=2025-08-18T00:00:00+00:00
[2025-08-18T18:02:19.896+0000] {processor.py:179} INFO - Processing /home/airflow/.local/lib/python3.8/site-packages/airflow/example_dags/example_branch_operator_decorator.py took 0.150 seconds
[2025-08-18T18:02:50.786+0000] {processor.py:157} INFO - Started process (PID=593) to work on /home/airflow/.local/lib/python3.8/site-packages/airflow/example_dags/example_branch_operator_decorator.py
[2025-08-18T18:02:50.788+0000] {processor.py:829} INFO - Processing file /home/airflow/.local/lib/python3.8/site-packages/airflow/example_dags/example_branch_operator_decorator.py for tasks to queue
[2025-08-18T18:02:50.792+0000] {logging_mixin.py:151} INFO - [2025-08-18T18:02:50.792+0000] {dagbag.py:536} INFO - Filling up the DagBag from /home/airflow/.local/lib/python3.8/site-packages/airflow/example_dags/example_branch_operator_decorator.py
[2025-08-18T18:02:50.807+0000] {processor.py:839} INFO - DAG(s) dict_keys(['example_branch_python_operator_decorator']) retrieved from /home/airflow/.local/lib/python3.8/site-packages/airflow/example_dags/example_branch_operator_decorator.py
[2025-08-18T18:02:50.846+0000] {logging_mixin.py:151} INFO - [2025-08-18T18:02:50.845+0000] {dag.py:2941} INFO - Sync 1 DAGs
[2025-08-18T18:02:50.887+0000] {logging_mixin.py:151} INFO - [2025-08-18T18:02:50.886+0000] {dag.py:3722} INFO - Setting next_dagrun for example_branch_python_operator_decorator to 2025-08-17T00:00:00+00:00, run_after=2025-08-18T00:00:00+00:00
[2025-08-18T18:02:50.924+0000] {processor.py:179} INFO - Processing /home/airflow/.local/lib/python3.8/site-packages/airflow/example_dags/example_branch_operator_decorator.py took 0.145 seconds
[2025-08-18T18:03:21.647+0000] {processor.py:157} INFO - Started process (PID=648) to work on /home/airflow/.local/lib/python3.8/site-packages/airflow/example_dags/example_branch_operator_decorator.py
[2025-08-18T18:03:21.649+0000] {processor.py:829} INFO - Processing file /home/airflow/.local/lib/python3.8/site-packages/airflow/example_dags/example_branch_operator_decorator.py for tasks to queue
[2025-08-18T18:03:21.654+0000] {logging_mixin.py:151} INFO - [2025-08-18T18:03:21.653+0000] {dagbag.py:536} INFO - Filling up the DagBag from /home/airflow/.local/lib/python3.8/site-packages/airflow/example_dags/example_branch_operator_decorator.py
[2025-08-18T18:03:21.670+0000] {processor.py:839} INFO - DAG(s) dict_keys(['example_branch_python_operator_decorator']) retrieved from /home/airflow/.local/lib/python3.8/site-packages/airflow/example_dags/example_branch_operator_decorator.py
[2025-08-18T18:03:21.721+0000] {logging_mixin.py:151} INFO - [2025-08-18T18:03:21.720+0000] {dag.py:2941} INFO - Sync 1 DAGs
[2025-08-18T18:03:21.771+0000] {logging_mixin.py:151} INFO - [2025-08-18T18:03:21.770+0000] {dag.py:3722} INFO - Setting next_dagrun for example_branch_python_operator_decorator to 2025-08-17T00:00:00+00:00, run_after=2025-08-18T00:00:00+00:00
[2025-08-18T18:03:21.817+0000] {processor.py:179} INFO - Processing /home/airflow/.local/lib/python3.8/site-packages/airflow/example_dags/example_branch_operator_decorator.py took 0.179 seconds
[2025-08-18T18:03:51.935+0000] {processor.py:157} INFO - Started process (PID=702) to work on /home/airflow/.local/lib/python3.8/site-packages/airflow/example_dags/example_branch_operator_decorator.py
[2025-08-18T18:03:51.937+0000] {processor.py:829} INFO - Processing file /home/airflow/.local/lib/python3.8/site-packages/airflow/example_dags/example_branch_operator_decorator.py for tasks to queue
[2025-08-18T18:03:51.940+0000] {logging_mixin.py:151} INFO - [2025-08-18T18:03:51.940+0000] {dagbag.py:536} INFO - Filling up the DagBag from /home/airflow/.local/lib/python3.8/site-packages/airflow/example_dags/example_branch_operator_decorator.py
[2025-08-18T18:03:51.956+0000] {processor.py:839} INFO - DAG(s) dict_keys(['example_branch_python_operator_decorator']) retrieved from /home/airflow/.local/lib/python3.8/site-packages/airflow/example_dags/example_branch_operator_decorator.py
[2025-08-18T18:03:51.989+0000] {logging_mixin.py:151} INFO - [2025-08-18T18:03:51.988+0000] {dag.py:2941} INFO - Sync 1 DAGs
[2025-08-18T18:03:52.021+0000] {logging_mixin.py:151} INFO - [2025-08-18T18:03:52.020+0000] {dag.py:3722} INFO - Setting next_dagrun for example_branch_python_operator_decorator to 2025-08-17T00:00:00+00:00, run_after=2025-08-18T00:00:00+00:00
[2025-08-18T18:03:52.046+0000] {processor.py:179} INFO - Processing /home/airflow/.local/lib/python3.8/site-packages/airflow/example_dags/example_branch_operator_decorator.py took 0.116 seconds
[2025-08-18T18:04:23.609+0000] {processor.py:157} INFO - Started process (PID=756) to work on /home/airflow/.local/lib/python3.8/site-packages/airflow/example_dags/example_branch_operator_decorator.py
[2025-08-18T18:04:23.610+0000] {processor.py:829} INFO - Processing file /home/airflow/.local/lib/python3.8/site-packages/airflow/example_dags/example_branch_operator_decorator.py for tasks to queue
[2025-08-18T18:04:23.614+0000] {logging_mixin.py:151} INFO - [2025-08-18T18:04:23.614+0000] {dagbag.py:536} INFO - Filling up the DagBag from /home/airflow/.local/lib/python3.8/site-packages/airflow/example_dags/example_branch_operator_decorator.py
[2025-08-18T18:04:23.633+0000] {processor.py:839} INFO - DAG(s) dict_keys(['example_branch_python_operator_decorator']) retrieved from /home/airflow/.local/lib/python3.8/site-packages/airflow/example_dags/example_branch_operator_decorator.py
[2025-08-18T18:04:23.670+0000] {logging_mixin.py:151} INFO - [2025-08-18T18:04:23.670+0000] {dag.py:2941} INFO - Sync 1 DAGs
[2025-08-18T18:04:23.719+0000] {logging_mixin.py:151} INFO - [2025-08-18T18:04:23.718+0000] {dag.py:3722} INFO - Setting next_dagrun for example_branch_python_operator_decorator to 2025-08-17T00:00:00+00:00, run_after=2025-08-18T00:00:00+00:00
[2025-08-18T18:04:23.770+0000] {processor.py:179} INFO - Processing /home/airflow/.local/lib/python3.8/site-packages/airflow/example_dags/example_branch_operator_decorator.py took 0.167 seconds
[2025-08-18T18:04:54.842+0000] {processor.py:157} INFO - Started process (PID=810) to work on /home/airflow/.local/lib/python3.8/site-packages/airflow/example_dags/example_branch_operator_decorator.py
[2025-08-18T18:04:54.845+0000] {processor.py:829} INFO - Processing file /home/airflow/.local/lib/python3.8/site-packages/airflow/example_dags/example_branch_operator_decorator.py for tasks to queue
[2025-08-18T18:04:54.849+0000] {logging_mixin.py:151} INFO - [2025-08-18T18:04:54.848+0000] {dagbag.py:536} INFO - Filling up the DagBag from /home/airflow/.local/lib/python3.8/site-packages/airflow/example_dags/example_branch_operator_decorator.py
[2025-08-18T18:04:54.883+0000] {processor.py:839} INFO - DAG(s) dict_keys(['example_branch_python_operator_decorator']) retrieved from /home/airflow/.local/lib/python3.8/site-packages/airflow/example_dags/example_branch_operator_decorator.py
[2025-08-18T18:04:54.942+0000] {logging_mixin.py:151} INFO - [2025-08-18T18:04:54.942+0000] {dag.py:2941} INFO - Sync 1 DAGs
[2025-08-18T18:04:55.006+0000] {logging_mixin.py:151} INFO - [2025-08-18T18:04:55.006+0000] {dag.py:3722} INFO - Setting next_dagrun for example_branch_python_operator_decorator to 2025-08-17T00:00:00+00:00, run_after=2025-08-18T00:00:00+00:00
[2025-08-18T18:04:55.049+0000] {processor.py:179} INFO - Processing /home/airflow/.local/lib/python3.8/site-packages/airflow/example_dags/example_branch_operator_decorator.py took 0.218 seconds
