[2025-08-18T17:56:39.248+0000] {processor.py:157} INFO - Started process (PID=109) to work on /home/airflow/.local/lib/python3.8/site-packages/airflow/example_dags/tutorial.py
[2025-08-18T17:56:39.266+0000] {processor.py:829} INFO - Processing file /home/airflow/.local/lib/python3.8/site-packages/airflow/example_dags/tutorial.py for tasks to queue
[2025-08-18T17:56:39.461+0000] {logging_mixin.py:151} INFO - [2025-08-18T17:56:39.450+0000] {dagbag.py:536} INFO - Filling up the DagBag from /home/airflow/.local/lib/python3.8/site-packages/airflow/example_dags/tutorial.py
[2025-08-18T17:56:39.623+0000] {processor.py:839} INFO - DAG(s) dict_keys(['tutorial']) retrieved from /home/airflow/.local/lib/python3.8/site-packages/airflow/example_dags/tutorial.py
[2025-08-18T17:56:40.560+0000] {logging_mixin.py:151} INFO - [2025-08-18T17:56:40.560+0000] {dag.py:2941} INFO - Sync 1 DAGs
[2025-08-18T17:56:40.691+0000] {logging_mixin.py:151} INFO - [2025-08-18T17:56:40.691+0000] {dag.py:3722} INFO - Setting next_dagrun for tutorial to 2025-08-17T17:56:40.690508+00:00, run_after=2025-08-18T17:56:40.690508+00:00
[2025-08-18T17:56:40.804+0000] {processor.py:179} INFO - Processing /home/airflow/.local/lib/python3.8/site-packages/airflow/example_dags/tutorial.py took 0.827 seconds
[2025-08-18T17:58:03.454+0000] {processor.py:157} INFO - Started process (PID=95) to work on /home/airflow/.local/lib/python3.8/site-packages/airflow/example_dags/tutorial.py
[2025-08-18T17:58:03.682+0000] {processor.py:829} INFO - Processing file /home/airflow/.local/lib/python3.8/site-packages/airflow/example_dags/tutorial.py for tasks to queue
[2025-08-18T17:58:03.887+0000] {logging_mixin.py:151} INFO - [2025-08-18T17:58:03.865+0000] {dagbag.py:536} INFO - Filling up the DagBag from /home/airflow/.local/lib/python3.8/site-packages/airflow/example_dags/tutorial.py
[2025-08-18T17:58:04.068+0000] {processor.py:839} INFO - DAG(s) dict_keys(['tutorial']) retrieved from /home/airflow/.local/lib/python3.8/site-packages/airflow/example_dags/tutorial.py
[2025-08-18T17:58:04.284+0000] {logging_mixin.py:151} INFO - [2025-08-18T17:58:04.282+0000] {dag.py:2941} INFO - Sync 1 DAGs
[2025-08-18T17:58:05.874+0000] {logging_mixin.py:151} INFO - [2025-08-18T17:58:05.874+0000] {dag.py:3722} INFO - Setting next_dagrun for tutorial to 2025-08-17T17:58:05.862675+00:00, run_after=2025-08-18T17:58:05.862675+00:00
[2025-08-18T17:58:06.290+0000] {processor.py:179} INFO - Processing /home/airflow/.local/lib/python3.8/site-packages/airflow/example_dags/tutorial.py took 3.023 seconds
[2025-08-18T17:58:36.854+0000] {processor.py:157} INFO - Started process (PID=149) to work on /home/airflow/.local/lib/python3.8/site-packages/airflow/example_dags/tutorial.py
[2025-08-18T17:58:36.858+0000] {processor.py:829} INFO - Processing file /home/airflow/.local/lib/python3.8/site-packages/airflow/example_dags/tutorial.py for tasks to queue
[2025-08-18T17:58:36.863+0000] {logging_mixin.py:151} INFO - [2025-08-18T17:58:36.862+0000] {dagbag.py:536} INFO - Filling up the DagBag from /home/airflow/.local/lib/python3.8/site-packages/airflow/example_dags/tutorial.py
[2025-08-18T17:58:36.884+0000] {processor.py:839} INFO - DAG(s) dict_keys(['tutorial']) retrieved from /home/airflow/.local/lib/python3.8/site-packages/airflow/example_dags/tutorial.py
[2025-08-18T17:58:36.942+0000] {logging_mixin.py:151} INFO - [2025-08-18T17:58:36.942+0000] {dag.py:2941} INFO - Sync 1 DAGs
[2025-08-18T17:58:37.002+0000] {logging_mixin.py:151} INFO - [2025-08-18T17:58:37.001+0000] {dag.py:3722} INFO - Setting next_dagrun for tutorial to 2025-08-17T17:58:37.000366+00:00, run_after=2025-08-18T17:58:37.000366+00:00
[2025-08-18T17:58:37.125+0000] {processor.py:179} INFO - Processing /home/airflow/.local/lib/python3.8/site-packages/airflow/example_dags/tutorial.py took 0.279 seconds
[2025-08-18T17:59:12.920+0000] {processor.py:157} INFO - Started process (PID=210) to work on /home/airflow/.local/lib/python3.8/site-packages/airflow/example_dags/tutorial.py
[2025-08-18T17:59:12.923+0000] {processor.py:829} INFO - Processing file /home/airflow/.local/lib/python3.8/site-packages/airflow/example_dags/tutorial.py for tasks to queue
[2025-08-18T17:59:12.929+0000] {logging_mixin.py:151} INFO - [2025-08-18T17:59:12.928+0000] {dagbag.py:536} INFO - Filling up the DagBag from /home/airflow/.local/lib/python3.8/site-packages/airflow/example_dags/tutorial.py
[2025-08-18T17:59:12.957+0000] {processor.py:839} INFO - DAG(s) dict_keys(['tutorial']) retrieved from /home/airflow/.local/lib/python3.8/site-packages/airflow/example_dags/tutorial.py
[2025-08-18T17:59:13.063+0000] {logging_mixin.py:151} INFO - [2025-08-18T17:59:13.063+0000] {dag.py:2941} INFO - Sync 1 DAGs
[2025-08-18T17:59:13.180+0000] {logging_mixin.py:151} INFO - [2025-08-18T17:59:13.179+0000] {dag.py:3722} INFO - Setting next_dagrun for tutorial to 2025-08-17T17:59:13.179094+00:00, run_after=2025-08-18T17:59:13.179094+00:00
[2025-08-18T17:59:13.301+0000] {processor.py:179} INFO - Processing /home/airflow/.local/lib/python3.8/site-packages/airflow/example_dags/tutorial.py took 0.393 seconds
[2025-08-18T17:59:43.506+0000] {processor.py:157} INFO - Started process (PID=264) to work on /home/airflow/.local/lib/python3.8/site-packages/airflow/example_dags/tutorial.py
[2025-08-18T17:59:43.508+0000] {processor.py:829} INFO - Processing file /home/airflow/.local/lib/python3.8/site-packages/airflow/example_dags/tutorial.py for tasks to queue
[2025-08-18T17:59:43.511+0000] {logging_mixin.py:151} INFO - [2025-08-18T17:59:43.511+0000] {dagbag.py:536} INFO - Filling up the DagBag from /home/airflow/.local/lib/python3.8/site-packages/airflow/example_dags/tutorial.py
[2025-08-18T17:59:43.522+0000] {processor.py:839} INFO - DAG(s) dict_keys(['tutorial']) retrieved from /home/airflow/.local/lib/python3.8/site-packages/airflow/example_dags/tutorial.py
[2025-08-18T17:59:43.564+0000] {logging_mixin.py:151} INFO - [2025-08-18T17:59:43.563+0000] {dag.py:2941} INFO - Sync 1 DAGs
[2025-08-18T17:59:43.610+0000] {logging_mixin.py:151} INFO - [2025-08-18T17:59:43.609+0000] {dag.py:3722} INFO - Setting next_dagrun for tutorial to 2025-08-17T17:59:43.609212+00:00, run_after=2025-08-18T17:59:43.609212+00:00
[2025-08-18T17:59:43.647+0000] {processor.py:179} INFO - Processing /home/airflow/.local/lib/python3.8/site-packages/airflow/example_dags/tutorial.py took 0.147 seconds
[2025-08-18T18:00:13.888+0000] {processor.py:157} INFO - Started process (PID=318) to work on /home/airflow/.local/lib/python3.8/site-packages/airflow/example_dags/tutorial.py
[2025-08-18T18:00:13.890+0000] {processor.py:829} INFO - Processing file /home/airflow/.local/lib/python3.8/site-packages/airflow/example_dags/tutorial.py for tasks to queue
[2025-08-18T18:00:13.898+0000] {logging_mixin.py:151} INFO - [2025-08-18T18:00:13.897+0000] {dagbag.py:536} INFO - Filling up the DagBag from /home/airflow/.local/lib/python3.8/site-packages/airflow/example_dags/tutorial.py
[2025-08-18T18:00:13.916+0000] {processor.py:839} INFO - DAG(s) dict_keys(['tutorial']) retrieved from /home/airflow/.local/lib/python3.8/site-packages/airflow/example_dags/tutorial.py
[2025-08-18T18:00:13.965+0000] {logging_mixin.py:151} INFO - [2025-08-18T18:00:13.964+0000] {dag.py:2941} INFO - Sync 1 DAGs
[2025-08-18T18:00:14.010+0000] {logging_mixin.py:151} INFO - [2025-08-18T18:00:14.009+0000] {dag.py:3722} INFO - Setting next_dagrun for tutorial to 2025-08-17T18:00:14.009238+00:00, run_after=2025-08-18T18:00:14.009238+00:00
[2025-08-18T18:00:14.046+0000] {processor.py:179} INFO - Processing /home/airflow/.local/lib/python3.8/site-packages/airflow/example_dags/tutorial.py took 0.167 seconds
[2025-08-18T18:00:44.249+0000] {processor.py:157} INFO - Started process (PID=372) to work on /home/airflow/.local/lib/python3.8/site-packages/airflow/example_dags/tutorial.py
[2025-08-18T18:00:44.251+0000] {processor.py:829} INFO - Processing file /home/airflow/.local/lib/python3.8/site-packages/airflow/example_dags/tutorial.py for tasks to queue
[2025-08-18T18:00:44.255+0000] {logging_mixin.py:151} INFO - [2025-08-18T18:00:44.254+0000] {dagbag.py:536} INFO - Filling up the DagBag from /home/airflow/.local/lib/python3.8/site-packages/airflow/example_dags/tutorial.py
[2025-08-18T18:00:44.269+0000] {processor.py:839} INFO - DAG(s) dict_keys(['tutorial']) retrieved from /home/airflow/.local/lib/python3.8/site-packages/airflow/example_dags/tutorial.py
[2025-08-18T18:00:44.310+0000] {logging_mixin.py:151} INFO - [2025-08-18T18:00:44.310+0000] {dag.py:2941} INFO - Sync 1 DAGs
[2025-08-18T18:00:44.349+0000] {logging_mixin.py:151} INFO - [2025-08-18T18:00:44.349+0000] {dag.py:3722} INFO - Setting next_dagrun for tutorial to 2025-08-17T18:00:44.348830+00:00, run_after=2025-08-18T18:00:44.348830+00:00
[2025-08-18T18:00:44.387+0000] {processor.py:179} INFO - Processing /home/airflow/.local/lib/python3.8/site-packages/airflow/example_dags/tutorial.py took 0.147 seconds
[2025-08-18T18:01:15.395+0000] {processor.py:157} INFO - Started process (PID=426) to work on /home/airflow/.local/lib/python3.8/site-packages/airflow/example_dags/tutorial.py
[2025-08-18T18:01:15.399+0000] {processor.py:829} INFO - Processing file /home/airflow/.local/lib/python3.8/site-packages/airflow/example_dags/tutorial.py for tasks to queue
[2025-08-18T18:01:15.413+0000] {logging_mixin.py:151} INFO - [2025-08-18T18:01:15.411+0000] {dagbag.py:536} INFO - Filling up the DagBag from /home/airflow/.local/lib/python3.8/site-packages/airflow/example_dags/tutorial.py
[2025-08-18T18:01:15.434+0000] {processor.py:839} INFO - DAG(s) dict_keys(['tutorial']) retrieved from /home/airflow/.local/lib/python3.8/site-packages/airflow/example_dags/tutorial.py
[2025-08-18T18:01:15.535+0000] {logging_mixin.py:151} INFO - [2025-08-18T18:01:15.535+0000] {dag.py:2941} INFO - Sync 1 DAGs
[2025-08-18T18:01:15.680+0000] {logging_mixin.py:151} INFO - [2025-08-18T18:01:15.679+0000] {dag.py:3722} INFO - Setting next_dagrun for tutorial to 2025-08-17T18:01:15.679211+00:00, run_after=2025-08-18T18:01:15.679211+00:00
[2025-08-18T18:01:15.792+0000] {processor.py:179} INFO - Processing /home/airflow/.local/lib/python3.8/site-packages/airflow/example_dags/tutorial.py took 0.415 seconds
[2025-08-18T18:01:46.596+0000] {processor.py:157} INFO - Started process (PID=480) to work on /home/airflow/.local/lib/python3.8/site-packages/airflow/example_dags/tutorial.py
[2025-08-18T18:01:46.597+0000] {processor.py:829} INFO - Processing file /home/airflow/.local/lib/python3.8/site-packages/airflow/example_dags/tutorial.py for tasks to queue
[2025-08-18T18:01:46.600+0000] {logging_mixin.py:151} INFO - [2025-08-18T18:01:46.600+0000] {dagbag.py:536} INFO - Filling up the DagBag from /home/airflow/.local/lib/python3.8/site-packages/airflow/example_dags/tutorial.py
[2025-08-18T18:01:46.609+0000] {processor.py:839} INFO - DAG(s) dict_keys(['tutorial']) retrieved from /home/airflow/.local/lib/python3.8/site-packages/airflow/example_dags/tutorial.py
[2025-08-18T18:01:46.645+0000] {logging_mixin.py:151} INFO - [2025-08-18T18:01:46.645+0000] {dag.py:2941} INFO - Sync 1 DAGs
[2025-08-18T18:01:46.685+0000] {logging_mixin.py:151} INFO - [2025-08-18T18:01:46.685+0000] {dag.py:3722} INFO - Setting next_dagrun for tutorial to 2025-08-17T18:01:46.685092+00:00, run_after=2025-08-18T18:01:46.685092+00:00
[2025-08-18T18:01:46.727+0000] {processor.py:179} INFO - Processing /home/airflow/.local/lib/python3.8/site-packages/airflow/example_dags/tutorial.py took 0.136 seconds
[2025-08-18T18:02:17.383+0000] {processor.py:157} INFO - Started process (PID=534) to work on /home/airflow/.local/lib/python3.8/site-packages/airflow/example_dags/tutorial.py
[2025-08-18T18:02:17.385+0000] {processor.py:829} INFO - Processing file /home/airflow/.local/lib/python3.8/site-packages/airflow/example_dags/tutorial.py for tasks to queue
[2025-08-18T18:02:17.390+0000] {logging_mixin.py:151} INFO - [2025-08-18T18:02:17.389+0000] {dagbag.py:536} INFO - Filling up the DagBag from /home/airflow/.local/lib/python3.8/site-packages/airflow/example_dags/tutorial.py
[2025-08-18T18:02:17.401+0000] {processor.py:839} INFO - DAG(s) dict_keys(['tutorial']) retrieved from /home/airflow/.local/lib/python3.8/site-packages/airflow/example_dags/tutorial.py
[2025-08-18T18:02:17.478+0000] {logging_mixin.py:151} INFO - [2025-08-18T18:02:17.477+0000] {dag.py:2941} INFO - Sync 1 DAGs
[2025-08-18T18:02:17.527+0000] {logging_mixin.py:151} INFO - [2025-08-18T18:02:17.526+0000] {dag.py:3722} INFO - Setting next_dagrun for tutorial to 2025-08-17T18:02:17.526372+00:00, run_after=2025-08-18T18:02:17.526372+00:00
[2025-08-18T18:02:17.581+0000] {processor.py:179} INFO - Processing /home/airflow/.local/lib/python3.8/site-packages/airflow/example_dags/tutorial.py took 0.206 seconds
[2025-08-18T18:02:48.526+0000] {processor.py:157} INFO - Started process (PID=588) to work on /home/airflow/.local/lib/python3.8/site-packages/airflow/example_dags/tutorial.py
[2025-08-18T18:02:48.528+0000] {processor.py:829} INFO - Processing file /home/airflow/.local/lib/python3.8/site-packages/airflow/example_dags/tutorial.py for tasks to queue
[2025-08-18T18:02:48.532+0000] {logging_mixin.py:151} INFO - [2025-08-18T18:02:48.531+0000] {dagbag.py:536} INFO - Filling up the DagBag from /home/airflow/.local/lib/python3.8/site-packages/airflow/example_dags/tutorial.py
[2025-08-18T18:02:48.548+0000] {processor.py:839} INFO - DAG(s) dict_keys(['tutorial']) retrieved from /home/airflow/.local/lib/python3.8/site-packages/airflow/example_dags/tutorial.py
[2025-08-18T18:02:48.607+0000] {logging_mixin.py:151} INFO - [2025-08-18T18:02:48.606+0000] {dag.py:2941} INFO - Sync 1 DAGs
[2025-08-18T18:02:48.654+0000] {logging_mixin.py:151} INFO - [2025-08-18T18:02:48.654+0000] {dag.py:3722} INFO - Setting next_dagrun for tutorial to 2025-08-17T18:02:48.653792+00:00, run_after=2025-08-18T18:02:48.653792+00:00
[2025-08-18T18:02:48.691+0000] {processor.py:179} INFO - Processing /home/airflow/.local/lib/python3.8/site-packages/airflow/example_dags/tutorial.py took 0.171 seconds
[2025-08-18T18:03:19.246+0000] {processor.py:157} INFO - Started process (PID=643) to work on /home/airflow/.local/lib/python3.8/site-packages/airflow/example_dags/tutorial.py
[2025-08-18T18:03:19.248+0000] {processor.py:829} INFO - Processing file /home/airflow/.local/lib/python3.8/site-packages/airflow/example_dags/tutorial.py for tasks to queue
[2025-08-18T18:03:19.252+0000] {logging_mixin.py:151} INFO - [2025-08-18T18:03:19.251+0000] {dagbag.py:536} INFO - Filling up the DagBag from /home/airflow/.local/lib/python3.8/site-packages/airflow/example_dags/tutorial.py
[2025-08-18T18:03:19.263+0000] {processor.py:839} INFO - DAG(s) dict_keys(['tutorial']) retrieved from /home/airflow/.local/lib/python3.8/site-packages/airflow/example_dags/tutorial.py
[2025-08-18T18:03:19.307+0000] {logging_mixin.py:151} INFO - [2025-08-18T18:03:19.307+0000] {dag.py:2941} INFO - Sync 1 DAGs
[2025-08-18T18:03:19.361+0000] {logging_mixin.py:151} INFO - [2025-08-18T18:03:19.360+0000] {dag.py:3722} INFO - Setting next_dagrun for tutorial to 2025-08-17T18:03:19.359806+00:00, run_after=2025-08-18T18:03:19.359806+00:00
[2025-08-18T18:03:19.400+0000] {processor.py:179} INFO - Processing /home/airflow/.local/lib/python3.8/site-packages/airflow/example_dags/tutorial.py took 0.161 seconds
[2025-08-18T18:03:49.802+0000] {processor.py:157} INFO - Started process (PID=697) to work on /home/airflow/.local/lib/python3.8/site-packages/airflow/example_dags/tutorial.py
[2025-08-18T18:03:49.804+0000] {processor.py:829} INFO - Processing file /home/airflow/.local/lib/python3.8/site-packages/airflow/example_dags/tutorial.py for tasks to queue
[2025-08-18T18:03:49.808+0000] {logging_mixin.py:151} INFO - [2025-08-18T18:03:49.807+0000] {dagbag.py:536} INFO - Filling up the DagBag from /home/airflow/.local/lib/python3.8/site-packages/airflow/example_dags/tutorial.py
[2025-08-18T18:03:49.817+0000] {processor.py:839} INFO - DAG(s) dict_keys(['tutorial']) retrieved from /home/airflow/.local/lib/python3.8/site-packages/airflow/example_dags/tutorial.py
[2025-08-18T18:03:49.877+0000] {logging_mixin.py:151} INFO - [2025-08-18T18:03:49.877+0000] {dag.py:2941} INFO - Sync 1 DAGs
[2025-08-18T18:03:49.913+0000] {logging_mixin.py:151} INFO - [2025-08-18T18:03:49.913+0000] {dag.py:3722} INFO - Setting next_dagrun for tutorial to 2025-08-17T18:03:49.912975+00:00, run_after=2025-08-18T18:03:49.912975+00:00
[2025-08-18T18:03:49.948+0000] {processor.py:179} INFO - Processing /home/airflow/.local/lib/python3.8/site-packages/airflow/example_dags/tutorial.py took 0.152 seconds
[2025-08-18T18:04:20.390+0000] {processor.py:157} INFO - Started process (PID=751) to work on /home/airflow/.local/lib/python3.8/site-packages/airflow/example_dags/tutorial.py
[2025-08-18T18:04:20.391+0000] {processor.py:829} INFO - Processing file /home/airflow/.local/lib/python3.8/site-packages/airflow/example_dags/tutorial.py for tasks to queue
[2025-08-18T18:04:20.400+0000] {logging_mixin.py:151} INFO - [2025-08-18T18:04:20.398+0000] {dagbag.py:536} INFO - Filling up the DagBag from /home/airflow/.local/lib/python3.8/site-packages/airflow/example_dags/tutorial.py
[2025-08-18T18:04:20.409+0000] {processor.py:839} INFO - DAG(s) dict_keys(['tutorial']) retrieved from /home/airflow/.local/lib/python3.8/site-packages/airflow/example_dags/tutorial.py
[2025-08-18T18:04:20.437+0000] {logging_mixin.py:151} INFO - [2025-08-18T18:04:20.437+0000] {dag.py:2941} INFO - Sync 1 DAGs
[2025-08-18T18:04:20.466+0000] {logging_mixin.py:151} INFO - [2025-08-18T18:04:20.466+0000] {dag.py:3722} INFO - Setting next_dagrun for tutorial to 2025-08-17T18:04:20.466287+00:00, run_after=2025-08-18T18:04:20.466287+00:00
[2025-08-18T18:04:20.493+0000] {processor.py:179} INFO - Processing /home/airflow/.local/lib/python3.8/site-packages/airflow/example_dags/tutorial.py took 0.108 seconds
[2025-08-18T18:04:51.253+0000] {processor.py:157} INFO - Started process (PID=805) to work on /home/airflow/.local/lib/python3.8/site-packages/airflow/example_dags/tutorial.py
[2025-08-18T18:04:51.256+0000] {processor.py:829} INFO - Processing file /home/airflow/.local/lib/python3.8/site-packages/airflow/example_dags/tutorial.py for tasks to queue
[2025-08-18T18:04:51.259+0000] {logging_mixin.py:151} INFO - [2025-08-18T18:04:51.259+0000] {dagbag.py:536} INFO - Filling up the DagBag from /home/airflow/.local/lib/python3.8/site-packages/airflow/example_dags/tutorial.py
[2025-08-18T18:04:51.275+0000] {processor.py:839} INFO - DAG(s) dict_keys(['tutorial']) retrieved from /home/airflow/.local/lib/python3.8/site-packages/airflow/example_dags/tutorial.py
[2025-08-18T18:04:51.308+0000] {logging_mixin.py:151} INFO - [2025-08-18T18:04:51.307+0000] {dag.py:2941} INFO - Sync 1 DAGs
[2025-08-18T18:04:51.348+0000] {logging_mixin.py:151} INFO - [2025-08-18T18:04:51.347+0000] {dag.py:3722} INFO - Setting next_dagrun for tutorial to 2025-08-17T18:04:51.347470+00:00, run_after=2025-08-18T18:04:51.347470+00:00
[2025-08-18T18:04:51.383+0000] {processor.py:179} INFO - Processing /home/airflow/.local/lib/python3.8/site-packages/airflow/example_dags/tutorial.py took 0.137 seconds
