[2025-08-19T22:22:27.285+0000] {local_task_job_runner.py:120} INFO - ::group::Pre task execution logs
[2025-08-19T22:22:27.474+0000] {taskinstance.py:2076} INFO - Dependencies all met for dep_context=non-requeueable deps ti=<TaskInstance: etl_pipeline.load_to_db manual__2025-08-19T22:21:35.195190+00:00 [queued]>
[2025-08-19T22:22:27.531+0000] {taskinstance.py:2076} INFO - Dependencies all met for dep_context=requeueable deps ti=<TaskInstance: etl_pipeline.load_to_db manual__2025-08-19T22:21:35.195190+00:00 [queued]>
[2025-08-19T22:22:27.532+0000] {taskinstance.py:2306} INFO - Starting attempt 1 of 1
[2025-08-19T22:22:27.608+0000] {taskinstance.py:2330} INFO - Executing <Task(PythonOperator): load_to_db> on 2025-08-19 22:21:35.195190+00:00
[2025-08-19T22:22:27.724+0000] {logging_mixin.py:188} WARNING - /home/***/.local/lib/python3.12/site-packages/***/task/task_runner/standard_task_runner.py:62 DeprecationWarning: This process (pid=289) is multi-threaded, use of fork() may lead to deadlocks in the child.
[2025-08-19T22:22:27.794+0000] {standard_task_runner.py:64} INFO - Started process 291 to run task
[2025-08-19T22:22:27.794+0000] {standard_task_runner.py:90} INFO - Running: ['***', 'tasks', 'run', 'etl_pipeline', 'load_to_db', 'manual__2025-08-19T22:21:35.195190+00:00', '--job-id', '13', '--raw', '--subdir', 'DAGS_FOLDER/etl_pipeline.py', '--cfg-path', '/tmp/tmp9suvlzap']
[2025-08-19T22:22:27.857+0000] {standard_task_runner.py:91} INFO - Job 13: Subtask load_to_db
[2025-08-19T22:22:28.296+0000] {task_command.py:426} INFO - Running <TaskInstance: etl_pipeline.load_to_db manual__2025-08-19T22:21:35.195190+00:00 [running]> on host 736ee7653555
[2025-08-19T22:22:29.179+0000] {taskinstance.py:2648} INFO - Exporting env vars: AIRFLOW_CTX_DAG_OWNER='***' AIRFLOW_CTX_DAG_ID='etl_pipeline' AIRFLOW_CTX_TASK_ID='load_to_db' AIRFLOW_CTX_EXECUTION_DATE='2025-08-19T22:21:35.195190+00:00' AIRFLOW_CTX_TRY_NUMBER='1' AIRFLOW_CTX_DAG_RUN_ID='manual__2025-08-19T22:21:35.195190+00:00'
[2025-08-19T22:22:29.181+0000] {taskinstance.py:430} INFO - ::endgroup::
[2025-08-19T22:22:29.254+0000] {load_to_db.py:13} INFO - Reading Parquet file from /opt/***/data/products_cleaned.parquet
[2025-08-19T22:23:10.885+0000] {load_to_db.py:26} INFO - Appended cleaned data into DuckDB at /opt/***/data/products.duckdb
[2025-08-19T22:23:10.889+0000] {python.py:237} INFO - Done. Returned value was: None
[2025-08-19T22:23:10.895+0000] {taskinstance.py:441} INFO - ::group::Post task execution logs
[2025-08-19T22:23:10.924+0000] {taskinstance.py:1206} INFO - Marking task as SUCCESS. dag_id=etl_pipeline, task_id=load_to_db, run_id=manual__2025-08-19T22:21:35.195190+00:00, execution_date=20250819T222135, start_date=20250819T222227, end_date=20250819T222310
[2025-08-19T22:23:11.067+0000] {local_task_job_runner.py:243} INFO - Task exited with return code 0
[2025-08-19T22:23:11.111+0000] {taskinstance.py:3503} INFO - 0 downstream tasks scheduled from follow-on schedule check
[2025-08-19T22:23:11.118+0000] {local_task_job_runner.py:222} INFO - ::endgroup::
