[2025-08-19T22:04:47.490+0000] {local_task_job_runner.py:120} INFO - ::group::Pre task execution logs
[2025-08-19T22:04:47.548+0000] {taskinstance.py:2076} INFO - Dependencies all met for dep_context=non-requeueable deps ti=<TaskInstance: etl_pipeline.transform_data manual__2025-08-19T22:04:36.409499+00:00 [queued]>
[2025-08-19T22:04:47.565+0000] {taskinstance.py:2076} INFO - Dependencies all met for dep_context=requeueable deps ti=<TaskInstance: etl_pipeline.transform_data manual__2025-08-19T22:04:36.409499+00:00 [queued]>
[2025-08-19T22:04:47.566+0000] {taskinstance.py:2306} INFO - Starting attempt 1 of 1
[2025-08-19T22:04:47.584+0000] {taskinstance.py:2330} INFO - Executing <Task(PythonOperator): transform_data> on 2025-08-19 22:04:36.409499+00:00
[2025-08-19T22:04:47.598+0000] {standard_task_runner.py:90} INFO - Running: ['***', 'tasks', 'run', 'etl_pipeline', 'transform_data', 'manual__2025-08-19T22:04:36.409499+00:00', '--job-id', '3', '--raw', '--subdir', 'DAGS_FOLDER/etl_pipeline.py', '--cfg-path', '/tmp/tmpd9b3hky8']
[2025-08-19T22:04:47.600+0000] {logging_mixin.py:188} WARNING - /home/***/.local/lib/python3.12/site-packages/***/task/task_runner/standard_task_runner.py:62 DeprecationWarning: This process (pid=1520) is multi-threaded, use of fork() may lead to deadlocks in the child.
[2025-08-19T22:04:47.601+0000] {standard_task_runner.py:91} INFO - Job 3: Subtask transform_data
[2025-08-19T22:04:47.601+0000] {standard_task_runner.py:64} INFO - Started process 1522 to run task
[2025-08-19T22:04:47.685+0000] {task_command.py:426} INFO - Running <TaskInstance: etl_pipeline.transform_data manual__2025-08-19T22:04:36.409499+00:00 [running]> on host cb7c185c195d
[2025-08-19T22:04:47.805+0000] {taskinstance.py:2648} INFO - Exporting env vars: AIRFLOW_CTX_DAG_OWNER='***' AIRFLOW_CTX_DAG_ID='etl_pipeline' AIRFLOW_CTX_TASK_ID='transform_data' AIRFLOW_CTX_EXECUTION_DATE='2025-08-19T22:04:36.409499+00:00' AIRFLOW_CTX_TRY_NUMBER='1' AIRFLOW_CTX_DAG_RUN_ID='manual__2025-08-19T22:04:36.409499+00:00'
[2025-08-19T22:04:47.806+0000] {taskinstance.py:430} INFO - ::endgroup::
[2025-08-19T22:04:48.545+0000] {taskinstance.py:441} INFO - ::group::Post task execution logs
[2025-08-19T22:04:48.547+0000] {taskinstance.py:2905} ERROR - Task failed with exception
Traceback (most recent call last):
  File "/home/airflow/.local/lib/python3.12/site-packages/airflow/models/taskinstance.py", line 465, in _execute_task
    result = _execute_callable(context=context, **execute_callable_kwargs)
             ^^^^^^^^^^^^^^^^^^^^^^^^^^^^^^^^^^^^^^^^^^^^^^^^^^^^^^^^^^^^^
  File "/home/airflow/.local/lib/python3.12/site-packages/airflow/models/taskinstance.py", line 432, in _execute_callable
    return execute_callable(context=context, **execute_callable_kwargs)
           ^^^^^^^^^^^^^^^^^^^^^^^^^^^^^^^^^^^^^^^^^^^^^^^^^^^^^^^^^^^^
  File "/home/airflow/.local/lib/python3.12/site-packages/airflow/models/baseoperator.py", line 401, in wrapper
    return func(self, *args, **kwargs)
           ^^^^^^^^^^^^^^^^^^^^^^^^^^^
  File "/home/airflow/.local/lib/python3.12/site-packages/airflow/operators/python.py", line 235, in execute
    return_value = self.execute_callable()
                   ^^^^^^^^^^^^^^^^^^^^^^^
  File "/home/airflow/.local/lib/python3.12/site-packages/airflow/operators/python.py", line 252, in execute_callable
    return self.python_callable(*self.op_args, **self.op_kwargs)
           ^^^^^^^^^^^^^^^^^^^^^^^^^^^^^^^^^^^^^^^^^^^^^^^^^^^^^
  File "/opt/airflow/dags/etl_pipeline.py", line 14, in transform_task
    transform_products()
  File "/opt/airflow/etl/transform_data.py", line 32, in transform_products
    os.makedirs(os.path.dirname(out_path), exist_ok=True)
  File "<frozen os>", line 225, in makedirs
PermissionError: [Errno 13] Permission denied: '../data'
[2025-08-19T22:04:48.586+0000] {taskinstance.py:1206} INFO - Marking task as FAILED. dag_id=etl_pipeline, task_id=transform_data, run_id=manual__2025-08-19T22:04:36.409499+00:00, execution_date=20250819T220436, start_date=20250819T220447, end_date=20250819T220448
[2025-08-19T22:04:48.621+0000] {standard_task_runner.py:110} ERROR - Failed to execute job 3 for task transform_data ([Errno 13] Permission denied: '../data'; 1522)
[2025-08-19T22:04:48.661+0000] {local_task_job_runner.py:243} INFO - Task exited with return code 1
[2025-08-19T22:04:48.699+0000] {local_task_job_runner.py:222} INFO - ::endgroup::
