[2025-08-19T18:22:39.970+0000] {processor.py:157} INFO - Started process (PID=86) to work on /home/airflow/.local/lib/python3.8/site-packages/airflow/example_dags/example_task_group.py
[2025-08-19T18:22:40.024+0000] {processor.py:829} INFO - Processing file /home/airflow/.local/lib/python3.8/site-packages/airflow/example_dags/example_task_group.py for tasks to queue
[2025-08-19T18:22:40.182+0000] {logging_mixin.py:151} INFO - [2025-08-19T18:22:40.176+0000] {dagbag.py:536} INFO - Filling up the DagBag from /home/airflow/.local/lib/python3.8/site-packages/airflow/example_dags/example_task_group.py
[2025-08-19T18:22:40.984+0000] {processor.py:839} INFO - DAG(s) dict_keys(['example_task_group']) retrieved from /home/airflow/.local/lib/python3.8/site-packages/airflow/example_dags/example_task_group.py
[2025-08-19T18:22:42.729+0000] {logging_mixin.py:151} INFO - [2025-08-19T18:22:42.728+0000] {dag.py:2941} INFO - Sync 1 DAGs
[2025-08-19T18:22:43.034+0000] {logging_mixin.py:151} INFO - [2025-08-19T18:22:43.033+0000] {dag.py:3722} INFO - Setting next_dagrun for example_task_group to 2025-08-18T18:22:43.027441+00:00, run_after=2025-08-19T18:22:43.027441+00:00
[2025-08-19T18:22:43.265+0000] {processor.py:179} INFO - Processing /home/airflow/.local/lib/python3.8/site-packages/airflow/example_dags/example_task_group.py took 3.502 seconds
[2025-08-19T18:23:25.830+0000] {processor.py:157} INFO - Started process (PID=141) to work on /home/airflow/.local/lib/python3.8/site-packages/airflow/example_dags/example_task_group.py
[2025-08-19T18:23:25.833+0000] {processor.py:829} INFO - Processing file /home/airflow/.local/lib/python3.8/site-packages/airflow/example_dags/example_task_group.py for tasks to queue
[2025-08-19T18:23:25.850+0000] {logging_mixin.py:151} INFO - [2025-08-19T18:23:25.849+0000] {dagbag.py:536} INFO - Filling up the DagBag from /home/airflow/.local/lib/python3.8/site-packages/airflow/example_dags/example_task_group.py
[2025-08-19T18:23:25.891+0000] {processor.py:839} INFO - DAG(s) dict_keys(['example_task_group']) retrieved from /home/airflow/.local/lib/python3.8/site-packages/airflow/example_dags/example_task_group.py
[2025-08-19T18:23:25.982+0000] {logging_mixin.py:151} INFO - [2025-08-19T18:23:25.982+0000] {dag.py:2941} INFO - Sync 1 DAGs
[2025-08-19T18:23:26.097+0000] {logging_mixin.py:151} INFO - [2025-08-19T18:23:26.096+0000] {dag.py:3722} INFO - Setting next_dagrun for example_task_group to 2025-08-18T18:23:26.087784+00:00, run_after=2025-08-19T18:23:26.087784+00:00
[2025-08-19T18:23:26.560+0000] {processor.py:179} INFO - Processing /home/airflow/.local/lib/python3.8/site-packages/airflow/example_dags/example_task_group.py took 0.747 seconds
[2025-08-19T18:23:57.213+0000] {processor.py:157} INFO - Started process (PID=193) to work on /home/airflow/.local/lib/python3.8/site-packages/airflow/example_dags/example_task_group.py
[2025-08-19T18:23:57.215+0000] {processor.py:829} INFO - Processing file /home/airflow/.local/lib/python3.8/site-packages/airflow/example_dags/example_task_group.py for tasks to queue
[2025-08-19T18:23:57.217+0000] {logging_mixin.py:151} INFO - [2025-08-19T18:23:57.217+0000] {dagbag.py:536} INFO - Filling up the DagBag from /home/airflow/.local/lib/python3.8/site-packages/airflow/example_dags/example_task_group.py
[2025-08-19T18:23:57.226+0000] {processor.py:839} INFO - DAG(s) dict_keys(['example_task_group']) retrieved from /home/airflow/.local/lib/python3.8/site-packages/airflow/example_dags/example_task_group.py
[2025-08-19T18:23:57.255+0000] {logging_mixin.py:151} INFO - [2025-08-19T18:23:57.255+0000] {dag.py:2941} INFO - Sync 1 DAGs
[2025-08-19T18:23:57.282+0000] {logging_mixin.py:151} INFO - [2025-08-19T18:23:57.282+0000] {dag.py:3722} INFO - Setting next_dagrun for example_task_group to 2025-08-18T18:23:57.282057+00:00, run_after=2025-08-19T18:23:57.282057+00:00
[2025-08-19T18:23:57.317+0000] {processor.py:179} INFO - Processing /home/airflow/.local/lib/python3.8/site-packages/airflow/example_dags/example_task_group.py took 0.107 seconds
[2025-08-19T18:24:27.837+0000] {processor.py:157} INFO - Started process (PID=247) to work on /home/airflow/.local/lib/python3.8/site-packages/airflow/example_dags/example_task_group.py
[2025-08-19T18:24:28.330+0000] {processor.py:829} INFO - Processing file /home/airflow/.local/lib/python3.8/site-packages/airflow/example_dags/example_task_group.py for tasks to queue
[2025-08-19T18:24:28.348+0000] {logging_mixin.py:151} INFO - [2025-08-19T18:24:28.346+0000] {dagbag.py:536} INFO - Filling up the DagBag from /home/airflow/.local/lib/python3.8/site-packages/airflow/example_dags/example_task_group.py
[2025-08-19T18:24:28.397+0000] {processor.py:839} INFO - DAG(s) dict_keys(['example_task_group']) retrieved from /home/airflow/.local/lib/python3.8/site-packages/airflow/example_dags/example_task_group.py
[2025-08-19T18:24:28.506+0000] {logging_mixin.py:151} INFO - [2025-08-19T18:24:28.505+0000] {dag.py:2941} INFO - Sync 1 DAGs
[2025-08-19T18:24:28.664+0000] {logging_mixin.py:151} INFO - [2025-08-19T18:24:28.664+0000] {dag.py:3722} INFO - Setting next_dagrun for example_task_group to 2025-08-18T18:24:28.663336+00:00, run_after=2025-08-19T18:24:28.663336+00:00
[2025-08-19T18:24:28.819+0000] {processor.py:179} INFO - Processing /home/airflow/.local/lib/python3.8/site-packages/airflow/example_dags/example_task_group.py took 1.004 seconds
[2025-08-19T18:24:58.957+0000] {processor.py:157} INFO - Started process (PID=302) to work on /home/airflow/.local/lib/python3.8/site-packages/airflow/example_dags/example_task_group.py
[2025-08-19T18:24:58.959+0000] {processor.py:829} INFO - Processing file /home/airflow/.local/lib/python3.8/site-packages/airflow/example_dags/example_task_group.py for tasks to queue
[2025-08-19T18:24:58.963+0000] {logging_mixin.py:151} INFO - [2025-08-19T18:24:58.963+0000] {dagbag.py:536} INFO - Filling up the DagBag from /home/airflow/.local/lib/python3.8/site-packages/airflow/example_dags/example_task_group.py
[2025-08-19T18:24:58.980+0000] {processor.py:839} INFO - DAG(s) dict_keys(['example_task_group']) retrieved from /home/airflow/.local/lib/python3.8/site-packages/airflow/example_dags/example_task_group.py
[2025-08-19T18:24:59.019+0000] {logging_mixin.py:151} INFO - [2025-08-19T18:24:59.019+0000] {dag.py:2941} INFO - Sync 1 DAGs
[2025-08-19T18:24:59.071+0000] {logging_mixin.py:151} INFO - [2025-08-19T18:24:59.070+0000] {dag.py:3722} INFO - Setting next_dagrun for example_task_group to 2025-08-18T18:24:59.069048+00:00, run_after=2025-08-19T18:24:59.069048+00:00
[2025-08-19T18:24:59.124+0000] {processor.py:179} INFO - Processing /home/airflow/.local/lib/python3.8/site-packages/airflow/example_dags/example_task_group.py took 0.173 seconds
[2025-08-19T18:25:29.561+0000] {processor.py:157} INFO - Started process (PID=356) to work on /home/airflow/.local/lib/python3.8/site-packages/airflow/example_dags/example_task_group.py
[2025-08-19T18:25:29.564+0000] {processor.py:829} INFO - Processing file /home/airflow/.local/lib/python3.8/site-packages/airflow/example_dags/example_task_group.py for tasks to queue
[2025-08-19T18:25:29.569+0000] {logging_mixin.py:151} INFO - [2025-08-19T18:25:29.568+0000] {dagbag.py:536} INFO - Filling up the DagBag from /home/airflow/.local/lib/python3.8/site-packages/airflow/example_dags/example_task_group.py
[2025-08-19T18:25:29.599+0000] {processor.py:839} INFO - DAG(s) dict_keys(['example_task_group']) retrieved from /home/airflow/.local/lib/python3.8/site-packages/airflow/example_dags/example_task_group.py
[2025-08-19T18:25:29.660+0000] {logging_mixin.py:151} INFO - [2025-08-19T18:25:29.660+0000] {dag.py:2941} INFO - Sync 1 DAGs
[2025-08-19T18:25:29.763+0000] {logging_mixin.py:151} INFO - [2025-08-19T18:25:29.763+0000] {dag.py:3722} INFO - Setting next_dagrun for example_task_group to 2025-08-18T18:25:29.754794+00:00, run_after=2025-08-19T18:25:29.754794+00:00
[2025-08-19T18:25:29.846+0000] {processor.py:179} INFO - Processing /home/airflow/.local/lib/python3.8/site-packages/airflow/example_dags/example_task_group.py took 0.302 seconds
[2025-08-19T18:26:01.475+0000] {processor.py:157} INFO - Started process (PID=410) to work on /home/airflow/.local/lib/python3.8/site-packages/airflow/example_dags/example_task_group.py
[2025-08-19T18:26:01.477+0000] {processor.py:829} INFO - Processing file /home/airflow/.local/lib/python3.8/site-packages/airflow/example_dags/example_task_group.py for tasks to queue
[2025-08-19T18:26:01.481+0000] {logging_mixin.py:151} INFO - [2025-08-19T18:26:01.480+0000] {dagbag.py:536} INFO - Filling up the DagBag from /home/airflow/.local/lib/python3.8/site-packages/airflow/example_dags/example_task_group.py
[2025-08-19T18:26:01.494+0000] {processor.py:839} INFO - DAG(s) dict_keys(['example_task_group']) retrieved from /home/airflow/.local/lib/python3.8/site-packages/airflow/example_dags/example_task_group.py
[2025-08-19T18:26:01.535+0000] {logging_mixin.py:151} INFO - [2025-08-19T18:26:01.535+0000] {dag.py:2941} INFO - Sync 1 DAGs
[2025-08-19T18:26:01.579+0000] {logging_mixin.py:151} INFO - [2025-08-19T18:26:01.578+0000] {dag.py:3722} INFO - Setting next_dagrun for example_task_group to 2025-08-18T18:26:01.577648+00:00, run_after=2025-08-19T18:26:01.577648+00:00
[2025-08-19T18:26:01.629+0000] {processor.py:179} INFO - Processing /home/airflow/.local/lib/python3.8/site-packages/airflow/example_dags/example_task_group.py took 0.164 seconds
[2025-08-19T18:26:32.677+0000] {processor.py:157} INFO - Started process (PID=463) to work on /home/airflow/.local/lib/python3.8/site-packages/airflow/example_dags/example_task_group.py
[2025-08-19T18:26:32.680+0000] {processor.py:829} INFO - Processing file /home/airflow/.local/lib/python3.8/site-packages/airflow/example_dags/example_task_group.py for tasks to queue
[2025-08-19T18:26:32.684+0000] {logging_mixin.py:151} INFO - [2025-08-19T18:26:32.683+0000] {dagbag.py:536} INFO - Filling up the DagBag from /home/airflow/.local/lib/python3.8/site-packages/airflow/example_dags/example_task_group.py
[2025-08-19T18:26:32.714+0000] {processor.py:839} INFO - DAG(s) dict_keys(['example_task_group']) retrieved from /home/airflow/.local/lib/python3.8/site-packages/airflow/example_dags/example_task_group.py
[2025-08-19T18:26:32.819+0000] {logging_mixin.py:151} INFO - [2025-08-19T18:26:32.818+0000] {dag.py:2941} INFO - Sync 1 DAGs
[2025-08-19T18:26:32.904+0000] {logging_mixin.py:151} INFO - [2025-08-19T18:26:32.903+0000] {dag.py:3722} INFO - Setting next_dagrun for example_task_group to 2025-08-18T18:26:32.902862+00:00, run_after=2025-08-19T18:26:32.902862+00:00
[2025-08-19T18:26:32.974+0000] {processor.py:179} INFO - Processing /home/airflow/.local/lib/python3.8/site-packages/airflow/example_dags/example_task_group.py took 0.310 seconds
[2025-08-19T18:27:03.073+0000] {processor.py:157} INFO - Started process (PID=516) to work on /home/airflow/.local/lib/python3.8/site-packages/airflow/example_dags/example_task_group.py
[2025-08-19T18:27:03.075+0000] {processor.py:829} INFO - Processing file /home/airflow/.local/lib/python3.8/site-packages/airflow/example_dags/example_task_group.py for tasks to queue
[2025-08-19T18:27:03.083+0000] {logging_mixin.py:151} INFO - [2025-08-19T18:27:03.082+0000] {dagbag.py:536} INFO - Filling up the DagBag from /home/airflow/.local/lib/python3.8/site-packages/airflow/example_dags/example_task_group.py
[2025-08-19T18:27:03.096+0000] {processor.py:839} INFO - DAG(s) dict_keys(['example_task_group']) retrieved from /home/airflow/.local/lib/python3.8/site-packages/airflow/example_dags/example_task_group.py
[2025-08-19T18:27:03.130+0000] {logging_mixin.py:151} INFO - [2025-08-19T18:27:03.130+0000] {dag.py:2941} INFO - Sync 1 DAGs
[2025-08-19T18:27:03.165+0000] {logging_mixin.py:151} INFO - [2025-08-19T18:27:03.165+0000] {dag.py:3722} INFO - Setting next_dagrun for example_task_group to 2025-08-18T18:27:03.164691+00:00, run_after=2025-08-19T18:27:03.164691+00:00
[2025-08-19T18:27:03.210+0000] {processor.py:179} INFO - Processing /home/airflow/.local/lib/python3.8/site-packages/airflow/example_dags/example_task_group.py took 0.142 seconds
[2025-08-19T18:27:35.060+0000] {processor.py:157} INFO - Started process (PID=566) to work on /home/airflow/.local/lib/python3.8/site-packages/airflow/example_dags/example_task_group.py
[2025-08-19T18:27:35.067+0000] {processor.py:829} INFO - Processing file /home/airflow/.local/lib/python3.8/site-packages/airflow/example_dags/example_task_group.py for tasks to queue
[2025-08-19T18:27:35.076+0000] {logging_mixin.py:151} INFO - [2025-08-19T18:27:35.074+0000] {dagbag.py:536} INFO - Filling up the DagBag from /home/airflow/.local/lib/python3.8/site-packages/airflow/example_dags/example_task_group.py
[2025-08-19T18:27:35.088+0000] {processor.py:839} INFO - DAG(s) dict_keys(['example_task_group']) retrieved from /home/airflow/.local/lib/python3.8/site-packages/airflow/example_dags/example_task_group.py
[2025-08-19T18:27:35.131+0000] {logging_mixin.py:151} INFO - [2025-08-19T18:27:35.131+0000] {dag.py:2941} INFO - Sync 1 DAGs
[2025-08-19T18:27:35.166+0000] {logging_mixin.py:151} INFO - [2025-08-19T18:27:35.166+0000] {dag.py:3722} INFO - Setting next_dagrun for example_task_group to 2025-08-18T18:27:35.165819+00:00, run_after=2025-08-19T18:27:35.165819+00:00
[2025-08-19T18:27:35.208+0000] {processor.py:179} INFO - Processing /home/airflow/.local/lib/python3.8/site-packages/airflow/example_dags/example_task_group.py took 0.152 seconds
[2025-08-19T18:28:06.174+0000] {processor.py:157} INFO - Started process (PID=620) to work on /home/airflow/.local/lib/python3.8/site-packages/airflow/example_dags/example_task_group.py
[2025-08-19T18:28:06.175+0000] {processor.py:829} INFO - Processing file /home/airflow/.local/lib/python3.8/site-packages/airflow/example_dags/example_task_group.py for tasks to queue
[2025-08-19T18:28:06.177+0000] {logging_mixin.py:151} INFO - [2025-08-19T18:28:06.177+0000] {dagbag.py:536} INFO - Filling up the DagBag from /home/airflow/.local/lib/python3.8/site-packages/airflow/example_dags/example_task_group.py
[2025-08-19T18:28:06.186+0000] {processor.py:839} INFO - DAG(s) dict_keys(['example_task_group']) retrieved from /home/airflow/.local/lib/python3.8/site-packages/airflow/example_dags/example_task_group.py
[2025-08-19T18:28:06.212+0000] {logging_mixin.py:151} INFO - [2025-08-19T18:28:06.211+0000] {dag.py:2941} INFO - Sync 1 DAGs
[2025-08-19T18:28:06.237+0000] {logging_mixin.py:151} INFO - [2025-08-19T18:28:06.237+0000] {dag.py:3722} INFO - Setting next_dagrun for example_task_group to 2025-08-18T18:28:06.237214+00:00, run_after=2025-08-19T18:28:06.237214+00:00
[2025-08-19T18:28:06.264+0000] {processor.py:179} INFO - Processing /home/airflow/.local/lib/python3.8/site-packages/airflow/example_dags/example_task_group.py took 0.094 seconds
[2025-08-19T18:28:37.940+0000] {processor.py:157} INFO - Started process (PID=674) to work on /home/airflow/.local/lib/python3.8/site-packages/airflow/example_dags/example_task_group.py
[2025-08-19T18:28:37.942+0000] {processor.py:829} INFO - Processing file /home/airflow/.local/lib/python3.8/site-packages/airflow/example_dags/example_task_group.py for tasks to queue
[2025-08-19T18:28:37.949+0000] {logging_mixin.py:151} INFO - [2025-08-19T18:28:37.949+0000] {dagbag.py:536} INFO - Filling up the DagBag from /home/airflow/.local/lib/python3.8/site-packages/airflow/example_dags/example_task_group.py
[2025-08-19T18:28:37.965+0000] {processor.py:839} INFO - DAG(s) dict_keys(['example_task_group']) retrieved from /home/airflow/.local/lib/python3.8/site-packages/airflow/example_dags/example_task_group.py
[2025-08-19T18:28:38.012+0000] {logging_mixin.py:151} INFO - [2025-08-19T18:28:38.010+0000] {dag.py:2941} INFO - Sync 1 DAGs
[2025-08-19T18:28:38.056+0000] {logging_mixin.py:151} INFO - [2025-08-19T18:28:38.055+0000] {dag.py:3722} INFO - Setting next_dagrun for example_task_group to 2025-08-18T18:28:38.055065+00:00, run_after=2025-08-19T18:28:38.055065+00:00
[2025-08-19T18:28:38.097+0000] {processor.py:179} INFO - Processing /home/airflow/.local/lib/python3.8/site-packages/airflow/example_dags/example_task_group.py took 0.162 seconds
[2025-08-19T18:29:10.363+0000] {processor.py:157} INFO - Started process (PID=728) to work on /home/airflow/.local/lib/python3.8/site-packages/airflow/example_dags/example_task_group.py
[2025-08-19T18:29:10.365+0000] {processor.py:829} INFO - Processing file /home/airflow/.local/lib/python3.8/site-packages/airflow/example_dags/example_task_group.py for tasks to queue
[2025-08-19T18:29:10.371+0000] {logging_mixin.py:151} INFO - [2025-08-19T18:29:10.371+0000] {dagbag.py:536} INFO - Filling up the DagBag from /home/airflow/.local/lib/python3.8/site-packages/airflow/example_dags/example_task_group.py
[2025-08-19T18:29:10.386+0000] {processor.py:839} INFO - DAG(s) dict_keys(['example_task_group']) retrieved from /home/airflow/.local/lib/python3.8/site-packages/airflow/example_dags/example_task_group.py
[2025-08-19T18:29:10.441+0000] {logging_mixin.py:151} INFO - [2025-08-19T18:29:10.440+0000] {dag.py:2941} INFO - Sync 1 DAGs
[2025-08-19T18:29:10.533+0000] {logging_mixin.py:151} INFO - [2025-08-19T18:29:10.532+0000] {dag.py:3722} INFO - Setting next_dagrun for example_task_group to 2025-08-18T18:29:10.532097+00:00, run_after=2025-08-19T18:29:10.532097+00:00
[2025-08-19T18:29:10.585+0000] {processor.py:179} INFO - Processing /home/airflow/.local/lib/python3.8/site-packages/airflow/example_dags/example_task_group.py took 0.229 seconds
[2025-08-19T18:29:41.477+0000] {processor.py:157} INFO - Started process (PID=782) to work on /home/airflow/.local/lib/python3.8/site-packages/airflow/example_dags/example_task_group.py
[2025-08-19T18:29:41.479+0000] {processor.py:829} INFO - Processing file /home/airflow/.local/lib/python3.8/site-packages/airflow/example_dags/example_task_group.py for tasks to queue
[2025-08-19T18:29:41.482+0000] {logging_mixin.py:151} INFO - [2025-08-19T18:29:41.482+0000] {dagbag.py:536} INFO - Filling up the DagBag from /home/airflow/.local/lib/python3.8/site-packages/airflow/example_dags/example_task_group.py
[2025-08-19T18:29:41.495+0000] {processor.py:839} INFO - DAG(s) dict_keys(['example_task_group']) retrieved from /home/airflow/.local/lib/python3.8/site-packages/airflow/example_dags/example_task_group.py
[2025-08-19T18:29:41.530+0000] {logging_mixin.py:151} INFO - [2025-08-19T18:29:41.530+0000] {dag.py:2941} INFO - Sync 1 DAGs
[2025-08-19T18:29:41.569+0000] {logging_mixin.py:151} INFO - [2025-08-19T18:29:41.568+0000] {dag.py:3722} INFO - Setting next_dagrun for example_task_group to 2025-08-18T18:29:41.568020+00:00, run_after=2025-08-19T18:29:41.568020+00:00
[2025-08-19T18:29:41.598+0000] {processor.py:179} INFO - Processing /home/airflow/.local/lib/python3.8/site-packages/airflow/example_dags/example_task_group.py took 0.126 seconds
[2025-08-19T18:30:13.248+0000] {processor.py:157} INFO - Started process (PID=835) to work on /home/airflow/.local/lib/python3.8/site-packages/airflow/example_dags/example_task_group.py
[2025-08-19T18:30:13.249+0000] {processor.py:829} INFO - Processing file /home/airflow/.local/lib/python3.8/site-packages/airflow/example_dags/example_task_group.py for tasks to queue
[2025-08-19T18:30:13.251+0000] {logging_mixin.py:151} INFO - [2025-08-19T18:30:13.251+0000] {dagbag.py:536} INFO - Filling up the DagBag from /home/airflow/.local/lib/python3.8/site-packages/airflow/example_dags/example_task_group.py
[2025-08-19T18:30:13.261+0000] {processor.py:839} INFO - DAG(s) dict_keys(['example_task_group']) retrieved from /home/airflow/.local/lib/python3.8/site-packages/airflow/example_dags/example_task_group.py
[2025-08-19T18:30:13.290+0000] {logging_mixin.py:151} INFO - [2025-08-19T18:30:13.290+0000] {dag.py:2941} INFO - Sync 1 DAGs
[2025-08-19T18:30:13.317+0000] {logging_mixin.py:151} INFO - [2025-08-19T18:30:13.316+0000] {dag.py:3722} INFO - Setting next_dagrun for example_task_group to 2025-08-18T18:30:13.316592+00:00, run_after=2025-08-19T18:30:13.316592+00:00
[2025-08-19T18:30:13.352+0000] {processor.py:179} INFO - Processing /home/airflow/.local/lib/python3.8/site-packages/airflow/example_dags/example_task_group.py took 0.108 seconds
[2025-08-19T18:30:53.307+0000] {processor.py:157} INFO - Started process (PID=78) to work on /home/airflow/.local/lib/python3.8/site-packages/airflow/example_dags/example_task_group.py
[2025-08-19T18:30:53.311+0000] {processor.py:829} INFO - Processing file /home/airflow/.local/lib/python3.8/site-packages/airflow/example_dags/example_task_group.py for tasks to queue
[2025-08-19T18:30:53.316+0000] {logging_mixin.py:151} INFO - [2025-08-19T18:30:53.316+0000] {dagbag.py:536} INFO - Filling up the DagBag from /home/airflow/.local/lib/python3.8/site-packages/airflow/example_dags/example_task_group.py
[2025-08-19T18:30:53.340+0000] {processor.py:839} INFO - DAG(s) dict_keys(['example_task_group']) retrieved from /home/airflow/.local/lib/python3.8/site-packages/airflow/example_dags/example_task_group.py
[2025-08-19T18:30:53.460+0000] {logging_mixin.py:151} INFO - [2025-08-19T18:30:53.459+0000] {dag.py:2941} INFO - Sync 1 DAGs
[2025-08-19T18:30:53.563+0000] {logging_mixin.py:151} INFO - [2025-08-19T18:30:53.562+0000] {dag.py:3722} INFO - Setting next_dagrun for example_task_group to 2025-08-18T18:30:53.562036+00:00, run_after=2025-08-19T18:30:53.562036+00:00
[2025-08-19T18:30:53.615+0000] {processor.py:179} INFO - Processing /home/airflow/.local/lib/python3.8/site-packages/airflow/example_dags/example_task_group.py took 0.319 seconds
[2025-08-19T18:31:23.785+0000] {processor.py:157} INFO - Started process (PID=132) to work on /home/airflow/.local/lib/python3.8/site-packages/airflow/example_dags/example_task_group.py
[2025-08-19T18:31:23.794+0000] {processor.py:829} INFO - Processing file /home/airflow/.local/lib/python3.8/site-packages/airflow/example_dags/example_task_group.py for tasks to queue
[2025-08-19T18:31:23.807+0000] {logging_mixin.py:151} INFO - [2025-08-19T18:31:23.806+0000] {dagbag.py:536} INFO - Filling up the DagBag from /home/airflow/.local/lib/python3.8/site-packages/airflow/example_dags/example_task_group.py
[2025-08-19T18:31:23.826+0000] {processor.py:839} INFO - DAG(s) dict_keys(['example_task_group']) retrieved from /home/airflow/.local/lib/python3.8/site-packages/airflow/example_dags/example_task_group.py
[2025-08-19T18:31:23.884+0000] {logging_mixin.py:151} INFO - [2025-08-19T18:31:23.884+0000] {dag.py:2941} INFO - Sync 1 DAGs
[2025-08-19T18:31:23.940+0000] {logging_mixin.py:151} INFO - [2025-08-19T18:31:23.939+0000] {dag.py:3722} INFO - Setting next_dagrun for example_task_group to 2025-08-18T18:31:23.939456+00:00, run_after=2025-08-19T18:31:23.939456+00:00
[2025-08-19T18:31:23.986+0000] {processor.py:179} INFO - Processing /home/airflow/.local/lib/python3.8/site-packages/airflow/example_dags/example_task_group.py took 0.213 seconds
[2025-08-19T18:31:54.351+0000] {processor.py:157} INFO - Started process (PID=187) to work on /home/airflow/.local/lib/python3.8/site-packages/airflow/example_dags/example_task_group.py
[2025-08-19T18:31:54.353+0000] {processor.py:829} INFO - Processing file /home/airflow/.local/lib/python3.8/site-packages/airflow/example_dags/example_task_group.py for tasks to queue
[2025-08-19T18:31:54.356+0000] {logging_mixin.py:151} INFO - [2025-08-19T18:31:54.356+0000] {dagbag.py:536} INFO - Filling up the DagBag from /home/airflow/.local/lib/python3.8/site-packages/airflow/example_dags/example_task_group.py
[2025-08-19T18:31:54.365+0000] {processor.py:839} INFO - DAG(s) dict_keys(['example_task_group']) retrieved from /home/airflow/.local/lib/python3.8/site-packages/airflow/example_dags/example_task_group.py
[2025-08-19T18:31:54.397+0000] {logging_mixin.py:151} INFO - [2025-08-19T18:31:54.396+0000] {dag.py:2941} INFO - Sync 1 DAGs
[2025-08-19T18:31:54.423+0000] {logging_mixin.py:151} INFO - [2025-08-19T18:31:54.423+0000] {dag.py:3722} INFO - Setting next_dagrun for example_task_group to 2025-08-18T18:31:54.422820+00:00, run_after=2025-08-19T18:31:54.422820+00:00
[2025-08-19T18:31:54.454+0000] {processor.py:179} INFO - Processing /home/airflow/.local/lib/python3.8/site-packages/airflow/example_dags/example_task_group.py took 0.107 seconds
[2025-08-19T18:32:24.604+0000] {processor.py:157} INFO - Started process (PID=241) to work on /home/airflow/.local/lib/python3.8/site-packages/airflow/example_dags/example_task_group.py
[2025-08-19T18:32:24.606+0000] {processor.py:829} INFO - Processing file /home/airflow/.local/lib/python3.8/site-packages/airflow/example_dags/example_task_group.py for tasks to queue
[2025-08-19T18:32:24.611+0000] {logging_mixin.py:151} INFO - [2025-08-19T18:32:24.610+0000] {dagbag.py:536} INFO - Filling up the DagBag from /home/airflow/.local/lib/python3.8/site-packages/airflow/example_dags/example_task_group.py
[2025-08-19T18:32:24.629+0000] {processor.py:839} INFO - DAG(s) dict_keys(['example_task_group']) retrieved from /home/airflow/.local/lib/python3.8/site-packages/airflow/example_dags/example_task_group.py
[2025-08-19T18:32:24.780+0000] {logging_mixin.py:151} INFO - [2025-08-19T18:32:24.779+0000] {dag.py:2941} INFO - Sync 1 DAGs
[2025-08-19T18:32:24.854+0000] {logging_mixin.py:151} INFO - [2025-08-19T18:32:24.854+0000] {dag.py:3722} INFO - Setting next_dagrun for example_task_group to 2025-08-18T18:32:24.853701+00:00, run_after=2025-08-19T18:32:24.853701+00:00
[2025-08-19T18:32:25.956+0000] {processor.py:179} INFO - Processing /home/airflow/.local/lib/python3.8/site-packages/airflow/example_dags/example_task_group.py took 1.361 seconds
[2025-08-19T18:32:56.585+0000] {processor.py:157} INFO - Started process (PID=295) to work on /home/airflow/.local/lib/python3.8/site-packages/airflow/example_dags/example_task_group.py
[2025-08-19T18:32:56.587+0000] {processor.py:829} INFO - Processing file /home/airflow/.local/lib/python3.8/site-packages/airflow/example_dags/example_task_group.py for tasks to queue
[2025-08-19T18:32:56.590+0000] {logging_mixin.py:151} INFO - [2025-08-19T18:32:56.590+0000] {dagbag.py:536} INFO - Filling up the DagBag from /home/airflow/.local/lib/python3.8/site-packages/airflow/example_dags/example_task_group.py
[2025-08-19T18:32:56.599+0000] {processor.py:839} INFO - DAG(s) dict_keys(['example_task_group']) retrieved from /home/airflow/.local/lib/python3.8/site-packages/airflow/example_dags/example_task_group.py
[2025-08-19T18:32:56.629+0000] {logging_mixin.py:151} INFO - [2025-08-19T18:32:56.629+0000] {dag.py:2941} INFO - Sync 1 DAGs
[2025-08-19T18:32:56.657+0000] {logging_mixin.py:151} INFO - [2025-08-19T18:32:56.656+0000] {dag.py:3722} INFO - Setting next_dagrun for example_task_group to 2025-08-18T18:32:56.656621+00:00, run_after=2025-08-19T18:32:56.656621+00:00
[2025-08-19T18:32:56.684+0000] {processor.py:179} INFO - Processing /home/airflow/.local/lib/python3.8/site-packages/airflow/example_dags/example_task_group.py took 0.105 seconds
[2025-08-19T18:33:26.737+0000] {processor.py:157} INFO - Started process (PID=349) to work on /home/airflow/.local/lib/python3.8/site-packages/airflow/example_dags/example_task_group.py
[2025-08-19T18:33:26.738+0000] {processor.py:829} INFO - Processing file /home/airflow/.local/lib/python3.8/site-packages/airflow/example_dags/example_task_group.py for tasks to queue
[2025-08-19T18:33:26.742+0000] {logging_mixin.py:151} INFO - [2025-08-19T18:33:26.742+0000] {dagbag.py:536} INFO - Filling up the DagBag from /home/airflow/.local/lib/python3.8/site-packages/airflow/example_dags/example_task_group.py
[2025-08-19T18:33:26.751+0000] {processor.py:839} INFO - DAG(s) dict_keys(['example_task_group']) retrieved from /home/airflow/.local/lib/python3.8/site-packages/airflow/example_dags/example_task_group.py
[2025-08-19T18:33:26.778+0000] {logging_mixin.py:151} INFO - [2025-08-19T18:33:26.777+0000] {dag.py:2941} INFO - Sync 1 DAGs
[2025-08-19T18:33:26.801+0000] {logging_mixin.py:151} INFO - [2025-08-19T18:33:26.800+0000] {dag.py:3722} INFO - Setting next_dagrun for example_task_group to 2025-08-18T18:33:26.800624+00:00, run_after=2025-08-19T18:33:26.800624+00:00
[2025-08-19T18:33:26.833+0000] {processor.py:179} INFO - Processing /home/airflow/.local/lib/python3.8/site-packages/airflow/example_dags/example_task_group.py took 0.099 seconds
[2025-08-19T18:33:57.066+0000] {processor.py:157} INFO - Started process (PID=403) to work on /home/airflow/.local/lib/python3.8/site-packages/airflow/example_dags/example_task_group.py
[2025-08-19T18:33:57.068+0000] {processor.py:829} INFO - Processing file /home/airflow/.local/lib/python3.8/site-packages/airflow/example_dags/example_task_group.py for tasks to queue
[2025-08-19T18:33:57.076+0000] {logging_mixin.py:151} INFO - [2025-08-19T18:33:57.076+0000] {dagbag.py:536} INFO - Filling up the DagBag from /home/airflow/.local/lib/python3.8/site-packages/airflow/example_dags/example_task_group.py
[2025-08-19T18:33:57.086+0000] {processor.py:839} INFO - DAG(s) dict_keys(['example_task_group']) retrieved from /home/airflow/.local/lib/python3.8/site-packages/airflow/example_dags/example_task_group.py
[2025-08-19T18:33:57.137+0000] {logging_mixin.py:151} INFO - [2025-08-19T18:33:57.136+0000] {dag.py:2941} INFO - Sync 1 DAGs
[2025-08-19T18:33:57.200+0000] {logging_mixin.py:151} INFO - [2025-08-19T18:33:57.199+0000] {dag.py:3722} INFO - Setting next_dagrun for example_task_group to 2025-08-18T18:33:57.199190+00:00, run_after=2025-08-19T18:33:57.199190+00:00
[2025-08-19T18:33:57.261+0000] {processor.py:179} INFO - Processing /home/airflow/.local/lib/python3.8/site-packages/airflow/example_dags/example_task_group.py took 0.199 seconds
[2025-08-19T18:34:27.533+0000] {processor.py:157} INFO - Started process (PID=457) to work on /home/airflow/.local/lib/python3.8/site-packages/airflow/example_dags/example_task_group.py
[2025-08-19T18:34:27.535+0000] {processor.py:829} INFO - Processing file /home/airflow/.local/lib/python3.8/site-packages/airflow/example_dags/example_task_group.py for tasks to queue
[2025-08-19T18:34:27.539+0000] {logging_mixin.py:151} INFO - [2025-08-19T18:34:27.538+0000] {dagbag.py:536} INFO - Filling up the DagBag from /home/airflow/.local/lib/python3.8/site-packages/airflow/example_dags/example_task_group.py
[2025-08-19T18:34:27.558+0000] {processor.py:839} INFO - DAG(s) dict_keys(['example_task_group']) retrieved from /home/airflow/.local/lib/python3.8/site-packages/airflow/example_dags/example_task_group.py
[2025-08-19T18:34:27.656+0000] {logging_mixin.py:151} INFO - [2025-08-19T18:34:27.647+0000] {dag.py:2941} INFO - Sync 1 DAGs
[2025-08-19T18:34:27.735+0000] {logging_mixin.py:151} INFO - [2025-08-19T18:34:27.734+0000] {dag.py:3722} INFO - Setting next_dagrun for example_task_group to 2025-08-18T18:34:27.732910+00:00, run_after=2025-08-19T18:34:27.732910+00:00
[2025-08-19T18:34:27.820+0000] {processor.py:179} INFO - Processing /home/airflow/.local/lib/python3.8/site-packages/airflow/example_dags/example_task_group.py took 0.292 seconds
[2025-08-19T18:34:58.652+0000] {processor.py:157} INFO - Started process (PID=511) to work on /home/airflow/.local/lib/python3.8/site-packages/airflow/example_dags/example_task_group.py
[2025-08-19T18:34:58.660+0000] {processor.py:829} INFO - Processing file /home/airflow/.local/lib/python3.8/site-packages/airflow/example_dags/example_task_group.py for tasks to queue
[2025-08-19T18:34:58.672+0000] {logging_mixin.py:151} INFO - [2025-08-19T18:34:58.671+0000] {dagbag.py:536} INFO - Filling up the DagBag from /home/airflow/.local/lib/python3.8/site-packages/airflow/example_dags/example_task_group.py
[2025-08-19T18:34:58.692+0000] {processor.py:839} INFO - DAG(s) dict_keys(['example_task_group']) retrieved from /home/airflow/.local/lib/python3.8/site-packages/airflow/example_dags/example_task_group.py
[2025-08-19T18:34:58.734+0000] {logging_mixin.py:151} INFO - [2025-08-19T18:34:58.733+0000] {dag.py:2941} INFO - Sync 1 DAGs
[2025-08-19T18:34:58.785+0000] {logging_mixin.py:151} INFO - [2025-08-19T18:34:58.784+0000] {dag.py:3722} INFO - Setting next_dagrun for example_task_group to 2025-08-18T18:34:58.784214+00:00, run_after=2025-08-19T18:34:58.784214+00:00
[2025-08-19T18:34:58.832+0000] {processor.py:179} INFO - Processing /home/airflow/.local/lib/python3.8/site-packages/airflow/example_dags/example_task_group.py took 0.188 seconds
[2025-08-19T18:35:30.215+0000] {processor.py:157} INFO - Started process (PID=565) to work on /home/airflow/.local/lib/python3.8/site-packages/airflow/example_dags/example_task_group.py
[2025-08-19T18:35:30.217+0000] {processor.py:829} INFO - Processing file /home/airflow/.local/lib/python3.8/site-packages/airflow/example_dags/example_task_group.py for tasks to queue
[2025-08-19T18:35:30.226+0000] {logging_mixin.py:151} INFO - [2025-08-19T18:35:30.226+0000] {dagbag.py:536} INFO - Filling up the DagBag from /home/airflow/.local/lib/python3.8/site-packages/airflow/example_dags/example_task_group.py
[2025-08-19T18:35:30.295+0000] {processor.py:839} INFO - DAG(s) dict_keys(['example_task_group']) retrieved from /home/airflow/.local/lib/python3.8/site-packages/airflow/example_dags/example_task_group.py
[2025-08-19T18:35:30.656+0000] {logging_mixin.py:151} INFO - [2025-08-19T18:35:30.656+0000] {dag.py:2941} INFO - Sync 1 DAGs
[2025-08-19T18:35:30.883+0000] {logging_mixin.py:151} INFO - [2025-08-19T18:35:30.875+0000] {dag.py:3722} INFO - Setting next_dagrun for example_task_group to 2025-08-18T18:35:30.837114+00:00, run_after=2025-08-19T18:35:30.837114+00:00
[2025-08-19T18:35:31.417+0000] {processor.py:179} INFO - Processing /home/airflow/.local/lib/python3.8/site-packages/airflow/example_dags/example_task_group.py took 1.209 seconds
[2025-08-19T18:36:01.913+0000] {processor.py:157} INFO - Started process (PID=619) to work on /home/airflow/.local/lib/python3.8/site-packages/airflow/example_dags/example_task_group.py
[2025-08-19T18:36:01.915+0000] {processor.py:829} INFO - Processing file /home/airflow/.local/lib/python3.8/site-packages/airflow/example_dags/example_task_group.py for tasks to queue
[2025-08-19T18:36:01.922+0000] {logging_mixin.py:151} INFO - [2025-08-19T18:36:01.922+0000] {dagbag.py:536} INFO - Filling up the DagBag from /home/airflow/.local/lib/python3.8/site-packages/airflow/example_dags/example_task_group.py
[2025-08-19T18:36:01.930+0000] {processor.py:839} INFO - DAG(s) dict_keys(['example_task_group']) retrieved from /home/airflow/.local/lib/python3.8/site-packages/airflow/example_dags/example_task_group.py
[2025-08-19T18:36:01.964+0000] {logging_mixin.py:151} INFO - [2025-08-19T18:36:01.963+0000] {dag.py:2941} INFO - Sync 1 DAGs
[2025-08-19T18:36:01.997+0000] {logging_mixin.py:151} INFO - [2025-08-19T18:36:01.996+0000] {dag.py:3722} INFO - Setting next_dagrun for example_task_group to 2025-08-18T18:36:01.996487+00:00, run_after=2025-08-19T18:36:01.996487+00:00
[2025-08-19T18:36:02.025+0000] {processor.py:179} INFO - Processing /home/airflow/.local/lib/python3.8/site-packages/airflow/example_dags/example_task_group.py took 0.116 seconds
[2025-08-19T18:36:34.089+0000] {processor.py:157} INFO - Started process (PID=673) to work on /home/airflow/.local/lib/python3.8/site-packages/airflow/example_dags/example_task_group.py
[2025-08-19T18:36:34.091+0000] {processor.py:829} INFO - Processing file /home/airflow/.local/lib/python3.8/site-packages/airflow/example_dags/example_task_group.py for tasks to queue
[2025-08-19T18:36:34.096+0000] {logging_mixin.py:151} INFO - [2025-08-19T18:36:34.094+0000] {dagbag.py:536} INFO - Filling up the DagBag from /home/airflow/.local/lib/python3.8/site-packages/airflow/example_dags/example_task_group.py
[2025-08-19T18:36:34.106+0000] {processor.py:839} INFO - DAG(s) dict_keys(['example_task_group']) retrieved from /home/airflow/.local/lib/python3.8/site-packages/airflow/example_dags/example_task_group.py
[2025-08-19T18:36:34.141+0000] {logging_mixin.py:151} INFO - [2025-08-19T18:36:34.141+0000] {dag.py:2941} INFO - Sync 1 DAGs
[2025-08-19T18:36:34.182+0000] {logging_mixin.py:151} INFO - [2025-08-19T18:36:34.182+0000] {dag.py:3722} INFO - Setting next_dagrun for example_task_group to 2025-08-18T18:36:34.181651+00:00, run_after=2025-08-19T18:36:34.181651+00:00
[2025-08-19T18:36:34.206+0000] {processor.py:179} INFO - Processing /home/airflow/.local/lib/python3.8/site-packages/airflow/example_dags/example_task_group.py took 0.123 seconds
[2025-08-19T18:37:05.831+0000] {processor.py:157} INFO - Started process (PID=727) to work on /home/airflow/.local/lib/python3.8/site-packages/airflow/example_dags/example_task_group.py
[2025-08-19T18:37:05.833+0000] {processor.py:829} INFO - Processing file /home/airflow/.local/lib/python3.8/site-packages/airflow/example_dags/example_task_group.py for tasks to queue
[2025-08-19T18:37:05.839+0000] {logging_mixin.py:151} INFO - [2025-08-19T18:37:05.837+0000] {dagbag.py:536} INFO - Filling up the DagBag from /home/airflow/.local/lib/python3.8/site-packages/airflow/example_dags/example_task_group.py
[2025-08-19T18:37:05.853+0000] {processor.py:839} INFO - DAG(s) dict_keys(['example_task_group']) retrieved from /home/airflow/.local/lib/python3.8/site-packages/airflow/example_dags/example_task_group.py
[2025-08-19T18:37:05.893+0000] {logging_mixin.py:151} INFO - [2025-08-19T18:37:05.893+0000] {dag.py:2941} INFO - Sync 1 DAGs
[2025-08-19T18:37:05.930+0000] {logging_mixin.py:151} INFO - [2025-08-19T18:37:05.929+0000] {dag.py:3722} INFO - Setting next_dagrun for example_task_group to 2025-08-18T18:37:05.929243+00:00, run_after=2025-08-19T18:37:05.929243+00:00
[2025-08-19T18:37:05.973+0000] {processor.py:179} INFO - Processing /home/airflow/.local/lib/python3.8/site-packages/airflow/example_dags/example_task_group.py took 0.148 seconds
[2025-08-19T18:37:37.914+0000] {processor.py:157} INFO - Started process (PID=782) to work on /home/airflow/.local/lib/python3.8/site-packages/airflow/example_dags/example_task_group.py
[2025-08-19T18:37:37.922+0000] {processor.py:829} INFO - Processing file /home/airflow/.local/lib/python3.8/site-packages/airflow/example_dags/example_task_group.py for tasks to queue
[2025-08-19T18:37:37.926+0000] {logging_mixin.py:151} INFO - [2025-08-19T18:37:37.926+0000] {dagbag.py:536} INFO - Filling up the DagBag from /home/airflow/.local/lib/python3.8/site-packages/airflow/example_dags/example_task_group.py
[2025-08-19T18:37:37.971+0000] {processor.py:839} INFO - DAG(s) dict_keys(['example_task_group']) retrieved from /home/airflow/.local/lib/python3.8/site-packages/airflow/example_dags/example_task_group.py
[2025-08-19T18:37:38.084+0000] {logging_mixin.py:151} INFO - [2025-08-19T18:37:38.083+0000] {dag.py:2941} INFO - Sync 1 DAGs
[2025-08-19T18:37:38.183+0000] {logging_mixin.py:151} INFO - [2025-08-19T18:37:38.182+0000] {dag.py:3722} INFO - Setting next_dagrun for example_task_group to 2025-08-18T18:37:38.182250+00:00, run_after=2025-08-19T18:37:38.182250+00:00
[2025-08-19T18:37:38.502+0000] {processor.py:179} INFO - Processing /home/airflow/.local/lib/python3.8/site-packages/airflow/example_dags/example_task_group.py took 0.600 seconds
[2025-08-19T18:38:08.886+0000] {processor.py:157} INFO - Started process (PID=836) to work on /home/airflow/.local/lib/python3.8/site-packages/airflow/example_dags/example_task_group.py
[2025-08-19T18:38:08.890+0000] {processor.py:829} INFO - Processing file /home/airflow/.local/lib/python3.8/site-packages/airflow/example_dags/example_task_group.py for tasks to queue
[2025-08-19T18:38:08.895+0000] {logging_mixin.py:151} INFO - [2025-08-19T18:38:08.894+0000] {dagbag.py:536} INFO - Filling up the DagBag from /home/airflow/.local/lib/python3.8/site-packages/airflow/example_dags/example_task_group.py
[2025-08-19T18:38:08.911+0000] {processor.py:839} INFO - DAG(s) dict_keys(['example_task_group']) retrieved from /home/airflow/.local/lib/python3.8/site-packages/airflow/example_dags/example_task_group.py
[2025-08-19T18:38:08.955+0000] {logging_mixin.py:151} INFO - [2025-08-19T18:38:08.954+0000] {dag.py:2941} INFO - Sync 1 DAGs
[2025-08-19T18:38:08.997+0000] {logging_mixin.py:151} INFO - [2025-08-19T18:38:08.996+0000] {dag.py:3722} INFO - Setting next_dagrun for example_task_group to 2025-08-18T18:38:08.995696+00:00, run_after=2025-08-19T18:38:08.995696+00:00
[2025-08-19T18:38:09.047+0000] {processor.py:179} INFO - Processing /home/airflow/.local/lib/python3.8/site-packages/airflow/example_dags/example_task_group.py took 0.168 seconds
[2025-08-19T18:38:40.790+0000] {processor.py:157} INFO - Started process (PID=890) to work on /home/airflow/.local/lib/python3.8/site-packages/airflow/example_dags/example_task_group.py
[2025-08-19T18:38:40.791+0000] {processor.py:829} INFO - Processing file /home/airflow/.local/lib/python3.8/site-packages/airflow/example_dags/example_task_group.py for tasks to queue
[2025-08-19T18:38:40.793+0000] {logging_mixin.py:151} INFO - [2025-08-19T18:38:40.793+0000] {dagbag.py:536} INFO - Filling up the DagBag from /home/airflow/.local/lib/python3.8/site-packages/airflow/example_dags/example_task_group.py
[2025-08-19T18:38:40.801+0000] {processor.py:839} INFO - DAG(s) dict_keys(['example_task_group']) retrieved from /home/airflow/.local/lib/python3.8/site-packages/airflow/example_dags/example_task_group.py
[2025-08-19T18:38:40.823+0000] {logging_mixin.py:151} INFO - [2025-08-19T18:38:40.823+0000] {dag.py:2941} INFO - Sync 1 DAGs
[2025-08-19T18:38:40.848+0000] {logging_mixin.py:151} INFO - [2025-08-19T18:38:40.848+0000] {dag.py:3722} INFO - Setting next_dagrun for example_task_group to 2025-08-18T18:38:40.847913+00:00, run_after=2025-08-19T18:38:40.847913+00:00
[2025-08-19T18:38:40.874+0000] {processor.py:179} INFO - Processing /home/airflow/.local/lib/python3.8/site-packages/airflow/example_dags/example_task_group.py took 0.095 seconds
[2025-08-19T18:39:12.914+0000] {processor.py:157} INFO - Started process (PID=944) to work on /home/airflow/.local/lib/python3.8/site-packages/airflow/example_dags/example_task_group.py
[2025-08-19T18:39:12.916+0000] {processor.py:829} INFO - Processing file /home/airflow/.local/lib/python3.8/site-packages/airflow/example_dags/example_task_group.py for tasks to queue
[2025-08-19T18:39:12.919+0000] {logging_mixin.py:151} INFO - [2025-08-19T18:39:12.919+0000] {dagbag.py:536} INFO - Filling up the DagBag from /home/airflow/.local/lib/python3.8/site-packages/airflow/example_dags/example_task_group.py
[2025-08-19T18:39:12.930+0000] {processor.py:839} INFO - DAG(s) dict_keys(['example_task_group']) retrieved from /home/airflow/.local/lib/python3.8/site-packages/airflow/example_dags/example_task_group.py
[2025-08-19T18:39:12.972+0000] {logging_mixin.py:151} INFO - [2025-08-19T18:39:12.972+0000] {dag.py:2941} INFO - Sync 1 DAGs
[2025-08-19T18:39:13.023+0000] {logging_mixin.py:151} INFO - [2025-08-19T18:39:13.022+0000] {dag.py:3722} INFO - Setting next_dagrun for example_task_group to 2025-08-18T18:39:13.020068+00:00, run_after=2025-08-19T18:39:13.020068+00:00
[2025-08-19T18:39:13.061+0000] {processor.py:179} INFO - Processing /home/airflow/.local/lib/python3.8/site-packages/airflow/example_dags/example_task_group.py took 0.153 seconds
