[2025-08-19T18:23:05.491+0000] {processor.py:157} INFO - Started process (PID=116) to work on /home/airflow/.local/lib/python3.8/site-packages/airflow/example_dags/example_branch_operator_decorator.py
[2025-08-19T18:23:05.528+0000] {processor.py:829} INFO - Processing file /home/airflow/.local/lib/python3.8/site-packages/airflow/example_dags/example_branch_operator_decorator.py for tasks to queue
[2025-08-19T18:23:05.604+0000] {logging_mixin.py:151} INFO - [2025-08-19T18:23:05.591+0000] {dagbag.py:536} INFO - Filling up the DagBag from /home/airflow/.local/lib/python3.8/site-packages/airflow/example_dags/example_branch_operator_decorator.py
[2025-08-19T18:23:05.888+0000] {processor.py:839} INFO - DAG(s) dict_keys(['example_branch_python_operator_decorator']) retrieved from /home/airflow/.local/lib/python3.8/site-packages/airflow/example_dags/example_branch_operator_decorator.py
[2025-08-19T18:23:06.148+0000] {logging_mixin.py:151} INFO - [2025-08-19T18:23:06.147+0000] {dag.py:2941} INFO - Sync 1 DAGs
[2025-08-19T18:23:06.397+0000] {logging_mixin.py:151} INFO - [2025-08-19T18:23:06.392+0000] {dag.py:3722} INFO - Setting next_dagrun for example_branch_python_operator_decorator to 2025-08-18T00:00:00+00:00, run_after=2025-08-19T00:00:00+00:00
[2025-08-19T18:23:06.550+0000] {processor.py:179} INFO - Processing /home/airflow/.local/lib/python3.8/site-packages/airflow/example_dags/example_branch_operator_decorator.py took 1.151 seconds
[2025-08-19T18:23:36.935+0000] {processor.py:157} INFO - Started process (PID=163) to work on /home/airflow/.local/lib/python3.8/site-packages/airflow/example_dags/example_branch_operator_decorator.py
[2025-08-19T18:23:36.938+0000] {processor.py:829} INFO - Processing file /home/airflow/.local/lib/python3.8/site-packages/airflow/example_dags/example_branch_operator_decorator.py for tasks to queue
[2025-08-19T18:23:36.945+0000] {logging_mixin.py:151} INFO - [2025-08-19T18:23:36.944+0000] {dagbag.py:536} INFO - Filling up the DagBag from /home/airflow/.local/lib/python3.8/site-packages/airflow/example_dags/example_branch_operator_decorator.py
[2025-08-19T18:23:36.967+0000] {processor.py:839} INFO - DAG(s) dict_keys(['example_branch_python_operator_decorator']) retrieved from /home/airflow/.local/lib/python3.8/site-packages/airflow/example_dags/example_branch_operator_decorator.py
[2025-08-19T18:23:37.025+0000] {logging_mixin.py:151} INFO - [2025-08-19T18:23:37.024+0000] {dag.py:2941} INFO - Sync 1 DAGs
[2025-08-19T18:23:37.081+0000] {logging_mixin.py:151} INFO - [2025-08-19T18:23:37.081+0000] {dag.py:3722} INFO - Setting next_dagrun for example_branch_python_operator_decorator to 2025-08-18T00:00:00+00:00, run_after=2025-08-19T00:00:00+00:00
[2025-08-19T18:23:37.136+0000] {processor.py:179} INFO - Processing /home/airflow/.local/lib/python3.8/site-packages/airflow/example_dags/example_branch_operator_decorator.py took 0.214 seconds
[2025-08-19T18:24:07.595+0000] {processor.py:157} INFO - Started process (PID=217) to work on /home/airflow/.local/lib/python3.8/site-packages/airflow/example_dags/example_branch_operator_decorator.py
[2025-08-19T18:24:07.600+0000] {processor.py:829} INFO - Processing file /home/airflow/.local/lib/python3.8/site-packages/airflow/example_dags/example_branch_operator_decorator.py for tasks to queue
[2025-08-19T18:24:07.610+0000] {logging_mixin.py:151} INFO - [2025-08-19T18:24:07.610+0000] {dagbag.py:536} INFO - Filling up the DagBag from /home/airflow/.local/lib/python3.8/site-packages/airflow/example_dags/example_branch_operator_decorator.py
[2025-08-19T18:24:07.675+0000] {processor.py:839} INFO - DAG(s) dict_keys(['example_branch_python_operator_decorator']) retrieved from /home/airflow/.local/lib/python3.8/site-packages/airflow/example_dags/example_branch_operator_decorator.py
[2025-08-19T18:24:07.812+0000] {logging_mixin.py:151} INFO - [2025-08-19T18:24:07.812+0000] {dag.py:2941} INFO - Sync 1 DAGs
[2025-08-19T18:24:07.972+0000] {logging_mixin.py:151} INFO - [2025-08-19T18:24:07.971+0000] {dag.py:3722} INFO - Setting next_dagrun for example_branch_python_operator_decorator to 2025-08-18T00:00:00+00:00, run_after=2025-08-19T00:00:00+00:00
[2025-08-19T18:24:08.091+0000] {processor.py:179} INFO - Processing /home/airflow/.local/lib/python3.8/site-packages/airflow/example_dags/example_branch_operator_decorator.py took 0.527 seconds
[2025-08-19T18:24:44.019+0000] {processor.py:157} INFO - Started process (PID=278) to work on /home/airflow/.local/lib/python3.8/site-packages/airflow/example_dags/example_branch_operator_decorator.py
[2025-08-19T18:24:44.022+0000] {processor.py:829} INFO - Processing file /home/airflow/.local/lib/python3.8/site-packages/airflow/example_dags/example_branch_operator_decorator.py for tasks to queue
[2025-08-19T18:24:44.029+0000] {logging_mixin.py:151} INFO - [2025-08-19T18:24:44.029+0000] {dagbag.py:536} INFO - Filling up the DagBag from /home/airflow/.local/lib/python3.8/site-packages/airflow/example_dags/example_branch_operator_decorator.py
[2025-08-19T18:24:44.062+0000] {processor.py:839} INFO - DAG(s) dict_keys(['example_branch_python_operator_decorator']) retrieved from /home/airflow/.local/lib/python3.8/site-packages/airflow/example_dags/example_branch_operator_decorator.py
[2025-08-19T18:24:44.152+0000] {logging_mixin.py:151} INFO - [2025-08-19T18:24:44.151+0000] {dag.py:2941} INFO - Sync 1 DAGs
[2025-08-19T18:24:44.309+0000] {logging_mixin.py:151} INFO - [2025-08-19T18:24:44.308+0000] {dag.py:3722} INFO - Setting next_dagrun for example_branch_python_operator_decorator to 2025-08-18T00:00:00+00:00, run_after=2025-08-19T00:00:00+00:00
[2025-08-19T18:24:44.411+0000] {processor.py:179} INFO - Processing /home/airflow/.local/lib/python3.8/site-packages/airflow/example_dags/example_branch_operator_decorator.py took 0.404 seconds
[2025-08-19T18:25:14.872+0000] {processor.py:157} INFO - Started process (PID=332) to work on /home/airflow/.local/lib/python3.8/site-packages/airflow/example_dags/example_branch_operator_decorator.py
[2025-08-19T18:25:14.874+0000] {processor.py:829} INFO - Processing file /home/airflow/.local/lib/python3.8/site-packages/airflow/example_dags/example_branch_operator_decorator.py for tasks to queue
[2025-08-19T18:25:14.879+0000] {logging_mixin.py:151} INFO - [2025-08-19T18:25:14.878+0000] {dagbag.py:536} INFO - Filling up the DagBag from /home/airflow/.local/lib/python3.8/site-packages/airflow/example_dags/example_branch_operator_decorator.py
[2025-08-19T18:25:14.899+0000] {processor.py:839} INFO - DAG(s) dict_keys(['example_branch_python_operator_decorator']) retrieved from /home/airflow/.local/lib/python3.8/site-packages/airflow/example_dags/example_branch_operator_decorator.py
[2025-08-19T18:25:14.942+0000] {logging_mixin.py:151} INFO - [2025-08-19T18:25:14.942+0000] {dag.py:2941} INFO - Sync 1 DAGs
[2025-08-19T18:25:14.984+0000] {logging_mixin.py:151} INFO - [2025-08-19T18:25:14.984+0000] {dag.py:3722} INFO - Setting next_dagrun for example_branch_python_operator_decorator to 2025-08-18T00:00:00+00:00, run_after=2025-08-19T00:00:00+00:00
[2025-08-19T18:25:15.022+0000] {processor.py:179} INFO - Processing /home/airflow/.local/lib/python3.8/site-packages/airflow/example_dags/example_branch_operator_decorator.py took 0.155 seconds
[2025-08-19T18:25:45.372+0000] {processor.py:157} INFO - Started process (PID=386) to work on /home/airflow/.local/lib/python3.8/site-packages/airflow/example_dags/example_branch_operator_decorator.py
[2025-08-19T18:25:45.374+0000] {processor.py:829} INFO - Processing file /home/airflow/.local/lib/python3.8/site-packages/airflow/example_dags/example_branch_operator_decorator.py for tasks to queue
[2025-08-19T18:25:45.386+0000] {logging_mixin.py:151} INFO - [2025-08-19T18:25:45.385+0000] {dagbag.py:536} INFO - Filling up the DagBag from /home/airflow/.local/lib/python3.8/site-packages/airflow/example_dags/example_branch_operator_decorator.py
[2025-08-19T18:25:45.424+0000] {processor.py:839} INFO - DAG(s) dict_keys(['example_branch_python_operator_decorator']) retrieved from /home/airflow/.local/lib/python3.8/site-packages/airflow/example_dags/example_branch_operator_decorator.py
[2025-08-19T18:25:45.491+0000] {logging_mixin.py:151} INFO - [2025-08-19T18:25:45.490+0000] {dag.py:2941} INFO - Sync 1 DAGs
[2025-08-19T18:25:45.549+0000] {logging_mixin.py:151} INFO - [2025-08-19T18:25:45.548+0000] {dag.py:3722} INFO - Setting next_dagrun for example_branch_python_operator_decorator to 2025-08-18T00:00:00+00:00, run_after=2025-08-19T00:00:00+00:00
[2025-08-19T18:25:45.591+0000] {processor.py:179} INFO - Processing /home/airflow/.local/lib/python3.8/site-packages/airflow/example_dags/example_branch_operator_decorator.py took 0.230 seconds
[2025-08-19T18:26:19.498+0000] {processor.py:157} INFO - Started process (PID=441) to work on /home/airflow/.local/lib/python3.8/site-packages/airflow/example_dags/example_branch_operator_decorator.py
[2025-08-19T18:26:19.501+0000] {processor.py:829} INFO - Processing file /home/airflow/.local/lib/python3.8/site-packages/airflow/example_dags/example_branch_operator_decorator.py for tasks to queue
[2025-08-19T18:26:19.516+0000] {logging_mixin.py:151} INFO - [2025-08-19T18:26:19.514+0000] {dagbag.py:536} INFO - Filling up the DagBag from /home/airflow/.local/lib/python3.8/site-packages/airflow/example_dags/example_branch_operator_decorator.py
[2025-08-19T18:26:19.558+0000] {processor.py:839} INFO - DAG(s) dict_keys(['example_branch_python_operator_decorator']) retrieved from /home/airflow/.local/lib/python3.8/site-packages/airflow/example_dags/example_branch_operator_decorator.py
[2025-08-19T18:26:19.646+0000] {logging_mixin.py:151} INFO - [2025-08-19T18:26:19.645+0000] {dag.py:2941} INFO - Sync 1 DAGs
[2025-08-19T18:26:19.775+0000] {logging_mixin.py:151} INFO - [2025-08-19T18:26:19.774+0000] {dag.py:3722} INFO - Setting next_dagrun for example_branch_python_operator_decorator to 2025-08-18T00:00:00+00:00, run_after=2025-08-19T00:00:00+00:00
[2025-08-19T18:26:19.862+0000] {processor.py:179} INFO - Processing /home/airflow/.local/lib/python3.8/site-packages/airflow/example_dags/example_branch_operator_decorator.py took 0.378 seconds
[2025-08-19T18:26:50.853+0000] {processor.py:157} INFO - Started process (PID=495) to work on /home/airflow/.local/lib/python3.8/site-packages/airflow/example_dags/example_branch_operator_decorator.py
[2025-08-19T18:26:50.855+0000] {processor.py:829} INFO - Processing file /home/airflow/.local/lib/python3.8/site-packages/airflow/example_dags/example_branch_operator_decorator.py for tasks to queue
[2025-08-19T18:26:50.869+0000] {logging_mixin.py:151} INFO - [2025-08-19T18:26:50.868+0000] {dagbag.py:536} INFO - Filling up the DagBag from /home/airflow/.local/lib/python3.8/site-packages/airflow/example_dags/example_branch_operator_decorator.py
[2025-08-19T18:26:50.923+0000] {processor.py:839} INFO - DAG(s) dict_keys(['example_branch_python_operator_decorator']) retrieved from /home/airflow/.local/lib/python3.8/site-packages/airflow/example_dags/example_branch_operator_decorator.py
[2025-08-19T18:26:51.451+0000] {logging_mixin.py:151} INFO - [2025-08-19T18:26:51.450+0000] {dag.py:2941} INFO - Sync 1 DAGs
[2025-08-19T18:26:51.598+0000] {logging_mixin.py:151} INFO - [2025-08-19T18:26:51.589+0000] {dag.py:3722} INFO - Setting next_dagrun for example_branch_python_operator_decorator to 2025-08-18T00:00:00+00:00, run_after=2025-08-19T00:00:00+00:00
[2025-08-19T18:26:51.710+0000] {processor.py:179} INFO - Processing /home/airflow/.local/lib/python3.8/site-packages/airflow/example_dags/example_branch_operator_decorator.py took 0.902 seconds
[2025-08-19T18:27:22.529+0000] {processor.py:157} INFO - Started process (PID=549) to work on /home/airflow/.local/lib/python3.8/site-packages/airflow/example_dags/example_branch_operator_decorator.py
[2025-08-19T18:27:22.538+0000] {processor.py:829} INFO - Processing file /home/airflow/.local/lib/python3.8/site-packages/airflow/example_dags/example_branch_operator_decorator.py for tasks to queue
[2025-08-19T18:27:22.542+0000] {logging_mixin.py:151} INFO - [2025-08-19T18:27:22.542+0000] {dagbag.py:536} INFO - Filling up the DagBag from /home/airflow/.local/lib/python3.8/site-packages/airflow/example_dags/example_branch_operator_decorator.py
[2025-08-19T18:27:22.563+0000] {processor.py:839} INFO - DAG(s) dict_keys(['example_branch_python_operator_decorator']) retrieved from /home/airflow/.local/lib/python3.8/site-packages/airflow/example_dags/example_branch_operator_decorator.py
[2025-08-19T18:27:22.650+0000] {logging_mixin.py:151} INFO - [2025-08-19T18:27:22.650+0000] {dag.py:2941} INFO - Sync 1 DAGs
[2025-08-19T18:27:22.713+0000] {logging_mixin.py:151} INFO - [2025-08-19T18:27:22.712+0000] {dag.py:3722} INFO - Setting next_dagrun for example_branch_python_operator_decorator to 2025-08-18T00:00:00+00:00, run_after=2025-08-19T00:00:00+00:00
[2025-08-19T18:27:22.818+0000] {processor.py:179} INFO - Processing /home/airflow/.local/lib/python3.8/site-packages/airflow/example_dags/example_branch_operator_decorator.py took 0.370 seconds
[2025-08-19T18:27:52.892+0000] {processor.py:157} INFO - Started process (PID=594) to work on /home/airflow/.local/lib/python3.8/site-packages/airflow/example_dags/example_branch_operator_decorator.py
[2025-08-19T18:27:52.894+0000] {processor.py:829} INFO - Processing file /home/airflow/.local/lib/python3.8/site-packages/airflow/example_dags/example_branch_operator_decorator.py for tasks to queue
[2025-08-19T18:27:52.899+0000] {logging_mixin.py:151} INFO - [2025-08-19T18:27:52.898+0000] {dagbag.py:536} INFO - Filling up the DagBag from /home/airflow/.local/lib/python3.8/site-packages/airflow/example_dags/example_branch_operator_decorator.py
[2025-08-19T18:27:52.919+0000] {processor.py:839} INFO - DAG(s) dict_keys(['example_branch_python_operator_decorator']) retrieved from /home/airflow/.local/lib/python3.8/site-packages/airflow/example_dags/example_branch_operator_decorator.py
[2025-08-19T18:27:52.987+0000] {logging_mixin.py:151} INFO - [2025-08-19T18:27:52.987+0000] {dag.py:2941} INFO - Sync 1 DAGs
[2025-08-19T18:27:53.038+0000] {logging_mixin.py:151} INFO - [2025-08-19T18:27:53.037+0000] {dag.py:3722} INFO - Setting next_dagrun for example_branch_python_operator_decorator to 2025-08-18T00:00:00+00:00, run_after=2025-08-19T00:00:00+00:00
[2025-08-19T18:27:53.093+0000] {processor.py:179} INFO - Processing /home/airflow/.local/lib/python3.8/site-packages/airflow/example_dags/example_branch_operator_decorator.py took 0.207 seconds
[2025-08-19T18:28:23.576+0000] {processor.py:157} INFO - Started process (PID=648) to work on /home/airflow/.local/lib/python3.8/site-packages/airflow/example_dags/example_branch_operator_decorator.py
[2025-08-19T18:28:23.577+0000] {processor.py:829} INFO - Processing file /home/airflow/.local/lib/python3.8/site-packages/airflow/example_dags/example_branch_operator_decorator.py for tasks to queue
[2025-08-19T18:28:23.581+0000] {logging_mixin.py:151} INFO - [2025-08-19T18:28:23.581+0000] {dagbag.py:536} INFO - Filling up the DagBag from /home/airflow/.local/lib/python3.8/site-packages/airflow/example_dags/example_branch_operator_decorator.py
[2025-08-19T18:28:23.597+0000] {processor.py:839} INFO - DAG(s) dict_keys(['example_branch_python_operator_decorator']) retrieved from /home/airflow/.local/lib/python3.8/site-packages/airflow/example_dags/example_branch_operator_decorator.py
[2025-08-19T18:28:23.626+0000] {logging_mixin.py:151} INFO - [2025-08-19T18:28:23.626+0000] {dag.py:2941} INFO - Sync 1 DAGs
[2025-08-19T18:28:23.660+0000] {logging_mixin.py:151} INFO - [2025-08-19T18:28:23.659+0000] {dag.py:3722} INFO - Setting next_dagrun for example_branch_python_operator_decorator to 2025-08-18T00:00:00+00:00, run_after=2025-08-19T00:00:00+00:00
[2025-08-19T18:28:23.691+0000] {processor.py:179} INFO - Processing /home/airflow/.local/lib/python3.8/site-packages/airflow/example_dags/example_branch_operator_decorator.py took 0.120 seconds
[2025-08-19T18:28:54.040+0000] {processor.py:157} INFO - Started process (PID=702) to work on /home/airflow/.local/lib/python3.8/site-packages/airflow/example_dags/example_branch_operator_decorator.py
[2025-08-19T18:28:54.042+0000] {processor.py:829} INFO - Processing file /home/airflow/.local/lib/python3.8/site-packages/airflow/example_dags/example_branch_operator_decorator.py for tasks to queue
[2025-08-19T18:28:54.046+0000] {logging_mixin.py:151} INFO - [2025-08-19T18:28:54.045+0000] {dagbag.py:536} INFO - Filling up the DagBag from /home/airflow/.local/lib/python3.8/site-packages/airflow/example_dags/example_branch_operator_decorator.py
[2025-08-19T18:28:54.065+0000] {processor.py:839} INFO - DAG(s) dict_keys(['example_branch_python_operator_decorator']) retrieved from /home/airflow/.local/lib/python3.8/site-packages/airflow/example_dags/example_branch_operator_decorator.py
[2025-08-19T18:28:54.100+0000] {logging_mixin.py:151} INFO - [2025-08-19T18:28:54.100+0000] {dag.py:2941} INFO - Sync 1 DAGs
[2025-08-19T18:28:54.139+0000] {logging_mixin.py:151} INFO - [2025-08-19T18:28:54.139+0000] {dag.py:3722} INFO - Setting next_dagrun for example_branch_python_operator_decorator to 2025-08-18T00:00:00+00:00, run_after=2025-08-19T00:00:00+00:00
[2025-08-19T18:28:54.182+0000] {processor.py:179} INFO - Processing /home/airflow/.local/lib/python3.8/site-packages/airflow/example_dags/example_branch_operator_decorator.py took 0.154 seconds
[2025-08-19T18:29:24.915+0000] {processor.py:157} INFO - Started process (PID=756) to work on /home/airflow/.local/lib/python3.8/site-packages/airflow/example_dags/example_branch_operator_decorator.py
[2025-08-19T18:29:25.277+0000] {processor.py:829} INFO - Processing file /home/airflow/.local/lib/python3.8/site-packages/airflow/example_dags/example_branch_operator_decorator.py for tasks to queue
[2025-08-19T18:29:25.284+0000] {logging_mixin.py:151} INFO - [2025-08-19T18:29:25.283+0000] {dagbag.py:536} INFO - Filling up the DagBag from /home/airflow/.local/lib/python3.8/site-packages/airflow/example_dags/example_branch_operator_decorator.py
[2025-08-19T18:29:25.331+0000] {processor.py:839} INFO - DAG(s) dict_keys(['example_branch_python_operator_decorator']) retrieved from /home/airflow/.local/lib/python3.8/site-packages/airflow/example_dags/example_branch_operator_decorator.py
[2025-08-19T18:29:25.405+0000] {logging_mixin.py:151} INFO - [2025-08-19T18:29:25.405+0000] {dag.py:2941} INFO - Sync 1 DAGs
[2025-08-19T18:29:25.457+0000] {logging_mixin.py:151} INFO - [2025-08-19T18:29:25.456+0000] {dag.py:3722} INFO - Setting next_dagrun for example_branch_python_operator_decorator to 2025-08-18T00:00:00+00:00, run_after=2025-08-19T00:00:00+00:00
[2025-08-19T18:29:25.503+0000] {processor.py:179} INFO - Processing /home/airflow/.local/lib/python3.8/site-packages/airflow/example_dags/example_branch_operator_decorator.py took 0.605 seconds
[2025-08-19T18:29:55.707+0000] {processor.py:157} INFO - Started process (PID=810) to work on /home/airflow/.local/lib/python3.8/site-packages/airflow/example_dags/example_branch_operator_decorator.py
[2025-08-19T18:29:55.710+0000] {processor.py:829} INFO - Processing file /home/airflow/.local/lib/python3.8/site-packages/airflow/example_dags/example_branch_operator_decorator.py for tasks to queue
[2025-08-19T18:29:55.715+0000] {logging_mixin.py:151} INFO - [2025-08-19T18:29:55.714+0000] {dagbag.py:536} INFO - Filling up the DagBag from /home/airflow/.local/lib/python3.8/site-packages/airflow/example_dags/example_branch_operator_decorator.py
[2025-08-19T18:29:55.737+0000] {processor.py:839} INFO - DAG(s) dict_keys(['example_branch_python_operator_decorator']) retrieved from /home/airflow/.local/lib/python3.8/site-packages/airflow/example_dags/example_branch_operator_decorator.py
[2025-08-19T18:29:55.856+0000] {logging_mixin.py:151} INFO - [2025-08-19T18:29:55.856+0000] {dag.py:2941} INFO - Sync 1 DAGs
[2025-08-19T18:29:55.927+0000] {logging_mixin.py:151} INFO - [2025-08-19T18:29:55.927+0000] {dag.py:3722} INFO - Setting next_dagrun for example_branch_python_operator_decorator to 2025-08-18T00:00:00+00:00, run_after=2025-08-19T00:00:00+00:00
[2025-08-19T18:29:56.656+0000] {processor.py:179} INFO - Processing /home/airflow/.local/lib/python3.8/site-packages/airflow/example_dags/example_branch_operator_decorator.py took 0.957 seconds
[2025-08-19T18:30:56.932+0000] {processor.py:157} INFO - Started process (PID=107) to work on /home/airflow/.local/lib/python3.8/site-packages/airflow/example_dags/example_branch_operator_decorator.py
[2025-08-19T18:30:56.946+0000] {processor.py:829} INFO - Processing file /home/airflow/.local/lib/python3.8/site-packages/airflow/example_dags/example_branch_operator_decorator.py for tasks to queue
[2025-08-19T18:30:56.956+0000] {logging_mixin.py:151} INFO - [2025-08-19T18:30:56.955+0000] {dagbag.py:536} INFO - Filling up the DagBag from /home/airflow/.local/lib/python3.8/site-packages/airflow/example_dags/example_branch_operator_decorator.py
[2025-08-19T18:30:57.023+0000] {processor.py:839} INFO - DAG(s) dict_keys(['example_branch_python_operator_decorator']) retrieved from /home/airflow/.local/lib/python3.8/site-packages/airflow/example_dags/example_branch_operator_decorator.py
[2025-08-19T18:30:57.137+0000] {logging_mixin.py:151} INFO - [2025-08-19T18:30:57.137+0000] {dag.py:2941} INFO - Sync 1 DAGs
[2025-08-19T18:30:57.222+0000] {logging_mixin.py:151} INFO - [2025-08-19T18:30:57.222+0000] {dag.py:3722} INFO - Setting next_dagrun for example_branch_python_operator_decorator to 2025-08-18T00:00:00+00:00, run_after=2025-08-19T00:00:00+00:00
[2025-08-19T18:30:57.274+0000] {processor.py:179} INFO - Processing /home/airflow/.local/lib/python3.8/site-packages/airflow/example_dags/example_branch_operator_decorator.py took 0.359 seconds
[2025-08-19T18:31:28.153+0000] {processor.py:157} INFO - Started process (PID=162) to work on /home/airflow/.local/lib/python3.8/site-packages/airflow/example_dags/example_branch_operator_decorator.py
[2025-08-19T18:31:28.155+0000] {processor.py:829} INFO - Processing file /home/airflow/.local/lib/python3.8/site-packages/airflow/example_dags/example_branch_operator_decorator.py for tasks to queue
[2025-08-19T18:31:28.162+0000] {logging_mixin.py:151} INFO - [2025-08-19T18:31:28.161+0000] {dagbag.py:536} INFO - Filling up the DagBag from /home/airflow/.local/lib/python3.8/site-packages/airflow/example_dags/example_branch_operator_decorator.py
[2025-08-19T18:31:28.186+0000] {processor.py:839} INFO - DAG(s) dict_keys(['example_branch_python_operator_decorator']) retrieved from /home/airflow/.local/lib/python3.8/site-packages/airflow/example_dags/example_branch_operator_decorator.py
[2025-08-19T18:31:28.258+0000] {logging_mixin.py:151} INFO - [2025-08-19T18:31:28.257+0000] {dag.py:2941} INFO - Sync 1 DAGs
[2025-08-19T18:31:28.327+0000] {logging_mixin.py:151} INFO - [2025-08-19T18:31:28.326+0000] {dag.py:3722} INFO - Setting next_dagrun for example_branch_python_operator_decorator to 2025-08-18T00:00:00+00:00, run_after=2025-08-19T00:00:00+00:00
[2025-08-19T18:31:28.388+0000] {processor.py:179} INFO - Processing /home/airflow/.local/lib/python3.8/site-packages/airflow/example_dags/example_branch_operator_decorator.py took 0.242 seconds
[2025-08-19T18:31:58.982+0000] {processor.py:157} INFO - Started process (PID=216) to work on /home/airflow/.local/lib/python3.8/site-packages/airflow/example_dags/example_branch_operator_decorator.py
[2025-08-19T18:31:58.984+0000] {processor.py:829} INFO - Processing file /home/airflow/.local/lib/python3.8/site-packages/airflow/example_dags/example_branch_operator_decorator.py for tasks to queue
[2025-08-19T18:31:58.988+0000] {logging_mixin.py:151} INFO - [2025-08-19T18:31:58.988+0000] {dagbag.py:536} INFO - Filling up the DagBag from /home/airflow/.local/lib/python3.8/site-packages/airflow/example_dags/example_branch_operator_decorator.py
[2025-08-19T18:31:59.003+0000] {processor.py:839} INFO - DAG(s) dict_keys(['example_branch_python_operator_decorator']) retrieved from /home/airflow/.local/lib/python3.8/site-packages/airflow/example_dags/example_branch_operator_decorator.py
[2025-08-19T18:31:59.064+0000] {logging_mixin.py:151} INFO - [2025-08-19T18:31:59.064+0000] {dag.py:2941} INFO - Sync 1 DAGs
[2025-08-19T18:31:59.117+0000] {logging_mixin.py:151} INFO - [2025-08-19T18:31:59.117+0000] {dag.py:3722} INFO - Setting next_dagrun for example_branch_python_operator_decorator to 2025-08-18T00:00:00+00:00, run_after=2025-08-19T00:00:00+00:00
[2025-08-19T18:31:59.170+0000] {processor.py:179} INFO - Processing /home/airflow/.local/lib/python3.8/site-packages/airflow/example_dags/example_branch_operator_decorator.py took 0.194 seconds
[2025-08-19T18:32:29.813+0000] {processor.py:157} INFO - Started process (PID=263) to work on /home/airflow/.local/lib/python3.8/site-packages/airflow/example_dags/example_branch_operator_decorator.py
[2025-08-19T18:32:29.816+0000] {processor.py:829} INFO - Processing file /home/airflow/.local/lib/python3.8/site-packages/airflow/example_dags/example_branch_operator_decorator.py for tasks to queue
[2025-08-19T18:32:29.821+0000] {logging_mixin.py:151} INFO - [2025-08-19T18:32:29.820+0000] {dagbag.py:536} INFO - Filling up the DagBag from /home/airflow/.local/lib/python3.8/site-packages/airflow/example_dags/example_branch_operator_decorator.py
[2025-08-19T18:32:29.860+0000] {processor.py:839} INFO - DAG(s) dict_keys(['example_branch_python_operator_decorator']) retrieved from /home/airflow/.local/lib/python3.8/site-packages/airflow/example_dags/example_branch_operator_decorator.py
[2025-08-19T18:32:29.927+0000] {logging_mixin.py:151} INFO - [2025-08-19T18:32:29.927+0000] {dag.py:2941} INFO - Sync 1 DAGs
[2025-08-19T18:32:29.974+0000] {logging_mixin.py:151} INFO - [2025-08-19T18:32:29.974+0000] {dag.py:3722} INFO - Setting next_dagrun for example_branch_python_operator_decorator to 2025-08-18T00:00:00+00:00, run_after=2025-08-19T00:00:00+00:00
[2025-08-19T18:32:30.021+0000] {processor.py:179} INFO - Processing /home/airflow/.local/lib/python3.8/site-packages/airflow/example_dags/example_branch_operator_decorator.py took 0.218 seconds
[2025-08-19T18:33:00.347+0000] {processor.py:157} INFO - Started process (PID=317) to work on /home/airflow/.local/lib/python3.8/site-packages/airflow/example_dags/example_branch_operator_decorator.py
[2025-08-19T18:33:00.349+0000] {processor.py:829} INFO - Processing file /home/airflow/.local/lib/python3.8/site-packages/airflow/example_dags/example_branch_operator_decorator.py for tasks to queue
[2025-08-19T18:33:00.356+0000] {logging_mixin.py:151} INFO - [2025-08-19T18:33:00.355+0000] {dagbag.py:536} INFO - Filling up the DagBag from /home/airflow/.local/lib/python3.8/site-packages/airflow/example_dags/example_branch_operator_decorator.py
[2025-08-19T18:33:00.375+0000] {processor.py:839} INFO - DAG(s) dict_keys(['example_branch_python_operator_decorator']) retrieved from /home/airflow/.local/lib/python3.8/site-packages/airflow/example_dags/example_branch_operator_decorator.py
[2025-08-19T18:33:00.426+0000] {logging_mixin.py:151} INFO - [2025-08-19T18:33:00.425+0000] {dag.py:2941} INFO - Sync 1 DAGs
[2025-08-19T18:33:00.476+0000] {logging_mixin.py:151} INFO - [2025-08-19T18:33:00.476+0000] {dag.py:3722} INFO - Setting next_dagrun for example_branch_python_operator_decorator to 2025-08-18T00:00:00+00:00, run_after=2025-08-19T00:00:00+00:00
[2025-08-19T18:33:00.521+0000] {processor.py:179} INFO - Processing /home/airflow/.local/lib/python3.8/site-packages/airflow/example_dags/example_branch_operator_decorator.py took 0.181 seconds
[2025-08-19T18:33:31.170+0000] {processor.py:157} INFO - Started process (PID=371) to work on /home/airflow/.local/lib/python3.8/site-packages/airflow/example_dags/example_branch_operator_decorator.py
[2025-08-19T18:33:31.171+0000] {processor.py:829} INFO - Processing file /home/airflow/.local/lib/python3.8/site-packages/airflow/example_dags/example_branch_operator_decorator.py for tasks to queue
[2025-08-19T18:33:31.174+0000] {logging_mixin.py:151} INFO - [2025-08-19T18:33:31.174+0000] {dagbag.py:536} INFO - Filling up the DagBag from /home/airflow/.local/lib/python3.8/site-packages/airflow/example_dags/example_branch_operator_decorator.py
[2025-08-19T18:33:31.188+0000] {processor.py:839} INFO - DAG(s) dict_keys(['example_branch_python_operator_decorator']) retrieved from /home/airflow/.local/lib/python3.8/site-packages/airflow/example_dags/example_branch_operator_decorator.py
[2025-08-19T18:33:31.221+0000] {logging_mixin.py:151} INFO - [2025-08-19T18:33:31.220+0000] {dag.py:2941} INFO - Sync 1 DAGs
[2025-08-19T18:33:31.249+0000] {logging_mixin.py:151} INFO - [2025-08-19T18:33:31.249+0000] {dag.py:3722} INFO - Setting next_dagrun for example_branch_python_operator_decorator to 2025-08-18T00:00:00+00:00, run_after=2025-08-19T00:00:00+00:00
[2025-08-19T18:33:31.285+0000] {processor.py:179} INFO - Processing /home/airflow/.local/lib/python3.8/site-packages/airflow/example_dags/example_branch_operator_decorator.py took 0.119 seconds
[2025-08-19T18:34:01.895+0000] {processor.py:157} INFO - Started process (PID=425) to work on /home/airflow/.local/lib/python3.8/site-packages/airflow/example_dags/example_branch_operator_decorator.py
[2025-08-19T18:34:01.897+0000] {processor.py:829} INFO - Processing file /home/airflow/.local/lib/python3.8/site-packages/airflow/example_dags/example_branch_operator_decorator.py for tasks to queue
[2025-08-19T18:34:01.903+0000] {logging_mixin.py:151} INFO - [2025-08-19T18:34:01.903+0000] {dagbag.py:536} INFO - Filling up the DagBag from /home/airflow/.local/lib/python3.8/site-packages/airflow/example_dags/example_branch_operator_decorator.py
[2025-08-19T18:34:01.923+0000] {processor.py:839} INFO - DAG(s) dict_keys(['example_branch_python_operator_decorator']) retrieved from /home/airflow/.local/lib/python3.8/site-packages/airflow/example_dags/example_branch_operator_decorator.py
[2025-08-19T18:34:01.972+0000] {logging_mixin.py:151} INFO - [2025-08-19T18:34:01.972+0000] {dag.py:2941} INFO - Sync 1 DAGs
[2025-08-19T18:34:02.015+0000] {logging_mixin.py:151} INFO - [2025-08-19T18:34:02.014+0000] {dag.py:3722} INFO - Setting next_dagrun for example_branch_python_operator_decorator to 2025-08-18T00:00:00+00:00, run_after=2025-08-19T00:00:00+00:00
[2025-08-19T18:34:02.054+0000] {processor.py:179} INFO - Processing /home/airflow/.local/lib/python3.8/site-packages/airflow/example_dags/example_branch_operator_decorator.py took 0.165 seconds
[2025-08-19T18:34:32.952+0000] {processor.py:157} INFO - Started process (PID=479) to work on /home/airflow/.local/lib/python3.8/site-packages/airflow/example_dags/example_branch_operator_decorator.py
[2025-08-19T18:34:32.953+0000] {processor.py:829} INFO - Processing file /home/airflow/.local/lib/python3.8/site-packages/airflow/example_dags/example_branch_operator_decorator.py for tasks to queue
[2025-08-19T18:34:32.957+0000] {logging_mixin.py:151} INFO - [2025-08-19T18:34:32.957+0000] {dagbag.py:536} INFO - Filling up the DagBag from /home/airflow/.local/lib/python3.8/site-packages/airflow/example_dags/example_branch_operator_decorator.py
[2025-08-19T18:34:32.968+0000] {processor.py:839} INFO - DAG(s) dict_keys(['example_branch_python_operator_decorator']) retrieved from /home/airflow/.local/lib/python3.8/site-packages/airflow/example_dags/example_branch_operator_decorator.py
[2025-08-19T18:34:33.004+0000] {logging_mixin.py:151} INFO - [2025-08-19T18:34:33.003+0000] {dag.py:2941} INFO - Sync 1 DAGs
[2025-08-19T18:34:33.043+0000] {logging_mixin.py:151} INFO - [2025-08-19T18:34:33.043+0000] {dag.py:3722} INFO - Setting next_dagrun for example_branch_python_operator_decorator to 2025-08-18T00:00:00+00:00, run_after=2025-08-19T00:00:00+00:00
[2025-08-19T18:34:33.091+0000] {processor.py:179} INFO - Processing /home/airflow/.local/lib/python3.8/site-packages/airflow/example_dags/example_branch_operator_decorator.py took 0.144 seconds
[2025-08-19T18:35:03.265+0000] {processor.py:157} INFO - Started process (PID=533) to work on /home/airflow/.local/lib/python3.8/site-packages/airflow/example_dags/example_branch_operator_decorator.py
[2025-08-19T18:35:03.266+0000] {processor.py:829} INFO - Processing file /home/airflow/.local/lib/python3.8/site-packages/airflow/example_dags/example_branch_operator_decorator.py for tasks to queue
[2025-08-19T18:35:03.274+0000] {logging_mixin.py:151} INFO - [2025-08-19T18:35:03.274+0000] {dagbag.py:536} INFO - Filling up the DagBag from /home/airflow/.local/lib/python3.8/site-packages/airflow/example_dags/example_branch_operator_decorator.py
[2025-08-19T18:35:03.287+0000] {processor.py:839} INFO - DAG(s) dict_keys(['example_branch_python_operator_decorator']) retrieved from /home/airflow/.local/lib/python3.8/site-packages/airflow/example_dags/example_branch_operator_decorator.py
[2025-08-19T18:35:03.316+0000] {logging_mixin.py:151} INFO - [2025-08-19T18:35:03.316+0000] {dag.py:2941} INFO - Sync 1 DAGs
[2025-08-19T18:35:03.352+0000] {logging_mixin.py:151} INFO - [2025-08-19T18:35:03.352+0000] {dag.py:3722} INFO - Setting next_dagrun for example_branch_python_operator_decorator to 2025-08-18T00:00:00+00:00, run_after=2025-08-19T00:00:00+00:00
[2025-08-19T18:35:03.379+0000] {processor.py:179} INFO - Processing /home/airflow/.local/lib/python3.8/site-packages/airflow/example_dags/example_branch_operator_decorator.py took 0.118 seconds
[2025-08-19T18:35:33.961+0000] {processor.py:157} INFO - Started process (PID=587) to work on /home/airflow/.local/lib/python3.8/site-packages/airflow/example_dags/example_branch_operator_decorator.py
[2025-08-19T18:35:33.963+0000] {processor.py:829} INFO - Processing file /home/airflow/.local/lib/python3.8/site-packages/airflow/example_dags/example_branch_operator_decorator.py for tasks to queue
[2025-08-19T18:35:33.967+0000] {logging_mixin.py:151} INFO - [2025-08-19T18:35:33.967+0000] {dagbag.py:536} INFO - Filling up the DagBag from /home/airflow/.local/lib/python3.8/site-packages/airflow/example_dags/example_branch_operator_decorator.py
[2025-08-19T18:35:33.989+0000] {processor.py:839} INFO - DAG(s) dict_keys(['example_branch_python_operator_decorator']) retrieved from /home/airflow/.local/lib/python3.8/site-packages/airflow/example_dags/example_branch_operator_decorator.py
[2025-08-19T18:35:34.037+0000] {logging_mixin.py:151} INFO - [2025-08-19T18:35:34.037+0000] {dag.py:2941} INFO - Sync 1 DAGs
[2025-08-19T18:35:34.078+0000] {logging_mixin.py:151} INFO - [2025-08-19T18:35:34.078+0000] {dag.py:3722} INFO - Setting next_dagrun for example_branch_python_operator_decorator to 2025-08-18T00:00:00+00:00, run_after=2025-08-19T00:00:00+00:00
[2025-08-19T18:35:34.123+0000] {processor.py:179} INFO - Processing /home/airflow/.local/lib/python3.8/site-packages/airflow/example_dags/example_branch_operator_decorator.py took 0.171 seconds
[2025-08-19T18:36:04.840+0000] {processor.py:157} INFO - Started process (PID=641) to work on /home/airflow/.local/lib/python3.8/site-packages/airflow/example_dags/example_branch_operator_decorator.py
[2025-08-19T18:36:04.843+0000] {processor.py:829} INFO - Processing file /home/airflow/.local/lib/python3.8/site-packages/airflow/example_dags/example_branch_operator_decorator.py for tasks to queue
[2025-08-19T18:36:04.848+0000] {logging_mixin.py:151} INFO - [2025-08-19T18:36:04.848+0000] {dagbag.py:536} INFO - Filling up the DagBag from /home/airflow/.local/lib/python3.8/site-packages/airflow/example_dags/example_branch_operator_decorator.py
[2025-08-19T18:36:04.867+0000] {processor.py:839} INFO - DAG(s) dict_keys(['example_branch_python_operator_decorator']) retrieved from /home/airflow/.local/lib/python3.8/site-packages/airflow/example_dags/example_branch_operator_decorator.py
[2025-08-19T18:36:04.921+0000] {logging_mixin.py:151} INFO - [2025-08-19T18:36:04.921+0000] {dag.py:2941} INFO - Sync 1 DAGs
[2025-08-19T18:36:04.991+0000] {logging_mixin.py:151} INFO - [2025-08-19T18:36:04.990+0000] {dag.py:3722} INFO - Setting next_dagrun for example_branch_python_operator_decorator to 2025-08-18T00:00:00+00:00, run_after=2025-08-19T00:00:00+00:00
[2025-08-19T18:36:05.079+0000] {processor.py:179} INFO - Processing /home/airflow/.local/lib/python3.8/site-packages/airflow/example_dags/example_branch_operator_decorator.py took 0.251 seconds
[2025-08-19T18:36:36.110+0000] {processor.py:157} INFO - Started process (PID=695) to work on /home/airflow/.local/lib/python3.8/site-packages/airflow/example_dags/example_branch_operator_decorator.py
[2025-08-19T18:36:36.113+0000] {processor.py:829} INFO - Processing file /home/airflow/.local/lib/python3.8/site-packages/airflow/example_dags/example_branch_operator_decorator.py for tasks to queue
[2025-08-19T18:36:36.117+0000] {logging_mixin.py:151} INFO - [2025-08-19T18:36:36.116+0000] {dagbag.py:536} INFO - Filling up the DagBag from /home/airflow/.local/lib/python3.8/site-packages/airflow/example_dags/example_branch_operator_decorator.py
[2025-08-19T18:36:36.135+0000] {processor.py:839} INFO - DAG(s) dict_keys(['example_branch_python_operator_decorator']) retrieved from /home/airflow/.local/lib/python3.8/site-packages/airflow/example_dags/example_branch_operator_decorator.py
[2025-08-19T18:36:36.173+0000] {logging_mixin.py:151} INFO - [2025-08-19T18:36:36.172+0000] {dag.py:2941} INFO - Sync 1 DAGs
[2025-08-19T18:36:36.213+0000] {logging_mixin.py:151} INFO - [2025-08-19T18:36:36.213+0000] {dag.py:3722} INFO - Setting next_dagrun for example_branch_python_operator_decorator to 2025-08-18T00:00:00+00:00, run_after=2025-08-19T00:00:00+00:00
[2025-08-19T18:36:36.244+0000] {processor.py:179} INFO - Processing /home/airflow/.local/lib/python3.8/site-packages/airflow/example_dags/example_branch_operator_decorator.py took 0.139 seconds
[2025-08-19T18:37:09.383+0000] {processor.py:157} INFO - Started process (PID=749) to work on /home/airflow/.local/lib/python3.8/site-packages/airflow/example_dags/example_branch_operator_decorator.py
[2025-08-19T18:37:09.385+0000] {processor.py:829} INFO - Processing file /home/airflow/.local/lib/python3.8/site-packages/airflow/example_dags/example_branch_operator_decorator.py for tasks to queue
[2025-08-19T18:37:09.393+0000] {logging_mixin.py:151} INFO - [2025-08-19T18:37:09.392+0000] {dagbag.py:536} INFO - Filling up the DagBag from /home/airflow/.local/lib/python3.8/site-packages/airflow/example_dags/example_branch_operator_decorator.py
[2025-08-19T18:37:09.416+0000] {processor.py:839} INFO - DAG(s) dict_keys(['example_branch_python_operator_decorator']) retrieved from /home/airflow/.local/lib/python3.8/site-packages/airflow/example_dags/example_branch_operator_decorator.py
[2025-08-19T18:37:09.484+0000] {logging_mixin.py:151} INFO - [2025-08-19T18:37:09.484+0000] {dag.py:2941} INFO - Sync 1 DAGs
[2025-08-19T18:37:09.544+0000] {logging_mixin.py:151} INFO - [2025-08-19T18:37:09.543+0000] {dag.py:3722} INFO - Setting next_dagrun for example_branch_python_operator_decorator to 2025-08-18T00:00:00+00:00, run_after=2025-08-19T00:00:00+00:00
[2025-08-19T18:37:09.605+0000] {processor.py:179} INFO - Processing /home/airflow/.local/lib/python3.8/site-packages/airflow/example_dags/example_branch_operator_decorator.py took 0.236 seconds
[2025-08-19T18:37:42.920+0000] {processor.py:157} INFO - Started process (PID=804) to work on /home/airflow/.local/lib/python3.8/site-packages/airflow/example_dags/example_branch_operator_decorator.py
[2025-08-19T18:37:42.922+0000] {processor.py:829} INFO - Processing file /home/airflow/.local/lib/python3.8/site-packages/airflow/example_dags/example_branch_operator_decorator.py for tasks to queue
[2025-08-19T18:37:42.926+0000] {logging_mixin.py:151} INFO - [2025-08-19T18:37:42.926+0000] {dagbag.py:536} INFO - Filling up the DagBag from /home/airflow/.local/lib/python3.8/site-packages/airflow/example_dags/example_branch_operator_decorator.py
[2025-08-19T18:37:42.951+0000] {processor.py:839} INFO - DAG(s) dict_keys(['example_branch_python_operator_decorator']) retrieved from /home/airflow/.local/lib/python3.8/site-packages/airflow/example_dags/example_branch_operator_decorator.py
[2025-08-19T18:37:43.034+0000] {logging_mixin.py:151} INFO - [2025-08-19T18:37:43.033+0000] {dag.py:2941} INFO - Sync 1 DAGs
[2025-08-19T18:37:43.144+0000] {logging_mixin.py:151} INFO - [2025-08-19T18:37:43.143+0000] {dag.py:3722} INFO - Setting next_dagrun for example_branch_python_operator_decorator to 2025-08-18T00:00:00+00:00, run_after=2025-08-19T00:00:00+00:00
[2025-08-19T18:37:43.221+0000] {processor.py:179} INFO - Processing /home/airflow/.local/lib/python3.8/site-packages/airflow/example_dags/example_branch_operator_decorator.py took 0.310 seconds
[2025-08-19T18:38:13.534+0000] {processor.py:157} INFO - Started process (PID=858) to work on /home/airflow/.local/lib/python3.8/site-packages/airflow/example_dags/example_branch_operator_decorator.py
[2025-08-19T18:38:13.537+0000] {processor.py:829} INFO - Processing file /home/airflow/.local/lib/python3.8/site-packages/airflow/example_dags/example_branch_operator_decorator.py for tasks to queue
[2025-08-19T18:38:13.544+0000] {logging_mixin.py:151} INFO - [2025-08-19T18:38:13.541+0000] {dagbag.py:536} INFO - Filling up the DagBag from /home/airflow/.local/lib/python3.8/site-packages/airflow/example_dags/example_branch_operator_decorator.py
[2025-08-19T18:38:13.564+0000] {processor.py:839} INFO - DAG(s) dict_keys(['example_branch_python_operator_decorator']) retrieved from /home/airflow/.local/lib/python3.8/site-packages/airflow/example_dags/example_branch_operator_decorator.py
[2025-08-19T18:38:13.614+0000] {logging_mixin.py:151} INFO - [2025-08-19T18:38:13.614+0000] {dag.py:2941} INFO - Sync 1 DAGs
[2025-08-19T18:38:13.658+0000] {logging_mixin.py:151} INFO - [2025-08-19T18:38:13.658+0000] {dag.py:3722} INFO - Setting next_dagrun for example_branch_python_operator_decorator to 2025-08-18T00:00:00+00:00, run_after=2025-08-19T00:00:00+00:00
[2025-08-19T18:38:13.697+0000] {processor.py:179} INFO - Processing /home/airflow/.local/lib/python3.8/site-packages/airflow/example_dags/example_branch_operator_decorator.py took 0.169 seconds
[2025-08-19T18:38:44.509+0000] {processor.py:157} INFO - Started process (PID=912) to work on /home/airflow/.local/lib/python3.8/site-packages/airflow/example_dags/example_branch_operator_decorator.py
[2025-08-19T18:38:44.511+0000] {processor.py:829} INFO - Processing file /home/airflow/.local/lib/python3.8/site-packages/airflow/example_dags/example_branch_operator_decorator.py for tasks to queue
[2025-08-19T18:38:44.517+0000] {logging_mixin.py:151} INFO - [2025-08-19T18:38:44.516+0000] {dagbag.py:536} INFO - Filling up the DagBag from /home/airflow/.local/lib/python3.8/site-packages/airflow/example_dags/example_branch_operator_decorator.py
[2025-08-19T18:38:44.533+0000] {processor.py:839} INFO - DAG(s) dict_keys(['example_branch_python_operator_decorator']) retrieved from /home/airflow/.local/lib/python3.8/site-packages/airflow/example_dags/example_branch_operator_decorator.py
[2025-08-19T18:38:44.571+0000] {logging_mixin.py:151} INFO - [2025-08-19T18:38:44.571+0000] {dag.py:2941} INFO - Sync 1 DAGs
[2025-08-19T18:38:44.603+0000] {logging_mixin.py:151} INFO - [2025-08-19T18:38:44.603+0000] {dag.py:3722} INFO - Setting next_dagrun for example_branch_python_operator_decorator to 2025-08-18T00:00:00+00:00, run_after=2025-08-19T00:00:00+00:00
[2025-08-19T18:38:44.638+0000] {processor.py:179} INFO - Processing /home/airflow/.local/lib/python3.8/site-packages/airflow/example_dags/example_branch_operator_decorator.py took 0.134 seconds
[2025-08-19T18:39:15.210+0000] {processor.py:157} INFO - Started process (PID=966) to work on /home/airflow/.local/lib/python3.8/site-packages/airflow/example_dags/example_branch_operator_decorator.py
[2025-08-19T18:39:15.212+0000] {processor.py:829} INFO - Processing file /home/airflow/.local/lib/python3.8/site-packages/airflow/example_dags/example_branch_operator_decorator.py for tasks to queue
[2025-08-19T18:39:15.216+0000] {logging_mixin.py:151} INFO - [2025-08-19T18:39:15.216+0000] {dagbag.py:536} INFO - Filling up the DagBag from /home/airflow/.local/lib/python3.8/site-packages/airflow/example_dags/example_branch_operator_decorator.py
[2025-08-19T18:39:15.229+0000] {processor.py:839} INFO - DAG(s) dict_keys(['example_branch_python_operator_decorator']) retrieved from /home/airflow/.local/lib/python3.8/site-packages/airflow/example_dags/example_branch_operator_decorator.py
[2025-08-19T18:39:15.267+0000] {logging_mixin.py:151} INFO - [2025-08-19T18:39:15.267+0000] {dag.py:2941} INFO - Sync 1 DAGs
[2025-08-19T18:39:15.297+0000] {logging_mixin.py:151} INFO - [2025-08-19T18:39:15.296+0000] {dag.py:3722} INFO - Setting next_dagrun for example_branch_python_operator_decorator to 2025-08-18T00:00:00+00:00, run_after=2025-08-19T00:00:00+00:00
[2025-08-19T18:39:15.327+0000] {processor.py:179} INFO - Processing /home/airflow/.local/lib/python3.8/site-packages/airflow/example_dags/example_branch_operator_decorator.py took 0.121 seconds
