[2025-08-19T18:23:11.260+0000] {processor.py:157} INFO - Started process (PID=124) to work on /home/airflow/.local/lib/python3.8/site-packages/airflow/example_dags/example_task_group_decorator.py
[2025-08-19T18:23:11.263+0000] {processor.py:829} INFO - Processing file /home/airflow/.local/lib/python3.8/site-packages/airflow/example_dags/example_task_group_decorator.py for tasks to queue
[2025-08-19T18:23:11.288+0000] {logging_mixin.py:151} INFO - [2025-08-19T18:23:11.287+0000] {dagbag.py:536} INFO - Filling up the DagBag from /home/airflow/.local/lib/python3.8/site-packages/airflow/example_dags/example_task_group_decorator.py
[2025-08-19T18:23:11.419+0000] {processor.py:839} INFO - DAG(s) dict_keys(['example_task_group_decorator']) retrieved from /home/airflow/.local/lib/python3.8/site-packages/airflow/example_dags/example_task_group_decorator.py
[2025-08-19T18:23:11.937+0000] {logging_mixin.py:151} INFO - [2025-08-19T18:23:11.936+0000] {dag.py:2941} INFO - Sync 1 DAGs
[2025-08-19T18:23:12.815+0000] {logging_mixin.py:151} INFO - [2025-08-19T18:23:12.814+0000] {dag.py:3722} INFO - Setting next_dagrun for example_task_group_decorator to 2025-08-18T18:23:12.814049+00:00, run_after=2025-08-19T18:23:12.814049+00:00
[2025-08-19T18:23:12.959+0000] {processor.py:179} INFO - Processing /home/airflow/.local/lib/python3.8/site-packages/airflow/example_dags/example_task_group_decorator.py took 1.731 seconds
[2025-08-19T18:23:43.767+0000] {processor.py:157} INFO - Started process (PID=178) to work on /home/airflow/.local/lib/python3.8/site-packages/airflow/example_dags/example_task_group_decorator.py
[2025-08-19T18:23:43.771+0000] {processor.py:829} INFO - Processing file /home/airflow/.local/lib/python3.8/site-packages/airflow/example_dags/example_task_group_decorator.py for tasks to queue
[2025-08-19T18:23:43.819+0000] {logging_mixin.py:151} INFO - [2025-08-19T18:23:43.810+0000] {dagbag.py:536} INFO - Filling up the DagBag from /home/airflow/.local/lib/python3.8/site-packages/airflow/example_dags/example_task_group_decorator.py
[2025-08-19T18:23:43.904+0000] {processor.py:839} INFO - DAG(s) dict_keys(['example_task_group_decorator']) retrieved from /home/airflow/.local/lib/python3.8/site-packages/airflow/example_dags/example_task_group_decorator.py
[2025-08-19T18:23:44.106+0000] {logging_mixin.py:151} INFO - [2025-08-19T18:23:44.106+0000] {dag.py:2941} INFO - Sync 1 DAGs
[2025-08-19T18:23:44.273+0000] {logging_mixin.py:151} INFO - [2025-08-19T18:23:44.273+0000] {dag.py:3722} INFO - Setting next_dagrun for example_task_group_decorator to 2025-08-18T18:23:44.269898+00:00, run_after=2025-08-19T18:23:44.269898+00:00
[2025-08-19T18:23:44.346+0000] {processor.py:179} INFO - Processing /home/airflow/.local/lib/python3.8/site-packages/airflow/example_dags/example_task_group_decorator.py took 0.606 seconds
[2025-08-19T18:24:14.467+0000] {processor.py:157} INFO - Started process (PID=232) to work on /home/airflow/.local/lib/python3.8/site-packages/airflow/example_dags/example_task_group_decorator.py
[2025-08-19T18:24:14.469+0000] {processor.py:829} INFO - Processing file /home/airflow/.local/lib/python3.8/site-packages/airflow/example_dags/example_task_group_decorator.py for tasks to queue
[2025-08-19T18:24:14.474+0000] {logging_mixin.py:151} INFO - [2025-08-19T18:24:14.473+0000] {dagbag.py:536} INFO - Filling up the DagBag from /home/airflow/.local/lib/python3.8/site-packages/airflow/example_dags/example_task_group_decorator.py
[2025-08-19T18:24:14.500+0000] {processor.py:839} INFO - DAG(s) dict_keys(['example_task_group_decorator']) retrieved from /home/airflow/.local/lib/python3.8/site-packages/airflow/example_dags/example_task_group_decorator.py
[2025-08-19T18:24:14.536+0000] {logging_mixin.py:151} INFO - [2025-08-19T18:24:14.536+0000] {dag.py:2941} INFO - Sync 1 DAGs
[2025-08-19T18:24:14.574+0000] {logging_mixin.py:151} INFO - [2025-08-19T18:24:14.574+0000] {dag.py:3722} INFO - Setting next_dagrun for example_task_group_decorator to 2025-08-18T18:24:14.573705+00:00, run_after=2025-08-19T18:24:14.573705+00:00
[2025-08-19T18:24:14.611+0000] {processor.py:179} INFO - Processing /home/airflow/.local/lib/python3.8/site-packages/airflow/example_dags/example_task_group_decorator.py took 0.148 seconds
[2025-08-19T18:24:46.308+0000] {processor.py:157} INFO - Started process (PID=286) to work on /home/airflow/.local/lib/python3.8/site-packages/airflow/example_dags/example_task_group_decorator.py
[2025-08-19T18:24:46.312+0000] {processor.py:829} INFO - Processing file /home/airflow/.local/lib/python3.8/site-packages/airflow/example_dags/example_task_group_decorator.py for tasks to queue
[2025-08-19T18:24:46.325+0000] {logging_mixin.py:151} INFO - [2025-08-19T18:24:46.325+0000] {dagbag.py:536} INFO - Filling up the DagBag from /home/airflow/.local/lib/python3.8/site-packages/airflow/example_dags/example_task_group_decorator.py
[2025-08-19T18:24:46.420+0000] {processor.py:839} INFO - DAG(s) dict_keys(['example_task_group_decorator']) retrieved from /home/airflow/.local/lib/python3.8/site-packages/airflow/example_dags/example_task_group_decorator.py
[2025-08-19T18:24:46.659+0000] {logging_mixin.py:151} INFO - [2025-08-19T18:24:46.658+0000] {dag.py:2941} INFO - Sync 1 DAGs
[2025-08-19T18:24:46.754+0000] {logging_mixin.py:151} INFO - [2025-08-19T18:24:46.753+0000] {dag.py:3722} INFO - Setting next_dagrun for example_task_group_decorator to 2025-08-18T18:24:46.753155+00:00, run_after=2025-08-19T18:24:46.753155+00:00
[2025-08-19T18:24:46.827+0000] {processor.py:179} INFO - Processing /home/airflow/.local/lib/python3.8/site-packages/airflow/example_dags/example_task_group_decorator.py took 0.546 seconds
[2025-08-19T18:25:16.927+0000] {processor.py:157} INFO - Started process (PID=340) to work on /home/airflow/.local/lib/python3.8/site-packages/airflow/example_dags/example_task_group_decorator.py
[2025-08-19T18:25:16.929+0000] {processor.py:829} INFO - Processing file /home/airflow/.local/lib/python3.8/site-packages/airflow/example_dags/example_task_group_decorator.py for tasks to queue
[2025-08-19T18:25:16.933+0000] {logging_mixin.py:151} INFO - [2025-08-19T18:25:16.932+0000] {dagbag.py:536} INFO - Filling up the DagBag from /home/airflow/.local/lib/python3.8/site-packages/airflow/example_dags/example_task_group_decorator.py
[2025-08-19T18:25:16.954+0000] {processor.py:839} INFO - DAG(s) dict_keys(['example_task_group_decorator']) retrieved from /home/airflow/.local/lib/python3.8/site-packages/airflow/example_dags/example_task_group_decorator.py
[2025-08-19T18:25:16.998+0000] {logging_mixin.py:151} INFO - [2025-08-19T18:25:16.997+0000] {dag.py:2941} INFO - Sync 1 DAGs
[2025-08-19T18:25:17.034+0000] {logging_mixin.py:151} INFO - [2025-08-19T18:25:17.033+0000] {dag.py:3722} INFO - Setting next_dagrun for example_task_group_decorator to 2025-08-18T18:25:17.033443+00:00, run_after=2025-08-19T18:25:17.033443+00:00
[2025-08-19T18:25:17.073+0000] {processor.py:179} INFO - Processing /home/airflow/.local/lib/python3.8/site-packages/airflow/example_dags/example_task_group_decorator.py took 0.155 seconds
[2025-08-19T18:25:47.589+0000] {processor.py:157} INFO - Started process (PID=394) to work on /home/airflow/.local/lib/python3.8/site-packages/airflow/example_dags/example_task_group_decorator.py
[2025-08-19T18:25:47.591+0000] {processor.py:829} INFO - Processing file /home/airflow/.local/lib/python3.8/site-packages/airflow/example_dags/example_task_group_decorator.py for tasks to queue
[2025-08-19T18:25:47.594+0000] {logging_mixin.py:151} INFO - [2025-08-19T18:25:47.594+0000] {dagbag.py:536} INFO - Filling up the DagBag from /home/airflow/.local/lib/python3.8/site-packages/airflow/example_dags/example_task_group_decorator.py
[2025-08-19T18:25:47.622+0000] {processor.py:839} INFO - DAG(s) dict_keys(['example_task_group_decorator']) retrieved from /home/airflow/.local/lib/python3.8/site-packages/airflow/example_dags/example_task_group_decorator.py
[2025-08-19T18:25:47.675+0000] {logging_mixin.py:151} INFO - [2025-08-19T18:25:47.675+0000] {dag.py:2941} INFO - Sync 1 DAGs
[2025-08-19T18:25:47.718+0000] {logging_mixin.py:151} INFO - [2025-08-19T18:25:47.717+0000] {dag.py:3722} INFO - Setting next_dagrun for example_task_group_decorator to 2025-08-18T18:25:47.716773+00:00, run_after=2025-08-19T18:25:47.716773+00:00
[2025-08-19T18:25:47.770+0000] {processor.py:179} INFO - Processing /home/airflow/.local/lib/python3.8/site-packages/airflow/example_dags/example_task_group_decorator.py took 0.188 seconds
[2025-08-19T18:26:23.155+0000] {processor.py:157} INFO - Started process (PID=449) to work on /home/airflow/.local/lib/python3.8/site-packages/airflow/example_dags/example_task_group_decorator.py
[2025-08-19T18:26:23.159+0000] {processor.py:829} INFO - Processing file /home/airflow/.local/lib/python3.8/site-packages/airflow/example_dags/example_task_group_decorator.py for tasks to queue
[2025-08-19T18:26:23.176+0000] {logging_mixin.py:151} INFO - [2025-08-19T18:26:23.175+0000] {dagbag.py:536} INFO - Filling up the DagBag from /home/airflow/.local/lib/python3.8/site-packages/airflow/example_dags/example_task_group_decorator.py
[2025-08-19T18:26:23.255+0000] {processor.py:839} INFO - DAG(s) dict_keys(['example_task_group_decorator']) retrieved from /home/airflow/.local/lib/python3.8/site-packages/airflow/example_dags/example_task_group_decorator.py
[2025-08-19T18:26:23.331+0000] {logging_mixin.py:151} INFO - [2025-08-19T18:26:23.331+0000] {dag.py:2941} INFO - Sync 1 DAGs
[2025-08-19T18:26:23.427+0000] {logging_mixin.py:151} INFO - [2025-08-19T18:26:23.427+0000] {dag.py:3722} INFO - Setting next_dagrun for example_task_group_decorator to 2025-08-18T18:26:23.426829+00:00, run_after=2025-08-19T18:26:23.426829+00:00
[2025-08-19T18:26:23.517+0000] {processor.py:179} INFO - Processing /home/airflow/.local/lib/python3.8/site-packages/airflow/example_dags/example_task_group_decorator.py took 0.382 seconds
[2025-08-19T18:26:53.698+0000] {processor.py:157} INFO - Started process (PID=503) to work on /home/airflow/.local/lib/python3.8/site-packages/airflow/example_dags/example_task_group_decorator.py
[2025-08-19T18:26:53.705+0000] {processor.py:829} INFO - Processing file /home/airflow/.local/lib/python3.8/site-packages/airflow/example_dags/example_task_group_decorator.py for tasks to queue
[2025-08-19T18:26:53.711+0000] {logging_mixin.py:151} INFO - [2025-08-19T18:26:53.710+0000] {dagbag.py:536} INFO - Filling up the DagBag from /home/airflow/.local/lib/python3.8/site-packages/airflow/example_dags/example_task_group_decorator.py
[2025-08-19T18:26:53.754+0000] {processor.py:839} INFO - DAG(s) dict_keys(['example_task_group_decorator']) retrieved from /home/airflow/.local/lib/python3.8/site-packages/airflow/example_dags/example_task_group_decorator.py
[2025-08-19T18:26:53.838+0000] {logging_mixin.py:151} INFO - [2025-08-19T18:26:53.838+0000] {dag.py:2941} INFO - Sync 1 DAGs
[2025-08-19T18:26:53.901+0000] {logging_mixin.py:151} INFO - [2025-08-19T18:26:53.900+0000] {dag.py:3722} INFO - Setting next_dagrun for example_task_group_decorator to 2025-08-18T18:26:53.900105+00:00, run_after=2025-08-19T18:26:53.900105+00:00
[2025-08-19T18:26:53.969+0000] {processor.py:179} INFO - Processing /home/airflow/.local/lib/python3.8/site-packages/airflow/example_dags/example_task_group_decorator.py took 0.278 seconds
[2025-08-19T18:27:24.069+0000] {processor.py:157} INFO - Started process (PID=557) to work on /home/airflow/.local/lib/python3.8/site-packages/airflow/example_dags/example_task_group_decorator.py
[2025-08-19T18:27:24.071+0000] {processor.py:829} INFO - Processing file /home/airflow/.local/lib/python3.8/site-packages/airflow/example_dags/example_task_group_decorator.py for tasks to queue
[2025-08-19T18:27:24.075+0000] {logging_mixin.py:151} INFO - [2025-08-19T18:27:24.074+0000] {dagbag.py:536} INFO - Filling up the DagBag from /home/airflow/.local/lib/python3.8/site-packages/airflow/example_dags/example_task_group_decorator.py
[2025-08-19T18:27:24.099+0000] {processor.py:839} INFO - DAG(s) dict_keys(['example_task_group_decorator']) retrieved from /home/airflow/.local/lib/python3.8/site-packages/airflow/example_dags/example_task_group_decorator.py
[2025-08-19T18:27:24.148+0000] {logging_mixin.py:151} INFO - [2025-08-19T18:27:24.148+0000] {dag.py:2941} INFO - Sync 1 DAGs
[2025-08-19T18:27:24.187+0000] {logging_mixin.py:151} INFO - [2025-08-19T18:27:24.186+0000] {dag.py:3722} INFO - Setting next_dagrun for example_task_group_decorator to 2025-08-18T18:27:24.186443+00:00, run_after=2025-08-19T18:27:24.186443+00:00
[2025-08-19T18:27:24.220+0000] {processor.py:179} INFO - Processing /home/airflow/.local/lib/python3.8/site-packages/airflow/example_dags/example_task_group_decorator.py took 0.158 seconds
[2025-08-19T18:27:54.470+0000] {processor.py:157} INFO - Started process (PID=611) to work on /home/airflow/.local/lib/python3.8/site-packages/airflow/example_dags/example_task_group_decorator.py
[2025-08-19T18:27:54.471+0000] {processor.py:829} INFO - Processing file /home/airflow/.local/lib/python3.8/site-packages/airflow/example_dags/example_task_group_decorator.py for tasks to queue
[2025-08-19T18:27:54.474+0000] {logging_mixin.py:151} INFO - [2025-08-19T18:27:54.474+0000] {dagbag.py:536} INFO - Filling up the DagBag from /home/airflow/.local/lib/python3.8/site-packages/airflow/example_dags/example_task_group_decorator.py
[2025-08-19T18:27:54.497+0000] {processor.py:839} INFO - DAG(s) dict_keys(['example_task_group_decorator']) retrieved from /home/airflow/.local/lib/python3.8/site-packages/airflow/example_dags/example_task_group_decorator.py
[2025-08-19T18:27:54.531+0000] {logging_mixin.py:151} INFO - [2025-08-19T18:27:54.530+0000] {dag.py:2941} INFO - Sync 1 DAGs
[2025-08-19T18:27:54.560+0000] {logging_mixin.py:151} INFO - [2025-08-19T18:27:54.560+0000] {dag.py:3722} INFO - Setting next_dagrun for example_task_group_decorator to 2025-08-18T18:27:54.560169+00:00, run_after=2025-08-19T18:27:54.560169+00:00
[2025-08-19T18:27:54.592+0000] {processor.py:179} INFO - Processing /home/airflow/.local/lib/python3.8/site-packages/airflow/example_dags/example_task_group_decorator.py took 0.127 seconds
[2025-08-19T18:28:25.264+0000] {processor.py:157} INFO - Started process (PID=663) to work on /home/airflow/.local/lib/python3.8/site-packages/airflow/example_dags/example_task_group_decorator.py
[2025-08-19T18:28:25.268+0000] {processor.py:829} INFO - Processing file /home/airflow/.local/lib/python3.8/site-packages/airflow/example_dags/example_task_group_decorator.py for tasks to queue
[2025-08-19T18:28:25.272+0000] {logging_mixin.py:151} INFO - [2025-08-19T18:28:25.271+0000] {dagbag.py:536} INFO - Filling up the DagBag from /home/airflow/.local/lib/python3.8/site-packages/airflow/example_dags/example_task_group_decorator.py
[2025-08-19T18:28:25.299+0000] {processor.py:839} INFO - DAG(s) dict_keys(['example_task_group_decorator']) retrieved from /home/airflow/.local/lib/python3.8/site-packages/airflow/example_dags/example_task_group_decorator.py
[2025-08-19T18:28:25.335+0000] {logging_mixin.py:151} INFO - [2025-08-19T18:28:25.335+0000] {dag.py:2941} INFO - Sync 1 DAGs
[2025-08-19T18:28:25.375+0000] {logging_mixin.py:151} INFO - [2025-08-19T18:28:25.375+0000] {dag.py:3722} INFO - Setting next_dagrun for example_task_group_decorator to 2025-08-18T18:28:25.374737+00:00, run_after=2025-08-19T18:28:25.374737+00:00
[2025-08-19T18:28:25.415+0000] {processor.py:179} INFO - Processing /home/airflow/.local/lib/python3.8/site-packages/airflow/example_dags/example_task_group_decorator.py took 0.155 seconds
[2025-08-19T18:28:55.933+0000] {processor.py:157} INFO - Started process (PID=710) to work on /home/airflow/.local/lib/python3.8/site-packages/airflow/example_dags/example_task_group_decorator.py
[2025-08-19T18:28:55.935+0000] {processor.py:829} INFO - Processing file /home/airflow/.local/lib/python3.8/site-packages/airflow/example_dags/example_task_group_decorator.py for tasks to queue
[2025-08-19T18:28:55.939+0000] {logging_mixin.py:151} INFO - [2025-08-19T18:28:55.939+0000] {dagbag.py:536} INFO - Filling up the DagBag from /home/airflow/.local/lib/python3.8/site-packages/airflow/example_dags/example_task_group_decorator.py
[2025-08-19T18:28:55.965+0000] {processor.py:839} INFO - DAG(s) dict_keys(['example_task_group_decorator']) retrieved from /home/airflow/.local/lib/python3.8/site-packages/airflow/example_dags/example_task_group_decorator.py
[2025-08-19T18:28:56.013+0000] {logging_mixin.py:151} INFO - [2025-08-19T18:28:56.013+0000] {dag.py:2941} INFO - Sync 1 DAGs
[2025-08-19T18:28:56.069+0000] {logging_mixin.py:151} INFO - [2025-08-19T18:28:56.069+0000] {dag.py:3722} INFO - Setting next_dagrun for example_task_group_decorator to 2025-08-18T18:28:56.068874+00:00, run_after=2025-08-19T18:28:56.068874+00:00
[2025-08-19T18:28:56.136+0000] {processor.py:179} INFO - Processing /home/airflow/.local/lib/python3.8/site-packages/airflow/example_dags/example_task_group_decorator.py took 0.209 seconds
[2025-08-19T18:29:26.329+0000] {processor.py:157} INFO - Started process (PID=764) to work on /home/airflow/.local/lib/python3.8/site-packages/airflow/example_dags/example_task_group_decorator.py
[2025-08-19T18:29:26.332+0000] {processor.py:829} INFO - Processing file /home/airflow/.local/lib/python3.8/site-packages/airflow/example_dags/example_task_group_decorator.py for tasks to queue
[2025-08-19T18:29:26.335+0000] {logging_mixin.py:151} INFO - [2025-08-19T18:29:26.335+0000] {dagbag.py:536} INFO - Filling up the DagBag from /home/airflow/.local/lib/python3.8/site-packages/airflow/example_dags/example_task_group_decorator.py
[2025-08-19T18:29:26.367+0000] {processor.py:839} INFO - DAG(s) dict_keys(['example_task_group_decorator']) retrieved from /home/airflow/.local/lib/python3.8/site-packages/airflow/example_dags/example_task_group_decorator.py
[2025-08-19T18:29:26.426+0000] {logging_mixin.py:151} INFO - [2025-08-19T18:29:26.425+0000] {dag.py:2941} INFO - Sync 1 DAGs
[2025-08-19T18:29:26.483+0000] {logging_mixin.py:151} INFO - [2025-08-19T18:29:26.482+0000] {dag.py:3722} INFO - Setting next_dagrun for example_task_group_decorator to 2025-08-18T18:29:26.482397+00:00, run_after=2025-08-19T18:29:26.482397+00:00
[2025-08-19T18:29:26.531+0000] {processor.py:179} INFO - Processing /home/airflow/.local/lib/python3.8/site-packages/airflow/example_dags/example_task_group_decorator.py took 0.212 seconds
[2025-08-19T18:29:59.080+0000] {processor.py:157} INFO - Started process (PID=818) to work on /home/airflow/.local/lib/python3.8/site-packages/airflow/example_dags/example_task_group_decorator.py
[2025-08-19T18:29:59.084+0000] {processor.py:829} INFO - Processing file /home/airflow/.local/lib/python3.8/site-packages/airflow/example_dags/example_task_group_decorator.py for tasks to queue
[2025-08-19T18:29:59.092+0000] {logging_mixin.py:151} INFO - [2025-08-19T18:29:59.091+0000] {dagbag.py:536} INFO - Filling up the DagBag from /home/airflow/.local/lib/python3.8/site-packages/airflow/example_dags/example_task_group_decorator.py
[2025-08-19T18:29:59.139+0000] {processor.py:839} INFO - DAG(s) dict_keys(['example_task_group_decorator']) retrieved from /home/airflow/.local/lib/python3.8/site-packages/airflow/example_dags/example_task_group_decorator.py
[2025-08-19T18:29:59.216+0000] {logging_mixin.py:151} INFO - [2025-08-19T18:29:59.216+0000] {dag.py:2941} INFO - Sync 1 DAGs
[2025-08-19T18:29:59.573+0000] {logging_mixin.py:151} INFO - [2025-08-19T18:29:59.573+0000] {dag.py:3722} INFO - Setting next_dagrun for example_task_group_decorator to 2025-08-18T18:29:59.572898+00:00, run_after=2025-08-19T18:29:59.572898+00:00
[2025-08-19T18:29:59.618+0000] {processor.py:179} INFO - Processing /home/airflow/.local/lib/python3.8/site-packages/airflow/example_dags/example_task_group_decorator.py took 0.552 seconds
[2025-08-19T18:30:58.851+0000] {processor.py:157} INFO - Started process (PID=115) to work on /home/airflow/.local/lib/python3.8/site-packages/airflow/example_dags/example_task_group_decorator.py
[2025-08-19T18:30:58.854+0000] {processor.py:829} INFO - Processing file /home/airflow/.local/lib/python3.8/site-packages/airflow/example_dags/example_task_group_decorator.py for tasks to queue
[2025-08-19T18:30:58.865+0000] {logging_mixin.py:151} INFO - [2025-08-19T18:30:58.865+0000] {dagbag.py:536} INFO - Filling up the DagBag from /home/airflow/.local/lib/python3.8/site-packages/airflow/example_dags/example_task_group_decorator.py
[2025-08-19T18:30:58.902+0000] {processor.py:839} INFO - DAG(s) dict_keys(['example_task_group_decorator']) retrieved from /home/airflow/.local/lib/python3.8/site-packages/airflow/example_dags/example_task_group_decorator.py
[2025-08-19T18:30:58.977+0000] {logging_mixin.py:151} INFO - [2025-08-19T18:30:58.972+0000] {dag.py:2941} INFO - Sync 1 DAGs
[2025-08-19T18:30:59.032+0000] {logging_mixin.py:151} INFO - [2025-08-19T18:30:59.031+0000] {dag.py:3722} INFO - Setting next_dagrun for example_task_group_decorator to 2025-08-18T18:30:59.030917+00:00, run_after=2025-08-19T18:30:59.030917+00:00
[2025-08-19T18:30:59.096+0000] {processor.py:179} INFO - Processing /home/airflow/.local/lib/python3.8/site-packages/airflow/example_dags/example_task_group_decorator.py took 0.254 seconds
[2025-08-19T18:31:29.546+0000] {processor.py:157} INFO - Started process (PID=170) to work on /home/airflow/.local/lib/python3.8/site-packages/airflow/example_dags/example_task_group_decorator.py
[2025-08-19T18:31:29.549+0000] {processor.py:829} INFO - Processing file /home/airflow/.local/lib/python3.8/site-packages/airflow/example_dags/example_task_group_decorator.py for tasks to queue
[2025-08-19T18:31:29.553+0000] {logging_mixin.py:151} INFO - [2025-08-19T18:31:29.553+0000] {dagbag.py:536} INFO - Filling up the DagBag from /home/airflow/.local/lib/python3.8/site-packages/airflow/example_dags/example_task_group_decorator.py
[2025-08-19T18:31:29.620+0000] {processor.py:839} INFO - DAG(s) dict_keys(['example_task_group_decorator']) retrieved from /home/airflow/.local/lib/python3.8/site-packages/airflow/example_dags/example_task_group_decorator.py
[2025-08-19T18:31:29.702+0000] {logging_mixin.py:151} INFO - [2025-08-19T18:31:29.702+0000] {dag.py:2941} INFO - Sync 1 DAGs
[2025-08-19T18:31:29.741+0000] {logging_mixin.py:151} INFO - [2025-08-19T18:31:29.740+0000] {dag.py:3722} INFO - Setting next_dagrun for example_task_group_decorator to 2025-08-18T18:31:29.740424+00:00, run_after=2025-08-19T18:31:29.740424+00:00
[2025-08-19T18:31:29.775+0000] {processor.py:179} INFO - Processing /home/airflow/.local/lib/python3.8/site-packages/airflow/example_dags/example_task_group_decorator.py took 0.245 seconds
[2025-08-19T18:31:59.999+0000] {processor.py:157} INFO - Started process (PID=224) to work on /home/airflow/.local/lib/python3.8/site-packages/airflow/example_dags/example_task_group_decorator.py
[2025-08-19T18:32:00.001+0000] {processor.py:829} INFO - Processing file /home/airflow/.local/lib/python3.8/site-packages/airflow/example_dags/example_task_group_decorator.py for tasks to queue
[2025-08-19T18:32:00.004+0000] {logging_mixin.py:151} INFO - [2025-08-19T18:32:00.004+0000] {dagbag.py:536} INFO - Filling up the DagBag from /home/airflow/.local/lib/python3.8/site-packages/airflow/example_dags/example_task_group_decorator.py
[2025-08-19T18:32:00.022+0000] {processor.py:839} INFO - DAG(s) dict_keys(['example_task_group_decorator']) retrieved from /home/airflow/.local/lib/python3.8/site-packages/airflow/example_dags/example_task_group_decorator.py
[2025-08-19T18:32:00.057+0000] {logging_mixin.py:151} INFO - [2025-08-19T18:32:00.056+0000] {dag.py:2941} INFO - Sync 1 DAGs
[2025-08-19T18:32:00.086+0000] {logging_mixin.py:151} INFO - [2025-08-19T18:32:00.086+0000] {dag.py:3722} INFO - Setting next_dagrun for example_task_group_decorator to 2025-08-18T18:32:00.085921+00:00, run_after=2025-08-19T18:32:00.085921+00:00
[2025-08-19T18:32:00.119+0000] {processor.py:179} INFO - Processing /home/airflow/.local/lib/python3.8/site-packages/airflow/example_dags/example_task_group_decorator.py took 0.125 seconds
[2025-08-19T18:32:30.775+0000] {processor.py:157} INFO - Started process (PID=277) to work on /home/airflow/.local/lib/python3.8/site-packages/airflow/example_dags/example_task_group_decorator.py
[2025-08-19T18:32:30.779+0000] {processor.py:829} INFO - Processing file /home/airflow/.local/lib/python3.8/site-packages/airflow/example_dags/example_task_group_decorator.py for tasks to queue
[2025-08-19T18:32:30.789+0000] {logging_mixin.py:151} INFO - [2025-08-19T18:32:30.787+0000] {dagbag.py:536} INFO - Filling up the DagBag from /home/airflow/.local/lib/python3.8/site-packages/airflow/example_dags/example_task_group_decorator.py
[2025-08-19T18:32:30.814+0000] {processor.py:839} INFO - DAG(s) dict_keys(['example_task_group_decorator']) retrieved from /home/airflow/.local/lib/python3.8/site-packages/airflow/example_dags/example_task_group_decorator.py
[2025-08-19T18:32:30.861+0000] {logging_mixin.py:151} INFO - [2025-08-19T18:32:30.860+0000] {dag.py:2941} INFO - Sync 1 DAGs
[2025-08-19T18:32:30.897+0000] {logging_mixin.py:151} INFO - [2025-08-19T18:32:30.897+0000] {dag.py:3722} INFO - Setting next_dagrun for example_task_group_decorator to 2025-08-18T18:32:30.896377+00:00, run_after=2025-08-19T18:32:30.896377+00:00
[2025-08-19T18:32:30.933+0000] {processor.py:179} INFO - Processing /home/airflow/.local/lib/python3.8/site-packages/airflow/example_dags/example_task_group_decorator.py took 0.168 seconds
[2025-08-19T18:33:01.328+0000] {processor.py:157} INFO - Started process (PID=325) to work on /home/airflow/.local/lib/python3.8/site-packages/airflow/example_dags/example_task_group_decorator.py
[2025-08-19T18:33:01.332+0000] {processor.py:829} INFO - Processing file /home/airflow/.local/lib/python3.8/site-packages/airflow/example_dags/example_task_group_decorator.py for tasks to queue
[2025-08-19T18:33:01.338+0000] {logging_mixin.py:151} INFO - [2025-08-19T18:33:01.337+0000] {dagbag.py:536} INFO - Filling up the DagBag from /home/airflow/.local/lib/python3.8/site-packages/airflow/example_dags/example_task_group_decorator.py
[2025-08-19T18:33:01.374+0000] {processor.py:839} INFO - DAG(s) dict_keys(['example_task_group_decorator']) retrieved from /home/airflow/.local/lib/python3.8/site-packages/airflow/example_dags/example_task_group_decorator.py
[2025-08-19T18:33:01.446+0000] {logging_mixin.py:151} INFO - [2025-08-19T18:33:01.445+0000] {dag.py:2941} INFO - Sync 1 DAGs
[2025-08-19T18:33:01.499+0000] {logging_mixin.py:151} INFO - [2025-08-19T18:33:01.498+0000] {dag.py:3722} INFO - Setting next_dagrun for example_task_group_decorator to 2025-08-18T18:33:01.498351+00:00, run_after=2025-08-19T18:33:01.498351+00:00
[2025-08-19T18:33:01.541+0000] {processor.py:179} INFO - Processing /home/airflow/.local/lib/python3.8/site-packages/airflow/example_dags/example_task_group_decorator.py took 0.228 seconds
[2025-08-19T18:33:31.996+0000] {processor.py:157} INFO - Started process (PID=379) to work on /home/airflow/.local/lib/python3.8/site-packages/airflow/example_dags/example_task_group_decorator.py
[2025-08-19T18:33:31.998+0000] {processor.py:829} INFO - Processing file /home/airflow/.local/lib/python3.8/site-packages/airflow/example_dags/example_task_group_decorator.py for tasks to queue
[2025-08-19T18:33:32.002+0000] {logging_mixin.py:151} INFO - [2025-08-19T18:33:32.001+0000] {dagbag.py:536} INFO - Filling up the DagBag from /home/airflow/.local/lib/python3.8/site-packages/airflow/example_dags/example_task_group_decorator.py
[2025-08-19T18:33:32.021+0000] {processor.py:839} INFO - DAG(s) dict_keys(['example_task_group_decorator']) retrieved from /home/airflow/.local/lib/python3.8/site-packages/airflow/example_dags/example_task_group_decorator.py
[2025-08-19T18:33:32.054+0000] {logging_mixin.py:151} INFO - [2025-08-19T18:33:32.054+0000] {dag.py:2941} INFO - Sync 1 DAGs
[2025-08-19T18:33:32.087+0000] {logging_mixin.py:151} INFO - [2025-08-19T18:33:32.086+0000] {dag.py:3722} INFO - Setting next_dagrun for example_task_group_decorator to 2025-08-18T18:33:32.086480+00:00, run_after=2025-08-19T18:33:32.086480+00:00
[2025-08-19T18:33:32.118+0000] {processor.py:179} INFO - Processing /home/airflow/.local/lib/python3.8/site-packages/airflow/example_dags/example_task_group_decorator.py took 0.128 seconds
[2025-08-19T18:34:02.632+0000] {processor.py:157} INFO - Started process (PID=433) to work on /home/airflow/.local/lib/python3.8/site-packages/airflow/example_dags/example_task_group_decorator.py
[2025-08-19T18:34:02.635+0000] {processor.py:829} INFO - Processing file /home/airflow/.local/lib/python3.8/site-packages/airflow/example_dags/example_task_group_decorator.py for tasks to queue
[2025-08-19T18:34:02.639+0000] {logging_mixin.py:151} INFO - [2025-08-19T18:34:02.638+0000] {dagbag.py:536} INFO - Filling up the DagBag from /home/airflow/.local/lib/python3.8/site-packages/airflow/example_dags/example_task_group_decorator.py
[2025-08-19T18:34:02.677+0000] {processor.py:839} INFO - DAG(s) dict_keys(['example_task_group_decorator']) retrieved from /home/airflow/.local/lib/python3.8/site-packages/airflow/example_dags/example_task_group_decorator.py
[2025-08-19T18:34:02.740+0000] {logging_mixin.py:151} INFO - [2025-08-19T18:34:02.739+0000] {dag.py:2941} INFO - Sync 1 DAGs
[2025-08-19T18:34:02.788+0000] {logging_mixin.py:151} INFO - [2025-08-19T18:34:02.788+0000] {dag.py:3722} INFO - Setting next_dagrun for example_task_group_decorator to 2025-08-18T18:34:02.787791+00:00, run_after=2025-08-19T18:34:02.787791+00:00
[2025-08-19T18:34:02.826+0000] {processor.py:179} INFO - Processing /home/airflow/.local/lib/python3.8/site-packages/airflow/example_dags/example_task_group_decorator.py took 0.204 seconds
[2025-08-19T18:34:33.641+0000] {processor.py:157} INFO - Started process (PID=487) to work on /home/airflow/.local/lib/python3.8/site-packages/airflow/example_dags/example_task_group_decorator.py
[2025-08-19T18:34:33.643+0000] {processor.py:829} INFO - Processing file /home/airflow/.local/lib/python3.8/site-packages/airflow/example_dags/example_task_group_decorator.py for tasks to queue
[2025-08-19T18:34:33.647+0000] {logging_mixin.py:151} INFO - [2025-08-19T18:34:33.647+0000] {dagbag.py:536} INFO - Filling up the DagBag from /home/airflow/.local/lib/python3.8/site-packages/airflow/example_dags/example_task_group_decorator.py
[2025-08-19T18:34:33.685+0000] {processor.py:839} INFO - DAG(s) dict_keys(['example_task_group_decorator']) retrieved from /home/airflow/.local/lib/python3.8/site-packages/airflow/example_dags/example_task_group_decorator.py
[2025-08-19T18:34:33.735+0000] {logging_mixin.py:151} INFO - [2025-08-19T18:34:33.735+0000] {dag.py:2941} INFO - Sync 1 DAGs
[2025-08-19T18:34:33.770+0000] {logging_mixin.py:151} INFO - [2025-08-19T18:34:33.770+0000] {dag.py:3722} INFO - Setting next_dagrun for example_task_group_decorator to 2025-08-18T18:34:33.770031+00:00, run_after=2025-08-19T18:34:33.770031+00:00
[2025-08-19T18:34:33.810+0000] {processor.py:179} INFO - Processing /home/airflow/.local/lib/python3.8/site-packages/airflow/example_dags/example_task_group_decorator.py took 0.181 seconds
[2025-08-19T18:35:04.127+0000] {processor.py:157} INFO - Started process (PID=541) to work on /home/airflow/.local/lib/python3.8/site-packages/airflow/example_dags/example_task_group_decorator.py
[2025-08-19T18:35:04.129+0000] {processor.py:829} INFO - Processing file /home/airflow/.local/lib/python3.8/site-packages/airflow/example_dags/example_task_group_decorator.py for tasks to queue
[2025-08-19T18:35:04.132+0000] {logging_mixin.py:151} INFO - [2025-08-19T18:35:04.131+0000] {dagbag.py:536} INFO - Filling up the DagBag from /home/airflow/.local/lib/python3.8/site-packages/airflow/example_dags/example_task_group_decorator.py
[2025-08-19T18:35:04.160+0000] {processor.py:839} INFO - DAG(s) dict_keys(['example_task_group_decorator']) retrieved from /home/airflow/.local/lib/python3.8/site-packages/airflow/example_dags/example_task_group_decorator.py
[2025-08-19T18:35:04.207+0000] {logging_mixin.py:151} INFO - [2025-08-19T18:35:04.207+0000] {dag.py:2941} INFO - Sync 1 DAGs
[2025-08-19T18:35:04.253+0000] {logging_mixin.py:151} INFO - [2025-08-19T18:35:04.253+0000] {dag.py:3722} INFO - Setting next_dagrun for example_task_group_decorator to 2025-08-18T18:35:04.253023+00:00, run_after=2025-08-19T18:35:04.253023+00:00
[2025-08-19T18:35:04.293+0000] {processor.py:179} INFO - Processing /home/airflow/.local/lib/python3.8/site-packages/airflow/example_dags/example_task_group_decorator.py took 0.176 seconds
[2025-08-19T18:35:34.771+0000] {processor.py:157} INFO - Started process (PID=595) to work on /home/airflow/.local/lib/python3.8/site-packages/airflow/example_dags/example_task_group_decorator.py
[2025-08-19T18:35:34.774+0000] {processor.py:829} INFO - Processing file /home/airflow/.local/lib/python3.8/site-packages/airflow/example_dags/example_task_group_decorator.py for tasks to queue
[2025-08-19T18:35:34.778+0000] {logging_mixin.py:151} INFO - [2025-08-19T18:35:34.777+0000] {dagbag.py:536} INFO - Filling up the DagBag from /home/airflow/.local/lib/python3.8/site-packages/airflow/example_dags/example_task_group_decorator.py
[2025-08-19T18:35:34.809+0000] {processor.py:839} INFO - DAG(s) dict_keys(['example_task_group_decorator']) retrieved from /home/airflow/.local/lib/python3.8/site-packages/airflow/example_dags/example_task_group_decorator.py
[2025-08-19T18:35:34.865+0000] {logging_mixin.py:151} INFO - [2025-08-19T18:35:34.864+0000] {dag.py:2941} INFO - Sync 1 DAGs
[2025-08-19T18:35:34.909+0000] {logging_mixin.py:151} INFO - [2025-08-19T18:35:34.908+0000] {dag.py:3722} INFO - Setting next_dagrun for example_task_group_decorator to 2025-08-18T18:35:34.908188+00:00, run_after=2025-08-19T18:35:34.908188+00:00
[2025-08-19T18:35:34.958+0000] {processor.py:179} INFO - Processing /home/airflow/.local/lib/python3.8/site-packages/airflow/example_dags/example_task_group_decorator.py took 0.193 seconds
[2025-08-19T18:36:06.309+0000] {processor.py:157} INFO - Started process (PID=649) to work on /home/airflow/.local/lib/python3.8/site-packages/airflow/example_dags/example_task_group_decorator.py
[2025-08-19T18:36:06.311+0000] {processor.py:829} INFO - Processing file /home/airflow/.local/lib/python3.8/site-packages/airflow/example_dags/example_task_group_decorator.py for tasks to queue
[2025-08-19T18:36:06.315+0000] {logging_mixin.py:151} INFO - [2025-08-19T18:36:06.314+0000] {dagbag.py:536} INFO - Filling up the DagBag from /home/airflow/.local/lib/python3.8/site-packages/airflow/example_dags/example_task_group_decorator.py
[2025-08-19T18:36:06.345+0000] {processor.py:839} INFO - DAG(s) dict_keys(['example_task_group_decorator']) retrieved from /home/airflow/.local/lib/python3.8/site-packages/airflow/example_dags/example_task_group_decorator.py
[2025-08-19T18:36:06.405+0000] {logging_mixin.py:151} INFO - [2025-08-19T18:36:06.403+0000] {dag.py:2941} INFO - Sync 1 DAGs
[2025-08-19T18:36:06.454+0000] {logging_mixin.py:151} INFO - [2025-08-19T18:36:06.454+0000] {dag.py:3722} INFO - Setting next_dagrun for example_task_group_decorator to 2025-08-18T18:36:06.453270+00:00, run_after=2025-08-19T18:36:06.453270+00:00
[2025-08-19T18:36:06.523+0000] {processor.py:179} INFO - Processing /home/airflow/.local/lib/python3.8/site-packages/airflow/example_dags/example_task_group_decorator.py took 0.222 seconds
[2025-08-19T18:36:36.937+0000] {processor.py:157} INFO - Started process (PID=703) to work on /home/airflow/.local/lib/python3.8/site-packages/airflow/example_dags/example_task_group_decorator.py
[2025-08-19T18:36:36.939+0000] {processor.py:829} INFO - Processing file /home/airflow/.local/lib/python3.8/site-packages/airflow/example_dags/example_task_group_decorator.py for tasks to queue
[2025-08-19T18:36:36.942+0000] {logging_mixin.py:151} INFO - [2025-08-19T18:36:36.942+0000] {dagbag.py:536} INFO - Filling up the DagBag from /home/airflow/.local/lib/python3.8/site-packages/airflow/example_dags/example_task_group_decorator.py
[2025-08-19T18:36:36.967+0000] {processor.py:839} INFO - DAG(s) dict_keys(['example_task_group_decorator']) retrieved from /home/airflow/.local/lib/python3.8/site-packages/airflow/example_dags/example_task_group_decorator.py
[2025-08-19T18:36:37.001+0000] {logging_mixin.py:151} INFO - [2025-08-19T18:36:37.000+0000] {dag.py:2941} INFO - Sync 1 DAGs
[2025-08-19T18:36:37.035+0000] {logging_mixin.py:151} INFO - [2025-08-19T18:36:37.034+0000] {dag.py:3722} INFO - Setting next_dagrun for example_task_group_decorator to 2025-08-18T18:36:37.034629+00:00, run_after=2025-08-19T18:36:37.034629+00:00
[2025-08-19T18:36:37.108+0000] {processor.py:179} INFO - Processing /home/airflow/.local/lib/python3.8/site-packages/airflow/example_dags/example_task_group_decorator.py took 0.177 seconds
[2025-08-19T18:37:10.495+0000] {processor.py:157} INFO - Started process (PID=757) to work on /home/airflow/.local/lib/python3.8/site-packages/airflow/example_dags/example_task_group_decorator.py
[2025-08-19T18:37:10.498+0000] {processor.py:829} INFO - Processing file /home/airflow/.local/lib/python3.8/site-packages/airflow/example_dags/example_task_group_decorator.py for tasks to queue
[2025-08-19T18:37:10.502+0000] {logging_mixin.py:151} INFO - [2025-08-19T18:37:10.502+0000] {dagbag.py:536} INFO - Filling up the DagBag from /home/airflow/.local/lib/python3.8/site-packages/airflow/example_dags/example_task_group_decorator.py
[2025-08-19T18:37:10.532+0000] {processor.py:839} INFO - DAG(s) dict_keys(['example_task_group_decorator']) retrieved from /home/airflow/.local/lib/python3.8/site-packages/airflow/example_dags/example_task_group_decorator.py
[2025-08-19T18:37:10.573+0000] {logging_mixin.py:151} INFO - [2025-08-19T18:37:10.573+0000] {dag.py:2941} INFO - Sync 1 DAGs
[2025-08-19T18:37:10.617+0000] {logging_mixin.py:151} INFO - [2025-08-19T18:37:10.616+0000] {dag.py:3722} INFO - Setting next_dagrun for example_task_group_decorator to 2025-08-18T18:37:10.616127+00:00, run_after=2025-08-19T18:37:10.616127+00:00
[2025-08-19T18:37:10.657+0000] {processor.py:179} INFO - Processing /home/airflow/.local/lib/python3.8/site-packages/airflow/example_dags/example_task_group_decorator.py took 0.169 seconds
[2025-08-19T18:37:44.594+0000] {processor.py:157} INFO - Started process (PID=812) to work on /home/airflow/.local/lib/python3.8/site-packages/airflow/example_dags/example_task_group_decorator.py
[2025-08-19T18:37:44.596+0000] {processor.py:829} INFO - Processing file /home/airflow/.local/lib/python3.8/site-packages/airflow/example_dags/example_task_group_decorator.py for tasks to queue
[2025-08-19T18:37:44.604+0000] {logging_mixin.py:151} INFO - [2025-08-19T18:37:44.603+0000] {dagbag.py:536} INFO - Filling up the DagBag from /home/airflow/.local/lib/python3.8/site-packages/airflow/example_dags/example_task_group_decorator.py
[2025-08-19T18:37:44.635+0000] {processor.py:839} INFO - DAG(s) dict_keys(['example_task_group_decorator']) retrieved from /home/airflow/.local/lib/python3.8/site-packages/airflow/example_dags/example_task_group_decorator.py
[2025-08-19T18:37:44.685+0000] {logging_mixin.py:151} INFO - [2025-08-19T18:37:44.685+0000] {dag.py:2941} INFO - Sync 1 DAGs
[2025-08-19T18:37:44.743+0000] {logging_mixin.py:151} INFO - [2025-08-19T18:37:44.742+0000] {dag.py:3722} INFO - Setting next_dagrun for example_task_group_decorator to 2025-08-18T18:37:44.742238+00:00, run_after=2025-08-19T18:37:44.742238+00:00
[2025-08-19T18:37:44.783+0000] {processor.py:179} INFO - Processing /home/airflow/.local/lib/python3.8/site-packages/airflow/example_dags/example_task_group_decorator.py took 0.195 seconds
[2025-08-19T18:38:15.249+0000] {processor.py:157} INFO - Started process (PID=866) to work on /home/airflow/.local/lib/python3.8/site-packages/airflow/example_dags/example_task_group_decorator.py
[2025-08-19T18:38:15.251+0000] {processor.py:829} INFO - Processing file /home/airflow/.local/lib/python3.8/site-packages/airflow/example_dags/example_task_group_decorator.py for tasks to queue
[2025-08-19T18:38:15.254+0000] {logging_mixin.py:151} INFO - [2025-08-19T18:38:15.254+0000] {dagbag.py:536} INFO - Filling up the DagBag from /home/airflow/.local/lib/python3.8/site-packages/airflow/example_dags/example_task_group_decorator.py
[2025-08-19T18:38:15.271+0000] {processor.py:839} INFO - DAG(s) dict_keys(['example_task_group_decorator']) retrieved from /home/airflow/.local/lib/python3.8/site-packages/airflow/example_dags/example_task_group_decorator.py
[2025-08-19T18:38:15.307+0000] {logging_mixin.py:151} INFO - [2025-08-19T18:38:15.307+0000] {dag.py:2941} INFO - Sync 1 DAGs
[2025-08-19T18:38:15.340+0000] {logging_mixin.py:151} INFO - [2025-08-19T18:38:15.339+0000] {dag.py:3722} INFO - Setting next_dagrun for example_task_group_decorator to 2025-08-18T18:38:15.339291+00:00, run_after=2025-08-19T18:38:15.339291+00:00
[2025-08-19T18:38:15.366+0000] {processor.py:179} INFO - Processing /home/airflow/.local/lib/python3.8/site-packages/airflow/example_dags/example_task_group_decorator.py took 0.122 seconds
[2025-08-19T18:38:46.074+0000] {processor.py:157} INFO - Started process (PID=920) to work on /home/airflow/.local/lib/python3.8/site-packages/airflow/example_dags/example_task_group_decorator.py
[2025-08-19T18:38:46.076+0000] {processor.py:829} INFO - Processing file /home/airflow/.local/lib/python3.8/site-packages/airflow/example_dags/example_task_group_decorator.py for tasks to queue
[2025-08-19T18:38:46.079+0000] {logging_mixin.py:151} INFO - [2025-08-19T18:38:46.079+0000] {dagbag.py:536} INFO - Filling up the DagBag from /home/airflow/.local/lib/python3.8/site-packages/airflow/example_dags/example_task_group_decorator.py
[2025-08-19T18:38:46.100+0000] {processor.py:839} INFO - DAG(s) dict_keys(['example_task_group_decorator']) retrieved from /home/airflow/.local/lib/python3.8/site-packages/airflow/example_dags/example_task_group_decorator.py
[2025-08-19T18:38:46.137+0000] {logging_mixin.py:151} INFO - [2025-08-19T18:38:46.137+0000] {dag.py:2941} INFO - Sync 1 DAGs
[2025-08-19T18:38:46.165+0000] {logging_mixin.py:151} INFO - [2025-08-19T18:38:46.164+0000] {dag.py:3722} INFO - Setting next_dagrun for example_task_group_decorator to 2025-08-18T18:38:46.163693+00:00, run_after=2025-08-19T18:38:46.163693+00:00
[2025-08-19T18:38:46.189+0000] {processor.py:179} INFO - Processing /home/airflow/.local/lib/python3.8/site-packages/airflow/example_dags/example_task_group_decorator.py took 0.122 seconds
[2025-08-19T18:39:16.727+0000] {processor.py:157} INFO - Started process (PID=974) to work on /home/airflow/.local/lib/python3.8/site-packages/airflow/example_dags/example_task_group_decorator.py
[2025-08-19T18:39:16.730+0000] {processor.py:829} INFO - Processing file /home/airflow/.local/lib/python3.8/site-packages/airflow/example_dags/example_task_group_decorator.py for tasks to queue
[2025-08-19T18:39:16.733+0000] {logging_mixin.py:151} INFO - [2025-08-19T18:39:16.733+0000] {dagbag.py:536} INFO - Filling up the DagBag from /home/airflow/.local/lib/python3.8/site-packages/airflow/example_dags/example_task_group_decorator.py
[2025-08-19T18:39:16.747+0000] {processor.py:839} INFO - DAG(s) dict_keys(['example_task_group_decorator']) retrieved from /home/airflow/.local/lib/python3.8/site-packages/airflow/example_dags/example_task_group_decorator.py
[2025-08-19T18:39:16.775+0000] {logging_mixin.py:151} INFO - [2025-08-19T18:39:16.774+0000] {dag.py:2941} INFO - Sync 1 DAGs
[2025-08-19T18:39:16.801+0000] {logging_mixin.py:151} INFO - [2025-08-19T18:39:16.800+0000] {dag.py:3722} INFO - Setting next_dagrun for example_task_group_decorator to 2025-08-18T18:39:16.800656+00:00, run_after=2025-08-19T18:39:16.800656+00:00
[2025-08-19T18:39:16.822+0000] {processor.py:179} INFO - Processing /home/airflow/.local/lib/python3.8/site-packages/airflow/example_dags/example_task_group_decorator.py took 0.099 seconds
