[2025-08-19T18:23:02.212+0000] {processor.py:157} INFO - Started process (PID=102) to work on /home/airflow/.local/lib/python3.8/site-packages/airflow/example_dags/example_sla_dag.py
[2025-08-19T18:23:02.251+0000] {processor.py:829} INFO - Processing file /home/airflow/.local/lib/python3.8/site-packages/airflow/example_dags/example_sla_dag.py for tasks to queue
[2025-08-19T18:23:02.305+0000] {logging_mixin.py:151} INFO - [2025-08-19T18:23:02.302+0000] {dagbag.py:536} INFO - Filling up the DagBag from /home/airflow/.local/lib/python3.8/site-packages/airflow/example_dags/example_sla_dag.py
[2025-08-19T18:23:02.378+0000] {processor.py:839} INFO - DAG(s) dict_keys(['example_sla_dag']) retrieved from /home/airflow/.local/lib/python3.8/site-packages/airflow/example_dags/example_sla_dag.py
[2025-08-19T18:23:02.566+0000] {logging_mixin.py:151} INFO - [2025-08-19T18:23:02.565+0000] {dag.py:2941} INFO - Sync 1 DAGs
[2025-08-19T18:23:02.776+0000] {logging_mixin.py:151} INFO - [2025-08-19T18:23:02.773+0000] {dag.py:3722} INFO - Setting next_dagrun for example_sla_dag to 2025-08-19T18:20:00+00:00, run_after=2025-08-19T18:22:00+00:00
[2025-08-19T18:23:02.897+0000] {processor.py:179} INFO - Processing /home/airflow/.local/lib/python3.8/site-packages/airflow/example_dags/example_sla_dag.py took 0.741 seconds
[2025-08-19T18:23:33.409+0000] {processor.py:157} INFO - Started process (PID=157) to work on /home/airflow/.local/lib/python3.8/site-packages/airflow/example_dags/example_sla_dag.py
[2025-08-19T18:23:33.410+0000] {processor.py:829} INFO - Processing file /home/airflow/.local/lib/python3.8/site-packages/airflow/example_dags/example_sla_dag.py for tasks to queue
[2025-08-19T18:23:33.413+0000] {logging_mixin.py:151} INFO - [2025-08-19T18:23:33.413+0000] {dagbag.py:536} INFO - Filling up the DagBag from /home/airflow/.local/lib/python3.8/site-packages/airflow/example_dags/example_sla_dag.py
[2025-08-19T18:23:33.425+0000] {processor.py:839} INFO - DAG(s) dict_keys(['example_sla_dag']) retrieved from /home/airflow/.local/lib/python3.8/site-packages/airflow/example_dags/example_sla_dag.py
[2025-08-19T18:23:33.460+0000] {logging_mixin.py:151} INFO - [2025-08-19T18:23:33.460+0000] {dag.py:2941} INFO - Sync 1 DAGs
[2025-08-19T18:23:33.505+0000] {logging_mixin.py:151} INFO - [2025-08-19T18:23:33.504+0000] {dag.py:3722} INFO - Setting next_dagrun for example_sla_dag to 2025-08-19T18:20:00+00:00, run_after=2025-08-19T18:22:00+00:00
[2025-08-19T18:23:33.552+0000] {processor.py:179} INFO - Processing /home/airflow/.local/lib/python3.8/site-packages/airflow/example_dags/example_sla_dag.py took 0.147 seconds
[2025-08-19T18:24:05.680+0000] {processor.py:157} INFO - Started process (PID=211) to work on /home/airflow/.local/lib/python3.8/site-packages/airflow/example_dags/example_sla_dag.py
[2025-08-19T18:24:05.682+0000] {processor.py:829} INFO - Processing file /home/airflow/.local/lib/python3.8/site-packages/airflow/example_dags/example_sla_dag.py for tasks to queue
[2025-08-19T18:24:05.686+0000] {logging_mixin.py:151} INFO - [2025-08-19T18:24:05.685+0000] {dagbag.py:536} INFO - Filling up the DagBag from /home/airflow/.local/lib/python3.8/site-packages/airflow/example_dags/example_sla_dag.py
[2025-08-19T18:24:05.701+0000] {processor.py:839} INFO - DAG(s) dict_keys(['example_sla_dag']) retrieved from /home/airflow/.local/lib/python3.8/site-packages/airflow/example_dags/example_sla_dag.py
[2025-08-19T18:24:05.755+0000] {logging_mixin.py:151} INFO - [2025-08-19T18:24:05.754+0000] {dag.py:2941} INFO - Sync 1 DAGs
[2025-08-19T18:24:05.819+0000] {logging_mixin.py:151} INFO - [2025-08-19T18:24:05.818+0000] {dag.py:3722} INFO - Setting next_dagrun for example_sla_dag to 2025-08-19T18:22:00+00:00, run_after=2025-08-19T18:24:00+00:00
[2025-08-19T18:24:05.888+0000] {processor.py:179} INFO - Processing /home/airflow/.local/lib/python3.8/site-packages/airflow/example_dags/example_sla_dag.py took 0.217 seconds
[2025-08-19T18:24:42.054+0000] {processor.py:157} INFO - Started process (PID=272) to work on /home/airflow/.local/lib/python3.8/site-packages/airflow/example_dags/example_sla_dag.py
[2025-08-19T18:24:42.062+0000] {processor.py:829} INFO - Processing file /home/airflow/.local/lib/python3.8/site-packages/airflow/example_dags/example_sla_dag.py for tasks to queue
[2025-08-19T18:24:42.079+0000] {logging_mixin.py:151} INFO - [2025-08-19T18:24:42.067+0000] {dagbag.py:536} INFO - Filling up the DagBag from /home/airflow/.local/lib/python3.8/site-packages/airflow/example_dags/example_sla_dag.py
[2025-08-19T18:24:42.119+0000] {processor.py:839} INFO - DAG(s) dict_keys(['example_sla_dag']) retrieved from /home/airflow/.local/lib/python3.8/site-packages/airflow/example_dags/example_sla_dag.py
[2025-08-19T18:24:42.248+0000] {logging_mixin.py:151} INFO - [2025-08-19T18:24:42.248+0000] {dag.py:2941} INFO - Sync 1 DAGs
[2025-08-19T18:24:42.386+0000] {logging_mixin.py:151} INFO - [2025-08-19T18:24:42.386+0000] {dag.py:3722} INFO - Setting next_dagrun for example_sla_dag to 2025-08-19T18:22:00+00:00, run_after=2025-08-19T18:24:00+00:00
[2025-08-19T18:24:42.518+0000] {processor.py:179} INFO - Processing /home/airflow/.local/lib/python3.8/site-packages/airflow/example_dags/example_sla_dag.py took 0.492 seconds
[2025-08-19T18:25:13.118+0000] {processor.py:157} INFO - Started process (PID=319) to work on /home/airflow/.local/lib/python3.8/site-packages/airflow/example_dags/example_sla_dag.py
[2025-08-19T18:25:13.120+0000] {processor.py:829} INFO - Processing file /home/airflow/.local/lib/python3.8/site-packages/airflow/example_dags/example_sla_dag.py for tasks to queue
[2025-08-19T18:25:13.123+0000] {logging_mixin.py:151} INFO - [2025-08-19T18:25:13.123+0000] {dagbag.py:536} INFO - Filling up the DagBag from /home/airflow/.local/lib/python3.8/site-packages/airflow/example_dags/example_sla_dag.py
[2025-08-19T18:25:13.136+0000] {processor.py:839} INFO - DAG(s) dict_keys(['example_sla_dag']) retrieved from /home/airflow/.local/lib/python3.8/site-packages/airflow/example_dags/example_sla_dag.py
[2025-08-19T18:25:13.176+0000] {logging_mixin.py:151} INFO - [2025-08-19T18:25:13.176+0000] {dag.py:2941} INFO - Sync 1 DAGs
[2025-08-19T18:25:13.236+0000] {logging_mixin.py:151} INFO - [2025-08-19T18:25:13.235+0000] {dag.py:3722} INFO - Setting next_dagrun for example_sla_dag to 2025-08-19T18:22:00+00:00, run_after=2025-08-19T18:24:00+00:00
[2025-08-19T18:25:13.284+0000] {processor.py:179} INFO - Processing /home/airflow/.local/lib/python3.8/site-packages/airflow/example_dags/example_sla_dag.py took 0.172 seconds
[2025-08-19T18:25:43.684+0000] {processor.py:157} INFO - Started process (PID=373) to work on /home/airflow/.local/lib/python3.8/site-packages/airflow/example_dags/example_sla_dag.py
[2025-08-19T18:25:43.685+0000] {processor.py:829} INFO - Processing file /home/airflow/.local/lib/python3.8/site-packages/airflow/example_dags/example_sla_dag.py for tasks to queue
[2025-08-19T18:25:43.689+0000] {logging_mixin.py:151} INFO - [2025-08-19T18:25:43.688+0000] {dagbag.py:536} INFO - Filling up the DagBag from /home/airflow/.local/lib/python3.8/site-packages/airflow/example_dags/example_sla_dag.py
[2025-08-19T18:25:43.704+0000] {processor.py:839} INFO - DAG(s) dict_keys(['example_sla_dag']) retrieved from /home/airflow/.local/lib/python3.8/site-packages/airflow/example_dags/example_sla_dag.py
[2025-08-19T18:25:43.740+0000] {logging_mixin.py:151} INFO - [2025-08-19T18:25:43.740+0000] {dag.py:2941} INFO - Sync 1 DAGs
[2025-08-19T18:25:43.785+0000] {logging_mixin.py:151} INFO - [2025-08-19T18:25:43.785+0000] {dag.py:3722} INFO - Setting next_dagrun for example_sla_dag to 2025-08-19T18:22:00+00:00, run_after=2025-08-19T18:24:00+00:00
[2025-08-19T18:25:43.827+0000] {processor.py:179} INFO - Processing /home/airflow/.local/lib/python3.8/site-packages/airflow/example_dags/example_sla_dag.py took 0.148 seconds
[2025-08-19T18:26:16.770+0000] {processor.py:157} INFO - Started process (PID=427) to work on /home/airflow/.local/lib/python3.8/site-packages/airflow/example_dags/example_sla_dag.py
[2025-08-19T18:26:16.777+0000] {processor.py:829} INFO - Processing file /home/airflow/.local/lib/python3.8/site-packages/airflow/example_dags/example_sla_dag.py for tasks to queue
[2025-08-19T18:26:16.830+0000] {logging_mixin.py:151} INFO - [2025-08-19T18:26:16.818+0000] {dagbag.py:536} INFO - Filling up the DagBag from /home/airflow/.local/lib/python3.8/site-packages/airflow/example_dags/example_sla_dag.py
[2025-08-19T18:26:16.949+0000] {processor.py:839} INFO - DAG(s) dict_keys(['example_sla_dag']) retrieved from /home/airflow/.local/lib/python3.8/site-packages/airflow/example_dags/example_sla_dag.py
[2025-08-19T18:26:17.204+0000] {logging_mixin.py:151} INFO - [2025-08-19T18:26:17.203+0000] {dag.py:2941} INFO - Sync 1 DAGs
[2025-08-19T18:26:17.498+0000] {logging_mixin.py:151} INFO - [2025-08-19T18:26:17.498+0000] {dag.py:3722} INFO - Setting next_dagrun for example_sla_dag to 2025-08-19T18:24:00+00:00, run_after=2025-08-19T18:26:00+00:00
[2025-08-19T18:26:17.605+0000] {processor.py:179} INFO - Processing /home/airflow/.local/lib/python3.8/site-packages/airflow/example_dags/example_sla_dag.py took 0.956 seconds
[2025-08-19T18:26:48.155+0000] {processor.py:157} INFO - Started process (PID=480) to work on /home/airflow/.local/lib/python3.8/site-packages/airflow/example_dags/example_sla_dag.py
[2025-08-19T18:26:48.156+0000] {processor.py:829} INFO - Processing file /home/airflow/.local/lib/python3.8/site-packages/airflow/example_dags/example_sla_dag.py for tasks to queue
[2025-08-19T18:26:48.159+0000] {logging_mixin.py:151} INFO - [2025-08-19T18:26:48.159+0000] {dagbag.py:536} INFO - Filling up the DagBag from /home/airflow/.local/lib/python3.8/site-packages/airflow/example_dags/example_sla_dag.py
[2025-08-19T18:26:48.178+0000] {processor.py:839} INFO - DAG(s) dict_keys(['example_sla_dag']) retrieved from /home/airflow/.local/lib/python3.8/site-packages/airflow/example_dags/example_sla_dag.py
[2025-08-19T18:26:48.625+0000] {logging_mixin.py:151} INFO - [2025-08-19T18:26:48.623+0000] {dag.py:2941} INFO - Sync 1 DAGs
[2025-08-19T18:26:48.741+0000] {logging_mixin.py:151} INFO - [2025-08-19T18:26:48.741+0000] {dag.py:3722} INFO - Setting next_dagrun for example_sla_dag to 2025-08-19T18:24:00+00:00, run_after=2025-08-19T18:26:00+00:00
[2025-08-19T18:26:48.788+0000] {processor.py:179} INFO - Processing /home/airflow/.local/lib/python3.8/site-packages/airflow/example_dags/example_sla_dag.py took 0.638 seconds
[2025-08-19T18:27:18.883+0000] {processor.py:157} INFO - Started process (PID=534) to work on /home/airflow/.local/lib/python3.8/site-packages/airflow/example_dags/example_sla_dag.py
[2025-08-19T18:27:18.886+0000] {processor.py:829} INFO - Processing file /home/airflow/.local/lib/python3.8/site-packages/airflow/example_dags/example_sla_dag.py for tasks to queue
[2025-08-19T18:27:18.900+0000] {logging_mixin.py:151} INFO - [2025-08-19T18:27:18.899+0000] {dagbag.py:536} INFO - Filling up the DagBag from /home/airflow/.local/lib/python3.8/site-packages/airflow/example_dags/example_sla_dag.py
[2025-08-19T18:27:18.930+0000] {processor.py:839} INFO - DAG(s) dict_keys(['example_sla_dag']) retrieved from /home/airflow/.local/lib/python3.8/site-packages/airflow/example_dags/example_sla_dag.py
[2025-08-19T18:27:18.993+0000] {logging_mixin.py:151} INFO - [2025-08-19T18:27:18.993+0000] {dag.py:2941} INFO - Sync 1 DAGs
[2025-08-19T18:27:19.080+0000] {logging_mixin.py:151} INFO - [2025-08-19T18:27:19.080+0000] {dag.py:3722} INFO - Setting next_dagrun for example_sla_dag to 2025-08-19T18:24:00+00:00, run_after=2025-08-19T18:26:00+00:00
[2025-08-19T18:27:19.153+0000] {processor.py:179} INFO - Processing /home/airflow/.local/lib/python3.8/site-packages/airflow/example_dags/example_sla_dag.py took 0.283 seconds
[2025-08-19T18:27:49.541+0000] {processor.py:157} INFO - Started process (PID=588) to work on /home/airflow/.local/lib/python3.8/site-packages/airflow/example_dags/example_sla_dag.py
[2025-08-19T18:27:49.542+0000] {processor.py:829} INFO - Processing file /home/airflow/.local/lib/python3.8/site-packages/airflow/example_dags/example_sla_dag.py for tasks to queue
[2025-08-19T18:27:49.547+0000] {logging_mixin.py:151} INFO - [2025-08-19T18:27:49.546+0000] {dagbag.py:536} INFO - Filling up the DagBag from /home/airflow/.local/lib/python3.8/site-packages/airflow/example_dags/example_sla_dag.py
[2025-08-19T18:27:49.558+0000] {processor.py:839} INFO - DAG(s) dict_keys(['example_sla_dag']) retrieved from /home/airflow/.local/lib/python3.8/site-packages/airflow/example_dags/example_sla_dag.py
[2025-08-19T18:27:49.587+0000] {logging_mixin.py:151} INFO - [2025-08-19T18:27:49.587+0000] {dag.py:2941} INFO - Sync 1 DAGs
[2025-08-19T18:27:49.618+0000] {logging_mixin.py:151} INFO - [2025-08-19T18:27:49.617+0000] {dag.py:3722} INFO - Setting next_dagrun for example_sla_dag to 2025-08-19T18:24:00+00:00, run_after=2025-08-19T18:26:00+00:00
[2025-08-19T18:27:49.642+0000] {processor.py:179} INFO - Processing /home/airflow/.local/lib/python3.8/site-packages/airflow/example_dags/example_sla_dag.py took 0.107 seconds
[2025-08-19T18:28:19.965+0000] {processor.py:157} INFO - Started process (PID=642) to work on /home/airflow/.local/lib/python3.8/site-packages/airflow/example_dags/example_sla_dag.py
[2025-08-19T18:28:19.968+0000] {processor.py:829} INFO - Processing file /home/airflow/.local/lib/python3.8/site-packages/airflow/example_dags/example_sla_dag.py for tasks to queue
[2025-08-19T18:28:19.974+0000] {logging_mixin.py:151} INFO - [2025-08-19T18:28:19.973+0000] {dagbag.py:536} INFO - Filling up the DagBag from /home/airflow/.local/lib/python3.8/site-packages/airflow/example_dags/example_sla_dag.py
[2025-08-19T18:28:19.990+0000] {processor.py:839} INFO - DAG(s) dict_keys(['example_sla_dag']) retrieved from /home/airflow/.local/lib/python3.8/site-packages/airflow/example_dags/example_sla_dag.py
[2025-08-19T18:28:20.034+0000] {logging_mixin.py:151} INFO - [2025-08-19T18:28:20.033+0000] {dag.py:2941} INFO - Sync 1 DAGs
[2025-08-19T18:28:20.104+0000] {logging_mixin.py:151} INFO - [2025-08-19T18:28:20.103+0000] {dag.py:3722} INFO - Setting next_dagrun for example_sla_dag to 2025-08-19T18:26:00+00:00, run_after=2025-08-19T18:28:00+00:00
[2025-08-19T18:28:20.144+0000] {processor.py:179} INFO - Processing /home/airflow/.local/lib/python3.8/site-packages/airflow/example_dags/example_sla_dag.py took 0.186 seconds
[2025-08-19T18:28:50.718+0000] {processor.py:157} INFO - Started process (PID=696) to work on /home/airflow/.local/lib/python3.8/site-packages/airflow/example_dags/example_sla_dag.py
[2025-08-19T18:28:50.720+0000] {processor.py:829} INFO - Processing file /home/airflow/.local/lib/python3.8/site-packages/airflow/example_dags/example_sla_dag.py for tasks to queue
[2025-08-19T18:28:50.723+0000] {logging_mixin.py:151} INFO - [2025-08-19T18:28:50.723+0000] {dagbag.py:536} INFO - Filling up the DagBag from /home/airflow/.local/lib/python3.8/site-packages/airflow/example_dags/example_sla_dag.py
[2025-08-19T18:28:50.732+0000] {processor.py:839} INFO - DAG(s) dict_keys(['example_sla_dag']) retrieved from /home/airflow/.local/lib/python3.8/site-packages/airflow/example_dags/example_sla_dag.py
[2025-08-19T18:28:50.757+0000] {logging_mixin.py:151} INFO - [2025-08-19T18:28:50.757+0000] {dag.py:2941} INFO - Sync 1 DAGs
[2025-08-19T18:28:50.791+0000] {logging_mixin.py:151} INFO - [2025-08-19T18:28:50.791+0000] {dag.py:3722} INFO - Setting next_dagrun for example_sla_dag to 2025-08-19T18:26:00+00:00, run_after=2025-08-19T18:28:00+00:00
[2025-08-19T18:28:50.824+0000] {processor.py:179} INFO - Processing /home/airflow/.local/lib/python3.8/site-packages/airflow/example_dags/example_sla_dag.py took 0.109 seconds
[2025-08-19T18:29:21.357+0000] {processor.py:157} INFO - Started process (PID=750) to work on /home/airflow/.local/lib/python3.8/site-packages/airflow/example_dags/example_sla_dag.py
[2025-08-19T18:29:21.359+0000] {processor.py:829} INFO - Processing file /home/airflow/.local/lib/python3.8/site-packages/airflow/example_dags/example_sla_dag.py for tasks to queue
[2025-08-19T18:29:21.363+0000] {logging_mixin.py:151} INFO - [2025-08-19T18:29:21.363+0000] {dagbag.py:536} INFO - Filling up the DagBag from /home/airflow/.local/lib/python3.8/site-packages/airflow/example_dags/example_sla_dag.py
[2025-08-19T18:29:21.376+0000] {processor.py:839} INFO - DAG(s) dict_keys(['example_sla_dag']) retrieved from /home/airflow/.local/lib/python3.8/site-packages/airflow/example_dags/example_sla_dag.py
[2025-08-19T18:29:21.424+0000] {logging_mixin.py:151} INFO - [2025-08-19T18:29:21.423+0000] {dag.py:2941} INFO - Sync 1 DAGs
[2025-08-19T18:29:21.476+0000] {logging_mixin.py:151} INFO - [2025-08-19T18:29:21.475+0000] {dag.py:3722} INFO - Setting next_dagrun for example_sla_dag to 2025-08-19T18:26:00+00:00, run_after=2025-08-19T18:28:00+00:00
[2025-08-19T18:29:21.506+0000] {processor.py:179} INFO - Processing /home/airflow/.local/lib/python3.8/site-packages/airflow/example_dags/example_sla_dag.py took 0.156 seconds
[2025-08-19T18:29:51.705+0000] {processor.py:157} INFO - Started process (PID=803) to work on /home/airflow/.local/lib/python3.8/site-packages/airflow/example_dags/example_sla_dag.py
[2025-08-19T18:29:51.708+0000] {processor.py:829} INFO - Processing file /home/airflow/.local/lib/python3.8/site-packages/airflow/example_dags/example_sla_dag.py for tasks to queue
[2025-08-19T18:29:51.712+0000] {logging_mixin.py:151} INFO - [2025-08-19T18:29:51.711+0000] {dagbag.py:536} INFO - Filling up the DagBag from /home/airflow/.local/lib/python3.8/site-packages/airflow/example_dags/example_sla_dag.py
[2025-08-19T18:29:51.723+0000] {processor.py:839} INFO - DAG(s) dict_keys(['example_sla_dag']) retrieved from /home/airflow/.local/lib/python3.8/site-packages/airflow/example_dags/example_sla_dag.py
[2025-08-19T18:29:51.758+0000] {logging_mixin.py:151} INFO - [2025-08-19T18:29:51.757+0000] {dag.py:2941} INFO - Sync 1 DAGs
[2025-08-19T18:29:51.809+0000] {logging_mixin.py:151} INFO - [2025-08-19T18:29:51.808+0000] {dag.py:3722} INFO - Setting next_dagrun for example_sla_dag to 2025-08-19T18:26:00+00:00, run_after=2025-08-19T18:28:00+00:00
[2025-08-19T18:29:51.838+0000] {processor.py:179} INFO - Processing /home/airflow/.local/lib/python3.8/site-packages/airflow/example_dags/example_sla_dag.py took 0.138 seconds
[2025-08-19T18:30:55.953+0000] {processor.py:157} INFO - Started process (PID=101) to work on /home/airflow/.local/lib/python3.8/site-packages/airflow/example_dags/example_sla_dag.py
[2025-08-19T18:30:55.955+0000] {processor.py:829} INFO - Processing file /home/airflow/.local/lib/python3.8/site-packages/airflow/example_dags/example_sla_dag.py for tasks to queue
[2025-08-19T18:30:55.959+0000] {logging_mixin.py:151} INFO - [2025-08-19T18:30:55.958+0000] {dagbag.py:536} INFO - Filling up the DagBag from /home/airflow/.local/lib/python3.8/site-packages/airflow/example_dags/example_sla_dag.py
[2025-08-19T18:30:55.975+0000] {processor.py:839} INFO - DAG(s) dict_keys(['example_sla_dag']) retrieved from /home/airflow/.local/lib/python3.8/site-packages/airflow/example_dags/example_sla_dag.py
[2025-08-19T18:30:56.044+0000] {logging_mixin.py:151} INFO - [2025-08-19T18:30:56.044+0000] {dag.py:2941} INFO - Sync 1 DAGs
[2025-08-19T18:30:56.102+0000] {logging_mixin.py:151} INFO - [2025-08-19T18:30:56.101+0000] {dag.py:3722} INFO - Setting next_dagrun for example_sla_dag to 2025-08-19T18:28:00+00:00, run_after=2025-08-19T18:30:00+00:00
[2025-08-19T18:30:56.154+0000] {processor.py:179} INFO - Processing /home/airflow/.local/lib/python3.8/site-packages/airflow/example_dags/example_sla_dag.py took 0.207 seconds
[2025-08-19T18:31:27.202+0000] {processor.py:157} INFO - Started process (PID=156) to work on /home/airflow/.local/lib/python3.8/site-packages/airflow/example_dags/example_sla_dag.py
[2025-08-19T18:31:27.205+0000] {processor.py:829} INFO - Processing file /home/airflow/.local/lib/python3.8/site-packages/airflow/example_dags/example_sla_dag.py for tasks to queue
[2025-08-19T18:31:27.211+0000] {logging_mixin.py:151} INFO - [2025-08-19T18:31:27.210+0000] {dagbag.py:536} INFO - Filling up the DagBag from /home/airflow/.local/lib/python3.8/site-packages/airflow/example_dags/example_sla_dag.py
[2025-08-19T18:31:27.239+0000] {processor.py:839} INFO - DAG(s) dict_keys(['example_sla_dag']) retrieved from /home/airflow/.local/lib/python3.8/site-packages/airflow/example_dags/example_sla_dag.py
[2025-08-19T18:31:27.313+0000] {logging_mixin.py:151} INFO - [2025-08-19T18:31:27.312+0000] {dag.py:2941} INFO - Sync 1 DAGs
[2025-08-19T18:31:27.378+0000] {logging_mixin.py:151} INFO - [2025-08-19T18:31:27.378+0000] {dag.py:3722} INFO - Setting next_dagrun for example_sla_dag to 2025-08-19T18:28:00+00:00, run_after=2025-08-19T18:30:00+00:00
[2025-08-19T18:31:27.435+0000] {processor.py:179} INFO - Processing /home/airflow/.local/lib/python3.8/site-packages/airflow/example_dags/example_sla_dag.py took 0.248 seconds
[2025-08-19T18:31:58.365+0000] {processor.py:157} INFO - Started process (PID=203) to work on /home/airflow/.local/lib/python3.8/site-packages/airflow/example_dags/example_sla_dag.py
[2025-08-19T18:31:58.367+0000] {processor.py:829} INFO - Processing file /home/airflow/.local/lib/python3.8/site-packages/airflow/example_dags/example_sla_dag.py for tasks to queue
[2025-08-19T18:31:58.370+0000] {logging_mixin.py:151} INFO - [2025-08-19T18:31:58.370+0000] {dagbag.py:536} INFO - Filling up the DagBag from /home/airflow/.local/lib/python3.8/site-packages/airflow/example_dags/example_sla_dag.py
[2025-08-19T18:31:58.382+0000] {processor.py:839} INFO - DAG(s) dict_keys(['example_sla_dag']) retrieved from /home/airflow/.local/lib/python3.8/site-packages/airflow/example_dags/example_sla_dag.py
[2025-08-19T18:31:58.415+0000] {logging_mixin.py:151} INFO - [2025-08-19T18:31:58.415+0000] {dag.py:2941} INFO - Sync 1 DAGs
[2025-08-19T18:31:58.448+0000] {logging_mixin.py:151} INFO - [2025-08-19T18:31:58.448+0000] {dag.py:3722} INFO - Setting next_dagrun for example_sla_dag to 2025-08-19T18:28:00+00:00, run_after=2025-08-19T18:30:00+00:00
[2025-08-19T18:31:58.477+0000] {processor.py:179} INFO - Processing /home/airflow/.local/lib/python3.8/site-packages/airflow/example_dags/example_sla_dag.py took 0.119 seconds
[2025-08-19T18:32:28.953+0000] {processor.py:157} INFO - Started process (PID=257) to work on /home/airflow/.local/lib/python3.8/site-packages/airflow/example_dags/example_sla_dag.py
[2025-08-19T18:32:28.955+0000] {processor.py:829} INFO - Processing file /home/airflow/.local/lib/python3.8/site-packages/airflow/example_dags/example_sla_dag.py for tasks to queue
[2025-08-19T18:32:28.959+0000] {logging_mixin.py:151} INFO - [2025-08-19T18:32:28.958+0000] {dagbag.py:536} INFO - Filling up the DagBag from /home/airflow/.local/lib/python3.8/site-packages/airflow/example_dags/example_sla_dag.py
[2025-08-19T18:32:28.979+0000] {processor.py:839} INFO - DAG(s) dict_keys(['example_sla_dag']) retrieved from /home/airflow/.local/lib/python3.8/site-packages/airflow/example_dags/example_sla_dag.py
[2025-08-19T18:32:29.024+0000] {logging_mixin.py:151} INFO - [2025-08-19T18:32:29.024+0000] {dag.py:2941} INFO - Sync 1 DAGs
[2025-08-19T18:32:29.082+0000] {logging_mixin.py:151} INFO - [2025-08-19T18:32:29.081+0000] {dag.py:3722} INFO - Setting next_dagrun for example_sla_dag to 2025-08-19T18:30:00+00:00, run_after=2025-08-19T18:32:00+00:00
[2025-08-19T18:32:29.127+0000] {processor.py:179} INFO - Processing /home/airflow/.local/lib/python3.8/site-packages/airflow/example_dags/example_sla_dag.py took 0.185 seconds
[2025-08-19T18:32:59.725+0000] {processor.py:157} INFO - Started process (PID=311) to work on /home/airflow/.local/lib/python3.8/site-packages/airflow/example_dags/example_sla_dag.py
[2025-08-19T18:32:59.727+0000] {processor.py:829} INFO - Processing file /home/airflow/.local/lib/python3.8/site-packages/airflow/example_dags/example_sla_dag.py for tasks to queue
[2025-08-19T18:32:59.731+0000] {logging_mixin.py:151} INFO - [2025-08-19T18:32:59.730+0000] {dagbag.py:536} INFO - Filling up the DagBag from /home/airflow/.local/lib/python3.8/site-packages/airflow/example_dags/example_sla_dag.py
[2025-08-19T18:32:59.746+0000] {processor.py:839} INFO - DAG(s) dict_keys(['example_sla_dag']) retrieved from /home/airflow/.local/lib/python3.8/site-packages/airflow/example_dags/example_sla_dag.py
[2025-08-19T18:32:59.783+0000] {logging_mixin.py:151} INFO - [2025-08-19T18:32:59.783+0000] {dag.py:2941} INFO - Sync 1 DAGs
[2025-08-19T18:32:59.835+0000] {logging_mixin.py:151} INFO - [2025-08-19T18:32:59.835+0000] {dag.py:3722} INFO - Setting next_dagrun for example_sla_dag to 2025-08-19T18:30:00+00:00, run_after=2025-08-19T18:32:00+00:00
[2025-08-19T18:32:59.872+0000] {processor.py:179} INFO - Processing /home/airflow/.local/lib/python3.8/site-packages/airflow/example_dags/example_sla_dag.py took 0.152 seconds
[2025-08-19T18:33:30.691+0000] {processor.py:157} INFO - Started process (PID=365) to work on /home/airflow/.local/lib/python3.8/site-packages/airflow/example_dags/example_sla_dag.py
[2025-08-19T18:33:30.694+0000] {processor.py:829} INFO - Processing file /home/airflow/.local/lib/python3.8/site-packages/airflow/example_dags/example_sla_dag.py for tasks to queue
[2025-08-19T18:33:30.697+0000] {logging_mixin.py:151} INFO - [2025-08-19T18:33:30.697+0000] {dagbag.py:536} INFO - Filling up the DagBag from /home/airflow/.local/lib/python3.8/site-packages/airflow/example_dags/example_sla_dag.py
[2025-08-19T18:33:30.712+0000] {processor.py:839} INFO - DAG(s) dict_keys(['example_sla_dag']) retrieved from /home/airflow/.local/lib/python3.8/site-packages/airflow/example_dags/example_sla_dag.py
[2025-08-19T18:33:30.751+0000] {logging_mixin.py:151} INFO - [2025-08-19T18:33:30.751+0000] {dag.py:2941} INFO - Sync 1 DAGs
[2025-08-19T18:33:30.794+0000] {logging_mixin.py:151} INFO - [2025-08-19T18:33:30.793+0000] {dag.py:3722} INFO - Setting next_dagrun for example_sla_dag to 2025-08-19T18:30:00+00:00, run_after=2025-08-19T18:32:00+00:00
[2025-08-19T18:33:30.822+0000] {processor.py:179} INFO - Processing /home/airflow/.local/lib/python3.8/site-packages/airflow/example_dags/example_sla_dag.py took 0.138 seconds
[2025-08-19T18:34:01.388+0000] {processor.py:157} INFO - Started process (PID=419) to work on /home/airflow/.local/lib/python3.8/site-packages/airflow/example_dags/example_sla_dag.py
[2025-08-19T18:34:01.389+0000] {processor.py:829} INFO - Processing file /home/airflow/.local/lib/python3.8/site-packages/airflow/example_dags/example_sla_dag.py for tasks to queue
[2025-08-19T18:34:01.394+0000] {logging_mixin.py:151} INFO - [2025-08-19T18:34:01.393+0000] {dagbag.py:536} INFO - Filling up the DagBag from /home/airflow/.local/lib/python3.8/site-packages/airflow/example_dags/example_sla_dag.py
[2025-08-19T18:34:01.404+0000] {processor.py:839} INFO - DAG(s) dict_keys(['example_sla_dag']) retrieved from /home/airflow/.local/lib/python3.8/site-packages/airflow/example_dags/example_sla_dag.py
[2025-08-19T18:34:01.443+0000] {logging_mixin.py:151} INFO - [2025-08-19T18:34:01.443+0000] {dag.py:2941} INFO - Sync 1 DAGs
[2025-08-19T18:34:01.488+0000] {logging_mixin.py:151} INFO - [2025-08-19T18:34:01.488+0000] {dag.py:3722} INFO - Setting next_dagrun for example_sla_dag to 2025-08-19T18:32:00+00:00, run_after=2025-08-19T18:34:00+00:00
[2025-08-19T18:34:01.526+0000] {processor.py:179} INFO - Processing /home/airflow/.local/lib/python3.8/site-packages/airflow/example_dags/example_sla_dag.py took 0.143 seconds
[2025-08-19T18:34:32.107+0000] {processor.py:157} INFO - Started process (PID=473) to work on /home/airflow/.local/lib/python3.8/site-packages/airflow/example_dags/example_sla_dag.py
[2025-08-19T18:34:32.108+0000] {processor.py:829} INFO - Processing file /home/airflow/.local/lib/python3.8/site-packages/airflow/example_dags/example_sla_dag.py for tasks to queue
[2025-08-19T18:34:32.111+0000] {logging_mixin.py:151} INFO - [2025-08-19T18:34:32.111+0000] {dagbag.py:536} INFO - Filling up the DagBag from /home/airflow/.local/lib/python3.8/site-packages/airflow/example_dags/example_sla_dag.py
[2025-08-19T18:34:32.124+0000] {processor.py:839} INFO - DAG(s) dict_keys(['example_sla_dag']) retrieved from /home/airflow/.local/lib/python3.8/site-packages/airflow/example_dags/example_sla_dag.py
[2025-08-19T18:34:32.167+0000] {logging_mixin.py:151} INFO - [2025-08-19T18:34:32.167+0000] {dag.py:2941} INFO - Sync 1 DAGs
[2025-08-19T18:34:32.262+0000] {logging_mixin.py:151} INFO - [2025-08-19T18:34:32.261+0000] {dag.py:3722} INFO - Setting next_dagrun for example_sla_dag to 2025-08-19T18:32:00+00:00, run_after=2025-08-19T18:34:00+00:00
[2025-08-19T18:34:32.622+0000] {processor.py:179} INFO - Processing /home/airflow/.local/lib/python3.8/site-packages/airflow/example_dags/example_sla_dag.py took 0.523 seconds
[2025-08-19T18:35:02.814+0000] {processor.py:157} INFO - Started process (PID=527) to work on /home/airflow/.local/lib/python3.8/site-packages/airflow/example_dags/example_sla_dag.py
[2025-08-19T18:35:02.816+0000] {processor.py:829} INFO - Processing file /home/airflow/.local/lib/python3.8/site-packages/airflow/example_dags/example_sla_dag.py for tasks to queue
[2025-08-19T18:35:02.819+0000] {logging_mixin.py:151} INFO - [2025-08-19T18:35:02.818+0000] {dagbag.py:536} INFO - Filling up the DagBag from /home/airflow/.local/lib/python3.8/site-packages/airflow/example_dags/example_sla_dag.py
[2025-08-19T18:35:02.829+0000] {processor.py:839} INFO - DAG(s) dict_keys(['example_sla_dag']) retrieved from /home/airflow/.local/lib/python3.8/site-packages/airflow/example_dags/example_sla_dag.py
[2025-08-19T18:35:02.861+0000] {logging_mixin.py:151} INFO - [2025-08-19T18:35:02.861+0000] {dag.py:2941} INFO - Sync 1 DAGs
[2025-08-19T18:35:02.896+0000] {logging_mixin.py:151} INFO - [2025-08-19T18:35:02.896+0000] {dag.py:3722} INFO - Setting next_dagrun for example_sla_dag to 2025-08-19T18:32:00+00:00, run_after=2025-08-19T18:34:00+00:00
[2025-08-19T18:35:02.919+0000] {processor.py:179} INFO - Processing /home/airflow/.local/lib/python3.8/site-packages/airflow/example_dags/example_sla_dag.py took 0.110 seconds
[2025-08-19T18:35:33.434+0000] {processor.py:157} INFO - Started process (PID=581) to work on /home/airflow/.local/lib/python3.8/site-packages/airflow/example_dags/example_sla_dag.py
[2025-08-19T18:35:33.437+0000] {processor.py:829} INFO - Processing file /home/airflow/.local/lib/python3.8/site-packages/airflow/example_dags/example_sla_dag.py for tasks to queue
[2025-08-19T18:35:33.441+0000] {logging_mixin.py:151} INFO - [2025-08-19T18:35:33.440+0000] {dagbag.py:536} INFO - Filling up the DagBag from /home/airflow/.local/lib/python3.8/site-packages/airflow/example_dags/example_sla_dag.py
[2025-08-19T18:35:33.460+0000] {processor.py:839} INFO - DAG(s) dict_keys(['example_sla_dag']) retrieved from /home/airflow/.local/lib/python3.8/site-packages/airflow/example_dags/example_sla_dag.py
[2025-08-19T18:35:33.499+0000] {logging_mixin.py:151} INFO - [2025-08-19T18:35:33.498+0000] {dag.py:2941} INFO - Sync 1 DAGs
[2025-08-19T18:35:33.543+0000] {logging_mixin.py:151} INFO - [2025-08-19T18:35:33.542+0000] {dag.py:3722} INFO - Setting next_dagrun for example_sla_dag to 2025-08-19T18:32:00+00:00, run_after=2025-08-19T18:34:00+00:00
[2025-08-19T18:35:33.579+0000] {processor.py:179} INFO - Processing /home/airflow/.local/lib/python3.8/site-packages/airflow/example_dags/example_sla_dag.py took 0.153 seconds
[2025-08-19T18:36:04.000+0000] {processor.py:157} INFO - Started process (PID=635) to work on /home/airflow/.local/lib/python3.8/site-packages/airflow/example_dags/example_sla_dag.py
[2025-08-19T18:36:04.010+0000] {processor.py:829} INFO - Processing file /home/airflow/.local/lib/python3.8/site-packages/airflow/example_dags/example_sla_dag.py for tasks to queue
[2025-08-19T18:36:04.015+0000] {logging_mixin.py:151} INFO - [2025-08-19T18:36:04.014+0000] {dagbag.py:536} INFO - Filling up the DagBag from /home/airflow/.local/lib/python3.8/site-packages/airflow/example_dags/example_sla_dag.py
[2025-08-19T18:36:04.041+0000] {processor.py:839} INFO - DAG(s) dict_keys(['example_sla_dag']) retrieved from /home/airflow/.local/lib/python3.8/site-packages/airflow/example_dags/example_sla_dag.py
[2025-08-19T18:36:04.109+0000] {logging_mixin.py:151} INFO - [2025-08-19T18:36:04.109+0000] {dag.py:2941} INFO - Sync 1 DAGs
[2025-08-19T18:36:04.165+0000] {logging_mixin.py:151} INFO - [2025-08-19T18:36:04.165+0000] {dag.py:3722} INFO - Setting next_dagrun for example_sla_dag to 2025-08-19T18:34:00+00:00, run_after=2025-08-19T18:36:00+00:00
[2025-08-19T18:36:04.235+0000] {processor.py:179} INFO - Processing /home/airflow/.local/lib/python3.8/site-packages/airflow/example_dags/example_sla_dag.py took 0.251 seconds
[2025-08-19T18:36:35.605+0000] {processor.py:157} INFO - Started process (PID=689) to work on /home/airflow/.local/lib/python3.8/site-packages/airflow/example_dags/example_sla_dag.py
[2025-08-19T18:36:35.607+0000] {processor.py:829} INFO - Processing file /home/airflow/.local/lib/python3.8/site-packages/airflow/example_dags/example_sla_dag.py for tasks to queue
[2025-08-19T18:36:35.611+0000] {logging_mixin.py:151} INFO - [2025-08-19T18:36:35.610+0000] {dagbag.py:536} INFO - Filling up the DagBag from /home/airflow/.local/lib/python3.8/site-packages/airflow/example_dags/example_sla_dag.py
[2025-08-19T18:36:35.626+0000] {processor.py:839} INFO - DAG(s) dict_keys(['example_sla_dag']) retrieved from /home/airflow/.local/lib/python3.8/site-packages/airflow/example_dags/example_sla_dag.py
[2025-08-19T18:36:35.665+0000] {logging_mixin.py:151} INFO - [2025-08-19T18:36:35.665+0000] {dag.py:2941} INFO - Sync 1 DAGs
[2025-08-19T18:36:35.703+0000] {logging_mixin.py:151} INFO - [2025-08-19T18:36:35.703+0000] {dag.py:3722} INFO - Setting next_dagrun for example_sla_dag to 2025-08-19T18:34:00+00:00, run_after=2025-08-19T18:36:00+00:00
[2025-08-19T18:36:35.742+0000] {processor.py:179} INFO - Processing /home/airflow/.local/lib/python3.8/site-packages/airflow/example_dags/example_sla_dag.py took 0.141 seconds
[2025-08-19T18:37:08.315+0000] {processor.py:157} INFO - Started process (PID=743) to work on /home/airflow/.local/lib/python3.8/site-packages/airflow/example_dags/example_sla_dag.py
[2025-08-19T18:37:08.320+0000] {processor.py:829} INFO - Processing file /home/airflow/.local/lib/python3.8/site-packages/airflow/example_dags/example_sla_dag.py for tasks to queue
[2025-08-19T18:37:08.329+0000] {logging_mixin.py:151} INFO - [2025-08-19T18:37:08.328+0000] {dagbag.py:536} INFO - Filling up the DagBag from /home/airflow/.local/lib/python3.8/site-packages/airflow/example_dags/example_sla_dag.py
[2025-08-19T18:37:08.356+0000] {processor.py:839} INFO - DAG(s) dict_keys(['example_sla_dag']) retrieved from /home/airflow/.local/lib/python3.8/site-packages/airflow/example_dags/example_sla_dag.py
[2025-08-19T18:37:08.416+0000] {logging_mixin.py:151} INFO - [2025-08-19T18:37:08.415+0000] {dag.py:2941} INFO - Sync 1 DAGs
[2025-08-19T18:37:08.549+0000] {logging_mixin.py:151} INFO - [2025-08-19T18:37:08.548+0000] {dag.py:3722} INFO - Setting next_dagrun for example_sla_dag to 2025-08-19T18:34:00+00:00, run_after=2025-08-19T18:36:00+00:00
[2025-08-19T18:37:08.653+0000] {processor.py:179} INFO - Processing /home/airflow/.local/lib/python3.8/site-packages/airflow/example_dags/example_sla_dag.py took 0.349 seconds
[2025-08-19T18:37:42.072+0000] {processor.py:157} INFO - Started process (PID=798) to work on /home/airflow/.local/lib/python3.8/site-packages/airflow/example_dags/example_sla_dag.py
[2025-08-19T18:37:42.077+0000] {processor.py:829} INFO - Processing file /home/airflow/.local/lib/python3.8/site-packages/airflow/example_dags/example_sla_dag.py for tasks to queue
[2025-08-19T18:37:42.081+0000] {logging_mixin.py:151} INFO - [2025-08-19T18:37:42.081+0000] {dagbag.py:536} INFO - Filling up the DagBag from /home/airflow/.local/lib/python3.8/site-packages/airflow/example_dags/example_sla_dag.py
[2025-08-19T18:37:42.101+0000] {processor.py:839} INFO - DAG(s) dict_keys(['example_sla_dag']) retrieved from /home/airflow/.local/lib/python3.8/site-packages/airflow/example_dags/example_sla_dag.py
[2025-08-19T18:37:42.153+0000] {logging_mixin.py:151} INFO - [2025-08-19T18:37:42.153+0000] {dag.py:2941} INFO - Sync 1 DAGs
[2025-08-19T18:37:42.214+0000] {logging_mixin.py:151} INFO - [2025-08-19T18:37:42.214+0000] {dag.py:3722} INFO - Setting next_dagrun for example_sla_dag to 2025-08-19T18:34:00+00:00, run_after=2025-08-19T18:36:00+00:00
[2025-08-19T18:37:42.252+0000] {processor.py:179} INFO - Processing /home/airflow/.local/lib/python3.8/site-packages/airflow/example_dags/example_sla_dag.py took 0.186 seconds
[2025-08-19T18:38:12.749+0000] {processor.py:157} INFO - Started process (PID=852) to work on /home/airflow/.local/lib/python3.8/site-packages/airflow/example_dags/example_sla_dag.py
[2025-08-19T18:38:12.751+0000] {processor.py:829} INFO - Processing file /home/airflow/.local/lib/python3.8/site-packages/airflow/example_dags/example_sla_dag.py for tasks to queue
[2025-08-19T18:38:12.756+0000] {logging_mixin.py:151} INFO - [2025-08-19T18:38:12.756+0000] {dagbag.py:536} INFO - Filling up the DagBag from /home/airflow/.local/lib/python3.8/site-packages/airflow/example_dags/example_sla_dag.py
[2025-08-19T18:38:12.773+0000] {processor.py:839} INFO - DAG(s) dict_keys(['example_sla_dag']) retrieved from /home/airflow/.local/lib/python3.8/site-packages/airflow/example_dags/example_sla_dag.py
[2025-08-19T18:38:12.818+0000] {logging_mixin.py:151} INFO - [2025-08-19T18:38:12.816+0000] {dag.py:2941} INFO - Sync 1 DAGs
[2025-08-19T18:38:12.887+0000] {logging_mixin.py:151} INFO - [2025-08-19T18:38:12.887+0000] {dag.py:3722} INFO - Setting next_dagrun for example_sla_dag to 2025-08-19T18:36:00+00:00, run_after=2025-08-19T18:38:00+00:00
[2025-08-19T18:38:12.956+0000] {processor.py:179} INFO - Processing /home/airflow/.local/lib/python3.8/site-packages/airflow/example_dags/example_sla_dag.py took 0.214 seconds
[2025-08-19T18:38:43.922+0000] {processor.py:157} INFO - Started process (PID=906) to work on /home/airflow/.local/lib/python3.8/site-packages/airflow/example_dags/example_sla_dag.py
[2025-08-19T18:38:43.924+0000] {processor.py:829} INFO - Processing file /home/airflow/.local/lib/python3.8/site-packages/airflow/example_dags/example_sla_dag.py for tasks to queue
[2025-08-19T18:38:43.928+0000] {logging_mixin.py:151} INFO - [2025-08-19T18:38:43.927+0000] {dagbag.py:536} INFO - Filling up the DagBag from /home/airflow/.local/lib/python3.8/site-packages/airflow/example_dags/example_sla_dag.py
[2025-08-19T18:38:43.940+0000] {processor.py:839} INFO - DAG(s) dict_keys(['example_sla_dag']) retrieved from /home/airflow/.local/lib/python3.8/site-packages/airflow/example_dags/example_sla_dag.py
[2025-08-19T18:38:43.973+0000] {logging_mixin.py:151} INFO - [2025-08-19T18:38:43.972+0000] {dag.py:2941} INFO - Sync 1 DAGs
[2025-08-19T18:38:44.034+0000] {logging_mixin.py:151} INFO - [2025-08-19T18:38:44.033+0000] {dag.py:3722} INFO - Setting next_dagrun for example_sla_dag to 2025-08-19T18:36:00+00:00, run_after=2025-08-19T18:38:00+00:00
[2025-08-19T18:38:44.076+0000] {processor.py:179} INFO - Processing /home/airflow/.local/lib/python3.8/site-packages/airflow/example_dags/example_sla_dag.py took 0.159 seconds
[2025-08-19T18:39:14.724+0000] {processor.py:157} INFO - Started process (PID=960) to work on /home/airflow/.local/lib/python3.8/site-packages/airflow/example_dags/example_sla_dag.py
[2025-08-19T18:39:14.727+0000] {processor.py:829} INFO - Processing file /home/airflow/.local/lib/python3.8/site-packages/airflow/example_dags/example_sla_dag.py for tasks to queue
[2025-08-19T18:39:14.731+0000] {logging_mixin.py:151} INFO - [2025-08-19T18:39:14.731+0000] {dagbag.py:536} INFO - Filling up the DagBag from /home/airflow/.local/lib/python3.8/site-packages/airflow/example_dags/example_sla_dag.py
[2025-08-19T18:39:14.745+0000] {processor.py:839} INFO - DAG(s) dict_keys(['example_sla_dag']) retrieved from /home/airflow/.local/lib/python3.8/site-packages/airflow/example_dags/example_sla_dag.py
[2025-08-19T18:39:14.786+0000] {logging_mixin.py:151} INFO - [2025-08-19T18:39:14.786+0000] {dag.py:2941} INFO - Sync 1 DAGs
[2025-08-19T18:39:14.828+0000] {logging_mixin.py:151} INFO - [2025-08-19T18:39:14.827+0000] {dag.py:3722} INFO - Setting next_dagrun for example_sla_dag to 2025-08-19T18:36:00+00:00, run_after=2025-08-19T18:38:00+00:00
[2025-08-19T18:39:14.857+0000] {processor.py:179} INFO - Processing /home/airflow/.local/lib/python3.8/site-packages/airflow/example_dags/example_sla_dag.py took 0.137 seconds
