[2025-08-19T18:23:22.567+0000] {processor.py:157} INFO - Started process (PID=134) to work on /home/airflow/.local/lib/python3.8/site-packages/airflow/example_dags/example_branch_datetime_operator.py
[2025-08-19T18:23:22.570+0000] {processor.py:829} INFO - Processing file /home/airflow/.local/lib/python3.8/site-packages/airflow/example_dags/example_branch_datetime_operator.py for tasks to queue
[2025-08-19T18:23:22.603+0000] {logging_mixin.py:151} INFO - [2025-08-19T18:23:22.602+0000] {dagbag.py:536} INFO - Filling up the DagBag from /home/airflow/.local/lib/python3.8/site-packages/airflow/example_dags/example_branch_datetime_operator.py
[2025-08-19T18:23:22.680+0000] {processor.py:839} INFO - DAG(s) dict_keys(['example_branch_datetime_operator_3', 'example_branch_datetime_operator_2', 'example_branch_datetime_operator']) retrieved from /home/airflow/.local/lib/python3.8/site-packages/airflow/example_dags/example_branch_datetime_operator.py
[2025-08-19T18:23:22.959+0000] {logging_mixin.py:151} INFO - [2025-08-19T18:23:22.958+0000] {dag.py:2941} INFO - Sync 3 DAGs
[2025-08-19T18:23:23.225+0000] {logging_mixin.py:151} INFO - [2025-08-19T18:23:23.219+0000] {dag.py:3722} INFO - Setting next_dagrun for example_branch_datetime_operator to 2025-08-18T00:00:00+00:00, run_after=2025-08-19T00:00:00+00:00
[2025-08-19T18:23:23.252+0000] {logging_mixin.py:151} INFO - [2025-08-19T18:23:23.251+0000] {dag.py:3722} INFO - Setting next_dagrun for example_branch_datetime_operator_2 to 2025-08-18T00:00:00+00:00, run_after=2025-08-19T00:00:00+00:00
[2025-08-19T18:23:23.271+0000] {logging_mixin.py:151} INFO - [2025-08-19T18:23:23.271+0000] {dag.py:3722} INFO - Setting next_dagrun for example_branch_datetime_operator_3 to 2025-08-18T00:00:00+00:00, run_after=2025-08-19T00:00:00+00:00
[2025-08-19T18:23:23.371+0000] {processor.py:179} INFO - Processing /home/airflow/.local/lib/python3.8/site-packages/airflow/example_dags/example_branch_datetime_operator.py took 0.887 seconds
[2025-08-19T18:23:53.876+0000] {processor.py:157} INFO - Started process (PID=188) to work on /home/airflow/.local/lib/python3.8/site-packages/airflow/example_dags/example_branch_datetime_operator.py
[2025-08-19T18:23:53.878+0000] {processor.py:829} INFO - Processing file /home/airflow/.local/lib/python3.8/site-packages/airflow/example_dags/example_branch_datetime_operator.py for tasks to queue
[2025-08-19T18:23:53.880+0000] {logging_mixin.py:151} INFO - [2025-08-19T18:23:53.880+0000] {dagbag.py:536} INFO - Filling up the DagBag from /home/airflow/.local/lib/python3.8/site-packages/airflow/example_dags/example_branch_datetime_operator.py
[2025-08-19T18:23:53.894+0000] {processor.py:839} INFO - DAG(s) dict_keys(['example_branch_datetime_operator_3', 'example_branch_datetime_operator_2', 'example_branch_datetime_operator']) retrieved from /home/airflow/.local/lib/python3.8/site-packages/airflow/example_dags/example_branch_datetime_operator.py
[2025-08-19T18:23:53.925+0000] {logging_mixin.py:151} INFO - [2025-08-19T18:23:53.925+0000] {dag.py:2941} INFO - Sync 3 DAGs
[2025-08-19T18:23:53.952+0000] {logging_mixin.py:151} INFO - [2025-08-19T18:23:53.952+0000] {dag.py:3722} INFO - Setting next_dagrun for example_branch_datetime_operator to 2025-08-18T00:00:00+00:00, run_after=2025-08-19T00:00:00+00:00
[2025-08-19T18:23:53.957+0000] {logging_mixin.py:151} INFO - [2025-08-19T18:23:53.957+0000] {dag.py:3722} INFO - Setting next_dagrun for example_branch_datetime_operator_2 to 2025-08-18T00:00:00+00:00, run_after=2025-08-19T00:00:00+00:00
[2025-08-19T18:23:53.961+0000] {logging_mixin.py:151} INFO - [2025-08-19T18:23:53.961+0000] {dag.py:3722} INFO - Setting next_dagrun for example_branch_datetime_operator_3 to 2025-08-18T00:00:00+00:00, run_after=2025-08-19T00:00:00+00:00
[2025-08-19T18:23:53.987+0000] {processor.py:179} INFO - Processing /home/airflow/.local/lib/python3.8/site-packages/airflow/example_dags/example_branch_datetime_operator.py took 0.114 seconds
[2025-08-19T18:24:25.230+0000] {processor.py:157} INFO - Started process (PID=242) to work on /home/airflow/.local/lib/python3.8/site-packages/airflow/example_dags/example_branch_datetime_operator.py
[2025-08-19T18:24:25.236+0000] {processor.py:829} INFO - Processing file /home/airflow/.local/lib/python3.8/site-packages/airflow/example_dags/example_branch_datetime_operator.py for tasks to queue
[2025-08-19T18:24:25.253+0000] {logging_mixin.py:151} INFO - [2025-08-19T18:24:25.252+0000] {dagbag.py:536} INFO - Filling up the DagBag from /home/airflow/.local/lib/python3.8/site-packages/airflow/example_dags/example_branch_datetime_operator.py
[2025-08-19T18:24:25.305+0000] {processor.py:839} INFO - DAG(s) dict_keys(['example_branch_datetime_operator_3', 'example_branch_datetime_operator', 'example_branch_datetime_operator_2']) retrieved from /home/airflow/.local/lib/python3.8/site-packages/airflow/example_dags/example_branch_datetime_operator.py
[2025-08-19T18:24:25.407+0000] {logging_mixin.py:151} INFO - [2025-08-19T18:24:25.406+0000] {dag.py:2941} INFO - Sync 3 DAGs
[2025-08-19T18:24:25.536+0000] {logging_mixin.py:151} INFO - [2025-08-19T18:24:25.535+0000] {dag.py:3722} INFO - Setting next_dagrun for example_branch_datetime_operator to 2025-08-18T00:00:00+00:00, run_after=2025-08-19T00:00:00+00:00
[2025-08-19T18:24:25.551+0000] {logging_mixin.py:151} INFO - [2025-08-19T18:24:25.550+0000] {dag.py:3722} INFO - Setting next_dagrun for example_branch_datetime_operator_2 to 2025-08-18T00:00:00+00:00, run_after=2025-08-19T00:00:00+00:00
[2025-08-19T18:24:25.556+0000] {logging_mixin.py:151} INFO - [2025-08-19T18:24:25.556+0000] {dag.py:3722} INFO - Setting next_dagrun for example_branch_datetime_operator_3 to 2025-08-18T00:00:00+00:00, run_after=2025-08-19T00:00:00+00:00
[2025-08-19T18:24:25.621+0000] {processor.py:179} INFO - Processing /home/airflow/.local/lib/python3.8/site-packages/airflow/example_dags/example_branch_datetime_operator.py took 0.408 seconds
[2025-08-19T18:24:56.255+0000] {processor.py:157} INFO - Started process (PID=296) to work on /home/airflow/.local/lib/python3.8/site-packages/airflow/example_dags/example_branch_datetime_operator.py
[2025-08-19T18:24:56.259+0000] {processor.py:829} INFO - Processing file /home/airflow/.local/lib/python3.8/site-packages/airflow/example_dags/example_branch_datetime_operator.py for tasks to queue
[2025-08-19T18:24:56.275+0000] {logging_mixin.py:151} INFO - [2025-08-19T18:24:56.267+0000] {dagbag.py:536} INFO - Filling up the DagBag from /home/airflow/.local/lib/python3.8/site-packages/airflow/example_dags/example_branch_datetime_operator.py
[2025-08-19T18:24:56.348+0000] {processor.py:839} INFO - DAG(s) dict_keys(['example_branch_datetime_operator', 'example_branch_datetime_operator_3', 'example_branch_datetime_operator_2']) retrieved from /home/airflow/.local/lib/python3.8/site-packages/airflow/example_dags/example_branch_datetime_operator.py
[2025-08-19T18:24:56.543+0000] {logging_mixin.py:151} INFO - [2025-08-19T18:24:56.543+0000] {dag.py:2941} INFO - Sync 3 DAGs
[2025-08-19T18:24:56.716+0000] {logging_mixin.py:151} INFO - [2025-08-19T18:24:56.716+0000] {dag.py:3722} INFO - Setting next_dagrun for example_branch_datetime_operator to 2025-08-18T00:00:00+00:00, run_after=2025-08-19T00:00:00+00:00
[2025-08-19T18:24:56.738+0000] {logging_mixin.py:151} INFO - [2025-08-19T18:24:56.738+0000] {dag.py:3722} INFO - Setting next_dagrun for example_branch_datetime_operator_2 to 2025-08-18T00:00:00+00:00, run_after=2025-08-19T00:00:00+00:00
[2025-08-19T18:24:56.767+0000] {logging_mixin.py:151} INFO - [2025-08-19T18:24:56.766+0000] {dag.py:3722} INFO - Setting next_dagrun for example_branch_datetime_operator_3 to 2025-08-18T00:00:00+00:00, run_after=2025-08-19T00:00:00+00:00
[2025-08-19T18:24:56.918+0000] {processor.py:179} INFO - Processing /home/airflow/.local/lib/python3.8/site-packages/airflow/example_dags/example_branch_datetime_operator.py took 0.679 seconds
[2025-08-19T18:25:28.297+0000] {processor.py:157} INFO - Started process (PID=350) to work on /home/airflow/.local/lib/python3.8/site-packages/airflow/example_dags/example_branch_datetime_operator.py
[2025-08-19T18:25:28.301+0000] {processor.py:829} INFO - Processing file /home/airflow/.local/lib/python3.8/site-packages/airflow/example_dags/example_branch_datetime_operator.py for tasks to queue
[2025-08-19T18:25:28.309+0000] {logging_mixin.py:151} INFO - [2025-08-19T18:25:28.308+0000] {dagbag.py:536} INFO - Filling up the DagBag from /home/airflow/.local/lib/python3.8/site-packages/airflow/example_dags/example_branch_datetime_operator.py
[2025-08-19T18:25:28.381+0000] {processor.py:839} INFO - DAG(s) dict_keys(['example_branch_datetime_operator_2', 'example_branch_datetime_operator', 'example_branch_datetime_operator_3']) retrieved from /home/airflow/.local/lib/python3.8/site-packages/airflow/example_dags/example_branch_datetime_operator.py
[2025-08-19T18:25:28.613+0000] {logging_mixin.py:151} INFO - [2025-08-19T18:25:28.612+0000] {dag.py:2941} INFO - Sync 3 DAGs
[2025-08-19T18:25:28.714+0000] {logging_mixin.py:151} INFO - [2025-08-19T18:25:28.714+0000] {dag.py:3722} INFO - Setting next_dagrun for example_branch_datetime_operator to 2025-08-18T00:00:00+00:00, run_after=2025-08-19T00:00:00+00:00
[2025-08-19T18:25:28.746+0000] {logging_mixin.py:151} INFO - [2025-08-19T18:25:28.746+0000] {dag.py:3722} INFO - Setting next_dagrun for example_branch_datetime_operator_2 to 2025-08-18T00:00:00+00:00, run_after=2025-08-19T00:00:00+00:00
[2025-08-19T18:25:28.775+0000] {logging_mixin.py:151} INFO - [2025-08-19T18:25:28.774+0000] {dag.py:3722} INFO - Setting next_dagrun for example_branch_datetime_operator_3 to 2025-08-18T00:00:00+00:00, run_after=2025-08-19T00:00:00+00:00
[2025-08-19T18:25:28.903+0000] {processor.py:179} INFO - Processing /home/airflow/.local/lib/python3.8/site-packages/airflow/example_dags/example_branch_datetime_operator.py took 0.618 seconds
[2025-08-19T18:26:01.011+0000] {processor.py:157} INFO - Started process (PID=406) to work on /home/airflow/.local/lib/python3.8/site-packages/airflow/example_dags/example_branch_datetime_operator.py
[2025-08-19T18:26:01.017+0000] {processor.py:829} INFO - Processing file /home/airflow/.local/lib/python3.8/site-packages/airflow/example_dags/example_branch_datetime_operator.py for tasks to queue
[2025-08-19T18:26:01.021+0000] {logging_mixin.py:151} INFO - [2025-08-19T18:26:01.021+0000] {dagbag.py:536} INFO - Filling up the DagBag from /home/airflow/.local/lib/python3.8/site-packages/airflow/example_dags/example_branch_datetime_operator.py
[2025-08-19T18:26:01.068+0000] {processor.py:839} INFO - DAG(s) dict_keys(['example_branch_datetime_operator_3', 'example_branch_datetime_operator_2', 'example_branch_datetime_operator']) retrieved from /home/airflow/.local/lib/python3.8/site-packages/airflow/example_dags/example_branch_datetime_operator.py
[2025-08-19T18:26:01.220+0000] {logging_mixin.py:151} INFO - [2025-08-19T18:26:01.220+0000] {dag.py:2941} INFO - Sync 3 DAGs
[2025-08-19T18:26:01.273+0000] {logging_mixin.py:151} INFO - [2025-08-19T18:26:01.272+0000] {dag.py:3722} INFO - Setting next_dagrun for example_branch_datetime_operator to 2025-08-18T00:00:00+00:00, run_after=2025-08-19T00:00:00+00:00
[2025-08-19T18:26:01.284+0000] {logging_mixin.py:151} INFO - [2025-08-19T18:26:01.283+0000] {dag.py:3722} INFO - Setting next_dagrun for example_branch_datetime_operator_2 to 2025-08-18T00:00:00+00:00, run_after=2025-08-19T00:00:00+00:00
[2025-08-19T18:26:01.291+0000] {logging_mixin.py:151} INFO - [2025-08-19T18:26:01.290+0000] {dag.py:3722} INFO - Setting next_dagrun for example_branch_datetime_operator_3 to 2025-08-18T00:00:00+00:00, run_after=2025-08-19T00:00:00+00:00
[2025-08-19T18:26:01.335+0000] {processor.py:179} INFO - Processing /home/airflow/.local/lib/python3.8/site-packages/airflow/example_dags/example_branch_datetime_operator.py took 0.346 seconds
[2025-08-19T18:26:32.433+0000] {processor.py:157} INFO - Started process (PID=461) to work on /home/airflow/.local/lib/python3.8/site-packages/airflow/example_dags/example_branch_datetime_operator.py
[2025-08-19T18:26:32.437+0000] {processor.py:829} INFO - Processing file /home/airflow/.local/lib/python3.8/site-packages/airflow/example_dags/example_branch_datetime_operator.py for tasks to queue
[2025-08-19T18:26:32.444+0000] {logging_mixin.py:151} INFO - [2025-08-19T18:26:32.443+0000] {dagbag.py:536} INFO - Filling up the DagBag from /home/airflow/.local/lib/python3.8/site-packages/airflow/example_dags/example_branch_datetime_operator.py
[2025-08-19T18:26:32.498+0000] {processor.py:839} INFO - DAG(s) dict_keys(['example_branch_datetime_operator_2', 'example_branch_datetime_operator', 'example_branch_datetime_operator_3']) retrieved from /home/airflow/.local/lib/python3.8/site-packages/airflow/example_dags/example_branch_datetime_operator.py
[2025-08-19T18:26:32.599+0000] {logging_mixin.py:151} INFO - [2025-08-19T18:26:32.599+0000] {dag.py:2941} INFO - Sync 3 DAGs
[2025-08-19T18:26:32.646+0000] {logging_mixin.py:151} INFO - [2025-08-19T18:26:32.645+0000] {dag.py:3722} INFO - Setting next_dagrun for example_branch_datetime_operator to 2025-08-18T00:00:00+00:00, run_after=2025-08-19T00:00:00+00:00
[2025-08-19T18:26:32.660+0000] {logging_mixin.py:151} INFO - [2025-08-19T18:26:32.660+0000] {dag.py:3722} INFO - Setting next_dagrun for example_branch_datetime_operator_2 to 2025-08-18T00:00:00+00:00, run_after=2025-08-19T00:00:00+00:00
[2025-08-19T18:26:32.666+0000] {logging_mixin.py:151} INFO - [2025-08-19T18:26:32.666+0000] {dag.py:3722} INFO - Setting next_dagrun for example_branch_datetime_operator_3 to 2025-08-18T00:00:00+00:00, run_after=2025-08-19T00:00:00+00:00
[2025-08-19T18:26:32.730+0000] {processor.py:179} INFO - Processing /home/airflow/.local/lib/python3.8/site-packages/airflow/example_dags/example_branch_datetime_operator.py took 0.333 seconds
[2025-08-19T18:27:03.106+0000] {processor.py:157} INFO - Started process (PID=517) to work on /home/airflow/.local/lib/python3.8/site-packages/airflow/example_dags/example_branch_datetime_operator.py
[2025-08-19T18:27:03.107+0000] {processor.py:829} INFO - Processing file /home/airflow/.local/lib/python3.8/site-packages/airflow/example_dags/example_branch_datetime_operator.py for tasks to queue
[2025-08-19T18:27:03.111+0000] {logging_mixin.py:151} INFO - [2025-08-19T18:27:03.111+0000] {dagbag.py:536} INFO - Filling up the DagBag from /home/airflow/.local/lib/python3.8/site-packages/airflow/example_dags/example_branch_datetime_operator.py
[2025-08-19T18:27:03.127+0000] {processor.py:839} INFO - DAG(s) dict_keys(['example_branch_datetime_operator', 'example_branch_datetime_operator_2', 'example_branch_datetime_operator_3']) retrieved from /home/airflow/.local/lib/python3.8/site-packages/airflow/example_dags/example_branch_datetime_operator.py
[2025-08-19T18:27:03.171+0000] {logging_mixin.py:151} INFO - [2025-08-19T18:27:03.171+0000] {dag.py:2941} INFO - Sync 3 DAGs
[2025-08-19T18:27:03.208+0000] {logging_mixin.py:151} INFO - [2025-08-19T18:27:03.208+0000] {dag.py:3722} INFO - Setting next_dagrun for example_branch_datetime_operator to 2025-08-18T00:00:00+00:00, run_after=2025-08-19T00:00:00+00:00
[2025-08-19T18:27:03.215+0000] {logging_mixin.py:151} INFO - [2025-08-19T18:27:03.215+0000] {dag.py:3722} INFO - Setting next_dagrun for example_branch_datetime_operator_2 to 2025-08-18T00:00:00+00:00, run_after=2025-08-19T00:00:00+00:00
[2025-08-19T18:27:03.219+0000] {logging_mixin.py:151} INFO - [2025-08-19T18:27:03.219+0000] {dag.py:3722} INFO - Setting next_dagrun for example_branch_datetime_operator_3 to 2025-08-18T00:00:00+00:00, run_after=2025-08-19T00:00:00+00:00
[2025-08-19T18:27:03.245+0000] {processor.py:179} INFO - Processing /home/airflow/.local/lib/python3.8/site-packages/airflow/example_dags/example_branch_datetime_operator.py took 0.144 seconds
[2025-08-19T18:27:35.619+0000] {processor.py:157} INFO - Started process (PID=570) to work on /home/airflow/.local/lib/python3.8/site-packages/airflow/example_dags/example_branch_datetime_operator.py
[2025-08-19T18:27:35.621+0000] {processor.py:829} INFO - Processing file /home/airflow/.local/lib/python3.8/site-packages/airflow/example_dags/example_branch_datetime_operator.py for tasks to queue
[2025-08-19T18:27:35.627+0000] {logging_mixin.py:151} INFO - [2025-08-19T18:27:35.626+0000] {dagbag.py:536} INFO - Filling up the DagBag from /home/airflow/.local/lib/python3.8/site-packages/airflow/example_dags/example_branch_datetime_operator.py
[2025-08-19T18:27:35.644+0000] {processor.py:839} INFO - DAG(s) dict_keys(['example_branch_datetime_operator_2', 'example_branch_datetime_operator', 'example_branch_datetime_operator_3']) retrieved from /home/airflow/.local/lib/python3.8/site-packages/airflow/example_dags/example_branch_datetime_operator.py
[2025-08-19T18:27:35.700+0000] {logging_mixin.py:151} INFO - [2025-08-19T18:27:35.700+0000] {dag.py:2941} INFO - Sync 3 DAGs
[2025-08-19T18:27:35.742+0000] {logging_mixin.py:151} INFO - [2025-08-19T18:27:35.741+0000] {dag.py:3722} INFO - Setting next_dagrun for example_branch_datetime_operator to 2025-08-18T00:00:00+00:00, run_after=2025-08-19T00:00:00+00:00
[2025-08-19T18:27:35.749+0000] {logging_mixin.py:151} INFO - [2025-08-19T18:27:35.749+0000] {dag.py:3722} INFO - Setting next_dagrun for example_branch_datetime_operator_2 to 2025-08-18T00:00:00+00:00, run_after=2025-08-19T00:00:00+00:00
[2025-08-19T18:27:35.753+0000] {logging_mixin.py:151} INFO - [2025-08-19T18:27:35.753+0000] {dag.py:3722} INFO - Setting next_dagrun for example_branch_datetime_operator_3 to 2025-08-18T00:00:00+00:00, run_after=2025-08-19T00:00:00+00:00
[2025-08-19T18:27:35.788+0000] {processor.py:179} INFO - Processing /home/airflow/.local/lib/python3.8/site-packages/airflow/example_dags/example_branch_datetime_operator.py took 0.178 seconds
[2025-08-19T18:28:06.761+0000] {processor.py:157} INFO - Started process (PID=626) to work on /home/airflow/.local/lib/python3.8/site-packages/airflow/example_dags/example_branch_datetime_operator.py
[2025-08-19T18:28:06.762+0000] {processor.py:829} INFO - Processing file /home/airflow/.local/lib/python3.8/site-packages/airflow/example_dags/example_branch_datetime_operator.py for tasks to queue
[2025-08-19T18:28:06.765+0000] {logging_mixin.py:151} INFO - [2025-08-19T18:28:06.765+0000] {dagbag.py:536} INFO - Filling up the DagBag from /home/airflow/.local/lib/python3.8/site-packages/airflow/example_dags/example_branch_datetime_operator.py
[2025-08-19T18:28:06.781+0000] {processor.py:839} INFO - DAG(s) dict_keys(['example_branch_datetime_operator_3', 'example_branch_datetime_operator', 'example_branch_datetime_operator_2']) retrieved from /home/airflow/.local/lib/python3.8/site-packages/airflow/example_dags/example_branch_datetime_operator.py
[2025-08-19T18:28:06.832+0000] {logging_mixin.py:151} INFO - [2025-08-19T18:28:06.832+0000] {dag.py:2941} INFO - Sync 3 DAGs
[2025-08-19T18:28:06.879+0000] {logging_mixin.py:151} INFO - [2025-08-19T18:28:06.878+0000] {dag.py:3722} INFO - Setting next_dagrun for example_branch_datetime_operator to 2025-08-18T00:00:00+00:00, run_after=2025-08-19T00:00:00+00:00
[2025-08-19T18:28:06.889+0000] {logging_mixin.py:151} INFO - [2025-08-19T18:28:06.889+0000] {dag.py:3722} INFO - Setting next_dagrun for example_branch_datetime_operator_2 to 2025-08-18T00:00:00+00:00, run_after=2025-08-19T00:00:00+00:00
[2025-08-19T18:28:06.896+0000] {logging_mixin.py:151} INFO - [2025-08-19T18:28:06.896+0000] {dag.py:3722} INFO - Setting next_dagrun for example_branch_datetime_operator_3 to 2025-08-18T00:00:00+00:00, run_after=2025-08-19T00:00:00+00:00
[2025-08-19T18:28:06.934+0000] {processor.py:179} INFO - Processing /home/airflow/.local/lib/python3.8/site-packages/airflow/example_dags/example_branch_datetime_operator.py took 0.178 seconds
[2025-08-19T18:28:38.688+0000] {processor.py:157} INFO - Started process (PID=680) to work on /home/airflow/.local/lib/python3.8/site-packages/airflow/example_dags/example_branch_datetime_operator.py
[2025-08-19T18:28:38.690+0000] {processor.py:829} INFO - Processing file /home/airflow/.local/lib/python3.8/site-packages/airflow/example_dags/example_branch_datetime_operator.py for tasks to queue
[2025-08-19T18:28:38.693+0000] {logging_mixin.py:151} INFO - [2025-08-19T18:28:38.693+0000] {dagbag.py:536} INFO - Filling up the DagBag from /home/airflow/.local/lib/python3.8/site-packages/airflow/example_dags/example_branch_datetime_operator.py
[2025-08-19T18:28:38.707+0000] {processor.py:839} INFO - DAG(s) dict_keys(['example_branch_datetime_operator_2', 'example_branch_datetime_operator_3', 'example_branch_datetime_operator']) retrieved from /home/airflow/.local/lib/python3.8/site-packages/airflow/example_dags/example_branch_datetime_operator.py
[2025-08-19T18:28:38.749+0000] {logging_mixin.py:151} INFO - [2025-08-19T18:28:38.749+0000] {dag.py:2941} INFO - Sync 3 DAGs
[2025-08-19T18:28:38.781+0000] {logging_mixin.py:151} INFO - [2025-08-19T18:28:38.781+0000] {dag.py:3722} INFO - Setting next_dagrun for example_branch_datetime_operator to 2025-08-18T00:00:00+00:00, run_after=2025-08-19T00:00:00+00:00
[2025-08-19T18:28:38.787+0000] {logging_mixin.py:151} INFO - [2025-08-19T18:28:38.787+0000] {dag.py:3722} INFO - Setting next_dagrun for example_branch_datetime_operator_2 to 2025-08-18T00:00:00+00:00, run_after=2025-08-19T00:00:00+00:00
[2025-08-19T18:28:38.792+0000] {logging_mixin.py:151} INFO - [2025-08-19T18:28:38.792+0000] {dag.py:3722} INFO - Setting next_dagrun for example_branch_datetime_operator_3 to 2025-08-18T00:00:00+00:00, run_after=2025-08-19T00:00:00+00:00
[2025-08-19T18:28:38.819+0000] {processor.py:179} INFO - Processing /home/airflow/.local/lib/python3.8/site-packages/airflow/example_dags/example_branch_datetime_operator.py took 0.137 seconds
[2025-08-19T18:29:11.771+0000] {processor.py:157} INFO - Started process (PID=737) to work on /home/airflow/.local/lib/python3.8/site-packages/airflow/example_dags/example_branch_datetime_operator.py
[2025-08-19T18:29:11.773+0000] {processor.py:829} INFO - Processing file /home/airflow/.local/lib/python3.8/site-packages/airflow/example_dags/example_branch_datetime_operator.py for tasks to queue
[2025-08-19T18:29:11.778+0000] {logging_mixin.py:151} INFO - [2025-08-19T18:29:11.777+0000] {dagbag.py:536} INFO - Filling up the DagBag from /home/airflow/.local/lib/python3.8/site-packages/airflow/example_dags/example_branch_datetime_operator.py
[2025-08-19T18:29:11.798+0000] {processor.py:839} INFO - DAG(s) dict_keys(['example_branch_datetime_operator', 'example_branch_datetime_operator_3', 'example_branch_datetime_operator_2']) retrieved from /home/airflow/.local/lib/python3.8/site-packages/airflow/example_dags/example_branch_datetime_operator.py
[2025-08-19T18:29:11.857+0000] {logging_mixin.py:151} INFO - [2025-08-19T18:29:11.856+0000] {dag.py:2941} INFO - Sync 3 DAGs
[2025-08-19T18:29:11.907+0000] {logging_mixin.py:151} INFO - [2025-08-19T18:29:11.907+0000] {dag.py:3722} INFO - Setting next_dagrun for example_branch_datetime_operator to 2025-08-18T00:00:00+00:00, run_after=2025-08-19T00:00:00+00:00
[2025-08-19T18:29:11.917+0000] {logging_mixin.py:151} INFO - [2025-08-19T18:29:11.916+0000] {dag.py:3722} INFO - Setting next_dagrun for example_branch_datetime_operator_2 to 2025-08-18T00:00:00+00:00, run_after=2025-08-19T00:00:00+00:00
[2025-08-19T18:29:11.922+0000] {logging_mixin.py:151} INFO - [2025-08-19T18:29:11.921+0000] {dag.py:3722} INFO - Setting next_dagrun for example_branch_datetime_operator_3 to 2025-08-18T00:00:00+00:00, run_after=2025-08-19T00:00:00+00:00
[2025-08-19T18:29:11.959+0000] {processor.py:179} INFO - Processing /home/airflow/.local/lib/python3.8/site-packages/airflow/example_dags/example_branch_datetime_operator.py took 0.197 seconds
[2025-08-19T18:29:42.537+0000] {processor.py:157} INFO - Started process (PID=791) to work on /home/airflow/.local/lib/python3.8/site-packages/airflow/example_dags/example_branch_datetime_operator.py
[2025-08-19T18:29:42.539+0000] {processor.py:829} INFO - Processing file /home/airflow/.local/lib/python3.8/site-packages/airflow/example_dags/example_branch_datetime_operator.py for tasks to queue
[2025-08-19T18:29:42.545+0000] {logging_mixin.py:151} INFO - [2025-08-19T18:29:42.544+0000] {dagbag.py:536} INFO - Filling up the DagBag from /home/airflow/.local/lib/python3.8/site-packages/airflow/example_dags/example_branch_datetime_operator.py
[2025-08-19T18:29:42.569+0000] {processor.py:839} INFO - DAG(s) dict_keys(['example_branch_datetime_operator', 'example_branch_datetime_operator_3', 'example_branch_datetime_operator_2']) retrieved from /home/airflow/.local/lib/python3.8/site-packages/airflow/example_dags/example_branch_datetime_operator.py
[2025-08-19T18:29:42.615+0000] {logging_mixin.py:151} INFO - [2025-08-19T18:29:42.615+0000] {dag.py:2941} INFO - Sync 3 DAGs
[2025-08-19T18:29:42.647+0000] {logging_mixin.py:151} INFO - [2025-08-19T18:29:42.647+0000] {dag.py:3722} INFO - Setting next_dagrun for example_branch_datetime_operator to 2025-08-18T00:00:00+00:00, run_after=2025-08-19T00:00:00+00:00
[2025-08-19T18:29:42.654+0000] {logging_mixin.py:151} INFO - [2025-08-19T18:29:42.654+0000] {dag.py:3722} INFO - Setting next_dagrun for example_branch_datetime_operator_2 to 2025-08-18T00:00:00+00:00, run_after=2025-08-19T00:00:00+00:00
[2025-08-19T18:29:42.660+0000] {logging_mixin.py:151} INFO - [2025-08-19T18:29:42.660+0000] {dag.py:3722} INFO - Setting next_dagrun for example_branch_datetime_operator_3 to 2025-08-18T00:00:00+00:00, run_after=2025-08-19T00:00:00+00:00
[2025-08-19T18:29:42.687+0000] {processor.py:179} INFO - Processing /home/airflow/.local/lib/python3.8/site-packages/airflow/example_dags/example_branch_datetime_operator.py took 0.163 seconds
[2025-08-19T18:30:14.274+0000] {processor.py:157} INFO - Started process (PID=845) to work on /home/airflow/.local/lib/python3.8/site-packages/airflow/example_dags/example_branch_datetime_operator.py
[2025-08-19T18:30:14.276+0000] {processor.py:829} INFO - Processing file /home/airflow/.local/lib/python3.8/site-packages/airflow/example_dags/example_branch_datetime_operator.py for tasks to queue
[2025-08-19T18:30:14.280+0000] {logging_mixin.py:151} INFO - [2025-08-19T18:30:14.279+0000] {dagbag.py:536} INFO - Filling up the DagBag from /home/airflow/.local/lib/python3.8/site-packages/airflow/example_dags/example_branch_datetime_operator.py
[2025-08-19T18:30:14.293+0000] {processor.py:839} INFO - DAG(s) dict_keys(['example_branch_datetime_operator_3', 'example_branch_datetime_operator_2', 'example_branch_datetime_operator']) retrieved from /home/airflow/.local/lib/python3.8/site-packages/airflow/example_dags/example_branch_datetime_operator.py
[2025-08-19T18:30:14.340+0000] {logging_mixin.py:151} INFO - [2025-08-19T18:30:14.340+0000] {dag.py:2941} INFO - Sync 3 DAGs
[2025-08-19T18:30:14.371+0000] {logging_mixin.py:151} INFO - [2025-08-19T18:30:14.371+0000] {dag.py:3722} INFO - Setting next_dagrun for example_branch_datetime_operator to 2025-08-18T00:00:00+00:00, run_after=2025-08-19T00:00:00+00:00
[2025-08-19T18:30:14.382+0000] {logging_mixin.py:151} INFO - [2025-08-19T18:30:14.381+0000] {dag.py:3722} INFO - Setting next_dagrun for example_branch_datetime_operator_2 to 2025-08-18T00:00:00+00:00, run_after=2025-08-19T00:00:00+00:00
[2025-08-19T18:30:14.385+0000] {logging_mixin.py:151} INFO - [2025-08-19T18:30:14.385+0000] {dag.py:3722} INFO - Setting next_dagrun for example_branch_datetime_operator_3 to 2025-08-18T00:00:00+00:00, run_after=2025-08-19T00:00:00+00:00
[2025-08-19T18:30:14.415+0000] {processor.py:179} INFO - Processing /home/airflow/.local/lib/python3.8/site-packages/airflow/example_dags/example_branch_datetime_operator.py took 0.146 seconds
[2025-08-19T18:31:00.357+0000] {processor.py:157} INFO - Started process (PID=125) to work on /home/airflow/.local/lib/python3.8/site-packages/airflow/example_dags/example_branch_datetime_operator.py
[2025-08-19T18:31:00.359+0000] {processor.py:829} INFO - Processing file /home/airflow/.local/lib/python3.8/site-packages/airflow/example_dags/example_branch_datetime_operator.py for tasks to queue
[2025-08-19T18:31:00.363+0000] {logging_mixin.py:151} INFO - [2025-08-19T18:31:00.362+0000] {dagbag.py:536} INFO - Filling up the DagBag from /home/airflow/.local/lib/python3.8/site-packages/airflow/example_dags/example_branch_datetime_operator.py
[2025-08-19T18:31:00.381+0000] {processor.py:839} INFO - DAG(s) dict_keys(['example_branch_datetime_operator_3', 'example_branch_datetime_operator_2', 'example_branch_datetime_operator']) retrieved from /home/airflow/.local/lib/python3.8/site-packages/airflow/example_dags/example_branch_datetime_operator.py
[2025-08-19T18:31:00.446+0000] {logging_mixin.py:151} INFO - [2025-08-19T18:31:00.445+0000] {dag.py:2941} INFO - Sync 3 DAGs
[2025-08-19T18:31:00.514+0000] {logging_mixin.py:151} INFO - [2025-08-19T18:31:00.513+0000] {dag.py:3722} INFO - Setting next_dagrun for example_branch_datetime_operator to 2025-08-18T00:00:00+00:00, run_after=2025-08-19T00:00:00+00:00
[2025-08-19T18:31:00.525+0000] {logging_mixin.py:151} INFO - [2025-08-19T18:31:00.524+0000] {dag.py:3722} INFO - Setting next_dagrun for example_branch_datetime_operator_2 to 2025-08-18T00:00:00+00:00, run_after=2025-08-19T00:00:00+00:00
[2025-08-19T18:31:00.530+0000] {logging_mixin.py:151} INFO - [2025-08-19T18:31:00.530+0000] {dag.py:3722} INFO - Setting next_dagrun for example_branch_datetime_operator_3 to 2025-08-18T00:00:00+00:00, run_after=2025-08-19T00:00:00+00:00
[2025-08-19T18:31:00.573+0000] {processor.py:179} INFO - Processing /home/airflow/.local/lib/python3.8/site-packages/airflow/example_dags/example_branch_datetime_operator.py took 0.223 seconds
[2025-08-19T18:31:30.604+0000] {processor.py:157} INFO - Started process (PID=180) to work on /home/airflow/.local/lib/python3.8/site-packages/airflow/example_dags/example_branch_datetime_operator.py
[2025-08-19T18:31:30.606+0000] {processor.py:829} INFO - Processing file /home/airflow/.local/lib/python3.8/site-packages/airflow/example_dags/example_branch_datetime_operator.py for tasks to queue
[2025-08-19T18:31:30.609+0000] {logging_mixin.py:151} INFO - [2025-08-19T18:31:30.608+0000] {dagbag.py:536} INFO - Filling up the DagBag from /home/airflow/.local/lib/python3.8/site-packages/airflow/example_dags/example_branch_datetime_operator.py
[2025-08-19T18:31:30.634+0000] {processor.py:839} INFO - DAG(s) dict_keys(['example_branch_datetime_operator', 'example_branch_datetime_operator_2', 'example_branch_datetime_operator_3']) retrieved from /home/airflow/.local/lib/python3.8/site-packages/airflow/example_dags/example_branch_datetime_operator.py
[2025-08-19T18:31:30.683+0000] {logging_mixin.py:151} INFO - [2025-08-19T18:31:30.683+0000] {dag.py:2941} INFO - Sync 3 DAGs
[2025-08-19T18:31:30.719+0000] {logging_mixin.py:151} INFO - [2025-08-19T18:31:30.718+0000] {dag.py:3722} INFO - Setting next_dagrun for example_branch_datetime_operator to 2025-08-18T00:00:00+00:00, run_after=2025-08-19T00:00:00+00:00
[2025-08-19T18:31:30.726+0000] {logging_mixin.py:151} INFO - [2025-08-19T18:31:30.726+0000] {dag.py:3722} INFO - Setting next_dagrun for example_branch_datetime_operator_2 to 2025-08-18T00:00:00+00:00, run_after=2025-08-19T00:00:00+00:00
[2025-08-19T18:31:30.730+0000] {logging_mixin.py:151} INFO - [2025-08-19T18:31:30.730+0000] {dag.py:3722} INFO - Setting next_dagrun for example_branch_datetime_operator_3 to 2025-08-18T00:00:00+00:00, run_after=2025-08-19T00:00:00+00:00
[2025-08-19T18:31:30.757+0000] {processor.py:179} INFO - Processing /home/airflow/.local/lib/python3.8/site-packages/airflow/example_dags/example_branch_datetime_operator.py took 0.159 seconds
[2025-08-19T18:32:00.827+0000] {processor.py:157} INFO - Started process (PID=234) to work on /home/airflow/.local/lib/python3.8/site-packages/airflow/example_dags/example_branch_datetime_operator.py
[2025-08-19T18:32:00.829+0000] {processor.py:829} INFO - Processing file /home/airflow/.local/lib/python3.8/site-packages/airflow/example_dags/example_branch_datetime_operator.py for tasks to queue
[2025-08-19T18:32:00.831+0000] {logging_mixin.py:151} INFO - [2025-08-19T18:32:00.831+0000] {dagbag.py:536} INFO - Filling up the DagBag from /home/airflow/.local/lib/python3.8/site-packages/airflow/example_dags/example_branch_datetime_operator.py
[2025-08-19T18:32:00.844+0000] {processor.py:839} INFO - DAG(s) dict_keys(['example_branch_datetime_operator_3', 'example_branch_datetime_operator', 'example_branch_datetime_operator_2']) retrieved from /home/airflow/.local/lib/python3.8/site-packages/airflow/example_dags/example_branch_datetime_operator.py
[2025-08-19T18:32:00.894+0000] {logging_mixin.py:151} INFO - [2025-08-19T18:32:00.894+0000] {dag.py:2941} INFO - Sync 3 DAGs
[2025-08-19T18:32:00.928+0000] {logging_mixin.py:151} INFO - [2025-08-19T18:32:00.928+0000] {dag.py:3722} INFO - Setting next_dagrun for example_branch_datetime_operator to 2025-08-18T00:00:00+00:00, run_after=2025-08-19T00:00:00+00:00
[2025-08-19T18:32:00.935+0000] {logging_mixin.py:151} INFO - [2025-08-19T18:32:00.934+0000] {dag.py:3722} INFO - Setting next_dagrun for example_branch_datetime_operator_2 to 2025-08-18T00:00:00+00:00, run_after=2025-08-19T00:00:00+00:00
[2025-08-19T18:32:00.938+0000] {logging_mixin.py:151} INFO - [2025-08-19T18:32:00.938+0000] {dag.py:3722} INFO - Setting next_dagrun for example_branch_datetime_operator_3 to 2025-08-18T00:00:00+00:00, run_after=2025-08-19T00:00:00+00:00
[2025-08-19T18:32:00.971+0000] {processor.py:179} INFO - Processing /home/airflow/.local/lib/python3.8/site-packages/airflow/example_dags/example_branch_datetime_operator.py took 0.148 seconds
[2025-08-19T18:32:31.835+0000] {processor.py:157} INFO - Started process (PID=288) to work on /home/airflow/.local/lib/python3.8/site-packages/airflow/example_dags/example_branch_datetime_operator.py
[2025-08-19T18:32:31.837+0000] {processor.py:829} INFO - Processing file /home/airflow/.local/lib/python3.8/site-packages/airflow/example_dags/example_branch_datetime_operator.py for tasks to queue
[2025-08-19T18:32:31.844+0000] {logging_mixin.py:151} INFO - [2025-08-19T18:32:31.842+0000] {dagbag.py:536} INFO - Filling up the DagBag from /home/airflow/.local/lib/python3.8/site-packages/airflow/example_dags/example_branch_datetime_operator.py
[2025-08-19T18:32:31.866+0000] {processor.py:839} INFO - DAG(s) dict_keys(['example_branch_datetime_operator_2', 'example_branch_datetime_operator_3', 'example_branch_datetime_operator']) retrieved from /home/airflow/.local/lib/python3.8/site-packages/airflow/example_dags/example_branch_datetime_operator.py
[2025-08-19T18:32:31.927+0000] {logging_mixin.py:151} INFO - [2025-08-19T18:32:31.927+0000] {dag.py:2941} INFO - Sync 3 DAGs
[2025-08-19T18:32:31.975+0000] {logging_mixin.py:151} INFO - [2025-08-19T18:32:31.975+0000] {dag.py:3722} INFO - Setting next_dagrun for example_branch_datetime_operator to 2025-08-18T00:00:00+00:00, run_after=2025-08-19T00:00:00+00:00
[2025-08-19T18:32:31.983+0000] {logging_mixin.py:151} INFO - [2025-08-19T18:32:31.983+0000] {dag.py:3722} INFO - Setting next_dagrun for example_branch_datetime_operator_2 to 2025-08-18T00:00:00+00:00, run_after=2025-08-19T00:00:00+00:00
[2025-08-19T18:32:31.986+0000] {logging_mixin.py:151} INFO - [2025-08-19T18:32:31.986+0000] {dag.py:3722} INFO - Setting next_dagrun for example_branch_datetime_operator_3 to 2025-08-18T00:00:00+00:00, run_after=2025-08-19T00:00:00+00:00
[2025-08-19T18:32:32.018+0000] {processor.py:179} INFO - Processing /home/airflow/.local/lib/python3.8/site-packages/airflow/example_dags/example_branch_datetime_operator.py took 0.196 seconds
[2025-08-19T18:33:02.644+0000] {processor.py:157} INFO - Started process (PID=341) to work on /home/airflow/.local/lib/python3.8/site-packages/airflow/example_dags/example_branch_datetime_operator.py
[2025-08-19T18:33:02.648+0000] {processor.py:829} INFO - Processing file /home/airflow/.local/lib/python3.8/site-packages/airflow/example_dags/example_branch_datetime_operator.py for tasks to queue
[2025-08-19T18:33:02.652+0000] {logging_mixin.py:151} INFO - [2025-08-19T18:33:02.652+0000] {dagbag.py:536} INFO - Filling up the DagBag from /home/airflow/.local/lib/python3.8/site-packages/airflow/example_dags/example_branch_datetime_operator.py
[2025-08-19T18:33:02.669+0000] {processor.py:839} INFO - DAG(s) dict_keys(['example_branch_datetime_operator', 'example_branch_datetime_operator_2', 'example_branch_datetime_operator_3']) retrieved from /home/airflow/.local/lib/python3.8/site-packages/airflow/example_dags/example_branch_datetime_operator.py
[2025-08-19T18:33:02.721+0000] {logging_mixin.py:151} INFO - [2025-08-19T18:33:02.721+0000] {dag.py:2941} INFO - Sync 3 DAGs
[2025-08-19T18:33:02.765+0000] {logging_mixin.py:151} INFO - [2025-08-19T18:33:02.764+0000] {dag.py:3722} INFO - Setting next_dagrun for example_branch_datetime_operator to 2025-08-18T00:00:00+00:00, run_after=2025-08-19T00:00:00+00:00
[2025-08-19T18:33:02.775+0000] {logging_mixin.py:151} INFO - [2025-08-19T18:33:02.775+0000] {dag.py:3722} INFO - Setting next_dagrun for example_branch_datetime_operator_2 to 2025-08-18T00:00:00+00:00, run_after=2025-08-19T00:00:00+00:00
[2025-08-19T18:33:02.779+0000] {logging_mixin.py:151} INFO - [2025-08-19T18:33:02.779+0000] {dag.py:3722} INFO - Setting next_dagrun for example_branch_datetime_operator_3 to 2025-08-18T00:00:00+00:00, run_after=2025-08-19T00:00:00+00:00
[2025-08-19T18:33:02.810+0000] {processor.py:179} INFO - Processing /home/airflow/.local/lib/python3.8/site-packages/airflow/example_dags/example_branch_datetime_operator.py took 0.175 seconds
[2025-08-19T18:33:32.965+0000] {processor.py:157} INFO - Started process (PID=390) to work on /home/airflow/.local/lib/python3.8/site-packages/airflow/example_dags/example_branch_datetime_operator.py
[2025-08-19T18:33:32.968+0000] {processor.py:829} INFO - Processing file /home/airflow/.local/lib/python3.8/site-packages/airflow/example_dags/example_branch_datetime_operator.py for tasks to queue
[2025-08-19T18:33:32.972+0000] {logging_mixin.py:151} INFO - [2025-08-19T18:33:32.972+0000] {dagbag.py:536} INFO - Filling up the DagBag from /home/airflow/.local/lib/python3.8/site-packages/airflow/example_dags/example_branch_datetime_operator.py
[2025-08-19T18:33:33.000+0000] {processor.py:839} INFO - DAG(s) dict_keys(['example_branch_datetime_operator', 'example_branch_datetime_operator_2', 'example_branch_datetime_operator_3']) retrieved from /home/airflow/.local/lib/python3.8/site-packages/airflow/example_dags/example_branch_datetime_operator.py
[2025-08-19T18:33:33.051+0000] {logging_mixin.py:151} INFO - [2025-08-19T18:33:33.051+0000] {dag.py:2941} INFO - Sync 3 DAGs
[2025-08-19T18:33:33.091+0000] {logging_mixin.py:151} INFO - [2025-08-19T18:33:33.090+0000] {dag.py:3722} INFO - Setting next_dagrun for example_branch_datetime_operator to 2025-08-18T00:00:00+00:00, run_after=2025-08-19T00:00:00+00:00
[2025-08-19T18:33:33.098+0000] {logging_mixin.py:151} INFO - [2025-08-19T18:33:33.098+0000] {dag.py:3722} INFO - Setting next_dagrun for example_branch_datetime_operator_2 to 2025-08-18T00:00:00+00:00, run_after=2025-08-19T00:00:00+00:00
[2025-08-19T18:33:33.102+0000] {logging_mixin.py:151} INFO - [2025-08-19T18:33:33.102+0000] {dag.py:3722} INFO - Setting next_dagrun for example_branch_datetime_operator_3 to 2025-08-18T00:00:00+00:00, run_after=2025-08-19T00:00:00+00:00
[2025-08-19T18:33:33.134+0000] {processor.py:179} INFO - Processing /home/airflow/.local/lib/python3.8/site-packages/airflow/example_dags/example_branch_datetime_operator.py took 0.175 seconds
[2025-08-19T18:34:03.773+0000] {processor.py:157} INFO - Started process (PID=444) to work on /home/airflow/.local/lib/python3.8/site-packages/airflow/example_dags/example_branch_datetime_operator.py
[2025-08-19T18:34:03.776+0000] {processor.py:829} INFO - Processing file /home/airflow/.local/lib/python3.8/site-packages/airflow/example_dags/example_branch_datetime_operator.py for tasks to queue
[2025-08-19T18:34:03.780+0000] {logging_mixin.py:151} INFO - [2025-08-19T18:34:03.780+0000] {dagbag.py:536} INFO - Filling up the DagBag from /home/airflow/.local/lib/python3.8/site-packages/airflow/example_dags/example_branch_datetime_operator.py
[2025-08-19T18:34:03.807+0000] {processor.py:839} INFO - DAG(s) dict_keys(['example_branch_datetime_operator_2', 'example_branch_datetime_operator_3', 'example_branch_datetime_operator']) retrieved from /home/airflow/.local/lib/python3.8/site-packages/airflow/example_dags/example_branch_datetime_operator.py
[2025-08-19T18:34:03.884+0000] {logging_mixin.py:151} INFO - [2025-08-19T18:34:03.884+0000] {dag.py:2941} INFO - Sync 3 DAGs
[2025-08-19T18:34:03.939+0000] {logging_mixin.py:151} INFO - [2025-08-19T18:34:03.939+0000] {dag.py:3722} INFO - Setting next_dagrun for example_branch_datetime_operator to 2025-08-18T00:00:00+00:00, run_after=2025-08-19T00:00:00+00:00
[2025-08-19T18:34:03.954+0000] {logging_mixin.py:151} INFO - [2025-08-19T18:34:03.953+0000] {dag.py:3722} INFO - Setting next_dagrun for example_branch_datetime_operator_2 to 2025-08-18T00:00:00+00:00, run_after=2025-08-19T00:00:00+00:00
[2025-08-19T18:34:03.958+0000] {logging_mixin.py:151} INFO - [2025-08-19T18:34:03.958+0000] {dag.py:3722} INFO - Setting next_dagrun for example_branch_datetime_operator_3 to 2025-08-18T00:00:00+00:00, run_after=2025-08-19T00:00:00+00:00
[2025-08-19T18:34:03.998+0000] {processor.py:179} INFO - Processing /home/airflow/.local/lib/python3.8/site-packages/airflow/example_dags/example_branch_datetime_operator.py took 0.236 seconds
[2025-08-19T18:34:34.564+0000] {processor.py:157} INFO - Started process (PID=498) to work on /home/airflow/.local/lib/python3.8/site-packages/airflow/example_dags/example_branch_datetime_operator.py
[2025-08-19T18:34:34.566+0000] {processor.py:829} INFO - Processing file /home/airflow/.local/lib/python3.8/site-packages/airflow/example_dags/example_branch_datetime_operator.py for tasks to queue
[2025-08-19T18:34:34.569+0000] {logging_mixin.py:151} INFO - [2025-08-19T18:34:34.568+0000] {dagbag.py:536} INFO - Filling up the DagBag from /home/airflow/.local/lib/python3.8/site-packages/airflow/example_dags/example_branch_datetime_operator.py
[2025-08-19T18:34:34.581+0000] {processor.py:839} INFO - DAG(s) dict_keys(['example_branch_datetime_operator_3', 'example_branch_datetime_operator_2', 'example_branch_datetime_operator']) retrieved from /home/airflow/.local/lib/python3.8/site-packages/airflow/example_dags/example_branch_datetime_operator.py
[2025-08-19T18:34:34.622+0000] {logging_mixin.py:151} INFO - [2025-08-19T18:34:34.622+0000] {dag.py:2941} INFO - Sync 3 DAGs
[2025-08-19T18:34:34.654+0000] {logging_mixin.py:151} INFO - [2025-08-19T18:34:34.654+0000] {dag.py:3722} INFO - Setting next_dagrun for example_branch_datetime_operator to 2025-08-18T00:00:00+00:00, run_after=2025-08-19T00:00:00+00:00
[2025-08-19T18:34:34.662+0000] {logging_mixin.py:151} INFO - [2025-08-19T18:34:34.661+0000] {dag.py:3722} INFO - Setting next_dagrun for example_branch_datetime_operator_2 to 2025-08-18T00:00:00+00:00, run_after=2025-08-19T00:00:00+00:00
[2025-08-19T18:34:34.666+0000] {logging_mixin.py:151} INFO - [2025-08-19T18:34:34.665+0000] {dag.py:3722} INFO - Setting next_dagrun for example_branch_datetime_operator_3 to 2025-08-18T00:00:00+00:00, run_after=2025-08-19T00:00:00+00:00
[2025-08-19T18:34:34.691+0000] {processor.py:179} INFO - Processing /home/airflow/.local/lib/python3.8/site-packages/airflow/example_dags/example_branch_datetime_operator.py took 0.131 seconds
[2025-08-19T18:35:05.171+0000] {processor.py:157} INFO - Started process (PID=552) to work on /home/airflow/.local/lib/python3.8/site-packages/airflow/example_dags/example_branch_datetime_operator.py
[2025-08-19T18:35:05.172+0000] {processor.py:829} INFO - Processing file /home/airflow/.local/lib/python3.8/site-packages/airflow/example_dags/example_branch_datetime_operator.py for tasks to queue
[2025-08-19T18:35:05.175+0000] {logging_mixin.py:151} INFO - [2025-08-19T18:35:05.175+0000] {dagbag.py:536} INFO - Filling up the DagBag from /home/airflow/.local/lib/python3.8/site-packages/airflow/example_dags/example_branch_datetime_operator.py
[2025-08-19T18:35:05.188+0000] {processor.py:839} INFO - DAG(s) dict_keys(['example_branch_datetime_operator', 'example_branch_datetime_operator_2', 'example_branch_datetime_operator_3']) retrieved from /home/airflow/.local/lib/python3.8/site-packages/airflow/example_dags/example_branch_datetime_operator.py
[2025-08-19T18:35:05.234+0000] {logging_mixin.py:151} INFO - [2025-08-19T18:35:05.234+0000] {dag.py:2941} INFO - Sync 3 DAGs
[2025-08-19T18:35:05.266+0000] {logging_mixin.py:151} INFO - [2025-08-19T18:35:05.266+0000] {dag.py:3722} INFO - Setting next_dagrun for example_branch_datetime_operator to 2025-08-18T00:00:00+00:00, run_after=2025-08-19T00:00:00+00:00
[2025-08-19T18:35:05.272+0000] {logging_mixin.py:151} INFO - [2025-08-19T18:35:05.272+0000] {dag.py:3722} INFO - Setting next_dagrun for example_branch_datetime_operator_2 to 2025-08-18T00:00:00+00:00, run_after=2025-08-19T00:00:00+00:00
[2025-08-19T18:35:05.277+0000] {logging_mixin.py:151} INFO - [2025-08-19T18:35:05.276+0000] {dag.py:3722} INFO - Setting next_dagrun for example_branch_datetime_operator_3 to 2025-08-18T00:00:00+00:00, run_after=2025-08-19T00:00:00+00:00
[2025-08-19T18:35:05.300+0000] {processor.py:179} INFO - Processing /home/airflow/.local/lib/python3.8/site-packages/airflow/example_dags/example_branch_datetime_operator.py took 0.134 seconds
[2025-08-19T18:35:35.790+0000] {processor.py:157} INFO - Started process (PID=605) to work on /home/airflow/.local/lib/python3.8/site-packages/airflow/example_dags/example_branch_datetime_operator.py
[2025-08-19T18:35:35.792+0000] {processor.py:829} INFO - Processing file /home/airflow/.local/lib/python3.8/site-packages/airflow/example_dags/example_branch_datetime_operator.py for tasks to queue
[2025-08-19T18:35:35.795+0000] {logging_mixin.py:151} INFO - [2025-08-19T18:35:35.795+0000] {dagbag.py:536} INFO - Filling up the DagBag from /home/airflow/.local/lib/python3.8/site-packages/airflow/example_dags/example_branch_datetime_operator.py
[2025-08-19T18:35:35.807+0000] {processor.py:839} INFO - DAG(s) dict_keys(['example_branch_datetime_operator', 'example_branch_datetime_operator_3', 'example_branch_datetime_operator_2']) retrieved from /home/airflow/.local/lib/python3.8/site-packages/airflow/example_dags/example_branch_datetime_operator.py
[2025-08-19T18:35:35.852+0000] {logging_mixin.py:151} INFO - [2025-08-19T18:35:35.852+0000] {dag.py:2941} INFO - Sync 3 DAGs
[2025-08-19T18:35:35.888+0000] {logging_mixin.py:151} INFO - [2025-08-19T18:35:35.887+0000] {dag.py:3722} INFO - Setting next_dagrun for example_branch_datetime_operator to 2025-08-18T00:00:00+00:00, run_after=2025-08-19T00:00:00+00:00
[2025-08-19T18:35:35.894+0000] {logging_mixin.py:151} INFO - [2025-08-19T18:35:35.894+0000] {dag.py:3722} INFO - Setting next_dagrun for example_branch_datetime_operator_2 to 2025-08-18T00:00:00+00:00, run_after=2025-08-19T00:00:00+00:00
[2025-08-19T18:35:35.897+0000] {logging_mixin.py:151} INFO - [2025-08-19T18:35:35.897+0000] {dag.py:3722} INFO - Setting next_dagrun for example_branch_datetime_operator_3 to 2025-08-18T00:00:00+00:00, run_after=2025-08-19T00:00:00+00:00
[2025-08-19T18:35:35.923+0000] {processor.py:179} INFO - Processing /home/airflow/.local/lib/python3.8/site-packages/airflow/example_dags/example_branch_datetime_operator.py took 0.137 seconds
[2025-08-19T18:36:08.881+0000] {processor.py:157} INFO - Started process (PID=659) to work on /home/airflow/.local/lib/python3.8/site-packages/airflow/example_dags/example_branch_datetime_operator.py
[2025-08-19T18:36:08.884+0000] {processor.py:829} INFO - Processing file /home/airflow/.local/lib/python3.8/site-packages/airflow/example_dags/example_branch_datetime_operator.py for tasks to queue
[2025-08-19T18:36:08.889+0000] {logging_mixin.py:151} INFO - [2025-08-19T18:36:08.888+0000] {dagbag.py:536} INFO - Filling up the DagBag from /home/airflow/.local/lib/python3.8/site-packages/airflow/example_dags/example_branch_datetime_operator.py
[2025-08-19T18:36:08.929+0000] {processor.py:839} INFO - DAG(s) dict_keys(['example_branch_datetime_operator_3', 'example_branch_datetime_operator_2', 'example_branch_datetime_operator']) retrieved from /home/airflow/.local/lib/python3.8/site-packages/airflow/example_dags/example_branch_datetime_operator.py
[2025-08-19T18:36:09.004+0000] {logging_mixin.py:151} INFO - [2025-08-19T18:36:09.003+0000] {dag.py:2941} INFO - Sync 3 DAGs
[2025-08-19T18:36:09.048+0000] {logging_mixin.py:151} INFO - [2025-08-19T18:36:09.048+0000] {dag.py:3722} INFO - Setting next_dagrun for example_branch_datetime_operator to 2025-08-18T00:00:00+00:00, run_after=2025-08-19T00:00:00+00:00
[2025-08-19T18:36:09.056+0000] {logging_mixin.py:151} INFO - [2025-08-19T18:36:09.056+0000] {dag.py:3722} INFO - Setting next_dagrun for example_branch_datetime_operator_2 to 2025-08-18T00:00:00+00:00, run_after=2025-08-19T00:00:00+00:00
[2025-08-19T18:36:09.060+0000] {logging_mixin.py:151} INFO - [2025-08-19T18:36:09.060+0000] {dag.py:3722} INFO - Setting next_dagrun for example_branch_datetime_operator_3 to 2025-08-18T00:00:00+00:00, run_after=2025-08-19T00:00:00+00:00
[2025-08-19T18:36:09.091+0000] {processor.py:179} INFO - Processing /home/airflow/.local/lib/python3.8/site-packages/airflow/example_dags/example_branch_datetime_operator.py took 0.218 seconds
[2025-08-19T18:36:39.127+0000] {processor.py:157} INFO - Started process (PID=713) to work on /home/airflow/.local/lib/python3.8/site-packages/airflow/example_dags/example_branch_datetime_operator.py
[2025-08-19T18:36:39.130+0000] {processor.py:829} INFO - Processing file /home/airflow/.local/lib/python3.8/site-packages/airflow/example_dags/example_branch_datetime_operator.py for tasks to queue
[2025-08-19T18:36:39.135+0000] {logging_mixin.py:151} INFO - [2025-08-19T18:36:39.135+0000] {dagbag.py:536} INFO - Filling up the DagBag from /home/airflow/.local/lib/python3.8/site-packages/airflow/example_dags/example_branch_datetime_operator.py
[2025-08-19T18:36:39.155+0000] {processor.py:839} INFO - DAG(s) dict_keys(['example_branch_datetime_operator_3', 'example_branch_datetime_operator_2', 'example_branch_datetime_operator']) retrieved from /home/airflow/.local/lib/python3.8/site-packages/airflow/example_dags/example_branch_datetime_operator.py
[2025-08-19T18:36:39.206+0000] {logging_mixin.py:151} INFO - [2025-08-19T18:36:39.205+0000] {dag.py:2941} INFO - Sync 3 DAGs
[2025-08-19T18:36:39.244+0000] {logging_mixin.py:151} INFO - [2025-08-19T18:36:39.244+0000] {dag.py:3722} INFO - Setting next_dagrun for example_branch_datetime_operator to 2025-08-18T00:00:00+00:00, run_after=2025-08-19T00:00:00+00:00
[2025-08-19T18:36:39.250+0000] {logging_mixin.py:151} INFO - [2025-08-19T18:36:39.250+0000] {dag.py:3722} INFO - Setting next_dagrun for example_branch_datetime_operator_2 to 2025-08-18T00:00:00+00:00, run_after=2025-08-19T00:00:00+00:00
[2025-08-19T18:36:39.253+0000] {logging_mixin.py:151} INFO - [2025-08-19T18:36:39.253+0000] {dag.py:3722} INFO - Setting next_dagrun for example_branch_datetime_operator_3 to 2025-08-18T00:00:00+00:00, run_after=2025-08-19T00:00:00+00:00
[2025-08-19T18:36:39.285+0000] {processor.py:179} INFO - Processing /home/airflow/.local/lib/python3.8/site-packages/airflow/example_dags/example_branch_datetime_operator.py took 0.162 seconds
[2025-08-19T18:37:11.584+0000] {processor.py:157} INFO - Started process (PID=767) to work on /home/airflow/.local/lib/python3.8/site-packages/airflow/example_dags/example_branch_datetime_operator.py
[2025-08-19T18:37:11.587+0000] {processor.py:829} INFO - Processing file /home/airflow/.local/lib/python3.8/site-packages/airflow/example_dags/example_branch_datetime_operator.py for tasks to queue
[2025-08-19T18:37:11.591+0000] {logging_mixin.py:151} INFO - [2025-08-19T18:37:11.591+0000] {dagbag.py:536} INFO - Filling up the DagBag from /home/airflow/.local/lib/python3.8/site-packages/airflow/example_dags/example_branch_datetime_operator.py
[2025-08-19T18:37:11.615+0000] {processor.py:839} INFO - DAG(s) dict_keys(['example_branch_datetime_operator_3', 'example_branch_datetime_operator_2', 'example_branch_datetime_operator']) retrieved from /home/airflow/.local/lib/python3.8/site-packages/airflow/example_dags/example_branch_datetime_operator.py
[2025-08-19T18:37:11.670+0000] {logging_mixin.py:151} INFO - [2025-08-19T18:37:11.670+0000] {dag.py:2941} INFO - Sync 3 DAGs
[2025-08-19T18:37:11.715+0000] {logging_mixin.py:151} INFO - [2025-08-19T18:37:11.715+0000] {dag.py:3722} INFO - Setting next_dagrun for example_branch_datetime_operator to 2025-08-18T00:00:00+00:00, run_after=2025-08-19T00:00:00+00:00
[2025-08-19T18:37:11.725+0000] {logging_mixin.py:151} INFO - [2025-08-19T18:37:11.724+0000] {dag.py:3722} INFO - Setting next_dagrun for example_branch_datetime_operator_2 to 2025-08-18T00:00:00+00:00, run_after=2025-08-19T00:00:00+00:00
[2025-08-19T18:37:11.732+0000] {logging_mixin.py:151} INFO - [2025-08-19T18:37:11.731+0000] {dag.py:3722} INFO - Setting next_dagrun for example_branch_datetime_operator_3 to 2025-08-18T00:00:00+00:00, run_after=2025-08-19T00:00:00+00:00
[2025-08-19T18:37:11.769+0000] {processor.py:179} INFO - Processing /home/airflow/.local/lib/python3.8/site-packages/airflow/example_dags/example_branch_datetime_operator.py took 0.194 seconds
[2025-08-19T18:37:45.618+0000] {processor.py:157} INFO - Started process (PID=822) to work on /home/airflow/.local/lib/python3.8/site-packages/airflow/example_dags/example_branch_datetime_operator.py
[2025-08-19T18:37:45.620+0000] {processor.py:829} INFO - Processing file /home/airflow/.local/lib/python3.8/site-packages/airflow/example_dags/example_branch_datetime_operator.py for tasks to queue
[2025-08-19T18:37:45.624+0000] {logging_mixin.py:151} INFO - [2025-08-19T18:37:45.623+0000] {dagbag.py:536} INFO - Filling up the DagBag from /home/airflow/.local/lib/python3.8/site-packages/airflow/example_dags/example_branch_datetime_operator.py
[2025-08-19T18:37:45.646+0000] {processor.py:839} INFO - DAG(s) dict_keys(['example_branch_datetime_operator_3', 'example_branch_datetime_operator', 'example_branch_datetime_operator_2']) retrieved from /home/airflow/.local/lib/python3.8/site-packages/airflow/example_dags/example_branch_datetime_operator.py
[2025-08-19T18:37:45.718+0000] {logging_mixin.py:151} INFO - [2025-08-19T18:37:45.717+0000] {dag.py:2941} INFO - Sync 3 DAGs
[2025-08-19T18:37:45.773+0000] {logging_mixin.py:151} INFO - [2025-08-19T18:37:45.773+0000] {dag.py:3722} INFO - Setting next_dagrun for example_branch_datetime_operator to 2025-08-18T00:00:00+00:00, run_after=2025-08-19T00:00:00+00:00
[2025-08-19T18:37:45.782+0000] {logging_mixin.py:151} INFO - [2025-08-19T18:37:45.782+0000] {dag.py:3722} INFO - Setting next_dagrun for example_branch_datetime_operator_2 to 2025-08-18T00:00:00+00:00, run_after=2025-08-19T00:00:00+00:00
[2025-08-19T18:37:45.792+0000] {logging_mixin.py:151} INFO - [2025-08-19T18:37:45.792+0000] {dag.py:3722} INFO - Setting next_dagrun for example_branch_datetime_operator_3 to 2025-08-18T00:00:00+00:00, run_after=2025-08-19T00:00:00+00:00
[2025-08-19T18:37:45.826+0000] {processor.py:179} INFO - Processing /home/airflow/.local/lib/python3.8/site-packages/airflow/example_dags/example_branch_datetime_operator.py took 0.218 seconds
[2025-08-19T18:38:15.960+0000] {processor.py:157} INFO - Started process (PID=876) to work on /home/airflow/.local/lib/python3.8/site-packages/airflow/example_dags/example_branch_datetime_operator.py
[2025-08-19T18:38:15.962+0000] {processor.py:829} INFO - Processing file /home/airflow/.local/lib/python3.8/site-packages/airflow/example_dags/example_branch_datetime_operator.py for tasks to queue
[2025-08-19T18:38:15.968+0000] {logging_mixin.py:151} INFO - [2025-08-19T18:38:15.968+0000] {dagbag.py:536} INFO - Filling up the DagBag from /home/airflow/.local/lib/python3.8/site-packages/airflow/example_dags/example_branch_datetime_operator.py
[2025-08-19T18:38:15.981+0000] {processor.py:839} INFO - DAG(s) dict_keys(['example_branch_datetime_operator_2', 'example_branch_datetime_operator', 'example_branch_datetime_operator_3']) retrieved from /home/airflow/.local/lib/python3.8/site-packages/airflow/example_dags/example_branch_datetime_operator.py
[2025-08-19T18:38:16.021+0000] {logging_mixin.py:151} INFO - [2025-08-19T18:38:16.021+0000] {dag.py:2941} INFO - Sync 3 DAGs
[2025-08-19T18:38:16.056+0000] {logging_mixin.py:151} INFO - [2025-08-19T18:38:16.056+0000] {dag.py:3722} INFO - Setting next_dagrun for example_branch_datetime_operator to 2025-08-18T00:00:00+00:00, run_after=2025-08-19T00:00:00+00:00
[2025-08-19T18:38:16.063+0000] {logging_mixin.py:151} INFO - [2025-08-19T18:38:16.062+0000] {dag.py:3722} INFO - Setting next_dagrun for example_branch_datetime_operator_2 to 2025-08-18T00:00:00+00:00, run_after=2025-08-19T00:00:00+00:00
[2025-08-19T18:38:16.068+0000] {logging_mixin.py:151} INFO - [2025-08-19T18:38:16.068+0000] {dag.py:3722} INFO - Setting next_dagrun for example_branch_datetime_operator_3 to 2025-08-18T00:00:00+00:00, run_after=2025-08-19T00:00:00+00:00
[2025-08-19T18:38:16.098+0000] {processor.py:179} INFO - Processing /home/airflow/.local/lib/python3.8/site-packages/airflow/example_dags/example_branch_datetime_operator.py took 0.143 seconds
[2025-08-19T18:38:46.780+0000] {processor.py:157} INFO - Started process (PID=930) to work on /home/airflow/.local/lib/python3.8/site-packages/airflow/example_dags/example_branch_datetime_operator.py
[2025-08-19T18:38:46.783+0000] {processor.py:829} INFO - Processing file /home/airflow/.local/lib/python3.8/site-packages/airflow/example_dags/example_branch_datetime_operator.py for tasks to queue
[2025-08-19T18:38:46.786+0000] {logging_mixin.py:151} INFO - [2025-08-19T18:38:46.786+0000] {dagbag.py:536} INFO - Filling up the DagBag from /home/airflow/.local/lib/python3.8/site-packages/airflow/example_dags/example_branch_datetime_operator.py
[2025-08-19T18:38:46.803+0000] {processor.py:839} INFO - DAG(s) dict_keys(['example_branch_datetime_operator', 'example_branch_datetime_operator_3', 'example_branch_datetime_operator_2']) retrieved from /home/airflow/.local/lib/python3.8/site-packages/airflow/example_dags/example_branch_datetime_operator.py
[2025-08-19T18:38:46.850+0000] {logging_mixin.py:151} INFO - [2025-08-19T18:38:46.850+0000] {dag.py:2941} INFO - Sync 3 DAGs
[2025-08-19T18:38:46.886+0000] {logging_mixin.py:151} INFO - [2025-08-19T18:38:46.886+0000] {dag.py:3722} INFO - Setting next_dagrun for example_branch_datetime_operator to 2025-08-18T00:00:00+00:00, run_after=2025-08-19T00:00:00+00:00
[2025-08-19T18:38:46.897+0000] {logging_mixin.py:151} INFO - [2025-08-19T18:38:46.896+0000] {dag.py:3722} INFO - Setting next_dagrun for example_branch_datetime_operator_2 to 2025-08-18T00:00:00+00:00, run_after=2025-08-19T00:00:00+00:00
[2025-08-19T18:38:46.902+0000] {logging_mixin.py:151} INFO - [2025-08-19T18:38:46.902+0000] {dag.py:3722} INFO - Setting next_dagrun for example_branch_datetime_operator_3 to 2025-08-18T00:00:00+00:00, run_after=2025-08-19T00:00:00+00:00
[2025-08-19T18:38:46.933+0000] {processor.py:179} INFO - Processing /home/airflow/.local/lib/python3.8/site-packages/airflow/example_dags/example_branch_datetime_operator.py took 0.159 seconds
[2025-08-19T18:39:17.459+0000] {processor.py:157} INFO - Started process (PID=984) to work on /home/airflow/.local/lib/python3.8/site-packages/airflow/example_dags/example_branch_datetime_operator.py
[2025-08-19T18:39:17.464+0000] {processor.py:829} INFO - Processing file /home/airflow/.local/lib/python3.8/site-packages/airflow/example_dags/example_branch_datetime_operator.py for tasks to queue
[2025-08-19T18:39:17.468+0000] {logging_mixin.py:151} INFO - [2025-08-19T18:39:17.468+0000] {dagbag.py:536} INFO - Filling up the DagBag from /home/airflow/.local/lib/python3.8/site-packages/airflow/example_dags/example_branch_datetime_operator.py
[2025-08-19T18:39:17.492+0000] {processor.py:839} INFO - DAG(s) dict_keys(['example_branch_datetime_operator_2', 'example_branch_datetime_operator', 'example_branch_datetime_operator_3']) retrieved from /home/airflow/.local/lib/python3.8/site-packages/airflow/example_dags/example_branch_datetime_operator.py
[2025-08-19T18:39:17.544+0000] {logging_mixin.py:151} INFO - [2025-08-19T18:39:17.543+0000] {dag.py:2941} INFO - Sync 3 DAGs
[2025-08-19T18:39:17.574+0000] {logging_mixin.py:151} INFO - [2025-08-19T18:39:17.573+0000] {dag.py:3722} INFO - Setting next_dagrun for example_branch_datetime_operator to 2025-08-18T00:00:00+00:00, run_after=2025-08-19T00:00:00+00:00
[2025-08-19T18:39:17.579+0000] {logging_mixin.py:151} INFO - [2025-08-19T18:39:17.579+0000] {dag.py:3722} INFO - Setting next_dagrun for example_branch_datetime_operator_2 to 2025-08-18T00:00:00+00:00, run_after=2025-08-19T00:00:00+00:00
[2025-08-19T18:39:17.583+0000] {logging_mixin.py:151} INFO - [2025-08-19T18:39:17.582+0000] {dag.py:3722} INFO - Setting next_dagrun for example_branch_datetime_operator_3 to 2025-08-18T00:00:00+00:00, run_after=2025-08-19T00:00:00+00:00
[2025-08-19T18:39:17.610+0000] {processor.py:179} INFO - Processing /home/airflow/.local/lib/python3.8/site-packages/airflow/example_dags/example_branch_datetime_operator.py took 0.158 seconds
