[2025-08-19T18:23:08.694+0000] {processor.py:157} INFO - Started process (PID=121) to work on /home/airflow/.local/lib/python3.8/site-packages/airflow/example_dags/example_params_ui_tutorial.py
[2025-08-19T18:23:08.722+0000] {processor.py:829} INFO - Processing file /home/airflow/.local/lib/python3.8/site-packages/airflow/example_dags/example_params_ui_tutorial.py for tasks to queue
[2025-08-19T18:23:08.803+0000] {logging_mixin.py:151} INFO - [2025-08-19T18:23:08.802+0000] {dagbag.py:536} INFO - Filling up the DagBag from /home/airflow/.local/lib/python3.8/site-packages/airflow/example_dags/example_params_ui_tutorial.py
[2025-08-19T18:23:09.112+0000] {processor.py:839} INFO - DAG(s) dict_keys(['example_params_ui_tutorial']) retrieved from /home/airflow/.local/lib/python3.8/site-packages/airflow/example_dags/example_params_ui_tutorial.py
[2025-08-19T18:23:09.472+0000] {logging_mixin.py:151} INFO - [2025-08-19T18:23:09.471+0000] {dag.py:2941} INFO - Sync 1 DAGs
[2025-08-19T18:23:09.667+0000] {logging_mixin.py:151} INFO - [2025-08-19T18:23:09.667+0000] {dag.py:3722} INFO - Setting next_dagrun for example_params_ui_tutorial to None, run_after=None
[2025-08-19T18:23:09.830+0000] {processor.py:179} INFO - Processing /home/airflow/.local/lib/python3.8/site-packages/airflow/example_dags/example_params_ui_tutorial.py took 1.253 seconds
[2025-08-19T18:23:40.403+0000] {processor.py:157} INFO - Started process (PID=175) to work on /home/airflow/.local/lib/python3.8/site-packages/airflow/example_dags/example_params_ui_tutorial.py
[2025-08-19T18:23:40.405+0000] {processor.py:829} INFO - Processing file /home/airflow/.local/lib/python3.8/site-packages/airflow/example_dags/example_params_ui_tutorial.py for tasks to queue
[2025-08-19T18:23:40.408+0000] {logging_mixin.py:151} INFO - [2025-08-19T18:23:40.408+0000] {dagbag.py:536} INFO - Filling up the DagBag from /home/airflow/.local/lib/python3.8/site-packages/airflow/example_dags/example_params_ui_tutorial.py
[2025-08-19T18:23:40.450+0000] {processor.py:839} INFO - DAG(s) dict_keys(['example_params_ui_tutorial']) retrieved from /home/airflow/.local/lib/python3.8/site-packages/airflow/example_dags/example_params_ui_tutorial.py
[2025-08-19T18:23:40.518+0000] {logging_mixin.py:151} INFO - [2025-08-19T18:23:40.517+0000] {dag.py:2941} INFO - Sync 1 DAGs
[2025-08-19T18:23:40.536+0000] {logging_mixin.py:151} INFO - [2025-08-19T18:23:40.536+0000] {dag.py:3722} INFO - Setting next_dagrun for example_params_ui_tutorial to None, run_after=None
[2025-08-19T18:23:40.568+0000] {processor.py:179} INFO - Processing /home/airflow/.local/lib/python3.8/site-packages/airflow/example_dags/example_params_ui_tutorial.py took 0.169 seconds
[2025-08-19T18:24:10.815+0000] {processor.py:157} INFO - Started process (PID=229) to work on /home/airflow/.local/lib/python3.8/site-packages/airflow/example_dags/example_params_ui_tutorial.py
[2025-08-19T18:24:10.818+0000] {processor.py:829} INFO - Processing file /home/airflow/.local/lib/python3.8/site-packages/airflow/example_dags/example_params_ui_tutorial.py for tasks to queue
[2025-08-19T18:24:10.823+0000] {logging_mixin.py:151} INFO - [2025-08-19T18:24:10.822+0000] {dagbag.py:536} INFO - Filling up the DagBag from /home/airflow/.local/lib/python3.8/site-packages/airflow/example_dags/example_params_ui_tutorial.py
[2025-08-19T18:24:10.882+0000] {processor.py:839} INFO - DAG(s) dict_keys(['example_params_ui_tutorial']) retrieved from /home/airflow/.local/lib/python3.8/site-packages/airflow/example_dags/example_params_ui_tutorial.py
[2025-08-19T18:24:11.103+0000] {logging_mixin.py:151} INFO - [2025-08-19T18:24:11.102+0000] {dag.py:2941} INFO - Sync 1 DAGs
[2025-08-19T18:24:11.207+0000] {logging_mixin.py:151} INFO - [2025-08-19T18:24:11.206+0000] {dag.py:3722} INFO - Setting next_dagrun for example_params_ui_tutorial to None, run_after=None
[2025-08-19T18:24:11.295+0000] {processor.py:179} INFO - Processing /home/airflow/.local/lib/python3.8/site-packages/airflow/example_dags/example_params_ui_tutorial.py took 0.487 seconds
[2025-08-19T18:24:45.341+0000] {processor.py:157} INFO - Started process (PID=283) to work on /home/airflow/.local/lib/python3.8/site-packages/airflow/example_dags/example_params_ui_tutorial.py
[2025-08-19T18:24:45.344+0000] {processor.py:829} INFO - Processing file /home/airflow/.local/lib/python3.8/site-packages/airflow/example_dags/example_params_ui_tutorial.py for tasks to queue
[2025-08-19T18:24:45.352+0000] {logging_mixin.py:151} INFO - [2025-08-19T18:24:45.351+0000] {dagbag.py:536} INFO - Filling up the DagBag from /home/airflow/.local/lib/python3.8/site-packages/airflow/example_dags/example_params_ui_tutorial.py
[2025-08-19T18:24:45.464+0000] {processor.py:839} INFO - DAG(s) dict_keys(['example_params_ui_tutorial']) retrieved from /home/airflow/.local/lib/python3.8/site-packages/airflow/example_dags/example_params_ui_tutorial.py
[2025-08-19T18:24:45.687+0000] {logging_mixin.py:151} INFO - [2025-08-19T18:24:45.686+0000] {dag.py:2941} INFO - Sync 1 DAGs
[2025-08-19T18:24:45.763+0000] {logging_mixin.py:151} INFO - [2025-08-19T18:24:45.758+0000] {dag.py:3722} INFO - Setting next_dagrun for example_params_ui_tutorial to None, run_after=None
[2025-08-19T18:24:45.857+0000] {processor.py:179} INFO - Processing /home/airflow/.local/lib/python3.8/site-packages/airflow/example_dags/example_params_ui_tutorial.py took 0.528 seconds
[2025-08-19T18:25:16.514+0000] {processor.py:157} INFO - Started process (PID=337) to work on /home/airflow/.local/lib/python3.8/site-packages/airflow/example_dags/example_params_ui_tutorial.py
[2025-08-19T18:25:16.517+0000] {processor.py:829} INFO - Processing file /home/airflow/.local/lib/python3.8/site-packages/airflow/example_dags/example_params_ui_tutorial.py for tasks to queue
[2025-08-19T18:25:16.521+0000] {logging_mixin.py:151} INFO - [2025-08-19T18:25:16.521+0000] {dagbag.py:536} INFO - Filling up the DagBag from /home/airflow/.local/lib/python3.8/site-packages/airflow/example_dags/example_params_ui_tutorial.py
[2025-08-19T18:25:16.623+0000] {processor.py:839} INFO - DAG(s) dict_keys(['example_params_ui_tutorial']) retrieved from /home/airflow/.local/lib/python3.8/site-packages/airflow/example_dags/example_params_ui_tutorial.py
[2025-08-19T18:25:16.725+0000] {logging_mixin.py:151} INFO - [2025-08-19T18:25:16.725+0000] {dag.py:2941} INFO - Sync 1 DAGs
[2025-08-19T18:25:16.754+0000] {logging_mixin.py:151} INFO - [2025-08-19T18:25:16.754+0000] {dag.py:3722} INFO - Setting next_dagrun for example_params_ui_tutorial to None, run_after=None
[2025-08-19T18:25:16.785+0000] {processor.py:179} INFO - Processing /home/airflow/.local/lib/python3.8/site-packages/airflow/example_dags/example_params_ui_tutorial.py took 0.277 seconds
[2025-08-19T18:25:47.263+0000] {processor.py:157} INFO - Started process (PID=391) to work on /home/airflow/.local/lib/python3.8/site-packages/airflow/example_dags/example_params_ui_tutorial.py
[2025-08-19T18:25:47.265+0000] {processor.py:829} INFO - Processing file /home/airflow/.local/lib/python3.8/site-packages/airflow/example_dags/example_params_ui_tutorial.py for tasks to queue
[2025-08-19T18:25:47.270+0000] {logging_mixin.py:151} INFO - [2025-08-19T18:25:47.269+0000] {dagbag.py:536} INFO - Filling up the DagBag from /home/airflow/.local/lib/python3.8/site-packages/airflow/example_dags/example_params_ui_tutorial.py
[2025-08-19T18:25:47.356+0000] {processor.py:839} INFO - DAG(s) dict_keys(['example_params_ui_tutorial']) retrieved from /home/airflow/.local/lib/python3.8/site-packages/airflow/example_dags/example_params_ui_tutorial.py
[2025-08-19T18:25:47.479+0000] {logging_mixin.py:151} INFO - [2025-08-19T18:25:47.479+0000] {dag.py:2941} INFO - Sync 1 DAGs
[2025-08-19T18:25:47.510+0000] {logging_mixin.py:151} INFO - [2025-08-19T18:25:47.509+0000] {dag.py:3722} INFO - Setting next_dagrun for example_params_ui_tutorial to None, run_after=None
[2025-08-19T18:25:47.545+0000] {processor.py:179} INFO - Processing /home/airflow/.local/lib/python3.8/site-packages/airflow/example_dags/example_params_ui_tutorial.py took 0.290 seconds
[2025-08-19T18:26:21.387+0000] {processor.py:157} INFO - Started process (PID=446) to work on /home/airflow/.local/lib/python3.8/site-packages/airflow/example_dags/example_params_ui_tutorial.py
[2025-08-19T18:26:21.402+0000] {processor.py:829} INFO - Processing file /home/airflow/.local/lib/python3.8/site-packages/airflow/example_dags/example_params_ui_tutorial.py for tasks to queue
[2025-08-19T18:26:21.420+0000] {logging_mixin.py:151} INFO - [2025-08-19T18:26:21.410+0000] {dagbag.py:536} INFO - Filling up the DagBag from /home/airflow/.local/lib/python3.8/site-packages/airflow/example_dags/example_params_ui_tutorial.py
[2025-08-19T18:26:21.704+0000] {processor.py:839} INFO - DAG(s) dict_keys(['example_params_ui_tutorial']) retrieved from /home/airflow/.local/lib/python3.8/site-packages/airflow/example_dags/example_params_ui_tutorial.py
[2025-08-19T18:26:21.950+0000] {logging_mixin.py:151} INFO - [2025-08-19T18:26:21.950+0000] {dag.py:2941} INFO - Sync 1 DAGs
[2025-08-19T18:26:22.038+0000] {logging_mixin.py:151} INFO - [2025-08-19T18:26:22.037+0000] {dag.py:3722} INFO - Setting next_dagrun for example_params_ui_tutorial to None, run_after=None
[2025-08-19T18:26:22.190+0000] {processor.py:179} INFO - Processing /home/airflow/.local/lib/python3.8/site-packages/airflow/example_dags/example_params_ui_tutorial.py took 0.847 seconds
[2025-08-19T18:26:52.748+0000] {processor.py:157} INFO - Started process (PID=500) to work on /home/airflow/.local/lib/python3.8/site-packages/airflow/example_dags/example_params_ui_tutorial.py
[2025-08-19T18:26:52.750+0000] {processor.py:829} INFO - Processing file /home/airflow/.local/lib/python3.8/site-packages/airflow/example_dags/example_params_ui_tutorial.py for tasks to queue
[2025-08-19T18:26:52.754+0000] {logging_mixin.py:151} INFO - [2025-08-19T18:26:52.753+0000] {dagbag.py:536} INFO - Filling up the DagBag from /home/airflow/.local/lib/python3.8/site-packages/airflow/example_dags/example_params_ui_tutorial.py
[2025-08-19T18:26:52.996+0000] {processor.py:839} INFO - DAG(s) dict_keys(['example_params_ui_tutorial']) retrieved from /home/airflow/.local/lib/python3.8/site-packages/airflow/example_dags/example_params_ui_tutorial.py
[2025-08-19T18:26:53.193+0000] {logging_mixin.py:151} INFO - [2025-08-19T18:26:53.192+0000] {dag.py:2941} INFO - Sync 1 DAGs
[2025-08-19T18:26:53.234+0000] {logging_mixin.py:151} INFO - [2025-08-19T18:26:53.233+0000] {dag.py:3722} INFO - Setting next_dagrun for example_params_ui_tutorial to None, run_after=None
[2025-08-19T18:26:53.289+0000] {processor.py:179} INFO - Processing /home/airflow/.local/lib/python3.8/site-packages/airflow/example_dags/example_params_ui_tutorial.py took 0.550 seconds
[2025-08-19T18:27:23.392+0000] {processor.py:157} INFO - Started process (PID=554) to work on /home/airflow/.local/lib/python3.8/site-packages/airflow/example_dags/example_params_ui_tutorial.py
[2025-08-19T18:27:23.394+0000] {processor.py:829} INFO - Processing file /home/airflow/.local/lib/python3.8/site-packages/airflow/example_dags/example_params_ui_tutorial.py for tasks to queue
[2025-08-19T18:27:23.399+0000] {logging_mixin.py:151} INFO - [2025-08-19T18:27:23.398+0000] {dagbag.py:536} INFO - Filling up the DagBag from /home/airflow/.local/lib/python3.8/site-packages/airflow/example_dags/example_params_ui_tutorial.py
[2025-08-19T18:27:23.467+0000] {processor.py:839} INFO - DAG(s) dict_keys(['example_params_ui_tutorial']) retrieved from /home/airflow/.local/lib/python3.8/site-packages/airflow/example_dags/example_params_ui_tutorial.py
[2025-08-19T18:27:23.572+0000] {logging_mixin.py:151} INFO - [2025-08-19T18:27:23.572+0000] {dag.py:2941} INFO - Sync 1 DAGs
[2025-08-19T18:27:23.603+0000] {logging_mixin.py:151} INFO - [2025-08-19T18:27:23.603+0000] {dag.py:3722} INFO - Setting next_dagrun for example_params_ui_tutorial to None, run_after=None
[2025-08-19T18:27:23.649+0000] {processor.py:179} INFO - Processing /home/airflow/.local/lib/python3.8/site-packages/airflow/example_dags/example_params_ui_tutorial.py took 0.263 seconds
[2025-08-19T18:27:54.162+0000] {processor.py:157} INFO - Started process (PID=608) to work on /home/airflow/.local/lib/python3.8/site-packages/airflow/example_dags/example_params_ui_tutorial.py
[2025-08-19T18:27:54.163+0000] {processor.py:829} INFO - Processing file /home/airflow/.local/lib/python3.8/site-packages/airflow/example_dags/example_params_ui_tutorial.py for tasks to queue
[2025-08-19T18:27:54.166+0000] {logging_mixin.py:151} INFO - [2025-08-19T18:27:54.166+0000] {dagbag.py:536} INFO - Filling up the DagBag from /home/airflow/.local/lib/python3.8/site-packages/airflow/example_dags/example_params_ui_tutorial.py
[2025-08-19T18:27:54.206+0000] {processor.py:839} INFO - DAG(s) dict_keys(['example_params_ui_tutorial']) retrieved from /home/airflow/.local/lib/python3.8/site-packages/airflow/example_dags/example_params_ui_tutorial.py
[2025-08-19T18:27:54.276+0000] {logging_mixin.py:151} INFO - [2025-08-19T18:27:54.276+0000] {dag.py:2941} INFO - Sync 1 DAGs
[2025-08-19T18:27:54.300+0000] {logging_mixin.py:151} INFO - [2025-08-19T18:27:54.300+0000] {dag.py:3722} INFO - Setting next_dagrun for example_params_ui_tutorial to None, run_after=None
[2025-08-19T18:27:54.341+0000] {processor.py:179} INFO - Processing /home/airflow/.local/lib/python3.8/site-packages/airflow/example_dags/example_params_ui_tutorial.py took 0.184 seconds
[2025-08-19T18:28:24.939+0000] {processor.py:157} INFO - Started process (PID=660) to work on /home/airflow/.local/lib/python3.8/site-packages/airflow/example_dags/example_params_ui_tutorial.py
[2025-08-19T18:28:24.941+0000] {processor.py:829} INFO - Processing file /home/airflow/.local/lib/python3.8/site-packages/airflow/example_dags/example_params_ui_tutorial.py for tasks to queue
[2025-08-19T18:28:24.944+0000] {logging_mixin.py:151} INFO - [2025-08-19T18:28:24.943+0000] {dagbag.py:536} INFO - Filling up the DagBag from /home/airflow/.local/lib/python3.8/site-packages/airflow/example_dags/example_params_ui_tutorial.py
[2025-08-19T18:28:24.989+0000] {processor.py:839} INFO - DAG(s) dict_keys(['example_params_ui_tutorial']) retrieved from /home/airflow/.local/lib/python3.8/site-packages/airflow/example_dags/example_params_ui_tutorial.py
[2025-08-19T18:28:25.053+0000] {logging_mixin.py:151} INFO - [2025-08-19T18:28:25.052+0000] {dag.py:2941} INFO - Sync 1 DAGs
[2025-08-19T18:28:25.069+0000] {logging_mixin.py:151} INFO - [2025-08-19T18:28:25.069+0000] {dag.py:3722} INFO - Setting next_dagrun for example_params_ui_tutorial to None, run_after=None
[2025-08-19T18:28:25.096+0000] {processor.py:179} INFO - Processing /home/airflow/.local/lib/python3.8/site-packages/airflow/example_dags/example_params_ui_tutorial.py took 0.163 seconds
[2025-08-19T18:28:55.518+0000] {processor.py:157} INFO - Started process (PID=707) to work on /home/airflow/.local/lib/python3.8/site-packages/airflow/example_dags/example_params_ui_tutorial.py
[2025-08-19T18:28:55.527+0000] {processor.py:829} INFO - Processing file /home/airflow/.local/lib/python3.8/site-packages/airflow/example_dags/example_params_ui_tutorial.py for tasks to queue
[2025-08-19T18:28:55.532+0000] {logging_mixin.py:151} INFO - [2025-08-19T18:28:55.531+0000] {dagbag.py:536} INFO - Filling up the DagBag from /home/airflow/.local/lib/python3.8/site-packages/airflow/example_dags/example_params_ui_tutorial.py
[2025-08-19T18:28:55.621+0000] {processor.py:839} INFO - DAG(s) dict_keys(['example_params_ui_tutorial']) retrieved from /home/airflow/.local/lib/python3.8/site-packages/airflow/example_dags/example_params_ui_tutorial.py
[2025-08-19T18:28:55.739+0000] {logging_mixin.py:151} INFO - [2025-08-19T18:28:55.738+0000] {dag.py:2941} INFO - Sync 1 DAGs
[2025-08-19T18:28:55.767+0000] {logging_mixin.py:151} INFO - [2025-08-19T18:28:55.766+0000] {dag.py:3722} INFO - Setting next_dagrun for example_params_ui_tutorial to None, run_after=None
[2025-08-19T18:28:55.810+0000] {processor.py:179} INFO - Processing /home/airflow/.local/lib/python3.8/site-packages/airflow/example_dags/example_params_ui_tutorial.py took 0.296 seconds
[2025-08-19T18:29:25.899+0000] {processor.py:157} INFO - Started process (PID=761) to work on /home/airflow/.local/lib/python3.8/site-packages/airflow/example_dags/example_params_ui_tutorial.py
[2025-08-19T18:29:25.901+0000] {processor.py:829} INFO - Processing file /home/airflow/.local/lib/python3.8/site-packages/airflow/example_dags/example_params_ui_tutorial.py for tasks to queue
[2025-08-19T18:29:25.904+0000] {logging_mixin.py:151} INFO - [2025-08-19T18:29:25.904+0000] {dagbag.py:536} INFO - Filling up the DagBag from /home/airflow/.local/lib/python3.8/site-packages/airflow/example_dags/example_params_ui_tutorial.py
[2025-08-19T18:29:25.961+0000] {processor.py:839} INFO - DAG(s) dict_keys(['example_params_ui_tutorial']) retrieved from /home/airflow/.local/lib/python3.8/site-packages/airflow/example_dags/example_params_ui_tutorial.py
[2025-08-19T18:29:26.041+0000] {logging_mixin.py:151} INFO - [2025-08-19T18:29:26.040+0000] {dag.py:2941} INFO - Sync 1 DAGs
[2025-08-19T18:29:26.059+0000] {logging_mixin.py:151} INFO - [2025-08-19T18:29:26.059+0000] {dag.py:3722} INFO - Setting next_dagrun for example_params_ui_tutorial to None, run_after=None
[2025-08-19T18:29:26.094+0000] {processor.py:179} INFO - Processing /home/airflow/.local/lib/python3.8/site-packages/airflow/example_dags/example_params_ui_tutorial.py took 0.200 seconds
[2025-08-19T18:29:57.530+0000] {processor.py:157} INFO - Started process (PID=815) to work on /home/airflow/.local/lib/python3.8/site-packages/airflow/example_dags/example_params_ui_tutorial.py
[2025-08-19T18:29:57.535+0000] {processor.py:829} INFO - Processing file /home/airflow/.local/lib/python3.8/site-packages/airflow/example_dags/example_params_ui_tutorial.py for tasks to queue
[2025-08-19T18:29:57.542+0000] {logging_mixin.py:151} INFO - [2025-08-19T18:29:57.540+0000] {dagbag.py:536} INFO - Filling up the DagBag from /home/airflow/.local/lib/python3.8/site-packages/airflow/example_dags/example_params_ui_tutorial.py
[2025-08-19T18:29:57.767+0000] {processor.py:839} INFO - DAG(s) dict_keys(['example_params_ui_tutorial']) retrieved from /home/airflow/.local/lib/python3.8/site-packages/airflow/example_dags/example_params_ui_tutorial.py
[2025-08-19T18:29:57.976+0000] {logging_mixin.py:151} INFO - [2025-08-19T18:29:57.975+0000] {dag.py:2941} INFO - Sync 1 DAGs
[2025-08-19T18:29:58.128+0000] {logging_mixin.py:151} INFO - [2025-08-19T18:29:58.127+0000] {dag.py:3722} INFO - Setting next_dagrun for example_params_ui_tutorial to None, run_after=None
[2025-08-19T18:29:58.182+0000] {processor.py:179} INFO - Processing /home/airflow/.local/lib/python3.8/site-packages/airflow/example_dags/example_params_ui_tutorial.py took 0.674 seconds
[2025-08-19T18:30:58.014+0000] {processor.py:157} INFO - Started process (PID=112) to work on /home/airflow/.local/lib/python3.8/site-packages/airflow/example_dags/example_params_ui_tutorial.py
[2025-08-19T18:30:58.016+0000] {processor.py:829} INFO - Processing file /home/airflow/.local/lib/python3.8/site-packages/airflow/example_dags/example_params_ui_tutorial.py for tasks to queue
[2025-08-19T18:30:58.025+0000] {logging_mixin.py:151} INFO - [2025-08-19T18:30:58.024+0000] {dagbag.py:536} INFO - Filling up the DagBag from /home/airflow/.local/lib/python3.8/site-packages/airflow/example_dags/example_params_ui_tutorial.py
[2025-08-19T18:30:58.262+0000] {processor.py:839} INFO - DAG(s) dict_keys(['example_params_ui_tutorial']) retrieved from /home/airflow/.local/lib/python3.8/site-packages/airflow/example_dags/example_params_ui_tutorial.py
[2025-08-19T18:30:58.681+0000] {logging_mixin.py:151} INFO - [2025-08-19T18:30:58.680+0000] {dag.py:2941} INFO - Sync 1 DAGs
[2025-08-19T18:30:58.717+0000] {logging_mixin.py:151} INFO - [2025-08-19T18:30:58.717+0000] {dag.py:3722} INFO - Setting next_dagrun for example_params_ui_tutorial to None, run_after=None
[2025-08-19T18:30:58.780+0000] {processor.py:179} INFO - Processing /home/airflow/.local/lib/python3.8/site-packages/airflow/example_dags/example_params_ui_tutorial.py took 0.791 seconds
[2025-08-19T18:31:28.835+0000] {processor.py:157} INFO - Started process (PID=167) to work on /home/airflow/.local/lib/python3.8/site-packages/airflow/example_dags/example_params_ui_tutorial.py
[2025-08-19T18:31:28.842+0000] {processor.py:829} INFO - Processing file /home/airflow/.local/lib/python3.8/site-packages/airflow/example_dags/example_params_ui_tutorial.py for tasks to queue
[2025-08-19T18:31:28.847+0000] {logging_mixin.py:151} INFO - [2025-08-19T18:31:28.846+0000] {dagbag.py:536} INFO - Filling up the DagBag from /home/airflow/.local/lib/python3.8/site-packages/airflow/example_dags/example_params_ui_tutorial.py
[2025-08-19T18:31:28.915+0000] {processor.py:839} INFO - DAG(s) dict_keys(['example_params_ui_tutorial']) retrieved from /home/airflow/.local/lib/python3.8/site-packages/airflow/example_dags/example_params_ui_tutorial.py
[2025-08-19T18:31:29.015+0000] {logging_mixin.py:151} INFO - [2025-08-19T18:31:29.015+0000] {dag.py:2941} INFO - Sync 1 DAGs
[2025-08-19T18:31:29.045+0000] {logging_mixin.py:151} INFO - [2025-08-19T18:31:29.044+0000] {dag.py:3722} INFO - Setting next_dagrun for example_params_ui_tutorial to None, run_after=None
[2025-08-19T18:31:29.095+0000] {processor.py:179} INFO - Processing /home/airflow/.local/lib/python3.8/site-packages/airflow/example_dags/example_params_ui_tutorial.py took 0.268 seconds
[2025-08-19T18:31:59.594+0000] {processor.py:157} INFO - Started process (PID=221) to work on /home/airflow/.local/lib/python3.8/site-packages/airflow/example_dags/example_params_ui_tutorial.py
[2025-08-19T18:31:59.597+0000] {processor.py:829} INFO - Processing file /home/airflow/.local/lib/python3.8/site-packages/airflow/example_dags/example_params_ui_tutorial.py for tasks to queue
[2025-08-19T18:31:59.600+0000] {logging_mixin.py:151} INFO - [2025-08-19T18:31:59.600+0000] {dagbag.py:536} INFO - Filling up the DagBag from /home/airflow/.local/lib/python3.8/site-packages/airflow/example_dags/example_params_ui_tutorial.py
[2025-08-19T18:31:59.660+0000] {processor.py:839} INFO - DAG(s) dict_keys(['example_params_ui_tutorial']) retrieved from /home/airflow/.local/lib/python3.8/site-packages/airflow/example_dags/example_params_ui_tutorial.py
[2025-08-19T18:31:59.740+0000] {logging_mixin.py:151} INFO - [2025-08-19T18:31:59.739+0000] {dag.py:2941} INFO - Sync 1 DAGs
[2025-08-19T18:31:59.765+0000] {logging_mixin.py:151} INFO - [2025-08-19T18:31:59.765+0000] {dag.py:3722} INFO - Setting next_dagrun for example_params_ui_tutorial to None, run_after=None
[2025-08-19T18:31:59.811+0000] {processor.py:179} INFO - Processing /home/airflow/.local/lib/python3.8/site-packages/airflow/example_dags/example_params_ui_tutorial.py took 0.228 seconds
[2025-08-19T18:32:30.415+0000] {processor.py:157} INFO - Started process (PID=268) to work on /home/airflow/.local/lib/python3.8/site-packages/airflow/example_dags/example_params_ui_tutorial.py
[2025-08-19T18:32:30.418+0000] {processor.py:829} INFO - Processing file /home/airflow/.local/lib/python3.8/site-packages/airflow/example_dags/example_params_ui_tutorial.py for tasks to queue
[2025-08-19T18:32:30.430+0000] {logging_mixin.py:151} INFO - [2025-08-19T18:32:30.429+0000] {dagbag.py:536} INFO - Filling up the DagBag from /home/airflow/.local/lib/python3.8/site-packages/airflow/example_dags/example_params_ui_tutorial.py
[2025-08-19T18:32:30.492+0000] {processor.py:839} INFO - DAG(s) dict_keys(['example_params_ui_tutorial']) retrieved from /home/airflow/.local/lib/python3.8/site-packages/airflow/example_dags/example_params_ui_tutorial.py
[2025-08-19T18:32:30.568+0000] {logging_mixin.py:151} INFO - [2025-08-19T18:32:30.568+0000] {dag.py:2941} INFO - Sync 1 DAGs
[2025-08-19T18:32:30.590+0000] {logging_mixin.py:151} INFO - [2025-08-19T18:32:30.590+0000] {dag.py:3722} INFO - Setting next_dagrun for example_params_ui_tutorial to None, run_after=None
[2025-08-19T18:32:30.635+0000] {processor.py:179} INFO - Processing /home/airflow/.local/lib/python3.8/site-packages/airflow/example_dags/example_params_ui_tutorial.py took 0.227 seconds
[2025-08-19T18:33:00.920+0000] {processor.py:157} INFO - Started process (PID=322) to work on /home/airflow/.local/lib/python3.8/site-packages/airflow/example_dags/example_params_ui_tutorial.py
[2025-08-19T18:33:00.925+0000] {processor.py:829} INFO - Processing file /home/airflow/.local/lib/python3.8/site-packages/airflow/example_dags/example_params_ui_tutorial.py for tasks to queue
[2025-08-19T18:33:00.932+0000] {logging_mixin.py:151} INFO - [2025-08-19T18:33:00.932+0000] {dagbag.py:536} INFO - Filling up the DagBag from /home/airflow/.local/lib/python3.8/site-packages/airflow/example_dags/example_params_ui_tutorial.py
[2025-08-19T18:33:01.046+0000] {processor.py:839} INFO - DAG(s) dict_keys(['example_params_ui_tutorial']) retrieved from /home/airflow/.local/lib/python3.8/site-packages/airflow/example_dags/example_params_ui_tutorial.py
[2025-08-19T18:33:01.173+0000] {logging_mixin.py:151} INFO - [2025-08-19T18:33:01.173+0000] {dag.py:2941} INFO - Sync 1 DAGs
[2025-08-19T18:33:01.197+0000] {logging_mixin.py:151} INFO - [2025-08-19T18:33:01.196+0000] {dag.py:3722} INFO - Setting next_dagrun for example_params_ui_tutorial to None, run_after=None
[2025-08-19T18:33:01.239+0000] {processor.py:179} INFO - Processing /home/airflow/.local/lib/python3.8/site-packages/airflow/example_dags/example_params_ui_tutorial.py took 0.333 seconds
[2025-08-19T18:33:31.584+0000] {processor.py:157} INFO - Started process (PID=376) to work on /home/airflow/.local/lib/python3.8/site-packages/airflow/example_dags/example_params_ui_tutorial.py
[2025-08-19T18:33:31.586+0000] {processor.py:829} INFO - Processing file /home/airflow/.local/lib/python3.8/site-packages/airflow/example_dags/example_params_ui_tutorial.py for tasks to queue
[2025-08-19T18:33:31.590+0000] {logging_mixin.py:151} INFO - [2025-08-19T18:33:31.589+0000] {dagbag.py:536} INFO - Filling up the DagBag from /home/airflow/.local/lib/python3.8/site-packages/airflow/example_dags/example_params_ui_tutorial.py
[2025-08-19T18:33:31.641+0000] {processor.py:839} INFO - DAG(s) dict_keys(['example_params_ui_tutorial']) retrieved from /home/airflow/.local/lib/python3.8/site-packages/airflow/example_dags/example_params_ui_tutorial.py
[2025-08-19T18:33:31.722+0000] {logging_mixin.py:151} INFO - [2025-08-19T18:33:31.721+0000] {dag.py:2941} INFO - Sync 1 DAGs
[2025-08-19T18:33:31.759+0000] {logging_mixin.py:151} INFO - [2025-08-19T18:33:31.758+0000] {dag.py:3722} INFO - Setting next_dagrun for example_params_ui_tutorial to None, run_after=None
[2025-08-19T18:33:31.804+0000] {processor.py:179} INFO - Processing /home/airflow/.local/lib/python3.8/site-packages/airflow/example_dags/example_params_ui_tutorial.py took 0.226 seconds
[2025-08-19T18:34:02.395+0000] {processor.py:157} INFO - Started process (PID=430) to work on /home/airflow/.local/lib/python3.8/site-packages/airflow/example_dags/example_params_ui_tutorial.py
[2025-08-19T18:34:02.398+0000] {processor.py:829} INFO - Processing file /home/airflow/.local/lib/python3.8/site-packages/airflow/example_dags/example_params_ui_tutorial.py for tasks to queue
[2025-08-19T18:34:02.401+0000] {logging_mixin.py:151} INFO - [2025-08-19T18:34:02.401+0000] {dagbag.py:536} INFO - Filling up the DagBag from /home/airflow/.local/lib/python3.8/site-packages/airflow/example_dags/example_params_ui_tutorial.py
[2025-08-19T18:34:02.456+0000] {processor.py:839} INFO - DAG(s) dict_keys(['example_params_ui_tutorial']) retrieved from /home/airflow/.local/lib/python3.8/site-packages/airflow/example_dags/example_params_ui_tutorial.py
[2025-08-19T18:34:02.529+0000] {logging_mixin.py:151} INFO - [2025-08-19T18:34:02.528+0000] {dag.py:2941} INFO - Sync 1 DAGs
[2025-08-19T18:34:02.550+0000] {logging_mixin.py:151} INFO - [2025-08-19T18:34:02.549+0000] {dag.py:3722} INFO - Setting next_dagrun for example_params_ui_tutorial to None, run_after=None
[2025-08-19T18:34:02.583+0000] {processor.py:179} INFO - Processing /home/airflow/.local/lib/python3.8/site-packages/airflow/example_dags/example_params_ui_tutorial.py took 0.194 seconds
[2025-08-19T18:34:33.403+0000] {processor.py:157} INFO - Started process (PID=484) to work on /home/airflow/.local/lib/python3.8/site-packages/airflow/example_dags/example_params_ui_tutorial.py
[2025-08-19T18:34:33.405+0000] {processor.py:829} INFO - Processing file /home/airflow/.local/lib/python3.8/site-packages/airflow/example_dags/example_params_ui_tutorial.py for tasks to queue
[2025-08-19T18:34:33.408+0000] {logging_mixin.py:151} INFO - [2025-08-19T18:34:33.407+0000] {dagbag.py:536} INFO - Filling up the DagBag from /home/airflow/.local/lib/python3.8/site-packages/airflow/example_dags/example_params_ui_tutorial.py
[2025-08-19T18:34:33.454+0000] {processor.py:839} INFO - DAG(s) dict_keys(['example_params_ui_tutorial']) retrieved from /home/airflow/.local/lib/python3.8/site-packages/airflow/example_dags/example_params_ui_tutorial.py
[2025-08-19T18:34:33.521+0000] {logging_mixin.py:151} INFO - [2025-08-19T18:34:33.521+0000] {dag.py:2941} INFO - Sync 1 DAGs
[2025-08-19T18:34:33.542+0000] {logging_mixin.py:151} INFO - [2025-08-19T18:34:33.542+0000] {dag.py:3722} INFO - Setting next_dagrun for example_params_ui_tutorial to None, run_after=None
[2025-08-19T18:34:33.583+0000] {processor.py:179} INFO - Processing /home/airflow/.local/lib/python3.8/site-packages/airflow/example_dags/example_params_ui_tutorial.py took 0.187 seconds
[2025-08-19T18:35:03.851+0000] {processor.py:157} INFO - Started process (PID=538) to work on /home/airflow/.local/lib/python3.8/site-packages/airflow/example_dags/example_params_ui_tutorial.py
[2025-08-19T18:35:03.854+0000] {processor.py:829} INFO - Processing file /home/airflow/.local/lib/python3.8/site-packages/airflow/example_dags/example_params_ui_tutorial.py for tasks to queue
[2025-08-19T18:35:03.858+0000] {logging_mixin.py:151} INFO - [2025-08-19T18:35:03.858+0000] {dagbag.py:536} INFO - Filling up the DagBag from /home/airflow/.local/lib/python3.8/site-packages/airflow/example_dags/example_params_ui_tutorial.py
[2025-08-19T18:35:03.924+0000] {processor.py:839} INFO - DAG(s) dict_keys(['example_params_ui_tutorial']) retrieved from /home/airflow/.local/lib/python3.8/site-packages/airflow/example_dags/example_params_ui_tutorial.py
[2025-08-19T18:35:04.024+0000] {logging_mixin.py:151} INFO - [2025-08-19T18:35:04.024+0000] {dag.py:2941} INFO - Sync 1 DAGs
[2025-08-19T18:35:04.051+0000] {logging_mixin.py:151} INFO - [2025-08-19T18:35:04.051+0000] {dag.py:3722} INFO - Setting next_dagrun for example_params_ui_tutorial to None, run_after=None
[2025-08-19T18:35:04.086+0000] {processor.py:179} INFO - Processing /home/airflow/.local/lib/python3.8/site-packages/airflow/example_dags/example_params_ui_tutorial.py took 0.242 seconds
[2025-08-19T18:35:34.435+0000] {processor.py:157} INFO - Started process (PID=592) to work on /home/airflow/.local/lib/python3.8/site-packages/airflow/example_dags/example_params_ui_tutorial.py
[2025-08-19T18:35:34.437+0000] {processor.py:829} INFO - Processing file /home/airflow/.local/lib/python3.8/site-packages/airflow/example_dags/example_params_ui_tutorial.py for tasks to queue
[2025-08-19T18:35:34.441+0000] {logging_mixin.py:151} INFO - [2025-08-19T18:35:34.440+0000] {dagbag.py:536} INFO - Filling up the DagBag from /home/airflow/.local/lib/python3.8/site-packages/airflow/example_dags/example_params_ui_tutorial.py
[2025-08-19T18:35:34.495+0000] {processor.py:839} INFO - DAG(s) dict_keys(['example_params_ui_tutorial']) retrieved from /home/airflow/.local/lib/python3.8/site-packages/airflow/example_dags/example_params_ui_tutorial.py
[2025-08-19T18:35:34.586+0000] {logging_mixin.py:151} INFO - [2025-08-19T18:35:34.585+0000] {dag.py:2941} INFO - Sync 1 DAGs
[2025-08-19T18:35:34.616+0000] {logging_mixin.py:151} INFO - [2025-08-19T18:35:34.616+0000] {dag.py:3722} INFO - Setting next_dagrun for example_params_ui_tutorial to None, run_after=None
[2025-08-19T18:35:34.664+0000] {processor.py:179} INFO - Processing /home/airflow/.local/lib/python3.8/site-packages/airflow/example_dags/example_params_ui_tutorial.py took 0.235 seconds
[2025-08-19T18:36:05.963+0000] {processor.py:157} INFO - Started process (PID=646) to work on /home/airflow/.local/lib/python3.8/site-packages/airflow/example_dags/example_params_ui_tutorial.py
[2025-08-19T18:36:05.967+0000] {processor.py:829} INFO - Processing file /home/airflow/.local/lib/python3.8/site-packages/airflow/example_dags/example_params_ui_tutorial.py for tasks to queue
[2025-08-19T18:36:05.977+0000] {logging_mixin.py:151} INFO - [2025-08-19T18:36:05.976+0000] {dagbag.py:536} INFO - Filling up the DagBag from /home/airflow/.local/lib/python3.8/site-packages/airflow/example_dags/example_params_ui_tutorial.py
[2025-08-19T18:36:06.066+0000] {processor.py:839} INFO - DAG(s) dict_keys(['example_params_ui_tutorial']) retrieved from /home/airflow/.local/lib/python3.8/site-packages/airflow/example_dags/example_params_ui_tutorial.py
[2025-08-19T18:36:06.186+0000] {logging_mixin.py:151} INFO - [2025-08-19T18:36:06.186+0000] {dag.py:2941} INFO - Sync 1 DAGs
[2025-08-19T18:36:06.211+0000] {logging_mixin.py:151} INFO - [2025-08-19T18:36:06.210+0000] {dag.py:3722} INFO - Setting next_dagrun for example_params_ui_tutorial to None, run_after=None
[2025-08-19T18:36:06.252+0000] {processor.py:179} INFO - Processing /home/airflow/.local/lib/python3.8/site-packages/airflow/example_dags/example_params_ui_tutorial.py took 0.300 seconds
[2025-08-19T18:36:36.548+0000] {processor.py:157} INFO - Started process (PID=700) to work on /home/airflow/.local/lib/python3.8/site-packages/airflow/example_dags/example_params_ui_tutorial.py
[2025-08-19T18:36:36.550+0000] {processor.py:829} INFO - Processing file /home/airflow/.local/lib/python3.8/site-packages/airflow/example_dags/example_params_ui_tutorial.py for tasks to queue
[2025-08-19T18:36:36.554+0000] {logging_mixin.py:151} INFO - [2025-08-19T18:36:36.554+0000] {dagbag.py:536} INFO - Filling up the DagBag from /home/airflow/.local/lib/python3.8/site-packages/airflow/example_dags/example_params_ui_tutorial.py
[2025-08-19T18:36:36.608+0000] {processor.py:839} INFO - DAG(s) dict_keys(['example_params_ui_tutorial']) retrieved from /home/airflow/.local/lib/python3.8/site-packages/airflow/example_dags/example_params_ui_tutorial.py
[2025-08-19T18:36:36.692+0000] {logging_mixin.py:151} INFO - [2025-08-19T18:36:36.692+0000] {dag.py:2941} INFO - Sync 1 DAGs
[2025-08-19T18:36:36.720+0000] {logging_mixin.py:151} INFO - [2025-08-19T18:36:36.720+0000] {dag.py:3722} INFO - Setting next_dagrun for example_params_ui_tutorial to None, run_after=None
[2025-08-19T18:36:36.761+0000] {processor.py:179} INFO - Processing /home/airflow/.local/lib/python3.8/site-packages/airflow/example_dags/example_params_ui_tutorial.py took 0.223 seconds
[2025-08-19T18:37:10.165+0000] {processor.py:157} INFO - Started process (PID=754) to work on /home/airflow/.local/lib/python3.8/site-packages/airflow/example_dags/example_params_ui_tutorial.py
[2025-08-19T18:37:10.168+0000] {processor.py:829} INFO - Processing file /home/airflow/.local/lib/python3.8/site-packages/airflow/example_dags/example_params_ui_tutorial.py for tasks to queue
[2025-08-19T18:37:10.174+0000] {logging_mixin.py:151} INFO - [2025-08-19T18:37:10.172+0000] {dagbag.py:536} INFO - Filling up the DagBag from /home/airflow/.local/lib/python3.8/site-packages/airflow/example_dags/example_params_ui_tutorial.py
[2025-08-19T18:37:10.259+0000] {processor.py:839} INFO - DAG(s) dict_keys(['example_params_ui_tutorial']) retrieved from /home/airflow/.local/lib/python3.8/site-packages/airflow/example_dags/example_params_ui_tutorial.py
[2025-08-19T18:37:10.369+0000] {logging_mixin.py:151} INFO - [2025-08-19T18:37:10.369+0000] {dag.py:2941} INFO - Sync 1 DAGs
[2025-08-19T18:37:10.395+0000] {logging_mixin.py:151} INFO - [2025-08-19T18:37:10.395+0000] {dag.py:3722} INFO - Setting next_dagrun for example_params_ui_tutorial to None, run_after=None
[2025-08-19T18:37:10.436+0000] {processor.py:179} INFO - Processing /home/airflow/.local/lib/python3.8/site-packages/airflow/example_dags/example_params_ui_tutorial.py took 0.279 seconds
[2025-08-19T18:37:43.791+0000] {processor.py:157} INFO - Started process (PID=809) to work on /home/airflow/.local/lib/python3.8/site-packages/airflow/example_dags/example_params_ui_tutorial.py
[2025-08-19T18:37:43.795+0000] {processor.py:829} INFO - Processing file /home/airflow/.local/lib/python3.8/site-packages/airflow/example_dags/example_params_ui_tutorial.py for tasks to queue
[2025-08-19T18:37:43.802+0000] {logging_mixin.py:151} INFO - [2025-08-19T18:37:43.801+0000] {dagbag.py:536} INFO - Filling up the DagBag from /home/airflow/.local/lib/python3.8/site-packages/airflow/example_dags/example_params_ui_tutorial.py
[2025-08-19T18:37:43.936+0000] {processor.py:839} INFO - DAG(s) dict_keys(['example_params_ui_tutorial']) retrieved from /home/airflow/.local/lib/python3.8/site-packages/airflow/example_dags/example_params_ui_tutorial.py
[2025-08-19T18:37:44.199+0000] {logging_mixin.py:151} INFO - [2025-08-19T18:37:44.198+0000] {dag.py:2941} INFO - Sync 1 DAGs
[2025-08-19T18:37:44.256+0000] {logging_mixin.py:151} INFO - [2025-08-19T18:37:44.255+0000] {dag.py:3722} INFO - Setting next_dagrun for example_params_ui_tutorial to None, run_after=None
[2025-08-19T18:37:44.367+0000] {processor.py:179} INFO - Processing /home/airflow/.local/lib/python3.8/site-packages/airflow/example_dags/example_params_ui_tutorial.py took 0.590 seconds
[2025-08-19T18:38:14.934+0000] {processor.py:157} INFO - Started process (PID=863) to work on /home/airflow/.local/lib/python3.8/site-packages/airflow/example_dags/example_params_ui_tutorial.py
[2025-08-19T18:38:14.936+0000] {processor.py:829} INFO - Processing file /home/airflow/.local/lib/python3.8/site-packages/airflow/example_dags/example_params_ui_tutorial.py for tasks to queue
[2025-08-19T18:38:14.939+0000] {logging_mixin.py:151} INFO - [2025-08-19T18:38:14.938+0000] {dagbag.py:536} INFO - Filling up the DagBag from /home/airflow/.local/lib/python3.8/site-packages/airflow/example_dags/example_params_ui_tutorial.py
[2025-08-19T18:38:14.987+0000] {processor.py:839} INFO - DAG(s) dict_keys(['example_params_ui_tutorial']) retrieved from /home/airflow/.local/lib/python3.8/site-packages/airflow/example_dags/example_params_ui_tutorial.py
[2025-08-19T18:38:15.071+0000] {logging_mixin.py:151} INFO - [2025-08-19T18:38:15.070+0000] {dag.py:2941} INFO - Sync 1 DAGs
[2025-08-19T18:38:15.094+0000] {logging_mixin.py:151} INFO - [2025-08-19T18:38:15.094+0000] {dag.py:3722} INFO - Setting next_dagrun for example_params_ui_tutorial to None, run_after=None
[2025-08-19T18:38:15.127+0000] {processor.py:179} INFO - Processing /home/airflow/.local/lib/python3.8/site-packages/airflow/example_dags/example_params_ui_tutorial.py took 0.200 seconds
[2025-08-19T18:38:45.798+0000] {processor.py:157} INFO - Started process (PID=917) to work on /home/airflow/.local/lib/python3.8/site-packages/airflow/example_dags/example_params_ui_tutorial.py
[2025-08-19T18:38:45.799+0000] {processor.py:829} INFO - Processing file /home/airflow/.local/lib/python3.8/site-packages/airflow/example_dags/example_params_ui_tutorial.py for tasks to queue
[2025-08-19T18:38:45.801+0000] {logging_mixin.py:151} INFO - [2025-08-19T18:38:45.801+0000] {dagbag.py:536} INFO - Filling up the DagBag from /home/airflow/.local/lib/python3.8/site-packages/airflow/example_dags/example_params_ui_tutorial.py
[2025-08-19T18:38:45.834+0000] {processor.py:839} INFO - DAG(s) dict_keys(['example_params_ui_tutorial']) retrieved from /home/airflow/.local/lib/python3.8/site-packages/airflow/example_dags/example_params_ui_tutorial.py
[2025-08-19T18:38:45.886+0000] {logging_mixin.py:151} INFO - [2025-08-19T18:38:45.886+0000] {dag.py:2941} INFO - Sync 1 DAGs
[2025-08-19T18:38:45.899+0000] {logging_mixin.py:151} INFO - [2025-08-19T18:38:45.899+0000] {dag.py:3722} INFO - Setting next_dagrun for example_params_ui_tutorial to None, run_after=None
[2025-08-19T18:38:45.920+0000] {processor.py:179} INFO - Processing /home/airflow/.local/lib/python3.8/site-packages/airflow/example_dags/example_params_ui_tutorial.py took 0.127 seconds
[2025-08-19T18:39:16.514+0000] {processor.py:157} INFO - Started process (PID=971) to work on /home/airflow/.local/lib/python3.8/site-packages/airflow/example_dags/example_params_ui_tutorial.py
[2025-08-19T18:39:16.516+0000] {processor.py:829} INFO - Processing file /home/airflow/.local/lib/python3.8/site-packages/airflow/example_dags/example_params_ui_tutorial.py for tasks to queue
[2025-08-19T18:39:16.519+0000] {logging_mixin.py:151} INFO - [2025-08-19T18:39:16.519+0000] {dagbag.py:536} INFO - Filling up the DagBag from /home/airflow/.local/lib/python3.8/site-packages/airflow/example_dags/example_params_ui_tutorial.py
[2025-08-19T18:39:16.552+0000] {processor.py:839} INFO - DAG(s) dict_keys(['example_params_ui_tutorial']) retrieved from /home/airflow/.local/lib/python3.8/site-packages/airflow/example_dags/example_params_ui_tutorial.py
[2025-08-19T18:39:16.602+0000] {logging_mixin.py:151} INFO - [2025-08-19T18:39:16.601+0000] {dag.py:2941} INFO - Sync 1 DAGs
[2025-08-19T18:39:16.614+0000] {logging_mixin.py:151} INFO - [2025-08-19T18:39:16.614+0000] {dag.py:3722} INFO - Setting next_dagrun for example_params_ui_tutorial to None, run_after=None
[2025-08-19T18:39:16.644+0000] {processor.py:179} INFO - Processing /home/airflow/.local/lib/python3.8/site-packages/airflow/example_dags/example_params_ui_tutorial.py took 0.135 seconds
