[2025-08-19T18:22:49.427+0000] {processor.py:157} INFO - Started process (PID=91) to work on /home/airflow/.local/lib/python3.8/site-packages/airflow/example_dags/example_dag_decorator.py
[2025-08-19T18:22:49.488+0000] {processor.py:829} INFO - Processing file /home/airflow/.local/lib/python3.8/site-packages/airflow/example_dags/example_dag_decorator.py for tasks to queue
[2025-08-19T18:22:49.605+0000] {logging_mixin.py:151} INFO - [2025-08-19T18:22:49.604+0000] {dagbag.py:536} INFO - Filling up the DagBag from /home/airflow/.local/lib/python3.8/site-packages/airflow/example_dags/example_dag_decorator.py
[2025-08-19T18:22:50.928+0000] {processor.py:839} INFO - DAG(s) dict_keys(['example_dag_decorator']) retrieved from /home/airflow/.local/lib/python3.8/site-packages/airflow/example_dags/example_dag_decorator.py
[2025-08-19T18:22:52.943+0000] {logging_mixin.py:151} INFO - [2025-08-19T18:22:52.942+0000] {dag.py:2941} INFO - Sync 1 DAGs
[2025-08-19T18:22:53.062+0000] {logging_mixin.py:151} INFO - [2025-08-19T18:22:53.062+0000] {dag.py:3722} INFO - Setting next_dagrun for example_dag_decorator to None, run_after=None
[2025-08-19T18:22:55.396+0000] {processor.py:179} INFO - Processing /home/airflow/.local/lib/python3.8/site-packages/airflow/example_dags/example_dag_decorator.py took 6.661 seconds
[2025-08-19T18:23:29.920+0000] {processor.py:157} INFO - Started process (PID=148) to work on /home/airflow/.local/lib/python3.8/site-packages/airflow/example_dags/example_dag_decorator.py
[2025-08-19T18:23:29.930+0000] {processor.py:829} INFO - Processing file /home/airflow/.local/lib/python3.8/site-packages/airflow/example_dags/example_dag_decorator.py for tasks to queue
[2025-08-19T18:23:29.938+0000] {logging_mixin.py:151} INFO - [2025-08-19T18:23:29.937+0000] {dagbag.py:536} INFO - Filling up the DagBag from /home/airflow/.local/lib/python3.8/site-packages/airflow/example_dags/example_dag_decorator.py
[2025-08-19T18:23:30.211+0000] {processor.py:839} INFO - DAG(s) dict_keys(['example_dag_decorator']) retrieved from /home/airflow/.local/lib/python3.8/site-packages/airflow/example_dags/example_dag_decorator.py
[2025-08-19T18:23:30.543+0000] {logging_mixin.py:151} INFO - [2025-08-19T18:23:30.542+0000] {dag.py:2941} INFO - Sync 1 DAGs
[2025-08-19T18:23:30.568+0000] {logging_mixin.py:151} INFO - [2025-08-19T18:23:30.567+0000] {dag.py:3722} INFO - Setting next_dagrun for example_dag_decorator to None, run_after=None
[2025-08-19T18:23:30.631+0000] {processor.py:179} INFO - Processing /home/airflow/.local/lib/python3.8/site-packages/airflow/example_dags/example_dag_decorator.py took 0.725 seconds
[2025-08-19T18:24:01.517+0000] {processor.py:157} INFO - Started process (PID=202) to work on /home/airflow/.local/lib/python3.8/site-packages/airflow/example_dags/example_dag_decorator.py
[2025-08-19T18:24:01.529+0000] {processor.py:829} INFO - Processing file /home/airflow/.local/lib/python3.8/site-packages/airflow/example_dags/example_dag_decorator.py for tasks to queue
[2025-08-19T18:24:01.550+0000] {logging_mixin.py:151} INFO - [2025-08-19T18:24:01.549+0000] {dagbag.py:536} INFO - Filling up the DagBag from /home/airflow/.local/lib/python3.8/site-packages/airflow/example_dags/example_dag_decorator.py
[2025-08-19T18:24:02.269+0000] {processor.py:839} INFO - DAG(s) dict_keys(['example_dag_decorator']) retrieved from /home/airflow/.local/lib/python3.8/site-packages/airflow/example_dags/example_dag_decorator.py
[2025-08-19T18:24:04.243+0000] {logging_mixin.py:151} INFO - [2025-08-19T18:24:04.242+0000] {dag.py:2941} INFO - Sync 1 DAGs
[2025-08-19T18:24:04.272+0000] {logging_mixin.py:151} INFO - [2025-08-19T18:24:04.272+0000] {dag.py:3722} INFO - Setting next_dagrun for example_dag_decorator to None, run_after=None
[2025-08-19T18:24:04.381+0000] {processor.py:179} INFO - Processing /home/airflow/.local/lib/python3.8/site-packages/airflow/example_dags/example_dag_decorator.py took 2.909 seconds
[2025-08-19T18:24:34.803+0000] {processor.py:157} INFO - Started process (PID=254) to work on /home/airflow/.local/lib/python3.8/site-packages/airflow/example_dags/example_dag_decorator.py
[2025-08-19T18:24:34.816+0000] {processor.py:829} INFO - Processing file /home/airflow/.local/lib/python3.8/site-packages/airflow/example_dags/example_dag_decorator.py for tasks to queue
[2025-08-19T18:24:34.831+0000] {logging_mixin.py:151} INFO - [2025-08-19T18:24:34.830+0000] {dagbag.py:536} INFO - Filling up the DagBag from /home/airflow/.local/lib/python3.8/site-packages/airflow/example_dags/example_dag_decorator.py
[2025-08-19T18:24:35.103+0000] {processor.py:839} INFO - DAG(s) dict_keys(['example_dag_decorator']) retrieved from /home/airflow/.local/lib/python3.8/site-packages/airflow/example_dags/example_dag_decorator.py
[2025-08-19T18:24:36.544+0000] {logging_mixin.py:151} INFO - [2025-08-19T18:24:36.543+0000] {dag.py:2941} INFO - Sync 1 DAGs
[2025-08-19T18:24:38.785+0000] {logging_mixin.py:151} INFO - [2025-08-19T18:24:38.784+0000] {dag.py:3722} INFO - Setting next_dagrun for example_dag_decorator to None, run_after=None
[2025-08-19T18:24:38.879+0000] {processor.py:179} INFO - Processing /home/airflow/.local/lib/python3.8/site-packages/airflow/example_dags/example_dag_decorator.py took 4.094 seconds
[2025-08-19T18:25:09.632+0000] {processor.py:157} INFO - Started process (PID=309) to work on /home/airflow/.local/lib/python3.8/site-packages/airflow/example_dags/example_dag_decorator.py
[2025-08-19T18:25:09.633+0000] {processor.py:829} INFO - Processing file /home/airflow/.local/lib/python3.8/site-packages/airflow/example_dags/example_dag_decorator.py for tasks to queue
[2025-08-19T18:25:09.637+0000] {logging_mixin.py:151} INFO - [2025-08-19T18:25:09.636+0000] {dagbag.py:536} INFO - Filling up the DagBag from /home/airflow/.local/lib/python3.8/site-packages/airflow/example_dags/example_dag_decorator.py
[2025-08-19T18:25:09.705+0000] {processor.py:839} INFO - DAG(s) dict_keys(['example_dag_decorator']) retrieved from /home/airflow/.local/lib/python3.8/site-packages/airflow/example_dags/example_dag_decorator.py
[2025-08-19T18:25:09.814+0000] {logging_mixin.py:151} INFO - [2025-08-19T18:25:09.814+0000] {dag.py:2941} INFO - Sync 1 DAGs
[2025-08-19T18:25:09.826+0000] {logging_mixin.py:151} INFO - [2025-08-19T18:25:09.826+0000] {dag.py:3722} INFO - Setting next_dagrun for example_dag_decorator to None, run_after=None
[2025-08-19T18:25:10.021+0000] {processor.py:179} INFO - Processing /home/airflow/.local/lib/python3.8/site-packages/airflow/example_dags/example_dag_decorator.py took 0.396 seconds
[2025-08-19T18:25:40.383+0000] {processor.py:157} INFO - Started process (PID=364) to work on /home/airflow/.local/lib/python3.8/site-packages/airflow/example_dags/example_dag_decorator.py
[2025-08-19T18:25:40.386+0000] {processor.py:829} INFO - Processing file /home/airflow/.local/lib/python3.8/site-packages/airflow/example_dags/example_dag_decorator.py for tasks to queue
[2025-08-19T18:25:40.394+0000] {logging_mixin.py:151} INFO - [2025-08-19T18:25:40.393+0000] {dagbag.py:536} INFO - Filling up the DagBag from /home/airflow/.local/lib/python3.8/site-packages/airflow/example_dags/example_dag_decorator.py
[2025-08-19T18:25:40.574+0000] {processor.py:839} INFO - DAG(s) dict_keys(['example_dag_decorator']) retrieved from /home/airflow/.local/lib/python3.8/site-packages/airflow/example_dags/example_dag_decorator.py
[2025-08-19T18:25:40.646+0000] {logging_mixin.py:151} INFO - [2025-08-19T18:25:40.645+0000] {dag.py:2941} INFO - Sync 1 DAGs
[2025-08-19T18:25:40.682+0000] {logging_mixin.py:151} INFO - [2025-08-19T18:25:40.682+0000] {dag.py:3722} INFO - Setting next_dagrun for example_dag_decorator to None, run_after=None
[2025-08-19T18:25:40.736+0000] {processor.py:179} INFO - Processing /home/airflow/.local/lib/python3.8/site-packages/airflow/example_dags/example_dag_decorator.py took 0.365 seconds
[2025-08-19T18:26:12.009+0000] {processor.py:157} INFO - Started process (PID=418) to work on /home/airflow/.local/lib/python3.8/site-packages/airflow/example_dags/example_dag_decorator.py
[2025-08-19T18:26:12.012+0000] {processor.py:829} INFO - Processing file /home/airflow/.local/lib/python3.8/site-packages/airflow/example_dags/example_dag_decorator.py for tasks to queue
[2025-08-19T18:26:12.042+0000] {logging_mixin.py:151} INFO - [2025-08-19T18:26:12.041+0000] {dagbag.py:536} INFO - Filling up the DagBag from /home/airflow/.local/lib/python3.8/site-packages/airflow/example_dags/example_dag_decorator.py
[2025-08-19T18:26:12.619+0000] {processor.py:839} INFO - DAG(s) dict_keys(['example_dag_decorator']) retrieved from /home/airflow/.local/lib/python3.8/site-packages/airflow/example_dags/example_dag_decorator.py
[2025-08-19T18:26:14.391+0000] {logging_mixin.py:151} INFO - [2025-08-19T18:26:14.390+0000] {dag.py:2941} INFO - Sync 1 DAGs
[2025-08-19T18:26:14.453+0000] {logging_mixin.py:151} INFO - [2025-08-19T18:26:14.452+0000] {dag.py:3722} INFO - Setting next_dagrun for example_dag_decorator to None, run_after=None
[2025-08-19T18:26:14.574+0000] {processor.py:179} INFO - Processing /home/airflow/.local/lib/python3.8/site-packages/airflow/example_dags/example_dag_decorator.py took 2.639 seconds
[2025-08-19T18:26:45.301+0000] {processor.py:157} INFO - Started process (PID=475) to work on /home/airflow/.local/lib/python3.8/site-packages/airflow/example_dags/example_dag_decorator.py
[2025-08-19T18:26:45.304+0000] {processor.py:829} INFO - Processing file /home/airflow/.local/lib/python3.8/site-packages/airflow/example_dags/example_dag_decorator.py for tasks to queue
[2025-08-19T18:26:45.315+0000] {logging_mixin.py:151} INFO - [2025-08-19T18:26:45.314+0000] {dagbag.py:536} INFO - Filling up the DagBag from /home/airflow/.local/lib/python3.8/site-packages/airflow/example_dags/example_dag_decorator.py
[2025-08-19T18:26:45.494+0000] {processor.py:839} INFO - DAG(s) dict_keys(['example_dag_decorator']) retrieved from /home/airflow/.local/lib/python3.8/site-packages/airflow/example_dags/example_dag_decorator.py
[2025-08-19T18:26:45.743+0000] {logging_mixin.py:151} INFO - [2025-08-19T18:26:45.743+0000] {dag.py:2941} INFO - Sync 1 DAGs
[2025-08-19T18:26:46.069+0000] {logging_mixin.py:151} INFO - [2025-08-19T18:26:46.069+0000] {dag.py:3722} INFO - Setting next_dagrun for example_dag_decorator to None, run_after=None
[2025-08-19T18:26:46.100+0000] {processor.py:179} INFO - Processing /home/airflow/.local/lib/python3.8/site-packages/airflow/example_dags/example_dag_decorator.py took 0.810 seconds
[2025-08-19T18:27:16.925+0000] {processor.py:157} INFO - Started process (PID=531) to work on /home/airflow/.local/lib/python3.8/site-packages/airflow/example_dags/example_dag_decorator.py
[2025-08-19T18:27:16.927+0000] {processor.py:829} INFO - Processing file /home/airflow/.local/lib/python3.8/site-packages/airflow/example_dags/example_dag_decorator.py for tasks to queue
[2025-08-19T18:27:16.932+0000] {logging_mixin.py:151} INFO - [2025-08-19T18:27:16.931+0000] {dagbag.py:536} INFO - Filling up the DagBag from /home/airflow/.local/lib/python3.8/site-packages/airflow/example_dags/example_dag_decorator.py
[2025-08-19T18:27:17.048+0000] {processor.py:839} INFO - DAG(s) dict_keys(['example_dag_decorator']) retrieved from /home/airflow/.local/lib/python3.8/site-packages/airflow/example_dags/example_dag_decorator.py
[2025-08-19T18:27:17.531+0000] {logging_mixin.py:151} INFO - [2025-08-19T18:27:17.530+0000] {dag.py:2941} INFO - Sync 1 DAGs
[2025-08-19T18:27:17.585+0000] {logging_mixin.py:151} INFO - [2025-08-19T18:27:17.584+0000] {dag.py:3722} INFO - Setting next_dagrun for example_dag_decorator to None, run_after=None
[2025-08-19T18:27:17.635+0000] {processor.py:179} INFO - Processing /home/airflow/.local/lib/python3.8/site-packages/airflow/example_dags/example_dag_decorator.py took 0.718 seconds
[2025-08-19T18:27:48.369+0000] {processor.py:157} INFO - Started process (PID=586) to work on /home/airflow/.local/lib/python3.8/site-packages/airflow/example_dags/example_dag_decorator.py
[2025-08-19T18:27:48.370+0000] {processor.py:829} INFO - Processing file /home/airflow/.local/lib/python3.8/site-packages/airflow/example_dags/example_dag_decorator.py for tasks to queue
[2025-08-19T18:27:48.377+0000] {logging_mixin.py:151} INFO - [2025-08-19T18:27:48.376+0000] {dagbag.py:536} INFO - Filling up the DagBag from /home/airflow/.local/lib/python3.8/site-packages/airflow/example_dags/example_dag_decorator.py
[2025-08-19T18:27:48.469+0000] {processor.py:839} INFO - DAG(s) dict_keys(['example_dag_decorator']) retrieved from /home/airflow/.local/lib/python3.8/site-packages/airflow/example_dags/example_dag_decorator.py
[2025-08-19T18:27:49.044+0000] {logging_mixin.py:151} INFO - [2025-08-19T18:27:49.044+0000] {dag.py:2941} INFO - Sync 1 DAGs
[2025-08-19T18:27:49.059+0000] {logging_mixin.py:151} INFO - [2025-08-19T18:27:49.058+0000] {dag.py:3722} INFO - Setting next_dagrun for example_dag_decorator to None, run_after=None
[2025-08-19T18:27:49.088+0000] {processor.py:179} INFO - Processing /home/airflow/.local/lib/python3.8/site-packages/airflow/example_dags/example_dag_decorator.py took 0.723 seconds
[2025-08-19T18:28:19.337+0000] {processor.py:157} INFO - Started process (PID=641) to work on /home/airflow/.local/lib/python3.8/site-packages/airflow/example_dags/example_dag_decorator.py
[2025-08-19T18:28:19.354+0000] {processor.py:829} INFO - Processing file /home/airflow/.local/lib/python3.8/site-packages/airflow/example_dags/example_dag_decorator.py for tasks to queue
[2025-08-19T18:28:19.360+0000] {logging_mixin.py:151} INFO - [2025-08-19T18:28:19.359+0000] {dagbag.py:536} INFO - Filling up the DagBag from /home/airflow/.local/lib/python3.8/site-packages/airflow/example_dags/example_dag_decorator.py
[2025-08-19T18:28:19.538+0000] {processor.py:839} INFO - DAG(s) dict_keys(['example_dag_decorator']) retrieved from /home/airflow/.local/lib/python3.8/site-packages/airflow/example_dags/example_dag_decorator.py
[2025-08-19T18:28:20.110+0000] {logging_mixin.py:151} INFO - [2025-08-19T18:28:20.109+0000] {dag.py:2941} INFO - Sync 1 DAGs
[2025-08-19T18:28:20.128+0000] {logging_mixin.py:151} INFO - [2025-08-19T18:28:20.127+0000] {dag.py:3722} INFO - Setting next_dagrun for example_dag_decorator to None, run_after=None
[2025-08-19T18:28:20.182+0000] {processor.py:179} INFO - Processing /home/airflow/.local/lib/python3.8/site-packages/airflow/example_dags/example_dag_decorator.py took 0.878 seconds
[2025-08-19T18:28:50.711+0000] {processor.py:157} INFO - Started process (PID=695) to work on /home/airflow/.local/lib/python3.8/site-packages/airflow/example_dags/example_dag_decorator.py
[2025-08-19T18:28:50.712+0000] {processor.py:829} INFO - Processing file /home/airflow/.local/lib/python3.8/site-packages/airflow/example_dags/example_dag_decorator.py for tasks to queue
[2025-08-19T18:28:50.716+0000] {logging_mixin.py:151} INFO - [2025-08-19T18:28:50.716+0000] {dagbag.py:536} INFO - Filling up the DagBag from /home/airflow/.local/lib/python3.8/site-packages/airflow/example_dags/example_dag_decorator.py
[2025-08-19T18:28:50.788+0000] {processor.py:839} INFO - DAG(s) dict_keys(['example_dag_decorator']) retrieved from /home/airflow/.local/lib/python3.8/site-packages/airflow/example_dags/example_dag_decorator.py
[2025-08-19T18:28:51.155+0000] {logging_mixin.py:151} INFO - [2025-08-19T18:28:51.154+0000] {dag.py:2941} INFO - Sync 1 DAGs
[2025-08-19T18:28:51.171+0000] {logging_mixin.py:151} INFO - [2025-08-19T18:28:51.170+0000] {dag.py:3722} INFO - Setting next_dagrun for example_dag_decorator to None, run_after=None
[2025-08-19T18:28:51.202+0000] {processor.py:179} INFO - Processing /home/airflow/.local/lib/python3.8/site-packages/airflow/example_dags/example_dag_decorator.py took 0.495 seconds
[2025-08-19T18:29:21.340+0000] {processor.py:157} INFO - Started process (PID=749) to work on /home/airflow/.local/lib/python3.8/site-packages/airflow/example_dags/example_dag_decorator.py
[2025-08-19T18:29:21.342+0000] {processor.py:829} INFO - Processing file /home/airflow/.local/lib/python3.8/site-packages/airflow/example_dags/example_dag_decorator.py for tasks to queue
[2025-08-19T18:29:21.353+0000] {logging_mixin.py:151} INFO - [2025-08-19T18:29:21.352+0000] {dagbag.py:536} INFO - Filling up the DagBag from /home/airflow/.local/lib/python3.8/site-packages/airflow/example_dags/example_dag_decorator.py
[2025-08-19T18:29:21.462+0000] {processor.py:839} INFO - DAG(s) dict_keys(['example_dag_decorator']) retrieved from /home/airflow/.local/lib/python3.8/site-packages/airflow/example_dags/example_dag_decorator.py
[2025-08-19T18:29:21.837+0000] {logging_mixin.py:151} INFO - [2025-08-19T18:29:21.837+0000] {dag.py:2941} INFO - Sync 1 DAGs
[2025-08-19T18:29:21.849+0000] {logging_mixin.py:151} INFO - [2025-08-19T18:29:21.849+0000] {dag.py:3722} INFO - Setting next_dagrun for example_dag_decorator to None, run_after=None
[2025-08-19T18:29:21.878+0000] {processor.py:179} INFO - Processing /home/airflow/.local/lib/python3.8/site-packages/airflow/example_dags/example_dag_decorator.py took 0.545 seconds
[2025-08-19T18:29:52.892+0000] {processor.py:157} INFO - Started process (PID=805) to work on /home/airflow/.local/lib/python3.8/site-packages/airflow/example_dags/example_dag_decorator.py
[2025-08-19T18:29:52.894+0000] {processor.py:829} INFO - Processing file /home/airflow/.local/lib/python3.8/site-packages/airflow/example_dags/example_dag_decorator.py for tasks to queue
[2025-08-19T18:29:52.911+0000] {logging_mixin.py:151} INFO - [2025-08-19T18:29:52.910+0000] {dagbag.py:536} INFO - Filling up the DagBag from /home/airflow/.local/lib/python3.8/site-packages/airflow/example_dags/example_dag_decorator.py
[2025-08-19T18:29:53.061+0000] {processor.py:839} INFO - DAG(s) dict_keys(['example_dag_decorator']) retrieved from /home/airflow/.local/lib/python3.8/site-packages/airflow/example_dags/example_dag_decorator.py
[2025-08-19T18:29:53.919+0000] {logging_mixin.py:151} INFO - [2025-08-19T18:29:53.919+0000] {dag.py:2941} INFO - Sync 1 DAGs
[2025-08-19T18:29:53.961+0000] {logging_mixin.py:151} INFO - [2025-08-19T18:29:53.961+0000] {dag.py:3722} INFO - Setting next_dagrun for example_dag_decorator to None, run_after=None
[2025-08-19T18:29:54.026+0000] {processor.py:179} INFO - Processing /home/airflow/.local/lib/python3.8/site-packages/airflow/example_dags/example_dag_decorator.py took 1.155 seconds
[2025-08-19T18:30:54.338+0000] {processor.py:157} INFO - Started process (PID=83) to work on /home/airflow/.local/lib/python3.8/site-packages/airflow/example_dags/example_dag_decorator.py
[2025-08-19T18:30:54.342+0000] {processor.py:829} INFO - Processing file /home/airflow/.local/lib/python3.8/site-packages/airflow/example_dags/example_dag_decorator.py for tasks to queue
[2025-08-19T18:30:54.346+0000] {logging_mixin.py:151} INFO - [2025-08-19T18:30:54.345+0000] {dagbag.py:536} INFO - Filling up the DagBag from /home/airflow/.local/lib/python3.8/site-packages/airflow/example_dags/example_dag_decorator.py
[2025-08-19T18:30:54.507+0000] {processor.py:839} INFO - DAG(s) dict_keys(['example_dag_decorator']) retrieved from /home/airflow/.local/lib/python3.8/site-packages/airflow/example_dags/example_dag_decorator.py
[2025-08-19T18:30:54.773+0000] {logging_mixin.py:151} INFO - [2025-08-19T18:30:54.772+0000] {dag.py:2941} INFO - Sync 1 DAGs
[2025-08-19T18:30:54.830+0000] {logging_mixin.py:151} INFO - [2025-08-19T18:30:54.829+0000] {dag.py:3722} INFO - Setting next_dagrun for example_dag_decorator to None, run_after=None
[2025-08-19T18:30:54.897+0000] {processor.py:179} INFO - Processing /home/airflow/.local/lib/python3.8/site-packages/airflow/example_dags/example_dag_decorator.py took 0.565 seconds
[2025-08-19T18:31:25.733+0000] {processor.py:157} INFO - Started process (PID=138) to work on /home/airflow/.local/lib/python3.8/site-packages/airflow/example_dags/example_dag_decorator.py
[2025-08-19T18:31:25.735+0000] {processor.py:829} INFO - Processing file /home/airflow/.local/lib/python3.8/site-packages/airflow/example_dags/example_dag_decorator.py for tasks to queue
[2025-08-19T18:31:25.744+0000] {logging_mixin.py:151} INFO - [2025-08-19T18:31:25.743+0000] {dagbag.py:536} INFO - Filling up the DagBag from /home/airflow/.local/lib/python3.8/site-packages/airflow/example_dags/example_dag_decorator.py
[2025-08-19T18:31:25.845+0000] {processor.py:839} INFO - DAG(s) dict_keys(['example_dag_decorator']) retrieved from /home/airflow/.local/lib/python3.8/site-packages/airflow/example_dags/example_dag_decorator.py
[2025-08-19T18:31:26.028+0000] {logging_mixin.py:151} INFO - [2025-08-19T18:31:26.028+0000] {dag.py:2941} INFO - Sync 1 DAGs
[2025-08-19T18:31:26.045+0000] {logging_mixin.py:151} INFO - [2025-08-19T18:31:26.045+0000] {dag.py:3722} INFO - Setting next_dagrun for example_dag_decorator to None, run_after=None
[2025-08-19T18:31:26.080+0000] {processor.py:179} INFO - Processing /home/airflow/.local/lib/python3.8/site-packages/airflow/example_dags/example_dag_decorator.py took 0.352 seconds
[2025-08-19T18:31:57.022+0000] {processor.py:157} INFO - Started process (PID=194) to work on /home/airflow/.local/lib/python3.8/site-packages/airflow/example_dags/example_dag_decorator.py
[2025-08-19T18:31:57.024+0000] {processor.py:829} INFO - Processing file /home/airflow/.local/lib/python3.8/site-packages/airflow/example_dags/example_dag_decorator.py for tasks to queue
[2025-08-19T18:31:57.027+0000] {logging_mixin.py:151} INFO - [2025-08-19T18:31:57.027+0000] {dagbag.py:536} INFO - Filling up the DagBag from /home/airflow/.local/lib/python3.8/site-packages/airflow/example_dags/example_dag_decorator.py
[2025-08-19T18:31:57.127+0000] {processor.py:839} INFO - DAG(s) dict_keys(['example_dag_decorator']) retrieved from /home/airflow/.local/lib/python3.8/site-packages/airflow/example_dags/example_dag_decorator.py
[2025-08-19T18:31:57.407+0000] {logging_mixin.py:151} INFO - [2025-08-19T18:31:57.406+0000] {dag.py:2941} INFO - Sync 1 DAGs
[2025-08-19T18:31:57.424+0000] {logging_mixin.py:151} INFO - [2025-08-19T18:31:57.424+0000] {dag.py:3722} INFO - Setting next_dagrun for example_dag_decorator to None, run_after=None
[2025-08-19T18:31:57.468+0000] {processor.py:179} INFO - Processing /home/airflow/.local/lib/python3.8/site-packages/airflow/example_dags/example_dag_decorator.py took 0.456 seconds
[2025-08-19T18:32:27.933+0000] {processor.py:157} INFO - Started process (PID=248) to work on /home/airflow/.local/lib/python3.8/site-packages/airflow/example_dags/example_dag_decorator.py
[2025-08-19T18:32:27.936+0000] {processor.py:829} INFO - Processing file /home/airflow/.local/lib/python3.8/site-packages/airflow/example_dags/example_dag_decorator.py for tasks to queue
[2025-08-19T18:32:27.951+0000] {logging_mixin.py:151} INFO - [2025-08-19T18:32:27.950+0000] {dagbag.py:536} INFO - Filling up the DagBag from /home/airflow/.local/lib/python3.8/site-packages/airflow/example_dags/example_dag_decorator.py
[2025-08-19T18:32:28.187+0000] {processor.py:839} INFO - DAG(s) dict_keys(['example_dag_decorator']) retrieved from /home/airflow/.local/lib/python3.8/site-packages/airflow/example_dags/example_dag_decorator.py
[2025-08-19T18:32:28.392+0000] {logging_mixin.py:151} INFO - [2025-08-19T18:32:28.391+0000] {dag.py:2941} INFO - Sync 1 DAGs
[2025-08-19T18:32:28.406+0000] {logging_mixin.py:151} INFO - [2025-08-19T18:32:28.406+0000] {dag.py:3722} INFO - Setting next_dagrun for example_dag_decorator to None, run_after=None
[2025-08-19T18:32:28.445+0000] {processor.py:179} INFO - Processing /home/airflow/.local/lib/python3.8/site-packages/airflow/example_dags/example_dag_decorator.py took 0.539 seconds
[2025-08-19T18:32:58.593+0000] {processor.py:157} INFO - Started process (PID=303) to work on /home/airflow/.local/lib/python3.8/site-packages/airflow/example_dags/example_dag_decorator.py
[2025-08-19T18:32:58.596+0000] {processor.py:829} INFO - Processing file /home/airflow/.local/lib/python3.8/site-packages/airflow/example_dags/example_dag_decorator.py for tasks to queue
[2025-08-19T18:32:58.601+0000] {logging_mixin.py:151} INFO - [2025-08-19T18:32:58.600+0000] {dagbag.py:536} INFO - Filling up the DagBag from /home/airflow/.local/lib/python3.8/site-packages/airflow/example_dags/example_dag_decorator.py
[2025-08-19T18:32:58.773+0000] {processor.py:839} INFO - DAG(s) dict_keys(['example_dag_decorator']) retrieved from /home/airflow/.local/lib/python3.8/site-packages/airflow/example_dags/example_dag_decorator.py
[2025-08-19T18:32:58.957+0000] {logging_mixin.py:151} INFO - [2025-08-19T18:32:58.956+0000] {dag.py:2941} INFO - Sync 1 DAGs
[2025-08-19T18:32:58.979+0000] {logging_mixin.py:151} INFO - [2025-08-19T18:32:58.978+0000] {dag.py:3722} INFO - Setting next_dagrun for example_dag_decorator to None, run_after=None
[2025-08-19T18:32:59.023+0000] {processor.py:179} INFO - Processing /home/airflow/.local/lib/python3.8/site-packages/airflow/example_dags/example_dag_decorator.py took 0.437 seconds
[2025-08-19T18:33:29.726+0000] {processor.py:157} INFO - Started process (PID=357) to work on /home/airflow/.local/lib/python3.8/site-packages/airflow/example_dags/example_dag_decorator.py
[2025-08-19T18:33:29.729+0000] {processor.py:829} INFO - Processing file /home/airflow/.local/lib/python3.8/site-packages/airflow/example_dags/example_dag_decorator.py for tasks to queue
[2025-08-19T18:33:29.736+0000] {logging_mixin.py:151} INFO - [2025-08-19T18:33:29.734+0000] {dagbag.py:536} INFO - Filling up the DagBag from /home/airflow/.local/lib/python3.8/site-packages/airflow/example_dags/example_dag_decorator.py
[2025-08-19T18:33:29.886+0000] {processor.py:839} INFO - DAG(s) dict_keys(['example_dag_decorator']) retrieved from /home/airflow/.local/lib/python3.8/site-packages/airflow/example_dags/example_dag_decorator.py
[2025-08-19T18:33:30.097+0000] {logging_mixin.py:151} INFO - [2025-08-19T18:33:30.097+0000] {dag.py:2941} INFO - Sync 1 DAGs
[2025-08-19T18:33:30.118+0000] {logging_mixin.py:151} INFO - [2025-08-19T18:33:30.118+0000] {dag.py:3722} INFO - Setting next_dagrun for example_dag_decorator to None, run_after=None
[2025-08-19T18:33:30.163+0000] {processor.py:179} INFO - Processing /home/airflow/.local/lib/python3.8/site-packages/airflow/example_dags/example_dag_decorator.py took 0.453 seconds
[2025-08-19T18:34:00.449+0000] {processor.py:157} INFO - Started process (PID=411) to work on /home/airflow/.local/lib/python3.8/site-packages/airflow/example_dags/example_dag_decorator.py
[2025-08-19T18:34:00.451+0000] {processor.py:829} INFO - Processing file /home/airflow/.local/lib/python3.8/site-packages/airflow/example_dags/example_dag_decorator.py for tasks to queue
[2025-08-19T18:34:00.455+0000] {logging_mixin.py:151} INFO - [2025-08-19T18:34:00.455+0000] {dagbag.py:536} INFO - Filling up the DagBag from /home/airflow/.local/lib/python3.8/site-packages/airflow/example_dags/example_dag_decorator.py
[2025-08-19T18:34:00.589+0000] {processor.py:839} INFO - DAG(s) dict_keys(['example_dag_decorator']) retrieved from /home/airflow/.local/lib/python3.8/site-packages/airflow/example_dags/example_dag_decorator.py
[2025-08-19T18:34:00.788+0000] {logging_mixin.py:151} INFO - [2025-08-19T18:34:00.787+0000] {dag.py:2941} INFO - Sync 1 DAGs
[2025-08-19T18:34:00.809+0000] {logging_mixin.py:151} INFO - [2025-08-19T18:34:00.809+0000] {dag.py:3722} INFO - Setting next_dagrun for example_dag_decorator to None, run_after=None
[2025-08-19T18:34:00.839+0000] {processor.py:179} INFO - Processing /home/airflow/.local/lib/python3.8/site-packages/airflow/example_dags/example_dag_decorator.py took 0.399 seconds
[2025-08-19T18:34:31.274+0000] {processor.py:157} INFO - Started process (PID=465) to work on /home/airflow/.local/lib/python3.8/site-packages/airflow/example_dags/example_dag_decorator.py
[2025-08-19T18:34:31.276+0000] {processor.py:829} INFO - Processing file /home/airflow/.local/lib/python3.8/site-packages/airflow/example_dags/example_dag_decorator.py for tasks to queue
[2025-08-19T18:34:31.280+0000] {logging_mixin.py:151} INFO - [2025-08-19T18:34:31.280+0000] {dagbag.py:536} INFO - Filling up the DagBag from /home/airflow/.local/lib/python3.8/site-packages/airflow/example_dags/example_dag_decorator.py
[2025-08-19T18:34:31.385+0000] {processor.py:839} INFO - DAG(s) dict_keys(['example_dag_decorator']) retrieved from /home/airflow/.local/lib/python3.8/site-packages/airflow/example_dags/example_dag_decorator.py
[2025-08-19T18:34:31.545+0000] {logging_mixin.py:151} INFO - [2025-08-19T18:34:31.545+0000] {dag.py:2941} INFO - Sync 1 DAGs
[2025-08-19T18:34:31.560+0000] {logging_mixin.py:151} INFO - [2025-08-19T18:34:31.560+0000] {dag.py:3722} INFO - Setting next_dagrun for example_dag_decorator to None, run_after=None
[2025-08-19T18:34:31.588+0000] {processor.py:179} INFO - Processing /home/airflow/.local/lib/python3.8/site-packages/airflow/example_dags/example_dag_decorator.py took 0.320 seconds
[2025-08-19T18:35:01.643+0000] {processor.py:157} INFO - Started process (PID=519) to work on /home/airflow/.local/lib/python3.8/site-packages/airflow/example_dags/example_dag_decorator.py
[2025-08-19T18:35:01.646+0000] {processor.py:829} INFO - Processing file /home/airflow/.local/lib/python3.8/site-packages/airflow/example_dags/example_dag_decorator.py for tasks to queue
[2025-08-19T18:35:01.649+0000] {logging_mixin.py:151} INFO - [2025-08-19T18:35:01.648+0000] {dagbag.py:536} INFO - Filling up the DagBag from /home/airflow/.local/lib/python3.8/site-packages/airflow/example_dags/example_dag_decorator.py
[2025-08-19T18:35:01.729+0000] {processor.py:839} INFO - DAG(s) dict_keys(['example_dag_decorator']) retrieved from /home/airflow/.local/lib/python3.8/site-packages/airflow/example_dags/example_dag_decorator.py
[2025-08-19T18:35:01.895+0000] {logging_mixin.py:151} INFO - [2025-08-19T18:35:01.895+0000] {dag.py:2941} INFO - Sync 1 DAGs
[2025-08-19T18:35:01.917+0000] {logging_mixin.py:151} INFO - [2025-08-19T18:35:01.917+0000] {dag.py:3722} INFO - Setting next_dagrun for example_dag_decorator to None, run_after=None
[2025-08-19T18:35:01.953+0000] {processor.py:179} INFO - Processing /home/airflow/.local/lib/python3.8/site-packages/airflow/example_dags/example_dag_decorator.py took 0.316 seconds
[2025-08-19T18:35:32.466+0000] {processor.py:157} INFO - Started process (PID=572) to work on /home/airflow/.local/lib/python3.8/site-packages/airflow/example_dags/example_dag_decorator.py
[2025-08-19T18:35:32.468+0000] {processor.py:829} INFO - Processing file /home/airflow/.local/lib/python3.8/site-packages/airflow/example_dags/example_dag_decorator.py for tasks to queue
[2025-08-19T18:35:32.471+0000] {logging_mixin.py:151} INFO - [2025-08-19T18:35:32.471+0000] {dagbag.py:536} INFO - Filling up the DagBag from /home/airflow/.local/lib/python3.8/site-packages/airflow/example_dags/example_dag_decorator.py
[2025-08-19T18:35:32.582+0000] {processor.py:839} INFO - DAG(s) dict_keys(['example_dag_decorator']) retrieved from /home/airflow/.local/lib/python3.8/site-packages/airflow/example_dags/example_dag_decorator.py
[2025-08-19T18:35:32.791+0000] {logging_mixin.py:151} INFO - [2025-08-19T18:35:32.791+0000] {dag.py:2941} INFO - Sync 1 DAGs
[2025-08-19T18:35:32.813+0000] {logging_mixin.py:151} INFO - [2025-08-19T18:35:32.813+0000] {dag.py:3722} INFO - Setting next_dagrun for example_dag_decorator to None, run_after=None
[2025-08-19T18:35:32.851+0000] {processor.py:179} INFO - Processing /home/airflow/.local/lib/python3.8/site-packages/airflow/example_dags/example_dag_decorator.py took 0.390 seconds
[2025-08-19T18:36:02.949+0000] {processor.py:157} INFO - Started process (PID=627) to work on /home/airflow/.local/lib/python3.8/site-packages/airflow/example_dags/example_dag_decorator.py
[2025-08-19T18:36:02.952+0000] {processor.py:829} INFO - Processing file /home/airflow/.local/lib/python3.8/site-packages/airflow/example_dags/example_dag_decorator.py for tasks to queue
[2025-08-19T18:36:02.956+0000] {logging_mixin.py:151} INFO - [2025-08-19T18:36:02.955+0000] {dagbag.py:536} INFO - Filling up the DagBag from /home/airflow/.local/lib/python3.8/site-packages/airflow/example_dags/example_dag_decorator.py
[2025-08-19T18:36:03.056+0000] {processor.py:839} INFO - DAG(s) dict_keys(['example_dag_decorator']) retrieved from /home/airflow/.local/lib/python3.8/site-packages/airflow/example_dags/example_dag_decorator.py
[2025-08-19T18:36:03.244+0000] {logging_mixin.py:151} INFO - [2025-08-19T18:36:03.244+0000] {dag.py:2941} INFO - Sync 1 DAGs
[2025-08-19T18:36:03.260+0000] {logging_mixin.py:151} INFO - [2025-08-19T18:36:03.259+0000] {dag.py:3722} INFO - Setting next_dagrun for example_dag_decorator to None, run_after=None
[2025-08-19T18:36:03.303+0000] {processor.py:179} INFO - Processing /home/airflow/.local/lib/python3.8/site-packages/airflow/example_dags/example_dag_decorator.py took 0.361 seconds
[2025-08-19T18:36:34.673+0000] {processor.py:157} INFO - Started process (PID=678) to work on /home/airflow/.local/lib/python3.8/site-packages/airflow/example_dags/example_dag_decorator.py
[2025-08-19T18:36:34.676+0000] {processor.py:829} INFO - Processing file /home/airflow/.local/lib/python3.8/site-packages/airflow/example_dags/example_dag_decorator.py for tasks to queue
[2025-08-19T18:36:34.680+0000] {logging_mixin.py:151} INFO - [2025-08-19T18:36:34.679+0000] {dagbag.py:536} INFO - Filling up the DagBag from /home/airflow/.local/lib/python3.8/site-packages/airflow/example_dags/example_dag_decorator.py
[2025-08-19T18:36:34.801+0000] {processor.py:839} INFO - DAG(s) dict_keys(['example_dag_decorator']) retrieved from /home/airflow/.local/lib/python3.8/site-packages/airflow/example_dags/example_dag_decorator.py
[2025-08-19T18:36:34.936+0000] {logging_mixin.py:151} INFO - [2025-08-19T18:36:34.936+0000] {dag.py:2941} INFO - Sync 1 DAGs
[2025-08-19T18:36:34.951+0000] {logging_mixin.py:151} INFO - [2025-08-19T18:36:34.950+0000] {dag.py:3722} INFO - Setting next_dagrun for example_dag_decorator to None, run_after=None
[2025-08-19T18:36:34.980+0000] {processor.py:179} INFO - Processing /home/airflow/.local/lib/python3.8/site-packages/airflow/example_dags/example_dag_decorator.py took 0.312 seconds
[2025-08-19T18:37:06.570+0000] {processor.py:157} INFO - Started process (PID=732) to work on /home/airflow/.local/lib/python3.8/site-packages/airflow/example_dags/example_dag_decorator.py
[2025-08-19T18:37:06.572+0000] {processor.py:829} INFO - Processing file /home/airflow/.local/lib/python3.8/site-packages/airflow/example_dags/example_dag_decorator.py for tasks to queue
[2025-08-19T18:37:06.576+0000] {logging_mixin.py:151} INFO - [2025-08-19T18:37:06.575+0000] {dagbag.py:536} INFO - Filling up the DagBag from /home/airflow/.local/lib/python3.8/site-packages/airflow/example_dags/example_dag_decorator.py
[2025-08-19T18:37:06.787+0000] {processor.py:839} INFO - DAG(s) dict_keys(['example_dag_decorator']) retrieved from /home/airflow/.local/lib/python3.8/site-packages/airflow/example_dags/example_dag_decorator.py
[2025-08-19T18:37:07.099+0000] {logging_mixin.py:151} INFO - [2025-08-19T18:37:07.098+0000] {dag.py:2941} INFO - Sync 1 DAGs
[2025-08-19T18:37:07.140+0000] {logging_mixin.py:151} INFO - [2025-08-19T18:37:07.139+0000] {dag.py:3722} INFO - Setting next_dagrun for example_dag_decorator to None, run_after=None
[2025-08-19T18:37:07.200+0000] {processor.py:179} INFO - Processing /home/airflow/.local/lib/python3.8/site-packages/airflow/example_dags/example_dag_decorator.py took 0.636 seconds
[2025-08-19T18:37:39.694+0000] {processor.py:157} INFO - Started process (PID=787) to work on /home/airflow/.local/lib/python3.8/site-packages/airflow/example_dags/example_dag_decorator.py
[2025-08-19T18:37:39.698+0000] {processor.py:829} INFO - Processing file /home/airflow/.local/lib/python3.8/site-packages/airflow/example_dags/example_dag_decorator.py for tasks to queue
[2025-08-19T18:37:39.712+0000] {logging_mixin.py:151} INFO - [2025-08-19T18:37:39.711+0000] {dagbag.py:536} INFO - Filling up the DagBag from /home/airflow/.local/lib/python3.8/site-packages/airflow/example_dags/example_dag_decorator.py
[2025-08-19T18:37:40.027+0000] {processor.py:839} INFO - DAG(s) dict_keys(['example_dag_decorator']) retrieved from /home/airflow/.local/lib/python3.8/site-packages/airflow/example_dags/example_dag_decorator.py
[2025-08-19T18:37:40.420+0000] {logging_mixin.py:151} INFO - [2025-08-19T18:37:40.419+0000] {dag.py:2941} INFO - Sync 1 DAGs
[2025-08-19T18:37:40.488+0000] {logging_mixin.py:151} INFO - [2025-08-19T18:37:40.487+0000] {dag.py:3722} INFO - Setting next_dagrun for example_dag_decorator to None, run_after=None
[2025-08-19T18:37:41.021+0000] {processor.py:179} INFO - Processing /home/airflow/.local/lib/python3.8/site-packages/airflow/example_dags/example_dag_decorator.py took 1.349 seconds
[2025-08-19T18:38:11.853+0000] {processor.py:157} INFO - Started process (PID=843) to work on /home/airflow/.local/lib/python3.8/site-packages/airflow/example_dags/example_dag_decorator.py
[2025-08-19T18:38:11.855+0000] {processor.py:829} INFO - Processing file /home/airflow/.local/lib/python3.8/site-packages/airflow/example_dags/example_dag_decorator.py for tasks to queue
[2025-08-19T18:38:11.864+0000] {logging_mixin.py:151} INFO - [2025-08-19T18:38:11.863+0000] {dagbag.py:536} INFO - Filling up the DagBag from /home/airflow/.local/lib/python3.8/site-packages/airflow/example_dags/example_dag_decorator.py
[2025-08-19T18:38:11.949+0000] {processor.py:839} INFO - DAG(s) dict_keys(['example_dag_decorator']) retrieved from /home/airflow/.local/lib/python3.8/site-packages/airflow/example_dags/example_dag_decorator.py
[2025-08-19T18:38:12.089+0000] {logging_mixin.py:151} INFO - [2025-08-19T18:38:12.089+0000] {dag.py:2941} INFO - Sync 1 DAGs
[2025-08-19T18:38:12.104+0000] {logging_mixin.py:151} INFO - [2025-08-19T18:38:12.104+0000] {dag.py:3722} INFO - Setting next_dagrun for example_dag_decorator to None, run_after=None
[2025-08-19T18:38:12.140+0000] {processor.py:179} INFO - Processing /home/airflow/.local/lib/python3.8/site-packages/airflow/example_dags/example_dag_decorator.py took 0.291 seconds
[2025-08-19T18:38:42.576+0000] {processor.py:157} INFO - Started process (PID=897) to work on /home/airflow/.local/lib/python3.8/site-packages/airflow/example_dags/example_dag_decorator.py
[2025-08-19T18:38:42.577+0000] {processor.py:829} INFO - Processing file /home/airflow/.local/lib/python3.8/site-packages/airflow/example_dags/example_dag_decorator.py for tasks to queue
[2025-08-19T18:38:42.580+0000] {logging_mixin.py:151} INFO - [2025-08-19T18:38:42.579+0000] {dagbag.py:536} INFO - Filling up the DagBag from /home/airflow/.local/lib/python3.8/site-packages/airflow/example_dags/example_dag_decorator.py
[2025-08-19T18:38:42.673+0000] {processor.py:839} INFO - DAG(s) dict_keys(['example_dag_decorator']) retrieved from /home/airflow/.local/lib/python3.8/site-packages/airflow/example_dags/example_dag_decorator.py
[2025-08-19T18:38:43.138+0000] {logging_mixin.py:151} INFO - [2025-08-19T18:38:43.138+0000] {dag.py:2941} INFO - Sync 1 DAGs
[2025-08-19T18:38:43.162+0000] {logging_mixin.py:151} INFO - [2025-08-19T18:38:43.161+0000] {dag.py:3722} INFO - Setting next_dagrun for example_dag_decorator to None, run_after=None
[2025-08-19T18:38:43.214+0000] {processor.py:179} INFO - Processing /home/airflow/.local/lib/python3.8/site-packages/airflow/example_dags/example_dag_decorator.py took 0.643 seconds
[2025-08-19T18:39:13.711+0000] {processor.py:157} INFO - Started process (PID=952) to work on /home/airflow/.local/lib/python3.8/site-packages/airflow/example_dags/example_dag_decorator.py
[2025-08-19T18:39:13.714+0000] {processor.py:829} INFO - Processing file /home/airflow/.local/lib/python3.8/site-packages/airflow/example_dags/example_dag_decorator.py for tasks to queue
[2025-08-19T18:39:13.720+0000] {logging_mixin.py:151} INFO - [2025-08-19T18:39:13.719+0000] {dagbag.py:536} INFO - Filling up the DagBag from /home/airflow/.local/lib/python3.8/site-packages/airflow/example_dags/example_dag_decorator.py
[2025-08-19T18:39:13.838+0000] {processor.py:839} INFO - DAG(s) dict_keys(['example_dag_decorator']) retrieved from /home/airflow/.local/lib/python3.8/site-packages/airflow/example_dags/example_dag_decorator.py
[2025-08-19T18:39:13.993+0000] {logging_mixin.py:151} INFO - [2025-08-19T18:39:13.993+0000] {dag.py:2941} INFO - Sync 1 DAGs
[2025-08-19T18:39:14.014+0000] {logging_mixin.py:151} INFO - [2025-08-19T18:39:14.013+0000] {dag.py:3722} INFO - Setting next_dagrun for example_dag_decorator to None, run_after=None
[2025-08-19T18:39:14.306+0000] {processor.py:179} INFO - Processing /home/airflow/.local/lib/python3.8/site-packages/airflow/example_dags/example_dag_decorator.py took 0.600 seconds
