[2025-08-19T18:22:57.101+0000] {processor.py:157} INFO - Started process (PID=96) to work on /home/airflow/.local/lib/python3.8/site-packages/airflow/example_dags/example_sensors.py
[2025-08-19T18:22:57.107+0000] {processor.py:829} INFO - Processing file /home/airflow/.local/lib/python3.8/site-packages/airflow/example_dags/example_sensors.py for tasks to queue
[2025-08-19T18:22:57.113+0000] {logging_mixin.py:151} INFO - [2025-08-19T18:22:57.112+0000] {dagbag.py:536} INFO - Filling up the DagBag from /home/airflow/.local/lib/python3.8/site-packages/airflow/example_dags/example_sensors.py
[2025-08-19T18:22:57.262+0000] {processor.py:839} INFO - DAG(s) dict_keys(['example_sensors']) retrieved from /home/airflow/.local/lib/python3.8/site-packages/airflow/example_dags/example_sensors.py
[2025-08-19T18:22:57.976+0000] {logging_mixin.py:151} INFO - [2025-08-19T18:22:57.974+0000] {dag.py:2941} INFO - Sync 1 DAGs
[2025-08-19T18:22:58.091+0000] {logging_mixin.py:151} INFO - [2025-08-19T18:22:58.090+0000] {dag.py:3722} INFO - Setting next_dagrun for example_sensors to None, run_after=None
[2025-08-19T18:22:58.469+0000] {processor.py:179} INFO - Processing /home/airflow/.local/lib/python3.8/site-packages/airflow/example_dags/example_sensors.py took 1.384 seconds
[2025-08-19T18:23:30.706+0000] {processor.py:157} INFO - Started process (PID=151) to work on /home/airflow/.local/lib/python3.8/site-packages/airflow/example_dags/example_sensors.py
[2025-08-19T18:23:30.709+0000] {processor.py:829} INFO - Processing file /home/airflow/.local/lib/python3.8/site-packages/airflow/example_dags/example_sensors.py for tasks to queue
[2025-08-19T18:23:30.715+0000] {logging_mixin.py:151} INFO - [2025-08-19T18:23:30.714+0000] {dagbag.py:536} INFO - Filling up the DagBag from /home/airflow/.local/lib/python3.8/site-packages/airflow/example_dags/example_sensors.py
[2025-08-19T18:23:30.745+0000] {processor.py:839} INFO - DAG(s) dict_keys(['example_sensors']) retrieved from /home/airflow/.local/lib/python3.8/site-packages/airflow/example_dags/example_sensors.py
[2025-08-19T18:23:30.813+0000] {logging_mixin.py:151} INFO - [2025-08-19T18:23:30.812+0000] {dag.py:2941} INFO - Sync 1 DAGs
[2025-08-19T18:23:30.846+0000] {logging_mixin.py:151} INFO - [2025-08-19T18:23:30.845+0000] {dag.py:3722} INFO - Setting next_dagrun for example_sensors to None, run_after=None
[2025-08-19T18:23:30.914+0000] {processor.py:179} INFO - Processing /home/airflow/.local/lib/python3.8/site-packages/airflow/example_dags/example_sensors.py took 0.219 seconds
[2025-08-19T18:24:04.665+0000] {processor.py:157} INFO - Started process (PID=205) to work on /home/airflow/.local/lib/python3.8/site-packages/airflow/example_dags/example_sensors.py
[2025-08-19T18:24:04.668+0000] {processor.py:829} INFO - Processing file /home/airflow/.local/lib/python3.8/site-packages/airflow/example_dags/example_sensors.py for tasks to queue
[2025-08-19T18:24:04.676+0000] {logging_mixin.py:151} INFO - [2025-08-19T18:24:04.675+0000] {dagbag.py:536} INFO - Filling up the DagBag from /home/airflow/.local/lib/python3.8/site-packages/airflow/example_dags/example_sensors.py
[2025-08-19T18:24:04.699+0000] {processor.py:839} INFO - DAG(s) dict_keys(['example_sensors']) retrieved from /home/airflow/.local/lib/python3.8/site-packages/airflow/example_dags/example_sensors.py
[2025-08-19T18:24:04.781+0000] {logging_mixin.py:151} INFO - [2025-08-19T18:24:04.780+0000] {dag.py:2941} INFO - Sync 1 DAGs
[2025-08-19T18:24:04.823+0000] {logging_mixin.py:151} INFO - [2025-08-19T18:24:04.822+0000] {dag.py:3722} INFO - Setting next_dagrun for example_sensors to None, run_after=None
[2025-08-19T18:24:04.891+0000] {processor.py:179} INFO - Processing /home/airflow/.local/lib/python3.8/site-packages/airflow/example_dags/example_sensors.py took 0.234 seconds
[2025-08-19T18:24:39.754+0000] {processor.py:157} INFO - Started process (PID=259) to work on /home/airflow/.local/lib/python3.8/site-packages/airflow/example_dags/example_sensors.py
[2025-08-19T18:24:39.859+0000] {processor.py:829} INFO - Processing file /home/airflow/.local/lib/python3.8/site-packages/airflow/example_dags/example_sensors.py for tasks to queue
[2025-08-19T18:24:39.877+0000] {logging_mixin.py:151} INFO - [2025-08-19T18:24:39.876+0000] {dagbag.py:536} INFO - Filling up the DagBag from /home/airflow/.local/lib/python3.8/site-packages/airflow/example_dags/example_sensors.py
[2025-08-19T18:24:39.942+0000] {processor.py:839} INFO - DAG(s) dict_keys(['example_sensors']) retrieved from /home/airflow/.local/lib/python3.8/site-packages/airflow/example_dags/example_sensors.py
[2025-08-19T18:24:40.059+0000] {logging_mixin.py:151} INFO - [2025-08-19T18:24:40.059+0000] {dag.py:2941} INFO - Sync 1 DAGs
[2025-08-19T18:24:40.094+0000] {logging_mixin.py:151} INFO - [2025-08-19T18:24:40.094+0000] {dag.py:3722} INFO - Setting next_dagrun for example_sensors to None, run_after=None
[2025-08-19T18:24:40.223+0000] {processor.py:179} INFO - Processing /home/airflow/.local/lib/python3.8/site-packages/airflow/example_dags/example_sensors.py took 0.495 seconds
[2025-08-19T18:25:10.719+0000] {processor.py:157} INFO - Started process (PID=313) to work on /home/airflow/.local/lib/python3.8/site-packages/airflow/example_dags/example_sensors.py
[2025-08-19T18:25:10.720+0000] {processor.py:829} INFO - Processing file /home/airflow/.local/lib/python3.8/site-packages/airflow/example_dags/example_sensors.py for tasks to queue
[2025-08-19T18:25:10.724+0000] {logging_mixin.py:151} INFO - [2025-08-19T18:25:10.723+0000] {dagbag.py:536} INFO - Filling up the DagBag from /home/airflow/.local/lib/python3.8/site-packages/airflow/example_dags/example_sensors.py
[2025-08-19T18:25:10.738+0000] {processor.py:839} INFO - DAG(s) dict_keys(['example_sensors']) retrieved from /home/airflow/.local/lib/python3.8/site-packages/airflow/example_dags/example_sensors.py
[2025-08-19T18:25:10.782+0000] {logging_mixin.py:151} INFO - [2025-08-19T18:25:10.782+0000] {dag.py:2941} INFO - Sync 1 DAGs
[2025-08-19T18:25:10.810+0000] {logging_mixin.py:151} INFO - [2025-08-19T18:25:10.810+0000] {dag.py:3722} INFO - Setting next_dagrun for example_sensors to None, run_after=None
[2025-08-19T18:25:10.850+0000] {processor.py:179} INFO - Processing /home/airflow/.local/lib/python3.8/site-packages/airflow/example_dags/example_sensors.py took 0.136 seconds
[2025-08-19T18:25:41.501+0000] {processor.py:157} INFO - Started process (PID=367) to work on /home/airflow/.local/lib/python3.8/site-packages/airflow/example_dags/example_sensors.py
[2025-08-19T18:25:41.503+0000] {processor.py:829} INFO - Processing file /home/airflow/.local/lib/python3.8/site-packages/airflow/example_dags/example_sensors.py for tasks to queue
[2025-08-19T18:25:41.507+0000] {logging_mixin.py:151} INFO - [2025-08-19T18:25:41.506+0000] {dagbag.py:536} INFO - Filling up the DagBag from /home/airflow/.local/lib/python3.8/site-packages/airflow/example_dags/example_sensors.py
[2025-08-19T18:25:41.523+0000] {processor.py:839} INFO - DAG(s) dict_keys(['example_sensors']) retrieved from /home/airflow/.local/lib/python3.8/site-packages/airflow/example_dags/example_sensors.py
[2025-08-19T18:25:41.639+0000] {logging_mixin.py:151} INFO - [2025-08-19T18:25:41.638+0000] {dag.py:2941} INFO - Sync 1 DAGs
[2025-08-19T18:25:41.726+0000] {logging_mixin.py:151} INFO - [2025-08-19T18:25:41.725+0000] {dag.py:3722} INFO - Setting next_dagrun for example_sensors to None, run_after=None
[2025-08-19T18:25:41.792+0000] {processor.py:179} INFO - Processing /home/airflow/.local/lib/python3.8/site-packages/airflow/example_dags/example_sensors.py took 0.300 seconds
[2025-08-19T18:26:12.262+0000] {processor.py:157} INFO - Started process (PID=419) to work on /home/airflow/.local/lib/python3.8/site-packages/airflow/example_dags/example_sensors.py
[2025-08-19T18:26:12.269+0000] {processor.py:829} INFO - Processing file /home/airflow/.local/lib/python3.8/site-packages/airflow/example_dags/example_sensors.py for tasks to queue
[2025-08-19T18:26:12.277+0000] {logging_mixin.py:151} INFO - [2025-08-19T18:26:12.276+0000] {dagbag.py:536} INFO - Filling up the DagBag from /home/airflow/.local/lib/python3.8/site-packages/airflow/example_dags/example_sensors.py
[2025-08-19T18:26:12.361+0000] {processor.py:839} INFO - DAG(s) dict_keys(['example_sensors']) retrieved from /home/airflow/.local/lib/python3.8/site-packages/airflow/example_dags/example_sensors.py
[2025-08-19T18:26:12.626+0000] {logging_mixin.py:151} INFO - [2025-08-19T18:26:12.625+0000] {dag.py:2941} INFO - Sync 1 DAGs
[2025-08-19T18:26:12.742+0000] {logging_mixin.py:151} INFO - [2025-08-19T18:26:12.742+0000] {dag.py:3722} INFO - Setting next_dagrun for example_sensors to None, run_after=None
[2025-08-19T18:26:12.891+0000] {processor.py:179} INFO - Processing /home/airflow/.local/lib/python3.8/site-packages/airflow/example_dags/example_sensors.py took 0.644 seconds
[2025-08-19T18:26:43.228+0000] {processor.py:157} INFO - Started process (PID=473) to work on /home/airflow/.local/lib/python3.8/site-packages/airflow/example_dags/example_sensors.py
[2025-08-19T18:26:43.230+0000] {processor.py:829} INFO - Processing file /home/airflow/.local/lib/python3.8/site-packages/airflow/example_dags/example_sensors.py for tasks to queue
[2025-08-19T18:26:43.235+0000] {logging_mixin.py:151} INFO - [2025-08-19T18:26:43.234+0000] {dagbag.py:536} INFO - Filling up the DagBag from /home/airflow/.local/lib/python3.8/site-packages/airflow/example_dags/example_sensors.py
[2025-08-19T18:26:43.252+0000] {processor.py:839} INFO - DAG(s) dict_keys(['example_sensors']) retrieved from /home/airflow/.local/lib/python3.8/site-packages/airflow/example_dags/example_sensors.py
[2025-08-19T18:26:43.368+0000] {logging_mixin.py:151} INFO - [2025-08-19T18:26:43.367+0000] {dag.py:2941} INFO - Sync 1 DAGs
[2025-08-19T18:26:43.393+0000] {logging_mixin.py:151} INFO - [2025-08-19T18:26:43.392+0000] {dag.py:3722} INFO - Setting next_dagrun for example_sensors to None, run_after=None
[2025-08-19T18:26:43.462+0000] {processor.py:179} INFO - Processing /home/airflow/.local/lib/python3.8/site-packages/airflow/example_dags/example_sensors.py took 0.243 seconds
[2025-08-19T18:27:13.672+0000] {processor.py:157} INFO - Started process (PID=527) to work on /home/airflow/.local/lib/python3.8/site-packages/airflow/example_dags/example_sensors.py
[2025-08-19T18:27:13.674+0000] {processor.py:829} INFO - Processing file /home/airflow/.local/lib/python3.8/site-packages/airflow/example_dags/example_sensors.py for tasks to queue
[2025-08-19T18:27:13.678+0000] {logging_mixin.py:151} INFO - [2025-08-19T18:27:13.677+0000] {dagbag.py:536} INFO - Filling up the DagBag from /home/airflow/.local/lib/python3.8/site-packages/airflow/example_dags/example_sensors.py
[2025-08-19T18:27:13.686+0000] {processor.py:839} INFO - DAG(s) dict_keys(['example_sensors']) retrieved from /home/airflow/.local/lib/python3.8/site-packages/airflow/example_dags/example_sensors.py
[2025-08-19T18:27:13.713+0000] {logging_mixin.py:151} INFO - [2025-08-19T18:27:13.713+0000] {dag.py:2941} INFO - Sync 1 DAGs
[2025-08-19T18:27:13.730+0000] {logging_mixin.py:151} INFO - [2025-08-19T18:27:13.730+0000] {dag.py:3722} INFO - Setting next_dagrun for example_sensors to None, run_after=None
[2025-08-19T18:27:13.755+0000] {processor.py:179} INFO - Processing /home/airflow/.local/lib/python3.8/site-packages/airflow/example_dags/example_sensors.py took 0.086 seconds
[2025-08-19T18:27:43.961+0000] {processor.py:157} INFO - Started process (PID=581) to work on /home/airflow/.local/lib/python3.8/site-packages/airflow/example_dags/example_sensors.py
[2025-08-19T18:27:43.962+0000] {processor.py:829} INFO - Processing file /home/airflow/.local/lib/python3.8/site-packages/airflow/example_dags/example_sensors.py for tasks to queue
[2025-08-19T18:27:43.966+0000] {logging_mixin.py:151} INFO - [2025-08-19T18:27:43.964+0000] {dagbag.py:536} INFO - Filling up the DagBag from /home/airflow/.local/lib/python3.8/site-packages/airflow/example_dags/example_sensors.py
[2025-08-19T18:27:43.978+0000] {processor.py:839} INFO - DAG(s) dict_keys(['example_sensors']) retrieved from /home/airflow/.local/lib/python3.8/site-packages/airflow/example_dags/example_sensors.py
[2025-08-19T18:27:44.022+0000] {logging_mixin.py:151} INFO - [2025-08-19T18:27:44.022+0000] {dag.py:2941} INFO - Sync 1 DAGs
[2025-08-19T18:27:44.043+0000] {logging_mixin.py:151} INFO - [2025-08-19T18:27:44.043+0000] {dag.py:3722} INFO - Setting next_dagrun for example_sensors to None, run_after=None
[2025-08-19T18:27:44.082+0000] {processor.py:179} INFO - Processing /home/airflow/.local/lib/python3.8/site-packages/airflow/example_dags/example_sensors.py took 0.125 seconds
[2025-08-19T18:28:14.429+0000] {processor.py:157} INFO - Started process (PID=635) to work on /home/airflow/.local/lib/python3.8/site-packages/airflow/example_dags/example_sensors.py
[2025-08-19T18:28:14.432+0000] {processor.py:829} INFO - Processing file /home/airflow/.local/lib/python3.8/site-packages/airflow/example_dags/example_sensors.py for tasks to queue
[2025-08-19T18:28:14.436+0000] {logging_mixin.py:151} INFO - [2025-08-19T18:28:14.436+0000] {dagbag.py:536} INFO - Filling up the DagBag from /home/airflow/.local/lib/python3.8/site-packages/airflow/example_dags/example_sensors.py
[2025-08-19T18:28:14.451+0000] {processor.py:839} INFO - DAG(s) dict_keys(['example_sensors']) retrieved from /home/airflow/.local/lib/python3.8/site-packages/airflow/example_dags/example_sensors.py
[2025-08-19T18:28:14.482+0000] {logging_mixin.py:151} INFO - [2025-08-19T18:28:14.482+0000] {dag.py:2941} INFO - Sync 1 DAGs
[2025-08-19T18:28:14.497+0000] {logging_mixin.py:151} INFO - [2025-08-19T18:28:14.497+0000] {dag.py:3722} INFO - Setting next_dagrun for example_sensors to None, run_after=None
[2025-08-19T18:28:14.523+0000] {processor.py:179} INFO - Processing /home/airflow/.local/lib/python3.8/site-packages/airflow/example_dags/example_sensors.py took 0.098 seconds
[2025-08-19T18:28:45.156+0000] {processor.py:157} INFO - Started process (PID=689) to work on /home/airflow/.local/lib/python3.8/site-packages/airflow/example_dags/example_sensors.py
[2025-08-19T18:28:45.158+0000] {processor.py:829} INFO - Processing file /home/airflow/.local/lib/python3.8/site-packages/airflow/example_dags/example_sensors.py for tasks to queue
[2025-08-19T18:28:45.162+0000] {logging_mixin.py:151} INFO - [2025-08-19T18:28:45.161+0000] {dagbag.py:536} INFO - Filling up the DagBag from /home/airflow/.local/lib/python3.8/site-packages/airflow/example_dags/example_sensors.py
[2025-08-19T18:28:45.174+0000] {processor.py:839} INFO - DAG(s) dict_keys(['example_sensors']) retrieved from /home/airflow/.local/lib/python3.8/site-packages/airflow/example_dags/example_sensors.py
[2025-08-19T18:28:45.213+0000] {logging_mixin.py:151} INFO - [2025-08-19T18:28:45.213+0000] {dag.py:2941} INFO - Sync 1 DAGs
[2025-08-19T18:28:45.236+0000] {logging_mixin.py:151} INFO - [2025-08-19T18:28:45.236+0000] {dag.py:3722} INFO - Setting next_dagrun for example_sensors to None, run_after=None
[2025-08-19T18:28:45.270+0000] {processor.py:179} INFO - Processing /home/airflow/.local/lib/python3.8/site-packages/airflow/example_dags/example_sensors.py took 0.118 seconds
[2025-08-19T18:29:15.596+0000] {processor.py:157} INFO - Started process (PID=743) to work on /home/airflow/.local/lib/python3.8/site-packages/airflow/example_dags/example_sensors.py
[2025-08-19T18:29:15.598+0000] {processor.py:829} INFO - Processing file /home/airflow/.local/lib/python3.8/site-packages/airflow/example_dags/example_sensors.py for tasks to queue
[2025-08-19T18:29:15.601+0000] {logging_mixin.py:151} INFO - [2025-08-19T18:29:15.601+0000] {dagbag.py:536} INFO - Filling up the DagBag from /home/airflow/.local/lib/python3.8/site-packages/airflow/example_dags/example_sensors.py
[2025-08-19T18:29:15.613+0000] {processor.py:839} INFO - DAG(s) dict_keys(['example_sensors']) retrieved from /home/airflow/.local/lib/python3.8/site-packages/airflow/example_dags/example_sensors.py
[2025-08-19T18:29:15.648+0000] {logging_mixin.py:151} INFO - [2025-08-19T18:29:15.648+0000] {dag.py:2941} INFO - Sync 1 DAGs
[2025-08-19T18:29:15.667+0000] {logging_mixin.py:151} INFO - [2025-08-19T18:29:15.667+0000] {dag.py:3722} INFO - Setting next_dagrun for example_sensors to None, run_after=None
[2025-08-19T18:29:15.700+0000] {processor.py:179} INFO - Processing /home/airflow/.local/lib/python3.8/site-packages/airflow/example_dags/example_sensors.py took 0.108 seconds
[2025-08-19T18:29:45.797+0000] {processor.py:157} INFO - Started process (PID=797) to work on /home/airflow/.local/lib/python3.8/site-packages/airflow/example_dags/example_sensors.py
[2025-08-19T18:29:45.799+0000] {processor.py:829} INFO - Processing file /home/airflow/.local/lib/python3.8/site-packages/airflow/example_dags/example_sensors.py for tasks to queue
[2025-08-19T18:29:45.802+0000] {logging_mixin.py:151} INFO - [2025-08-19T18:29:45.802+0000] {dagbag.py:536} INFO - Filling up the DagBag from /home/airflow/.local/lib/python3.8/site-packages/airflow/example_dags/example_sensors.py
[2025-08-19T18:29:45.815+0000] {processor.py:839} INFO - DAG(s) dict_keys(['example_sensors']) retrieved from /home/airflow/.local/lib/python3.8/site-packages/airflow/example_dags/example_sensors.py
[2025-08-19T18:29:45.867+0000] {logging_mixin.py:151} INFO - [2025-08-19T18:29:45.867+0000] {dag.py:2941} INFO - Sync 1 DAGs
[2025-08-19T18:29:45.896+0000] {logging_mixin.py:151} INFO - [2025-08-19T18:29:45.896+0000] {dag.py:3722} INFO - Setting next_dagrun for example_sensors to None, run_after=None
[2025-08-19T18:29:45.937+0000] {processor.py:179} INFO - Processing /home/airflow/.local/lib/python3.8/site-packages/airflow/example_dags/example_sensors.py took 0.146 seconds
[2025-08-19T18:30:55.325+0000] {processor.py:157} INFO - Started process (PID=95) to work on /home/airflow/.local/lib/python3.8/site-packages/airflow/example_dags/example_sensors.py
[2025-08-19T18:30:55.329+0000] {processor.py:829} INFO - Processing file /home/airflow/.local/lib/python3.8/site-packages/airflow/example_dags/example_sensors.py for tasks to queue
[2025-08-19T18:30:55.339+0000] {logging_mixin.py:151} INFO - [2025-08-19T18:30:55.339+0000] {dagbag.py:536} INFO - Filling up the DagBag from /home/airflow/.local/lib/python3.8/site-packages/airflow/example_dags/example_sensors.py
[2025-08-19T18:30:55.359+0000] {processor.py:839} INFO - DAG(s) dict_keys(['example_sensors']) retrieved from /home/airflow/.local/lib/python3.8/site-packages/airflow/example_dags/example_sensors.py
[2025-08-19T18:30:55.439+0000] {logging_mixin.py:151} INFO - [2025-08-19T18:30:55.439+0000] {dag.py:2941} INFO - Sync 1 DAGs
[2025-08-19T18:30:55.481+0000] {logging_mixin.py:151} INFO - [2025-08-19T18:30:55.481+0000] {dag.py:3722} INFO - Setting next_dagrun for example_sensors to None, run_after=None
[2025-08-19T18:30:55.534+0000] {processor.py:179} INFO - Processing /home/airflow/.local/lib/python3.8/site-packages/airflow/example_dags/example_sensors.py took 0.215 seconds
[2025-08-19T18:31:26.269+0000] {processor.py:157} INFO - Started process (PID=142) to work on /home/airflow/.local/lib/python3.8/site-packages/airflow/example_dags/example_sensors.py
[2025-08-19T18:31:26.271+0000] {processor.py:829} INFO - Processing file /home/airflow/.local/lib/python3.8/site-packages/airflow/example_dags/example_sensors.py for tasks to queue
[2025-08-19T18:31:26.274+0000] {logging_mixin.py:151} INFO - [2025-08-19T18:31:26.273+0000] {dagbag.py:536} INFO - Filling up the DagBag from /home/airflow/.local/lib/python3.8/site-packages/airflow/example_dags/example_sensors.py
[2025-08-19T18:31:26.287+0000] {processor.py:839} INFO - DAG(s) dict_keys(['example_sensors']) retrieved from /home/airflow/.local/lib/python3.8/site-packages/airflow/example_dags/example_sensors.py
[2025-08-19T18:31:26.332+0000] {logging_mixin.py:151} INFO - [2025-08-19T18:31:26.332+0000] {dag.py:2941} INFO - Sync 1 DAGs
[2025-08-19T18:31:26.350+0000] {logging_mixin.py:151} INFO - [2025-08-19T18:31:26.350+0000] {dag.py:3722} INFO - Setting next_dagrun for example_sensors to None, run_after=None
[2025-08-19T18:31:26.388+0000] {processor.py:179} INFO - Processing /home/airflow/.local/lib/python3.8/site-packages/airflow/example_dags/example_sensors.py took 0.128 seconds
[2025-08-19T18:31:57.498+0000] {processor.py:157} INFO - Started process (PID=197) to work on /home/airflow/.local/lib/python3.8/site-packages/airflow/example_dags/example_sensors.py
[2025-08-19T18:31:57.500+0000] {processor.py:829} INFO - Processing file /home/airflow/.local/lib/python3.8/site-packages/airflow/example_dags/example_sensors.py for tasks to queue
[2025-08-19T18:31:57.506+0000] {logging_mixin.py:151} INFO - [2025-08-19T18:31:57.505+0000] {dagbag.py:536} INFO - Filling up the DagBag from /home/airflow/.local/lib/python3.8/site-packages/airflow/example_dags/example_sensors.py
[2025-08-19T18:31:57.525+0000] {processor.py:839} INFO - DAG(s) dict_keys(['example_sensors']) retrieved from /home/airflow/.local/lib/python3.8/site-packages/airflow/example_dags/example_sensors.py
[2025-08-19T18:31:57.583+0000] {logging_mixin.py:151} INFO - [2025-08-19T18:31:57.582+0000] {dag.py:2941} INFO - Sync 1 DAGs
[2025-08-19T18:31:57.618+0000] {logging_mixin.py:151} INFO - [2025-08-19T18:31:57.618+0000] {dag.py:3722} INFO - Setting next_dagrun for example_sensors to None, run_after=None
[2025-08-19T18:31:57.677+0000] {processor.py:179} INFO - Processing /home/airflow/.local/lib/python3.8/site-packages/airflow/example_dags/example_sensors.py took 0.188 seconds
[2025-08-19T18:32:28.486+0000] {processor.py:157} INFO - Started process (PID=251) to work on /home/airflow/.local/lib/python3.8/site-packages/airflow/example_dags/example_sensors.py
[2025-08-19T18:32:28.488+0000] {processor.py:829} INFO - Processing file /home/airflow/.local/lib/python3.8/site-packages/airflow/example_dags/example_sensors.py for tasks to queue
[2025-08-19T18:32:28.492+0000] {logging_mixin.py:151} INFO - [2025-08-19T18:32:28.492+0000] {dagbag.py:536} INFO - Filling up the DagBag from /home/airflow/.local/lib/python3.8/site-packages/airflow/example_dags/example_sensors.py
[2025-08-19T18:32:28.509+0000] {processor.py:839} INFO - DAG(s) dict_keys(['example_sensors']) retrieved from /home/airflow/.local/lib/python3.8/site-packages/airflow/example_dags/example_sensors.py
[2025-08-19T18:32:28.558+0000] {logging_mixin.py:151} INFO - [2025-08-19T18:32:28.557+0000] {dag.py:2941} INFO - Sync 1 DAGs
[2025-08-19T18:32:28.578+0000] {logging_mixin.py:151} INFO - [2025-08-19T18:32:28.578+0000] {dag.py:3722} INFO - Setting next_dagrun for example_sensors to None, run_after=None
[2025-08-19T18:32:28.611+0000] {processor.py:179} INFO - Processing /home/airflow/.local/lib/python3.8/site-packages/airflow/example_dags/example_sensors.py took 0.136 seconds
[2025-08-19T18:32:58.876+0000] {processor.py:157} INFO - Started process (PID=305) to work on /home/airflow/.local/lib/python3.8/site-packages/airflow/example_dags/example_sensors.py
[2025-08-19T18:32:58.878+0000] {processor.py:829} INFO - Processing file /home/airflow/.local/lib/python3.8/site-packages/airflow/example_dags/example_sensors.py for tasks to queue
[2025-08-19T18:32:58.882+0000] {logging_mixin.py:151} INFO - [2025-08-19T18:32:58.881+0000] {dagbag.py:536} INFO - Filling up the DagBag from /home/airflow/.local/lib/python3.8/site-packages/airflow/example_dags/example_sensors.py
[2025-08-19T18:32:58.896+0000] {processor.py:839} INFO - DAG(s) dict_keys(['example_sensors']) retrieved from /home/airflow/.local/lib/python3.8/site-packages/airflow/example_dags/example_sensors.py
[2025-08-19T18:32:58.945+0000] {logging_mixin.py:151} INFO - [2025-08-19T18:32:58.945+0000] {dag.py:2941} INFO - Sync 1 DAGs
[2025-08-19T18:32:58.972+0000] {logging_mixin.py:151} INFO - [2025-08-19T18:32:58.972+0000] {dag.py:3722} INFO - Setting next_dagrun for example_sensors to None, run_after=None
[2025-08-19T18:32:59.011+0000] {processor.py:179} INFO - Processing /home/airflow/.local/lib/python3.8/site-packages/airflow/example_dags/example_sensors.py took 0.140 seconds
[2025-08-19T18:33:29.981+0000] {processor.py:157} INFO - Started process (PID=359) to work on /home/airflow/.local/lib/python3.8/site-packages/airflow/example_dags/example_sensors.py
[2025-08-19T18:33:29.983+0000] {processor.py:829} INFO - Processing file /home/airflow/.local/lib/python3.8/site-packages/airflow/example_dags/example_sensors.py for tasks to queue
[2025-08-19T18:33:29.987+0000] {logging_mixin.py:151} INFO - [2025-08-19T18:33:29.986+0000] {dagbag.py:536} INFO - Filling up the DagBag from /home/airflow/.local/lib/python3.8/site-packages/airflow/example_dags/example_sensors.py
[2025-08-19T18:33:30.003+0000] {processor.py:839} INFO - DAG(s) dict_keys(['example_sensors']) retrieved from /home/airflow/.local/lib/python3.8/site-packages/airflow/example_dags/example_sensors.py
[2025-08-19T18:33:30.059+0000] {logging_mixin.py:151} INFO - [2025-08-19T18:33:30.059+0000] {dag.py:2941} INFO - Sync 1 DAGs
[2025-08-19T18:33:30.087+0000] {logging_mixin.py:151} INFO - [2025-08-19T18:33:30.087+0000] {dag.py:3722} INFO - Setting next_dagrun for example_sensors to None, run_after=None
[2025-08-19T18:33:30.128+0000] {processor.py:179} INFO - Processing /home/airflow/.local/lib/python3.8/site-packages/airflow/example_dags/example_sensors.py took 0.155 seconds
[2025-08-19T18:34:00.695+0000] {processor.py:157} INFO - Started process (PID=413) to work on /home/airflow/.local/lib/python3.8/site-packages/airflow/example_dags/example_sensors.py
[2025-08-19T18:34:00.697+0000] {processor.py:829} INFO - Processing file /home/airflow/.local/lib/python3.8/site-packages/airflow/example_dags/example_sensors.py for tasks to queue
[2025-08-19T18:34:00.702+0000] {logging_mixin.py:151} INFO - [2025-08-19T18:34:00.702+0000] {dagbag.py:536} INFO - Filling up the DagBag from /home/airflow/.local/lib/python3.8/site-packages/airflow/example_dags/example_sensors.py
[2025-08-19T18:34:00.718+0000] {processor.py:839} INFO - DAG(s) dict_keys(['example_sensors']) retrieved from /home/airflow/.local/lib/python3.8/site-packages/airflow/example_dags/example_sensors.py
[2025-08-19T18:34:00.760+0000] {logging_mixin.py:151} INFO - [2025-08-19T18:34:00.760+0000] {dag.py:2941} INFO - Sync 1 DAGs
[2025-08-19T18:34:00.784+0000] {logging_mixin.py:151} INFO - [2025-08-19T18:34:00.784+0000] {dag.py:3722} INFO - Setting next_dagrun for example_sensors to None, run_after=None
[2025-08-19T18:34:00.822+0000] {processor.py:179} INFO - Processing /home/airflow/.local/lib/python3.8/site-packages/airflow/example_dags/example_sensors.py took 0.133 seconds
[2025-08-19T18:34:31.473+0000] {processor.py:157} INFO - Started process (PID=467) to work on /home/airflow/.local/lib/python3.8/site-packages/airflow/example_dags/example_sensors.py
[2025-08-19T18:34:31.475+0000] {processor.py:829} INFO - Processing file /home/airflow/.local/lib/python3.8/site-packages/airflow/example_dags/example_sensors.py for tasks to queue
[2025-08-19T18:34:31.477+0000] {logging_mixin.py:151} INFO - [2025-08-19T18:34:31.477+0000] {dagbag.py:536} INFO - Filling up the DagBag from /home/airflow/.local/lib/python3.8/site-packages/airflow/example_dags/example_sensors.py
[2025-08-19T18:34:31.493+0000] {processor.py:839} INFO - DAG(s) dict_keys(['example_sensors']) retrieved from /home/airflow/.local/lib/python3.8/site-packages/airflow/example_dags/example_sensors.py
[2025-08-19T18:34:31.530+0000] {logging_mixin.py:151} INFO - [2025-08-19T18:34:31.530+0000] {dag.py:2941} INFO - Sync 1 DAGs
[2025-08-19T18:34:31.551+0000] {logging_mixin.py:151} INFO - [2025-08-19T18:34:31.550+0000] {dag.py:3722} INFO - Setting next_dagrun for example_sensors to None, run_after=None
[2025-08-19T18:34:31.577+0000] {processor.py:179} INFO - Processing /home/airflow/.local/lib/python3.8/site-packages/airflow/example_dags/example_sensors.py took 0.110 seconds
[2025-08-19T18:35:01.825+0000] {processor.py:157} INFO - Started process (PID=521) to work on /home/airflow/.local/lib/python3.8/site-packages/airflow/example_dags/example_sensors.py
[2025-08-19T18:35:01.826+0000] {processor.py:829} INFO - Processing file /home/airflow/.local/lib/python3.8/site-packages/airflow/example_dags/example_sensors.py for tasks to queue
[2025-08-19T18:35:01.829+0000] {logging_mixin.py:151} INFO - [2025-08-19T18:35:01.829+0000] {dagbag.py:536} INFO - Filling up the DagBag from /home/airflow/.local/lib/python3.8/site-packages/airflow/example_dags/example_sensors.py
[2025-08-19T18:35:01.847+0000] {processor.py:839} INFO - DAG(s) dict_keys(['example_sensors']) retrieved from /home/airflow/.local/lib/python3.8/site-packages/airflow/example_dags/example_sensors.py
[2025-08-19T18:35:01.889+0000] {logging_mixin.py:151} INFO - [2025-08-19T18:35:01.889+0000] {dag.py:2941} INFO - Sync 1 DAGs
[2025-08-19T18:35:01.915+0000] {logging_mixin.py:151} INFO - [2025-08-19T18:35:01.914+0000] {dag.py:3722} INFO - Setting next_dagrun for example_sensors to None, run_after=None
[2025-08-19T18:35:01.950+0000] {processor.py:179} INFO - Processing /home/airflow/.local/lib/python3.8/site-packages/airflow/example_dags/example_sensors.py took 0.135 seconds
[2025-08-19T18:35:32.892+0000] {processor.py:157} INFO - Started process (PID=575) to work on /home/airflow/.local/lib/python3.8/site-packages/airflow/example_dags/example_sensors.py
[2025-08-19T18:35:32.894+0000] {processor.py:829} INFO - Processing file /home/airflow/.local/lib/python3.8/site-packages/airflow/example_dags/example_sensors.py for tasks to queue
[2025-08-19T18:35:32.897+0000] {logging_mixin.py:151} INFO - [2025-08-19T18:35:32.897+0000] {dagbag.py:536} INFO - Filling up the DagBag from /home/airflow/.local/lib/python3.8/site-packages/airflow/example_dags/example_sensors.py
[2025-08-19T18:35:32.926+0000] {processor.py:839} INFO - DAG(s) dict_keys(['example_sensors']) retrieved from /home/airflow/.local/lib/python3.8/site-packages/airflow/example_dags/example_sensors.py
[2025-08-19T18:35:32.979+0000] {logging_mixin.py:151} INFO - [2025-08-19T18:35:32.978+0000] {dag.py:2941} INFO - Sync 1 DAGs
[2025-08-19T18:35:32.999+0000] {logging_mixin.py:151} INFO - [2025-08-19T18:35:32.999+0000] {dag.py:3722} INFO - Setting next_dagrun for example_sensors to None, run_after=None
[2025-08-19T18:35:33.035+0000] {processor.py:179} INFO - Processing /home/airflow/.local/lib/python3.8/site-packages/airflow/example_dags/example_sensors.py took 0.153 seconds
[2025-08-19T18:36:03.146+0000] {processor.py:157} INFO - Started process (PID=629) to work on /home/airflow/.local/lib/python3.8/site-packages/airflow/example_dags/example_sensors.py
[2025-08-19T18:36:03.148+0000] {processor.py:829} INFO - Processing file /home/airflow/.local/lib/python3.8/site-packages/airflow/example_dags/example_sensors.py for tasks to queue
[2025-08-19T18:36:03.157+0000] {logging_mixin.py:151} INFO - [2025-08-19T18:36:03.156+0000] {dagbag.py:536} INFO - Filling up the DagBag from /home/airflow/.local/lib/python3.8/site-packages/airflow/example_dags/example_sensors.py
[2025-08-19T18:36:03.172+0000] {processor.py:839} INFO - DAG(s) dict_keys(['example_sensors']) retrieved from /home/airflow/.local/lib/python3.8/site-packages/airflow/example_dags/example_sensors.py
[2025-08-19T18:36:03.216+0000] {logging_mixin.py:151} INFO - [2025-08-19T18:36:03.215+0000] {dag.py:2941} INFO - Sync 1 DAGs
[2025-08-19T18:36:03.242+0000] {logging_mixin.py:151} INFO - [2025-08-19T18:36:03.241+0000] {dag.py:3722} INFO - Setting next_dagrun for example_sensors to None, run_after=None
[2025-08-19T18:36:03.276+0000] {processor.py:179} INFO - Processing /home/airflow/.local/lib/python3.8/site-packages/airflow/example_dags/example_sensors.py took 0.137 seconds
[2025-08-19T18:36:35.149+0000] {processor.py:157} INFO - Started process (PID=683) to work on /home/airflow/.local/lib/python3.8/site-packages/airflow/example_dags/example_sensors.py
[2025-08-19T18:36:35.151+0000] {processor.py:829} INFO - Processing file /home/airflow/.local/lib/python3.8/site-packages/airflow/example_dags/example_sensors.py for tasks to queue
[2025-08-19T18:36:35.155+0000] {logging_mixin.py:151} INFO - [2025-08-19T18:36:35.154+0000] {dagbag.py:536} INFO - Filling up the DagBag from /home/airflow/.local/lib/python3.8/site-packages/airflow/example_dags/example_sensors.py
[2025-08-19T18:36:35.174+0000] {processor.py:839} INFO - DAG(s) dict_keys(['example_sensors']) retrieved from /home/airflow/.local/lib/python3.8/site-packages/airflow/example_dags/example_sensors.py
[2025-08-19T18:36:35.213+0000] {logging_mixin.py:151} INFO - [2025-08-19T18:36:35.213+0000] {dag.py:2941} INFO - Sync 1 DAGs
[2025-08-19T18:36:35.236+0000] {logging_mixin.py:151} INFO - [2025-08-19T18:36:35.235+0000] {dag.py:3722} INFO - Setting next_dagrun for example_sensors to None, run_after=None
[2025-08-19T18:36:35.262+0000] {processor.py:179} INFO - Processing /home/airflow/.local/lib/python3.8/site-packages/airflow/example_dags/example_sensors.py took 0.119 seconds
[2025-08-19T18:37:07.484+0000] {processor.py:157} INFO - Started process (PID=737) to work on /home/airflow/.local/lib/python3.8/site-packages/airflow/example_dags/example_sensors.py
[2025-08-19T18:37:07.486+0000] {processor.py:829} INFO - Processing file /home/airflow/.local/lib/python3.8/site-packages/airflow/example_dags/example_sensors.py for tasks to queue
[2025-08-19T18:37:07.489+0000] {logging_mixin.py:151} INFO - [2025-08-19T18:37:07.489+0000] {dagbag.py:536} INFO - Filling up the DagBag from /home/airflow/.local/lib/python3.8/site-packages/airflow/example_dags/example_sensors.py
[2025-08-19T18:37:07.505+0000] {processor.py:839} INFO - DAG(s) dict_keys(['example_sensors']) retrieved from /home/airflow/.local/lib/python3.8/site-packages/airflow/example_dags/example_sensors.py
[2025-08-19T18:37:07.561+0000] {logging_mixin.py:151} INFO - [2025-08-19T18:37:07.560+0000] {dag.py:2941} INFO - Sync 1 DAGs
[2025-08-19T18:37:07.596+0000] {logging_mixin.py:151} INFO - [2025-08-19T18:37:07.596+0000] {dag.py:3722} INFO - Setting next_dagrun for example_sensors to None, run_after=None
[2025-08-19T18:37:07.667+0000] {processor.py:179} INFO - Processing /home/airflow/.local/lib/python3.8/site-packages/airflow/example_dags/example_sensors.py took 0.195 seconds
[2025-08-19T18:37:41.221+0000] {processor.py:157} INFO - Started process (PID=792) to work on /home/airflow/.local/lib/python3.8/site-packages/airflow/example_dags/example_sensors.py
[2025-08-19T18:37:41.224+0000] {processor.py:829} INFO - Processing file /home/airflow/.local/lib/python3.8/site-packages/airflow/example_dags/example_sensors.py for tasks to queue
[2025-08-19T18:37:41.229+0000] {logging_mixin.py:151} INFO - [2025-08-19T18:37:41.228+0000] {dagbag.py:536} INFO - Filling up the DagBag from /home/airflow/.local/lib/python3.8/site-packages/airflow/example_dags/example_sensors.py
[2025-08-19T18:37:41.257+0000] {processor.py:839} INFO - DAG(s) dict_keys(['example_sensors']) retrieved from /home/airflow/.local/lib/python3.8/site-packages/airflow/example_dags/example_sensors.py
[2025-08-19T18:37:41.326+0000] {logging_mixin.py:151} INFO - [2025-08-19T18:37:41.325+0000] {dag.py:2941} INFO - Sync 1 DAGs
[2025-08-19T18:37:41.360+0000] {logging_mixin.py:151} INFO - [2025-08-19T18:37:41.360+0000] {dag.py:3722} INFO - Setting next_dagrun for example_sensors to None, run_after=None
[2025-08-19T18:37:41.411+0000] {processor.py:179} INFO - Processing /home/airflow/.local/lib/python3.8/site-packages/airflow/example_dags/example_sensors.py took 0.203 seconds
[2025-08-19T18:38:12.175+0000] {processor.py:157} INFO - Started process (PID=846) to work on /home/airflow/.local/lib/python3.8/site-packages/airflow/example_dags/example_sensors.py
[2025-08-19T18:38:12.177+0000] {processor.py:829} INFO - Processing file /home/airflow/.local/lib/python3.8/site-packages/airflow/example_dags/example_sensors.py for tasks to queue
[2025-08-19T18:38:12.181+0000] {logging_mixin.py:151} INFO - [2025-08-19T18:38:12.181+0000] {dagbag.py:536} INFO - Filling up the DagBag from /home/airflow/.local/lib/python3.8/site-packages/airflow/example_dags/example_sensors.py
[2025-08-19T18:38:12.196+0000] {processor.py:839} INFO - DAG(s) dict_keys(['example_sensors']) retrieved from /home/airflow/.local/lib/python3.8/site-packages/airflow/example_dags/example_sensors.py
[2025-08-19T18:38:12.246+0000] {logging_mixin.py:151} INFO - [2025-08-19T18:38:12.246+0000] {dag.py:2941} INFO - Sync 1 DAGs
[2025-08-19T18:38:12.266+0000] {logging_mixin.py:151} INFO - [2025-08-19T18:38:12.266+0000] {dag.py:3722} INFO - Setting next_dagrun for example_sensors to None, run_after=None
[2025-08-19T18:38:12.308+0000] {processor.py:179} INFO - Processing /home/airflow/.local/lib/python3.8/site-packages/airflow/example_dags/example_sensors.py took 0.139 seconds
[2025-08-19T18:38:43.017+0000] {processor.py:157} INFO - Started process (PID=900) to work on /home/airflow/.local/lib/python3.8/site-packages/airflow/example_dags/example_sensors.py
[2025-08-19T18:38:43.021+0000] {processor.py:829} INFO - Processing file /home/airflow/.local/lib/python3.8/site-packages/airflow/example_dags/example_sensors.py for tasks to queue
[2025-08-19T18:38:43.028+0000] {logging_mixin.py:151} INFO - [2025-08-19T18:38:43.027+0000] {dagbag.py:536} INFO - Filling up the DagBag from /home/airflow/.local/lib/python3.8/site-packages/airflow/example_dags/example_sensors.py
[2025-08-19T18:38:43.051+0000] {processor.py:839} INFO - DAG(s) dict_keys(['example_sensors']) retrieved from /home/airflow/.local/lib/python3.8/site-packages/airflow/example_dags/example_sensors.py
[2025-08-19T18:38:43.122+0000] {logging_mixin.py:151} INFO - [2025-08-19T18:38:43.121+0000] {dag.py:2941} INFO - Sync 1 DAGs
[2025-08-19T18:38:43.153+0000] {logging_mixin.py:151} INFO - [2025-08-19T18:38:43.153+0000] {dag.py:3722} INFO - Setting next_dagrun for example_sensors to None, run_after=None
[2025-08-19T18:38:43.202+0000] {processor.py:179} INFO - Processing /home/airflow/.local/lib/python3.8/site-packages/airflow/example_dags/example_sensors.py took 0.195 seconds
[2025-08-19T18:39:13.963+0000] {processor.py:157} INFO - Started process (PID=954) to work on /home/airflow/.local/lib/python3.8/site-packages/airflow/example_dags/example_sensors.py
[2025-08-19T18:39:13.965+0000] {processor.py:829} INFO - Processing file /home/airflow/.local/lib/python3.8/site-packages/airflow/example_dags/example_sensors.py for tasks to queue
[2025-08-19T18:39:13.969+0000] {logging_mixin.py:151} INFO - [2025-08-19T18:39:13.969+0000] {dagbag.py:536} INFO - Filling up the DagBag from /home/airflow/.local/lib/python3.8/site-packages/airflow/example_dags/example_sensors.py
[2025-08-19T18:39:13.982+0000] {processor.py:839} INFO - DAG(s) dict_keys(['example_sensors']) retrieved from /home/airflow/.local/lib/python3.8/site-packages/airflow/example_dags/example_sensors.py
[2025-08-19T18:39:14.030+0000] {logging_mixin.py:151} INFO - [2025-08-19T18:39:14.029+0000] {dag.py:2941} INFO - Sync 1 DAGs
[2025-08-19T18:39:14.050+0000] {logging_mixin.py:151} INFO - [2025-08-19T18:39:14.049+0000] {dag.py:3722} INFO - Setting next_dagrun for example_sensors to None, run_after=None
[2025-08-19T18:39:14.088+0000] {processor.py:179} INFO - Processing /home/airflow/.local/lib/python3.8/site-packages/airflow/example_dags/example_sensors.py took 0.130 seconds
