[2025-08-19T18:22:43.999+0000] {processor.py:157} INFO - Started process (PID=88) to work on /home/airflow/.local/lib/python3.8/site-packages/airflow/example_dags/example_python_operator.py
[2025-08-19T18:22:44.001+0000] {processor.py:829} INFO - Processing file /home/airflow/.local/lib/python3.8/site-packages/airflow/example_dags/example_python_operator.py for tasks to queue
[2025-08-19T18:22:44.024+0000] {logging_mixin.py:151} INFO - [2025-08-19T18:22:44.016+0000] {dagbag.py:536} INFO - Filling up the DagBag from /home/airflow/.local/lib/python3.8/site-packages/airflow/example_dags/example_python_operator.py
[2025-08-19T18:22:44.395+0000] {processor.py:839} INFO - DAG(s) dict_keys(['example_python_operator']) retrieved from /home/airflow/.local/lib/python3.8/site-packages/airflow/example_dags/example_python_operator.py
[2025-08-19T18:22:46.787+0000] {logging_mixin.py:151} INFO - [2025-08-19T18:22:46.785+0000] {dag.py:2941} INFO - Sync 1 DAGs
[2025-08-19T18:22:46.819+0000] {logging_mixin.py:151} INFO - [2025-08-19T18:22:46.819+0000] {dag.py:3722} INFO - Setting next_dagrun for example_python_operator to None, run_after=None
[2025-08-19T18:22:46.929+0000] {processor.py:179} INFO - Processing /home/airflow/.local/lib/python3.8/site-packages/airflow/example_dags/example_python_operator.py took 2.972 seconds
[2025-08-19T18:23:27.292+0000] {processor.py:157} INFO - Started process (PID=143) to work on /home/airflow/.local/lib/python3.8/site-packages/airflow/example_dags/example_python_operator.py
[2025-08-19T18:23:27.295+0000] {processor.py:829} INFO - Processing file /home/airflow/.local/lib/python3.8/site-packages/airflow/example_dags/example_python_operator.py for tasks to queue
[2025-08-19T18:23:27.307+0000] {logging_mixin.py:151} INFO - [2025-08-19T18:23:27.306+0000] {dagbag.py:536} INFO - Filling up the DagBag from /home/airflow/.local/lib/python3.8/site-packages/airflow/example_dags/example_python_operator.py
[2025-08-19T18:23:27.353+0000] {processor.py:839} INFO - DAG(s) dict_keys(['example_python_operator']) retrieved from /home/airflow/.local/lib/python3.8/site-packages/airflow/example_dags/example_python_operator.py
[2025-08-19T18:23:27.450+0000] {logging_mixin.py:151} INFO - [2025-08-19T18:23:27.449+0000] {dag.py:2941} INFO - Sync 1 DAGs
[2025-08-19T18:23:27.478+0000] {logging_mixin.py:151} INFO - [2025-08-19T18:23:27.478+0000] {dag.py:3722} INFO - Setting next_dagrun for example_python_operator to None, run_after=None
[2025-08-19T18:23:27.581+0000] {processor.py:179} INFO - Processing /home/airflow/.local/lib/python3.8/site-packages/airflow/example_dags/example_python_operator.py took 0.304 seconds
[2025-08-19T18:23:58.353+0000] {processor.py:157} INFO - Started process (PID=195) to work on /home/airflow/.local/lib/python3.8/site-packages/airflow/example_dags/example_python_operator.py
[2025-08-19T18:23:58.355+0000] {processor.py:829} INFO - Processing file /home/airflow/.local/lib/python3.8/site-packages/airflow/example_dags/example_python_operator.py for tasks to queue
[2025-08-19T18:23:58.357+0000] {logging_mixin.py:151} INFO - [2025-08-19T18:23:58.357+0000] {dagbag.py:536} INFO - Filling up the DagBag from /home/airflow/.local/lib/python3.8/site-packages/airflow/example_dags/example_python_operator.py
[2025-08-19T18:23:58.372+0000] {processor.py:839} INFO - DAG(s) dict_keys(['example_python_operator']) retrieved from /home/airflow/.local/lib/python3.8/site-packages/airflow/example_dags/example_python_operator.py
[2025-08-19T18:23:58.412+0000] {logging_mixin.py:151} INFO - [2025-08-19T18:23:58.411+0000] {dag.py:2941} INFO - Sync 1 DAGs
[2025-08-19T18:23:58.441+0000] {logging_mixin.py:151} INFO - [2025-08-19T18:23:58.440+0000] {dag.py:3722} INFO - Setting next_dagrun for example_python_operator to None, run_after=None
[2025-08-19T18:23:58.498+0000] {processor.py:179} INFO - Processing /home/airflow/.local/lib/python3.8/site-packages/airflow/example_dags/example_python_operator.py took 0.149 seconds
[2025-08-19T18:24:28.938+0000] {processor.py:157} INFO - Started process (PID=249) to work on /home/airflow/.local/lib/python3.8/site-packages/airflow/example_dags/example_python_operator.py
[2025-08-19T18:24:28.951+0000] {processor.py:829} INFO - Processing file /home/airflow/.local/lib/python3.8/site-packages/airflow/example_dags/example_python_operator.py for tasks to queue
[2025-08-19T18:24:28.970+0000] {logging_mixin.py:151} INFO - [2025-08-19T18:24:28.959+0000] {dagbag.py:536} INFO - Filling up the DagBag from /home/airflow/.local/lib/python3.8/site-packages/airflow/example_dags/example_python_operator.py
[2025-08-19T18:24:29.038+0000] {processor.py:839} INFO - DAG(s) dict_keys(['example_python_operator']) retrieved from /home/airflow/.local/lib/python3.8/site-packages/airflow/example_dags/example_python_operator.py
[2025-08-19T18:24:29.855+0000] {logging_mixin.py:151} INFO - [2025-08-19T18:24:29.854+0000] {dag.py:2941} INFO - Sync 1 DAGs
[2025-08-19T18:24:30.051+0000] {logging_mixin.py:151} INFO - [2025-08-19T18:24:30.050+0000] {dag.py:3722} INFO - Setting next_dagrun for example_python_operator to None, run_after=None
[2025-08-19T18:24:30.164+0000] {processor.py:179} INFO - Processing /home/airflow/.local/lib/python3.8/site-packages/airflow/example_dags/example_python_operator.py took 1.249 seconds
[2025-08-19T18:25:00.976+0000] {processor.py:157} INFO - Started process (PID=303) to work on /home/airflow/.local/lib/python3.8/site-packages/airflow/example_dags/example_python_operator.py
[2025-08-19T18:25:00.978+0000] {processor.py:829} INFO - Processing file /home/airflow/.local/lib/python3.8/site-packages/airflow/example_dags/example_python_operator.py for tasks to queue
[2025-08-19T18:25:00.983+0000] {logging_mixin.py:151} INFO - [2025-08-19T18:25:00.983+0000] {dagbag.py:536} INFO - Filling up the DagBag from /home/airflow/.local/lib/python3.8/site-packages/airflow/example_dags/example_python_operator.py
[2025-08-19T18:25:00.998+0000] {processor.py:839} INFO - DAG(s) dict_keys(['example_python_operator']) retrieved from /home/airflow/.local/lib/python3.8/site-packages/airflow/example_dags/example_python_operator.py
[2025-08-19T18:25:01.043+0000] {logging_mixin.py:151} INFO - [2025-08-19T18:25:01.043+0000] {dag.py:2941} INFO - Sync 1 DAGs
[2025-08-19T18:25:01.065+0000] {logging_mixin.py:151} INFO - [2025-08-19T18:25:01.065+0000] {dag.py:3722} INFO - Setting next_dagrun for example_python_operator to None, run_after=None
[2025-08-19T18:25:01.103+0000] {processor.py:179} INFO - Processing /home/airflow/.local/lib/python3.8/site-packages/airflow/example_dags/example_python_operator.py took 0.132 seconds
[2025-08-19T18:25:31.711+0000] {processor.py:157} INFO - Started process (PID=357) to work on /home/airflow/.local/lib/python3.8/site-packages/airflow/example_dags/example_python_operator.py
[2025-08-19T18:25:31.877+0000] {processor.py:829} INFO - Processing file /home/airflow/.local/lib/python3.8/site-packages/airflow/example_dags/example_python_operator.py for tasks to queue
[2025-08-19T18:25:31.890+0000] {logging_mixin.py:151} INFO - [2025-08-19T18:25:31.889+0000] {dagbag.py:536} INFO - Filling up the DagBag from /home/airflow/.local/lib/python3.8/site-packages/airflow/example_dags/example_python_operator.py
[2025-08-19T18:25:31.931+0000] {processor.py:839} INFO - DAG(s) dict_keys(['example_python_operator']) retrieved from /home/airflow/.local/lib/python3.8/site-packages/airflow/example_dags/example_python_operator.py
[2025-08-19T18:25:32.115+0000] {logging_mixin.py:151} INFO - [2025-08-19T18:25:32.115+0000] {dag.py:2941} INFO - Sync 1 DAGs
[2025-08-19T18:25:32.226+0000] {logging_mixin.py:151} INFO - [2025-08-19T18:25:32.225+0000] {dag.py:3722} INFO - Setting next_dagrun for example_python_operator to None, run_after=None
[2025-08-19T18:25:32.728+0000] {processor.py:179} INFO - Processing /home/airflow/.local/lib/python3.8/site-packages/airflow/example_dags/example_python_operator.py took 1.048 seconds
[2025-08-19T18:26:03.533+0000] {processor.py:157} INFO - Started process (PID=411) to work on /home/airflow/.local/lib/python3.8/site-packages/airflow/example_dags/example_python_operator.py
[2025-08-19T18:26:03.535+0000] {processor.py:829} INFO - Processing file /home/airflow/.local/lib/python3.8/site-packages/airflow/example_dags/example_python_operator.py for tasks to queue
[2025-08-19T18:26:03.538+0000] {logging_mixin.py:151} INFO - [2025-08-19T18:26:03.537+0000] {dagbag.py:536} INFO - Filling up the DagBag from /home/airflow/.local/lib/python3.8/site-packages/airflow/example_dags/example_python_operator.py
[2025-08-19T18:26:03.571+0000] {processor.py:839} INFO - DAG(s) dict_keys(['example_python_operator']) retrieved from /home/airflow/.local/lib/python3.8/site-packages/airflow/example_dags/example_python_operator.py
[2025-08-19T18:26:03.626+0000] {logging_mixin.py:151} INFO - [2025-08-19T18:26:03.626+0000] {dag.py:2941} INFO - Sync 1 DAGs
[2025-08-19T18:26:03.659+0000] {logging_mixin.py:151} INFO - [2025-08-19T18:26:03.659+0000] {dag.py:3722} INFO - Setting next_dagrun for example_python_operator to None, run_after=None
[2025-08-19T18:26:03.699+0000] {processor.py:179} INFO - Processing /home/airflow/.local/lib/python3.8/site-packages/airflow/example_dags/example_python_operator.py took 0.172 seconds
[2025-08-19T18:26:34.274+0000] {processor.py:157} INFO - Started process (PID=466) to work on /home/airflow/.local/lib/python3.8/site-packages/airflow/example_dags/example_python_operator.py
[2025-08-19T18:26:34.277+0000] {processor.py:829} INFO - Processing file /home/airflow/.local/lib/python3.8/site-packages/airflow/example_dags/example_python_operator.py for tasks to queue
[2025-08-19T18:26:34.282+0000] {logging_mixin.py:151} INFO - [2025-08-19T18:26:34.281+0000] {dagbag.py:536} INFO - Filling up the DagBag from /home/airflow/.local/lib/python3.8/site-packages/airflow/example_dags/example_python_operator.py
[2025-08-19T18:26:34.351+0000] {processor.py:839} INFO - DAG(s) dict_keys(['example_python_operator']) retrieved from /home/airflow/.local/lib/python3.8/site-packages/airflow/example_dags/example_python_operator.py
[2025-08-19T18:26:34.830+0000] {logging_mixin.py:151} INFO - [2025-08-19T18:26:34.828+0000] {dag.py:2941} INFO - Sync 1 DAGs
[2025-08-19T18:26:35.029+0000] {logging_mixin.py:151} INFO - [2025-08-19T18:26:35.029+0000] {dag.py:3722} INFO - Setting next_dagrun for example_python_operator to None, run_after=None
[2025-08-19T18:26:35.176+0000] {processor.py:179} INFO - Processing /home/airflow/.local/lib/python3.8/site-packages/airflow/example_dags/example_python_operator.py took 1.129 seconds
[2025-08-19T18:27:05.313+0000] {processor.py:157} INFO - Started process (PID=520) to work on /home/airflow/.local/lib/python3.8/site-packages/airflow/example_dags/example_python_operator.py
[2025-08-19T18:27:05.313+0000] {processor.py:829} INFO - Processing file /home/airflow/.local/lib/python3.8/site-packages/airflow/example_dags/example_python_operator.py for tasks to queue
[2025-08-19T18:27:05.315+0000] {logging_mixin.py:151} INFO - [2025-08-19T18:27:05.315+0000] {dagbag.py:536} INFO - Filling up the DagBag from /home/airflow/.local/lib/python3.8/site-packages/airflow/example_dags/example_python_operator.py
[2025-08-19T18:27:05.325+0000] {processor.py:839} INFO - DAG(s) dict_keys(['example_python_operator']) retrieved from /home/airflow/.local/lib/python3.8/site-packages/airflow/example_dags/example_python_operator.py
[2025-08-19T18:27:05.347+0000] {logging_mixin.py:151} INFO - [2025-08-19T18:27:05.347+0000] {dag.py:2941} INFO - Sync 1 DAGs
[2025-08-19T18:27:05.358+0000] {logging_mixin.py:151} INFO - [2025-08-19T18:27:05.358+0000] {dag.py:3722} INFO - Setting next_dagrun for example_python_operator to None, run_after=None
[2025-08-19T18:27:05.379+0000] {processor.py:179} INFO - Processing /home/airflow/.local/lib/python3.8/site-packages/airflow/example_dags/example_python_operator.py took 0.070 seconds
[2025-08-19T18:27:35.833+0000] {processor.py:157} INFO - Started process (PID=574) to work on /home/airflow/.local/lib/python3.8/site-packages/airflow/example_dags/example_python_operator.py
[2025-08-19T18:27:35.835+0000] {processor.py:829} INFO - Processing file /home/airflow/.local/lib/python3.8/site-packages/airflow/example_dags/example_python_operator.py for tasks to queue
[2025-08-19T18:27:35.839+0000] {logging_mixin.py:151} INFO - [2025-08-19T18:27:35.839+0000] {dagbag.py:536} INFO - Filling up the DagBag from /home/airflow/.local/lib/python3.8/site-packages/airflow/example_dags/example_python_operator.py
[2025-08-19T18:27:35.859+0000] {processor.py:839} INFO - DAG(s) dict_keys(['example_python_operator']) retrieved from /home/airflow/.local/lib/python3.8/site-packages/airflow/example_dags/example_python_operator.py
[2025-08-19T18:27:35.897+0000] {logging_mixin.py:151} INFO - [2025-08-19T18:27:35.897+0000] {dag.py:2941} INFO - Sync 1 DAGs
[2025-08-19T18:27:35.917+0000] {logging_mixin.py:151} INFO - [2025-08-19T18:27:35.917+0000] {dag.py:3722} INFO - Setting next_dagrun for example_python_operator to None, run_after=None
[2025-08-19T18:27:35.954+0000] {processor.py:179} INFO - Processing /home/airflow/.local/lib/python3.8/site-packages/airflow/example_dags/example_python_operator.py took 0.126 seconds
[2025-08-19T18:28:06.455+0000] {processor.py:157} INFO - Started process (PID=622) to work on /home/airflow/.local/lib/python3.8/site-packages/airflow/example_dags/example_python_operator.py
[2025-08-19T18:28:06.457+0000] {processor.py:829} INFO - Processing file /home/airflow/.local/lib/python3.8/site-packages/airflow/example_dags/example_python_operator.py for tasks to queue
[2025-08-19T18:28:06.461+0000] {logging_mixin.py:151} INFO - [2025-08-19T18:28:06.460+0000] {dagbag.py:536} INFO - Filling up the DagBag from /home/airflow/.local/lib/python3.8/site-packages/airflow/example_dags/example_python_operator.py
[2025-08-19T18:28:06.476+0000] {processor.py:839} INFO - DAG(s) dict_keys(['example_python_operator']) retrieved from /home/airflow/.local/lib/python3.8/site-packages/airflow/example_dags/example_python_operator.py
[2025-08-19T18:28:06.521+0000] {logging_mixin.py:151} INFO - [2025-08-19T18:28:06.521+0000] {dag.py:2941} INFO - Sync 1 DAGs
[2025-08-19T18:28:06.538+0000] {logging_mixin.py:151} INFO - [2025-08-19T18:28:06.538+0000] {dag.py:3722} INFO - Setting next_dagrun for example_python_operator to None, run_after=None
[2025-08-19T18:28:06.572+0000] {processor.py:179} INFO - Processing /home/airflow/.local/lib/python3.8/site-packages/airflow/example_dags/example_python_operator.py took 0.123 seconds
[2025-08-19T18:28:38.277+0000] {processor.py:157} INFO - Started process (PID=676) to work on /home/airflow/.local/lib/python3.8/site-packages/airflow/example_dags/example_python_operator.py
[2025-08-19T18:28:38.279+0000] {processor.py:829} INFO - Processing file /home/airflow/.local/lib/python3.8/site-packages/airflow/example_dags/example_python_operator.py for tasks to queue
[2025-08-19T18:28:38.282+0000] {logging_mixin.py:151} INFO - [2025-08-19T18:28:38.281+0000] {dagbag.py:536} INFO - Filling up the DagBag from /home/airflow/.local/lib/python3.8/site-packages/airflow/example_dags/example_python_operator.py
[2025-08-19T18:28:38.295+0000] {processor.py:839} INFO - DAG(s) dict_keys(['example_python_operator']) retrieved from /home/airflow/.local/lib/python3.8/site-packages/airflow/example_dags/example_python_operator.py
[2025-08-19T18:28:38.343+0000] {logging_mixin.py:151} INFO - [2025-08-19T18:28:38.343+0000] {dag.py:2941} INFO - Sync 1 DAGs
[2025-08-19T18:28:38.386+0000] {logging_mixin.py:151} INFO - [2025-08-19T18:28:38.386+0000] {dag.py:3722} INFO - Setting next_dagrun for example_python_operator to None, run_after=None
[2025-08-19T18:28:38.439+0000] {processor.py:179} INFO - Processing /home/airflow/.local/lib/python3.8/site-packages/airflow/example_dags/example_python_operator.py took 0.167 seconds
[2025-08-19T18:29:10.850+0000] {processor.py:157} INFO - Started process (PID=730) to work on /home/airflow/.local/lib/python3.8/site-packages/airflow/example_dags/example_python_operator.py
[2025-08-19T18:29:10.855+0000] {processor.py:829} INFO - Processing file /home/airflow/.local/lib/python3.8/site-packages/airflow/example_dags/example_python_operator.py for tasks to queue
[2025-08-19T18:29:10.860+0000] {logging_mixin.py:151} INFO - [2025-08-19T18:29:10.859+0000] {dagbag.py:536} INFO - Filling up the DagBag from /home/airflow/.local/lib/python3.8/site-packages/airflow/example_dags/example_python_operator.py
[2025-08-19T18:29:10.889+0000] {processor.py:839} INFO - DAG(s) dict_keys(['example_python_operator']) retrieved from /home/airflow/.local/lib/python3.8/site-packages/airflow/example_dags/example_python_operator.py
[2025-08-19T18:29:10.938+0000] {logging_mixin.py:151} INFO - [2025-08-19T18:29:10.937+0000] {dag.py:2941} INFO - Sync 1 DAGs
[2025-08-19T18:29:10.956+0000] {logging_mixin.py:151} INFO - [2025-08-19T18:29:10.955+0000] {dag.py:3722} INFO - Setting next_dagrun for example_python_operator to None, run_after=None
[2025-08-19T18:29:10.990+0000] {processor.py:179} INFO - Processing /home/airflow/.local/lib/python3.8/site-packages/airflow/example_dags/example_python_operator.py took 0.147 seconds
[2025-08-19T18:29:41.831+0000] {processor.py:157} INFO - Started process (PID=784) to work on /home/airflow/.local/lib/python3.8/site-packages/airflow/example_dags/example_python_operator.py
[2025-08-19T18:29:41.833+0000] {processor.py:829} INFO - Processing file /home/airflow/.local/lib/python3.8/site-packages/airflow/example_dags/example_python_operator.py for tasks to queue
[2025-08-19T18:29:41.837+0000] {logging_mixin.py:151} INFO - [2025-08-19T18:29:41.837+0000] {dagbag.py:536} INFO - Filling up the DagBag from /home/airflow/.local/lib/python3.8/site-packages/airflow/example_dags/example_python_operator.py
[2025-08-19T18:29:41.851+0000] {processor.py:839} INFO - DAG(s) dict_keys(['example_python_operator']) retrieved from /home/airflow/.local/lib/python3.8/site-packages/airflow/example_dags/example_python_operator.py
[2025-08-19T18:29:41.885+0000] {logging_mixin.py:151} INFO - [2025-08-19T18:29:41.885+0000] {dag.py:2941} INFO - Sync 1 DAGs
[2025-08-19T18:29:41.901+0000] {logging_mixin.py:151} INFO - [2025-08-19T18:29:41.900+0000] {dag.py:3722} INFO - Setting next_dagrun for example_python_operator to None, run_after=None
[2025-08-19T18:29:41.926+0000] {processor.py:179} INFO - Processing /home/airflow/.local/lib/python3.8/site-packages/airflow/example_dags/example_python_operator.py took 0.099 seconds
[2025-08-19T18:30:13.541+0000] {processor.py:157} INFO - Started process (PID=837) to work on /home/airflow/.local/lib/python3.8/site-packages/airflow/example_dags/example_python_operator.py
[2025-08-19T18:30:13.543+0000] {processor.py:829} INFO - Processing file /home/airflow/.local/lib/python3.8/site-packages/airflow/example_dags/example_python_operator.py for tasks to queue
[2025-08-19T18:30:13.546+0000] {logging_mixin.py:151} INFO - [2025-08-19T18:30:13.545+0000] {dagbag.py:536} INFO - Filling up the DagBag from /home/airflow/.local/lib/python3.8/site-packages/airflow/example_dags/example_python_operator.py
[2025-08-19T18:30:13.565+0000] {processor.py:839} INFO - DAG(s) dict_keys(['example_python_operator']) retrieved from /home/airflow/.local/lib/python3.8/site-packages/airflow/example_dags/example_python_operator.py
[2025-08-19T18:30:13.608+0000] {logging_mixin.py:151} INFO - [2025-08-19T18:30:13.608+0000] {dag.py:2941} INFO - Sync 1 DAGs
[2025-08-19T18:30:13.632+0000] {logging_mixin.py:151} INFO - [2025-08-19T18:30:13.632+0000] {dag.py:3722} INFO - Setting next_dagrun for example_python_operator to None, run_after=None
[2025-08-19T18:30:13.691+0000] {processor.py:179} INFO - Processing /home/airflow/.local/lib/python3.8/site-packages/airflow/example_dags/example_python_operator.py took 0.155 seconds
[2025-08-19T18:30:53.945+0000] {processor.py:157} INFO - Started process (PID=80) to work on /home/airflow/.local/lib/python3.8/site-packages/airflow/example_dags/example_python_operator.py
[2025-08-19T18:30:53.949+0000] {processor.py:829} INFO - Processing file /home/airflow/.local/lib/python3.8/site-packages/airflow/example_dags/example_python_operator.py for tasks to queue
[2025-08-19T18:30:53.953+0000] {logging_mixin.py:151} INFO - [2025-08-19T18:30:53.953+0000] {dagbag.py:536} INFO - Filling up the DagBag from /home/airflow/.local/lib/python3.8/site-packages/airflow/example_dags/example_python_operator.py
[2025-08-19T18:30:53.973+0000] {processor.py:839} INFO - DAG(s) dict_keys(['example_python_operator']) retrieved from /home/airflow/.local/lib/python3.8/site-packages/airflow/example_dags/example_python_operator.py
[2025-08-19T18:30:54.205+0000] {logging_mixin.py:151} INFO - [2025-08-19T18:30:54.205+0000] {dag.py:2941} INFO - Sync 1 DAGs
[2025-08-19T18:30:54.229+0000] {logging_mixin.py:151} INFO - [2025-08-19T18:30:54.228+0000] {dag.py:3722} INFO - Setting next_dagrun for example_python_operator to None, run_after=None
[2025-08-19T18:30:54.275+0000] {processor.py:179} INFO - Processing /home/airflow/.local/lib/python3.8/site-packages/airflow/example_dags/example_python_operator.py took 0.337 seconds
[2025-08-19T18:31:24.328+0000] {processor.py:157} INFO - Started process (PID=135) to work on /home/airflow/.local/lib/python3.8/site-packages/airflow/example_dags/example_python_operator.py
[2025-08-19T18:31:24.331+0000] {processor.py:829} INFO - Processing file /home/airflow/.local/lib/python3.8/site-packages/airflow/example_dags/example_python_operator.py for tasks to queue
[2025-08-19T18:31:24.337+0000] {logging_mixin.py:151} INFO - [2025-08-19T18:31:24.336+0000] {dagbag.py:536} INFO - Filling up the DagBag from /home/airflow/.local/lib/python3.8/site-packages/airflow/example_dags/example_python_operator.py
[2025-08-19T18:31:24.361+0000] {processor.py:839} INFO - DAG(s) dict_keys(['example_python_operator']) retrieved from /home/airflow/.local/lib/python3.8/site-packages/airflow/example_dags/example_python_operator.py
[2025-08-19T18:31:24.412+0000] {logging_mixin.py:151} INFO - [2025-08-19T18:31:24.412+0000] {dag.py:2941} INFO - Sync 1 DAGs
[2025-08-19T18:31:24.438+0000] {logging_mixin.py:151} INFO - [2025-08-19T18:31:24.437+0000] {dag.py:3722} INFO - Setting next_dagrun for example_python_operator to None, run_after=None
[2025-08-19T18:31:24.486+0000] {processor.py:179} INFO - Processing /home/airflow/.local/lib/python3.8/site-packages/airflow/example_dags/example_python_operator.py took 0.165 seconds
[2025-08-19T18:31:54.756+0000] {processor.py:157} INFO - Started process (PID=190) to work on /home/airflow/.local/lib/python3.8/site-packages/airflow/example_dags/example_python_operator.py
[2025-08-19T18:31:54.757+0000] {processor.py:829} INFO - Processing file /home/airflow/.local/lib/python3.8/site-packages/airflow/example_dags/example_python_operator.py for tasks to queue
[2025-08-19T18:31:54.760+0000] {logging_mixin.py:151} INFO - [2025-08-19T18:31:54.759+0000] {dagbag.py:536} INFO - Filling up the DagBag from /home/airflow/.local/lib/python3.8/site-packages/airflow/example_dags/example_python_operator.py
[2025-08-19T18:31:54.771+0000] {processor.py:839} INFO - DAG(s) dict_keys(['example_python_operator']) retrieved from /home/airflow/.local/lib/python3.8/site-packages/airflow/example_dags/example_python_operator.py
[2025-08-19T18:31:54.799+0000] {logging_mixin.py:151} INFO - [2025-08-19T18:31:54.798+0000] {dag.py:2941} INFO - Sync 1 DAGs
[2025-08-19T18:31:54.815+0000] {logging_mixin.py:151} INFO - [2025-08-19T18:31:54.815+0000] {dag.py:3722} INFO - Setting next_dagrun for example_python_operator to None, run_after=None
[2025-08-19T18:31:54.842+0000] {processor.py:179} INFO - Processing /home/airflow/.local/lib/python3.8/site-packages/airflow/example_dags/example_python_operator.py took 0.090 seconds
[2025-08-19T18:32:26.228+0000] {processor.py:157} INFO - Started process (PID=243) to work on /home/airflow/.local/lib/python3.8/site-packages/airflow/example_dags/example_python_operator.py
[2025-08-19T18:32:26.230+0000] {processor.py:829} INFO - Processing file /home/airflow/.local/lib/python3.8/site-packages/airflow/example_dags/example_python_operator.py for tasks to queue
[2025-08-19T18:32:26.233+0000] {logging_mixin.py:151} INFO - [2025-08-19T18:32:26.233+0000] {dagbag.py:536} INFO - Filling up the DagBag from /home/airflow/.local/lib/python3.8/site-packages/airflow/example_dags/example_python_operator.py
[2025-08-19T18:32:26.323+0000] {processor.py:839} INFO - DAG(s) dict_keys(['example_python_operator']) retrieved from /home/airflow/.local/lib/python3.8/site-packages/airflow/example_dags/example_python_operator.py
[2025-08-19T18:32:26.390+0000] {logging_mixin.py:151} INFO - [2025-08-19T18:32:26.390+0000] {dag.py:2941} INFO - Sync 1 DAGs
[2025-08-19T18:32:26.450+0000] {logging_mixin.py:151} INFO - [2025-08-19T18:32:26.449+0000] {dag.py:3722} INFO - Setting next_dagrun for example_python_operator to None, run_after=None
[2025-08-19T18:32:26.505+0000] {processor.py:179} INFO - Processing /home/airflow/.local/lib/python3.8/site-packages/airflow/example_dags/example_python_operator.py took 0.285 seconds
[2025-08-19T18:32:56.841+0000] {processor.py:157} INFO - Started process (PID=297) to work on /home/airflow/.local/lib/python3.8/site-packages/airflow/example_dags/example_python_operator.py
[2025-08-19T18:32:56.842+0000] {processor.py:829} INFO - Processing file /home/airflow/.local/lib/python3.8/site-packages/airflow/example_dags/example_python_operator.py for tasks to queue
[2025-08-19T18:32:56.845+0000] {logging_mixin.py:151} INFO - [2025-08-19T18:32:56.844+0000] {dagbag.py:536} INFO - Filling up the DagBag from /home/airflow/.local/lib/python3.8/site-packages/airflow/example_dags/example_python_operator.py
[2025-08-19T18:32:56.857+0000] {processor.py:839} INFO - DAG(s) dict_keys(['example_python_operator']) retrieved from /home/airflow/.local/lib/python3.8/site-packages/airflow/example_dags/example_python_operator.py
[2025-08-19T18:32:56.895+0000] {logging_mixin.py:151} INFO - [2025-08-19T18:32:56.895+0000] {dag.py:2941} INFO - Sync 1 DAGs
[2025-08-19T18:32:56.911+0000] {logging_mixin.py:151} INFO - [2025-08-19T18:32:56.911+0000] {dag.py:3722} INFO - Setting next_dagrun for example_python_operator to None, run_after=None
[2025-08-19T18:32:56.940+0000] {processor.py:179} INFO - Processing /home/airflow/.local/lib/python3.8/site-packages/airflow/example_dags/example_python_operator.py took 0.104 seconds
[2025-08-19T18:33:26.997+0000] {processor.py:157} INFO - Started process (PID=351) to work on /home/airflow/.local/lib/python3.8/site-packages/airflow/example_dags/example_python_operator.py
[2025-08-19T18:33:26.999+0000] {processor.py:829} INFO - Processing file /home/airflow/.local/lib/python3.8/site-packages/airflow/example_dags/example_python_operator.py for tasks to queue
[2025-08-19T18:33:27.002+0000] {logging_mixin.py:151} INFO - [2025-08-19T18:33:27.002+0000] {dagbag.py:536} INFO - Filling up the DagBag from /home/airflow/.local/lib/python3.8/site-packages/airflow/example_dags/example_python_operator.py
[2025-08-19T18:33:27.020+0000] {processor.py:839} INFO - DAG(s) dict_keys(['example_python_operator']) retrieved from /home/airflow/.local/lib/python3.8/site-packages/airflow/example_dags/example_python_operator.py
[2025-08-19T18:33:27.056+0000] {logging_mixin.py:151} INFO - [2025-08-19T18:33:27.056+0000] {dag.py:2941} INFO - Sync 1 DAGs
[2025-08-19T18:33:27.078+0000] {logging_mixin.py:151} INFO - [2025-08-19T18:33:27.078+0000] {dag.py:3722} INFO - Setting next_dagrun for example_python_operator to None, run_after=None
[2025-08-19T18:33:27.114+0000] {processor.py:179} INFO - Processing /home/airflow/.local/lib/python3.8/site-packages/airflow/example_dags/example_python_operator.py took 0.123 seconds
[2025-08-19T18:33:57.540+0000] {processor.py:157} INFO - Started process (PID=405) to work on /home/airflow/.local/lib/python3.8/site-packages/airflow/example_dags/example_python_operator.py
[2025-08-19T18:33:57.547+0000] {processor.py:829} INFO - Processing file /home/airflow/.local/lib/python3.8/site-packages/airflow/example_dags/example_python_operator.py for tasks to queue
[2025-08-19T18:33:57.557+0000] {logging_mixin.py:151} INFO - [2025-08-19T18:33:57.555+0000] {dagbag.py:536} INFO - Filling up the DagBag from /home/airflow/.local/lib/python3.8/site-packages/airflow/example_dags/example_python_operator.py
[2025-08-19T18:33:57.610+0000] {processor.py:839} INFO - DAG(s) dict_keys(['example_python_operator']) retrieved from /home/airflow/.local/lib/python3.8/site-packages/airflow/example_dags/example_python_operator.py
[2025-08-19T18:33:57.690+0000] {logging_mixin.py:151} INFO - [2025-08-19T18:33:57.690+0000] {dag.py:2941} INFO - Sync 1 DAGs
[2025-08-19T18:33:57.724+0000] {logging_mixin.py:151} INFO - [2025-08-19T18:33:57.724+0000] {dag.py:3722} INFO - Setting next_dagrun for example_python_operator to None, run_after=None
[2025-08-19T18:33:57.771+0000] {processor.py:179} INFO - Processing /home/airflow/.local/lib/python3.8/site-packages/airflow/example_dags/example_python_operator.py took 0.246 seconds
[2025-08-19T18:34:28.202+0000] {processor.py:157} INFO - Started process (PID=459) to work on /home/airflow/.local/lib/python3.8/site-packages/airflow/example_dags/example_python_operator.py
[2025-08-19T18:34:28.205+0000] {processor.py:829} INFO - Processing file /home/airflow/.local/lib/python3.8/site-packages/airflow/example_dags/example_python_operator.py for tasks to queue
[2025-08-19T18:34:28.214+0000] {logging_mixin.py:151} INFO - [2025-08-19T18:34:28.213+0000] {dagbag.py:536} INFO - Filling up the DagBag from /home/airflow/.local/lib/python3.8/site-packages/airflow/example_dags/example_python_operator.py
[2025-08-19T18:34:28.239+0000] {processor.py:839} INFO - DAG(s) dict_keys(['example_python_operator']) retrieved from /home/airflow/.local/lib/python3.8/site-packages/airflow/example_dags/example_python_operator.py
[2025-08-19T18:34:28.334+0000] {logging_mixin.py:151} INFO - [2025-08-19T18:34:28.333+0000] {dag.py:2941} INFO - Sync 1 DAGs
[2025-08-19T18:34:28.387+0000] {logging_mixin.py:151} INFO - [2025-08-19T18:34:28.386+0000] {dag.py:3722} INFO - Setting next_dagrun for example_python_operator to None, run_after=None
[2025-08-19T18:34:28.469+0000] {processor.py:179} INFO - Processing /home/airflow/.local/lib/python3.8/site-packages/airflow/example_dags/example_python_operator.py took 0.273 seconds
[2025-08-19T18:34:59.047+0000] {processor.py:157} INFO - Started process (PID=513) to work on /home/airflow/.local/lib/python3.8/site-packages/airflow/example_dags/example_python_operator.py
[2025-08-19T18:34:59.049+0000] {processor.py:829} INFO - Processing file /home/airflow/.local/lib/python3.8/site-packages/airflow/example_dags/example_python_operator.py for tasks to queue
[2025-08-19T18:34:59.053+0000] {logging_mixin.py:151} INFO - [2025-08-19T18:34:59.052+0000] {dagbag.py:536} INFO - Filling up the DagBag from /home/airflow/.local/lib/python3.8/site-packages/airflow/example_dags/example_python_operator.py
[2025-08-19T18:34:59.068+0000] {processor.py:839} INFO - DAG(s) dict_keys(['example_python_operator']) retrieved from /home/airflow/.local/lib/python3.8/site-packages/airflow/example_dags/example_python_operator.py
[2025-08-19T18:34:59.109+0000] {logging_mixin.py:151} INFO - [2025-08-19T18:34:59.109+0000] {dag.py:2941} INFO - Sync 1 DAGs
[2025-08-19T18:34:59.128+0000] {logging_mixin.py:151} INFO - [2025-08-19T18:34:59.127+0000] {dag.py:3722} INFO - Setting next_dagrun for example_python_operator to None, run_after=None
[2025-08-19T18:34:59.162+0000] {processor.py:179} INFO - Processing /home/airflow/.local/lib/python3.8/site-packages/airflow/example_dags/example_python_operator.py took 0.126 seconds
[2025-08-19T18:35:31.813+0000] {processor.py:157} INFO - Started process (PID=567) to work on /home/airflow/.local/lib/python3.8/site-packages/airflow/example_dags/example_python_operator.py
[2025-08-19T18:35:31.815+0000] {processor.py:829} INFO - Processing file /home/airflow/.local/lib/python3.8/site-packages/airflow/example_dags/example_python_operator.py for tasks to queue
[2025-08-19T18:35:31.818+0000] {logging_mixin.py:151} INFO - [2025-08-19T18:35:31.818+0000] {dagbag.py:536} INFO - Filling up the DagBag from /home/airflow/.local/lib/python3.8/site-packages/airflow/example_dags/example_python_operator.py
[2025-08-19T18:35:31.838+0000] {processor.py:839} INFO - DAG(s) dict_keys(['example_python_operator']) retrieved from /home/airflow/.local/lib/python3.8/site-packages/airflow/example_dags/example_python_operator.py
[2025-08-19T18:35:31.919+0000] {logging_mixin.py:151} INFO - [2025-08-19T18:35:31.919+0000] {dag.py:2941} INFO - Sync 1 DAGs
[2025-08-19T18:35:31.955+0000] {logging_mixin.py:151} INFO - [2025-08-19T18:35:31.955+0000] {dag.py:3722} INFO - Setting next_dagrun for example_python_operator to None, run_after=None
[2025-08-19T18:35:32.007+0000] {processor.py:179} INFO - Processing /home/airflow/.local/lib/python3.8/site-packages/airflow/example_dags/example_python_operator.py took 0.202 seconds
[2025-08-19T18:36:02.196+0000] {processor.py:157} INFO - Started process (PID=621) to work on /home/airflow/.local/lib/python3.8/site-packages/airflow/example_dags/example_python_operator.py
[2025-08-19T18:36:02.198+0000] {processor.py:829} INFO - Processing file /home/airflow/.local/lib/python3.8/site-packages/airflow/example_dags/example_python_operator.py for tasks to queue
[2025-08-19T18:36:02.202+0000] {logging_mixin.py:151} INFO - [2025-08-19T18:36:02.202+0000] {dagbag.py:536} INFO - Filling up the DagBag from /home/airflow/.local/lib/python3.8/site-packages/airflow/example_dags/example_python_operator.py
[2025-08-19T18:36:02.218+0000] {processor.py:839} INFO - DAG(s) dict_keys(['example_python_operator']) retrieved from /home/airflow/.local/lib/python3.8/site-packages/airflow/example_dags/example_python_operator.py
[2025-08-19T18:36:02.259+0000] {logging_mixin.py:151} INFO - [2025-08-19T18:36:02.259+0000] {dag.py:2941} INFO - Sync 1 DAGs
[2025-08-19T18:36:02.277+0000] {logging_mixin.py:151} INFO - [2025-08-19T18:36:02.277+0000] {dag.py:3722} INFO - Setting next_dagrun for example_python_operator to None, run_after=None
[2025-08-19T18:36:02.309+0000] {processor.py:179} INFO - Processing /home/airflow/.local/lib/python3.8/site-packages/airflow/example_dags/example_python_operator.py took 0.119 seconds
[2025-08-19T18:36:34.383+0000] {processor.py:157} INFO - Started process (PID=675) to work on /home/airflow/.local/lib/python3.8/site-packages/airflow/example_dags/example_python_operator.py
[2025-08-19T18:36:34.385+0000] {processor.py:829} INFO - Processing file /home/airflow/.local/lib/python3.8/site-packages/airflow/example_dags/example_python_operator.py for tasks to queue
[2025-08-19T18:36:34.389+0000] {logging_mixin.py:151} INFO - [2025-08-19T18:36:34.389+0000] {dagbag.py:536} INFO - Filling up the DagBag from /home/airflow/.local/lib/python3.8/site-packages/airflow/example_dags/example_python_operator.py
[2025-08-19T18:36:34.406+0000] {processor.py:839} INFO - DAG(s) dict_keys(['example_python_operator']) retrieved from /home/airflow/.local/lib/python3.8/site-packages/airflow/example_dags/example_python_operator.py
[2025-08-19T18:36:34.439+0000] {logging_mixin.py:151} INFO - [2025-08-19T18:36:34.439+0000] {dag.py:2941} INFO - Sync 1 DAGs
[2025-08-19T18:36:34.460+0000] {logging_mixin.py:151} INFO - [2025-08-19T18:36:34.460+0000] {dag.py:3722} INFO - Setting next_dagrun for example_python_operator to None, run_after=None
[2025-08-19T18:36:34.495+0000] {processor.py:179} INFO - Processing /home/airflow/.local/lib/python3.8/site-packages/airflow/example_dags/example_python_operator.py took 0.115 seconds
[2025-08-19T18:37:06.187+0000] {processor.py:157} INFO - Started process (PID=729) to work on /home/airflow/.local/lib/python3.8/site-packages/airflow/example_dags/example_python_operator.py
[2025-08-19T18:37:06.190+0000] {processor.py:829} INFO - Processing file /home/airflow/.local/lib/python3.8/site-packages/airflow/example_dags/example_python_operator.py for tasks to queue
[2025-08-19T18:37:06.193+0000] {logging_mixin.py:151} INFO - [2025-08-19T18:37:06.192+0000] {dagbag.py:536} INFO - Filling up the DagBag from /home/airflow/.local/lib/python3.8/site-packages/airflow/example_dags/example_python_operator.py
[2025-08-19T18:37:06.208+0000] {processor.py:839} INFO - DAG(s) dict_keys(['example_python_operator']) retrieved from /home/airflow/.local/lib/python3.8/site-packages/airflow/example_dags/example_python_operator.py
[2025-08-19T18:37:06.257+0000] {logging_mixin.py:151} INFO - [2025-08-19T18:37:06.257+0000] {dag.py:2941} INFO - Sync 1 DAGs
[2025-08-19T18:37:06.281+0000] {logging_mixin.py:151} INFO - [2025-08-19T18:37:06.280+0000] {dag.py:3722} INFO - Setting next_dagrun for example_python_operator to None, run_after=None
[2025-08-19T18:37:06.328+0000] {processor.py:179} INFO - Processing /home/airflow/.local/lib/python3.8/site-packages/airflow/example_dags/example_python_operator.py took 0.151 seconds
[2025-08-19T18:37:39.011+0000] {processor.py:157} INFO - Started process (PID=784) to work on /home/airflow/.local/lib/python3.8/site-packages/airflow/example_dags/example_python_operator.py
[2025-08-19T18:37:39.023+0000] {processor.py:829} INFO - Processing file /home/airflow/.local/lib/python3.8/site-packages/airflow/example_dags/example_python_operator.py for tasks to queue
[2025-08-19T18:37:39.038+0000] {logging_mixin.py:151} INFO - [2025-08-19T18:37:39.028+0000] {dagbag.py:536} INFO - Filling up the DagBag from /home/airflow/.local/lib/python3.8/site-packages/airflow/example_dags/example_python_operator.py
[2025-08-19T18:37:39.082+0000] {processor.py:839} INFO - DAG(s) dict_keys(['example_python_operator']) retrieved from /home/airflow/.local/lib/python3.8/site-packages/airflow/example_dags/example_python_operator.py
[2025-08-19T18:37:39.207+0000] {logging_mixin.py:151} INFO - [2025-08-19T18:37:39.203+0000] {dag.py:2941} INFO - Sync 1 DAGs
[2025-08-19T18:37:39.265+0000] {logging_mixin.py:151} INFO - [2025-08-19T18:37:39.265+0000] {dag.py:3722} INFO - Setting next_dagrun for example_python_operator to None, run_after=None
[2025-08-19T18:37:39.355+0000] {processor.py:179} INFO - Processing /home/airflow/.local/lib/python3.8/site-packages/airflow/example_dags/example_python_operator.py took 0.362 seconds
[2025-08-19T18:38:10.202+0000] {processor.py:157} INFO - Started process (PID=838) to work on /home/airflow/.local/lib/python3.8/site-packages/airflow/example_dags/example_python_operator.py
[2025-08-19T18:38:10.206+0000] {processor.py:829} INFO - Processing file /home/airflow/.local/lib/python3.8/site-packages/airflow/example_dags/example_python_operator.py for tasks to queue
[2025-08-19T18:38:10.227+0000] {logging_mixin.py:151} INFO - [2025-08-19T18:38:10.226+0000] {dagbag.py:536} INFO - Filling up the DagBag from /home/airflow/.local/lib/python3.8/site-packages/airflow/example_dags/example_python_operator.py
[2025-08-19T18:38:10.274+0000] {processor.py:839} INFO - DAG(s) dict_keys(['example_python_operator']) retrieved from /home/airflow/.local/lib/python3.8/site-packages/airflow/example_dags/example_python_operator.py
[2025-08-19T18:38:10.382+0000] {logging_mixin.py:151} INFO - [2025-08-19T18:38:10.381+0000] {dag.py:2941} INFO - Sync 1 DAGs
[2025-08-19T18:38:10.414+0000] {logging_mixin.py:151} INFO - [2025-08-19T18:38:10.414+0000] {dag.py:3722} INFO - Setting next_dagrun for example_python_operator to None, run_after=None
[2025-08-19T18:38:10.480+0000] {processor.py:179} INFO - Processing /home/airflow/.local/lib/python3.8/site-packages/airflow/example_dags/example_python_operator.py took 0.287 seconds
[2025-08-19T18:38:40.909+0000] {processor.py:157} INFO - Started process (PID=892) to work on /home/airflow/.local/lib/python3.8/site-packages/airflow/example_dags/example_python_operator.py
[2025-08-19T18:38:40.910+0000] {processor.py:829} INFO - Processing file /home/airflow/.local/lib/python3.8/site-packages/airflow/example_dags/example_python_operator.py for tasks to queue
[2025-08-19T18:38:40.914+0000] {logging_mixin.py:151} INFO - [2025-08-19T18:38:40.914+0000] {dagbag.py:536} INFO - Filling up the DagBag from /home/airflow/.local/lib/python3.8/site-packages/airflow/example_dags/example_python_operator.py
[2025-08-19T18:38:40.938+0000] {processor.py:839} INFO - DAG(s) dict_keys(['example_python_operator']) retrieved from /home/airflow/.local/lib/python3.8/site-packages/airflow/example_dags/example_python_operator.py
[2025-08-19T18:38:40.987+0000] {logging_mixin.py:151} INFO - [2025-08-19T18:38:40.986+0000] {dag.py:2941} INFO - Sync 1 DAGs
[2025-08-19T18:38:41.014+0000] {logging_mixin.py:151} INFO - [2025-08-19T18:38:41.014+0000] {dag.py:3722} INFO - Setting next_dagrun for example_python_operator to None, run_after=None
[2025-08-19T18:38:41.058+0000] {processor.py:179} INFO - Processing /home/airflow/.local/lib/python3.8/site-packages/airflow/example_dags/example_python_operator.py took 0.155 seconds
[2025-08-19T18:39:13.113+0000] {processor.py:157} INFO - Started process (PID=946) to work on /home/airflow/.local/lib/python3.8/site-packages/airflow/example_dags/example_python_operator.py
[2025-08-19T18:39:13.116+0000] {processor.py:829} INFO - Processing file /home/airflow/.local/lib/python3.8/site-packages/airflow/example_dags/example_python_operator.py for tasks to queue
[2025-08-19T18:39:13.123+0000] {logging_mixin.py:151} INFO - [2025-08-19T18:39:13.122+0000] {dagbag.py:536} INFO - Filling up the DagBag from /home/airflow/.local/lib/python3.8/site-packages/airflow/example_dags/example_python_operator.py
[2025-08-19T18:39:13.146+0000] {processor.py:839} INFO - DAG(s) dict_keys(['example_python_operator']) retrieved from /home/airflow/.local/lib/python3.8/site-packages/airflow/example_dags/example_python_operator.py
[2025-08-19T18:39:13.205+0000] {logging_mixin.py:151} INFO - [2025-08-19T18:39:13.205+0000] {dag.py:2941} INFO - Sync 1 DAGs
[2025-08-19T18:39:13.234+0000] {logging_mixin.py:151} INFO - [2025-08-19T18:39:13.234+0000] {dag.py:3722} INFO - Setting next_dagrun for example_python_operator to None, run_after=None
[2025-08-19T18:39:13.279+0000] {processor.py:179} INFO - Processing /home/airflow/.local/lib/python3.8/site-packages/airflow/example_dags/example_python_operator.py took 0.172 seconds
