[2025-08-19T18:23:02.953+0000] {processor.py:157} INFO - Started process (PID=104) to work on /home/airflow/.local/lib/python3.8/site-packages/airflow/example_dags/example_local_kubernetes_executor.py
[2025-08-19T18:23:02.955+0000] {processor.py:829} INFO - Processing file /home/airflow/.local/lib/python3.8/site-packages/airflow/example_dags/example_local_kubernetes_executor.py for tasks to queue
[2025-08-19T18:23:02.968+0000] {logging_mixin.py:151} INFO - [2025-08-19T18:23:02.967+0000] {dagbag.py:536} INFO - Filling up the DagBag from /home/airflow/.local/lib/python3.8/site-packages/airflow/example_dags/example_local_kubernetes_executor.py
[2025-08-19T18:23:03.013+0000] {processor.py:839} INFO - DAG(s) dict_keys(['example_local_kubernetes_executor']) retrieved from /home/airflow/.local/lib/python3.8/site-packages/airflow/example_dags/example_local_kubernetes_executor.py
[2025-08-19T18:23:03.531+0000] {logging_mixin.py:151} INFO - [2025-08-19T18:23:03.530+0000] {dag.py:2941} INFO - Sync 1 DAGs
[2025-08-19T18:23:03.712+0000] {logging_mixin.py:151} INFO - [2025-08-19T18:23:03.711+0000] {dag.py:3722} INFO - Setting next_dagrun for example_local_kubernetes_executor to None, run_after=None
[2025-08-19T18:23:03.952+0000] {processor.py:179} INFO - Processing /home/airflow/.local/lib/python3.8/site-packages/airflow/example_dags/example_local_kubernetes_executor.py took 1.011 seconds
[2025-08-19T18:23:34.608+0000] {processor.py:157} INFO - Started process (PID=159) to work on /home/airflow/.local/lib/python3.8/site-packages/airflow/example_dags/example_local_kubernetes_executor.py
[2025-08-19T18:23:34.610+0000] {processor.py:829} INFO - Processing file /home/airflow/.local/lib/python3.8/site-packages/airflow/example_dags/example_local_kubernetes_executor.py for tasks to queue
[2025-08-19T18:23:34.614+0000] {logging_mixin.py:151} INFO - [2025-08-19T18:23:34.613+0000] {dagbag.py:536} INFO - Filling up the DagBag from /home/airflow/.local/lib/python3.8/site-packages/airflow/example_dags/example_local_kubernetes_executor.py
[2025-08-19T18:23:34.626+0000] {processor.py:839} INFO - DAG(s) dict_keys(['example_local_kubernetes_executor']) retrieved from /home/airflow/.local/lib/python3.8/site-packages/airflow/example_dags/example_local_kubernetes_executor.py
[2025-08-19T18:23:34.681+0000] {logging_mixin.py:151} INFO - [2025-08-19T18:23:34.680+0000] {dag.py:2941} INFO - Sync 1 DAGs
[2025-08-19T18:23:34.700+0000] {logging_mixin.py:151} INFO - [2025-08-19T18:23:34.700+0000] {dag.py:3722} INFO - Setting next_dagrun for example_local_kubernetes_executor to None, run_after=None
[2025-08-19T18:23:34.737+0000] {processor.py:179} INFO - Processing /home/airflow/.local/lib/python3.8/site-packages/airflow/example_dags/example_local_kubernetes_executor.py took 0.135 seconds
[2025-08-19T18:24:05.947+0000] {processor.py:157} INFO - Started process (PID=213) to work on /home/airflow/.local/lib/python3.8/site-packages/airflow/example_dags/example_local_kubernetes_executor.py
[2025-08-19T18:24:05.951+0000] {processor.py:829} INFO - Processing file /home/airflow/.local/lib/python3.8/site-packages/airflow/example_dags/example_local_kubernetes_executor.py for tasks to queue
[2025-08-19T18:24:05.956+0000] {logging_mixin.py:151} INFO - [2025-08-19T18:24:05.955+0000] {dagbag.py:536} INFO - Filling up the DagBag from /home/airflow/.local/lib/python3.8/site-packages/airflow/example_dags/example_local_kubernetes_executor.py
[2025-08-19T18:24:05.986+0000] {processor.py:839} INFO - DAG(s) dict_keys(['example_local_kubernetes_executor']) retrieved from /home/airflow/.local/lib/python3.8/site-packages/airflow/example_dags/example_local_kubernetes_executor.py
[2025-08-19T18:24:06.097+0000] {logging_mixin.py:151} INFO - [2025-08-19T18:24:06.097+0000] {dag.py:2941} INFO - Sync 1 DAGs
[2025-08-19T18:24:06.124+0000] {logging_mixin.py:151} INFO - [2025-08-19T18:24:06.124+0000] {dag.py:3722} INFO - Setting next_dagrun for example_local_kubernetes_executor to None, run_after=None
[2025-08-19T18:24:06.185+0000] {processor.py:179} INFO - Processing /home/airflow/.local/lib/python3.8/site-packages/airflow/example_dags/example_local_kubernetes_executor.py took 0.251 seconds
[2025-08-19T18:24:42.684+0000] {processor.py:157} INFO - Started process (PID=274) to work on /home/airflow/.local/lib/python3.8/site-packages/airflow/example_dags/example_local_kubernetes_executor.py
[2025-08-19T18:24:42.690+0000] {processor.py:829} INFO - Processing file /home/airflow/.local/lib/python3.8/site-packages/airflow/example_dags/example_local_kubernetes_executor.py for tasks to queue
[2025-08-19T18:24:42.699+0000] {logging_mixin.py:151} INFO - [2025-08-19T18:24:42.698+0000] {dagbag.py:536} INFO - Filling up the DagBag from /home/airflow/.local/lib/python3.8/site-packages/airflow/example_dags/example_local_kubernetes_executor.py
[2025-08-19T18:24:42.786+0000] {processor.py:839} INFO - DAG(s) dict_keys(['example_local_kubernetes_executor']) retrieved from /home/airflow/.local/lib/python3.8/site-packages/airflow/example_dags/example_local_kubernetes_executor.py
[2025-08-19T18:24:43.062+0000] {logging_mixin.py:151} INFO - [2025-08-19T18:24:43.052+0000] {dag.py:2941} INFO - Sync 1 DAGs
[2025-08-19T18:24:43.171+0000] {logging_mixin.py:151} INFO - [2025-08-19T18:24:43.171+0000] {dag.py:3722} INFO - Setting next_dagrun for example_local_kubernetes_executor to None, run_after=None
[2025-08-19T18:24:43.484+0000] {processor.py:179} INFO - Processing /home/airflow/.local/lib/python3.8/site-packages/airflow/example_dags/example_local_kubernetes_executor.py took 0.840 seconds
[2025-08-19T18:25:14.540+0000] {processor.py:157} INFO - Started process (PID=328) to work on /home/airflow/.local/lib/python3.8/site-packages/airflow/example_dags/example_local_kubernetes_executor.py
[2025-08-19T18:25:14.543+0000] {processor.py:829} INFO - Processing file /home/airflow/.local/lib/python3.8/site-packages/airflow/example_dags/example_local_kubernetes_executor.py for tasks to queue
[2025-08-19T18:25:14.550+0000] {logging_mixin.py:151} INFO - [2025-08-19T18:25:14.549+0000] {dagbag.py:536} INFO - Filling up the DagBag from /home/airflow/.local/lib/python3.8/site-packages/airflow/example_dags/example_local_kubernetes_executor.py
[2025-08-19T18:25:14.565+0000] {processor.py:839} INFO - DAG(s) dict_keys(['example_local_kubernetes_executor']) retrieved from /home/airflow/.local/lib/python3.8/site-packages/airflow/example_dags/example_local_kubernetes_executor.py
[2025-08-19T18:25:14.612+0000] {logging_mixin.py:151} INFO - [2025-08-19T18:25:14.611+0000] {dag.py:2941} INFO - Sync 1 DAGs
[2025-08-19T18:25:14.629+0000] {logging_mixin.py:151} INFO - [2025-08-19T18:25:14.629+0000] {dag.py:3722} INFO - Setting next_dagrun for example_local_kubernetes_executor to None, run_after=None
[2025-08-19T18:25:14.656+0000] {processor.py:179} INFO - Processing /home/airflow/.local/lib/python3.8/site-packages/airflow/example_dags/example_local_kubernetes_executor.py took 0.123 seconds
[2025-08-19T18:25:44.893+0000] {processor.py:157} INFO - Started process (PID=375) to work on /home/airflow/.local/lib/python3.8/site-packages/airflow/example_dags/example_local_kubernetes_executor.py
[2025-08-19T18:25:44.895+0000] {processor.py:829} INFO - Processing file /home/airflow/.local/lib/python3.8/site-packages/airflow/example_dags/example_local_kubernetes_executor.py for tasks to queue
[2025-08-19T18:25:44.899+0000] {logging_mixin.py:151} INFO - [2025-08-19T18:25:44.899+0000] {dagbag.py:536} INFO - Filling up the DagBag from /home/airflow/.local/lib/python3.8/site-packages/airflow/example_dags/example_local_kubernetes_executor.py
[2025-08-19T18:25:44.918+0000] {processor.py:839} INFO - DAG(s) dict_keys(['example_local_kubernetes_executor']) retrieved from /home/airflow/.local/lib/python3.8/site-packages/airflow/example_dags/example_local_kubernetes_executor.py
[2025-08-19T18:25:45.040+0000] {logging_mixin.py:151} INFO - [2025-08-19T18:25:45.039+0000] {dag.py:2941} INFO - Sync 1 DAGs
[2025-08-19T18:25:45.083+0000] {logging_mixin.py:151} INFO - [2025-08-19T18:25:45.083+0000] {dag.py:3722} INFO - Setting next_dagrun for example_local_kubernetes_executor to None, run_after=None
[2025-08-19T18:25:45.137+0000] {processor.py:179} INFO - Processing /home/airflow/.local/lib/python3.8/site-packages/airflow/example_dags/example_local_kubernetes_executor.py took 0.254 seconds
[2025-08-19T18:26:18.349+0000] {processor.py:157} INFO - Started process (PID=437) to work on /home/airflow/.local/lib/python3.8/site-packages/airflow/example_dags/example_local_kubernetes_executor.py
[2025-08-19T18:26:18.352+0000] {processor.py:829} INFO - Processing file /home/airflow/.local/lib/python3.8/site-packages/airflow/example_dags/example_local_kubernetes_executor.py for tasks to queue
[2025-08-19T18:26:18.358+0000] {logging_mixin.py:151} INFO - [2025-08-19T18:26:18.357+0000] {dagbag.py:536} INFO - Filling up the DagBag from /home/airflow/.local/lib/python3.8/site-packages/airflow/example_dags/example_local_kubernetes_executor.py
[2025-08-19T18:26:18.392+0000] {processor.py:839} INFO - DAG(s) dict_keys(['example_local_kubernetes_executor']) retrieved from /home/airflow/.local/lib/python3.8/site-packages/airflow/example_dags/example_local_kubernetes_executor.py
[2025-08-19T18:26:18.581+0000] {logging_mixin.py:151} INFO - [2025-08-19T18:26:18.580+0000] {dag.py:2941} INFO - Sync 1 DAGs
[2025-08-19T18:26:18.634+0000] {logging_mixin.py:151} INFO - [2025-08-19T18:26:18.633+0000] {dag.py:3722} INFO - Setting next_dagrun for example_local_kubernetes_executor to None, run_after=None
[2025-08-19T18:26:18.775+0000] {processor.py:179} INFO - Processing /home/airflow/.local/lib/python3.8/site-packages/airflow/example_dags/example_local_kubernetes_executor.py took 0.434 seconds
[2025-08-19T18:26:49.173+0000] {processor.py:157} INFO - Started process (PID=490) to work on /home/airflow/.local/lib/python3.8/site-packages/airflow/example_dags/example_local_kubernetes_executor.py
[2025-08-19T18:26:49.175+0000] {processor.py:829} INFO - Processing file /home/airflow/.local/lib/python3.8/site-packages/airflow/example_dags/example_local_kubernetes_executor.py for tasks to queue
[2025-08-19T18:26:49.182+0000] {logging_mixin.py:151} INFO - [2025-08-19T18:26:49.180+0000] {dagbag.py:536} INFO - Filling up the DagBag from /home/airflow/.local/lib/python3.8/site-packages/airflow/example_dags/example_local_kubernetes_executor.py
[2025-08-19T18:26:49.211+0000] {processor.py:839} INFO - DAG(s) dict_keys(['example_local_kubernetes_executor']) retrieved from /home/airflow/.local/lib/python3.8/site-packages/airflow/example_dags/example_local_kubernetes_executor.py
[2025-08-19T18:26:49.360+0000] {logging_mixin.py:151} INFO - [2025-08-19T18:26:49.358+0000] {dag.py:2941} INFO - Sync 1 DAGs
[2025-08-19T18:26:49.490+0000] {logging_mixin.py:151} INFO - [2025-08-19T18:26:49.490+0000] {dag.py:3722} INFO - Setting next_dagrun for example_local_kubernetes_executor to None, run_after=None
[2025-08-19T18:26:49.600+0000] {processor.py:179} INFO - Processing /home/airflow/.local/lib/python3.8/site-packages/airflow/example_dags/example_local_kubernetes_executor.py took 0.443 seconds
[2025-08-19T18:27:20.254+0000] {processor.py:157} INFO - Started process (PID=536) to work on /home/airflow/.local/lib/python3.8/site-packages/airflow/example_dags/example_local_kubernetes_executor.py
[2025-08-19T18:27:20.257+0000] {processor.py:829} INFO - Processing file /home/airflow/.local/lib/python3.8/site-packages/airflow/example_dags/example_local_kubernetes_executor.py for tasks to queue
[2025-08-19T18:27:20.261+0000] {logging_mixin.py:151} INFO - [2025-08-19T18:27:20.260+0000] {dagbag.py:536} INFO - Filling up the DagBag from /home/airflow/.local/lib/python3.8/site-packages/airflow/example_dags/example_local_kubernetes_executor.py
[2025-08-19T18:27:20.280+0000] {processor.py:839} INFO - DAG(s) dict_keys(['example_local_kubernetes_executor']) retrieved from /home/airflow/.local/lib/python3.8/site-packages/airflow/example_dags/example_local_kubernetes_executor.py
[2025-08-19T18:27:20.374+0000] {logging_mixin.py:151} INFO - [2025-08-19T18:27:20.374+0000] {dag.py:2941} INFO - Sync 1 DAGs
[2025-08-19T18:27:20.417+0000] {logging_mixin.py:151} INFO - [2025-08-19T18:27:20.417+0000] {dag.py:3722} INFO - Setting next_dagrun for example_local_kubernetes_executor to None, run_after=None
[2025-08-19T18:27:20.490+0000] {processor.py:179} INFO - Processing /home/airflow/.local/lib/python3.8/site-packages/airflow/example_dags/example_local_kubernetes_executor.py took 0.246 seconds
[2025-08-19T18:27:50.560+0000] {processor.py:157} INFO - Started process (PID=590) to work on /home/airflow/.local/lib/python3.8/site-packages/airflow/example_dags/example_local_kubernetes_executor.py
[2025-08-19T18:27:50.561+0000] {processor.py:829} INFO - Processing file /home/airflow/.local/lib/python3.8/site-packages/airflow/example_dags/example_local_kubernetes_executor.py for tasks to queue
[2025-08-19T18:27:50.564+0000] {logging_mixin.py:151} INFO - [2025-08-19T18:27:50.564+0000] {dagbag.py:536} INFO - Filling up the DagBag from /home/airflow/.local/lib/python3.8/site-packages/airflow/example_dags/example_local_kubernetes_executor.py
[2025-08-19T18:27:50.576+0000] {processor.py:839} INFO - DAG(s) dict_keys(['example_local_kubernetes_executor']) retrieved from /home/airflow/.local/lib/python3.8/site-packages/airflow/example_dags/example_local_kubernetes_executor.py
[2025-08-19T18:27:50.629+0000] {logging_mixin.py:151} INFO - [2025-08-19T18:27:50.629+0000] {dag.py:2941} INFO - Sync 1 DAGs
[2025-08-19T18:27:50.651+0000] {logging_mixin.py:151} INFO - [2025-08-19T18:27:50.651+0000] {dag.py:3722} INFO - Setting next_dagrun for example_local_kubernetes_executor to None, run_after=None
[2025-08-19T18:27:50.688+0000] {processor.py:179} INFO - Processing /home/airflow/.local/lib/python3.8/site-packages/airflow/example_dags/example_local_kubernetes_executor.py took 0.133 seconds
[2025-08-19T18:28:21.252+0000] {processor.py:157} INFO - Started process (PID=644) to work on /home/airflow/.local/lib/python3.8/site-packages/airflow/example_dags/example_local_kubernetes_executor.py
[2025-08-19T18:28:21.254+0000] {processor.py:829} INFO - Processing file /home/airflow/.local/lib/python3.8/site-packages/airflow/example_dags/example_local_kubernetes_executor.py for tasks to queue
[2025-08-19T18:28:21.264+0000] {logging_mixin.py:151} INFO - [2025-08-19T18:28:21.263+0000] {dagbag.py:536} INFO - Filling up the DagBag from /home/airflow/.local/lib/python3.8/site-packages/airflow/example_dags/example_local_kubernetes_executor.py
[2025-08-19T18:28:21.274+0000] {processor.py:839} INFO - DAG(s) dict_keys(['example_local_kubernetes_executor']) retrieved from /home/airflow/.local/lib/python3.8/site-packages/airflow/example_dags/example_local_kubernetes_executor.py
[2025-08-19T18:28:21.329+0000] {logging_mixin.py:151} INFO - [2025-08-19T18:28:21.328+0000] {dag.py:2941} INFO - Sync 1 DAGs
[2025-08-19T18:28:21.348+0000] {logging_mixin.py:151} INFO - [2025-08-19T18:28:21.347+0000] {dag.py:3722} INFO - Setting next_dagrun for example_local_kubernetes_executor to None, run_after=None
[2025-08-19T18:28:21.399+0000] {processor.py:179} INFO - Processing /home/airflow/.local/lib/python3.8/site-packages/airflow/example_dags/example_local_kubernetes_executor.py took 0.154 seconds
[2025-08-19T18:28:51.993+0000] {processor.py:157} INFO - Started process (PID=698) to work on /home/airflow/.local/lib/python3.8/site-packages/airflow/example_dags/example_local_kubernetes_executor.py
[2025-08-19T18:28:51.996+0000] {processor.py:829} INFO - Processing file /home/airflow/.local/lib/python3.8/site-packages/airflow/example_dags/example_local_kubernetes_executor.py for tasks to queue
[2025-08-19T18:28:52.002+0000] {logging_mixin.py:151} INFO - [2025-08-19T18:28:52.002+0000] {dagbag.py:536} INFO - Filling up the DagBag from /home/airflow/.local/lib/python3.8/site-packages/airflow/example_dags/example_local_kubernetes_executor.py
[2025-08-19T18:28:52.013+0000] {processor.py:839} INFO - DAG(s) dict_keys(['example_local_kubernetes_executor']) retrieved from /home/airflow/.local/lib/python3.8/site-packages/airflow/example_dags/example_local_kubernetes_executor.py
[2025-08-19T18:28:52.062+0000] {logging_mixin.py:151} INFO - [2025-08-19T18:28:52.061+0000] {dag.py:2941} INFO - Sync 1 DAGs
[2025-08-19T18:28:52.079+0000] {logging_mixin.py:151} INFO - [2025-08-19T18:28:52.078+0000] {dag.py:3722} INFO - Setting next_dagrun for example_local_kubernetes_executor to None, run_after=None
[2025-08-19T18:28:52.107+0000] {processor.py:179} INFO - Processing /home/airflow/.local/lib/python3.8/site-packages/airflow/example_dags/example_local_kubernetes_executor.py took 0.120 seconds
[2025-08-19T18:29:22.712+0000] {processor.py:157} INFO - Started process (PID=752) to work on /home/airflow/.local/lib/python3.8/site-packages/airflow/example_dags/example_local_kubernetes_executor.py
[2025-08-19T18:29:22.714+0000] {processor.py:829} INFO - Processing file /home/airflow/.local/lib/python3.8/site-packages/airflow/example_dags/example_local_kubernetes_executor.py for tasks to queue
[2025-08-19T18:29:22.717+0000] {logging_mixin.py:151} INFO - [2025-08-19T18:29:22.717+0000] {dagbag.py:536} INFO - Filling up the DagBag from /home/airflow/.local/lib/python3.8/site-packages/airflow/example_dags/example_local_kubernetes_executor.py
[2025-08-19T18:29:22.727+0000] {processor.py:839} INFO - DAG(s) dict_keys(['example_local_kubernetes_executor']) retrieved from /home/airflow/.local/lib/python3.8/site-packages/airflow/example_dags/example_local_kubernetes_executor.py
[2025-08-19T18:29:22.777+0000] {logging_mixin.py:151} INFO - [2025-08-19T18:29:22.777+0000] {dag.py:2941} INFO - Sync 1 DAGs
[2025-08-19T18:29:22.796+0000] {logging_mixin.py:151} INFO - [2025-08-19T18:29:22.796+0000] {dag.py:3722} INFO - Setting next_dagrun for example_local_kubernetes_executor to None, run_after=None
[2025-08-19T18:29:22.823+0000] {processor.py:179} INFO - Processing /home/airflow/.local/lib/python3.8/site-packages/airflow/example_dags/example_local_kubernetes_executor.py took 0.115 seconds
[2025-08-19T18:29:53.209+0000] {processor.py:157} INFO - Started process (PID=806) to work on /home/airflow/.local/lib/python3.8/site-packages/airflow/example_dags/example_local_kubernetes_executor.py
[2025-08-19T18:29:53.213+0000] {processor.py:829} INFO - Processing file /home/airflow/.local/lib/python3.8/site-packages/airflow/example_dags/example_local_kubernetes_executor.py for tasks to queue
[2025-08-19T18:29:53.224+0000] {logging_mixin.py:151} INFO - [2025-08-19T18:29:53.224+0000] {dagbag.py:536} INFO - Filling up the DagBag from /home/airflow/.local/lib/python3.8/site-packages/airflow/example_dags/example_local_kubernetes_executor.py
[2025-08-19T18:29:53.249+0000] {processor.py:839} INFO - DAG(s) dict_keys(['example_local_kubernetes_executor']) retrieved from /home/airflow/.local/lib/python3.8/site-packages/airflow/example_dags/example_local_kubernetes_executor.py
[2025-08-19T18:29:53.317+0000] {logging_mixin.py:151} INFO - [2025-08-19T18:29:53.317+0000] {dag.py:2941} INFO - Sync 1 DAGs
[2025-08-19T18:29:53.347+0000] {logging_mixin.py:151} INFO - [2025-08-19T18:29:53.346+0000] {dag.py:3722} INFO - Setting next_dagrun for example_local_kubernetes_executor to None, run_after=None
[2025-08-19T18:29:53.391+0000] {processor.py:179} INFO - Processing /home/airflow/.local/lib/python3.8/site-packages/airflow/example_dags/example_local_kubernetes_executor.py took 0.222 seconds
[2025-08-19T18:30:56.195+0000] {processor.py:157} INFO - Started process (PID=103) to work on /home/airflow/.local/lib/python3.8/site-packages/airflow/example_dags/example_local_kubernetes_executor.py
[2025-08-19T18:30:56.197+0000] {processor.py:829} INFO - Processing file /home/airflow/.local/lib/python3.8/site-packages/airflow/example_dags/example_local_kubernetes_executor.py for tasks to queue
[2025-08-19T18:30:56.207+0000] {logging_mixin.py:151} INFO - [2025-08-19T18:30:56.206+0000] {dagbag.py:536} INFO - Filling up the DagBag from /home/airflow/.local/lib/python3.8/site-packages/airflow/example_dags/example_local_kubernetes_executor.py
[2025-08-19T18:30:56.223+0000] {processor.py:839} INFO - DAG(s) dict_keys(['example_local_kubernetes_executor']) retrieved from /home/airflow/.local/lib/python3.8/site-packages/airflow/example_dags/example_local_kubernetes_executor.py
[2025-08-19T18:30:56.304+0000] {logging_mixin.py:151} INFO - [2025-08-19T18:30:56.302+0000] {dag.py:2941} INFO - Sync 1 DAGs
[2025-08-19T18:30:56.354+0000] {logging_mixin.py:151} INFO - [2025-08-19T18:30:56.353+0000] {dag.py:3722} INFO - Setting next_dagrun for example_local_kubernetes_executor to None, run_after=None
[2025-08-19T18:30:56.415+0000] {processor.py:179} INFO - Processing /home/airflow/.local/lib/python3.8/site-packages/airflow/example_dags/example_local_kubernetes_executor.py took 0.228 seconds
[2025-08-19T18:31:27.510+0000] {processor.py:157} INFO - Started process (PID=158) to work on /home/airflow/.local/lib/python3.8/site-packages/airflow/example_dags/example_local_kubernetes_executor.py
[2025-08-19T18:31:27.514+0000] {processor.py:829} INFO - Processing file /home/airflow/.local/lib/python3.8/site-packages/airflow/example_dags/example_local_kubernetes_executor.py for tasks to queue
[2025-08-19T18:31:27.521+0000] {logging_mixin.py:151} INFO - [2025-08-19T18:31:27.520+0000] {dagbag.py:536} INFO - Filling up the DagBag from /home/airflow/.local/lib/python3.8/site-packages/airflow/example_dags/example_local_kubernetes_executor.py
[2025-08-19T18:31:27.546+0000] {processor.py:839} INFO - DAG(s) dict_keys(['example_local_kubernetes_executor']) retrieved from /home/airflow/.local/lib/python3.8/site-packages/airflow/example_dags/example_local_kubernetes_executor.py
[2025-08-19T18:31:27.661+0000] {logging_mixin.py:151} INFO - [2025-08-19T18:31:27.660+0000] {dag.py:2941} INFO - Sync 1 DAGs
[2025-08-19T18:31:27.692+0000] {logging_mixin.py:151} INFO - [2025-08-19T18:31:27.691+0000] {dag.py:3722} INFO - Setting next_dagrun for example_local_kubernetes_executor to None, run_after=None
[2025-08-19T18:31:27.761+0000] {processor.py:179} INFO - Processing /home/airflow/.local/lib/python3.8/site-packages/airflow/example_dags/example_local_kubernetes_executor.py took 0.266 seconds
[2025-08-19T18:31:58.506+0000] {processor.py:157} INFO - Started process (PID=205) to work on /home/airflow/.local/lib/python3.8/site-packages/airflow/example_dags/example_local_kubernetes_executor.py
[2025-08-19T18:31:58.507+0000] {processor.py:829} INFO - Processing file /home/airflow/.local/lib/python3.8/site-packages/airflow/example_dags/example_local_kubernetes_executor.py for tasks to queue
[2025-08-19T18:31:58.510+0000] {logging_mixin.py:151} INFO - [2025-08-19T18:31:58.510+0000] {dagbag.py:536} INFO - Filling up the DagBag from /home/airflow/.local/lib/python3.8/site-packages/airflow/example_dags/example_local_kubernetes_executor.py
[2025-08-19T18:31:58.522+0000] {processor.py:839} INFO - DAG(s) dict_keys(['example_local_kubernetes_executor']) retrieved from /home/airflow/.local/lib/python3.8/site-packages/airflow/example_dags/example_local_kubernetes_executor.py
[2025-08-19T18:31:58.571+0000] {logging_mixin.py:151} INFO - [2025-08-19T18:31:58.570+0000] {dag.py:2941} INFO - Sync 1 DAGs
[2025-08-19T18:31:58.594+0000] {logging_mixin.py:151} INFO - [2025-08-19T18:31:58.594+0000] {dag.py:3722} INFO - Setting next_dagrun for example_local_kubernetes_executor to None, run_after=None
[2025-08-19T18:31:58.627+0000] {processor.py:179} INFO - Processing /home/airflow/.local/lib/python3.8/site-packages/airflow/example_dags/example_local_kubernetes_executor.py took 0.127 seconds
[2025-08-19T18:32:29.183+0000] {processor.py:157} INFO - Started process (PID=259) to work on /home/airflow/.local/lib/python3.8/site-packages/airflow/example_dags/example_local_kubernetes_executor.py
[2025-08-19T18:32:29.186+0000] {processor.py:829} INFO - Processing file /home/airflow/.local/lib/python3.8/site-packages/airflow/example_dags/example_local_kubernetes_executor.py for tasks to queue
[2025-08-19T18:32:29.193+0000] {logging_mixin.py:151} INFO - [2025-08-19T18:32:29.192+0000] {dagbag.py:536} INFO - Filling up the DagBag from /home/airflow/.local/lib/python3.8/site-packages/airflow/example_dags/example_local_kubernetes_executor.py
[2025-08-19T18:32:29.215+0000] {processor.py:839} INFO - DAG(s) dict_keys(['example_local_kubernetes_executor']) retrieved from /home/airflow/.local/lib/python3.8/site-packages/airflow/example_dags/example_local_kubernetes_executor.py
[2025-08-19T18:32:29.335+0000] {logging_mixin.py:151} INFO - [2025-08-19T18:32:29.335+0000] {dag.py:2941} INFO - Sync 1 DAGs
[2025-08-19T18:32:29.381+0000] {logging_mixin.py:151} INFO - [2025-08-19T18:32:29.380+0000] {dag.py:3722} INFO - Setting next_dagrun for example_local_kubernetes_executor to None, run_after=None
[2025-08-19T18:32:29.441+0000] {processor.py:179} INFO - Processing /home/airflow/.local/lib/python3.8/site-packages/airflow/example_dags/example_local_kubernetes_executor.py took 0.267 seconds
[2025-08-19T18:32:59.918+0000] {processor.py:157} INFO - Started process (PID=313) to work on /home/airflow/.local/lib/python3.8/site-packages/airflow/example_dags/example_local_kubernetes_executor.py
[2025-08-19T18:32:59.921+0000] {processor.py:829} INFO - Processing file /home/airflow/.local/lib/python3.8/site-packages/airflow/example_dags/example_local_kubernetes_executor.py for tasks to queue
[2025-08-19T18:32:59.925+0000] {logging_mixin.py:151} INFO - [2025-08-19T18:32:59.924+0000] {dagbag.py:536} INFO - Filling up the DagBag from /home/airflow/.local/lib/python3.8/site-packages/airflow/example_dags/example_local_kubernetes_executor.py
[2025-08-19T18:32:59.944+0000] {processor.py:839} INFO - DAG(s) dict_keys(['example_local_kubernetes_executor']) retrieved from /home/airflow/.local/lib/python3.8/site-packages/airflow/example_dags/example_local_kubernetes_executor.py
[2025-08-19T18:33:00.007+0000] {logging_mixin.py:151} INFO - [2025-08-19T18:33:00.007+0000] {dag.py:2941} INFO - Sync 1 DAGs
[2025-08-19T18:33:00.029+0000] {logging_mixin.py:151} INFO - [2025-08-19T18:33:00.028+0000] {dag.py:3722} INFO - Setting next_dagrun for example_local_kubernetes_executor to None, run_after=None
[2025-08-19T18:33:00.073+0000] {processor.py:179} INFO - Processing /home/airflow/.local/lib/python3.8/site-packages/airflow/example_dags/example_local_kubernetes_executor.py took 0.163 seconds
[2025-08-19T18:33:30.863+0000] {processor.py:157} INFO - Started process (PID=367) to work on /home/airflow/.local/lib/python3.8/site-packages/airflow/example_dags/example_local_kubernetes_executor.py
[2025-08-19T18:33:30.865+0000] {processor.py:829} INFO - Processing file /home/airflow/.local/lib/python3.8/site-packages/airflow/example_dags/example_local_kubernetes_executor.py for tasks to queue
[2025-08-19T18:33:30.868+0000] {logging_mixin.py:151} INFO - [2025-08-19T18:33:30.868+0000] {dagbag.py:536} INFO - Filling up the DagBag from /home/airflow/.local/lib/python3.8/site-packages/airflow/example_dags/example_local_kubernetes_executor.py
[2025-08-19T18:33:30.880+0000] {processor.py:839} INFO - DAG(s) dict_keys(['example_local_kubernetes_executor']) retrieved from /home/airflow/.local/lib/python3.8/site-packages/airflow/example_dags/example_local_kubernetes_executor.py
[2025-08-19T18:33:30.937+0000] {logging_mixin.py:151} INFO - [2025-08-19T18:33:30.937+0000] {dag.py:2941} INFO - Sync 1 DAGs
[2025-08-19T18:33:30.953+0000] {logging_mixin.py:151} INFO - [2025-08-19T18:33:30.953+0000] {dag.py:3722} INFO - Setting next_dagrun for example_local_kubernetes_executor to None, run_after=None
[2025-08-19T18:33:30.987+0000] {processor.py:179} INFO - Processing /home/airflow/.local/lib/python3.8/site-packages/airflow/example_dags/example_local_kubernetes_executor.py took 0.129 seconds
[2025-08-19T18:34:01.562+0000] {processor.py:157} INFO - Started process (PID=421) to work on /home/airflow/.local/lib/python3.8/site-packages/airflow/example_dags/example_local_kubernetes_executor.py
[2025-08-19T18:34:01.564+0000] {processor.py:829} INFO - Processing file /home/airflow/.local/lib/python3.8/site-packages/airflow/example_dags/example_local_kubernetes_executor.py for tasks to queue
[2025-08-19T18:34:01.568+0000] {logging_mixin.py:151} INFO - [2025-08-19T18:34:01.568+0000] {dagbag.py:536} INFO - Filling up the DagBag from /home/airflow/.local/lib/python3.8/site-packages/airflow/example_dags/example_local_kubernetes_executor.py
[2025-08-19T18:34:01.580+0000] {processor.py:839} INFO - DAG(s) dict_keys(['example_local_kubernetes_executor']) retrieved from /home/airflow/.local/lib/python3.8/site-packages/airflow/example_dags/example_local_kubernetes_executor.py
[2025-08-19T18:34:01.632+0000] {logging_mixin.py:151} INFO - [2025-08-19T18:34:01.631+0000] {dag.py:2941} INFO - Sync 1 DAGs
[2025-08-19T18:34:01.649+0000] {logging_mixin.py:151} INFO - [2025-08-19T18:34:01.648+0000] {dag.py:3722} INFO - Setting next_dagrun for example_local_kubernetes_executor to None, run_after=None
[2025-08-19T18:34:01.685+0000] {processor.py:179} INFO - Processing /home/airflow/.local/lib/python3.8/site-packages/airflow/example_dags/example_local_kubernetes_executor.py took 0.128 seconds
[2025-08-19T18:34:32.663+0000] {processor.py:157} INFO - Started process (PID=475) to work on /home/airflow/.local/lib/python3.8/site-packages/airflow/example_dags/example_local_kubernetes_executor.py
[2025-08-19T18:34:32.666+0000] {processor.py:829} INFO - Processing file /home/airflow/.local/lib/python3.8/site-packages/airflow/example_dags/example_local_kubernetes_executor.py for tasks to queue
[2025-08-19T18:34:32.671+0000] {logging_mixin.py:151} INFO - [2025-08-19T18:34:32.670+0000] {dagbag.py:536} INFO - Filling up the DagBag from /home/airflow/.local/lib/python3.8/site-packages/airflow/example_dags/example_local_kubernetes_executor.py
[2025-08-19T18:34:32.689+0000] {processor.py:839} INFO - DAG(s) dict_keys(['example_local_kubernetes_executor']) retrieved from /home/airflow/.local/lib/python3.8/site-packages/airflow/example_dags/example_local_kubernetes_executor.py
[2025-08-19T18:34:32.746+0000] {logging_mixin.py:151} INFO - [2025-08-19T18:34:32.746+0000] {dag.py:2941} INFO - Sync 1 DAGs
[2025-08-19T18:34:32.761+0000] {logging_mixin.py:151} INFO - [2025-08-19T18:34:32.761+0000] {dag.py:3722} INFO - Setting next_dagrun for example_local_kubernetes_executor to None, run_after=None
[2025-08-19T18:34:32.786+0000] {processor.py:179} INFO - Processing /home/airflow/.local/lib/python3.8/site-packages/airflow/example_dags/example_local_kubernetes_executor.py took 0.129 seconds
[2025-08-19T18:35:02.947+0000] {processor.py:157} INFO - Started process (PID=529) to work on /home/airflow/.local/lib/python3.8/site-packages/airflow/example_dags/example_local_kubernetes_executor.py
[2025-08-19T18:35:02.949+0000] {processor.py:829} INFO - Processing file /home/airflow/.local/lib/python3.8/site-packages/airflow/example_dags/example_local_kubernetes_executor.py for tasks to queue
[2025-08-19T18:35:02.951+0000] {logging_mixin.py:151} INFO - [2025-08-19T18:35:02.951+0000] {dagbag.py:536} INFO - Filling up the DagBag from /home/airflow/.local/lib/python3.8/site-packages/airflow/example_dags/example_local_kubernetes_executor.py
[2025-08-19T18:35:02.962+0000] {processor.py:839} INFO - DAG(s) dict_keys(['example_local_kubernetes_executor']) retrieved from /home/airflow/.local/lib/python3.8/site-packages/airflow/example_dags/example_local_kubernetes_executor.py
[2025-08-19T18:35:03.007+0000] {logging_mixin.py:151} INFO - [2025-08-19T18:35:03.007+0000] {dag.py:2941} INFO - Sync 1 DAGs
[2025-08-19T18:35:03.022+0000] {logging_mixin.py:151} INFO - [2025-08-19T18:35:03.022+0000] {dag.py:3722} INFO - Setting next_dagrun for example_local_kubernetes_executor to None, run_after=None
[2025-08-19T18:35:03.051+0000] {processor.py:179} INFO - Processing /home/airflow/.local/lib/python3.8/site-packages/airflow/example_dags/example_local_kubernetes_executor.py took 0.108 seconds
[2025-08-19T18:35:33.614+0000] {processor.py:157} INFO - Started process (PID=583) to work on /home/airflow/.local/lib/python3.8/site-packages/airflow/example_dags/example_local_kubernetes_executor.py
[2025-08-19T18:35:33.616+0000] {processor.py:829} INFO - Processing file /home/airflow/.local/lib/python3.8/site-packages/airflow/example_dags/example_local_kubernetes_executor.py for tasks to queue
[2025-08-19T18:35:33.620+0000] {logging_mixin.py:151} INFO - [2025-08-19T18:35:33.619+0000] {dagbag.py:536} INFO - Filling up the DagBag from /home/airflow/.local/lib/python3.8/site-packages/airflow/example_dags/example_local_kubernetes_executor.py
[2025-08-19T18:35:33.633+0000] {processor.py:839} INFO - DAG(s) dict_keys(['example_local_kubernetes_executor']) retrieved from /home/airflow/.local/lib/python3.8/site-packages/airflow/example_dags/example_local_kubernetes_executor.py
[2025-08-19T18:35:33.684+0000] {logging_mixin.py:151} INFO - [2025-08-19T18:35:33.684+0000] {dag.py:2941} INFO - Sync 1 DAGs
[2025-08-19T18:35:33.709+0000] {logging_mixin.py:151} INFO - [2025-08-19T18:35:33.708+0000] {dag.py:3722} INFO - Setting next_dagrun for example_local_kubernetes_executor to None, run_after=None
[2025-08-19T18:35:33.738+0000] {processor.py:179} INFO - Processing /home/airflow/.local/lib/python3.8/site-packages/airflow/example_dags/example_local_kubernetes_executor.py took 0.129 seconds
[2025-08-19T18:36:04.313+0000] {processor.py:157} INFO - Started process (PID=637) to work on /home/airflow/.local/lib/python3.8/site-packages/airflow/example_dags/example_local_kubernetes_executor.py
[2025-08-19T18:36:04.317+0000] {processor.py:829} INFO - Processing file /home/airflow/.local/lib/python3.8/site-packages/airflow/example_dags/example_local_kubernetes_executor.py for tasks to queue
[2025-08-19T18:36:04.328+0000] {logging_mixin.py:151} INFO - [2025-08-19T18:36:04.327+0000] {dagbag.py:536} INFO - Filling up the DagBag from /home/airflow/.local/lib/python3.8/site-packages/airflow/example_dags/example_local_kubernetes_executor.py
[2025-08-19T18:36:04.351+0000] {processor.py:839} INFO - DAG(s) dict_keys(['example_local_kubernetes_executor']) retrieved from /home/airflow/.local/lib/python3.8/site-packages/airflow/example_dags/example_local_kubernetes_executor.py
[2025-08-19T18:36:04.454+0000] {logging_mixin.py:151} INFO - [2025-08-19T18:36:04.453+0000] {dag.py:2941} INFO - Sync 1 DAGs
[2025-08-19T18:36:04.482+0000] {logging_mixin.py:151} INFO - [2025-08-19T18:36:04.482+0000] {dag.py:3722} INFO - Setting next_dagrun for example_local_kubernetes_executor to None, run_after=None
[2025-08-19T18:36:04.520+0000] {processor.py:179} INFO - Processing /home/airflow/.local/lib/python3.8/site-packages/airflow/example_dags/example_local_kubernetes_executor.py took 0.222 seconds
[2025-08-19T18:36:35.777+0000] {processor.py:157} INFO - Started process (PID=691) to work on /home/airflow/.local/lib/python3.8/site-packages/airflow/example_dags/example_local_kubernetes_executor.py
[2025-08-19T18:36:35.779+0000] {processor.py:829} INFO - Processing file /home/airflow/.local/lib/python3.8/site-packages/airflow/example_dags/example_local_kubernetes_executor.py for tasks to queue
[2025-08-19T18:36:35.782+0000] {logging_mixin.py:151} INFO - [2025-08-19T18:36:35.782+0000] {dagbag.py:536} INFO - Filling up the DagBag from /home/airflow/.local/lib/python3.8/site-packages/airflow/example_dags/example_local_kubernetes_executor.py
[2025-08-19T18:36:35.797+0000] {processor.py:839} INFO - DAG(s) dict_keys(['example_local_kubernetes_executor']) retrieved from /home/airflow/.local/lib/python3.8/site-packages/airflow/example_dags/example_local_kubernetes_executor.py
[2025-08-19T18:36:35.847+0000] {logging_mixin.py:151} INFO - [2025-08-19T18:36:35.847+0000] {dag.py:2941} INFO - Sync 1 DAGs
[2025-08-19T18:36:35.871+0000] {logging_mixin.py:151} INFO - [2025-08-19T18:36:35.871+0000] {dag.py:3722} INFO - Setting next_dagrun for example_local_kubernetes_executor to None, run_after=None
[2025-08-19T18:36:35.903+0000] {processor.py:179} INFO - Processing /home/airflow/.local/lib/python3.8/site-packages/airflow/example_dags/example_local_kubernetes_executor.py took 0.131 seconds
[2025-08-19T18:37:08.815+0000] {processor.py:157} INFO - Started process (PID=745) to work on /home/airflow/.local/lib/python3.8/site-packages/airflow/example_dags/example_local_kubernetes_executor.py
[2025-08-19T18:37:08.818+0000] {processor.py:829} INFO - Processing file /home/airflow/.local/lib/python3.8/site-packages/airflow/example_dags/example_local_kubernetes_executor.py for tasks to queue
[2025-08-19T18:37:08.822+0000] {logging_mixin.py:151} INFO - [2025-08-19T18:37:08.822+0000] {dagbag.py:536} INFO - Filling up the DagBag from /home/airflow/.local/lib/python3.8/site-packages/airflow/example_dags/example_local_kubernetes_executor.py
[2025-08-19T18:37:08.861+0000] {processor.py:839} INFO - DAG(s) dict_keys(['example_local_kubernetes_executor']) retrieved from /home/airflow/.local/lib/python3.8/site-packages/airflow/example_dags/example_local_kubernetes_executor.py
[2025-08-19T18:37:08.957+0000] {logging_mixin.py:151} INFO - [2025-08-19T18:37:08.957+0000] {dag.py:2941} INFO - Sync 1 DAGs
[2025-08-19T18:37:08.990+0000] {logging_mixin.py:151} INFO - [2025-08-19T18:37:08.990+0000] {dag.py:3722} INFO - Setting next_dagrun for example_local_kubernetes_executor to None, run_after=None
[2025-08-19T18:37:09.033+0000] {processor.py:179} INFO - Processing /home/airflow/.local/lib/python3.8/site-packages/airflow/example_dags/example_local_kubernetes_executor.py took 0.264 seconds
[2025-08-19T18:37:42.294+0000] {processor.py:157} INFO - Started process (PID=800) to work on /home/airflow/.local/lib/python3.8/site-packages/airflow/example_dags/example_local_kubernetes_executor.py
[2025-08-19T18:37:42.297+0000] {processor.py:829} INFO - Processing file /home/airflow/.local/lib/python3.8/site-packages/airflow/example_dags/example_local_kubernetes_executor.py for tasks to queue
[2025-08-19T18:37:42.302+0000] {logging_mixin.py:151} INFO - [2025-08-19T18:37:42.301+0000] {dagbag.py:536} INFO - Filling up the DagBag from /home/airflow/.local/lib/python3.8/site-packages/airflow/example_dags/example_local_kubernetes_executor.py
[2025-08-19T18:37:42.318+0000] {processor.py:839} INFO - DAG(s) dict_keys(['example_local_kubernetes_executor']) retrieved from /home/airflow/.local/lib/python3.8/site-packages/airflow/example_dags/example_local_kubernetes_executor.py
[2025-08-19T18:37:42.413+0000] {logging_mixin.py:151} INFO - [2025-08-19T18:37:42.413+0000] {dag.py:2941} INFO - Sync 1 DAGs
[2025-08-19T18:37:42.448+0000] {logging_mixin.py:151} INFO - [2025-08-19T18:37:42.448+0000] {dag.py:3722} INFO - Setting next_dagrun for example_local_kubernetes_executor to None, run_after=None
[2025-08-19T18:37:42.507+0000] {processor.py:179} INFO - Processing /home/airflow/.local/lib/python3.8/site-packages/airflow/example_dags/example_local_kubernetes_executor.py took 0.225 seconds
[2025-08-19T18:38:13.028+0000] {processor.py:157} INFO - Started process (PID=854) to work on /home/airflow/.local/lib/python3.8/site-packages/airflow/example_dags/example_local_kubernetes_executor.py
[2025-08-19T18:38:13.030+0000] {processor.py:829} INFO - Processing file /home/airflow/.local/lib/python3.8/site-packages/airflow/example_dags/example_local_kubernetes_executor.py for tasks to queue
[2025-08-19T18:38:13.035+0000] {logging_mixin.py:151} INFO - [2025-08-19T18:38:13.035+0000] {dagbag.py:536} INFO - Filling up the DagBag from /home/airflow/.local/lib/python3.8/site-packages/airflow/example_dags/example_local_kubernetes_executor.py
[2025-08-19T18:38:13.059+0000] {processor.py:839} INFO - DAG(s) dict_keys(['example_local_kubernetes_executor']) retrieved from /home/airflow/.local/lib/python3.8/site-packages/airflow/example_dags/example_local_kubernetes_executor.py
[2025-08-19T18:38:13.148+0000] {logging_mixin.py:151} INFO - [2025-08-19T18:38:13.147+0000] {dag.py:2941} INFO - Sync 1 DAGs
[2025-08-19T18:38:13.186+0000] {logging_mixin.py:151} INFO - [2025-08-19T18:38:13.186+0000] {dag.py:3722} INFO - Setting next_dagrun for example_local_kubernetes_executor to None, run_after=None
[2025-08-19T18:38:13.264+0000] {processor.py:179} INFO - Processing /home/airflow/.local/lib/python3.8/site-packages/airflow/example_dags/example_local_kubernetes_executor.py took 0.249 seconds
[2025-08-19T18:38:44.114+0000] {processor.py:157} INFO - Started process (PID=908) to work on /home/airflow/.local/lib/python3.8/site-packages/airflow/example_dags/example_local_kubernetes_executor.py
[2025-08-19T18:38:44.116+0000] {processor.py:829} INFO - Processing file /home/airflow/.local/lib/python3.8/site-packages/airflow/example_dags/example_local_kubernetes_executor.py for tasks to queue
[2025-08-19T18:38:44.120+0000] {logging_mixin.py:151} INFO - [2025-08-19T18:38:44.120+0000] {dagbag.py:536} INFO - Filling up the DagBag from /home/airflow/.local/lib/python3.8/site-packages/airflow/example_dags/example_local_kubernetes_executor.py
[2025-08-19T18:38:44.134+0000] {processor.py:839} INFO - DAG(s) dict_keys(['example_local_kubernetes_executor']) retrieved from /home/airflow/.local/lib/python3.8/site-packages/airflow/example_dags/example_local_kubernetes_executor.py
[2025-08-19T18:38:44.195+0000] {logging_mixin.py:151} INFO - [2025-08-19T18:38:44.194+0000] {dag.py:2941} INFO - Sync 1 DAGs
[2025-08-19T18:38:44.234+0000] {logging_mixin.py:151} INFO - [2025-08-19T18:38:44.233+0000] {dag.py:3722} INFO - Setting next_dagrun for example_local_kubernetes_executor to None, run_after=None
[2025-08-19T18:38:44.281+0000] {processor.py:179} INFO - Processing /home/airflow/.local/lib/python3.8/site-packages/airflow/example_dags/example_local_kubernetes_executor.py took 0.173 seconds
[2025-08-19T18:39:14.891+0000] {processor.py:157} INFO - Started process (PID=962) to work on /home/airflow/.local/lib/python3.8/site-packages/airflow/example_dags/example_local_kubernetes_executor.py
[2025-08-19T18:39:14.893+0000] {processor.py:829} INFO - Processing file /home/airflow/.local/lib/python3.8/site-packages/airflow/example_dags/example_local_kubernetes_executor.py for tasks to queue
[2025-08-19T18:39:14.897+0000] {logging_mixin.py:151} INFO - [2025-08-19T18:39:14.897+0000] {dagbag.py:536} INFO - Filling up the DagBag from /home/airflow/.local/lib/python3.8/site-packages/airflow/example_dags/example_local_kubernetes_executor.py
[2025-08-19T18:39:14.911+0000] {processor.py:839} INFO - DAG(s) dict_keys(['example_local_kubernetes_executor']) retrieved from /home/airflow/.local/lib/python3.8/site-packages/airflow/example_dags/example_local_kubernetes_executor.py
[2025-08-19T18:39:14.970+0000] {logging_mixin.py:151} INFO - [2025-08-19T18:39:14.970+0000] {dag.py:2941} INFO - Sync 1 DAGs
[2025-08-19T18:39:14.992+0000] {logging_mixin.py:151} INFO - [2025-08-19T18:39:14.991+0000] {dag.py:3722} INFO - Setting next_dagrun for example_local_kubernetes_executor to None, run_after=None
[2025-08-19T18:39:15.021+0000] {processor.py:179} INFO - Processing /home/airflow/.local/lib/python3.8/site-packages/airflow/example_dags/example_local_kubernetes_executor.py took 0.135 seconds
