[2025-08-19T18:23:04.888+0000] {processor.py:157} INFO - Started process (PID=115) to work on /home/airflow/.local/lib/python3.8/site-packages/airflow/example_dags/example_branch_python_dop_operator_3.py
[2025-08-19T18:23:04.912+0000] {processor.py:829} INFO - Processing file /home/airflow/.local/lib/python3.8/site-packages/airflow/example_dags/example_branch_python_dop_operator_3.py for tasks to queue
[2025-08-19T18:23:04.939+0000] {logging_mixin.py:151} INFO - [2025-08-19T18:23:04.926+0000] {dagbag.py:536} INFO - Filling up the DagBag from /home/airflow/.local/lib/python3.8/site-packages/airflow/example_dags/example_branch_python_dop_operator_3.py
[2025-08-19T18:23:05.178+0000] {processor.py:839} INFO - DAG(s) dict_keys(['example_branch_dop_operator_v3']) retrieved from /home/airflow/.local/lib/python3.8/site-packages/airflow/example_dags/example_branch_python_dop_operator_3.py
[2025-08-19T18:23:05.439+0000] {logging_mixin.py:151} INFO - [2025-08-19T18:23:05.439+0000] {dag.py:2941} INFO - Sync 1 DAGs
[2025-08-19T18:23:05.751+0000] {logging_mixin.py:151} INFO - [2025-08-19T18:23:05.750+0000] {dag.py:3722} INFO - Setting next_dagrun for example_branch_dop_operator_v3 to 2025-08-19T18:22:00+00:00, run_after=2025-08-19T18:23:00+00:00
[2025-08-19T18:23:05.944+0000] {processor.py:179} INFO - Processing /home/airflow/.local/lib/python3.8/site-packages/airflow/example_dags/example_branch_python_dop_operator_3.py took 1.072 seconds
[2025-08-19T18:23:36.917+0000] {processor.py:157} INFO - Started process (PID=162) to work on /home/airflow/.local/lib/python3.8/site-packages/airflow/example_dags/example_branch_python_dop_operator_3.py
[2025-08-19T18:23:36.920+0000] {processor.py:829} INFO - Processing file /home/airflow/.local/lib/python3.8/site-packages/airflow/example_dags/example_branch_python_dop_operator_3.py for tasks to queue
[2025-08-19T18:23:36.932+0000] {logging_mixin.py:151} INFO - [2025-08-19T18:23:36.931+0000] {dagbag.py:536} INFO - Filling up the DagBag from /home/airflow/.local/lib/python3.8/site-packages/airflow/example_dags/example_branch_python_dop_operator_3.py
[2025-08-19T18:23:36.952+0000] {processor.py:839} INFO - DAG(s) dict_keys(['example_branch_dop_operator_v3']) retrieved from /home/airflow/.local/lib/python3.8/site-packages/airflow/example_dags/example_branch_python_dop_operator_3.py
[2025-08-19T18:23:36.997+0000] {logging_mixin.py:151} INFO - [2025-08-19T18:23:36.996+0000] {dag.py:2941} INFO - Sync 1 DAGs
[2025-08-19T18:23:37.065+0000] {logging_mixin.py:151} INFO - [2025-08-19T18:23:37.064+0000] {dag.py:3722} INFO - Setting next_dagrun for example_branch_dop_operator_v3 to 2025-08-19T18:22:00+00:00, run_after=2025-08-19T18:23:00+00:00
[2025-08-19T18:23:37.123+0000] {processor.py:179} INFO - Processing /home/airflow/.local/lib/python3.8/site-packages/airflow/example_dags/example_branch_python_dop_operator_3.py took 0.214 seconds
[2025-08-19T18:24:07.540+0000] {processor.py:157} INFO - Started process (PID=216) to work on /home/airflow/.local/lib/python3.8/site-packages/airflow/example_dags/example_branch_python_dop_operator_3.py
[2025-08-19T18:24:07.548+0000] {processor.py:829} INFO - Processing file /home/airflow/.local/lib/python3.8/site-packages/airflow/example_dags/example_branch_python_dop_operator_3.py for tasks to queue
[2025-08-19T18:24:07.569+0000] {logging_mixin.py:151} INFO - [2025-08-19T18:24:07.557+0000] {dagbag.py:536} INFO - Filling up the DagBag from /home/airflow/.local/lib/python3.8/site-packages/airflow/example_dags/example_branch_python_dop_operator_3.py
[2025-08-19T18:24:07.598+0000] {processor.py:839} INFO - DAG(s) dict_keys(['example_branch_dop_operator_v3']) retrieved from /home/airflow/.local/lib/python3.8/site-packages/airflow/example_dags/example_branch_python_dop_operator_3.py
[2025-08-19T18:24:07.733+0000] {logging_mixin.py:151} INFO - [2025-08-19T18:24:07.732+0000] {dag.py:2941} INFO - Sync 1 DAGs
[2025-08-19T18:24:07.961+0000] {logging_mixin.py:151} INFO - [2025-08-19T18:24:07.961+0000] {dag.py:3722} INFO - Setting next_dagrun for example_branch_dop_operator_v3 to 2025-08-19T18:23:00+00:00, run_after=2025-08-19T18:24:00+00:00
[2025-08-19T18:24:08.092+0000] {processor.py:179} INFO - Processing /home/airflow/.local/lib/python3.8/site-packages/airflow/example_dags/example_branch_python_dop_operator_3.py took 0.574 seconds
[2025-08-19T18:24:43.870+0000] {processor.py:157} INFO - Started process (PID=277) to work on /home/airflow/.local/lib/python3.8/site-packages/airflow/example_dags/example_branch_python_dop_operator_3.py
[2025-08-19T18:24:43.875+0000] {processor.py:829} INFO - Processing file /home/airflow/.local/lib/python3.8/site-packages/airflow/example_dags/example_branch_python_dop_operator_3.py for tasks to queue
[2025-08-19T18:24:43.898+0000] {logging_mixin.py:151} INFO - [2025-08-19T18:24:43.897+0000] {dagbag.py:536} INFO - Filling up the DagBag from /home/airflow/.local/lib/python3.8/site-packages/airflow/example_dags/example_branch_python_dop_operator_3.py
[2025-08-19T18:24:43.930+0000] {processor.py:839} INFO - DAG(s) dict_keys(['example_branch_dop_operator_v3']) retrieved from /home/airflow/.local/lib/python3.8/site-packages/airflow/example_dags/example_branch_python_dop_operator_3.py
[2025-08-19T18:24:44.016+0000] {logging_mixin.py:151} INFO - [2025-08-19T18:24:44.015+0000] {dag.py:2941} INFO - Sync 1 DAGs
[2025-08-19T18:24:44.108+0000] {logging_mixin.py:151} INFO - [2025-08-19T18:24:44.108+0000] {dag.py:3722} INFO - Setting next_dagrun for example_branch_dop_operator_v3 to 2025-08-19T18:23:00+00:00, run_after=2025-08-19T18:24:00+00:00
[2025-08-19T18:24:44.200+0000] {processor.py:179} INFO - Processing /home/airflow/.local/lib/python3.8/site-packages/airflow/example_dags/example_branch_python_dop_operator_3.py took 0.345 seconds
[2025-08-19T18:25:14.863+0000] {processor.py:157} INFO - Started process (PID=331) to work on /home/airflow/.local/lib/python3.8/site-packages/airflow/example_dags/example_branch_python_dop_operator_3.py
[2025-08-19T18:25:14.865+0000] {processor.py:829} INFO - Processing file /home/airflow/.local/lib/python3.8/site-packages/airflow/example_dags/example_branch_python_dop_operator_3.py for tasks to queue
[2025-08-19T18:25:14.869+0000] {logging_mixin.py:151} INFO - [2025-08-19T18:25:14.868+0000] {dagbag.py:536} INFO - Filling up the DagBag from /home/airflow/.local/lib/python3.8/site-packages/airflow/example_dags/example_branch_python_dop_operator_3.py
[2025-08-19T18:25:14.882+0000] {processor.py:839} INFO - DAG(s) dict_keys(['example_branch_dop_operator_v3']) retrieved from /home/airflow/.local/lib/python3.8/site-packages/airflow/example_dags/example_branch_python_dop_operator_3.py
[2025-08-19T18:25:14.920+0000] {logging_mixin.py:151} INFO - [2025-08-19T18:25:14.920+0000] {dag.py:2941} INFO - Sync 1 DAGs
[2025-08-19T18:25:14.975+0000] {logging_mixin.py:151} INFO - [2025-08-19T18:25:14.974+0000] {dag.py:3722} INFO - Setting next_dagrun for example_branch_dop_operator_v3 to 2025-08-19T18:24:00+00:00, run_after=2025-08-19T18:25:00+00:00
[2025-08-19T18:25:15.015+0000] {processor.py:179} INFO - Processing /home/airflow/.local/lib/python3.8/site-packages/airflow/example_dags/example_branch_python_dop_operator_3.py took 0.157 seconds
[2025-08-19T18:25:45.352+0000] {processor.py:157} INFO - Started process (PID=385) to work on /home/airflow/.local/lib/python3.8/site-packages/airflow/example_dags/example_branch_python_dop_operator_3.py
[2025-08-19T18:25:45.353+0000] {processor.py:829} INFO - Processing file /home/airflow/.local/lib/python3.8/site-packages/airflow/example_dags/example_branch_python_dop_operator_3.py for tasks to queue
[2025-08-19T18:25:45.358+0000] {logging_mixin.py:151} INFO - [2025-08-19T18:25:45.357+0000] {dagbag.py:536} INFO - Filling up the DagBag from /home/airflow/.local/lib/python3.8/site-packages/airflow/example_dags/example_branch_python_dop_operator_3.py
[2025-08-19T18:25:45.396+0000] {processor.py:839} INFO - DAG(s) dict_keys(['example_branch_dop_operator_v3']) retrieved from /home/airflow/.local/lib/python3.8/site-packages/airflow/example_dags/example_branch_python_dop_operator_3.py
[2025-08-19T18:25:45.459+0000] {logging_mixin.py:151} INFO - [2025-08-19T18:25:45.458+0000] {dag.py:2941} INFO - Sync 1 DAGs
[2025-08-19T18:25:45.530+0000] {logging_mixin.py:151} INFO - [2025-08-19T18:25:45.529+0000] {dag.py:3722} INFO - Setting next_dagrun for example_branch_dop_operator_v3 to 2025-08-19T18:24:00+00:00, run_after=2025-08-19T18:25:00+00:00
[2025-08-19T18:25:45.573+0000] {processor.py:179} INFO - Processing /home/airflow/.local/lib/python3.8/site-packages/airflow/example_dags/example_branch_python_dop_operator_3.py took 0.229 seconds
[2025-08-19T18:26:19.121+0000] {processor.py:157} INFO - Started process (PID=440) to work on /home/airflow/.local/lib/python3.8/site-packages/airflow/example_dags/example_branch_python_dop_operator_3.py
[2025-08-19T18:26:19.136+0000] {processor.py:829} INFO - Processing file /home/airflow/.local/lib/python3.8/site-packages/airflow/example_dags/example_branch_python_dop_operator_3.py for tasks to queue
[2025-08-19T18:26:19.156+0000] {logging_mixin.py:151} INFO - [2025-08-19T18:26:19.155+0000] {dagbag.py:536} INFO - Filling up the DagBag from /home/airflow/.local/lib/python3.8/site-packages/airflow/example_dags/example_branch_python_dop_operator_3.py
[2025-08-19T18:26:19.219+0000] {processor.py:839} INFO - DAG(s) dict_keys(['example_branch_dop_operator_v3']) retrieved from /home/airflow/.local/lib/python3.8/site-packages/airflow/example_dags/example_branch_python_dop_operator_3.py
[2025-08-19T18:26:19.343+0000] {logging_mixin.py:151} INFO - [2025-08-19T18:26:19.342+0000] {dag.py:2941} INFO - Sync 1 DAGs
[2025-08-19T18:26:19.505+0000] {logging_mixin.py:151} INFO - [2025-08-19T18:26:19.503+0000] {dag.py:3722} INFO - Setting next_dagrun for example_branch_dop_operator_v3 to 2025-08-19T18:25:00+00:00, run_after=2025-08-19T18:26:00+00:00
[2025-08-19T18:26:19.603+0000] {processor.py:179} INFO - Processing /home/airflow/.local/lib/python3.8/site-packages/airflow/example_dags/example_branch_python_dop_operator_3.py took 0.514 seconds
[2025-08-19T18:26:50.648+0000] {processor.py:157} INFO - Started process (PID=494) to work on /home/airflow/.local/lib/python3.8/site-packages/airflow/example_dags/example_branch_python_dop_operator_3.py
[2025-08-19T18:26:50.651+0000] {processor.py:829} INFO - Processing file /home/airflow/.local/lib/python3.8/site-packages/airflow/example_dags/example_branch_python_dop_operator_3.py for tasks to queue
[2025-08-19T18:26:50.661+0000] {logging_mixin.py:151} INFO - [2025-08-19T18:26:50.659+0000] {dagbag.py:536} INFO - Filling up the DagBag from /home/airflow/.local/lib/python3.8/site-packages/airflow/example_dags/example_branch_python_dop_operator_3.py
[2025-08-19T18:26:50.729+0000] {processor.py:839} INFO - DAG(s) dict_keys(['example_branch_dop_operator_v3']) retrieved from /home/airflow/.local/lib/python3.8/site-packages/airflow/example_dags/example_branch_python_dop_operator_3.py
[2025-08-19T18:26:50.878+0000] {logging_mixin.py:151} INFO - [2025-08-19T18:26:50.878+0000] {dag.py:2941} INFO - Sync 1 DAGs
[2025-08-19T18:26:51.051+0000] {logging_mixin.py:151} INFO - [2025-08-19T18:26:51.051+0000] {dag.py:3722} INFO - Setting next_dagrun for example_branch_dop_operator_v3 to 2025-08-19T18:25:00+00:00, run_after=2025-08-19T18:26:00+00:00
[2025-08-19T18:26:51.403+0000] {processor.py:179} INFO - Processing /home/airflow/.local/lib/python3.8/site-packages/airflow/example_dags/example_branch_python_dop_operator_3.py took 0.770 seconds
[2025-08-19T18:27:21.745+0000] {processor.py:157} INFO - Started process (PID=548) to work on /home/airflow/.local/lib/python3.8/site-packages/airflow/example_dags/example_branch_python_dop_operator_3.py
[2025-08-19T18:27:21.760+0000] {processor.py:829} INFO - Processing file /home/airflow/.local/lib/python3.8/site-packages/airflow/example_dags/example_branch_python_dop_operator_3.py for tasks to queue
[2025-08-19T18:27:21.772+0000] {logging_mixin.py:151} INFO - [2025-08-19T18:27:21.771+0000] {dagbag.py:536} INFO - Filling up the DagBag from /home/airflow/.local/lib/python3.8/site-packages/airflow/example_dags/example_branch_python_dop_operator_3.py
[2025-08-19T18:27:21.989+0000] {processor.py:839} INFO - DAG(s) dict_keys(['example_branch_dop_operator_v3']) retrieved from /home/airflow/.local/lib/python3.8/site-packages/airflow/example_dags/example_branch_python_dop_operator_3.py
[2025-08-19T18:27:22.224+0000] {logging_mixin.py:151} INFO - [2025-08-19T18:27:22.223+0000] {dag.py:2941} INFO - Sync 1 DAGs
[2025-08-19T18:27:22.345+0000] {logging_mixin.py:151} INFO - [2025-08-19T18:27:22.345+0000] {dag.py:3722} INFO - Setting next_dagrun for example_branch_dop_operator_v3 to 2025-08-19T18:26:00+00:00, run_after=2025-08-19T18:27:00+00:00
[2025-08-19T18:27:22.413+0000] {processor.py:179} INFO - Processing /home/airflow/.local/lib/python3.8/site-packages/airflow/example_dags/example_branch_python_dop_operator_3.py took 0.698 seconds
[2025-08-19T18:27:52.874+0000] {processor.py:157} INFO - Started process (PID=593) to work on /home/airflow/.local/lib/python3.8/site-packages/airflow/example_dags/example_branch_python_dop_operator_3.py
[2025-08-19T18:27:52.878+0000] {processor.py:829} INFO - Processing file /home/airflow/.local/lib/python3.8/site-packages/airflow/example_dags/example_branch_python_dop_operator_3.py for tasks to queue
[2025-08-19T18:27:52.884+0000] {logging_mixin.py:151} INFO - [2025-08-19T18:27:52.884+0000] {dagbag.py:536} INFO - Filling up the DagBag from /home/airflow/.local/lib/python3.8/site-packages/airflow/example_dags/example_branch_python_dop_operator_3.py
[2025-08-19T18:27:52.904+0000] {processor.py:839} INFO - DAG(s) dict_keys(['example_branch_dop_operator_v3']) retrieved from /home/airflow/.local/lib/python3.8/site-packages/airflow/example_dags/example_branch_python_dop_operator_3.py
[2025-08-19T18:27:52.957+0000] {logging_mixin.py:151} INFO - [2025-08-19T18:27:52.956+0000] {dag.py:2941} INFO - Sync 1 DAGs
[2025-08-19T18:27:53.020+0000] {logging_mixin.py:151} INFO - [2025-08-19T18:27:53.019+0000] {dag.py:3722} INFO - Setting next_dagrun for example_branch_dop_operator_v3 to 2025-08-19T18:26:00+00:00, run_after=2025-08-19T18:27:00+00:00
[2025-08-19T18:27:53.071+0000] {processor.py:179} INFO - Processing /home/airflow/.local/lib/python3.8/site-packages/airflow/example_dags/example_branch_python_dop_operator_3.py took 0.205 seconds
[2025-08-19T18:28:23.487+0000] {processor.py:157} INFO - Started process (PID=647) to work on /home/airflow/.local/lib/python3.8/site-packages/airflow/example_dags/example_branch_python_dop_operator_3.py
[2025-08-19T18:28:23.488+0000] {processor.py:829} INFO - Processing file /home/airflow/.local/lib/python3.8/site-packages/airflow/example_dags/example_branch_python_dop_operator_3.py for tasks to queue
[2025-08-19T18:28:23.499+0000] {logging_mixin.py:151} INFO - [2025-08-19T18:28:23.499+0000] {dagbag.py:536} INFO - Filling up the DagBag from /home/airflow/.local/lib/python3.8/site-packages/airflow/example_dags/example_branch_python_dop_operator_3.py
[2025-08-19T18:28:23.527+0000] {processor.py:839} INFO - DAG(s) dict_keys(['example_branch_dop_operator_v3']) retrieved from /home/airflow/.local/lib/python3.8/site-packages/airflow/example_dags/example_branch_python_dop_operator_3.py
[2025-08-19T18:28:23.575+0000] {logging_mixin.py:151} INFO - [2025-08-19T18:28:23.575+0000] {dag.py:2941} INFO - Sync 1 DAGs
[2025-08-19T18:28:23.614+0000] {logging_mixin.py:151} INFO - [2025-08-19T18:28:23.613+0000] {dag.py:3722} INFO - Setting next_dagrun for example_branch_dop_operator_v3 to 2025-08-19T18:27:00+00:00, run_after=2025-08-19T18:28:00+00:00
[2025-08-19T18:28:23.642+0000] {processor.py:179} INFO - Processing /home/airflow/.local/lib/python3.8/site-packages/airflow/example_dags/example_branch_python_dop_operator_3.py took 0.159 seconds
[2025-08-19T18:28:54.022+0000] {processor.py:157} INFO - Started process (PID=701) to work on /home/airflow/.local/lib/python3.8/site-packages/airflow/example_dags/example_branch_python_dop_operator_3.py
[2025-08-19T18:28:54.023+0000] {processor.py:829} INFO - Processing file /home/airflow/.local/lib/python3.8/site-packages/airflow/example_dags/example_branch_python_dop_operator_3.py for tasks to queue
[2025-08-19T18:28:54.034+0000] {logging_mixin.py:151} INFO - [2025-08-19T18:28:54.029+0000] {dagbag.py:536} INFO - Filling up the DagBag from /home/airflow/.local/lib/python3.8/site-packages/airflow/example_dags/example_branch_python_dop_operator_3.py
[2025-08-19T18:28:54.052+0000] {processor.py:839} INFO - DAG(s) dict_keys(['example_branch_dop_operator_v3']) retrieved from /home/airflow/.local/lib/python3.8/site-packages/airflow/example_dags/example_branch_python_dop_operator_3.py
[2025-08-19T18:28:54.084+0000] {logging_mixin.py:151} INFO - [2025-08-19T18:28:54.084+0000] {dag.py:2941} INFO - Sync 1 DAGs
[2025-08-19T18:28:54.132+0000] {logging_mixin.py:151} INFO - [2025-08-19T18:28:54.132+0000] {dag.py:3722} INFO - Setting next_dagrun for example_branch_dop_operator_v3 to 2025-08-19T18:27:00+00:00, run_after=2025-08-19T18:28:00+00:00
[2025-08-19T18:28:54.169+0000] {processor.py:179} INFO - Processing /home/airflow/.local/lib/python3.8/site-packages/airflow/example_dags/example_branch_python_dop_operator_3.py took 0.152 seconds
[2025-08-19T18:29:24.896+0000] {processor.py:157} INFO - Started process (PID=755) to work on /home/airflow/.local/lib/python3.8/site-packages/airflow/example_dags/example_branch_python_dop_operator_3.py
[2025-08-19T18:29:24.898+0000] {processor.py:829} INFO - Processing file /home/airflow/.local/lib/python3.8/site-packages/airflow/example_dags/example_branch_python_dop_operator_3.py for tasks to queue
[2025-08-19T18:29:24.910+0000] {logging_mixin.py:151} INFO - [2025-08-19T18:29:24.902+0000] {dagbag.py:536} INFO - Filling up the DagBag from /home/airflow/.local/lib/python3.8/site-packages/airflow/example_dags/example_branch_python_dop_operator_3.py
[2025-08-19T18:29:24.960+0000] {processor.py:839} INFO - DAG(s) dict_keys(['example_branch_dop_operator_v3']) retrieved from /home/airflow/.local/lib/python3.8/site-packages/airflow/example_dags/example_branch_python_dop_operator_3.py
[2025-08-19T18:29:25.017+0000] {logging_mixin.py:151} INFO - [2025-08-19T18:29:25.017+0000] {dag.py:2941} INFO - Sync 1 DAGs
[2025-08-19T18:29:25.134+0000] {logging_mixin.py:151} INFO - [2025-08-19T18:29:25.134+0000] {dag.py:3722} INFO - Setting next_dagrun for example_branch_dop_operator_v3 to 2025-08-19T18:28:00+00:00, run_after=2025-08-19T18:29:00+00:00
[2025-08-19T18:29:25.329+0000] {processor.py:179} INFO - Processing /home/airflow/.local/lib/python3.8/site-packages/airflow/example_dags/example_branch_python_dop_operator_3.py took 0.449 seconds
[2025-08-19T18:29:55.409+0000] {processor.py:157} INFO - Started process (PID=809) to work on /home/airflow/.local/lib/python3.8/site-packages/airflow/example_dags/example_branch_python_dop_operator_3.py
[2025-08-19T18:29:55.412+0000] {processor.py:829} INFO - Processing file /home/airflow/.local/lib/python3.8/site-packages/airflow/example_dags/example_branch_python_dop_operator_3.py for tasks to queue
[2025-08-19T18:29:55.416+0000] {logging_mixin.py:151} INFO - [2025-08-19T18:29:55.415+0000] {dagbag.py:536} INFO - Filling up the DagBag from /home/airflow/.local/lib/python3.8/site-packages/airflow/example_dags/example_branch_python_dop_operator_3.py
[2025-08-19T18:29:55.434+0000] {processor.py:839} INFO - DAG(s) dict_keys(['example_branch_dop_operator_v3']) retrieved from /home/airflow/.local/lib/python3.8/site-packages/airflow/example_dags/example_branch_python_dop_operator_3.py
[2025-08-19T18:29:55.477+0000] {logging_mixin.py:151} INFO - [2025-08-19T18:29:55.477+0000] {dag.py:2941} INFO - Sync 1 DAGs
[2025-08-19T18:29:55.528+0000] {logging_mixin.py:151} INFO - [2025-08-19T18:29:55.527+0000] {dag.py:3722} INFO - Setting next_dagrun for example_branch_dop_operator_v3 to 2025-08-19T18:28:00+00:00, run_after=2025-08-19T18:29:00+00:00
[2025-08-19T18:29:55.826+0000] {processor.py:179} INFO - Processing /home/airflow/.local/lib/python3.8/site-packages/airflow/example_dags/example_branch_python_dop_operator_3.py took 0.428 seconds
[2025-08-19T18:30:56.687+0000] {processor.py:157} INFO - Started process (PID=106) to work on /home/airflow/.local/lib/python3.8/site-packages/airflow/example_dags/example_branch_python_dop_operator_3.py
[2025-08-19T18:30:56.691+0000] {processor.py:829} INFO - Processing file /home/airflow/.local/lib/python3.8/site-packages/airflow/example_dags/example_branch_python_dop_operator_3.py for tasks to queue
[2025-08-19T18:30:56.699+0000] {logging_mixin.py:151} INFO - [2025-08-19T18:30:56.698+0000] {dagbag.py:536} INFO - Filling up the DagBag from /home/airflow/.local/lib/python3.8/site-packages/airflow/example_dags/example_branch_python_dop_operator_3.py
[2025-08-19T18:30:56.732+0000] {processor.py:839} INFO - DAG(s) dict_keys(['example_branch_dop_operator_v3']) retrieved from /home/airflow/.local/lib/python3.8/site-packages/airflow/example_dags/example_branch_python_dop_operator_3.py
[2025-08-19T18:30:56.841+0000] {logging_mixin.py:151} INFO - [2025-08-19T18:30:56.841+0000] {dag.py:2941} INFO - Sync 1 DAGs
[2025-08-19T18:30:56.933+0000] {logging_mixin.py:151} INFO - [2025-08-19T18:30:56.931+0000] {dag.py:3722} INFO - Setting next_dagrun for example_branch_dop_operator_v3 to 2025-08-19T18:29:00+00:00, run_after=2025-08-19T18:30:00+00:00
[2025-08-19T18:30:57.058+0000] {processor.py:179} INFO - Processing /home/airflow/.local/lib/python3.8/site-packages/airflow/example_dags/example_branch_python_dop_operator_3.py took 0.384 seconds
[2025-08-19T18:31:28.010+0000] {processor.py:157} INFO - Started process (PID=161) to work on /home/airflow/.local/lib/python3.8/site-packages/airflow/example_dags/example_branch_python_dop_operator_3.py
[2025-08-19T18:31:28.014+0000] {processor.py:829} INFO - Processing file /home/airflow/.local/lib/python3.8/site-packages/airflow/example_dags/example_branch_python_dop_operator_3.py for tasks to queue
[2025-08-19T18:31:28.020+0000] {logging_mixin.py:151} INFO - [2025-08-19T18:31:28.019+0000] {dagbag.py:536} INFO - Filling up the DagBag from /home/airflow/.local/lib/python3.8/site-packages/airflow/example_dags/example_branch_python_dop_operator_3.py
[2025-08-19T18:31:28.053+0000] {processor.py:839} INFO - DAG(s) dict_keys(['example_branch_dop_operator_v3']) retrieved from /home/airflow/.local/lib/python3.8/site-packages/airflow/example_dags/example_branch_python_dop_operator_3.py
[2025-08-19T18:31:28.117+0000] {logging_mixin.py:151} INFO - [2025-08-19T18:31:28.117+0000] {dag.py:2941} INFO - Sync 1 DAGs
[2025-08-19T18:31:28.193+0000] {logging_mixin.py:151} INFO - [2025-08-19T18:31:28.193+0000] {dag.py:3722} INFO - Setting next_dagrun for example_branch_dop_operator_v3 to 2025-08-19T18:30:00+00:00, run_after=2025-08-19T18:31:00+00:00
[2025-08-19T18:31:28.250+0000] {processor.py:179} INFO - Processing /home/airflow/.local/lib/python3.8/site-packages/airflow/example_dags/example_branch_python_dop_operator_3.py took 0.251 seconds
[2025-08-19T18:31:58.796+0000] {processor.py:157} INFO - Started process (PID=208) to work on /home/airflow/.local/lib/python3.8/site-packages/airflow/example_dags/example_branch_python_dop_operator_3.py
[2025-08-19T18:31:58.798+0000] {processor.py:829} INFO - Processing file /home/airflow/.local/lib/python3.8/site-packages/airflow/example_dags/example_branch_python_dop_operator_3.py for tasks to queue
[2025-08-19T18:31:58.802+0000] {logging_mixin.py:151} INFO - [2025-08-19T18:31:58.802+0000] {dagbag.py:536} INFO - Filling up the DagBag from /home/airflow/.local/lib/python3.8/site-packages/airflow/example_dags/example_branch_python_dop_operator_3.py
[2025-08-19T18:31:58.814+0000] {processor.py:839} INFO - DAG(s) dict_keys(['example_branch_dop_operator_v3']) retrieved from /home/airflow/.local/lib/python3.8/site-packages/airflow/example_dags/example_branch_python_dop_operator_3.py
[2025-08-19T18:31:58.851+0000] {logging_mixin.py:151} INFO - [2025-08-19T18:31:58.851+0000] {dag.py:2941} INFO - Sync 1 DAGs
[2025-08-19T18:31:58.912+0000] {logging_mixin.py:151} INFO - [2025-08-19T18:31:58.912+0000] {dag.py:3722} INFO - Setting next_dagrun for example_branch_dop_operator_v3 to 2025-08-19T18:30:00+00:00, run_after=2025-08-19T18:31:00+00:00
[2025-08-19T18:31:58.946+0000] {processor.py:179} INFO - Processing /home/airflow/.local/lib/python3.8/site-packages/airflow/example_dags/example_branch_python_dop_operator_3.py took 0.154 seconds
[2025-08-19T18:32:29.692+0000] {processor.py:157} INFO - Started process (PID=262) to work on /home/airflow/.local/lib/python3.8/site-packages/airflow/example_dags/example_branch_python_dop_operator_3.py
[2025-08-19T18:32:29.694+0000] {processor.py:829} INFO - Processing file /home/airflow/.local/lib/python3.8/site-packages/airflow/example_dags/example_branch_python_dop_operator_3.py for tasks to queue
[2025-08-19T18:32:29.701+0000] {logging_mixin.py:151} INFO - [2025-08-19T18:32:29.700+0000] {dagbag.py:536} INFO - Filling up the DagBag from /home/airflow/.local/lib/python3.8/site-packages/airflow/example_dags/example_branch_python_dop_operator_3.py
[2025-08-19T18:32:29.726+0000] {processor.py:839} INFO - DAG(s) dict_keys(['example_branch_dop_operator_v3']) retrieved from /home/airflow/.local/lib/python3.8/site-packages/airflow/example_dags/example_branch_python_dop_operator_3.py
[2025-08-19T18:32:29.769+0000] {logging_mixin.py:151} INFO - [2025-08-19T18:32:29.769+0000] {dag.py:2941} INFO - Sync 1 DAGs
[2025-08-19T18:32:29.837+0000] {logging_mixin.py:151} INFO - [2025-08-19T18:32:29.836+0000] {dag.py:3722} INFO - Setting next_dagrun for example_branch_dop_operator_v3 to 2025-08-19T18:31:00+00:00, run_after=2025-08-19T18:32:00+00:00
[2025-08-19T18:32:29.907+0000] {processor.py:179} INFO - Processing /home/airflow/.local/lib/python3.8/site-packages/airflow/example_dags/example_branch_python_dop_operator_3.py took 0.224 seconds
[2025-08-19T18:33:00.232+0000] {processor.py:157} INFO - Started process (PID=316) to work on /home/airflow/.local/lib/python3.8/site-packages/airflow/example_dags/example_branch_python_dop_operator_3.py
[2025-08-19T18:33:00.235+0000] {processor.py:829} INFO - Processing file /home/airflow/.local/lib/python3.8/site-packages/airflow/example_dags/example_branch_python_dop_operator_3.py for tasks to queue
[2025-08-19T18:33:00.239+0000] {logging_mixin.py:151} INFO - [2025-08-19T18:33:00.239+0000] {dagbag.py:536} INFO - Filling up the DagBag from /home/airflow/.local/lib/python3.8/site-packages/airflow/example_dags/example_branch_python_dop_operator_3.py
[2025-08-19T18:33:00.257+0000] {processor.py:839} INFO - DAG(s) dict_keys(['example_branch_dop_operator_v3']) retrieved from /home/airflow/.local/lib/python3.8/site-packages/airflow/example_dags/example_branch_python_dop_operator_3.py
[2025-08-19T18:33:00.311+0000] {logging_mixin.py:151} INFO - [2025-08-19T18:33:00.311+0000] {dag.py:2941} INFO - Sync 1 DAGs
[2025-08-19T18:33:00.371+0000] {logging_mixin.py:151} INFO - [2025-08-19T18:33:00.370+0000] {dag.py:3722} INFO - Setting next_dagrun for example_branch_dop_operator_v3 to 2025-08-19T18:32:00+00:00, run_after=2025-08-19T18:33:00+00:00
[2025-08-19T18:33:00.409+0000] {processor.py:179} INFO - Processing /home/airflow/.local/lib/python3.8/site-packages/airflow/example_dags/example_branch_python_dop_operator_3.py took 0.185 seconds
[2025-08-19T18:33:31.130+0000] {processor.py:157} INFO - Started process (PID=370) to work on /home/airflow/.local/lib/python3.8/site-packages/airflow/example_dags/example_branch_python_dop_operator_3.py
[2025-08-19T18:33:31.131+0000] {processor.py:829} INFO - Processing file /home/airflow/.local/lib/python3.8/site-packages/airflow/example_dags/example_branch_python_dop_operator_3.py for tasks to queue
[2025-08-19T18:33:31.134+0000] {logging_mixin.py:151} INFO - [2025-08-19T18:33:31.134+0000] {dagbag.py:536} INFO - Filling up the DagBag from /home/airflow/.local/lib/python3.8/site-packages/airflow/example_dags/example_branch_python_dop_operator_3.py
[2025-08-19T18:33:31.148+0000] {processor.py:839} INFO - DAG(s) dict_keys(['example_branch_dop_operator_v3']) retrieved from /home/airflow/.local/lib/python3.8/site-packages/airflow/example_dags/example_branch_python_dop_operator_3.py
[2025-08-19T18:33:31.176+0000] {logging_mixin.py:151} INFO - [2025-08-19T18:33:31.176+0000] {dag.py:2941} INFO - Sync 1 DAGs
[2025-08-19T18:33:31.210+0000] {logging_mixin.py:151} INFO - [2025-08-19T18:33:31.210+0000] {dag.py:3722} INFO - Setting next_dagrun for example_branch_dop_operator_v3 to 2025-08-19T18:32:00+00:00, run_after=2025-08-19T18:33:00+00:00
[2025-08-19T18:33:31.236+0000] {processor.py:179} INFO - Processing /home/airflow/.local/lib/python3.8/site-packages/airflow/example_dags/example_branch_python_dop_operator_3.py took 0.112 seconds
[2025-08-19T18:34:01.863+0000] {processor.py:157} INFO - Started process (PID=424) to work on /home/airflow/.local/lib/python3.8/site-packages/airflow/example_dags/example_branch_python_dop_operator_3.py
[2025-08-19T18:34:01.865+0000] {processor.py:829} INFO - Processing file /home/airflow/.local/lib/python3.8/site-packages/airflow/example_dags/example_branch_python_dop_operator_3.py for tasks to queue
[2025-08-19T18:34:01.870+0000] {logging_mixin.py:151} INFO - [2025-08-19T18:34:01.869+0000] {dagbag.py:536} INFO - Filling up the DagBag from /home/airflow/.local/lib/python3.8/site-packages/airflow/example_dags/example_branch_python_dop_operator_3.py
[2025-08-19T18:34:01.883+0000] {processor.py:839} INFO - DAG(s) dict_keys(['example_branch_dop_operator_v3']) retrieved from /home/airflow/.local/lib/python3.8/site-packages/airflow/example_dags/example_branch_python_dop_operator_3.py
[2025-08-19T18:34:01.923+0000] {logging_mixin.py:151} INFO - [2025-08-19T18:34:01.922+0000] {dag.py:2941} INFO - Sync 1 DAGs
[2025-08-19T18:34:01.983+0000] {logging_mixin.py:151} INFO - [2025-08-19T18:34:01.982+0000] {dag.py:3722} INFO - Setting next_dagrun for example_branch_dop_operator_v3 to 2025-08-19T18:33:00+00:00, run_after=2025-08-19T18:34:00+00:00
[2025-08-19T18:34:02.019+0000] {processor.py:179} INFO - Processing /home/airflow/.local/lib/python3.8/site-packages/airflow/example_dags/example_branch_python_dop_operator_3.py took 0.162 seconds
[2025-08-19T18:34:32.935+0000] {processor.py:157} INFO - Started process (PID=478) to work on /home/airflow/.local/lib/python3.8/site-packages/airflow/example_dags/example_branch_python_dop_operator_3.py
[2025-08-19T18:34:32.936+0000] {processor.py:829} INFO - Processing file /home/airflow/.local/lib/python3.8/site-packages/airflow/example_dags/example_branch_python_dop_operator_3.py for tasks to queue
[2025-08-19T18:34:32.940+0000] {logging_mixin.py:151} INFO - [2025-08-19T18:34:32.939+0000] {dagbag.py:536} INFO - Filling up the DagBag from /home/airflow/.local/lib/python3.8/site-packages/airflow/example_dags/example_branch_python_dop_operator_3.py
[2025-08-19T18:34:32.950+0000] {processor.py:839} INFO - DAG(s) dict_keys(['example_branch_dop_operator_v3']) retrieved from /home/airflow/.local/lib/python3.8/site-packages/airflow/example_dags/example_branch_python_dop_operator_3.py
[2025-08-19T18:34:32.982+0000] {logging_mixin.py:151} INFO - [2025-08-19T18:34:32.982+0000] {dag.py:2941} INFO - Sync 1 DAGs
[2025-08-19T18:34:33.014+0000] {logging_mixin.py:151} INFO - [2025-08-19T18:34:33.014+0000] {dag.py:3722} INFO - Setting next_dagrun for example_branch_dop_operator_v3 to 2025-08-19T18:33:00+00:00, run_after=2025-08-19T18:34:00+00:00
[2025-08-19T18:34:33.053+0000] {processor.py:179} INFO - Processing /home/airflow/.local/lib/python3.8/site-packages/airflow/example_dags/example_branch_python_dop_operator_3.py took 0.121 seconds
[2025-08-19T18:35:03.248+0000] {processor.py:157} INFO - Started process (PID=532) to work on /home/airflow/.local/lib/python3.8/site-packages/airflow/example_dags/example_branch_python_dop_operator_3.py
[2025-08-19T18:35:03.249+0000] {processor.py:829} INFO - Processing file /home/airflow/.local/lib/python3.8/site-packages/airflow/example_dags/example_branch_python_dop_operator_3.py for tasks to queue
[2025-08-19T18:35:03.252+0000] {logging_mixin.py:151} INFO - [2025-08-19T18:35:03.252+0000] {dagbag.py:536} INFO - Filling up the DagBag from /home/airflow/.local/lib/python3.8/site-packages/airflow/example_dags/example_branch_python_dop_operator_3.py
[2025-08-19T18:35:03.263+0000] {processor.py:839} INFO - DAG(s) dict_keys(['example_branch_dop_operator_v3']) retrieved from /home/airflow/.local/lib/python3.8/site-packages/airflow/example_dags/example_branch_python_dop_operator_3.py
[2025-08-19T18:35:03.293+0000] {logging_mixin.py:151} INFO - [2025-08-19T18:35:03.293+0000] {dag.py:2941} INFO - Sync 1 DAGs
[2025-08-19T18:35:03.325+0000] {logging_mixin.py:151} INFO - [2025-08-19T18:35:03.325+0000] {dag.py:3722} INFO - Setting next_dagrun for example_branch_dop_operator_v3 to 2025-08-19T18:34:00+00:00, run_after=2025-08-19T18:35:00+00:00
[2025-08-19T18:35:03.353+0000] {processor.py:179} INFO - Processing /home/airflow/.local/lib/python3.8/site-packages/airflow/example_dags/example_branch_python_dop_operator_3.py took 0.109 seconds
[2025-08-19T18:35:33.862+0000] {processor.py:157} INFO - Started process (PID=586) to work on /home/airflow/.local/lib/python3.8/site-packages/airflow/example_dags/example_branch_python_dop_operator_3.py
[2025-08-19T18:35:33.867+0000] {processor.py:829} INFO - Processing file /home/airflow/.local/lib/python3.8/site-packages/airflow/example_dags/example_branch_python_dop_operator_3.py for tasks to queue
[2025-08-19T18:35:33.873+0000] {logging_mixin.py:151} INFO - [2025-08-19T18:35:33.873+0000] {dagbag.py:536} INFO - Filling up the DagBag from /home/airflow/.local/lib/python3.8/site-packages/airflow/example_dags/example_branch_python_dop_operator_3.py
[2025-08-19T18:35:33.889+0000] {processor.py:839} INFO - DAG(s) dict_keys(['example_branch_dop_operator_v3']) retrieved from /home/airflow/.local/lib/python3.8/site-packages/airflow/example_dags/example_branch_python_dop_operator_3.py
[2025-08-19T18:35:33.930+0000] {logging_mixin.py:151} INFO - [2025-08-19T18:35:33.930+0000] {dag.py:2941} INFO - Sync 1 DAGs
[2025-08-19T18:35:33.971+0000] {logging_mixin.py:151} INFO - [2025-08-19T18:35:33.970+0000] {dag.py:3722} INFO - Setting next_dagrun for example_branch_dop_operator_v3 to 2025-08-19T18:34:00+00:00, run_after=2025-08-19T18:35:00+00:00
[2025-08-19T18:35:34.010+0000] {processor.py:179} INFO - Processing /home/airflow/.local/lib/python3.8/site-packages/airflow/example_dags/example_branch_python_dop_operator_3.py took 0.155 seconds
[2025-08-19T18:36:04.615+0000] {processor.py:157} INFO - Started process (PID=640) to work on /home/airflow/.local/lib/python3.8/site-packages/airflow/example_dags/example_branch_python_dop_operator_3.py
[2025-08-19T18:36:04.616+0000] {processor.py:829} INFO - Processing file /home/airflow/.local/lib/python3.8/site-packages/airflow/example_dags/example_branch_python_dop_operator_3.py for tasks to queue
[2025-08-19T18:36:04.622+0000] {logging_mixin.py:151} INFO - [2025-08-19T18:36:04.622+0000] {dagbag.py:536} INFO - Filling up the DagBag from /home/airflow/.local/lib/python3.8/site-packages/airflow/example_dags/example_branch_python_dop_operator_3.py
[2025-08-19T18:36:04.639+0000] {processor.py:839} INFO - DAG(s) dict_keys(['example_branch_dop_operator_v3']) retrieved from /home/airflow/.local/lib/python3.8/site-packages/airflow/example_dags/example_branch_python_dop_operator_3.py
[2025-08-19T18:36:04.687+0000] {logging_mixin.py:151} INFO - [2025-08-19T18:36:04.687+0000] {dag.py:2941} INFO - Sync 1 DAGs
[2025-08-19T18:36:04.754+0000] {logging_mixin.py:151} INFO - [2025-08-19T18:36:04.754+0000] {dag.py:3722} INFO - Setting next_dagrun for example_branch_dop_operator_v3 to 2025-08-19T18:35:00+00:00, run_after=2025-08-19T18:36:00+00:00
[2025-08-19T18:36:04.800+0000] {processor.py:179} INFO - Processing /home/airflow/.local/lib/python3.8/site-packages/airflow/example_dags/example_branch_python_dop_operator_3.py took 0.191 seconds
[2025-08-19T18:36:36.040+0000] {processor.py:157} INFO - Started process (PID=694) to work on /home/airflow/.local/lib/python3.8/site-packages/airflow/example_dags/example_branch_python_dop_operator_3.py
[2025-08-19T18:36:36.044+0000] {processor.py:829} INFO - Processing file /home/airflow/.local/lib/python3.8/site-packages/airflow/example_dags/example_branch_python_dop_operator_3.py for tasks to queue
[2025-08-19T18:36:36.048+0000] {logging_mixin.py:151} INFO - [2025-08-19T18:36:36.047+0000] {dagbag.py:536} INFO - Filling up the DagBag from /home/airflow/.local/lib/python3.8/site-packages/airflow/example_dags/example_branch_python_dop_operator_3.py
[2025-08-19T18:36:36.060+0000] {processor.py:839} INFO - DAG(s) dict_keys(['example_branch_dop_operator_v3']) retrieved from /home/airflow/.local/lib/python3.8/site-packages/airflow/example_dags/example_branch_python_dop_operator_3.py
[2025-08-19T18:36:36.100+0000] {logging_mixin.py:151} INFO - [2025-08-19T18:36:36.100+0000] {dag.py:2941} INFO - Sync 1 DAGs
[2025-08-19T18:36:36.142+0000] {logging_mixin.py:151} INFO - [2025-08-19T18:36:36.142+0000] {dag.py:3722} INFO - Setting next_dagrun for example_branch_dop_operator_v3 to 2025-08-19T18:35:00+00:00, run_after=2025-08-19T18:36:00+00:00
[2025-08-19T18:36:36.174+0000] {processor.py:179} INFO - Processing /home/airflow/.local/lib/python3.8/site-packages/airflow/example_dags/example_branch_python_dop_operator_3.py took 0.142 seconds
[2025-08-19T18:37:09.248+0000] {processor.py:157} INFO - Started process (PID=748) to work on /home/airflow/.local/lib/python3.8/site-packages/airflow/example_dags/example_branch_python_dop_operator_3.py
[2025-08-19T18:37:09.250+0000] {processor.py:829} INFO - Processing file /home/airflow/.local/lib/python3.8/site-packages/airflow/example_dags/example_branch_python_dop_operator_3.py for tasks to queue
[2025-08-19T18:37:09.254+0000] {logging_mixin.py:151} INFO - [2025-08-19T18:37:09.253+0000] {dagbag.py:536} INFO - Filling up the DagBag from /home/airflow/.local/lib/python3.8/site-packages/airflow/example_dags/example_branch_python_dop_operator_3.py
[2025-08-19T18:37:09.271+0000] {processor.py:839} INFO - DAG(s) dict_keys(['example_branch_dop_operator_v3']) retrieved from /home/airflow/.local/lib/python3.8/site-packages/airflow/example_dags/example_branch_python_dop_operator_3.py
[2025-08-19T18:37:09.321+0000] {logging_mixin.py:151} INFO - [2025-08-19T18:37:09.321+0000] {dag.py:2941} INFO - Sync 1 DAGs
[2025-08-19T18:37:09.388+0000] {logging_mixin.py:151} INFO - [2025-08-19T18:37:09.387+0000] {dag.py:3722} INFO - Setting next_dagrun for example_branch_dop_operator_v3 to 2025-08-19T18:36:00+00:00, run_after=2025-08-19T18:37:00+00:00
[2025-08-19T18:37:09.444+0000] {processor.py:179} INFO - Processing /home/airflow/.local/lib/python3.8/site-packages/airflow/example_dags/example_branch_python_dop_operator_3.py took 0.202 seconds
[2025-08-19T18:37:42.905+0000] {processor.py:157} INFO - Started process (PID=803) to work on /home/airflow/.local/lib/python3.8/site-packages/airflow/example_dags/example_branch_python_dop_operator_3.py
[2025-08-19T18:37:42.907+0000] {processor.py:829} INFO - Processing file /home/airflow/.local/lib/python3.8/site-packages/airflow/example_dags/example_branch_python_dop_operator_3.py for tasks to queue
[2025-08-19T18:37:42.914+0000] {logging_mixin.py:151} INFO - [2025-08-19T18:37:42.914+0000] {dagbag.py:536} INFO - Filling up the DagBag from /home/airflow/.local/lib/python3.8/site-packages/airflow/example_dags/example_branch_python_dop_operator_3.py
[2025-08-19T18:37:42.934+0000] {processor.py:839} INFO - DAG(s) dict_keys(['example_branch_dop_operator_v3']) retrieved from /home/airflow/.local/lib/python3.8/site-packages/airflow/example_dags/example_branch_python_dop_operator_3.py
[2025-08-19T18:37:42.992+0000] {logging_mixin.py:151} INFO - [2025-08-19T18:37:42.991+0000] {dag.py:2941} INFO - Sync 1 DAGs
[2025-08-19T18:37:43.087+0000] {logging_mixin.py:151} INFO - [2025-08-19T18:37:43.085+0000] {dag.py:3722} INFO - Setting next_dagrun for example_branch_dop_operator_v3 to 2025-08-19T18:36:00+00:00, run_after=2025-08-19T18:37:00+00:00
[2025-08-19T18:37:43.165+0000] {processor.py:179} INFO - Processing /home/airflow/.local/lib/python3.8/site-packages/airflow/example_dags/example_branch_python_dop_operator_3.py took 0.270 seconds
[2025-08-19T18:38:13.411+0000] {processor.py:157} INFO - Started process (PID=857) to work on /home/airflow/.local/lib/python3.8/site-packages/airflow/example_dags/example_branch_python_dop_operator_3.py
[2025-08-19T18:38:13.413+0000] {processor.py:829} INFO - Processing file /home/airflow/.local/lib/python3.8/site-packages/airflow/example_dags/example_branch_python_dop_operator_3.py for tasks to queue
[2025-08-19T18:38:13.419+0000] {logging_mixin.py:151} INFO - [2025-08-19T18:38:13.418+0000] {dagbag.py:536} INFO - Filling up the DagBag from /home/airflow/.local/lib/python3.8/site-packages/airflow/example_dags/example_branch_python_dop_operator_3.py
[2025-08-19T18:38:13.441+0000] {processor.py:839} INFO - DAG(s) dict_keys(['example_branch_dop_operator_v3']) retrieved from /home/airflow/.local/lib/python3.8/site-packages/airflow/example_dags/example_branch_python_dop_operator_3.py
[2025-08-19T18:38:13.481+0000] {logging_mixin.py:151} INFO - [2025-08-19T18:38:13.481+0000] {dag.py:2941} INFO - Sync 1 DAGs
[2025-08-19T18:38:13.546+0000] {logging_mixin.py:151} INFO - [2025-08-19T18:38:13.541+0000] {dag.py:3722} INFO - Setting next_dagrun for example_branch_dop_operator_v3 to 2025-08-19T18:37:00+00:00, run_after=2025-08-19T18:38:00+00:00
[2025-08-19T18:38:13.583+0000] {processor.py:179} INFO - Processing /home/airflow/.local/lib/python3.8/site-packages/airflow/example_dags/example_branch_python_dop_operator_3.py took 0.181 seconds
[2025-08-19T18:38:44.478+0000] {processor.py:157} INFO - Started process (PID=911) to work on /home/airflow/.local/lib/python3.8/site-packages/airflow/example_dags/example_branch_python_dop_operator_3.py
[2025-08-19T18:38:44.480+0000] {processor.py:829} INFO - Processing file /home/airflow/.local/lib/python3.8/site-packages/airflow/example_dags/example_branch_python_dop_operator_3.py for tasks to queue
[2025-08-19T18:38:44.484+0000] {logging_mixin.py:151} INFO - [2025-08-19T18:38:44.484+0000] {dagbag.py:536} INFO - Filling up the DagBag from /home/airflow/.local/lib/python3.8/site-packages/airflow/example_dags/example_branch_python_dop_operator_3.py
[2025-08-19T18:38:44.506+0000] {processor.py:839} INFO - DAG(s) dict_keys(['example_branch_dop_operator_v3']) retrieved from /home/airflow/.local/lib/python3.8/site-packages/airflow/example_dags/example_branch_python_dop_operator_3.py
[2025-08-19T18:38:44.541+0000] {logging_mixin.py:151} INFO - [2025-08-19T18:38:44.541+0000] {dag.py:2941} INFO - Sync 1 DAGs
[2025-08-19T18:38:44.580+0000] {logging_mixin.py:151} INFO - [2025-08-19T18:38:44.580+0000] {dag.py:3722} INFO - Setting next_dagrun for example_branch_dop_operator_v3 to 2025-08-19T18:37:00+00:00, run_after=2025-08-19T18:38:00+00:00
[2025-08-19T18:38:44.608+0000] {processor.py:179} INFO - Processing /home/airflow/.local/lib/python3.8/site-packages/airflow/example_dags/example_branch_python_dop_operator_3.py took 0.137 seconds
[2025-08-19T18:39:15.100+0000] {processor.py:157} INFO - Started process (PID=965) to work on /home/airflow/.local/lib/python3.8/site-packages/airflow/example_dags/example_branch_python_dop_operator_3.py
[2025-08-19T18:39:15.102+0000] {processor.py:829} INFO - Processing file /home/airflow/.local/lib/python3.8/site-packages/airflow/example_dags/example_branch_python_dop_operator_3.py for tasks to queue
[2025-08-19T18:39:15.107+0000] {logging_mixin.py:151} INFO - [2025-08-19T18:39:15.106+0000] {dagbag.py:536} INFO - Filling up the DagBag from /home/airflow/.local/lib/python3.8/site-packages/airflow/example_dags/example_branch_python_dop_operator_3.py
[2025-08-19T18:39:15.121+0000] {processor.py:839} INFO - DAG(s) dict_keys(['example_branch_dop_operator_v3']) retrieved from /home/airflow/.local/lib/python3.8/site-packages/airflow/example_dags/example_branch_python_dop_operator_3.py
[2025-08-19T18:39:15.157+0000] {logging_mixin.py:151} INFO - [2025-08-19T18:39:15.156+0000] {dag.py:2941} INFO - Sync 1 DAGs
[2025-08-19T18:39:15.191+0000] {logging_mixin.py:151} INFO - [2025-08-19T18:39:15.191+0000] {dag.py:3722} INFO - Setting next_dagrun for example_branch_dop_operator_v3 to 2025-08-19T18:38:00+00:00, run_after=2025-08-19T18:39:00+00:00
[2025-08-19T18:39:15.221+0000] {processor.py:179} INFO - Processing /home/airflow/.local/lib/python3.8/site-packages/airflow/example_dags/example_branch_python_dop_operator_3.py took 0.126 seconds
