[2025-08-19T18:23:01.362+0000] {processor.py:157} INFO - Started process (PID=100) to work on /home/airflow/.local/lib/python3.8/site-packages/airflow/example_dags/example_time_delta_sensor_async.py
[2025-08-19T18:23:01.397+0000] {processor.py:829} INFO - Processing file /home/airflow/.local/lib/python3.8/site-packages/airflow/example_dags/example_time_delta_sensor_async.py for tasks to queue
[2025-08-19T18:23:01.467+0000] {logging_mixin.py:151} INFO - [2025-08-19T18:23:01.457+0000] {dagbag.py:536} INFO - Filling up the DagBag from /home/airflow/.local/lib/python3.8/site-packages/airflow/example_dags/example_time_delta_sensor_async.py
[2025-08-19T18:23:01.539+0000] {processor.py:839} INFO - DAG(s) dict_keys(['example_time_delta_sensor_async']) retrieved from /home/airflow/.local/lib/python3.8/site-packages/airflow/example_dags/example_time_delta_sensor_async.py
[2025-08-19T18:23:01.700+0000] {logging_mixin.py:151} INFO - [2025-08-19T18:23:01.699+0000] {dag.py:2941} INFO - Sync 1 DAGs
[2025-08-19T18:23:01.917+0000] {logging_mixin.py:151} INFO - [2025-08-19T18:23:01.917+0000] {dag.py:3722} INFO - Setting next_dagrun for example_time_delta_sensor_async to None, run_after=None
[2025-08-19T18:23:02.027+0000] {processor.py:179} INFO - Processing /home/airflow/.local/lib/python3.8/site-packages/airflow/example_dags/example_time_delta_sensor_async.py took 0.796 seconds
[2025-08-19T18:23:32.124+0000] {processor.py:157} INFO - Started process (PID=155) to work on /home/airflow/.local/lib/python3.8/site-packages/airflow/example_dags/example_time_delta_sensor_async.py
[2025-08-19T18:23:32.128+0000] {processor.py:829} INFO - Processing file /home/airflow/.local/lib/python3.8/site-packages/airflow/example_dags/example_time_delta_sensor_async.py for tasks to queue
[2025-08-19T18:23:32.137+0000] {logging_mixin.py:151} INFO - [2025-08-19T18:23:32.136+0000] {dagbag.py:536} INFO - Filling up the DagBag from /home/airflow/.local/lib/python3.8/site-packages/airflow/example_dags/example_time_delta_sensor_async.py
[2025-08-19T18:23:32.157+0000] {processor.py:839} INFO - DAG(s) dict_keys(['example_time_delta_sensor_async']) retrieved from /home/airflow/.local/lib/python3.8/site-packages/airflow/example_dags/example_time_delta_sensor_async.py
[2025-08-19T18:23:32.245+0000] {logging_mixin.py:151} INFO - [2025-08-19T18:23:32.245+0000] {dag.py:2941} INFO - Sync 1 DAGs
[2025-08-19T18:23:32.282+0000] {logging_mixin.py:151} INFO - [2025-08-19T18:23:32.281+0000] {dag.py:3722} INFO - Setting next_dagrun for example_time_delta_sensor_async to None, run_after=None
[2025-08-19T18:23:32.343+0000] {processor.py:179} INFO - Processing /home/airflow/.local/lib/python3.8/site-packages/airflow/example_dags/example_time_delta_sensor_async.py took 0.226 seconds
[2025-08-19T18:24:05.438+0000] {processor.py:157} INFO - Started process (PID=209) to work on /home/airflow/.local/lib/python3.8/site-packages/airflow/example_dags/example_time_delta_sensor_async.py
[2025-08-19T18:24:05.440+0000] {processor.py:829} INFO - Processing file /home/airflow/.local/lib/python3.8/site-packages/airflow/example_dags/example_time_delta_sensor_async.py for tasks to queue
[2025-08-19T18:24:05.443+0000] {logging_mixin.py:151} INFO - [2025-08-19T18:24:05.443+0000] {dagbag.py:536} INFO - Filling up the DagBag from /home/airflow/.local/lib/python3.8/site-packages/airflow/example_dags/example_time_delta_sensor_async.py
[2025-08-19T18:24:05.452+0000] {processor.py:839} INFO - DAG(s) dict_keys(['example_time_delta_sensor_async']) retrieved from /home/airflow/.local/lib/python3.8/site-packages/airflow/example_dags/example_time_delta_sensor_async.py
[2025-08-19T18:24:05.515+0000] {logging_mixin.py:151} INFO - [2025-08-19T18:24:05.514+0000] {dag.py:2941} INFO - Sync 1 DAGs
[2025-08-19T18:24:05.557+0000] {logging_mixin.py:151} INFO - [2025-08-19T18:24:05.557+0000] {dag.py:3722} INFO - Setting next_dagrun for example_time_delta_sensor_async to None, run_after=None
[2025-08-19T18:24:05.620+0000] {processor.py:179} INFO - Processing /home/airflow/.local/lib/python3.8/site-packages/airflow/example_dags/example_time_delta_sensor_async.py took 0.191 seconds
[2025-08-19T18:24:41.451+0000] {processor.py:157} INFO - Started process (PID=269) to work on /home/airflow/.local/lib/python3.8/site-packages/airflow/example_dags/example_time_delta_sensor_async.py
[2025-08-19T18:24:41.456+0000] {processor.py:829} INFO - Processing file /home/airflow/.local/lib/python3.8/site-packages/airflow/example_dags/example_time_delta_sensor_async.py for tasks to queue
[2025-08-19T18:24:41.471+0000] {logging_mixin.py:151} INFO - [2025-08-19T18:24:41.470+0000] {dagbag.py:536} INFO - Filling up the DagBag from /home/airflow/.local/lib/python3.8/site-packages/airflow/example_dags/example_time_delta_sensor_async.py
[2025-08-19T18:24:41.501+0000] {processor.py:839} INFO - DAG(s) dict_keys(['example_time_delta_sensor_async']) retrieved from /home/airflow/.local/lib/python3.8/site-packages/airflow/example_dags/example_time_delta_sensor_async.py
[2025-08-19T18:24:41.655+0000] {logging_mixin.py:151} INFO - [2025-08-19T18:24:41.654+0000] {dag.py:2941} INFO - Sync 1 DAGs
[2025-08-19T18:24:41.785+0000] {logging_mixin.py:151} INFO - [2025-08-19T18:24:41.784+0000] {dag.py:3722} INFO - Setting next_dagrun for example_time_delta_sensor_async to None, run_after=None
[2025-08-19T18:24:41.894+0000] {processor.py:179} INFO - Processing /home/airflow/.local/lib/python3.8/site-packages/airflow/example_dags/example_time_delta_sensor_async.py took 0.474 seconds
[2025-08-19T18:25:12.096+0000] {processor.py:157} INFO - Started process (PID=317) to work on /home/airflow/.local/lib/python3.8/site-packages/airflow/example_dags/example_time_delta_sensor_async.py
[2025-08-19T18:25:12.099+0000] {processor.py:829} INFO - Processing file /home/airflow/.local/lib/python3.8/site-packages/airflow/example_dags/example_time_delta_sensor_async.py for tasks to queue
[2025-08-19T18:25:12.104+0000] {logging_mixin.py:151} INFO - [2025-08-19T18:25:12.104+0000] {dagbag.py:536} INFO - Filling up the DagBag from /home/airflow/.local/lib/python3.8/site-packages/airflow/example_dags/example_time_delta_sensor_async.py
[2025-08-19T18:25:12.119+0000] {processor.py:839} INFO - DAG(s) dict_keys(['example_time_delta_sensor_async']) retrieved from /home/airflow/.local/lib/python3.8/site-packages/airflow/example_dags/example_time_delta_sensor_async.py
[2025-08-19T18:25:12.155+0000] {logging_mixin.py:151} INFO - [2025-08-19T18:25:12.155+0000] {dag.py:2941} INFO - Sync 1 DAGs
[2025-08-19T18:25:12.188+0000] {logging_mixin.py:151} INFO - [2025-08-19T18:25:12.188+0000] {dag.py:3722} INFO - Setting next_dagrun for example_time_delta_sensor_async to None, run_after=None
[2025-08-19T18:25:12.218+0000] {processor.py:179} INFO - Processing /home/airflow/.local/lib/python3.8/site-packages/airflow/example_dags/example_time_delta_sensor_async.py took 0.128 seconds
[2025-08-19T18:25:42.499+0000] {processor.py:157} INFO - Started process (PID=371) to work on /home/airflow/.local/lib/python3.8/site-packages/airflow/example_dags/example_time_delta_sensor_async.py
[2025-08-19T18:25:42.500+0000] {processor.py:829} INFO - Processing file /home/airflow/.local/lib/python3.8/site-packages/airflow/example_dags/example_time_delta_sensor_async.py for tasks to queue
[2025-08-19T18:25:42.504+0000] {logging_mixin.py:151} INFO - [2025-08-19T18:25:42.503+0000] {dagbag.py:536} INFO - Filling up the DagBag from /home/airflow/.local/lib/python3.8/site-packages/airflow/example_dags/example_time_delta_sensor_async.py
[2025-08-19T18:25:42.515+0000] {processor.py:839} INFO - DAG(s) dict_keys(['example_time_delta_sensor_async']) retrieved from /home/airflow/.local/lib/python3.8/site-packages/airflow/example_dags/example_time_delta_sensor_async.py
[2025-08-19T18:25:42.569+0000] {logging_mixin.py:151} INFO - [2025-08-19T18:25:42.568+0000] {dag.py:2941} INFO - Sync 1 DAGs
[2025-08-19T18:25:42.595+0000] {logging_mixin.py:151} INFO - [2025-08-19T18:25:42.595+0000] {dag.py:3722} INFO - Setting next_dagrun for example_time_delta_sensor_async to None, run_after=None
[2025-08-19T18:25:42.640+0000] {processor.py:179} INFO - Processing /home/airflow/.local/lib/python3.8/site-packages/airflow/example_dags/example_time_delta_sensor_async.py took 0.148 seconds
[2025-08-19T18:26:14.754+0000] {processor.py:157} INFO - Started process (PID=423) to work on /home/airflow/.local/lib/python3.8/site-packages/airflow/example_dags/example_time_delta_sensor_async.py
[2025-08-19T18:26:14.757+0000] {processor.py:829} INFO - Processing file /home/airflow/.local/lib/python3.8/site-packages/airflow/example_dags/example_time_delta_sensor_async.py for tasks to queue
[2025-08-19T18:26:14.768+0000] {logging_mixin.py:151} INFO - [2025-08-19T18:26:14.767+0000] {dagbag.py:536} INFO - Filling up the DagBag from /home/airflow/.local/lib/python3.8/site-packages/airflow/example_dags/example_time_delta_sensor_async.py
[2025-08-19T18:26:14.790+0000] {processor.py:839} INFO - DAG(s) dict_keys(['example_time_delta_sensor_async']) retrieved from /home/airflow/.local/lib/python3.8/site-packages/airflow/example_dags/example_time_delta_sensor_async.py
[2025-08-19T18:26:14.887+0000] {logging_mixin.py:151} INFO - [2025-08-19T18:26:14.887+0000] {dag.py:2941} INFO - Sync 1 DAGs
[2025-08-19T18:26:14.967+0000] {logging_mixin.py:151} INFO - [2025-08-19T18:26:14.967+0000] {dag.py:3722} INFO - Setting next_dagrun for example_time_delta_sensor_async to None, run_after=None
[2025-08-19T18:26:15.178+0000] {processor.py:179} INFO - Processing /home/airflow/.local/lib/python3.8/site-packages/airflow/example_dags/example_time_delta_sensor_async.py took 0.438 seconds
[2025-08-19T18:26:45.553+0000] {processor.py:157} INFO - Started process (PID=477) to work on /home/airflow/.local/lib/python3.8/site-packages/airflow/example_dags/example_time_delta_sensor_async.py
[2025-08-19T18:26:45.555+0000] {processor.py:829} INFO - Processing file /home/airflow/.local/lib/python3.8/site-packages/airflow/example_dags/example_time_delta_sensor_async.py for tasks to queue
[2025-08-19T18:26:45.562+0000] {logging_mixin.py:151} INFO - [2025-08-19T18:26:45.560+0000] {dagbag.py:536} INFO - Filling up the DagBag from /home/airflow/.local/lib/python3.8/site-packages/airflow/example_dags/example_time_delta_sensor_async.py
[2025-08-19T18:26:45.575+0000] {processor.py:839} INFO - DAG(s) dict_keys(['example_time_delta_sensor_async']) retrieved from /home/airflow/.local/lib/python3.8/site-packages/airflow/example_dags/example_time_delta_sensor_async.py
[2025-08-19T18:26:45.628+0000] {logging_mixin.py:151} INFO - [2025-08-19T18:26:45.628+0000] {dag.py:2941} INFO - Sync 1 DAGs
[2025-08-19T18:26:45.663+0000] {logging_mixin.py:151} INFO - [2025-08-19T18:26:45.663+0000] {dag.py:3722} INFO - Setting next_dagrun for example_time_delta_sensor_async to None, run_after=None
[2025-08-19T18:26:45.707+0000] {processor.py:179} INFO - Processing /home/airflow/.local/lib/python3.8/site-packages/airflow/example_dags/example_time_delta_sensor_async.py took 0.162 seconds
[2025-08-19T18:27:15.799+0000] {processor.py:157} INFO - Started process (PID=530) to work on /home/airflow/.local/lib/python3.8/site-packages/airflow/example_dags/example_time_delta_sensor_async.py
[2025-08-19T18:27:15.801+0000] {processor.py:829} INFO - Processing file /home/airflow/.local/lib/python3.8/site-packages/airflow/example_dags/example_time_delta_sensor_async.py for tasks to queue
[2025-08-19T18:27:15.803+0000] {logging_mixin.py:151} INFO - [2025-08-19T18:27:15.803+0000] {dagbag.py:536} INFO - Filling up the DagBag from /home/airflow/.local/lib/python3.8/site-packages/airflow/example_dags/example_time_delta_sensor_async.py
[2025-08-19T18:27:15.809+0000] {processor.py:839} INFO - DAG(s) dict_keys(['example_time_delta_sensor_async']) retrieved from /home/airflow/.local/lib/python3.8/site-packages/airflow/example_dags/example_time_delta_sensor_async.py
[2025-08-19T18:27:15.841+0000] {logging_mixin.py:151} INFO - [2025-08-19T18:27:15.841+0000] {dag.py:2941} INFO - Sync 1 DAGs
[2025-08-19T18:27:15.856+0000] {logging_mixin.py:151} INFO - [2025-08-19T18:27:15.856+0000] {dag.py:3722} INFO - Setting next_dagrun for example_time_delta_sensor_async to None, run_after=None
[2025-08-19T18:27:15.885+0000] {processor.py:179} INFO - Processing /home/airflow/.local/lib/python3.8/site-packages/airflow/example_dags/example_time_delta_sensor_async.py took 0.091 seconds
[2025-08-19T18:27:46.186+0000] {processor.py:157} INFO - Started process (PID=584) to work on /home/airflow/.local/lib/python3.8/site-packages/airflow/example_dags/example_time_delta_sensor_async.py
[2025-08-19T18:27:46.189+0000] {processor.py:829} INFO - Processing file /home/airflow/.local/lib/python3.8/site-packages/airflow/example_dags/example_time_delta_sensor_async.py for tasks to queue
[2025-08-19T18:27:46.192+0000] {logging_mixin.py:151} INFO - [2025-08-19T18:27:46.191+0000] {dagbag.py:536} INFO - Filling up the DagBag from /home/airflow/.local/lib/python3.8/site-packages/airflow/example_dags/example_time_delta_sensor_async.py
[2025-08-19T18:27:46.201+0000] {processor.py:839} INFO - DAG(s) dict_keys(['example_time_delta_sensor_async']) retrieved from /home/airflow/.local/lib/python3.8/site-packages/airflow/example_dags/example_time_delta_sensor_async.py
[2025-08-19T18:27:46.248+0000] {logging_mixin.py:151} INFO - [2025-08-19T18:27:46.248+0000] {dag.py:2941} INFO - Sync 1 DAGs
[2025-08-19T18:27:46.270+0000] {logging_mixin.py:151} INFO - [2025-08-19T18:27:46.270+0000] {dag.py:3722} INFO - Setting next_dagrun for example_time_delta_sensor_async to None, run_after=None
[2025-08-19T18:27:46.310+0000] {processor.py:179} INFO - Processing /home/airflow/.local/lib/python3.8/site-packages/airflow/example_dags/example_time_delta_sensor_async.py took 0.130 seconds
[2025-08-19T18:28:16.617+0000] {processor.py:157} INFO - Started process (PID=638) to work on /home/airflow/.local/lib/python3.8/site-packages/airflow/example_dags/example_time_delta_sensor_async.py
[2025-08-19T18:28:16.622+0000] {processor.py:829} INFO - Processing file /home/airflow/.local/lib/python3.8/site-packages/airflow/example_dags/example_time_delta_sensor_async.py for tasks to queue
[2025-08-19T18:28:16.628+0000] {logging_mixin.py:151} INFO - [2025-08-19T18:28:16.627+0000] {dagbag.py:536} INFO - Filling up the DagBag from /home/airflow/.local/lib/python3.8/site-packages/airflow/example_dags/example_time_delta_sensor_async.py
[2025-08-19T18:28:16.639+0000] {processor.py:839} INFO - DAG(s) dict_keys(['example_time_delta_sensor_async']) retrieved from /home/airflow/.local/lib/python3.8/site-packages/airflow/example_dags/example_time_delta_sensor_async.py
[2025-08-19T18:28:16.697+0000] {logging_mixin.py:151} INFO - [2025-08-19T18:28:16.697+0000] {dag.py:2941} INFO - Sync 1 DAGs
[2025-08-19T18:28:16.736+0000] {logging_mixin.py:151} INFO - [2025-08-19T18:28:16.735+0000] {dag.py:3722} INFO - Setting next_dagrun for example_time_delta_sensor_async to None, run_after=None
[2025-08-19T18:28:16.795+0000] {processor.py:179} INFO - Processing /home/airflow/.local/lib/python3.8/site-packages/airflow/example_dags/example_time_delta_sensor_async.py took 0.189 seconds
[2025-08-19T18:28:47.356+0000] {processor.py:157} INFO - Started process (PID=692) to work on /home/airflow/.local/lib/python3.8/site-packages/airflow/example_dags/example_time_delta_sensor_async.py
[2025-08-19T18:28:47.359+0000] {processor.py:829} INFO - Processing file /home/airflow/.local/lib/python3.8/site-packages/airflow/example_dags/example_time_delta_sensor_async.py for tasks to queue
[2025-08-19T18:28:47.365+0000] {logging_mixin.py:151} INFO - [2025-08-19T18:28:47.364+0000] {dagbag.py:536} INFO - Filling up the DagBag from /home/airflow/.local/lib/python3.8/site-packages/airflow/example_dags/example_time_delta_sensor_async.py
[2025-08-19T18:28:47.375+0000] {processor.py:839} INFO - DAG(s) dict_keys(['example_time_delta_sensor_async']) retrieved from /home/airflow/.local/lib/python3.8/site-packages/airflow/example_dags/example_time_delta_sensor_async.py
[2025-08-19T18:28:47.430+0000] {logging_mixin.py:151} INFO - [2025-08-19T18:28:47.430+0000] {dag.py:2941} INFO - Sync 1 DAGs
[2025-08-19T18:28:47.454+0000] {logging_mixin.py:151} INFO - [2025-08-19T18:28:47.453+0000] {dag.py:3722} INFO - Setting next_dagrun for example_time_delta_sensor_async to None, run_after=None
[2025-08-19T18:28:47.505+0000] {processor.py:179} INFO - Processing /home/airflow/.local/lib/python3.8/site-packages/airflow/example_dags/example_time_delta_sensor_async.py took 0.162 seconds
[2025-08-19T18:29:17.828+0000] {processor.py:157} INFO - Started process (PID=746) to work on /home/airflow/.local/lib/python3.8/site-packages/airflow/example_dags/example_time_delta_sensor_async.py
[2025-08-19T18:29:17.830+0000] {processor.py:829} INFO - Processing file /home/airflow/.local/lib/python3.8/site-packages/airflow/example_dags/example_time_delta_sensor_async.py for tasks to queue
[2025-08-19T18:29:17.843+0000] {logging_mixin.py:151} INFO - [2025-08-19T18:29:17.840+0000] {dagbag.py:536} INFO - Filling up the DagBag from /home/airflow/.local/lib/python3.8/site-packages/airflow/example_dags/example_time_delta_sensor_async.py
[2025-08-19T18:29:17.860+0000] {processor.py:839} INFO - DAG(s) dict_keys(['example_time_delta_sensor_async']) retrieved from /home/airflow/.local/lib/python3.8/site-packages/airflow/example_dags/example_time_delta_sensor_async.py
[2025-08-19T18:29:17.935+0000] {logging_mixin.py:151} INFO - [2025-08-19T18:29:17.934+0000] {dag.py:2941} INFO - Sync 1 DAGs
[2025-08-19T18:29:17.973+0000] {logging_mixin.py:151} INFO - [2025-08-19T18:29:17.973+0000] {dag.py:3722} INFO - Setting next_dagrun for example_time_delta_sensor_async to None, run_after=None
[2025-08-19T18:29:18.018+0000] {processor.py:179} INFO - Processing /home/airflow/.local/lib/python3.8/site-packages/airflow/example_dags/example_time_delta_sensor_async.py took 0.201 seconds
[2025-08-19T18:29:48.499+0000] {processor.py:157} INFO - Started process (PID=800) to work on /home/airflow/.local/lib/python3.8/site-packages/airflow/example_dags/example_time_delta_sensor_async.py
[2025-08-19T18:29:48.502+0000] {processor.py:829} INFO - Processing file /home/airflow/.local/lib/python3.8/site-packages/airflow/example_dags/example_time_delta_sensor_async.py for tasks to queue
[2025-08-19T18:29:48.506+0000] {logging_mixin.py:151} INFO - [2025-08-19T18:29:48.505+0000] {dagbag.py:536} INFO - Filling up the DagBag from /home/airflow/.local/lib/python3.8/site-packages/airflow/example_dags/example_time_delta_sensor_async.py
[2025-08-19T18:29:48.515+0000] {processor.py:839} INFO - DAG(s) dict_keys(['example_time_delta_sensor_async']) retrieved from /home/airflow/.local/lib/python3.8/site-packages/airflow/example_dags/example_time_delta_sensor_async.py
[2025-08-19T18:29:48.550+0000] {logging_mixin.py:151} INFO - [2025-08-19T18:29:48.550+0000] {dag.py:2941} INFO - Sync 1 DAGs
[2025-08-19T18:29:48.572+0000] {logging_mixin.py:151} INFO - [2025-08-19T18:29:48.571+0000] {dag.py:3722} INFO - Setting next_dagrun for example_time_delta_sensor_async to None, run_after=None
[2025-08-19T18:29:48.611+0000] {processor.py:179} INFO - Processing /home/airflow/.local/lib/python3.8/site-packages/airflow/example_dags/example_time_delta_sensor_async.py took 0.121 seconds
[2025-08-19T18:30:55.775+0000] {processor.py:157} INFO - Started process (PID=99) to work on /home/airflow/.local/lib/python3.8/site-packages/airflow/example_dags/example_time_delta_sensor_async.py
[2025-08-19T18:30:55.777+0000] {processor.py:829} INFO - Processing file /home/airflow/.local/lib/python3.8/site-packages/airflow/example_dags/example_time_delta_sensor_async.py for tasks to queue
[2025-08-19T18:30:55.781+0000] {logging_mixin.py:151} INFO - [2025-08-19T18:30:55.781+0000] {dagbag.py:536} INFO - Filling up the DagBag from /home/airflow/.local/lib/python3.8/site-packages/airflow/example_dags/example_time_delta_sensor_async.py
[2025-08-19T18:30:55.793+0000] {processor.py:839} INFO - DAG(s) dict_keys(['example_time_delta_sensor_async']) retrieved from /home/airflow/.local/lib/python3.8/site-packages/airflow/example_dags/example_time_delta_sensor_async.py
[2025-08-19T18:30:55.835+0000] {logging_mixin.py:151} INFO - [2025-08-19T18:30:55.835+0000] {dag.py:2941} INFO - Sync 1 DAGs
[2025-08-19T18:30:55.874+0000] {logging_mixin.py:151} INFO - [2025-08-19T18:30:55.873+0000] {dag.py:3722} INFO - Setting next_dagrun for example_time_delta_sensor_async to None, run_after=None
[2025-08-19T18:30:55.916+0000] {processor.py:179} INFO - Processing /home/airflow/.local/lib/python3.8/site-packages/airflow/example_dags/example_time_delta_sensor_async.py took 0.152 seconds
[2025-08-19T18:31:26.826+0000] {processor.py:157} INFO - Started process (PID=146) to work on /home/airflow/.local/lib/python3.8/site-packages/airflow/example_dags/example_time_delta_sensor_async.py
[2025-08-19T18:31:26.829+0000] {processor.py:829} INFO - Processing file /home/airflow/.local/lib/python3.8/site-packages/airflow/example_dags/example_time_delta_sensor_async.py for tasks to queue
[2025-08-19T18:31:26.833+0000] {logging_mixin.py:151} INFO - [2025-08-19T18:31:26.832+0000] {dagbag.py:536} INFO - Filling up the DagBag from /home/airflow/.local/lib/python3.8/site-packages/airflow/example_dags/example_time_delta_sensor_async.py
[2025-08-19T18:31:26.855+0000] {processor.py:839} INFO - DAG(s) dict_keys(['example_time_delta_sensor_async']) retrieved from /home/airflow/.local/lib/python3.8/site-packages/airflow/example_dags/example_time_delta_sensor_async.py
[2025-08-19T18:31:26.965+0000] {logging_mixin.py:151} INFO - [2025-08-19T18:31:26.965+0000] {dag.py:2941} INFO - Sync 1 DAGs
[2025-08-19T18:31:27.049+0000] {logging_mixin.py:151} INFO - [2025-08-19T18:31:27.048+0000] {dag.py:3722} INFO - Setting next_dagrun for example_time_delta_sensor_async to None, run_after=None
[2025-08-19T18:31:27.117+0000] {processor.py:179} INFO - Processing /home/airflow/.local/lib/python3.8/site-packages/airflow/example_dags/example_time_delta_sensor_async.py took 0.298 seconds
[2025-08-19T18:31:58.060+0000] {processor.py:157} INFO - Started process (PID=201) to work on /home/airflow/.local/lib/python3.8/site-packages/airflow/example_dags/example_time_delta_sensor_async.py
[2025-08-19T18:31:58.062+0000] {processor.py:829} INFO - Processing file /home/airflow/.local/lib/python3.8/site-packages/airflow/example_dags/example_time_delta_sensor_async.py for tasks to queue
[2025-08-19T18:31:58.066+0000] {logging_mixin.py:151} INFO - [2025-08-19T18:31:58.065+0000] {dagbag.py:536} INFO - Filling up the DagBag from /home/airflow/.local/lib/python3.8/site-packages/airflow/example_dags/example_time_delta_sensor_async.py
[2025-08-19T18:31:58.075+0000] {processor.py:839} INFO - DAG(s) dict_keys(['example_time_delta_sensor_async']) retrieved from /home/airflow/.local/lib/python3.8/site-packages/airflow/example_dags/example_time_delta_sensor_async.py
[2025-08-19T18:31:58.114+0000] {logging_mixin.py:151} INFO - [2025-08-19T18:31:58.114+0000] {dag.py:2941} INFO - Sync 1 DAGs
[2025-08-19T18:31:58.132+0000] {logging_mixin.py:151} INFO - [2025-08-19T18:31:58.131+0000] {dag.py:3722} INFO - Setting next_dagrun for example_time_delta_sensor_async to None, run_after=None
[2025-08-19T18:31:58.164+0000] {processor.py:179} INFO - Processing /home/airflow/.local/lib/python3.8/site-packages/airflow/example_dags/example_time_delta_sensor_async.py took 0.110 seconds
[2025-08-19T18:32:28.797+0000] {processor.py:157} INFO - Started process (PID=255) to work on /home/airflow/.local/lib/python3.8/site-packages/airflow/example_dags/example_time_delta_sensor_async.py
[2025-08-19T18:32:28.799+0000] {processor.py:829} INFO - Processing file /home/airflow/.local/lib/python3.8/site-packages/airflow/example_dags/example_time_delta_sensor_async.py for tasks to queue
[2025-08-19T18:32:28.802+0000] {logging_mixin.py:151} INFO - [2025-08-19T18:32:28.802+0000] {dagbag.py:536} INFO - Filling up the DagBag from /home/airflow/.local/lib/python3.8/site-packages/airflow/example_dags/example_time_delta_sensor_async.py
[2025-08-19T18:32:28.809+0000] {processor.py:839} INFO - DAG(s) dict_keys(['example_time_delta_sensor_async']) retrieved from /home/airflow/.local/lib/python3.8/site-packages/airflow/example_dags/example_time_delta_sensor_async.py
[2025-08-19T18:32:28.845+0000] {logging_mixin.py:151} INFO - [2025-08-19T18:32:28.845+0000] {dag.py:2941} INFO - Sync 1 DAGs
[2025-08-19T18:32:28.863+0000] {logging_mixin.py:151} INFO - [2025-08-19T18:32:28.863+0000] {dag.py:3722} INFO - Setting next_dagrun for example_time_delta_sensor_async to None, run_after=None
[2025-08-19T18:32:28.903+0000] {processor.py:179} INFO - Processing /home/airflow/.local/lib/python3.8/site-packages/airflow/example_dags/example_time_delta_sensor_async.py took 0.111 seconds
[2025-08-19T18:32:59.499+0000] {processor.py:157} INFO - Started process (PID=309) to work on /home/airflow/.local/lib/python3.8/site-packages/airflow/example_dags/example_time_delta_sensor_async.py
[2025-08-19T18:32:59.503+0000] {processor.py:829} INFO - Processing file /home/airflow/.local/lib/python3.8/site-packages/airflow/example_dags/example_time_delta_sensor_async.py for tasks to queue
[2025-08-19T18:32:59.508+0000] {logging_mixin.py:151} INFO - [2025-08-19T18:32:59.508+0000] {dagbag.py:536} INFO - Filling up the DagBag from /home/airflow/.local/lib/python3.8/site-packages/airflow/example_dags/example_time_delta_sensor_async.py
[2025-08-19T18:32:59.520+0000] {processor.py:839} INFO - DAG(s) dict_keys(['example_time_delta_sensor_async']) retrieved from /home/airflow/.local/lib/python3.8/site-packages/airflow/example_dags/example_time_delta_sensor_async.py
[2025-08-19T18:32:59.569+0000] {logging_mixin.py:151} INFO - [2025-08-19T18:32:59.569+0000] {dag.py:2941} INFO - Sync 1 DAGs
[2025-08-19T18:32:59.598+0000] {logging_mixin.py:151} INFO - [2025-08-19T18:32:59.597+0000] {dag.py:3722} INFO - Setting next_dagrun for example_time_delta_sensor_async to None, run_after=None
[2025-08-19T18:32:59.640+0000] {processor.py:179} INFO - Processing /home/airflow/.local/lib/python3.8/site-packages/airflow/example_dags/example_time_delta_sensor_async.py took 0.147 seconds
[2025-08-19T18:33:30.386+0000] {processor.py:157} INFO - Started process (PID=362) to work on /home/airflow/.local/lib/python3.8/site-packages/airflow/example_dags/example_time_delta_sensor_async.py
[2025-08-19T18:33:30.389+0000] {processor.py:829} INFO - Processing file /home/airflow/.local/lib/python3.8/site-packages/airflow/example_dags/example_time_delta_sensor_async.py for tasks to queue
[2025-08-19T18:33:30.392+0000] {logging_mixin.py:151} INFO - [2025-08-19T18:33:30.392+0000] {dagbag.py:536} INFO - Filling up the DagBag from /home/airflow/.local/lib/python3.8/site-packages/airflow/example_dags/example_time_delta_sensor_async.py
[2025-08-19T18:33:30.400+0000] {processor.py:839} INFO - DAG(s) dict_keys(['example_time_delta_sensor_async']) retrieved from /home/airflow/.local/lib/python3.8/site-packages/airflow/example_dags/example_time_delta_sensor_async.py
[2025-08-19T18:33:30.434+0000] {logging_mixin.py:151} INFO - [2025-08-19T18:33:30.434+0000] {dag.py:2941} INFO - Sync 1 DAGs
[2025-08-19T18:33:30.460+0000] {logging_mixin.py:151} INFO - [2025-08-19T18:33:30.460+0000] {dag.py:3722} INFO - Setting next_dagrun for example_time_delta_sensor_async to None, run_after=None
[2025-08-19T18:33:30.497+0000] {processor.py:179} INFO - Processing /home/airflow/.local/lib/python3.8/site-packages/airflow/example_dags/example_time_delta_sensor_async.py took 0.117 seconds
[2025-08-19T18:34:01.095+0000] {processor.py:157} INFO - Started process (PID=417) to work on /home/airflow/.local/lib/python3.8/site-packages/airflow/example_dags/example_time_delta_sensor_async.py
[2025-08-19T18:34:01.097+0000] {processor.py:829} INFO - Processing file /home/airflow/.local/lib/python3.8/site-packages/airflow/example_dags/example_time_delta_sensor_async.py for tasks to queue
[2025-08-19T18:34:01.101+0000] {logging_mixin.py:151} INFO - [2025-08-19T18:34:01.101+0000] {dagbag.py:536} INFO - Filling up the DagBag from /home/airflow/.local/lib/python3.8/site-packages/airflow/example_dags/example_time_delta_sensor_async.py
[2025-08-19T18:34:01.110+0000] {processor.py:839} INFO - DAG(s) dict_keys(['example_time_delta_sensor_async']) retrieved from /home/airflow/.local/lib/python3.8/site-packages/airflow/example_dags/example_time_delta_sensor_async.py
[2025-08-19T18:34:01.144+0000] {logging_mixin.py:151} INFO - [2025-08-19T18:34:01.144+0000] {dag.py:2941} INFO - Sync 1 DAGs
[2025-08-19T18:34:01.161+0000] {logging_mixin.py:151} INFO - [2025-08-19T18:34:01.161+0000] {dag.py:3722} INFO - Setting next_dagrun for example_time_delta_sensor_async to None, run_after=None
[2025-08-19T18:34:01.207+0000] {processor.py:179} INFO - Processing /home/airflow/.local/lib/python3.8/site-packages/airflow/example_dags/example_time_delta_sensor_async.py took 0.119 seconds
[2025-08-19T18:34:31.965+0000] {processor.py:157} INFO - Started process (PID=471) to work on /home/airflow/.local/lib/python3.8/site-packages/airflow/example_dags/example_time_delta_sensor_async.py
[2025-08-19T18:34:31.968+0000] {processor.py:829} INFO - Processing file /home/airflow/.local/lib/python3.8/site-packages/airflow/example_dags/example_time_delta_sensor_async.py for tasks to queue
[2025-08-19T18:34:31.971+0000] {logging_mixin.py:151} INFO - [2025-08-19T18:34:31.971+0000] {dagbag.py:536} INFO - Filling up the DagBag from /home/airflow/.local/lib/python3.8/site-packages/airflow/example_dags/example_time_delta_sensor_async.py
[2025-08-19T18:34:31.980+0000] {processor.py:839} INFO - DAG(s) dict_keys(['example_time_delta_sensor_async']) retrieved from /home/airflow/.local/lib/python3.8/site-packages/airflow/example_dags/example_time_delta_sensor_async.py
[2025-08-19T18:34:32.028+0000] {logging_mixin.py:151} INFO - [2025-08-19T18:34:32.027+0000] {dag.py:2941} INFO - Sync 1 DAGs
[2025-08-19T18:34:32.043+0000] {logging_mixin.py:151} INFO - [2025-08-19T18:34:32.042+0000] {dag.py:3722} INFO - Setting next_dagrun for example_time_delta_sensor_async to None, run_after=None
[2025-08-19T18:34:32.067+0000] {processor.py:179} INFO - Processing /home/airflow/.local/lib/python3.8/site-packages/airflow/example_dags/example_time_delta_sensor_async.py took 0.112 seconds
[2025-08-19T18:35:02.386+0000] {processor.py:157} INFO - Started process (PID=525) to work on /home/airflow/.local/lib/python3.8/site-packages/airflow/example_dags/example_time_delta_sensor_async.py
[2025-08-19T18:35:02.507+0000] {processor.py:829} INFO - Processing file /home/airflow/.local/lib/python3.8/site-packages/airflow/example_dags/example_time_delta_sensor_async.py for tasks to queue
[2025-08-19T18:35:02.512+0000] {logging_mixin.py:151} INFO - [2025-08-19T18:35:02.511+0000] {dagbag.py:536} INFO - Filling up the DagBag from /home/airflow/.local/lib/python3.8/site-packages/airflow/example_dags/example_time_delta_sensor_async.py
[2025-08-19T18:35:02.521+0000] {processor.py:839} INFO - DAG(s) dict_keys(['example_time_delta_sensor_async']) retrieved from /home/airflow/.local/lib/python3.8/site-packages/airflow/example_dags/example_time_delta_sensor_async.py
[2025-08-19T18:35:02.565+0000] {logging_mixin.py:151} INFO - [2025-08-19T18:35:02.565+0000] {dag.py:2941} INFO - Sync 1 DAGs
[2025-08-19T18:35:02.601+0000] {logging_mixin.py:151} INFO - [2025-08-19T18:35:02.600+0000] {dag.py:3722} INFO - Setting next_dagrun for example_time_delta_sensor_async to None, run_after=None
[2025-08-19T18:35:02.649+0000] {processor.py:179} INFO - Processing /home/airflow/.local/lib/python3.8/site-packages/airflow/example_dags/example_time_delta_sensor_async.py took 0.269 seconds
[2025-08-19T18:35:33.264+0000] {processor.py:157} INFO - Started process (PID=579) to work on /home/airflow/.local/lib/python3.8/site-packages/airflow/example_dags/example_time_delta_sensor_async.py
[2025-08-19T18:35:33.269+0000] {processor.py:829} INFO - Processing file /home/airflow/.local/lib/python3.8/site-packages/airflow/example_dags/example_time_delta_sensor_async.py for tasks to queue
[2025-08-19T18:35:33.274+0000] {logging_mixin.py:151} INFO - [2025-08-19T18:35:33.273+0000] {dagbag.py:536} INFO - Filling up the DagBag from /home/airflow/.local/lib/python3.8/site-packages/airflow/example_dags/example_time_delta_sensor_async.py
[2025-08-19T18:35:33.286+0000] {processor.py:839} INFO - DAG(s) dict_keys(['example_time_delta_sensor_async']) retrieved from /home/airflow/.local/lib/python3.8/site-packages/airflow/example_dags/example_time_delta_sensor_async.py
[2025-08-19T18:35:33.340+0000] {logging_mixin.py:151} INFO - [2025-08-19T18:35:33.339+0000] {dag.py:2941} INFO - Sync 1 DAGs
[2025-08-19T18:35:33.360+0000] {logging_mixin.py:151} INFO - [2025-08-19T18:35:33.360+0000] {dag.py:3722} INFO - Setting next_dagrun for example_time_delta_sensor_async to None, run_after=None
[2025-08-19T18:35:33.395+0000] {processor.py:179} INFO - Processing /home/airflow/.local/lib/python3.8/site-packages/airflow/example_dags/example_time_delta_sensor_async.py took 0.139 seconds
[2025-08-19T18:36:03.808+0000] {processor.py:157} INFO - Started process (PID=633) to work on /home/airflow/.local/lib/python3.8/site-packages/airflow/example_dags/example_time_delta_sensor_async.py
[2025-08-19T18:36:03.810+0000] {processor.py:829} INFO - Processing file /home/airflow/.local/lib/python3.8/site-packages/airflow/example_dags/example_time_delta_sensor_async.py for tasks to queue
[2025-08-19T18:36:03.816+0000] {logging_mixin.py:151} INFO - [2025-08-19T18:36:03.816+0000] {dagbag.py:536} INFO - Filling up the DagBag from /home/airflow/.local/lib/python3.8/site-packages/airflow/example_dags/example_time_delta_sensor_async.py
[2025-08-19T18:36:03.824+0000] {processor.py:839} INFO - DAG(s) dict_keys(['example_time_delta_sensor_async']) retrieved from /home/airflow/.local/lib/python3.8/site-packages/airflow/example_dags/example_time_delta_sensor_async.py
[2025-08-19T18:36:03.867+0000] {logging_mixin.py:151} INFO - [2025-08-19T18:36:03.867+0000] {dag.py:2941} INFO - Sync 1 DAGs
[2025-08-19T18:36:03.897+0000] {logging_mixin.py:151} INFO - [2025-08-19T18:36:03.897+0000] {dag.py:3722} INFO - Setting next_dagrun for example_time_delta_sensor_async to None, run_after=None
[2025-08-19T18:36:03.945+0000] {processor.py:179} INFO - Processing /home/airflow/.local/lib/python3.8/site-packages/airflow/example_dags/example_time_delta_sensor_async.py took 0.143 seconds
[2025-08-19T18:36:35.448+0000] {processor.py:157} INFO - Started process (PID=687) to work on /home/airflow/.local/lib/python3.8/site-packages/airflow/example_dags/example_time_delta_sensor_async.py
[2025-08-19T18:36:35.449+0000] {processor.py:829} INFO - Processing file /home/airflow/.local/lib/python3.8/site-packages/airflow/example_dags/example_time_delta_sensor_async.py for tasks to queue
[2025-08-19T18:36:35.455+0000] {logging_mixin.py:151} INFO - [2025-08-19T18:36:35.454+0000] {dagbag.py:536} INFO - Filling up the DagBag from /home/airflow/.local/lib/python3.8/site-packages/airflow/example_dags/example_time_delta_sensor_async.py
[2025-08-19T18:36:35.463+0000] {processor.py:839} INFO - DAG(s) dict_keys(['example_time_delta_sensor_async']) retrieved from /home/airflow/.local/lib/python3.8/site-packages/airflow/example_dags/example_time_delta_sensor_async.py
[2025-08-19T18:36:35.506+0000] {logging_mixin.py:151} INFO - [2025-08-19T18:36:35.506+0000] {dag.py:2941} INFO - Sync 1 DAGs
[2025-08-19T18:36:35.532+0000] {logging_mixin.py:151} INFO - [2025-08-19T18:36:35.532+0000] {dag.py:3722} INFO - Setting next_dagrun for example_time_delta_sensor_async to None, run_after=None
[2025-08-19T18:36:35.571+0000] {processor.py:179} INFO - Processing /home/airflow/.local/lib/python3.8/site-packages/airflow/example_dags/example_time_delta_sensor_async.py took 0.128 seconds
[2025-08-19T18:37:08.069+0000] {processor.py:157} INFO - Started process (PID=741) to work on /home/airflow/.local/lib/python3.8/site-packages/airflow/example_dags/example_time_delta_sensor_async.py
[2025-08-19T18:37:08.073+0000] {processor.py:829} INFO - Processing file /home/airflow/.local/lib/python3.8/site-packages/airflow/example_dags/example_time_delta_sensor_async.py for tasks to queue
[2025-08-19T18:37:08.086+0000] {logging_mixin.py:151} INFO - [2025-08-19T18:37:08.085+0000] {dagbag.py:536} INFO - Filling up the DagBag from /home/airflow/.local/lib/python3.8/site-packages/airflow/example_dags/example_time_delta_sensor_async.py
[2025-08-19T18:37:08.100+0000] {processor.py:839} INFO - DAG(s) dict_keys(['example_time_delta_sensor_async']) retrieved from /home/airflow/.local/lib/python3.8/site-packages/airflow/example_dags/example_time_delta_sensor_async.py
[2025-08-19T18:37:08.145+0000] {logging_mixin.py:151} INFO - [2025-08-19T18:37:08.144+0000] {dag.py:2941} INFO - Sync 1 DAGs
[2025-08-19T18:37:08.178+0000] {logging_mixin.py:151} INFO - [2025-08-19T18:37:08.177+0000] {dag.py:3722} INFO - Setting next_dagrun for example_time_delta_sensor_async to None, run_after=None
[2025-08-19T18:37:08.257+0000] {processor.py:179} INFO - Processing /home/airflow/.local/lib/python3.8/site-packages/airflow/example_dags/example_time_delta_sensor_async.py took 0.200 seconds
[2025-08-19T18:37:41.736+0000] {processor.py:157} INFO - Started process (PID=796) to work on /home/airflow/.local/lib/python3.8/site-packages/airflow/example_dags/example_time_delta_sensor_async.py
[2025-08-19T18:37:41.739+0000] {processor.py:829} INFO - Processing file /home/airflow/.local/lib/python3.8/site-packages/airflow/example_dags/example_time_delta_sensor_async.py for tasks to queue
[2025-08-19T18:37:41.743+0000] {logging_mixin.py:151} INFO - [2025-08-19T18:37:41.742+0000] {dagbag.py:536} INFO - Filling up the DagBag from /home/airflow/.local/lib/python3.8/site-packages/airflow/example_dags/example_time_delta_sensor_async.py
[2025-08-19T18:37:41.751+0000] {processor.py:839} INFO - DAG(s) dict_keys(['example_time_delta_sensor_async']) retrieved from /home/airflow/.local/lib/python3.8/site-packages/airflow/example_dags/example_time_delta_sensor_async.py
[2025-08-19T18:37:41.801+0000] {logging_mixin.py:151} INFO - [2025-08-19T18:37:41.801+0000] {dag.py:2941} INFO - Sync 1 DAGs
[2025-08-19T18:37:41.827+0000] {logging_mixin.py:151} INFO - [2025-08-19T18:37:41.826+0000] {dag.py:3722} INFO - Setting next_dagrun for example_time_delta_sensor_async to None, run_after=None
[2025-08-19T18:37:41.866+0000] {processor.py:179} INFO - Processing /home/airflow/.local/lib/python3.8/site-packages/airflow/example_dags/example_time_delta_sensor_async.py took 0.140 seconds
[2025-08-19T18:38:12.540+0000] {processor.py:157} INFO - Started process (PID=850) to work on /home/airflow/.local/lib/python3.8/site-packages/airflow/example_dags/example_time_delta_sensor_async.py
[2025-08-19T18:38:12.542+0000] {processor.py:829} INFO - Processing file /home/airflow/.local/lib/python3.8/site-packages/airflow/example_dags/example_time_delta_sensor_async.py for tasks to queue
[2025-08-19T18:38:12.546+0000] {logging_mixin.py:151} INFO - [2025-08-19T18:38:12.546+0000] {dagbag.py:536} INFO - Filling up the DagBag from /home/airflow/.local/lib/python3.8/site-packages/airflow/example_dags/example_time_delta_sensor_async.py
[2025-08-19T18:38:12.555+0000] {processor.py:839} INFO - DAG(s) dict_keys(['example_time_delta_sensor_async']) retrieved from /home/airflow/.local/lib/python3.8/site-packages/airflow/example_dags/example_time_delta_sensor_async.py
[2025-08-19T18:38:12.604+0000] {logging_mixin.py:151} INFO - [2025-08-19T18:38:12.604+0000] {dag.py:2941} INFO - Sync 1 DAGs
[2025-08-19T18:38:12.635+0000] {logging_mixin.py:151} INFO - [2025-08-19T18:38:12.635+0000] {dag.py:3722} INFO - Setting next_dagrun for example_time_delta_sensor_async to None, run_after=None
[2025-08-19T18:38:12.688+0000] {processor.py:179} INFO - Processing /home/airflow/.local/lib/python3.8/site-packages/airflow/example_dags/example_time_delta_sensor_async.py took 0.155 seconds
[2025-08-19T18:38:43.640+0000] {processor.py:157} INFO - Started process (PID=904) to work on /home/airflow/.local/lib/python3.8/site-packages/airflow/example_dags/example_time_delta_sensor_async.py
[2025-08-19T18:38:43.642+0000] {processor.py:829} INFO - Processing file /home/airflow/.local/lib/python3.8/site-packages/airflow/example_dags/example_time_delta_sensor_async.py for tasks to queue
[2025-08-19T18:38:43.646+0000] {logging_mixin.py:151} INFO - [2025-08-19T18:38:43.645+0000] {dagbag.py:536} INFO - Filling up the DagBag from /home/airflow/.local/lib/python3.8/site-packages/airflow/example_dags/example_time_delta_sensor_async.py
[2025-08-19T18:38:43.652+0000] {processor.py:839} INFO - DAG(s) dict_keys(['example_time_delta_sensor_async']) retrieved from /home/airflow/.local/lib/python3.8/site-packages/airflow/example_dags/example_time_delta_sensor_async.py
[2025-08-19T18:38:43.686+0000] {logging_mixin.py:151} INFO - [2025-08-19T18:38:43.685+0000] {dag.py:2941} INFO - Sync 1 DAGs
[2025-08-19T18:38:43.704+0000] {logging_mixin.py:151} INFO - [2025-08-19T18:38:43.704+0000] {dag.py:3722} INFO - Setting next_dagrun for example_time_delta_sensor_async to None, run_after=None
[2025-08-19T18:38:43.746+0000] {processor.py:179} INFO - Processing /home/airflow/.local/lib/python3.8/site-packages/airflow/example_dags/example_time_delta_sensor_async.py took 0.110 seconds
[2025-08-19T18:39:14.580+0000] {processor.py:157} INFO - Started process (PID=958) to work on /home/airflow/.local/lib/python3.8/site-packages/airflow/example_dags/example_time_delta_sensor_async.py
[2025-08-19T18:39:14.582+0000] {processor.py:829} INFO - Processing file /home/airflow/.local/lib/python3.8/site-packages/airflow/example_dags/example_time_delta_sensor_async.py for tasks to queue
[2025-08-19T18:39:14.587+0000] {logging_mixin.py:151} INFO - [2025-08-19T18:39:14.586+0000] {dagbag.py:536} INFO - Filling up the DagBag from /home/airflow/.local/lib/python3.8/site-packages/airflow/example_dags/example_time_delta_sensor_async.py
[2025-08-19T18:39:14.597+0000] {processor.py:839} INFO - DAG(s) dict_keys(['example_time_delta_sensor_async']) retrieved from /home/airflow/.local/lib/python3.8/site-packages/airflow/example_dags/example_time_delta_sensor_async.py
[2025-08-19T18:39:14.636+0000] {logging_mixin.py:151} INFO - [2025-08-19T18:39:14.636+0000] {dag.py:2941} INFO - Sync 1 DAGs
[2025-08-19T18:39:14.655+0000] {logging_mixin.py:151} INFO - [2025-08-19T18:39:14.655+0000] {dag.py:3722} INFO - Setting next_dagrun for example_time_delta_sensor_async to None, run_after=None
[2025-08-19T18:39:14.689+0000] {processor.py:179} INFO - Processing /home/airflow/.local/lib/python3.8/site-packages/airflow/example_dags/example_time_delta_sensor_async.py took 0.115 seconds
