[2025-08-19T18:22:39.710+0000] {processor.py:157} INFO - Started process (PID=85) to work on /home/airflow/.local/lib/python3.8/site-packages/airflow/example_dags/example_skip_dag.py
[2025-08-19T18:22:39.741+0000] {processor.py:829} INFO - Processing file /home/airflow/.local/lib/python3.8/site-packages/airflow/example_dags/example_skip_dag.py for tasks to queue
[2025-08-19T18:22:39.774+0000] {logging_mixin.py:151} INFO - [2025-08-19T18:22:39.773+0000] {dagbag.py:536} INFO - Filling up the DagBag from /home/airflow/.local/lib/python3.8/site-packages/airflow/example_dags/example_skip_dag.py
[2025-08-19T18:22:40.824+0000] {processor.py:839} INFO - DAG(s) dict_keys(['example_skip_dag']) retrieved from /home/airflow/.local/lib/python3.8/site-packages/airflow/example_dags/example_skip_dag.py
[2025-08-19T18:22:42.729+0000] {logging_mixin.py:151} INFO - [2025-08-19T18:22:42.728+0000] {dag.py:2941} INFO - Sync 1 DAGs
[2025-08-19T18:22:43.061+0000] {logging_mixin.py:151} INFO - [2025-08-19T18:22:43.060+0000] {dag.py:3722} INFO - Setting next_dagrun for example_skip_dag to 2025-08-18T18:22:43.059621+00:00, run_after=2025-08-19T18:22:43.059621+00:00
[2025-08-19T18:22:43.266+0000] {processor.py:179} INFO - Processing /home/airflow/.local/lib/python3.8/site-packages/airflow/example_dags/example_skip_dag.py took 3.695 seconds
[2025-08-19T18:23:24.918+0000] {processor.py:157} INFO - Started process (PID=139) to work on /home/airflow/.local/lib/python3.8/site-packages/airflow/example_dags/example_skip_dag.py
[2025-08-19T18:23:25.277+0000] {processor.py:829} INFO - Processing file /home/airflow/.local/lib/python3.8/site-packages/airflow/example_dags/example_skip_dag.py for tasks to queue
[2025-08-19T18:23:25.286+0000] {logging_mixin.py:151} INFO - [2025-08-19T18:23:25.285+0000] {dagbag.py:536} INFO - Filling up the DagBag from /home/airflow/.local/lib/python3.8/site-packages/airflow/example_dags/example_skip_dag.py
[2025-08-19T18:23:25.364+0000] {processor.py:839} INFO - DAG(s) dict_keys(['example_skip_dag']) retrieved from /home/airflow/.local/lib/python3.8/site-packages/airflow/example_dags/example_skip_dag.py
[2025-08-19T18:23:25.493+0000] {logging_mixin.py:151} INFO - [2025-08-19T18:23:25.493+0000] {dag.py:2941} INFO - Sync 1 DAGs
[2025-08-19T18:23:25.658+0000] {logging_mixin.py:151} INFO - [2025-08-19T18:23:25.657+0000] {dag.py:3722} INFO - Setting next_dagrun for example_skip_dag to 2025-08-18T18:23:25.656955+00:00, run_after=2025-08-19T18:23:25.656955+00:00
[2025-08-19T18:23:25.738+0000] {processor.py:179} INFO - Processing /home/airflow/.local/lib/python3.8/site-packages/airflow/example_dags/example_skip_dag.py took 0.854 seconds
[2025-08-19T18:23:56.136+0000] {processor.py:157} INFO - Started process (PID=192) to work on /home/airflow/.local/lib/python3.8/site-packages/airflow/example_dags/example_skip_dag.py
[2025-08-19T18:23:56.140+0000] {processor.py:829} INFO - Processing file /home/airflow/.local/lib/python3.8/site-packages/airflow/example_dags/example_skip_dag.py for tasks to queue
[2025-08-19T18:23:56.144+0000] {logging_mixin.py:151} INFO - [2025-08-19T18:23:56.143+0000] {dagbag.py:536} INFO - Filling up the DagBag from /home/airflow/.local/lib/python3.8/site-packages/airflow/example_dags/example_skip_dag.py
[2025-08-19T18:23:56.159+0000] {processor.py:839} INFO - DAG(s) dict_keys(['example_skip_dag']) retrieved from /home/airflow/.local/lib/python3.8/site-packages/airflow/example_dags/example_skip_dag.py
[2025-08-19T18:23:56.198+0000] {logging_mixin.py:151} INFO - [2025-08-19T18:23:56.198+0000] {dag.py:2941} INFO - Sync 1 DAGs
[2025-08-19T18:23:56.229+0000] {logging_mixin.py:151} INFO - [2025-08-19T18:23:56.229+0000] {dag.py:3722} INFO - Setting next_dagrun for example_skip_dag to 2025-08-18T18:23:56.228633+00:00, run_after=2025-08-19T18:23:56.228633+00:00
[2025-08-19T18:23:56.262+0000] {processor.py:179} INFO - Processing /home/airflow/.local/lib/python3.8/site-packages/airflow/example_dags/example_skip_dag.py took 0.134 seconds
[2025-08-19T18:24:26.698+0000] {processor.py:157} INFO - Started process (PID=246) to work on /home/airflow/.local/lib/python3.8/site-packages/airflow/example_dags/example_skip_dag.py
[2025-08-19T18:24:26.701+0000] {processor.py:829} INFO - Processing file /home/airflow/.local/lib/python3.8/site-packages/airflow/example_dags/example_skip_dag.py for tasks to queue
[2025-08-19T18:24:26.707+0000] {logging_mixin.py:151} INFO - [2025-08-19T18:24:26.706+0000] {dagbag.py:536} INFO - Filling up the DagBag from /home/airflow/.local/lib/python3.8/site-packages/airflow/example_dags/example_skip_dag.py
[2025-08-19T18:24:26.737+0000] {processor.py:839} INFO - DAG(s) dict_keys(['example_skip_dag']) retrieved from /home/airflow/.local/lib/python3.8/site-packages/airflow/example_dags/example_skip_dag.py
[2025-08-19T18:24:26.817+0000] {logging_mixin.py:151} INFO - [2025-08-19T18:24:26.816+0000] {dag.py:2941} INFO - Sync 1 DAGs
[2025-08-19T18:24:26.886+0000] {logging_mixin.py:151} INFO - [2025-08-19T18:24:26.885+0000] {dag.py:3722} INFO - Setting next_dagrun for example_skip_dag to 2025-08-18T18:24:26.885102+00:00, run_after=2025-08-19T18:24:26.885102+00:00
[2025-08-19T18:24:26.936+0000] {processor.py:179} INFO - Processing /home/airflow/.local/lib/python3.8/site-packages/airflow/example_dags/example_skip_dag.py took 0.248 seconds
[2025-08-19T18:24:57.508+0000] {processor.py:157} INFO - Started process (PID=300) to work on /home/airflow/.local/lib/python3.8/site-packages/airflow/example_dags/example_skip_dag.py
[2025-08-19T18:24:57.510+0000] {processor.py:829} INFO - Processing file /home/airflow/.local/lib/python3.8/site-packages/airflow/example_dags/example_skip_dag.py for tasks to queue
[2025-08-19T18:24:57.515+0000] {logging_mixin.py:151} INFO - [2025-08-19T18:24:57.515+0000] {dagbag.py:536} INFO - Filling up the DagBag from /home/airflow/.local/lib/python3.8/site-packages/airflow/example_dags/example_skip_dag.py
[2025-08-19T18:24:57.546+0000] {processor.py:839} INFO - DAG(s) dict_keys(['example_skip_dag']) retrieved from /home/airflow/.local/lib/python3.8/site-packages/airflow/example_dags/example_skip_dag.py
[2025-08-19T18:24:57.613+0000] {logging_mixin.py:151} INFO - [2025-08-19T18:24:57.612+0000] {dag.py:2941} INFO - Sync 1 DAGs
[2025-08-19T18:24:57.679+0000] {logging_mixin.py:151} INFO - [2025-08-19T18:24:57.678+0000] {dag.py:3722} INFO - Setting next_dagrun for example_skip_dag to 2025-08-18T18:24:57.678141+00:00, run_after=2025-08-19T18:24:57.678141+00:00
[2025-08-19T18:24:57.761+0000] {processor.py:179} INFO - Processing /home/airflow/.local/lib/python3.8/site-packages/airflow/example_dags/example_skip_dag.py took 0.263 seconds
[2025-08-19T18:25:29.176+0000] {processor.py:157} INFO - Started process (PID=354) to work on /home/airflow/.local/lib/python3.8/site-packages/airflow/example_dags/example_skip_dag.py
[2025-08-19T18:25:29.179+0000] {processor.py:829} INFO - Processing file /home/airflow/.local/lib/python3.8/site-packages/airflow/example_dags/example_skip_dag.py for tasks to queue
[2025-08-19T18:25:29.192+0000] {logging_mixin.py:151} INFO - [2025-08-19T18:25:29.191+0000] {dagbag.py:536} INFO - Filling up the DagBag from /home/airflow/.local/lib/python3.8/site-packages/airflow/example_dags/example_skip_dag.py
[2025-08-19T18:25:29.212+0000] {processor.py:839} INFO - DAG(s) dict_keys(['example_skip_dag']) retrieved from /home/airflow/.local/lib/python3.8/site-packages/airflow/example_dags/example_skip_dag.py
[2025-08-19T18:25:29.287+0000] {logging_mixin.py:151} INFO - [2025-08-19T18:25:29.287+0000] {dag.py:2941} INFO - Sync 1 DAGs
[2025-08-19T18:25:29.383+0000] {logging_mixin.py:151} INFO - [2025-08-19T18:25:29.383+0000] {dag.py:3722} INFO - Setting next_dagrun for example_skip_dag to 2025-08-18T18:25:29.382607+00:00, run_after=2025-08-19T18:25:29.382607+00:00
[2025-08-19T18:25:29.477+0000] {processor.py:179} INFO - Processing /home/airflow/.local/lib/python3.8/site-packages/airflow/example_dags/example_skip_dag.py took 0.313 seconds
[2025-08-19T18:25:59.902+0000] {processor.py:157} INFO - Started process (PID=402) to work on /home/airflow/.local/lib/python3.8/site-packages/airflow/example_dags/example_skip_dag.py
[2025-08-19T18:25:59.905+0000] {processor.py:829} INFO - Processing file /home/airflow/.local/lib/python3.8/site-packages/airflow/example_dags/example_skip_dag.py for tasks to queue
[2025-08-19T18:25:59.921+0000] {logging_mixin.py:151} INFO - [2025-08-19T18:25:59.920+0000] {dagbag.py:536} INFO - Filling up the DagBag from /home/airflow/.local/lib/python3.8/site-packages/airflow/example_dags/example_skip_dag.py
[2025-08-19T18:25:59.943+0000] {processor.py:839} INFO - DAG(s) dict_keys(['example_skip_dag']) retrieved from /home/airflow/.local/lib/python3.8/site-packages/airflow/example_dags/example_skip_dag.py
[2025-08-19T18:26:00.162+0000] {logging_mixin.py:151} INFO - [2025-08-19T18:26:00.162+0000] {dag.py:2941} INFO - Sync 1 DAGs
[2025-08-19T18:26:00.310+0000] {logging_mixin.py:151} INFO - [2025-08-19T18:26:00.309+0000] {dag.py:3722} INFO - Setting next_dagrun for example_skip_dag to 2025-08-18T18:26:00.308844+00:00, run_after=2025-08-19T18:26:00.308844+00:00
[2025-08-19T18:26:00.399+0000] {processor.py:179} INFO - Processing /home/airflow/.local/lib/python3.8/site-packages/airflow/example_dags/example_skip_dag.py took 0.514 seconds
[2025-08-19T18:26:31.444+0000] {processor.py:157} INFO - Started process (PID=457) to work on /home/airflow/.local/lib/python3.8/site-packages/airflow/example_dags/example_skip_dag.py
[2025-08-19T18:26:31.446+0000] {processor.py:829} INFO - Processing file /home/airflow/.local/lib/python3.8/site-packages/airflow/example_dags/example_skip_dag.py for tasks to queue
[2025-08-19T18:26:31.451+0000] {logging_mixin.py:151} INFO - [2025-08-19T18:26:31.450+0000] {dagbag.py:536} INFO - Filling up the DagBag from /home/airflow/.local/lib/python3.8/site-packages/airflow/example_dags/example_skip_dag.py
[2025-08-19T18:26:31.489+0000] {processor.py:839} INFO - DAG(s) dict_keys(['example_skip_dag']) retrieved from /home/airflow/.local/lib/python3.8/site-packages/airflow/example_dags/example_skip_dag.py
[2025-08-19T18:26:31.674+0000] {logging_mixin.py:151} INFO - [2025-08-19T18:26:31.673+0000] {dag.py:2941} INFO - Sync 1 DAGs
[2025-08-19T18:26:31.737+0000] {logging_mixin.py:151} INFO - [2025-08-19T18:26:31.737+0000] {dag.py:3722} INFO - Setting next_dagrun for example_skip_dag to 2025-08-18T18:26:31.736477+00:00, run_after=2025-08-19T18:26:31.736477+00:00
[2025-08-19T18:26:31.872+0000] {processor.py:179} INFO - Processing /home/airflow/.local/lib/python3.8/site-packages/airflow/example_dags/example_skip_dag.py took 0.441 seconds
[2025-08-19T18:27:02.697+0000] {processor.py:157} INFO - Started process (PID=511) to work on /home/airflow/.local/lib/python3.8/site-packages/airflow/example_dags/example_skip_dag.py
[2025-08-19T18:27:02.698+0000] {processor.py:829} INFO - Processing file /home/airflow/.local/lib/python3.8/site-packages/airflow/example_dags/example_skip_dag.py for tasks to queue
[2025-08-19T18:27:02.701+0000] {logging_mixin.py:151} INFO - [2025-08-19T18:27:02.701+0000] {dagbag.py:536} INFO - Filling up the DagBag from /home/airflow/.local/lib/python3.8/site-packages/airflow/example_dags/example_skip_dag.py
[2025-08-19T18:27:02.708+0000] {processor.py:839} INFO - DAG(s) dict_keys(['example_skip_dag']) retrieved from /home/airflow/.local/lib/python3.8/site-packages/airflow/example_dags/example_skip_dag.py
[2025-08-19T18:27:02.736+0000] {logging_mixin.py:151} INFO - [2025-08-19T18:27:02.735+0000] {dag.py:2941} INFO - Sync 1 DAGs
[2025-08-19T18:27:02.759+0000] {logging_mixin.py:151} INFO - [2025-08-19T18:27:02.759+0000] {dag.py:3722} INFO - Setting next_dagrun for example_skip_dag to 2025-08-18T18:27:02.759462+00:00, run_after=2025-08-19T18:27:02.759462+00:00
[2025-08-19T18:27:02.793+0000] {processor.py:179} INFO - Processing /home/airflow/.local/lib/python3.8/site-packages/airflow/example_dags/example_skip_dag.py took 0.100 seconds
[2025-08-19T18:27:35.044+0000] {processor.py:157} INFO - Started process (PID=565) to work on /home/airflow/.local/lib/python3.8/site-packages/airflow/example_dags/example_skip_dag.py
[2025-08-19T18:27:35.046+0000] {processor.py:829} INFO - Processing file /home/airflow/.local/lib/python3.8/site-packages/airflow/example_dags/example_skip_dag.py for tasks to queue
[2025-08-19T18:27:35.051+0000] {logging_mixin.py:151} INFO - [2025-08-19T18:27:35.050+0000] {dagbag.py:536} INFO - Filling up the DagBag from /home/airflow/.local/lib/python3.8/site-packages/airflow/example_dags/example_skip_dag.py
[2025-08-19T18:27:35.060+0000] {processor.py:839} INFO - DAG(s) dict_keys(['example_skip_dag']) retrieved from /home/airflow/.local/lib/python3.8/site-packages/airflow/example_dags/example_skip_dag.py
[2025-08-19T18:27:35.105+0000] {logging_mixin.py:151} INFO - [2025-08-19T18:27:35.105+0000] {dag.py:2941} INFO - Sync 1 DAGs
[2025-08-19T18:27:35.146+0000] {logging_mixin.py:151} INFO - [2025-08-19T18:27:35.146+0000] {dag.py:3722} INFO - Setting next_dagrun for example_skip_dag to 2025-08-18T18:27:35.146269+00:00, run_after=2025-08-19T18:27:35.146269+00:00
[2025-08-19T18:27:35.185+0000] {processor.py:179} INFO - Processing /home/airflow/.local/lib/python3.8/site-packages/airflow/example_dags/example_skip_dag.py took 0.146 seconds
[2025-08-19T18:28:06.167+0000] {processor.py:157} INFO - Started process (PID=619) to work on /home/airflow/.local/lib/python3.8/site-packages/airflow/example_dags/example_skip_dag.py
[2025-08-19T18:28:06.168+0000] {processor.py:829} INFO - Processing file /home/airflow/.local/lib/python3.8/site-packages/airflow/example_dags/example_skip_dag.py for tasks to queue
[2025-08-19T18:28:06.171+0000] {logging_mixin.py:151} INFO - [2025-08-19T18:28:06.171+0000] {dagbag.py:536} INFO - Filling up the DagBag from /home/airflow/.local/lib/python3.8/site-packages/airflow/example_dags/example_skip_dag.py
[2025-08-19T18:28:06.178+0000] {processor.py:839} INFO - DAG(s) dict_keys(['example_skip_dag']) retrieved from /home/airflow/.local/lib/python3.8/site-packages/airflow/example_dags/example_skip_dag.py
[2025-08-19T18:28:06.205+0000] {logging_mixin.py:151} INFO - [2025-08-19T18:28:06.205+0000] {dag.py:2941} INFO - Sync 1 DAGs
[2025-08-19T18:28:06.232+0000] {logging_mixin.py:151} INFO - [2025-08-19T18:28:06.231+0000] {dag.py:3722} INFO - Setting next_dagrun for example_skip_dag to 2025-08-18T18:28:06.231356+00:00, run_after=2025-08-19T18:28:06.231356+00:00
[2025-08-19T18:28:06.255+0000] {processor.py:179} INFO - Processing /home/airflow/.local/lib/python3.8/site-packages/airflow/example_dags/example_skip_dag.py took 0.092 seconds
[2025-08-19T18:28:37.928+0000] {processor.py:157} INFO - Started process (PID=673) to work on /home/airflow/.local/lib/python3.8/site-packages/airflow/example_dags/example_skip_dag.py
[2025-08-19T18:28:37.930+0000] {processor.py:829} INFO - Processing file /home/airflow/.local/lib/python3.8/site-packages/airflow/example_dags/example_skip_dag.py for tasks to queue
[2025-08-19T18:28:37.934+0000] {logging_mixin.py:151} INFO - [2025-08-19T18:28:37.934+0000] {dagbag.py:536} INFO - Filling up the DagBag from /home/airflow/.local/lib/python3.8/site-packages/airflow/example_dags/example_skip_dag.py
[2025-08-19T18:28:37.948+0000] {processor.py:839} INFO - DAG(s) dict_keys(['example_skip_dag']) retrieved from /home/airflow/.local/lib/python3.8/site-packages/airflow/example_dags/example_skip_dag.py
[2025-08-19T18:28:37.989+0000] {logging_mixin.py:151} INFO - [2025-08-19T18:28:37.989+0000] {dag.py:2941} INFO - Sync 1 DAGs
[2025-08-19T18:28:38.042+0000] {logging_mixin.py:151} INFO - [2025-08-19T18:28:38.042+0000] {dag.py:3722} INFO - Setting next_dagrun for example_skip_dag to 2025-08-18T18:28:38.042110+00:00, run_after=2025-08-19T18:28:38.042110+00:00
[2025-08-19T18:28:38.083+0000] {processor.py:179} INFO - Processing /home/airflow/.local/lib/python3.8/site-packages/airflow/example_dags/example_skip_dag.py took 0.160 seconds
[2025-08-19T18:29:10.336+0000] {processor.py:157} INFO - Started process (PID=727) to work on /home/airflow/.local/lib/python3.8/site-packages/airflow/example_dags/example_skip_dag.py
[2025-08-19T18:29:10.339+0000] {processor.py:829} INFO - Processing file /home/airflow/.local/lib/python3.8/site-packages/airflow/example_dags/example_skip_dag.py for tasks to queue
[2025-08-19T18:29:10.354+0000] {logging_mixin.py:151} INFO - [2025-08-19T18:29:10.353+0000] {dagbag.py:536} INFO - Filling up the DagBag from /home/airflow/.local/lib/python3.8/site-packages/airflow/example_dags/example_skip_dag.py
[2025-08-19T18:29:10.371+0000] {processor.py:839} INFO - DAG(s) dict_keys(['example_skip_dag']) retrieved from /home/airflow/.local/lib/python3.8/site-packages/airflow/example_dags/example_skip_dag.py
[2025-08-19T18:29:10.429+0000] {logging_mixin.py:151} INFO - [2025-08-19T18:29:10.428+0000] {dag.py:2941} INFO - Sync 1 DAGs
[2025-08-19T18:29:10.527+0000] {logging_mixin.py:151} INFO - [2025-08-19T18:29:10.526+0000] {dag.py:3722} INFO - Setting next_dagrun for example_skip_dag to 2025-08-18T18:29:10.526074+00:00, run_after=2025-08-19T18:29:10.526074+00:00
[2025-08-19T18:29:10.577+0000] {processor.py:179} INFO - Processing /home/airflow/.local/lib/python3.8/site-packages/airflow/example_dags/example_skip_dag.py took 0.250 seconds
[2025-08-19T18:29:41.464+0000] {processor.py:157} INFO - Started process (PID=781) to work on /home/airflow/.local/lib/python3.8/site-packages/airflow/example_dags/example_skip_dag.py
[2025-08-19T18:29:41.466+0000] {processor.py:829} INFO - Processing file /home/airflow/.local/lib/python3.8/site-packages/airflow/example_dags/example_skip_dag.py for tasks to queue
[2025-08-19T18:29:41.469+0000] {logging_mixin.py:151} INFO - [2025-08-19T18:29:41.469+0000] {dagbag.py:536} INFO - Filling up the DagBag from /home/airflow/.local/lib/python3.8/site-packages/airflow/example_dags/example_skip_dag.py
[2025-08-19T18:29:41.480+0000] {processor.py:839} INFO - DAG(s) dict_keys(['example_skip_dag']) retrieved from /home/airflow/.local/lib/python3.8/site-packages/airflow/example_dags/example_skip_dag.py
[2025-08-19T18:29:41.519+0000] {logging_mixin.py:151} INFO - [2025-08-19T18:29:41.518+0000] {dag.py:2941} INFO - Sync 1 DAGs
[2025-08-19T18:29:41.551+0000] {logging_mixin.py:151} INFO - [2025-08-19T18:29:41.551+0000] {dag.py:3722} INFO - Setting next_dagrun for example_skip_dag to 2025-08-18T18:29:41.550638+00:00, run_after=2025-08-19T18:29:41.550638+00:00
[2025-08-19T18:29:41.590+0000] {processor.py:179} INFO - Processing /home/airflow/.local/lib/python3.8/site-packages/airflow/example_dags/example_skip_dag.py took 0.135 seconds
[2025-08-19T18:30:13.240+0000] {processor.py:157} INFO - Started process (PID=834) to work on /home/airflow/.local/lib/python3.8/site-packages/airflow/example_dags/example_skip_dag.py
[2025-08-19T18:30:13.241+0000] {processor.py:829} INFO - Processing file /home/airflow/.local/lib/python3.8/site-packages/airflow/example_dags/example_skip_dag.py for tasks to queue
[2025-08-19T18:30:13.244+0000] {logging_mixin.py:151} INFO - [2025-08-19T18:30:13.243+0000] {dagbag.py:536} INFO - Filling up the DagBag from /home/airflow/.local/lib/python3.8/site-packages/airflow/example_dags/example_skip_dag.py
[2025-08-19T18:30:13.251+0000] {processor.py:839} INFO - DAG(s) dict_keys(['example_skip_dag']) retrieved from /home/airflow/.local/lib/python3.8/site-packages/airflow/example_dags/example_skip_dag.py
[2025-08-19T18:30:13.283+0000] {logging_mixin.py:151} INFO - [2025-08-19T18:30:13.282+0000] {dag.py:2941} INFO - Sync 1 DAGs
[2025-08-19T18:30:13.309+0000] {logging_mixin.py:151} INFO - [2025-08-19T18:30:13.309+0000] {dag.py:3722} INFO - Setting next_dagrun for example_skip_dag to 2025-08-18T18:30:13.308724+00:00, run_after=2025-08-19T18:30:13.308724+00:00
[2025-08-19T18:30:13.343+0000] {processor.py:179} INFO - Processing /home/airflow/.local/lib/python3.8/site-packages/airflow/example_dags/example_skip_dag.py took 0.108 seconds
[2025-08-19T18:30:53.286+0000] {processor.py:157} INFO - Started process (PID=77) to work on /home/airflow/.local/lib/python3.8/site-packages/airflow/example_dags/example_skip_dag.py
[2025-08-19T18:30:53.288+0000] {processor.py:829} INFO - Processing file /home/airflow/.local/lib/python3.8/site-packages/airflow/example_dags/example_skip_dag.py for tasks to queue
[2025-08-19T18:30:53.292+0000] {logging_mixin.py:151} INFO - [2025-08-19T18:30:53.292+0000] {dagbag.py:536} INFO - Filling up the DagBag from /home/airflow/.local/lib/python3.8/site-packages/airflow/example_dags/example_skip_dag.py
[2025-08-19T18:30:53.330+0000] {processor.py:839} INFO - DAG(s) dict_keys(['example_skip_dag']) retrieved from /home/airflow/.local/lib/python3.8/site-packages/airflow/example_dags/example_skip_dag.py
[2025-08-19T18:30:53.457+0000] {logging_mixin.py:151} INFO - [2025-08-19T18:30:53.456+0000] {dag.py:2941} INFO - Sync 1 DAGs
[2025-08-19T18:30:53.547+0000] {logging_mixin.py:151} INFO - [2025-08-19T18:30:53.547+0000] {dag.py:3722} INFO - Setting next_dagrun for example_skip_dag to 2025-08-18T18:30:53.546382+00:00, run_after=2025-08-19T18:30:53.546382+00:00
[2025-08-19T18:30:53.603+0000] {processor.py:179} INFO - Processing /home/airflow/.local/lib/python3.8/site-packages/airflow/example_dags/example_skip_dag.py took 0.329 seconds
[2025-08-19T18:31:23.764+0000] {processor.py:157} INFO - Started process (PID=131) to work on /home/airflow/.local/lib/python3.8/site-packages/airflow/example_dags/example_skip_dag.py
[2025-08-19T18:31:23.769+0000] {processor.py:829} INFO - Processing file /home/airflow/.local/lib/python3.8/site-packages/airflow/example_dags/example_skip_dag.py for tasks to queue
[2025-08-19T18:31:23.778+0000] {logging_mixin.py:151} INFO - [2025-08-19T18:31:23.777+0000] {dagbag.py:536} INFO - Filling up the DagBag from /home/airflow/.local/lib/python3.8/site-packages/airflow/example_dags/example_skip_dag.py
[2025-08-19T18:31:23.812+0000] {processor.py:839} INFO - DAG(s) dict_keys(['example_skip_dag']) retrieved from /home/airflow/.local/lib/python3.8/site-packages/airflow/example_dags/example_skip_dag.py
[2025-08-19T18:31:23.871+0000] {logging_mixin.py:151} INFO - [2025-08-19T18:31:23.871+0000] {dag.py:2941} INFO - Sync 1 DAGs
[2025-08-19T18:31:23.919+0000] {logging_mixin.py:151} INFO - [2025-08-19T18:31:23.919+0000] {dag.py:3722} INFO - Setting next_dagrun for example_skip_dag to 2025-08-18T18:31:23.918850+00:00, run_after=2025-08-19T18:31:23.918850+00:00
[2025-08-19T18:31:23.957+0000] {processor.py:179} INFO - Processing /home/airflow/.local/lib/python3.8/site-packages/airflow/example_dags/example_skip_dag.py took 0.215 seconds
[2025-08-19T18:31:54.343+0000] {processor.py:157} INFO - Started process (PID=186) to work on /home/airflow/.local/lib/python3.8/site-packages/airflow/example_dags/example_skip_dag.py
[2025-08-19T18:31:54.345+0000] {processor.py:829} INFO - Processing file /home/airflow/.local/lib/python3.8/site-packages/airflow/example_dags/example_skip_dag.py for tasks to queue
[2025-08-19T18:31:54.348+0000] {logging_mixin.py:151} INFO - [2025-08-19T18:31:54.348+0000] {dagbag.py:536} INFO - Filling up the DagBag from /home/airflow/.local/lib/python3.8/site-packages/airflow/example_dags/example_skip_dag.py
[2025-08-19T18:31:54.357+0000] {processor.py:839} INFO - DAG(s) dict_keys(['example_skip_dag']) retrieved from /home/airflow/.local/lib/python3.8/site-packages/airflow/example_dags/example_skip_dag.py
[2025-08-19T18:31:54.390+0000] {logging_mixin.py:151} INFO - [2025-08-19T18:31:54.389+0000] {dag.py:2941} INFO - Sync 1 DAGs
[2025-08-19T18:31:54.417+0000] {logging_mixin.py:151} INFO - [2025-08-19T18:31:54.417+0000] {dag.py:3722} INFO - Setting next_dagrun for example_skip_dag to 2025-08-18T18:31:54.416956+00:00, run_after=2025-08-19T18:31:54.416956+00:00
[2025-08-19T18:31:54.449+0000] {processor.py:179} INFO - Processing /home/airflow/.local/lib/python3.8/site-packages/airflow/example_dags/example_skip_dag.py took 0.110 seconds
[2025-08-19T18:32:24.593+0000] {processor.py:157} INFO - Started process (PID=240) to work on /home/airflow/.local/lib/python3.8/site-packages/airflow/example_dags/example_skip_dag.py
[2025-08-19T18:32:24.595+0000] {processor.py:829} INFO - Processing file /home/airflow/.local/lib/python3.8/site-packages/airflow/example_dags/example_skip_dag.py for tasks to queue
[2025-08-19T18:32:24.601+0000] {logging_mixin.py:151} INFO - [2025-08-19T18:32:24.601+0000] {dagbag.py:536} INFO - Filling up the DagBag from /home/airflow/.local/lib/python3.8/site-packages/airflow/example_dags/example_skip_dag.py
[2025-08-19T18:32:24.612+0000] {processor.py:839} INFO - DAG(s) dict_keys(['example_skip_dag']) retrieved from /home/airflow/.local/lib/python3.8/site-packages/airflow/example_dags/example_skip_dag.py
[2025-08-19T18:32:24.716+0000] {logging_mixin.py:151} INFO - [2025-08-19T18:32:24.716+0000] {dag.py:2941} INFO - Sync 1 DAGs
[2025-08-19T18:32:24.791+0000] {logging_mixin.py:151} INFO - [2025-08-19T18:32:24.790+0000] {dag.py:3722} INFO - Setting next_dagrun for example_skip_dag to 2025-08-18T18:32:24.790449+00:00, run_after=2025-08-19T18:32:24.790449+00:00
[2025-08-19T18:32:25.954+0000] {processor.py:179} INFO - Processing /home/airflow/.local/lib/python3.8/site-packages/airflow/example_dags/example_skip_dag.py took 1.374 seconds
[2025-08-19T18:32:56.575+0000] {processor.py:157} INFO - Started process (PID=294) to work on /home/airflow/.local/lib/python3.8/site-packages/airflow/example_dags/example_skip_dag.py
[2025-08-19T18:32:56.577+0000] {processor.py:829} INFO - Processing file /home/airflow/.local/lib/python3.8/site-packages/airflow/example_dags/example_skip_dag.py for tasks to queue
[2025-08-19T18:32:56.580+0000] {logging_mixin.py:151} INFO - [2025-08-19T18:32:56.580+0000] {dagbag.py:536} INFO - Filling up the DagBag from /home/airflow/.local/lib/python3.8/site-packages/airflow/example_dags/example_skip_dag.py
[2025-08-19T18:32:56.588+0000] {processor.py:839} INFO - DAG(s) dict_keys(['example_skip_dag']) retrieved from /home/airflow/.local/lib/python3.8/site-packages/airflow/example_dags/example_skip_dag.py
[2025-08-19T18:32:56.617+0000] {logging_mixin.py:151} INFO - [2025-08-19T18:32:56.616+0000] {dag.py:2941} INFO - Sync 1 DAGs
[2025-08-19T18:32:56.648+0000] {logging_mixin.py:151} INFO - [2025-08-19T18:32:56.648+0000] {dag.py:3722} INFO - Setting next_dagrun for example_skip_dag to 2025-08-18T18:32:56.647963+00:00, run_after=2025-08-19T18:32:56.647963+00:00
[2025-08-19T18:32:56.677+0000] {processor.py:179} INFO - Processing /home/airflow/.local/lib/python3.8/site-packages/airflow/example_dags/example_skip_dag.py took 0.106 seconds
[2025-08-19T18:33:26.730+0000] {processor.py:157} INFO - Started process (PID=348) to work on /home/airflow/.local/lib/python3.8/site-packages/airflow/example_dags/example_skip_dag.py
[2025-08-19T18:33:26.732+0000] {processor.py:829} INFO - Processing file /home/airflow/.local/lib/python3.8/site-packages/airflow/example_dags/example_skip_dag.py for tasks to queue
[2025-08-19T18:33:26.735+0000] {logging_mixin.py:151} INFO - [2025-08-19T18:33:26.734+0000] {dagbag.py:536} INFO - Filling up the DagBag from /home/airflow/.local/lib/python3.8/site-packages/airflow/example_dags/example_skip_dag.py
[2025-08-19T18:33:26.741+0000] {processor.py:839} INFO - DAG(s) dict_keys(['example_skip_dag']) retrieved from /home/airflow/.local/lib/python3.8/site-packages/airflow/example_dags/example_skip_dag.py
[2025-08-19T18:33:26.767+0000] {logging_mixin.py:151} INFO - [2025-08-19T18:33:26.767+0000] {dag.py:2941} INFO - Sync 1 DAGs
[2025-08-19T18:33:26.791+0000] {logging_mixin.py:151} INFO - [2025-08-19T18:33:26.790+0000] {dag.py:3722} INFO - Setting next_dagrun for example_skip_dag to 2025-08-18T18:33:26.790543+00:00, run_after=2025-08-19T18:33:26.790543+00:00
[2025-08-19T18:33:26.816+0000] {processor.py:179} INFO - Processing /home/airflow/.local/lib/python3.8/site-packages/airflow/example_dags/example_skip_dag.py took 0.090 seconds
[2025-08-19T18:33:57.058+0000] {processor.py:157} INFO - Started process (PID=402) to work on /home/airflow/.local/lib/python3.8/site-packages/airflow/example_dags/example_skip_dag.py
[2025-08-19T18:33:57.059+0000] {processor.py:829} INFO - Processing file /home/airflow/.local/lib/python3.8/site-packages/airflow/example_dags/example_skip_dag.py for tasks to queue
[2025-08-19T18:33:57.064+0000] {logging_mixin.py:151} INFO - [2025-08-19T18:33:57.063+0000] {dagbag.py:536} INFO - Filling up the DagBag from /home/airflow/.local/lib/python3.8/site-packages/airflow/example_dags/example_skip_dag.py
[2025-08-19T18:33:57.075+0000] {processor.py:839} INFO - DAG(s) dict_keys(['example_skip_dag']) retrieved from /home/airflow/.local/lib/python3.8/site-packages/airflow/example_dags/example_skip_dag.py
[2025-08-19T18:33:57.123+0000] {logging_mixin.py:151} INFO - [2025-08-19T18:33:57.123+0000] {dag.py:2941} INFO - Sync 1 DAGs
[2025-08-19T18:33:57.187+0000] {logging_mixin.py:151} INFO - [2025-08-19T18:33:57.187+0000] {dag.py:3722} INFO - Setting next_dagrun for example_skip_dag to 2025-08-18T18:33:57.187044+00:00, run_after=2025-08-19T18:33:57.187044+00:00
[2025-08-19T18:33:57.248+0000] {processor.py:179} INFO - Processing /home/airflow/.local/lib/python3.8/site-packages/airflow/example_dags/example_skip_dag.py took 0.196 seconds
[2025-08-19T18:34:27.520+0000] {processor.py:157} INFO - Started process (PID=456) to work on /home/airflow/.local/lib/python3.8/site-packages/airflow/example_dags/example_skip_dag.py
[2025-08-19T18:34:27.522+0000] {processor.py:829} INFO - Processing file /home/airflow/.local/lib/python3.8/site-packages/airflow/example_dags/example_skip_dag.py for tasks to queue
[2025-08-19T18:34:27.526+0000] {logging_mixin.py:151} INFO - [2025-08-19T18:34:27.525+0000] {dagbag.py:536} INFO - Filling up the DagBag from /home/airflow/.local/lib/python3.8/site-packages/airflow/example_dags/example_skip_dag.py
[2025-08-19T18:34:27.538+0000] {processor.py:839} INFO - DAG(s) dict_keys(['example_skip_dag']) retrieved from /home/airflow/.local/lib/python3.8/site-packages/airflow/example_dags/example_skip_dag.py
[2025-08-19T18:34:27.619+0000] {logging_mixin.py:151} INFO - [2025-08-19T18:34:27.618+0000] {dag.py:2941} INFO - Sync 1 DAGs
[2025-08-19T18:34:27.723+0000] {logging_mixin.py:151} INFO - [2025-08-19T18:34:27.722+0000] {dag.py:3722} INFO - Setting next_dagrun for example_skip_dag to 2025-08-18T18:34:27.722334+00:00, run_after=2025-08-19T18:34:27.722334+00:00
[2025-08-19T18:34:27.801+0000] {processor.py:179} INFO - Processing /home/airflow/.local/lib/python3.8/site-packages/airflow/example_dags/example_skip_dag.py took 0.287 seconds
[2025-08-19T18:34:58.628+0000] {processor.py:157} INFO - Started process (PID=510) to work on /home/airflow/.local/lib/python3.8/site-packages/airflow/example_dags/example_skip_dag.py
[2025-08-19T18:34:58.633+0000] {processor.py:829} INFO - Processing file /home/airflow/.local/lib/python3.8/site-packages/airflow/example_dags/example_skip_dag.py for tasks to queue
[2025-08-19T18:34:58.638+0000] {logging_mixin.py:151} INFO - [2025-08-19T18:34:58.637+0000] {dagbag.py:536} INFO - Filling up the DagBag from /home/airflow/.local/lib/python3.8/site-packages/airflow/example_dags/example_skip_dag.py
[2025-08-19T18:34:58.676+0000] {processor.py:839} INFO - DAG(s) dict_keys(['example_skip_dag']) retrieved from /home/airflow/.local/lib/python3.8/site-packages/airflow/example_dags/example_skip_dag.py
[2025-08-19T18:34:58.728+0000] {logging_mixin.py:151} INFO - [2025-08-19T18:34:58.728+0000] {dag.py:2941} INFO - Sync 1 DAGs
[2025-08-19T18:34:58.778+0000] {logging_mixin.py:151} INFO - [2025-08-19T18:34:58.777+0000] {dag.py:3722} INFO - Setting next_dagrun for example_skip_dag to 2025-08-18T18:34:58.777279+00:00, run_after=2025-08-19T18:34:58.777279+00:00
[2025-08-19T18:34:58.830+0000] {processor.py:179} INFO - Processing /home/airflow/.local/lib/python3.8/site-packages/airflow/example_dags/example_skip_dag.py took 0.211 seconds
[2025-08-19T18:35:30.199+0000] {processor.py:157} INFO - Started process (PID=564) to work on /home/airflow/.local/lib/python3.8/site-packages/airflow/example_dags/example_skip_dag.py
[2025-08-19T18:35:30.201+0000] {processor.py:829} INFO - Processing file /home/airflow/.local/lib/python3.8/site-packages/airflow/example_dags/example_skip_dag.py for tasks to queue
[2025-08-19T18:35:30.207+0000] {logging_mixin.py:151} INFO - [2025-08-19T18:35:30.206+0000] {dagbag.py:536} INFO - Filling up the DagBag from /home/airflow/.local/lib/python3.8/site-packages/airflow/example_dags/example_skip_dag.py
[2025-08-19T18:35:30.223+0000] {processor.py:839} INFO - DAG(s) dict_keys(['example_skip_dag']) retrieved from /home/airflow/.local/lib/python3.8/site-packages/airflow/example_dags/example_skip_dag.py
[2025-08-19T18:35:30.588+0000] {logging_mixin.py:151} INFO - [2025-08-19T18:35:30.587+0000] {dag.py:2941} INFO - Sync 1 DAGs
[2025-08-19T18:35:30.713+0000] {logging_mixin.py:151} INFO - [2025-08-19T18:35:30.712+0000] {dag.py:3722} INFO - Setting next_dagrun for example_skip_dag to 2025-08-18T18:35:30.710965+00:00, run_after=2025-08-19T18:35:30.710965+00:00
[2025-08-19T18:35:31.417+0000] {processor.py:179} INFO - Processing /home/airflow/.local/lib/python3.8/site-packages/airflow/example_dags/example_skip_dag.py took 1.224 seconds
[2025-08-19T18:36:01.905+0000] {processor.py:157} INFO - Started process (PID=618) to work on /home/airflow/.local/lib/python3.8/site-packages/airflow/example_dags/example_skip_dag.py
[2025-08-19T18:36:01.907+0000] {processor.py:829} INFO - Processing file /home/airflow/.local/lib/python3.8/site-packages/airflow/example_dags/example_skip_dag.py for tasks to queue
[2025-08-19T18:36:01.910+0000] {logging_mixin.py:151} INFO - [2025-08-19T18:36:01.910+0000] {dagbag.py:536} INFO - Filling up the DagBag from /home/airflow/.local/lib/python3.8/site-packages/airflow/example_dags/example_skip_dag.py
[2025-08-19T18:36:01.920+0000] {processor.py:839} INFO - DAG(s) dict_keys(['example_skip_dag']) retrieved from /home/airflow/.local/lib/python3.8/site-packages/airflow/example_dags/example_skip_dag.py
[2025-08-19T18:36:01.950+0000] {logging_mixin.py:151} INFO - [2025-08-19T18:36:01.950+0000] {dag.py:2941} INFO - Sync 1 DAGs
[2025-08-19T18:36:01.983+0000] {logging_mixin.py:151} INFO - [2025-08-19T18:36:01.982+0000] {dag.py:3722} INFO - Setting next_dagrun for example_skip_dag to 2025-08-18T18:36:01.982308+00:00, run_after=2025-08-19T18:36:01.982308+00:00
[2025-08-19T18:36:02.015+0000] {processor.py:179} INFO - Processing /home/airflow/.local/lib/python3.8/site-packages/airflow/example_dags/example_skip_dag.py took 0.116 seconds
[2025-08-19T18:36:34.077+0000] {processor.py:157} INFO - Started process (PID=672) to work on /home/airflow/.local/lib/python3.8/site-packages/airflow/example_dags/example_skip_dag.py
[2025-08-19T18:36:34.079+0000] {processor.py:829} INFO - Processing file /home/airflow/.local/lib/python3.8/site-packages/airflow/example_dags/example_skip_dag.py for tasks to queue
[2025-08-19T18:36:34.081+0000] {logging_mixin.py:151} INFO - [2025-08-19T18:36:34.081+0000] {dagbag.py:536} INFO - Filling up the DagBag from /home/airflow/.local/lib/python3.8/site-packages/airflow/example_dags/example_skip_dag.py
[2025-08-19T18:36:34.096+0000] {processor.py:839} INFO - DAG(s) dict_keys(['example_skip_dag']) retrieved from /home/airflow/.local/lib/python3.8/site-packages/airflow/example_dags/example_skip_dag.py
[2025-08-19T18:36:34.134+0000] {logging_mixin.py:151} INFO - [2025-08-19T18:36:34.134+0000] {dag.py:2941} INFO - Sync 1 DAGs
[2025-08-19T18:36:34.170+0000] {logging_mixin.py:151} INFO - [2025-08-19T18:36:34.170+0000] {dag.py:3722} INFO - Setting next_dagrun for example_skip_dag to 2025-08-18T18:36:34.170052+00:00, run_after=2025-08-19T18:36:34.170052+00:00
[2025-08-19T18:36:34.201+0000] {processor.py:179} INFO - Processing /home/airflow/.local/lib/python3.8/site-packages/airflow/example_dags/example_skip_dag.py took 0.127 seconds
[2025-08-19T18:37:05.814+0000] {processor.py:157} INFO - Started process (PID=726) to work on /home/airflow/.local/lib/python3.8/site-packages/airflow/example_dags/example_skip_dag.py
[2025-08-19T18:37:05.817+0000] {processor.py:829} INFO - Processing file /home/airflow/.local/lib/python3.8/site-packages/airflow/example_dags/example_skip_dag.py for tasks to queue
[2025-08-19T18:37:05.821+0000] {logging_mixin.py:151} INFO - [2025-08-19T18:37:05.821+0000] {dagbag.py:536} INFO - Filling up the DagBag from /home/airflow/.local/lib/python3.8/site-packages/airflow/example_dags/example_skip_dag.py
[2025-08-19T18:37:05.835+0000] {processor.py:839} INFO - DAG(s) dict_keys(['example_skip_dag']) retrieved from /home/airflow/.local/lib/python3.8/site-packages/airflow/example_dags/example_skip_dag.py
[2025-08-19T18:37:05.879+0000] {logging_mixin.py:151} INFO - [2025-08-19T18:37:05.878+0000] {dag.py:2941} INFO - Sync 1 DAGs
[2025-08-19T18:37:05.917+0000] {logging_mixin.py:151} INFO - [2025-08-19T18:37:05.916+0000] {dag.py:3722} INFO - Setting next_dagrun for example_skip_dag to 2025-08-18T18:37:05.916043+00:00, run_after=2025-08-19T18:37:05.916043+00:00
[2025-08-19T18:37:05.956+0000] {processor.py:179} INFO - Processing /home/airflow/.local/lib/python3.8/site-packages/airflow/example_dags/example_skip_dag.py took 0.151 seconds
[2025-08-19T18:37:37.891+0000] {processor.py:157} INFO - Started process (PID=781) to work on /home/airflow/.local/lib/python3.8/site-packages/airflow/example_dags/example_skip_dag.py
[2025-08-19T18:37:37.898+0000] {processor.py:829} INFO - Processing file /home/airflow/.local/lib/python3.8/site-packages/airflow/example_dags/example_skip_dag.py for tasks to queue
[2025-08-19T18:37:37.905+0000] {logging_mixin.py:151} INFO - [2025-08-19T18:37:37.905+0000] {dagbag.py:536} INFO - Filling up the DagBag from /home/airflow/.local/lib/python3.8/site-packages/airflow/example_dags/example_skip_dag.py
[2025-08-19T18:37:37.944+0000] {processor.py:839} INFO - DAG(s) dict_keys(['example_skip_dag']) retrieved from /home/airflow/.local/lib/python3.8/site-packages/airflow/example_dags/example_skip_dag.py
[2025-08-19T18:37:38.075+0000] {logging_mixin.py:151} INFO - [2025-08-19T18:37:38.074+0000] {dag.py:2941} INFO - Sync 1 DAGs
[2025-08-19T18:37:38.201+0000] {logging_mixin.py:151} INFO - [2025-08-19T18:37:38.200+0000] {dag.py:3722} INFO - Setting next_dagrun for example_skip_dag to 2025-08-18T18:37:38.199258+00:00, run_after=2025-08-19T18:37:38.199258+00:00
[2025-08-19T18:37:38.344+0000] {processor.py:179} INFO - Processing /home/airflow/.local/lib/python3.8/site-packages/airflow/example_dags/example_skip_dag.py took 0.466 seconds
[2025-08-19T18:38:08.869+0000] {processor.py:157} INFO - Started process (PID=835) to work on /home/airflow/.local/lib/python3.8/site-packages/airflow/example_dags/example_skip_dag.py
[2025-08-19T18:38:08.871+0000] {processor.py:829} INFO - Processing file /home/airflow/.local/lib/python3.8/site-packages/airflow/example_dags/example_skip_dag.py for tasks to queue
[2025-08-19T18:38:08.881+0000] {logging_mixin.py:151} INFO - [2025-08-19T18:38:08.880+0000] {dagbag.py:536} INFO - Filling up the DagBag from /home/airflow/.local/lib/python3.8/site-packages/airflow/example_dags/example_skip_dag.py
[2025-08-19T18:38:08.896+0000] {processor.py:839} INFO - DAG(s) dict_keys(['example_skip_dag']) retrieved from /home/airflow/.local/lib/python3.8/site-packages/airflow/example_dags/example_skip_dag.py
[2025-08-19T18:38:08.939+0000] {logging_mixin.py:151} INFO - [2025-08-19T18:38:08.938+0000] {dag.py:2941} INFO - Sync 1 DAGs
[2025-08-19T18:38:08.980+0000] {logging_mixin.py:151} INFO - [2025-08-19T18:38:08.980+0000] {dag.py:3722} INFO - Setting next_dagrun for example_skip_dag to 2025-08-18T18:38:08.980003+00:00, run_after=2025-08-19T18:38:08.980003+00:00
[2025-08-19T18:38:09.031+0000] {processor.py:179} INFO - Processing /home/airflow/.local/lib/python3.8/site-packages/airflow/example_dags/example_skip_dag.py took 0.167 seconds
[2025-08-19T18:38:40.773+0000] {processor.py:157} INFO - Started process (PID=889) to work on /home/airflow/.local/lib/python3.8/site-packages/airflow/example_dags/example_skip_dag.py
[2025-08-19T18:38:40.778+0000] {processor.py:829} INFO - Processing file /home/airflow/.local/lib/python3.8/site-packages/airflow/example_dags/example_skip_dag.py for tasks to queue
[2025-08-19T18:38:40.786+0000] {logging_mixin.py:151} INFO - [2025-08-19T18:38:40.785+0000] {dagbag.py:536} INFO - Filling up the DagBag from /home/airflow/.local/lib/python3.8/site-packages/airflow/example_dags/example_skip_dag.py
[2025-08-19T18:38:40.793+0000] {processor.py:839} INFO - DAG(s) dict_keys(['example_skip_dag']) retrieved from /home/airflow/.local/lib/python3.8/site-packages/airflow/example_dags/example_skip_dag.py
[2025-08-19T18:38:40.815+0000] {logging_mixin.py:151} INFO - [2025-08-19T18:38:40.815+0000] {dag.py:2941} INFO - Sync 1 DAGs
[2025-08-19T18:38:40.836+0000] {logging_mixin.py:151} INFO - [2025-08-19T18:38:40.836+0000] {dag.py:3722} INFO - Setting next_dagrun for example_skip_dag to 2025-08-18T18:38:40.836459+00:00, run_after=2025-08-19T18:38:40.836459+00:00
[2025-08-19T18:38:40.863+0000] {processor.py:179} INFO - Processing /home/airflow/.local/lib/python3.8/site-packages/airflow/example_dags/example_skip_dag.py took 0.093 seconds
[2025-08-19T18:39:12.903+0000] {processor.py:157} INFO - Started process (PID=943) to work on /home/airflow/.local/lib/python3.8/site-packages/airflow/example_dags/example_skip_dag.py
[2025-08-19T18:39:12.904+0000] {processor.py:829} INFO - Processing file /home/airflow/.local/lib/python3.8/site-packages/airflow/example_dags/example_skip_dag.py for tasks to queue
[2025-08-19T18:39:12.907+0000] {logging_mixin.py:151} INFO - [2025-08-19T18:39:12.907+0000] {dagbag.py:536} INFO - Filling up the DagBag from /home/airflow/.local/lib/python3.8/site-packages/airflow/example_dags/example_skip_dag.py
[2025-08-19T18:39:12.916+0000] {processor.py:839} INFO - DAG(s) dict_keys(['example_skip_dag']) retrieved from /home/airflow/.local/lib/python3.8/site-packages/airflow/example_dags/example_skip_dag.py
[2025-08-19T18:39:12.958+0000] {logging_mixin.py:151} INFO - [2025-08-19T18:39:12.957+0000] {dag.py:2941} INFO - Sync 1 DAGs
[2025-08-19T18:39:12.997+0000] {logging_mixin.py:151} INFO - [2025-08-19T18:39:12.997+0000] {dag.py:3722} INFO - Setting next_dagrun for example_skip_dag to 2025-08-18T18:39:12.996858+00:00, run_after=2025-08-19T18:39:12.996858+00:00
[2025-08-19T18:39:13.041+0000] {processor.py:179} INFO - Processing /home/airflow/.local/lib/python3.8/site-packages/airflow/example_dags/example_skip_dag.py took 0.146 seconds
