[2025-08-19T18:23:03.590+0000] {processor.py:157} INFO - Started process (PID=105) to work on /home/airflow/.local/lib/python3.8/site-packages/airflow/example_dags/example_latest_only_with_trigger.py
[2025-08-19T18:23:03.596+0000] {processor.py:829} INFO - Processing file /home/airflow/.local/lib/python3.8/site-packages/airflow/example_dags/example_latest_only_with_trigger.py for tasks to queue
[2025-08-19T18:23:03.625+0000] {logging_mixin.py:151} INFO - [2025-08-19T18:23:03.617+0000] {dagbag.py:536} INFO - Filling up the DagBag from /home/airflow/.local/lib/python3.8/site-packages/airflow/example_dags/example_latest_only_with_trigger.py
[2025-08-19T18:23:03.843+0000] {processor.py:839} INFO - DAG(s) dict_keys(['latest_only_with_trigger']) retrieved from /home/airflow/.local/lib/python3.8/site-packages/airflow/example_dags/example_latest_only_with_trigger.py
[2025-08-19T18:23:04.239+0000] {logging_mixin.py:151} INFO - [2025-08-19T18:23:04.238+0000] {dag.py:2941} INFO - Sync 1 DAGs
[2025-08-19T18:23:04.665+0000] {logging_mixin.py:151} INFO - [2025-08-19T18:23:04.664+0000] {dag.py:3722} INFO - Setting next_dagrun for latest_only_with_trigger to 2025-08-19T14:23:04.659982+00:00, run_after=2025-08-19T18:23:04.659982+00:00
[2025-08-19T18:23:04.803+0000] {processor.py:179} INFO - Processing /home/airflow/.local/lib/python3.8/site-packages/airflow/example_dags/example_latest_only_with_trigger.py took 1.243 seconds
[2025-08-19T18:23:35.627+0000] {processor.py:157} INFO - Started process (PID=160) to work on /home/airflow/.local/lib/python3.8/site-packages/airflow/example_dags/example_latest_only_with_trigger.py
[2025-08-19T18:23:35.629+0000] {processor.py:829} INFO - Processing file /home/airflow/.local/lib/python3.8/site-packages/airflow/example_dags/example_latest_only_with_trigger.py for tasks to queue
[2025-08-19T18:23:35.634+0000] {logging_mixin.py:151} INFO - [2025-08-19T18:23:35.633+0000] {dagbag.py:536} INFO - Filling up the DagBag from /home/airflow/.local/lib/python3.8/site-packages/airflow/example_dags/example_latest_only_with_trigger.py
[2025-08-19T18:23:35.644+0000] {processor.py:839} INFO - DAG(s) dict_keys(['latest_only_with_trigger']) retrieved from /home/airflow/.local/lib/python3.8/site-packages/airflow/example_dags/example_latest_only_with_trigger.py
[2025-08-19T18:23:35.692+0000] {logging_mixin.py:151} INFO - [2025-08-19T18:23:35.691+0000] {dag.py:2941} INFO - Sync 1 DAGs
[2025-08-19T18:23:35.757+0000] {logging_mixin.py:151} INFO - [2025-08-19T18:23:35.756+0000] {dag.py:3722} INFO - Setting next_dagrun for latest_only_with_trigger to 2025-08-19T14:23:35.756078+00:00, run_after=2025-08-19T18:23:35.756078+00:00
[2025-08-19T18:23:35.842+0000] {processor.py:179} INFO - Processing /home/airflow/.local/lib/python3.8/site-packages/airflow/example_dags/example_latest_only_with_trigger.py took 0.221 seconds
[2025-08-19T18:24:06.238+0000] {processor.py:157} INFO - Started process (PID=214) to work on /home/airflow/.local/lib/python3.8/site-packages/airflow/example_dags/example_latest_only_with_trigger.py
[2025-08-19T18:24:06.241+0000] {processor.py:829} INFO - Processing file /home/airflow/.local/lib/python3.8/site-packages/airflow/example_dags/example_latest_only_with_trigger.py for tasks to queue
[2025-08-19T18:24:06.252+0000] {logging_mixin.py:151} INFO - [2025-08-19T18:24:06.251+0000] {dagbag.py:536} INFO - Filling up the DagBag from /home/airflow/.local/lib/python3.8/site-packages/airflow/example_dags/example_latest_only_with_trigger.py
[2025-08-19T18:24:06.273+0000] {processor.py:839} INFO - DAG(s) dict_keys(['latest_only_with_trigger']) retrieved from /home/airflow/.local/lib/python3.8/site-packages/airflow/example_dags/example_latest_only_with_trigger.py
[2025-08-19T18:24:06.326+0000] {logging_mixin.py:151} INFO - [2025-08-19T18:24:06.326+0000] {dag.py:2941} INFO - Sync 1 DAGs
[2025-08-19T18:24:06.374+0000] {logging_mixin.py:151} INFO - [2025-08-19T18:24:06.373+0000] {dag.py:3722} INFO - Setting next_dagrun for latest_only_with_trigger to 2025-08-19T14:24:06.373371+00:00, run_after=2025-08-19T18:24:06.373371+00:00
[2025-08-19T18:24:06.420+0000] {processor.py:179} INFO - Processing /home/airflow/.local/lib/python3.8/site-packages/airflow/example_dags/example_latest_only_with_trigger.py took 0.198 seconds
[2025-08-19T18:24:43.112+0000] {processor.py:157} INFO - Started process (PID=275) to work on /home/airflow/.local/lib/python3.8/site-packages/airflow/example_dags/example_latest_only_with_trigger.py
[2025-08-19T18:24:43.130+0000] {processor.py:829} INFO - Processing file /home/airflow/.local/lib/python3.8/site-packages/airflow/example_dags/example_latest_only_with_trigger.py for tasks to queue
[2025-08-19T18:24:43.156+0000] {logging_mixin.py:151} INFO - [2025-08-19T18:24:43.155+0000] {dagbag.py:536} INFO - Filling up the DagBag from /home/airflow/.local/lib/python3.8/site-packages/airflow/example_dags/example_latest_only_with_trigger.py
[2025-08-19T18:24:43.209+0000] {processor.py:839} INFO - DAG(s) dict_keys(['latest_only_with_trigger']) retrieved from /home/airflow/.local/lib/python3.8/site-packages/airflow/example_dags/example_latest_only_with_trigger.py
[2025-08-19T18:24:43.428+0000] {logging_mixin.py:151} INFO - [2025-08-19T18:24:43.428+0000] {dag.py:2941} INFO - Sync 1 DAGs
[2025-08-19T18:24:43.636+0000] {logging_mixin.py:151} INFO - [2025-08-19T18:24:43.635+0000] {dag.py:3722} INFO - Setting next_dagrun for latest_only_with_trigger to 2025-08-19T14:24:43.635026+00:00, run_after=2025-08-19T18:24:43.635026+00:00
[2025-08-19T18:24:43.749+0000] {processor.py:179} INFO - Processing /home/airflow/.local/lib/python3.8/site-packages/airflow/example_dags/example_latest_only_with_trigger.py took 0.653 seconds
[2025-08-19T18:25:14.556+0000] {processor.py:157} INFO - Started process (PID=329) to work on /home/airflow/.local/lib/python3.8/site-packages/airflow/example_dags/example_latest_only_with_trigger.py
[2025-08-19T18:25:14.558+0000] {processor.py:829} INFO - Processing file /home/airflow/.local/lib/python3.8/site-packages/airflow/example_dags/example_latest_only_with_trigger.py for tasks to queue
[2025-08-19T18:25:14.562+0000] {logging_mixin.py:151} INFO - [2025-08-19T18:25:14.561+0000] {dagbag.py:536} INFO - Filling up the DagBag from /home/airflow/.local/lib/python3.8/site-packages/airflow/example_dags/example_latest_only_with_trigger.py
[2025-08-19T18:25:14.569+0000] {processor.py:839} INFO - DAG(s) dict_keys(['latest_only_with_trigger']) retrieved from /home/airflow/.local/lib/python3.8/site-packages/airflow/example_dags/example_latest_only_with_trigger.py
[2025-08-19T18:25:14.602+0000] {logging_mixin.py:151} INFO - [2025-08-19T18:25:14.602+0000] {dag.py:2941} INFO - Sync 1 DAGs
[2025-08-19T18:25:14.632+0000] {logging_mixin.py:151} INFO - [2025-08-19T18:25:14.632+0000] {dag.py:3722} INFO - Setting next_dagrun for latest_only_with_trigger to 2025-08-19T14:25:14.632143+00:00, run_after=2025-08-19T18:25:14.632143+00:00
[2025-08-19T18:25:14.665+0000] {processor.py:179} INFO - Processing /home/airflow/.local/lib/python3.8/site-packages/airflow/example_dags/example_latest_only_with_trigger.py took 0.117 seconds
[2025-08-19T18:25:44.904+0000] {processor.py:157} INFO - Started process (PID=376) to work on /home/airflow/.local/lib/python3.8/site-packages/airflow/example_dags/example_latest_only_with_trigger.py
[2025-08-19T18:25:44.906+0000] {processor.py:829} INFO - Processing file /home/airflow/.local/lib/python3.8/site-packages/airflow/example_dags/example_latest_only_with_trigger.py for tasks to queue
[2025-08-19T18:25:44.913+0000] {logging_mixin.py:151} INFO - [2025-08-19T18:25:44.912+0000] {dagbag.py:536} INFO - Filling up the DagBag from /home/airflow/.local/lib/python3.8/site-packages/airflow/example_dags/example_latest_only_with_trigger.py
[2025-08-19T18:25:44.933+0000] {processor.py:839} INFO - DAG(s) dict_keys(['latest_only_with_trigger']) retrieved from /home/airflow/.local/lib/python3.8/site-packages/airflow/example_dags/example_latest_only_with_trigger.py
[2025-08-19T18:25:45.006+0000] {logging_mixin.py:151} INFO - [2025-08-19T18:25:45.005+0000] {dag.py:2941} INFO - Sync 1 DAGs
[2025-08-19T18:25:45.073+0000] {logging_mixin.py:151} INFO - [2025-08-19T18:25:45.073+0000] {dag.py:3722} INFO - Setting next_dagrun for latest_only_with_trigger to 2025-08-19T14:25:45.072953+00:00, run_after=2025-08-19T18:25:45.072953+00:00
[2025-08-19T18:25:45.121+0000] {processor.py:179} INFO - Processing /home/airflow/.local/lib/python3.8/site-packages/airflow/example_dags/example_latest_only_with_trigger.py took 0.225 seconds
[2025-08-19T18:26:18.453+0000] {processor.py:157} INFO - Started process (PID=438) to work on /home/airflow/.local/lib/python3.8/site-packages/airflow/example_dags/example_latest_only_with_trigger.py
[2025-08-19T18:26:18.457+0000] {processor.py:829} INFO - Processing file /home/airflow/.local/lib/python3.8/site-packages/airflow/example_dags/example_latest_only_with_trigger.py for tasks to queue
[2025-08-19T18:26:18.475+0000] {logging_mixin.py:151} INFO - [2025-08-19T18:26:18.474+0000] {dagbag.py:536} INFO - Filling up the DagBag from /home/airflow/.local/lib/python3.8/site-packages/airflow/example_dags/example_latest_only_with_trigger.py
[2025-08-19T18:26:18.551+0000] {processor.py:839} INFO - DAG(s) dict_keys(['latest_only_with_trigger']) retrieved from /home/airflow/.local/lib/python3.8/site-packages/airflow/example_dags/example_latest_only_with_trigger.py
[2025-08-19T18:26:18.662+0000] {logging_mixin.py:151} INFO - [2025-08-19T18:26:18.662+0000] {dag.py:2941} INFO - Sync 1 DAGs
[2025-08-19T18:26:18.817+0000] {logging_mixin.py:151} INFO - [2025-08-19T18:26:18.816+0000] {dag.py:3722} INFO - Setting next_dagrun for latest_only_with_trigger to 2025-08-19T14:26:18.816155+00:00, run_after=2025-08-19T18:26:18.816155+00:00
[2025-08-19T18:26:18.977+0000] {processor.py:179} INFO - Processing /home/airflow/.local/lib/python3.8/site-packages/airflow/example_dags/example_latest_only_with_trigger.py took 0.556 seconds
[2025-08-19T18:26:49.679+0000] {processor.py:157} INFO - Started process (PID=492) to work on /home/airflow/.local/lib/python3.8/site-packages/airflow/example_dags/example_latest_only_with_trigger.py
[2025-08-19T18:26:49.681+0000] {processor.py:829} INFO - Processing file /home/airflow/.local/lib/python3.8/site-packages/airflow/example_dags/example_latest_only_with_trigger.py for tasks to queue
[2025-08-19T18:26:49.693+0000] {logging_mixin.py:151} INFO - [2025-08-19T18:26:49.692+0000] {dagbag.py:536} INFO - Filling up the DagBag from /home/airflow/.local/lib/python3.8/site-packages/airflow/example_dags/example_latest_only_with_trigger.py
[2025-08-19T18:26:49.714+0000] {processor.py:839} INFO - DAG(s) dict_keys(['latest_only_with_trigger']) retrieved from /home/airflow/.local/lib/python3.8/site-packages/airflow/example_dags/example_latest_only_with_trigger.py
[2025-08-19T18:26:49.792+0000] {logging_mixin.py:151} INFO - [2025-08-19T18:26:49.792+0000] {dag.py:2941} INFO - Sync 1 DAGs
[2025-08-19T18:26:49.878+0000] {logging_mixin.py:151} INFO - [2025-08-19T18:26:49.878+0000] {dag.py:3722} INFO - Setting next_dagrun for latest_only_with_trigger to 2025-08-19T14:26:49.877850+00:00, run_after=2025-08-19T18:26:49.877850+00:00
[2025-08-19T18:26:49.973+0000] {processor.py:179} INFO - Processing /home/airflow/.local/lib/python3.8/site-packages/airflow/example_dags/example_latest_only_with_trigger.py took 0.311 seconds
[2025-08-19T18:27:20.270+0000] {processor.py:157} INFO - Started process (PID=537) to work on /home/airflow/.local/lib/python3.8/site-packages/airflow/example_dags/example_latest_only_with_trigger.py
[2025-08-19T18:27:20.273+0000] {processor.py:829} INFO - Processing file /home/airflow/.local/lib/python3.8/site-packages/airflow/example_dags/example_latest_only_with_trigger.py for tasks to queue
[2025-08-19T18:27:20.278+0000] {logging_mixin.py:151} INFO - [2025-08-19T18:27:20.278+0000] {dagbag.py:536} INFO - Filling up the DagBag from /home/airflow/.local/lib/python3.8/site-packages/airflow/example_dags/example_latest_only_with_trigger.py
[2025-08-19T18:27:20.295+0000] {processor.py:839} INFO - DAG(s) dict_keys(['latest_only_with_trigger']) retrieved from /home/airflow/.local/lib/python3.8/site-packages/airflow/example_dags/example_latest_only_with_trigger.py
[2025-08-19T18:27:20.369+0000] {logging_mixin.py:151} INFO - [2025-08-19T18:27:20.368+0000] {dag.py:2941} INFO - Sync 1 DAGs
[2025-08-19T18:27:20.451+0000] {logging_mixin.py:151} INFO - [2025-08-19T18:27:20.450+0000] {dag.py:3722} INFO - Setting next_dagrun for latest_only_with_trigger to 2025-08-19T14:27:20.449997+00:00, run_after=2025-08-19T18:27:20.449997+00:00
[2025-08-19T18:27:20.543+0000] {processor.py:179} INFO - Processing /home/airflow/.local/lib/python3.8/site-packages/airflow/example_dags/example_latest_only_with_trigger.py took 0.283 seconds
[2025-08-19T18:27:50.687+0000] {processor.py:157} INFO - Started process (PID=591) to work on /home/airflow/.local/lib/python3.8/site-packages/airflow/example_dags/example_latest_only_with_trigger.py
[2025-08-19T18:27:50.689+0000] {processor.py:829} INFO - Processing file /home/airflow/.local/lib/python3.8/site-packages/airflow/example_dags/example_latest_only_with_trigger.py for tasks to queue
[2025-08-19T18:27:50.694+0000] {logging_mixin.py:151} INFO - [2025-08-19T18:27:50.693+0000] {dagbag.py:536} INFO - Filling up the DagBag from /home/airflow/.local/lib/python3.8/site-packages/airflow/example_dags/example_latest_only_with_trigger.py
[2025-08-19T18:27:50.703+0000] {processor.py:839} INFO - DAG(s) dict_keys(['latest_only_with_trigger']) retrieved from /home/airflow/.local/lib/python3.8/site-packages/airflow/example_dags/example_latest_only_with_trigger.py
[2025-08-19T18:27:50.736+0000] {logging_mixin.py:151} INFO - [2025-08-19T18:27:50.735+0000] {dag.py:2941} INFO - Sync 1 DAGs
[2025-08-19T18:27:50.769+0000] {logging_mixin.py:151} INFO - [2025-08-19T18:27:50.768+0000] {dag.py:3722} INFO - Setting next_dagrun for latest_only_with_trigger to 2025-08-19T14:27:50.768037+00:00, run_after=2025-08-19T18:27:50.768037+00:00
[2025-08-19T18:27:50.809+0000] {processor.py:179} INFO - Processing /home/airflow/.local/lib/python3.8/site-packages/airflow/example_dags/example_latest_only_with_trigger.py took 0.129 seconds
[2025-08-19T18:28:21.299+0000] {processor.py:157} INFO - Started process (PID=645) to work on /home/airflow/.local/lib/python3.8/site-packages/airflow/example_dags/example_latest_only_with_trigger.py
[2025-08-19T18:28:21.306+0000] {processor.py:829} INFO - Processing file /home/airflow/.local/lib/python3.8/site-packages/airflow/example_dags/example_latest_only_with_trigger.py for tasks to queue
[2025-08-19T18:28:21.311+0000] {logging_mixin.py:151} INFO - [2025-08-19T18:28:21.310+0000] {dagbag.py:536} INFO - Filling up the DagBag from /home/airflow/.local/lib/python3.8/site-packages/airflow/example_dags/example_latest_only_with_trigger.py
[2025-08-19T18:28:21.323+0000] {processor.py:839} INFO - DAG(s) dict_keys(['latest_only_with_trigger']) retrieved from /home/airflow/.local/lib/python3.8/site-packages/airflow/example_dags/example_latest_only_with_trigger.py
[2025-08-19T18:28:21.359+0000] {logging_mixin.py:151} INFO - [2025-08-19T18:28:21.358+0000] {dag.py:2941} INFO - Sync 1 DAGs
[2025-08-19T18:28:21.394+0000] {logging_mixin.py:151} INFO - [2025-08-19T18:28:21.394+0000] {dag.py:3722} INFO - Setting next_dagrun for latest_only_with_trigger to 2025-08-19T14:28:21.394172+00:00, run_after=2025-08-19T18:28:21.394172+00:00
[2025-08-19T18:28:21.436+0000] {processor.py:179} INFO - Processing /home/airflow/.local/lib/python3.8/site-packages/airflow/example_dags/example_latest_only_with_trigger.py took 0.164 seconds
[2025-08-19T18:28:52.002+0000] {processor.py:157} INFO - Started process (PID=699) to work on /home/airflow/.local/lib/python3.8/site-packages/airflow/example_dags/example_latest_only_with_trigger.py
[2025-08-19T18:28:52.004+0000] {processor.py:829} INFO - Processing file /home/airflow/.local/lib/python3.8/site-packages/airflow/example_dags/example_latest_only_with_trigger.py for tasks to queue
[2025-08-19T18:28:52.008+0000] {logging_mixin.py:151} INFO - [2025-08-19T18:28:52.008+0000] {dagbag.py:536} INFO - Filling up the DagBag from /home/airflow/.local/lib/python3.8/site-packages/airflow/example_dags/example_latest_only_with_trigger.py
[2025-08-19T18:28:52.015+0000] {processor.py:839} INFO - DAG(s) dict_keys(['latest_only_with_trigger']) retrieved from /home/airflow/.local/lib/python3.8/site-packages/airflow/example_dags/example_latest_only_with_trigger.py
[2025-08-19T18:28:52.043+0000] {logging_mixin.py:151} INFO - [2025-08-19T18:28:52.043+0000] {dag.py:2941} INFO - Sync 1 DAGs
[2025-08-19T18:28:52.079+0000] {logging_mixin.py:151} INFO - [2025-08-19T18:28:52.078+0000] {dag.py:3722} INFO - Setting next_dagrun for latest_only_with_trigger to 2025-08-19T14:28:52.078626+00:00, run_after=2025-08-19T18:28:52.078626+00:00
[2025-08-19T18:28:52.107+0000] {processor.py:179} INFO - Processing /home/airflow/.local/lib/python3.8/site-packages/airflow/example_dags/example_latest_only_with_trigger.py took 0.111 seconds
[2025-08-19T18:29:22.725+0000] {processor.py:157} INFO - Started process (PID=753) to work on /home/airflow/.local/lib/python3.8/site-packages/airflow/example_dags/example_latest_only_with_trigger.py
[2025-08-19T18:29:22.726+0000] {processor.py:829} INFO - Processing file /home/airflow/.local/lib/python3.8/site-packages/airflow/example_dags/example_latest_only_with_trigger.py for tasks to queue
[2025-08-19T18:29:22.730+0000] {logging_mixin.py:151} INFO - [2025-08-19T18:29:22.729+0000] {dagbag.py:536} INFO - Filling up the DagBag from /home/airflow/.local/lib/python3.8/site-packages/airflow/example_dags/example_latest_only_with_trigger.py
[2025-08-19T18:29:22.736+0000] {processor.py:839} INFO - DAG(s) dict_keys(['latest_only_with_trigger']) retrieved from /home/airflow/.local/lib/python3.8/site-packages/airflow/example_dags/example_latest_only_with_trigger.py
[2025-08-19T18:29:22.769+0000] {logging_mixin.py:151} INFO - [2025-08-19T18:29:22.769+0000] {dag.py:2941} INFO - Sync 1 DAGs
[2025-08-19T18:29:22.805+0000] {logging_mixin.py:151} INFO - [2025-08-19T18:29:22.805+0000] {dag.py:3722} INFO - Setting next_dagrun for latest_only_with_trigger to 2025-08-19T14:29:22.805013+00:00, run_after=2025-08-19T18:29:22.805013+00:00
[2025-08-19T18:29:22.833+0000] {processor.py:179} INFO - Processing /home/airflow/.local/lib/python3.8/site-packages/airflow/example_dags/example_latest_only_with_trigger.py took 0.112 seconds
[2025-08-19T18:29:53.550+0000] {processor.py:157} INFO - Started process (PID=807) to work on /home/airflow/.local/lib/python3.8/site-packages/airflow/example_dags/example_latest_only_with_trigger.py
[2025-08-19T18:29:53.554+0000] {processor.py:829} INFO - Processing file /home/airflow/.local/lib/python3.8/site-packages/airflow/example_dags/example_latest_only_with_trigger.py for tasks to queue
[2025-08-19T18:29:53.570+0000] {logging_mixin.py:151} INFO - [2025-08-19T18:29:53.569+0000] {dagbag.py:536} INFO - Filling up the DagBag from /home/airflow/.local/lib/python3.8/site-packages/airflow/example_dags/example_latest_only_with_trigger.py
[2025-08-19T18:29:53.611+0000] {processor.py:839} INFO - DAG(s) dict_keys(['latest_only_with_trigger']) retrieved from /home/airflow/.local/lib/python3.8/site-packages/airflow/example_dags/example_latest_only_with_trigger.py
[2025-08-19T18:29:53.709+0000] {logging_mixin.py:151} INFO - [2025-08-19T18:29:53.708+0000] {dag.py:2941} INFO - Sync 1 DAGs
[2025-08-19T18:29:53.780+0000] {logging_mixin.py:151} INFO - [2025-08-19T18:29:53.779+0000] {dag.py:3722} INFO - Setting next_dagrun for latest_only_with_trigger to 2025-08-19T14:29:53.776242+00:00, run_after=2025-08-19T18:29:53.776242+00:00
[2025-08-19T18:29:54.336+0000] {processor.py:179} INFO - Processing /home/airflow/.local/lib/python3.8/site-packages/airflow/example_dags/example_latest_only_with_trigger.py took 0.881 seconds
[2025-08-19T18:30:56.280+0000] {processor.py:157} INFO - Started process (PID=104) to work on /home/airflow/.local/lib/python3.8/site-packages/airflow/example_dags/example_latest_only_with_trigger.py
[2025-08-19T18:30:56.284+0000] {processor.py:829} INFO - Processing file /home/airflow/.local/lib/python3.8/site-packages/airflow/example_dags/example_latest_only_with_trigger.py for tasks to queue
[2025-08-19T18:30:56.288+0000] {logging_mixin.py:151} INFO - [2025-08-19T18:30:56.288+0000] {dagbag.py:536} INFO - Filling up the DagBag from /home/airflow/.local/lib/python3.8/site-packages/airflow/example_dags/example_latest_only_with_trigger.py
[2025-08-19T18:30:56.300+0000] {processor.py:839} INFO - DAG(s) dict_keys(['latest_only_with_trigger']) retrieved from /home/airflow/.local/lib/python3.8/site-packages/airflow/example_dags/example_latest_only_with_trigger.py
[2025-08-19T18:30:56.443+0000] {logging_mixin.py:151} INFO - [2025-08-19T18:30:56.433+0000] {dag.py:2941} INFO - Sync 1 DAGs
[2025-08-19T18:30:56.523+0000] {logging_mixin.py:151} INFO - [2025-08-19T18:30:56.522+0000] {dag.py:3722} INFO - Setting next_dagrun for latest_only_with_trigger to 2025-08-19T14:30:56.522362+00:00, run_after=2025-08-19T18:30:56.522362+00:00
[2025-08-19T18:30:56.620+0000] {processor.py:179} INFO - Processing /home/airflow/.local/lib/python3.8/site-packages/airflow/example_dags/example_latest_only_with_trigger.py took 0.347 seconds
[2025-08-19T18:31:27.678+0000] {processor.py:157} INFO - Started process (PID=159) to work on /home/airflow/.local/lib/python3.8/site-packages/airflow/example_dags/example_latest_only_with_trigger.py
[2025-08-19T18:31:27.680+0000] {processor.py:829} INFO - Processing file /home/airflow/.local/lib/python3.8/site-packages/airflow/example_dags/example_latest_only_with_trigger.py for tasks to queue
[2025-08-19T18:31:27.684+0000] {logging_mixin.py:151} INFO - [2025-08-19T18:31:27.684+0000] {dagbag.py:536} INFO - Filling up the DagBag from /home/airflow/.local/lib/python3.8/site-packages/airflow/example_dags/example_latest_only_with_trigger.py
[2025-08-19T18:31:27.704+0000] {processor.py:839} INFO - DAG(s) dict_keys(['latest_only_with_trigger']) retrieved from /home/airflow/.local/lib/python3.8/site-packages/airflow/example_dags/example_latest_only_with_trigger.py
[2025-08-19T18:31:27.790+0000] {logging_mixin.py:151} INFO - [2025-08-19T18:31:27.790+0000] {dag.py:2941} INFO - Sync 1 DAGs
[2025-08-19T18:31:27.865+0000] {logging_mixin.py:151} INFO - [2025-08-19T18:31:27.861+0000] {dag.py:3722} INFO - Setting next_dagrun for latest_only_with_trigger to 2025-08-19T14:31:27.860666+00:00, run_after=2025-08-19T18:31:27.860666+00:00
[2025-08-19T18:31:27.930+0000] {processor.py:179} INFO - Processing /home/airflow/.local/lib/python3.8/site-packages/airflow/example_dags/example_latest_only_with_trigger.py took 0.259 seconds
[2025-08-19T18:31:58.660+0000] {processor.py:157} INFO - Started process (PID=206) to work on /home/airflow/.local/lib/python3.8/site-packages/airflow/example_dags/example_latest_only_with_trigger.py
[2025-08-19T18:31:58.661+0000] {processor.py:829} INFO - Processing file /home/airflow/.local/lib/python3.8/site-packages/airflow/example_dags/example_latest_only_with_trigger.py for tasks to queue
[2025-08-19T18:31:58.665+0000] {logging_mixin.py:151} INFO - [2025-08-19T18:31:58.664+0000] {dagbag.py:536} INFO - Filling up the DagBag from /home/airflow/.local/lib/python3.8/site-packages/airflow/example_dags/example_latest_only_with_trigger.py
[2025-08-19T18:31:58.673+0000] {processor.py:839} INFO - DAG(s) dict_keys(['latest_only_with_trigger']) retrieved from /home/airflow/.local/lib/python3.8/site-packages/airflow/example_dags/example_latest_only_with_trigger.py
[2025-08-19T18:31:58.705+0000] {logging_mixin.py:151} INFO - [2025-08-19T18:31:58.704+0000] {dag.py:2941} INFO - Sync 1 DAGs
[2025-08-19T18:31:58.731+0000] {logging_mixin.py:151} INFO - [2025-08-19T18:31:58.731+0000] {dag.py:3722} INFO - Setting next_dagrun for latest_only_with_trigger to 2025-08-19T14:31:58.730892+00:00, run_after=2025-08-19T18:31:58.730892+00:00
[2025-08-19T18:31:58.757+0000] {processor.py:179} INFO - Processing /home/airflow/.local/lib/python3.8/site-packages/airflow/example_dags/example_latest_only_with_trigger.py took 0.103 seconds
[2025-08-19T18:32:29.390+0000] {processor.py:157} INFO - Started process (PID=260) to work on /home/airflow/.local/lib/python3.8/site-packages/airflow/example_dags/example_latest_only_with_trigger.py
[2025-08-19T18:32:29.392+0000] {processor.py:829} INFO - Processing file /home/airflow/.local/lib/python3.8/site-packages/airflow/example_dags/example_latest_only_with_trigger.py for tasks to queue
[2025-08-19T18:32:29.398+0000] {logging_mixin.py:151} INFO - [2025-08-19T18:32:29.398+0000] {dagbag.py:536} INFO - Filling up the DagBag from /home/airflow/.local/lib/python3.8/site-packages/airflow/example_dags/example_latest_only_with_trigger.py
[2025-08-19T18:32:29.412+0000] {processor.py:839} INFO - DAG(s) dict_keys(['latest_only_with_trigger']) retrieved from /home/airflow/.local/lib/python3.8/site-packages/airflow/example_dags/example_latest_only_with_trigger.py
[2025-08-19T18:32:29.476+0000] {logging_mixin.py:151} INFO - [2025-08-19T18:32:29.475+0000] {dag.py:2941} INFO - Sync 1 DAGs
[2025-08-19T18:32:29.565+0000] {logging_mixin.py:151} INFO - [2025-08-19T18:32:29.564+0000] {dag.py:3722} INFO - Setting next_dagrun for latest_only_with_trigger to 2025-08-19T14:32:29.562612+00:00, run_after=2025-08-19T18:32:29.562612+00:00
[2025-08-19T18:32:29.632+0000] {processor.py:179} INFO - Processing /home/airflow/.local/lib/python3.8/site-packages/airflow/example_dags/example_latest_only_with_trigger.py took 0.256 seconds
[2025-08-19T18:33:00.043+0000] {processor.py:157} INFO - Started process (PID=314) to work on /home/airflow/.local/lib/python3.8/site-packages/airflow/example_dags/example_latest_only_with_trigger.py
[2025-08-19T18:33:00.046+0000] {processor.py:829} INFO - Processing file /home/airflow/.local/lib/python3.8/site-packages/airflow/example_dags/example_latest_only_with_trigger.py for tasks to queue
[2025-08-19T18:33:00.049+0000] {logging_mixin.py:151} INFO - [2025-08-19T18:33:00.049+0000] {dagbag.py:536} INFO - Filling up the DagBag from /home/airflow/.local/lib/python3.8/site-packages/airflow/example_dags/example_latest_only_with_trigger.py
[2025-08-19T18:33:00.063+0000] {processor.py:839} INFO - DAG(s) dict_keys(['latest_only_with_trigger']) retrieved from /home/airflow/.local/lib/python3.8/site-packages/airflow/example_dags/example_latest_only_with_trigger.py
[2025-08-19T18:33:00.107+0000] {logging_mixin.py:151} INFO - [2025-08-19T18:33:00.107+0000] {dag.py:2941} INFO - Sync 1 DAGs
[2025-08-19T18:33:00.144+0000] {logging_mixin.py:151} INFO - [2025-08-19T18:33:00.144+0000] {dag.py:3722} INFO - Setting next_dagrun for latest_only_with_trigger to 2025-08-19T14:33:00.143928+00:00, run_after=2025-08-19T18:33:00.143928+00:00
[2025-08-19T18:33:00.177+0000] {processor.py:179} INFO - Processing /home/airflow/.local/lib/python3.8/site-packages/airflow/example_dags/example_latest_only_with_trigger.py took 0.142 seconds
[2025-08-19T18:33:31.000+0000] {processor.py:157} INFO - Started process (PID=368) to work on /home/airflow/.local/lib/python3.8/site-packages/airflow/example_dags/example_latest_only_with_trigger.py
[2025-08-19T18:33:31.002+0000] {processor.py:829} INFO - Processing file /home/airflow/.local/lib/python3.8/site-packages/airflow/example_dags/example_latest_only_with_trigger.py for tasks to queue
[2025-08-19T18:33:31.005+0000] {logging_mixin.py:151} INFO - [2025-08-19T18:33:31.004+0000] {dagbag.py:536} INFO - Filling up the DagBag from /home/airflow/.local/lib/python3.8/site-packages/airflow/example_dags/example_latest_only_with_trigger.py
[2025-08-19T18:33:31.012+0000] {processor.py:839} INFO - DAG(s) dict_keys(['latest_only_with_trigger']) retrieved from /home/airflow/.local/lib/python3.8/site-packages/airflow/example_dags/example_latest_only_with_trigger.py
[2025-08-19T18:33:31.042+0000] {logging_mixin.py:151} INFO - [2025-08-19T18:33:31.041+0000] {dag.py:2941} INFO - Sync 1 DAGs
[2025-08-19T18:33:31.071+0000] {logging_mixin.py:151} INFO - [2025-08-19T18:33:31.070+0000] {dag.py:3722} INFO - Setting next_dagrun for latest_only_with_trigger to 2025-08-19T14:33:31.069973+00:00, run_after=2025-08-19T18:33:31.069973+00:00
[2025-08-19T18:33:31.101+0000] {processor.py:179} INFO - Processing /home/airflow/.local/lib/python3.8/site-packages/airflow/example_dags/example_latest_only_with_trigger.py took 0.106 seconds
[2025-08-19T18:34:01.712+0000] {processor.py:157} INFO - Started process (PID=422) to work on /home/airflow/.local/lib/python3.8/site-packages/airflow/example_dags/example_latest_only_with_trigger.py
[2025-08-19T18:34:01.715+0000] {processor.py:829} INFO - Processing file /home/airflow/.local/lib/python3.8/site-packages/airflow/example_dags/example_latest_only_with_trigger.py for tasks to queue
[2025-08-19T18:34:01.717+0000] {logging_mixin.py:151} INFO - [2025-08-19T18:34:01.717+0000] {dagbag.py:536} INFO - Filling up the DagBag from /home/airflow/.local/lib/python3.8/site-packages/airflow/example_dags/example_latest_only_with_trigger.py
[2025-08-19T18:34:01.725+0000] {processor.py:839} INFO - DAG(s) dict_keys(['latest_only_with_trigger']) retrieved from /home/airflow/.local/lib/python3.8/site-packages/airflow/example_dags/example_latest_only_with_trigger.py
[2025-08-19T18:34:01.756+0000] {logging_mixin.py:151} INFO - [2025-08-19T18:34:01.756+0000] {dag.py:2941} INFO - Sync 1 DAGs
[2025-08-19T18:34:01.784+0000] {logging_mixin.py:151} INFO - [2025-08-19T18:34:01.784+0000] {dag.py:3722} INFO - Setting next_dagrun for latest_only_with_trigger to 2025-08-19T14:34:01.783758+00:00, run_after=2025-08-19T18:34:01.783758+00:00
[2025-08-19T18:34:01.816+0000] {processor.py:179} INFO - Processing /home/airflow/.local/lib/python3.8/site-packages/airflow/example_dags/example_latest_only_with_trigger.py took 0.109 seconds
[2025-08-19T18:34:32.812+0000] {processor.py:157} INFO - Started process (PID=476) to work on /home/airflow/.local/lib/python3.8/site-packages/airflow/example_dags/example_latest_only_with_trigger.py
[2025-08-19T18:34:32.813+0000] {processor.py:829} INFO - Processing file /home/airflow/.local/lib/python3.8/site-packages/airflow/example_dags/example_latest_only_with_trigger.py for tasks to queue
[2025-08-19T18:34:32.816+0000] {logging_mixin.py:151} INFO - [2025-08-19T18:34:32.816+0000] {dagbag.py:536} INFO - Filling up the DagBag from /home/airflow/.local/lib/python3.8/site-packages/airflow/example_dags/example_latest_only_with_trigger.py
[2025-08-19T18:34:32.823+0000] {processor.py:839} INFO - DAG(s) dict_keys(['latest_only_with_trigger']) retrieved from /home/airflow/.local/lib/python3.8/site-packages/airflow/example_dags/example_latest_only_with_trigger.py
[2025-08-19T18:34:32.848+0000] {logging_mixin.py:151} INFO - [2025-08-19T18:34:32.848+0000] {dag.py:2941} INFO - Sync 1 DAGs
[2025-08-19T18:34:32.876+0000] {logging_mixin.py:151} INFO - [2025-08-19T18:34:32.875+0000] {dag.py:3722} INFO - Setting next_dagrun for latest_only_with_trigger to 2025-08-19T14:34:32.875516+00:00, run_after=2025-08-19T18:34:32.875516+00:00
[2025-08-19T18:34:32.905+0000] {processor.py:179} INFO - Processing /home/airflow/.local/lib/python3.8/site-packages/airflow/example_dags/example_latest_only_with_trigger.py took 0.098 seconds
[2025-08-19T18:35:03.083+0000] {processor.py:157} INFO - Started process (PID=530) to work on /home/airflow/.local/lib/python3.8/site-packages/airflow/example_dags/example_latest_only_with_trigger.py
[2025-08-19T18:35:03.086+0000] {processor.py:829} INFO - Processing file /home/airflow/.local/lib/python3.8/site-packages/airflow/example_dags/example_latest_only_with_trigger.py for tasks to queue
[2025-08-19T18:35:03.095+0000] {logging_mixin.py:151} INFO - [2025-08-19T18:35:03.094+0000] {dagbag.py:536} INFO - Filling up the DagBag from /home/airflow/.local/lib/python3.8/site-packages/airflow/example_dags/example_latest_only_with_trigger.py
[2025-08-19T18:35:03.109+0000] {processor.py:839} INFO - DAG(s) dict_keys(['latest_only_with_trigger']) retrieved from /home/airflow/.local/lib/python3.8/site-packages/airflow/example_dags/example_latest_only_with_trigger.py
[2025-08-19T18:35:03.147+0000] {logging_mixin.py:151} INFO - [2025-08-19T18:35:03.147+0000] {dag.py:2941} INFO - Sync 1 DAGs
[2025-08-19T18:35:03.190+0000] {logging_mixin.py:151} INFO - [2025-08-19T18:35:03.190+0000] {dag.py:3722} INFO - Setting next_dagrun for latest_only_with_trigger to 2025-08-19T14:35:03.189260+00:00, run_after=2025-08-19T18:35:03.189260+00:00
[2025-08-19T18:35:03.218+0000] {processor.py:179} INFO - Processing /home/airflow/.local/lib/python3.8/site-packages/airflow/example_dags/example_latest_only_with_trigger.py took 0.140 seconds
[2025-08-19T18:35:33.709+0000] {processor.py:157} INFO - Started process (PID=584) to work on /home/airflow/.local/lib/python3.8/site-packages/airflow/example_dags/example_latest_only_with_trigger.py
[2025-08-19T18:35:33.711+0000] {processor.py:829} INFO - Processing file /home/airflow/.local/lib/python3.8/site-packages/airflow/example_dags/example_latest_only_with_trigger.py for tasks to queue
[2025-08-19T18:35:33.714+0000] {logging_mixin.py:151} INFO - [2025-08-19T18:35:33.714+0000] {dagbag.py:536} INFO - Filling up the DagBag from /home/airflow/.local/lib/python3.8/site-packages/airflow/example_dags/example_latest_only_with_trigger.py
[2025-08-19T18:35:33.723+0000] {processor.py:839} INFO - DAG(s) dict_keys(['latest_only_with_trigger']) retrieved from /home/airflow/.local/lib/python3.8/site-packages/airflow/example_dags/example_latest_only_with_trigger.py
[2025-08-19T18:35:33.760+0000] {logging_mixin.py:151} INFO - [2025-08-19T18:35:33.759+0000] {dag.py:2941} INFO - Sync 1 DAGs
[2025-08-19T18:35:33.795+0000] {logging_mixin.py:151} INFO - [2025-08-19T18:35:33.795+0000] {dag.py:3722} INFO - Setting next_dagrun for latest_only_with_trigger to 2025-08-19T14:35:33.795248+00:00, run_after=2025-08-19T18:35:33.795248+00:00
[2025-08-19T18:35:33.826+0000] {processor.py:179} INFO - Processing /home/airflow/.local/lib/python3.8/site-packages/airflow/example_dags/example_latest_only_with_trigger.py took 0.123 seconds
[2025-08-19T18:36:04.361+0000] {processor.py:157} INFO - Started process (PID=638) to work on /home/airflow/.local/lib/python3.8/site-packages/airflow/example_dags/example_latest_only_with_trigger.py
[2025-08-19T18:36:04.364+0000] {processor.py:829} INFO - Processing file /home/airflow/.local/lib/python3.8/site-packages/airflow/example_dags/example_latest_only_with_trigger.py for tasks to queue
[2025-08-19T18:36:04.371+0000] {logging_mixin.py:151} INFO - [2025-08-19T18:36:04.371+0000] {dagbag.py:536} INFO - Filling up the DagBag from /home/airflow/.local/lib/python3.8/site-packages/airflow/example_dags/example_latest_only_with_trigger.py
[2025-08-19T18:36:04.389+0000] {processor.py:839} INFO - DAG(s) dict_keys(['latest_only_with_trigger']) retrieved from /home/airflow/.local/lib/python3.8/site-packages/airflow/example_dags/example_latest_only_with_trigger.py
[2025-08-19T18:36:04.453+0000] {logging_mixin.py:151} INFO - [2025-08-19T18:36:04.453+0000] {dag.py:2941} INFO - Sync 1 DAGs
[2025-08-19T18:36:04.502+0000] {logging_mixin.py:151} INFO - [2025-08-19T18:36:04.502+0000] {dag.py:3722} INFO - Setting next_dagrun for latest_only_with_trigger to 2025-08-19T14:36:04.501826+00:00, run_after=2025-08-19T18:36:04.501826+00:00
[2025-08-19T18:36:04.558+0000] {processor.py:179} INFO - Processing /home/airflow/.local/lib/python3.8/site-packages/airflow/example_dags/example_latest_only_with_trigger.py took 0.212 seconds
[2025-08-19T18:36:35.887+0000] {processor.py:157} INFO - Started process (PID=692) to work on /home/airflow/.local/lib/python3.8/site-packages/airflow/example_dags/example_latest_only_with_trigger.py
[2025-08-19T18:36:35.889+0000] {processor.py:829} INFO - Processing file /home/airflow/.local/lib/python3.8/site-packages/airflow/example_dags/example_latest_only_with_trigger.py for tasks to queue
[2025-08-19T18:36:35.892+0000] {logging_mixin.py:151} INFO - [2025-08-19T18:36:35.891+0000] {dagbag.py:536} INFO - Filling up the DagBag from /home/airflow/.local/lib/python3.8/site-packages/airflow/example_dags/example_latest_only_with_trigger.py
[2025-08-19T18:36:35.900+0000] {processor.py:839} INFO - DAG(s) dict_keys(['latest_only_with_trigger']) retrieved from /home/airflow/.local/lib/python3.8/site-packages/airflow/example_dags/example_latest_only_with_trigger.py
[2025-08-19T18:36:35.937+0000] {logging_mixin.py:151} INFO - [2025-08-19T18:36:35.936+0000] {dag.py:2941} INFO - Sync 1 DAGs
[2025-08-19T18:36:35.975+0000] {logging_mixin.py:151} INFO - [2025-08-19T18:36:35.975+0000] {dag.py:3722} INFO - Setting next_dagrun for latest_only_with_trigger to 2025-08-19T14:36:35.975189+00:00, run_after=2025-08-19T18:36:35.975189+00:00
[2025-08-19T18:36:36.003+0000] {processor.py:179} INFO - Processing /home/airflow/.local/lib/python3.8/site-packages/airflow/example_dags/example_latest_only_with_trigger.py took 0.122 seconds
[2025-08-19T18:37:09.020+0000] {processor.py:157} INFO - Started process (PID=746) to work on /home/airflow/.local/lib/python3.8/site-packages/airflow/example_dags/example_latest_only_with_trigger.py
[2025-08-19T18:37:09.022+0000] {processor.py:829} INFO - Processing file /home/airflow/.local/lib/python3.8/site-packages/airflow/example_dags/example_latest_only_with_trigger.py for tasks to queue
[2025-08-19T18:37:09.034+0000] {logging_mixin.py:151} INFO - [2025-08-19T18:37:09.031+0000] {dagbag.py:536} INFO - Filling up the DagBag from /home/airflow/.local/lib/python3.8/site-packages/airflow/example_dags/example_latest_only_with_trigger.py
[2025-08-19T18:37:09.050+0000] {processor.py:839} INFO - DAG(s) dict_keys(['latest_only_with_trigger']) retrieved from /home/airflow/.local/lib/python3.8/site-packages/airflow/example_dags/example_latest_only_with_trigger.py
[2025-08-19T18:37:09.109+0000] {logging_mixin.py:151} INFO - [2025-08-19T18:37:09.109+0000] {dag.py:2941} INFO - Sync 1 DAGs
[2025-08-19T18:37:09.166+0000] {logging_mixin.py:151} INFO - [2025-08-19T18:37:09.165+0000] {dag.py:3722} INFO - Setting next_dagrun for latest_only_with_trigger to 2025-08-19T14:37:09.164918+00:00, run_after=2025-08-19T18:37:09.164918+00:00
[2025-08-19T18:37:09.211+0000] {processor.py:179} INFO - Processing /home/airflow/.local/lib/python3.8/site-packages/airflow/example_dags/example_latest_only_with_trigger.py took 0.198 seconds
[2025-08-19T18:37:42.307+0000] {processor.py:157} INFO - Started process (PID=801) to work on /home/airflow/.local/lib/python3.8/site-packages/airflow/example_dags/example_latest_only_with_trigger.py
[2025-08-19T18:37:42.309+0000] {processor.py:829} INFO - Processing file /home/airflow/.local/lib/python3.8/site-packages/airflow/example_dags/example_latest_only_with_trigger.py for tasks to queue
[2025-08-19T18:37:42.314+0000] {logging_mixin.py:151} INFO - [2025-08-19T18:37:42.313+0000] {dagbag.py:536} INFO - Filling up the DagBag from /home/airflow/.local/lib/python3.8/site-packages/airflow/example_dags/example_latest_only_with_trigger.py
[2025-08-19T18:37:42.323+0000] {processor.py:839} INFO - DAG(s) dict_keys(['latest_only_with_trigger']) retrieved from /home/airflow/.local/lib/python3.8/site-packages/airflow/example_dags/example_latest_only_with_trigger.py
[2025-08-19T18:37:42.389+0000] {logging_mixin.py:151} INFO - [2025-08-19T18:37:42.389+0000] {dag.py:2941} INFO - Sync 1 DAGs
[2025-08-19T18:37:42.466+0000] {logging_mixin.py:151} INFO - [2025-08-19T18:37:42.465+0000] {dag.py:3722} INFO - Setting next_dagrun for latest_only_with_trigger to 2025-08-19T14:37:42.463729+00:00, run_after=2025-08-19T18:37:42.463729+00:00
[2025-08-19T18:37:42.530+0000] {processor.py:179} INFO - Processing /home/airflow/.local/lib/python3.8/site-packages/airflow/example_dags/example_latest_only_with_trigger.py took 0.230 seconds
[2025-08-19T18:38:13.178+0000] {processor.py:157} INFO - Started process (PID=855) to work on /home/airflow/.local/lib/python3.8/site-packages/airflow/example_dags/example_latest_only_with_trigger.py
[2025-08-19T18:38:13.181+0000] {processor.py:829} INFO - Processing file /home/airflow/.local/lib/python3.8/site-packages/airflow/example_dags/example_latest_only_with_trigger.py for tasks to queue
[2025-08-19T18:38:13.189+0000] {logging_mixin.py:151} INFO - [2025-08-19T18:38:13.188+0000] {dagbag.py:536} INFO - Filling up the DagBag from /home/airflow/.local/lib/python3.8/site-packages/airflow/example_dags/example_latest_only_with_trigger.py
[2025-08-19T18:38:13.210+0000] {processor.py:839} INFO - DAG(s) dict_keys(['latest_only_with_trigger']) retrieved from /home/airflow/.local/lib/python3.8/site-packages/airflow/example_dags/example_latest_only_with_trigger.py
[2025-08-19T18:38:13.281+0000] {logging_mixin.py:151} INFO - [2025-08-19T18:38:13.281+0000] {dag.py:2941} INFO - Sync 1 DAGs
[2025-08-19T18:38:13.329+0000] {logging_mixin.py:151} INFO - [2025-08-19T18:38:13.329+0000] {dag.py:3722} INFO - Setting next_dagrun for latest_only_with_trigger to 2025-08-19T14:38:13.329088+00:00, run_after=2025-08-19T18:38:13.329088+00:00
[2025-08-19T18:38:13.367+0000] {processor.py:179} INFO - Processing /home/airflow/.local/lib/python3.8/site-packages/airflow/example_dags/example_latest_only_with_trigger.py took 0.194 seconds
[2025-08-19T18:38:44.320+0000] {processor.py:157} INFO - Started process (PID=909) to work on /home/airflow/.local/lib/python3.8/site-packages/airflow/example_dags/example_latest_only_with_trigger.py
[2025-08-19T18:38:44.324+0000] {processor.py:829} INFO - Processing file /home/airflow/.local/lib/python3.8/site-packages/airflow/example_dags/example_latest_only_with_trigger.py for tasks to queue
[2025-08-19T18:38:44.332+0000] {logging_mixin.py:151} INFO - [2025-08-19T18:38:44.332+0000] {dagbag.py:536} INFO - Filling up the DagBag from /home/airflow/.local/lib/python3.8/site-packages/airflow/example_dags/example_latest_only_with_trigger.py
[2025-08-19T18:38:44.344+0000] {processor.py:839} INFO - DAG(s) dict_keys(['latest_only_with_trigger']) retrieved from /home/airflow/.local/lib/python3.8/site-packages/airflow/example_dags/example_latest_only_with_trigger.py
[2025-08-19T18:38:44.379+0000] {logging_mixin.py:151} INFO - [2025-08-19T18:38:44.379+0000] {dag.py:2941} INFO - Sync 1 DAGs
[2025-08-19T18:38:44.414+0000] {logging_mixin.py:151} INFO - [2025-08-19T18:38:44.414+0000] {dag.py:3722} INFO - Setting next_dagrun for latest_only_with_trigger to 2025-08-19T14:38:44.413981+00:00, run_after=2025-08-19T18:38:44.413981+00:00
[2025-08-19T18:38:44.443+0000] {processor.py:179} INFO - Processing /home/airflow/.local/lib/python3.8/site-packages/airflow/example_dags/example_latest_only_with_trigger.py took 0.130 seconds
[2025-08-19T18:39:14.952+0000] {processor.py:157} INFO - Started process (PID=963) to work on /home/airflow/.local/lib/python3.8/site-packages/airflow/example_dags/example_latest_only_with_trigger.py
[2025-08-19T18:39:14.954+0000] {processor.py:829} INFO - Processing file /home/airflow/.local/lib/python3.8/site-packages/airflow/example_dags/example_latest_only_with_trigger.py for tasks to queue
[2025-08-19T18:39:14.957+0000] {logging_mixin.py:151} INFO - [2025-08-19T18:39:14.957+0000] {dagbag.py:536} INFO - Filling up the DagBag from /home/airflow/.local/lib/python3.8/site-packages/airflow/example_dags/example_latest_only_with_trigger.py
[2025-08-19T18:39:14.966+0000] {processor.py:839} INFO - DAG(s) dict_keys(['latest_only_with_trigger']) retrieved from /home/airflow/.local/lib/python3.8/site-packages/airflow/example_dags/example_latest_only_with_trigger.py
[2025-08-19T18:39:15.001+0000] {logging_mixin.py:151} INFO - [2025-08-19T18:39:15.001+0000] {dag.py:2941} INFO - Sync 1 DAGs
[2025-08-19T18:39:15.034+0000] {logging_mixin.py:151} INFO - [2025-08-19T18:39:15.033+0000] {dag.py:3722} INFO - Setting next_dagrun for latest_only_with_trigger to 2025-08-19T14:39:15.033476+00:00, run_after=2025-08-19T18:39:15.033476+00:00
[2025-08-19T18:39:15.067+0000] {processor.py:179} INFO - Processing /home/airflow/.local/lib/python3.8/site-packages/airflow/example_dags/example_latest_only_with_trigger.py took 0.123 seconds
