[2025-08-19T18:22:54.384+0000] {processor.py:157} INFO - Started process (PID=94) to work on /home/airflow/.local/lib/python3.8/site-packages/airflow/example_dags/example_subdag_operator.py
[2025-08-19T18:22:54.443+0000] {processor.py:829} INFO - Processing file /home/airflow/.local/lib/python3.8/site-packages/airflow/example_dags/example_subdag_operator.py for tasks to queue
[2025-08-19T18:22:54.705+0000] {logging_mixin.py:151} INFO - [2025-08-19T18:22:54.691+0000] {dagbag.py:536} INFO - Filling up the DagBag from /home/airflow/.local/lib/python3.8/site-packages/airflow/example_dags/example_subdag_operator.py
[2025-08-19T18:22:55.477+0000] {processor.py:839} INFO - DAG(s) dict_keys(['example_subdag_operator.section-1', 'example_subdag_operator.section-2', 'example_subdag_operator']) retrieved from /home/airflow/.local/lib/python3.8/site-packages/airflow/example_dags/example_subdag_operator.py
[2025-08-19T18:22:55.573+0000] {logging_mixin.py:151} INFO - [2025-08-19T18:22:55.572+0000] {dag.py:2941} INFO - Sync 3 DAGs
[2025-08-19T18:22:56.611+0000] {logging_mixin.py:151} INFO - [2025-08-19T18:22:56.610+0000] {dag.py:3722} INFO - Setting next_dagrun for example_subdag_operator to 2022-01-01T00:00:00+00:00, run_after=2022-01-01T00:00:00+00:00
[2025-08-19T18:22:56.630+0000] {logging_mixin.py:151} INFO - [2025-08-19T18:22:56.629+0000] {dag.py:3722} INFO - Setting next_dagrun for example_subdag_operator.section-1 to None, run_after=None
[2025-08-19T18:22:56.640+0000] {logging_mixin.py:151} INFO - [2025-08-19T18:22:56.632+0000] {dag.py:3722} INFO - Setting next_dagrun for example_subdag_operator.section-2 to None, run_after=None
[2025-08-19T18:22:56.727+0000] {logging_mixin.py:151} INFO - [2025-08-19T18:22:56.726+0000] {dag.py:2941} INFO - Sync 2 DAGs
[2025-08-19T18:22:56.757+0000] {logging_mixin.py:151} INFO - [2025-08-19T18:22:56.756+0000] {dag.py:3722} INFO - Setting next_dagrun for example_subdag_operator.section-1 to None, run_after=None
[2025-08-19T18:22:56.758+0000] {logging_mixin.py:151} INFO - [2025-08-19T18:22:56.758+0000] {dag.py:3722} INFO - Setting next_dagrun for example_subdag_operator.section-2 to None, run_after=None
[2025-08-19T18:22:56.859+0000] {processor.py:179} INFO - Processing /home/airflow/.local/lib/python3.8/site-packages/airflow/example_dags/example_subdag_operator.py took 2.991 seconds
[2025-08-19T18:23:30.162+0000] {processor.py:157} INFO - Started process (PID=149) to work on /home/airflow/.local/lib/python3.8/site-packages/airflow/example_dags/example_subdag_operator.py
[2025-08-19T18:23:30.165+0000] {processor.py:829} INFO - Processing file /home/airflow/.local/lib/python3.8/site-packages/airflow/example_dags/example_subdag_operator.py for tasks to queue
[2025-08-19T18:23:30.170+0000] {logging_mixin.py:151} INFO - [2025-08-19T18:23:30.169+0000] {dagbag.py:536} INFO - Filling up the DagBag from /home/airflow/.local/lib/python3.8/site-packages/airflow/example_dags/example_subdag_operator.py
[2025-08-19T18:23:30.233+0000] {processor.py:839} INFO - DAG(s) dict_keys(['example_subdag_operator.section-1', 'example_subdag_operator.section-2', 'example_subdag_operator']) retrieved from /home/airflow/.local/lib/python3.8/site-packages/airflow/example_dags/example_subdag_operator.py
[2025-08-19T18:23:30.271+0000] {logging_mixin.py:151} INFO - [2025-08-19T18:23:30.271+0000] {dag.py:2941} INFO - Sync 3 DAGs
[2025-08-19T18:23:30.320+0000] {logging_mixin.py:151} INFO - [2025-08-19T18:23:30.319+0000] {dag.py:3722} INFO - Setting next_dagrun for example_subdag_operator to 2022-01-01T00:00:00+00:00, run_after=2022-01-01T00:00:00+00:00
[2025-08-19T18:23:30.336+0000] {logging_mixin.py:151} INFO - [2025-08-19T18:23:30.335+0000] {dag.py:3722} INFO - Setting next_dagrun for example_subdag_operator.section-1 to None, run_after=None
[2025-08-19T18:23:30.339+0000] {logging_mixin.py:151} INFO - [2025-08-19T18:23:30.339+0000] {dag.py:3722} INFO - Setting next_dagrun for example_subdag_operator.section-2 to None, run_after=None
[2025-08-19T18:23:30.358+0000] {logging_mixin.py:151} INFO - [2025-08-19T18:23:30.358+0000] {dag.py:2941} INFO - Sync 2 DAGs
[2025-08-19T18:23:30.374+0000] {logging_mixin.py:151} INFO - [2025-08-19T18:23:30.373+0000] {dag.py:3722} INFO - Setting next_dagrun for example_subdag_operator.section-1 to None, run_after=None
[2025-08-19T18:23:30.374+0000] {logging_mixin.py:151} INFO - [2025-08-19T18:23:30.374+0000] {dag.py:3722} INFO - Setting next_dagrun for example_subdag_operator.section-2 to None, run_after=None
[2025-08-19T18:23:30.401+0000] {processor.py:179} INFO - Processing /home/airflow/.local/lib/python3.8/site-packages/airflow/example_dags/example_subdag_operator.py took 0.245 seconds
[2025-08-19T18:24:04.227+0000] {processor.py:157} INFO - Started process (PID=203) to work on /home/airflow/.local/lib/python3.8/site-packages/airflow/example_dags/example_subdag_operator.py
[2025-08-19T18:24:04.230+0000] {processor.py:829} INFO - Processing file /home/airflow/.local/lib/python3.8/site-packages/airflow/example_dags/example_subdag_operator.py for tasks to queue
[2025-08-19T18:24:04.238+0000] {logging_mixin.py:151} INFO - [2025-08-19T18:24:04.237+0000] {dagbag.py:536} INFO - Filling up the DagBag from /home/airflow/.local/lib/python3.8/site-packages/airflow/example_dags/example_subdag_operator.py
[2025-08-19T18:24:04.339+0000] {processor.py:839} INFO - DAG(s) dict_keys(['example_subdag_operator.section-1', 'example_subdag_operator.section-2', 'example_subdag_operator']) retrieved from /home/airflow/.local/lib/python3.8/site-packages/airflow/example_dags/example_subdag_operator.py
[2025-08-19T18:24:04.414+0000] {logging_mixin.py:151} INFO - [2025-08-19T18:24:04.413+0000] {dag.py:2941} INFO - Sync 3 DAGs
[2025-08-19T18:24:04.504+0000] {logging_mixin.py:151} INFO - [2025-08-19T18:24:04.504+0000] {dag.py:3722} INFO - Setting next_dagrun for example_subdag_operator to 2022-01-01T00:00:00+00:00, run_after=2022-01-01T00:00:00+00:00
[2025-08-19T18:24:04.512+0000] {logging_mixin.py:151} INFO - [2025-08-19T18:24:04.511+0000] {dag.py:3722} INFO - Setting next_dagrun for example_subdag_operator.section-1 to None, run_after=None
[2025-08-19T18:24:04.517+0000] {logging_mixin.py:151} INFO - [2025-08-19T18:24:04.516+0000] {dag.py:3722} INFO - Setting next_dagrun for example_subdag_operator.section-2 to None, run_after=None
[2025-08-19T18:24:04.549+0000] {logging_mixin.py:151} INFO - [2025-08-19T18:24:04.549+0000] {dag.py:2941} INFO - Sync 2 DAGs
[2025-08-19T18:24:04.566+0000] {logging_mixin.py:151} INFO - [2025-08-19T18:24:04.565+0000] {dag.py:3722} INFO - Setting next_dagrun for example_subdag_operator.section-1 to None, run_after=None
[2025-08-19T18:24:04.567+0000] {logging_mixin.py:151} INFO - [2025-08-19T18:24:04.567+0000] {dag.py:3722} INFO - Setting next_dagrun for example_subdag_operator.section-2 to None, run_after=None
[2025-08-19T18:24:04.601+0000] {processor.py:179} INFO - Processing /home/airflow/.local/lib/python3.8/site-packages/airflow/example_dags/example_subdag_operator.py took 0.386 seconds
[2025-08-19T18:24:34.857+0000] {processor.py:157} INFO - Started process (PID=255) to work on /home/airflow/.local/lib/python3.8/site-packages/airflow/example_dags/example_subdag_operator.py
[2025-08-19T18:24:34.870+0000] {processor.py:829} INFO - Processing file /home/airflow/.local/lib/python3.8/site-packages/airflow/example_dags/example_subdag_operator.py for tasks to queue
[2025-08-19T18:24:34.887+0000] {logging_mixin.py:151} INFO - [2025-08-19T18:24:34.886+0000] {dagbag.py:536} INFO - Filling up the DagBag from /home/airflow/.local/lib/python3.8/site-packages/airflow/example_dags/example_subdag_operator.py
[2025-08-19T18:24:35.035+0000] {processor.py:839} INFO - DAG(s) dict_keys(['example_subdag_operator.section-1', 'example_subdag_operator.section-2', 'example_subdag_operator']) retrieved from /home/airflow/.local/lib/python3.8/site-packages/airflow/example_dags/example_subdag_operator.py
[2025-08-19T18:24:35.096+0000] {logging_mixin.py:151} INFO - [2025-08-19T18:24:35.096+0000] {dag.py:2941} INFO - Sync 3 DAGs
[2025-08-19T18:24:35.177+0000] {logging_mixin.py:151} INFO - [2025-08-19T18:24:35.176+0000] {dag.py:3722} INFO - Setting next_dagrun for example_subdag_operator to 2022-01-01T00:00:00+00:00, run_after=2022-01-01T00:00:00+00:00
[2025-08-19T18:24:35.196+0000] {logging_mixin.py:151} INFO - [2025-08-19T18:24:35.195+0000] {dag.py:3722} INFO - Setting next_dagrun for example_subdag_operator.section-1 to None, run_after=None
[2025-08-19T18:24:35.200+0000] {logging_mixin.py:151} INFO - [2025-08-19T18:24:35.200+0000] {dag.py:3722} INFO - Setting next_dagrun for example_subdag_operator.section-2 to None, run_after=None
[2025-08-19T18:24:35.268+0000] {logging_mixin.py:151} INFO - [2025-08-19T18:24:35.267+0000] {dag.py:2941} INFO - Sync 2 DAGs
[2025-08-19T18:24:35.317+0000] {logging_mixin.py:151} INFO - [2025-08-19T18:24:35.316+0000] {dag.py:3722} INFO - Setting next_dagrun for example_subdag_operator.section-1 to None, run_after=None
[2025-08-19T18:24:35.319+0000] {logging_mixin.py:151} INFO - [2025-08-19T18:24:35.319+0000] {dag.py:3722} INFO - Setting next_dagrun for example_subdag_operator.section-2 to None, run_after=None
[2025-08-19T18:24:35.462+0000] {processor.py:179} INFO - Processing /home/airflow/.local/lib/python3.8/site-packages/airflow/example_dags/example_subdag_operator.py took 0.637 seconds
[2025-08-19T18:25:05.593+0000] {processor.py:157} INFO - Started process (PID=308) to work on /home/airflow/.local/lib/python3.8/site-packages/airflow/example_dags/example_subdag_operator.py
[2025-08-19T18:25:05.595+0000] {processor.py:829} INFO - Processing file /home/airflow/.local/lib/python3.8/site-packages/airflow/example_dags/example_subdag_operator.py for tasks to queue
[2025-08-19T18:25:05.598+0000] {logging_mixin.py:151} INFO - [2025-08-19T18:25:05.598+0000] {dagbag.py:536} INFO - Filling up the DagBag from /home/airflow/.local/lib/python3.8/site-packages/airflow/example_dags/example_subdag_operator.py
[2025-08-19T18:25:05.633+0000] {processor.py:839} INFO - DAG(s) dict_keys(['example_subdag_operator.section-1', 'example_subdag_operator.section-2', 'example_subdag_operator']) retrieved from /home/airflow/.local/lib/python3.8/site-packages/airflow/example_dags/example_subdag_operator.py
[2025-08-19T18:25:05.652+0000] {logging_mixin.py:151} INFO - [2025-08-19T18:25:05.652+0000] {dag.py:2941} INFO - Sync 3 DAGs
[2025-08-19T18:25:05.685+0000] {logging_mixin.py:151} INFO - [2025-08-19T18:25:05.684+0000] {dag.py:3722} INFO - Setting next_dagrun for example_subdag_operator to 2022-01-01T00:00:00+00:00, run_after=2022-01-01T00:00:00+00:00
[2025-08-19T18:25:05.689+0000] {logging_mixin.py:151} INFO - [2025-08-19T18:25:05.689+0000] {dag.py:3722} INFO - Setting next_dagrun for example_subdag_operator.section-1 to None, run_after=None
[2025-08-19T18:25:05.691+0000] {logging_mixin.py:151} INFO - [2025-08-19T18:25:05.691+0000] {dag.py:3722} INFO - Setting next_dagrun for example_subdag_operator.section-2 to None, run_after=None
[2025-08-19T18:25:05.705+0000] {logging_mixin.py:151} INFO - [2025-08-19T18:25:05.705+0000] {dag.py:2941} INFO - Sync 2 DAGs
[2025-08-19T18:25:05.712+0000] {logging_mixin.py:151} INFO - [2025-08-19T18:25:05.712+0000] {dag.py:3722} INFO - Setting next_dagrun for example_subdag_operator.section-1 to None, run_after=None
[2025-08-19T18:25:05.712+0000] {logging_mixin.py:151} INFO - [2025-08-19T18:25:05.712+0000] {dag.py:3722} INFO - Setting next_dagrun for example_subdag_operator.section-2 to None, run_after=None
[2025-08-19T18:25:05.730+0000] {processor.py:179} INFO - Processing /home/airflow/.local/lib/python3.8/site-packages/airflow/example_dags/example_subdag_operator.py took 0.141 seconds
[2025-08-19T18:25:36.027+0000] {processor.py:157} INFO - Started process (PID=362) to work on /home/airflow/.local/lib/python3.8/site-packages/airflow/example_dags/example_subdag_operator.py
[2025-08-19T18:25:36.030+0000] {processor.py:829} INFO - Processing file /home/airflow/.local/lib/python3.8/site-packages/airflow/example_dags/example_subdag_operator.py for tasks to queue
[2025-08-19T18:25:36.045+0000] {logging_mixin.py:151} INFO - [2025-08-19T18:25:36.043+0000] {dagbag.py:536} INFO - Filling up the DagBag from /home/airflow/.local/lib/python3.8/site-packages/airflow/example_dags/example_subdag_operator.py
[2025-08-19T18:25:36.143+0000] {processor.py:839} INFO - DAG(s) dict_keys(['example_subdag_operator.section-1', 'example_subdag_operator.section-2', 'example_subdag_operator']) retrieved from /home/airflow/.local/lib/python3.8/site-packages/airflow/example_dags/example_subdag_operator.py
[2025-08-19T18:25:36.194+0000] {logging_mixin.py:151} INFO - [2025-08-19T18:25:36.193+0000] {dag.py:2941} INFO - Sync 3 DAGs
[2025-08-19T18:25:36.270+0000] {logging_mixin.py:151} INFO - [2025-08-19T18:25:36.269+0000] {dag.py:3722} INFO - Setting next_dagrun for example_subdag_operator to 2022-01-01T00:00:00+00:00, run_after=2022-01-01T00:00:00+00:00
[2025-08-19T18:25:36.288+0000] {logging_mixin.py:151} INFO - [2025-08-19T18:25:36.288+0000] {dag.py:3722} INFO - Setting next_dagrun for example_subdag_operator.section-1 to None, run_after=None
[2025-08-19T18:25:36.293+0000] {logging_mixin.py:151} INFO - [2025-08-19T18:25:36.292+0000] {dag.py:3722} INFO - Setting next_dagrun for example_subdag_operator.section-2 to None, run_after=None
[2025-08-19T18:25:36.326+0000] {logging_mixin.py:151} INFO - [2025-08-19T18:25:36.325+0000] {dag.py:2941} INFO - Sync 2 DAGs
[2025-08-19T18:25:36.341+0000] {logging_mixin.py:151} INFO - [2025-08-19T18:25:36.341+0000] {dag.py:3722} INFO - Setting next_dagrun for example_subdag_operator.section-1 to None, run_after=None
[2025-08-19T18:25:36.342+0000] {logging_mixin.py:151} INFO - [2025-08-19T18:25:36.342+0000] {dag.py:3722} INFO - Setting next_dagrun for example_subdag_operator.section-2 to None, run_after=None
[2025-08-19T18:25:36.380+0000] {processor.py:179} INFO - Processing /home/airflow/.local/lib/python3.8/site-packages/airflow/example_dags/example_subdag_operator.py took 0.373 seconds
[2025-08-19T18:26:07.057+0000] {processor.py:157} INFO - Started process (PID=416) to work on /home/airflow/.local/lib/python3.8/site-packages/airflow/example_dags/example_subdag_operator.py
[2025-08-19T18:26:07.059+0000] {processor.py:829} INFO - Processing file /home/airflow/.local/lib/python3.8/site-packages/airflow/example_dags/example_subdag_operator.py for tasks to queue
[2025-08-19T18:26:07.071+0000] {logging_mixin.py:151} INFO - [2025-08-19T18:26:07.069+0000] {dagbag.py:536} INFO - Filling up the DagBag from /home/airflow/.local/lib/python3.8/site-packages/airflow/example_dags/example_subdag_operator.py
[2025-08-19T18:26:07.145+0000] {processor.py:839} INFO - DAG(s) dict_keys(['example_subdag_operator.section-1', 'example_subdag_operator.section-2', 'example_subdag_operator']) retrieved from /home/airflow/.local/lib/python3.8/site-packages/airflow/example_dags/example_subdag_operator.py
[2025-08-19T18:26:07.182+0000] {logging_mixin.py:151} INFO - [2025-08-19T18:26:07.181+0000] {dag.py:2941} INFO - Sync 3 DAGs
[2025-08-19T18:26:07.234+0000] {logging_mixin.py:151} INFO - [2025-08-19T18:26:07.234+0000] {dag.py:3722} INFO - Setting next_dagrun for example_subdag_operator to 2022-01-01T00:00:00+00:00, run_after=2022-01-01T00:00:00+00:00
[2025-08-19T18:26:07.242+0000] {logging_mixin.py:151} INFO - [2025-08-19T18:26:07.241+0000] {dag.py:3722} INFO - Setting next_dagrun for example_subdag_operator.section-1 to None, run_after=None
[2025-08-19T18:26:07.245+0000] {logging_mixin.py:151} INFO - [2025-08-19T18:26:07.244+0000] {dag.py:3722} INFO - Setting next_dagrun for example_subdag_operator.section-2 to None, run_after=None
[2025-08-19T18:26:07.263+0000] {logging_mixin.py:151} INFO - [2025-08-19T18:26:07.263+0000] {dag.py:2941} INFO - Sync 2 DAGs
[2025-08-19T18:26:07.275+0000] {logging_mixin.py:151} INFO - [2025-08-19T18:26:07.275+0000] {dag.py:3722} INFO - Setting next_dagrun for example_subdag_operator.section-1 to None, run_after=None
[2025-08-19T18:26:07.275+0000] {logging_mixin.py:151} INFO - [2025-08-19T18:26:07.275+0000] {dag.py:3722} INFO - Setting next_dagrun for example_subdag_operator.section-2 to None, run_after=None
[2025-08-19T18:26:07.305+0000] {processor.py:179} INFO - Processing /home/airflow/.local/lib/python3.8/site-packages/airflow/example_dags/example_subdag_operator.py took 0.260 seconds
[2025-08-19T18:26:37.640+0000] {processor.py:157} INFO - Started process (PID=471) to work on /home/airflow/.local/lib/python3.8/site-packages/airflow/example_dags/example_subdag_operator.py
[2025-08-19T18:26:37.642+0000] {processor.py:829} INFO - Processing file /home/airflow/.local/lib/python3.8/site-packages/airflow/example_dags/example_subdag_operator.py for tasks to queue
[2025-08-19T18:26:37.647+0000] {logging_mixin.py:151} INFO - [2025-08-19T18:26:37.646+0000] {dagbag.py:536} INFO - Filling up the DagBag from /home/airflow/.local/lib/python3.8/site-packages/airflow/example_dags/example_subdag_operator.py
[2025-08-19T18:26:37.780+0000] {processor.py:839} INFO - DAG(s) dict_keys(['example_subdag_operator.section-1', 'example_subdag_operator.section-2', 'example_subdag_operator']) retrieved from /home/airflow/.local/lib/python3.8/site-packages/airflow/example_dags/example_subdag_operator.py
[2025-08-19T18:26:37.858+0000] {logging_mixin.py:151} INFO - [2025-08-19T18:26:37.853+0000] {dag.py:2941} INFO - Sync 3 DAGs
[2025-08-19T18:26:37.970+0000] {logging_mixin.py:151} INFO - [2025-08-19T18:26:37.969+0000] {dag.py:3722} INFO - Setting next_dagrun for example_subdag_operator to 2022-01-01T00:00:00+00:00, run_after=2022-01-01T00:00:00+00:00
[2025-08-19T18:26:37.982+0000] {logging_mixin.py:151} INFO - [2025-08-19T18:26:37.982+0000] {dag.py:3722} INFO - Setting next_dagrun for example_subdag_operator.section-1 to None, run_after=None
[2025-08-19T18:26:37.987+0000] {logging_mixin.py:151} INFO - [2025-08-19T18:26:37.987+0000] {dag.py:3722} INFO - Setting next_dagrun for example_subdag_operator.section-2 to None, run_after=None
[2025-08-19T18:26:38.028+0000] {logging_mixin.py:151} INFO - [2025-08-19T18:26:38.028+0000] {dag.py:2941} INFO - Sync 2 DAGs
[2025-08-19T18:26:38.058+0000] {logging_mixin.py:151} INFO - [2025-08-19T18:26:38.058+0000] {dag.py:3722} INFO - Setting next_dagrun for example_subdag_operator.section-1 to None, run_after=None
[2025-08-19T18:26:38.059+0000] {logging_mixin.py:151} INFO - [2025-08-19T18:26:38.059+0000] {dag.py:3722} INFO - Setting next_dagrun for example_subdag_operator.section-2 to None, run_after=None
[2025-08-19T18:26:38.113+0000] {processor.py:179} INFO - Processing /home/airflow/.local/lib/python3.8/site-packages/airflow/example_dags/example_subdag_operator.py took 0.480 seconds
[2025-08-19T18:27:08.585+0000] {processor.py:157} INFO - Started process (PID=525) to work on /home/airflow/.local/lib/python3.8/site-packages/airflow/example_dags/example_subdag_operator.py
[2025-08-19T18:27:08.586+0000] {processor.py:829} INFO - Processing file /home/airflow/.local/lib/python3.8/site-packages/airflow/example_dags/example_subdag_operator.py for tasks to queue
[2025-08-19T18:27:08.589+0000] {logging_mixin.py:151} INFO - [2025-08-19T18:27:08.588+0000] {dagbag.py:536} INFO - Filling up the DagBag from /home/airflow/.local/lib/python3.8/site-packages/airflow/example_dags/example_subdag_operator.py
[2025-08-19T18:27:08.616+0000] {processor.py:839} INFO - DAG(s) dict_keys(['example_subdag_operator.section-1', 'example_subdag_operator.section-2', 'example_subdag_operator']) retrieved from /home/airflow/.local/lib/python3.8/site-packages/airflow/example_dags/example_subdag_operator.py
[2025-08-19T18:27:08.631+0000] {logging_mixin.py:151} INFO - [2025-08-19T18:27:08.630+0000] {dag.py:2941} INFO - Sync 3 DAGs
[2025-08-19T18:27:08.656+0000] {logging_mixin.py:151} INFO - [2025-08-19T18:27:08.655+0000] {dag.py:3722} INFO - Setting next_dagrun for example_subdag_operator to 2022-01-01T00:00:00+00:00, run_after=2022-01-01T00:00:00+00:00
[2025-08-19T18:27:08.659+0000] {logging_mixin.py:151} INFO - [2025-08-19T18:27:08.659+0000] {dag.py:3722} INFO - Setting next_dagrun for example_subdag_operator.section-1 to None, run_after=None
[2025-08-19T18:27:08.660+0000] {logging_mixin.py:151} INFO - [2025-08-19T18:27:08.660+0000] {dag.py:3722} INFO - Setting next_dagrun for example_subdag_operator.section-2 to None, run_after=None
[2025-08-19T18:27:08.667+0000] {logging_mixin.py:151} INFO - [2025-08-19T18:27:08.667+0000] {dag.py:2941} INFO - Sync 2 DAGs
[2025-08-19T18:27:08.673+0000] {logging_mixin.py:151} INFO - [2025-08-19T18:27:08.673+0000] {dag.py:3722} INFO - Setting next_dagrun for example_subdag_operator.section-1 to None, run_after=None
[2025-08-19T18:27:08.673+0000] {logging_mixin.py:151} INFO - [2025-08-19T18:27:08.673+0000] {dag.py:3722} INFO - Setting next_dagrun for example_subdag_operator.section-2 to None, run_after=None
[2025-08-19T18:27:08.689+0000] {processor.py:179} INFO - Processing /home/airflow/.local/lib/python3.8/site-packages/airflow/example_dags/example_subdag_operator.py took 0.107 seconds
[2025-08-19T18:27:39.453+0000] {processor.py:157} INFO - Started process (PID=579) to work on /home/airflow/.local/lib/python3.8/site-packages/airflow/example_dags/example_subdag_operator.py
[2025-08-19T18:27:39.457+0000] {processor.py:829} INFO - Processing file /home/airflow/.local/lib/python3.8/site-packages/airflow/example_dags/example_subdag_operator.py for tasks to queue
[2025-08-19T18:27:39.465+0000] {logging_mixin.py:151} INFO - [2025-08-19T18:27:39.463+0000] {dagbag.py:536} INFO - Filling up the DagBag from /home/airflow/.local/lib/python3.8/site-packages/airflow/example_dags/example_subdag_operator.py
[2025-08-19T18:27:39.545+0000] {processor.py:839} INFO - DAG(s) dict_keys(['example_subdag_operator.section-1', 'example_subdag_operator.section-2', 'example_subdag_operator']) retrieved from /home/airflow/.local/lib/python3.8/site-packages/airflow/example_dags/example_subdag_operator.py
[2025-08-19T18:27:39.659+0000] {logging_mixin.py:151} INFO - [2025-08-19T18:27:39.658+0000] {dag.py:2941} INFO - Sync 3 DAGs
[2025-08-19T18:27:39.773+0000] {logging_mixin.py:151} INFO - [2025-08-19T18:27:39.773+0000] {dag.py:3722} INFO - Setting next_dagrun for example_subdag_operator to 2022-01-01T00:00:00+00:00, run_after=2022-01-01T00:00:00+00:00
[2025-08-19T18:27:39.779+0000] {logging_mixin.py:151} INFO - [2025-08-19T18:27:39.779+0000] {dag.py:3722} INFO - Setting next_dagrun for example_subdag_operator.section-1 to None, run_after=None
[2025-08-19T18:27:39.783+0000] {logging_mixin.py:151} INFO - [2025-08-19T18:27:39.783+0000] {dag.py:3722} INFO - Setting next_dagrun for example_subdag_operator.section-2 to None, run_after=None
[2025-08-19T18:27:39.806+0000] {logging_mixin.py:151} INFO - [2025-08-19T18:27:39.806+0000] {dag.py:2941} INFO - Sync 2 DAGs
[2025-08-19T18:27:39.818+0000] {logging_mixin.py:151} INFO - [2025-08-19T18:27:39.817+0000] {dag.py:3722} INFO - Setting next_dagrun for example_subdag_operator.section-1 to None, run_after=None
[2025-08-19T18:27:39.818+0000] {logging_mixin.py:151} INFO - [2025-08-19T18:27:39.818+0000] {dag.py:3722} INFO - Setting next_dagrun for example_subdag_operator.section-2 to None, run_after=None
[2025-08-19T18:27:39.890+0000] {processor.py:179} INFO - Processing /home/airflow/.local/lib/python3.8/site-packages/airflow/example_dags/example_subdag_operator.py took 0.445 seconds
[2025-08-19T18:28:10.361+0000] {processor.py:157} INFO - Started process (PID=633) to work on /home/airflow/.local/lib/python3.8/site-packages/airflow/example_dags/example_subdag_operator.py
[2025-08-19T18:28:10.362+0000] {processor.py:829} INFO - Processing file /home/airflow/.local/lib/python3.8/site-packages/airflow/example_dags/example_subdag_operator.py for tasks to queue
[2025-08-19T18:28:10.369+0000] {logging_mixin.py:151} INFO - [2025-08-19T18:28:10.369+0000] {dagbag.py:536} INFO - Filling up the DagBag from /home/airflow/.local/lib/python3.8/site-packages/airflow/example_dags/example_subdag_operator.py
[2025-08-19T18:28:10.397+0000] {processor.py:839} INFO - DAG(s) dict_keys(['example_subdag_operator.section-1', 'example_subdag_operator.section-2', 'example_subdag_operator']) retrieved from /home/airflow/.local/lib/python3.8/site-packages/airflow/example_dags/example_subdag_operator.py
[2025-08-19T18:28:10.413+0000] {logging_mixin.py:151} INFO - [2025-08-19T18:28:10.413+0000] {dag.py:2941} INFO - Sync 3 DAGs
[2025-08-19T18:28:10.439+0000] {logging_mixin.py:151} INFO - [2025-08-19T18:28:10.439+0000] {dag.py:3722} INFO - Setting next_dagrun for example_subdag_operator to 2022-01-01T00:00:00+00:00, run_after=2022-01-01T00:00:00+00:00
[2025-08-19T18:28:10.443+0000] {logging_mixin.py:151} INFO - [2025-08-19T18:28:10.443+0000] {dag.py:3722} INFO - Setting next_dagrun for example_subdag_operator.section-1 to None, run_after=None
[2025-08-19T18:28:10.445+0000] {logging_mixin.py:151} INFO - [2025-08-19T18:28:10.445+0000] {dag.py:3722} INFO - Setting next_dagrun for example_subdag_operator.section-2 to None, run_after=None
[2025-08-19T18:28:10.453+0000] {logging_mixin.py:151} INFO - [2025-08-19T18:28:10.453+0000] {dag.py:2941} INFO - Sync 2 DAGs
[2025-08-19T18:28:10.460+0000] {logging_mixin.py:151} INFO - [2025-08-19T18:28:10.460+0000] {dag.py:3722} INFO - Setting next_dagrun for example_subdag_operator.section-1 to None, run_after=None
[2025-08-19T18:28:10.461+0000] {logging_mixin.py:151} INFO - [2025-08-19T18:28:10.460+0000] {dag.py:3722} INFO - Setting next_dagrun for example_subdag_operator.section-2 to None, run_after=None
[2025-08-19T18:28:10.477+0000] {processor.py:179} INFO - Processing /home/airflow/.local/lib/python3.8/site-packages/airflow/example_dags/example_subdag_operator.py took 0.119 seconds
[2025-08-19T18:28:41.071+0000] {processor.py:157} INFO - Started process (PID=687) to work on /home/airflow/.local/lib/python3.8/site-packages/airflow/example_dags/example_subdag_operator.py
[2025-08-19T18:28:41.072+0000] {processor.py:829} INFO - Processing file /home/airflow/.local/lib/python3.8/site-packages/airflow/example_dags/example_subdag_operator.py for tasks to queue
[2025-08-19T18:28:41.078+0000] {logging_mixin.py:151} INFO - [2025-08-19T18:28:41.077+0000] {dagbag.py:536} INFO - Filling up the DagBag from /home/airflow/.local/lib/python3.8/site-packages/airflow/example_dags/example_subdag_operator.py
[2025-08-19T18:28:41.107+0000] {processor.py:839} INFO - DAG(s) dict_keys(['example_subdag_operator.section-1', 'example_subdag_operator.section-2', 'example_subdag_operator']) retrieved from /home/airflow/.local/lib/python3.8/site-packages/airflow/example_dags/example_subdag_operator.py
[2025-08-19T18:28:41.123+0000] {logging_mixin.py:151} INFO - [2025-08-19T18:28:41.122+0000] {dag.py:2941} INFO - Sync 3 DAGs
[2025-08-19T18:28:41.145+0000] {logging_mixin.py:151} INFO - [2025-08-19T18:28:41.145+0000] {dag.py:3722} INFO - Setting next_dagrun for example_subdag_operator to 2022-01-01T00:00:00+00:00, run_after=2022-01-01T00:00:00+00:00
[2025-08-19T18:28:41.149+0000] {logging_mixin.py:151} INFO - [2025-08-19T18:28:41.149+0000] {dag.py:3722} INFO - Setting next_dagrun for example_subdag_operator.section-1 to None, run_after=None
[2025-08-19T18:28:41.151+0000] {logging_mixin.py:151} INFO - [2025-08-19T18:28:41.150+0000] {dag.py:3722} INFO - Setting next_dagrun for example_subdag_operator.section-2 to None, run_after=None
[2025-08-19T18:28:41.161+0000] {logging_mixin.py:151} INFO - [2025-08-19T18:28:41.161+0000] {dag.py:2941} INFO - Sync 2 DAGs
[2025-08-19T18:28:41.167+0000] {logging_mixin.py:151} INFO - [2025-08-19T18:28:41.167+0000] {dag.py:3722} INFO - Setting next_dagrun for example_subdag_operator.section-1 to None, run_after=None
[2025-08-19T18:28:41.167+0000] {logging_mixin.py:151} INFO - [2025-08-19T18:28:41.167+0000] {dag.py:3722} INFO - Setting next_dagrun for example_subdag_operator.section-2 to None, run_after=None
[2025-08-19T18:28:41.180+0000] {processor.py:179} INFO - Processing /home/airflow/.local/lib/python3.8/site-packages/airflow/example_dags/example_subdag_operator.py took 0.115 seconds
[2025-08-19T18:29:12.002+0000] {processor.py:157} INFO - Started process (PID=741) to work on /home/airflow/.local/lib/python3.8/site-packages/airflow/example_dags/example_subdag_operator.py
[2025-08-19T18:29:12.004+0000] {processor.py:829} INFO - Processing file /home/airflow/.local/lib/python3.8/site-packages/airflow/example_dags/example_subdag_operator.py for tasks to queue
[2025-08-19T18:29:12.009+0000] {logging_mixin.py:151} INFO - [2025-08-19T18:29:12.008+0000] {dagbag.py:536} INFO - Filling up the DagBag from /home/airflow/.local/lib/python3.8/site-packages/airflow/example_dags/example_subdag_operator.py
[2025-08-19T18:29:12.060+0000] {processor.py:839} INFO - DAG(s) dict_keys(['example_subdag_operator.section-1', 'example_subdag_operator.section-2', 'example_subdag_operator']) retrieved from /home/airflow/.local/lib/python3.8/site-packages/airflow/example_dags/example_subdag_operator.py
[2025-08-19T18:29:12.088+0000] {logging_mixin.py:151} INFO - [2025-08-19T18:29:12.088+0000] {dag.py:2941} INFO - Sync 3 DAGs
[2025-08-19T18:29:12.137+0000] {logging_mixin.py:151} INFO - [2025-08-19T18:29:12.136+0000] {dag.py:3722} INFO - Setting next_dagrun for example_subdag_operator to 2022-01-01T00:00:00+00:00, run_after=2022-01-01T00:00:00+00:00
[2025-08-19T18:29:12.148+0000] {logging_mixin.py:151} INFO - [2025-08-19T18:29:12.147+0000] {dag.py:3722} INFO - Setting next_dagrun for example_subdag_operator.section-1 to None, run_after=None
[2025-08-19T18:29:12.153+0000] {logging_mixin.py:151} INFO - [2025-08-19T18:29:12.151+0000] {dag.py:3722} INFO - Setting next_dagrun for example_subdag_operator.section-2 to None, run_after=None
[2025-08-19T18:29:12.503+0000] {logging_mixin.py:151} INFO - [2025-08-19T18:29:12.503+0000] {dag.py:2941} INFO - Sync 2 DAGs
[2025-08-19T18:29:12.510+0000] {logging_mixin.py:151} INFO - [2025-08-19T18:29:12.510+0000] {dag.py:3722} INFO - Setting next_dagrun for example_subdag_operator.section-1 to None, run_after=None
[2025-08-19T18:29:12.510+0000] {logging_mixin.py:151} INFO - [2025-08-19T18:29:12.510+0000] {dag.py:3722} INFO - Setting next_dagrun for example_subdag_operator.section-2 to None, run_after=None
[2025-08-19T18:29:12.533+0000] {processor.py:179} INFO - Processing /home/airflow/.local/lib/python3.8/site-packages/airflow/example_dags/example_subdag_operator.py took 0.537 seconds
[2025-08-19T18:29:42.727+0000] {processor.py:157} INFO - Started process (PID=795) to work on /home/airflow/.local/lib/python3.8/site-packages/airflow/example_dags/example_subdag_operator.py
[2025-08-19T18:29:42.729+0000] {processor.py:829} INFO - Processing file /home/airflow/.local/lib/python3.8/site-packages/airflow/example_dags/example_subdag_operator.py for tasks to queue
[2025-08-19T18:29:42.735+0000] {logging_mixin.py:151} INFO - [2025-08-19T18:29:42.734+0000] {dagbag.py:536} INFO - Filling up the DagBag from /home/airflow/.local/lib/python3.8/site-packages/airflow/example_dags/example_subdag_operator.py
[2025-08-19T18:29:42.772+0000] {processor.py:839} INFO - DAG(s) dict_keys(['example_subdag_operator.section-1', 'example_subdag_operator.section-2', 'example_subdag_operator']) retrieved from /home/airflow/.local/lib/python3.8/site-packages/airflow/example_dags/example_subdag_operator.py
[2025-08-19T18:29:42.798+0000] {logging_mixin.py:151} INFO - [2025-08-19T18:29:42.797+0000] {dag.py:2941} INFO - Sync 3 DAGs
[2025-08-19T18:29:42.825+0000] {logging_mixin.py:151} INFO - [2025-08-19T18:29:42.825+0000] {dag.py:3722} INFO - Setting next_dagrun for example_subdag_operator to 2022-01-01T00:00:00+00:00, run_after=2022-01-01T00:00:00+00:00
[2025-08-19T18:29:42.829+0000] {logging_mixin.py:151} INFO - [2025-08-19T18:29:42.829+0000] {dag.py:3722} INFO - Setting next_dagrun for example_subdag_operator.section-1 to None, run_after=None
[2025-08-19T18:29:42.831+0000] {logging_mixin.py:151} INFO - [2025-08-19T18:29:42.831+0000] {dag.py:3722} INFO - Setting next_dagrun for example_subdag_operator.section-2 to None, run_after=None
[2025-08-19T18:29:42.840+0000] {logging_mixin.py:151} INFO - [2025-08-19T18:29:42.840+0000] {dag.py:2941} INFO - Sync 2 DAGs
[2025-08-19T18:29:42.851+0000] {logging_mixin.py:151} INFO - [2025-08-19T18:29:42.851+0000] {dag.py:3722} INFO - Setting next_dagrun for example_subdag_operator.section-1 to None, run_after=None
[2025-08-19T18:29:42.851+0000] {logging_mixin.py:151} INFO - [2025-08-19T18:29:42.851+0000] {dag.py:3722} INFO - Setting next_dagrun for example_subdag_operator.section-2 to None, run_after=None
[2025-08-19T18:29:42.869+0000] {processor.py:179} INFO - Processing /home/airflow/.local/lib/python3.8/site-packages/airflow/example_dags/example_subdag_operator.py took 0.149 seconds
[2025-08-19T18:30:14.087+0000] {processor.py:157} INFO - Started process (PID=842) to work on /home/airflow/.local/lib/python3.8/site-packages/airflow/example_dags/example_subdag_operator.py
[2025-08-19T18:30:14.088+0000] {processor.py:829} INFO - Processing file /home/airflow/.local/lib/python3.8/site-packages/airflow/example_dags/example_subdag_operator.py for tasks to queue
[2025-08-19T18:30:14.092+0000] {logging_mixin.py:151} INFO - [2025-08-19T18:30:14.091+0000] {dagbag.py:536} INFO - Filling up the DagBag from /home/airflow/.local/lib/python3.8/site-packages/airflow/example_dags/example_subdag_operator.py
[2025-08-19T18:30:14.135+0000] {processor.py:839} INFO - DAG(s) dict_keys(['example_subdag_operator.section-1', 'example_subdag_operator.section-2', 'example_subdag_operator']) retrieved from /home/airflow/.local/lib/python3.8/site-packages/airflow/example_dags/example_subdag_operator.py
[2025-08-19T18:30:14.159+0000] {logging_mixin.py:151} INFO - [2025-08-19T18:30:14.158+0000] {dag.py:2941} INFO - Sync 3 DAGs
[2025-08-19T18:30:14.193+0000] {logging_mixin.py:151} INFO - [2025-08-19T18:30:14.193+0000] {dag.py:3722} INFO - Setting next_dagrun for example_subdag_operator to 2022-01-01T00:00:00+00:00, run_after=2022-01-01T00:00:00+00:00
[2025-08-19T18:30:14.197+0000] {logging_mixin.py:151} INFO - [2025-08-19T18:30:14.197+0000] {dag.py:3722} INFO - Setting next_dagrun for example_subdag_operator.section-1 to None, run_after=None
[2025-08-19T18:30:14.199+0000] {logging_mixin.py:151} INFO - [2025-08-19T18:30:14.199+0000] {dag.py:3722} INFO - Setting next_dagrun for example_subdag_operator.section-2 to None, run_after=None
[2025-08-19T18:30:14.209+0000] {logging_mixin.py:151} INFO - [2025-08-19T18:30:14.209+0000] {dag.py:2941} INFO - Sync 2 DAGs
[2025-08-19T18:30:14.216+0000] {logging_mixin.py:151} INFO - [2025-08-19T18:30:14.216+0000] {dag.py:3722} INFO - Setting next_dagrun for example_subdag_operator.section-1 to None, run_after=None
[2025-08-19T18:30:14.217+0000] {logging_mixin.py:151} INFO - [2025-08-19T18:30:14.217+0000] {dag.py:3722} INFO - Setting next_dagrun for example_subdag_operator.section-2 to None, run_after=None
[2025-08-19T18:30:14.237+0000] {processor.py:179} INFO - Processing /home/airflow/.local/lib/python3.8/site-packages/airflow/example_dags/example_subdag_operator.py took 0.154 seconds
[2025-08-19T18:30:54.981+0000] {processor.py:157} INFO - Started process (PID=86) to work on /home/airflow/.local/lib/python3.8/site-packages/airflow/example_dags/example_subdag_operator.py
[2025-08-19T18:30:54.987+0000] {processor.py:829} INFO - Processing file /home/airflow/.local/lib/python3.8/site-packages/airflow/example_dags/example_subdag_operator.py for tasks to queue
[2025-08-19T18:30:54.995+0000] {logging_mixin.py:151} INFO - [2025-08-19T18:30:54.994+0000] {dagbag.py:536} INFO - Filling up the DagBag from /home/airflow/.local/lib/python3.8/site-packages/airflow/example_dags/example_subdag_operator.py
[2025-08-19T18:30:55.056+0000] {processor.py:839} INFO - DAG(s) dict_keys(['example_subdag_operator.section-1', 'example_subdag_operator.section-2', 'example_subdag_operator']) retrieved from /home/airflow/.local/lib/python3.8/site-packages/airflow/example_dags/example_subdag_operator.py
[2025-08-19T18:30:55.099+0000] {logging_mixin.py:151} INFO - [2025-08-19T18:30:55.099+0000] {dag.py:2941} INFO - Sync 3 DAGs
[2025-08-19T18:30:55.161+0000] {logging_mixin.py:151} INFO - [2025-08-19T18:30:55.160+0000] {dag.py:3722} INFO - Setting next_dagrun for example_subdag_operator to 2022-01-01T00:00:00+00:00, run_after=2022-01-01T00:00:00+00:00
[2025-08-19T18:30:55.171+0000] {logging_mixin.py:151} INFO - [2025-08-19T18:30:55.171+0000] {dag.py:3722} INFO - Setting next_dagrun for example_subdag_operator.section-1 to None, run_after=None
[2025-08-19T18:30:55.175+0000] {logging_mixin.py:151} INFO - [2025-08-19T18:30:55.175+0000] {dag.py:3722} INFO - Setting next_dagrun for example_subdag_operator.section-2 to None, run_after=None
[2025-08-19T18:30:55.198+0000] {logging_mixin.py:151} INFO - [2025-08-19T18:30:55.198+0000] {dag.py:2941} INFO - Sync 2 DAGs
[2025-08-19T18:30:55.211+0000] {logging_mixin.py:151} INFO - [2025-08-19T18:30:55.210+0000] {dag.py:3722} INFO - Setting next_dagrun for example_subdag_operator.section-1 to None, run_after=None
[2025-08-19T18:30:55.212+0000] {logging_mixin.py:151} INFO - [2025-08-19T18:30:55.211+0000] {dag.py:3722} INFO - Setting next_dagrun for example_subdag_operator.section-2 to None, run_after=None
[2025-08-19T18:30:55.248+0000] {processor.py:179} INFO - Processing /home/airflow/.local/lib/python3.8/site-packages/airflow/example_dags/example_subdag_operator.py took 0.283 seconds
[2025-08-19T18:31:25.916+0000] {processor.py:157} INFO - Started process (PID=140) to work on /home/airflow/.local/lib/python3.8/site-packages/airflow/example_dags/example_subdag_operator.py
[2025-08-19T18:31:25.918+0000] {processor.py:829} INFO - Processing file /home/airflow/.local/lib/python3.8/site-packages/airflow/example_dags/example_subdag_operator.py for tasks to queue
[2025-08-19T18:31:25.921+0000] {logging_mixin.py:151} INFO - [2025-08-19T18:31:25.920+0000] {dagbag.py:536} INFO - Filling up the DagBag from /home/airflow/.local/lib/python3.8/site-packages/airflow/example_dags/example_subdag_operator.py
[2025-08-19T18:31:25.964+0000] {processor.py:839} INFO - DAG(s) dict_keys(['example_subdag_operator.section-1', 'example_subdag_operator.section-2', 'example_subdag_operator']) retrieved from /home/airflow/.local/lib/python3.8/site-packages/airflow/example_dags/example_subdag_operator.py
[2025-08-19T18:31:25.994+0000] {logging_mixin.py:151} INFO - [2025-08-19T18:31:25.993+0000] {dag.py:2941} INFO - Sync 3 DAGs
[2025-08-19T18:31:26.032+0000] {logging_mixin.py:151} INFO - [2025-08-19T18:31:26.031+0000] {dag.py:3722} INFO - Setting next_dagrun for example_subdag_operator to 2022-01-01T00:00:00+00:00, run_after=2022-01-01T00:00:00+00:00
[2025-08-19T18:31:26.038+0000] {logging_mixin.py:151} INFO - [2025-08-19T18:31:26.038+0000] {dag.py:3722} INFO - Setting next_dagrun for example_subdag_operator.section-1 to None, run_after=None
[2025-08-19T18:31:26.041+0000] {logging_mixin.py:151} INFO - [2025-08-19T18:31:26.040+0000] {dag.py:3722} INFO - Setting next_dagrun for example_subdag_operator.section-2 to None, run_after=None
[2025-08-19T18:31:26.052+0000] {logging_mixin.py:151} INFO - [2025-08-19T18:31:26.051+0000] {dag.py:2941} INFO - Sync 2 DAGs
[2025-08-19T18:31:26.060+0000] {logging_mixin.py:151} INFO - [2025-08-19T18:31:26.059+0000] {dag.py:3722} INFO - Setting next_dagrun for example_subdag_operator.section-1 to None, run_after=None
[2025-08-19T18:31:26.060+0000] {logging_mixin.py:151} INFO - [2025-08-19T18:31:26.060+0000] {dag.py:3722} INFO - Setting next_dagrun for example_subdag_operator.section-2 to None, run_after=None
[2025-08-19T18:31:26.083+0000] {processor.py:179} INFO - Processing /home/airflow/.local/lib/python3.8/site-packages/airflow/example_dags/example_subdag_operator.py took 0.174 seconds
[2025-08-19T18:31:57.030+0000] {processor.py:157} INFO - Started process (PID=195) to work on /home/airflow/.local/lib/python3.8/site-packages/airflow/example_dags/example_subdag_operator.py
[2025-08-19T18:31:57.034+0000] {processor.py:829} INFO - Processing file /home/airflow/.local/lib/python3.8/site-packages/airflow/example_dags/example_subdag_operator.py for tasks to queue
[2025-08-19T18:31:57.037+0000] {logging_mixin.py:151} INFO - [2025-08-19T18:31:57.037+0000] {dagbag.py:536} INFO - Filling up the DagBag from /home/airflow/.local/lib/python3.8/site-packages/airflow/example_dags/example_subdag_operator.py
[2025-08-19T18:31:57.080+0000] {processor.py:839} INFO - DAG(s) dict_keys(['example_subdag_operator.section-1', 'example_subdag_operator.section-2', 'example_subdag_operator']) retrieved from /home/airflow/.local/lib/python3.8/site-packages/airflow/example_dags/example_subdag_operator.py
[2025-08-19T18:31:57.102+0000] {logging_mixin.py:151} INFO - [2025-08-19T18:31:57.102+0000] {dag.py:2941} INFO - Sync 3 DAGs
[2025-08-19T18:31:57.136+0000] {logging_mixin.py:151} INFO - [2025-08-19T18:31:57.136+0000] {dag.py:3722} INFO - Setting next_dagrun for example_subdag_operator to 2022-01-01T00:00:00+00:00, run_after=2022-01-01T00:00:00+00:00
[2025-08-19T18:31:57.142+0000] {logging_mixin.py:151} INFO - [2025-08-19T18:31:57.142+0000] {dag.py:3722} INFO - Setting next_dagrun for example_subdag_operator.section-1 to None, run_after=None
[2025-08-19T18:31:57.144+0000] {logging_mixin.py:151} INFO - [2025-08-19T18:31:57.144+0000] {dag.py:3722} INFO - Setting next_dagrun for example_subdag_operator.section-2 to None, run_after=None
[2025-08-19T18:31:57.162+0000] {logging_mixin.py:151} INFO - [2025-08-19T18:31:57.162+0000] {dag.py:2941} INFO - Sync 2 DAGs
[2025-08-19T18:31:57.175+0000] {logging_mixin.py:151} INFO - [2025-08-19T18:31:57.174+0000] {dag.py:3722} INFO - Setting next_dagrun for example_subdag_operator.section-1 to None, run_after=None
[2025-08-19T18:31:57.175+0000] {logging_mixin.py:151} INFO - [2025-08-19T18:31:57.175+0000] {dag.py:3722} INFO - Setting next_dagrun for example_subdag_operator.section-2 to None, run_after=None
[2025-08-19T18:31:57.208+0000] {processor.py:179} INFO - Processing /home/airflow/.local/lib/python3.8/site-packages/airflow/example_dags/example_subdag_operator.py took 0.183 seconds
[2025-08-19T18:32:28.049+0000] {processor.py:157} INFO - Started process (PID=249) to work on /home/airflow/.local/lib/python3.8/site-packages/airflow/example_dags/example_subdag_operator.py
[2025-08-19T18:32:28.052+0000] {processor.py:829} INFO - Processing file /home/airflow/.local/lib/python3.8/site-packages/airflow/example_dags/example_subdag_operator.py for tasks to queue
[2025-08-19T18:32:28.062+0000] {logging_mixin.py:151} INFO - [2025-08-19T18:32:28.062+0000] {dagbag.py:536} INFO - Filling up the DagBag from /home/airflow/.local/lib/python3.8/site-packages/airflow/example_dags/example_subdag_operator.py
[2025-08-19T18:32:28.155+0000] {processor.py:839} INFO - DAG(s) dict_keys(['example_subdag_operator.section-1', 'example_subdag_operator.section-2', 'example_subdag_operator']) retrieved from /home/airflow/.local/lib/python3.8/site-packages/airflow/example_dags/example_subdag_operator.py
[2025-08-19T18:32:28.190+0000] {logging_mixin.py:151} INFO - [2025-08-19T18:32:28.189+0000] {dag.py:2941} INFO - Sync 3 DAGs
[2025-08-19T18:32:28.238+0000] {logging_mixin.py:151} INFO - [2025-08-19T18:32:28.237+0000] {dag.py:3722} INFO - Setting next_dagrun for example_subdag_operator to 2022-01-01T00:00:00+00:00, run_after=2022-01-01T00:00:00+00:00
[2025-08-19T18:32:28.249+0000] {logging_mixin.py:151} INFO - [2025-08-19T18:32:28.248+0000] {dag.py:3722} INFO - Setting next_dagrun for example_subdag_operator.section-1 to None, run_after=None
[2025-08-19T18:32:28.252+0000] {logging_mixin.py:151} INFO - [2025-08-19T18:32:28.251+0000] {dag.py:3722} INFO - Setting next_dagrun for example_subdag_operator.section-2 to None, run_after=None
[2025-08-19T18:32:28.264+0000] {logging_mixin.py:151} INFO - [2025-08-19T18:32:28.264+0000] {dag.py:2941} INFO - Sync 2 DAGs
[2025-08-19T18:32:28.274+0000] {logging_mixin.py:151} INFO - [2025-08-19T18:32:28.274+0000] {dag.py:3722} INFO - Setting next_dagrun for example_subdag_operator.section-1 to None, run_after=None
[2025-08-19T18:32:28.275+0000] {logging_mixin.py:151} INFO - [2025-08-19T18:32:28.275+0000] {dag.py:3722} INFO - Setting next_dagrun for example_subdag_operator.section-2 to None, run_after=None
[2025-08-19T18:32:28.295+0000] {processor.py:179} INFO - Processing /home/airflow/.local/lib/python3.8/site-packages/airflow/example_dags/example_subdag_operator.py took 0.254 seconds
[2025-08-19T18:32:58.397+0000] {processor.py:157} INFO - Started process (PID=302) to work on /home/airflow/.local/lib/python3.8/site-packages/airflow/example_dags/example_subdag_operator.py
[2025-08-19T18:32:58.400+0000] {processor.py:829} INFO - Processing file /home/airflow/.local/lib/python3.8/site-packages/airflow/example_dags/example_subdag_operator.py for tasks to queue
[2025-08-19T18:32:58.403+0000] {logging_mixin.py:151} INFO - [2025-08-19T18:32:58.403+0000] {dagbag.py:536} INFO - Filling up the DagBag from /home/airflow/.local/lib/python3.8/site-packages/airflow/example_dags/example_subdag_operator.py
[2025-08-19T18:32:58.442+0000] {processor.py:839} INFO - DAG(s) dict_keys(['example_subdag_operator.section-1', 'example_subdag_operator.section-2', 'example_subdag_operator']) retrieved from /home/airflow/.local/lib/python3.8/site-packages/airflow/example_dags/example_subdag_operator.py
[2025-08-19T18:32:58.465+0000] {logging_mixin.py:151} INFO - [2025-08-19T18:32:58.464+0000] {dag.py:2941} INFO - Sync 3 DAGs
[2025-08-19T18:32:58.502+0000] {logging_mixin.py:151} INFO - [2025-08-19T18:32:58.501+0000] {dag.py:3722} INFO - Setting next_dagrun for example_subdag_operator to 2022-01-01T00:00:00+00:00, run_after=2022-01-01T00:00:00+00:00
[2025-08-19T18:32:58.507+0000] {logging_mixin.py:151} INFO - [2025-08-19T18:32:58.507+0000] {dag.py:3722} INFO - Setting next_dagrun for example_subdag_operator.section-1 to None, run_after=None
[2025-08-19T18:32:58.510+0000] {logging_mixin.py:151} INFO - [2025-08-19T18:32:58.510+0000] {dag.py:3722} INFO - Setting next_dagrun for example_subdag_operator.section-2 to None, run_after=None
[2025-08-19T18:32:58.521+0000] {logging_mixin.py:151} INFO - [2025-08-19T18:32:58.521+0000] {dag.py:2941} INFO - Sync 2 DAGs
[2025-08-19T18:32:58.530+0000] {logging_mixin.py:151} INFO - [2025-08-19T18:32:58.530+0000] {dag.py:3722} INFO - Setting next_dagrun for example_subdag_operator.section-1 to None, run_after=None
[2025-08-19T18:32:58.531+0000] {logging_mixin.py:151} INFO - [2025-08-19T18:32:58.531+0000] {dag.py:3722} INFO - Setting next_dagrun for example_subdag_operator.section-2 to None, run_after=None
[2025-08-19T18:32:58.557+0000] {processor.py:179} INFO - Processing /home/airflow/.local/lib/python3.8/site-packages/airflow/example_dags/example_subdag_operator.py took 0.165 seconds
[2025-08-19T18:33:28.669+0000] {processor.py:157} INFO - Started process (PID=356) to work on /home/airflow/.local/lib/python3.8/site-packages/airflow/example_dags/example_subdag_operator.py
[2025-08-19T18:33:28.671+0000] {processor.py:829} INFO - Processing file /home/airflow/.local/lib/python3.8/site-packages/airflow/example_dags/example_subdag_operator.py for tasks to queue
[2025-08-19T18:33:28.677+0000] {logging_mixin.py:151} INFO - [2025-08-19T18:33:28.673+0000] {dagbag.py:536} INFO - Filling up the DagBag from /home/airflow/.local/lib/python3.8/site-packages/airflow/example_dags/example_subdag_operator.py
[2025-08-19T18:33:28.719+0000] {processor.py:839} INFO - DAG(s) dict_keys(['example_subdag_operator.section-1', 'example_subdag_operator.section-2', 'example_subdag_operator']) retrieved from /home/airflow/.local/lib/python3.8/site-packages/airflow/example_dags/example_subdag_operator.py
[2025-08-19T18:33:28.742+0000] {logging_mixin.py:151} INFO - [2025-08-19T18:33:28.742+0000] {dag.py:2941} INFO - Sync 3 DAGs
[2025-08-19T18:33:28.773+0000] {logging_mixin.py:151} INFO - [2025-08-19T18:33:28.773+0000] {dag.py:3722} INFO - Setting next_dagrun for example_subdag_operator to 2022-01-01T00:00:00+00:00, run_after=2022-01-01T00:00:00+00:00
[2025-08-19T18:33:28.779+0000] {logging_mixin.py:151} INFO - [2025-08-19T18:33:28.779+0000] {dag.py:3722} INFO - Setting next_dagrun for example_subdag_operator.section-1 to None, run_after=None
[2025-08-19T18:33:28.782+0000] {logging_mixin.py:151} INFO - [2025-08-19T18:33:28.781+0000] {dag.py:3722} INFO - Setting next_dagrun for example_subdag_operator.section-2 to None, run_after=None
[2025-08-19T18:33:28.795+0000] {logging_mixin.py:151} INFO - [2025-08-19T18:33:28.794+0000] {dag.py:2941} INFO - Sync 2 DAGs
[2025-08-19T18:33:28.803+0000] {logging_mixin.py:151} INFO - [2025-08-19T18:33:28.802+0000] {dag.py:3722} INFO - Setting next_dagrun for example_subdag_operator.section-1 to None, run_after=None
[2025-08-19T18:33:28.803+0000] {logging_mixin.py:151} INFO - [2025-08-19T18:33:28.803+0000] {dag.py:3722} INFO - Setting next_dagrun for example_subdag_operator.section-2 to None, run_after=None
[2025-08-19T18:33:28.823+0000] {processor.py:179} INFO - Processing /home/airflow/.local/lib/python3.8/site-packages/airflow/example_dags/example_subdag_operator.py took 0.159 seconds
[2025-08-19T18:33:59.442+0000] {processor.py:157} INFO - Started process (PID=410) to work on /home/airflow/.local/lib/python3.8/site-packages/airflow/example_dags/example_subdag_operator.py
[2025-08-19T18:33:59.445+0000] {processor.py:829} INFO - Processing file /home/airflow/.local/lib/python3.8/site-packages/airflow/example_dags/example_subdag_operator.py for tasks to queue
[2025-08-19T18:33:59.450+0000] {logging_mixin.py:151} INFO - [2025-08-19T18:33:59.449+0000] {dagbag.py:536} INFO - Filling up the DagBag from /home/airflow/.local/lib/python3.8/site-packages/airflow/example_dags/example_subdag_operator.py
[2025-08-19T18:33:59.521+0000] {processor.py:839} INFO - DAG(s) dict_keys(['example_subdag_operator.section-1', 'example_subdag_operator.section-2', 'example_subdag_operator']) retrieved from /home/airflow/.local/lib/python3.8/site-packages/airflow/example_dags/example_subdag_operator.py
[2025-08-19T18:33:59.576+0000] {logging_mixin.py:151} INFO - [2025-08-19T18:33:59.576+0000] {dag.py:2941} INFO - Sync 3 DAGs
[2025-08-19T18:33:59.644+0000] {logging_mixin.py:151} INFO - [2025-08-19T18:33:59.643+0000] {dag.py:3722} INFO - Setting next_dagrun for example_subdag_operator to 2022-01-01T00:00:00+00:00, run_after=2022-01-01T00:00:00+00:00
[2025-08-19T18:33:59.652+0000] {logging_mixin.py:151} INFO - [2025-08-19T18:33:59.651+0000] {dag.py:3722} INFO - Setting next_dagrun for example_subdag_operator.section-1 to None, run_after=None
[2025-08-19T18:33:59.656+0000] {logging_mixin.py:151} INFO - [2025-08-19T18:33:59.655+0000] {dag.py:3722} INFO - Setting next_dagrun for example_subdag_operator.section-2 to None, run_after=None
[2025-08-19T18:33:59.675+0000] {logging_mixin.py:151} INFO - [2025-08-19T18:33:59.675+0000] {dag.py:2941} INFO - Sync 2 DAGs
[2025-08-19T18:33:59.695+0000] {logging_mixin.py:151} INFO - [2025-08-19T18:33:59.695+0000] {dag.py:3722} INFO - Setting next_dagrun for example_subdag_operator.section-1 to None, run_after=None
[2025-08-19T18:33:59.696+0000] {logging_mixin.py:151} INFO - [2025-08-19T18:33:59.696+0000] {dag.py:3722} INFO - Setting next_dagrun for example_subdag_operator.section-2 to None, run_after=None
[2025-08-19T18:33:59.720+0000] {processor.py:179} INFO - Processing /home/airflow/.local/lib/python3.8/site-packages/airflow/example_dags/example_subdag_operator.py took 0.293 seconds
[2025-08-19T18:34:30.206+0000] {processor.py:157} INFO - Started process (PID=464) to work on /home/airflow/.local/lib/python3.8/site-packages/airflow/example_dags/example_subdag_operator.py
[2025-08-19T18:34:30.211+0000] {processor.py:829} INFO - Processing file /home/airflow/.local/lib/python3.8/site-packages/airflow/example_dags/example_subdag_operator.py for tasks to queue
[2025-08-19T18:34:30.219+0000] {logging_mixin.py:151} INFO - [2025-08-19T18:34:30.218+0000] {dagbag.py:536} INFO - Filling up the DagBag from /home/airflow/.local/lib/python3.8/site-packages/airflow/example_dags/example_subdag_operator.py
[2025-08-19T18:34:30.314+0000] {processor.py:839} INFO - DAG(s) dict_keys(['example_subdag_operator.section-1', 'example_subdag_operator.section-2', 'example_subdag_operator']) retrieved from /home/airflow/.local/lib/python3.8/site-packages/airflow/example_dags/example_subdag_operator.py
[2025-08-19T18:34:30.357+0000] {logging_mixin.py:151} INFO - [2025-08-19T18:34:30.357+0000] {dag.py:2941} INFO - Sync 3 DAGs
[2025-08-19T18:34:30.403+0000] {logging_mixin.py:151} INFO - [2025-08-19T18:34:30.402+0000] {dag.py:3722} INFO - Setting next_dagrun for example_subdag_operator to 2022-01-01T00:00:00+00:00, run_after=2022-01-01T00:00:00+00:00
[2025-08-19T18:34:30.408+0000] {logging_mixin.py:151} INFO - [2025-08-19T18:34:30.408+0000] {dag.py:3722} INFO - Setting next_dagrun for example_subdag_operator.section-1 to None, run_after=None
[2025-08-19T18:34:30.410+0000] {logging_mixin.py:151} INFO - [2025-08-19T18:34:30.410+0000] {dag.py:3722} INFO - Setting next_dagrun for example_subdag_operator.section-2 to None, run_after=None
[2025-08-19T18:34:30.422+0000] {logging_mixin.py:151} INFO - [2025-08-19T18:34:30.421+0000] {dag.py:2941} INFO - Sync 2 DAGs
[2025-08-19T18:34:30.429+0000] {logging_mixin.py:151} INFO - [2025-08-19T18:34:30.429+0000] {dag.py:3722} INFO - Setting next_dagrun for example_subdag_operator.section-1 to None, run_after=None
[2025-08-19T18:34:30.431+0000] {logging_mixin.py:151} INFO - [2025-08-19T18:34:30.430+0000] {dag.py:3722} INFO - Setting next_dagrun for example_subdag_operator.section-2 to None, run_after=None
[2025-08-19T18:34:30.455+0000] {processor.py:179} INFO - Processing /home/airflow/.local/lib/python3.8/site-packages/airflow/example_dags/example_subdag_operator.py took 0.270 seconds
[2025-08-19T18:35:00.501+0000] {processor.py:157} INFO - Started process (PID=518) to work on /home/airflow/.local/lib/python3.8/site-packages/airflow/example_dags/example_subdag_operator.py
[2025-08-19T18:35:00.502+0000] {processor.py:829} INFO - Processing file /home/airflow/.local/lib/python3.8/site-packages/airflow/example_dags/example_subdag_operator.py for tasks to queue
[2025-08-19T18:35:00.505+0000] {logging_mixin.py:151} INFO - [2025-08-19T18:35:00.504+0000] {dagbag.py:536} INFO - Filling up the DagBag from /home/airflow/.local/lib/python3.8/site-packages/airflow/example_dags/example_subdag_operator.py
[2025-08-19T18:35:00.545+0000] {processor.py:839} INFO - DAG(s) dict_keys(['example_subdag_operator.section-1', 'example_subdag_operator.section-2', 'example_subdag_operator']) retrieved from /home/airflow/.local/lib/python3.8/site-packages/airflow/example_dags/example_subdag_operator.py
[2025-08-19T18:35:00.564+0000] {logging_mixin.py:151} INFO - [2025-08-19T18:35:00.564+0000] {dag.py:2941} INFO - Sync 3 DAGs
[2025-08-19T18:35:00.592+0000] {logging_mixin.py:151} INFO - [2025-08-19T18:35:00.591+0000] {dag.py:3722} INFO - Setting next_dagrun for example_subdag_operator to 2022-01-01T00:00:00+00:00, run_after=2022-01-01T00:00:00+00:00
[2025-08-19T18:35:00.596+0000] {logging_mixin.py:151} INFO - [2025-08-19T18:35:00.596+0000] {dag.py:3722} INFO - Setting next_dagrun for example_subdag_operator.section-1 to None, run_after=None
[2025-08-19T18:35:00.597+0000] {logging_mixin.py:151} INFO - [2025-08-19T18:35:00.597+0000] {dag.py:3722} INFO - Setting next_dagrun for example_subdag_operator.section-2 to None, run_after=None
[2025-08-19T18:35:00.606+0000] {logging_mixin.py:151} INFO - [2025-08-19T18:35:00.606+0000] {dag.py:2941} INFO - Sync 2 DAGs
[2025-08-19T18:35:00.614+0000] {logging_mixin.py:151} INFO - [2025-08-19T18:35:00.613+0000] {dag.py:3722} INFO - Setting next_dagrun for example_subdag_operator.section-1 to None, run_after=None
[2025-08-19T18:35:00.614+0000] {logging_mixin.py:151} INFO - [2025-08-19T18:35:00.614+0000] {dag.py:3722} INFO - Setting next_dagrun for example_subdag_operator.section-2 to None, run_after=None
[2025-08-19T18:35:00.632+0000] {processor.py:179} INFO - Processing /home/airflow/.local/lib/python3.8/site-packages/airflow/example_dags/example_subdag_operator.py took 0.136 seconds
[2025-08-19T18:35:32.517+0000] {processor.py:157} INFO - Started process (PID=573) to work on /home/airflow/.local/lib/python3.8/site-packages/airflow/example_dags/example_subdag_operator.py
[2025-08-19T18:35:32.519+0000] {processor.py:829} INFO - Processing file /home/airflow/.local/lib/python3.8/site-packages/airflow/example_dags/example_subdag_operator.py for tasks to queue
[2025-08-19T18:35:32.523+0000] {logging_mixin.py:151} INFO - [2025-08-19T18:35:32.522+0000] {dagbag.py:536} INFO - Filling up the DagBag from /home/airflow/.local/lib/python3.8/site-packages/airflow/example_dags/example_subdag_operator.py
[2025-08-19T18:35:32.573+0000] {processor.py:839} INFO - DAG(s) dict_keys(['example_subdag_operator.section-1', 'example_subdag_operator.section-2', 'example_subdag_operator']) retrieved from /home/airflow/.local/lib/python3.8/site-packages/airflow/example_dags/example_subdag_operator.py
[2025-08-19T18:35:32.596+0000] {logging_mixin.py:151} INFO - [2025-08-19T18:35:32.596+0000] {dag.py:2941} INFO - Sync 3 DAGs
[2025-08-19T18:35:32.637+0000] {logging_mixin.py:151} INFO - [2025-08-19T18:35:32.636+0000] {dag.py:3722} INFO - Setting next_dagrun for example_subdag_operator to 2022-01-01T00:00:00+00:00, run_after=2022-01-01T00:00:00+00:00
[2025-08-19T18:35:32.643+0000] {logging_mixin.py:151} INFO - [2025-08-19T18:35:32.642+0000] {dag.py:3722} INFO - Setting next_dagrun for example_subdag_operator.section-1 to None, run_after=None
[2025-08-19T18:35:32.645+0000] {logging_mixin.py:151} INFO - [2025-08-19T18:35:32.645+0000] {dag.py:3722} INFO - Setting next_dagrun for example_subdag_operator.section-2 to None, run_after=None
[2025-08-19T18:35:32.660+0000] {logging_mixin.py:151} INFO - [2025-08-19T18:35:32.660+0000] {dag.py:2941} INFO - Sync 2 DAGs
[2025-08-19T18:35:32.670+0000] {logging_mixin.py:151} INFO - [2025-08-19T18:35:32.670+0000] {dag.py:3722} INFO - Setting next_dagrun for example_subdag_operator.section-1 to None, run_after=None
[2025-08-19T18:35:32.671+0000] {logging_mixin.py:151} INFO - [2025-08-19T18:35:32.671+0000] {dag.py:3722} INFO - Setting next_dagrun for example_subdag_operator.section-2 to None, run_after=None
[2025-08-19T18:35:32.698+0000] {processor.py:179} INFO - Processing /home/airflow/.local/lib/python3.8/site-packages/airflow/example_dags/example_subdag_operator.py took 0.186 seconds
[2025-08-19T18:36:02.777+0000] {processor.py:157} INFO - Started process (PID=626) to work on /home/airflow/.local/lib/python3.8/site-packages/airflow/example_dags/example_subdag_operator.py
[2025-08-19T18:36:02.779+0000] {processor.py:829} INFO - Processing file /home/airflow/.local/lib/python3.8/site-packages/airflow/example_dags/example_subdag_operator.py for tasks to queue
[2025-08-19T18:36:02.782+0000] {logging_mixin.py:151} INFO - [2025-08-19T18:36:02.781+0000] {dagbag.py:536} INFO - Filling up the DagBag from /home/airflow/.local/lib/python3.8/site-packages/airflow/example_dags/example_subdag_operator.py
[2025-08-19T18:36:02.817+0000] {processor.py:839} INFO - DAG(s) dict_keys(['example_subdag_operator.section-1', 'example_subdag_operator.section-2', 'example_subdag_operator']) retrieved from /home/airflow/.local/lib/python3.8/site-packages/airflow/example_dags/example_subdag_operator.py
[2025-08-19T18:36:02.838+0000] {logging_mixin.py:151} INFO - [2025-08-19T18:36:02.838+0000] {dag.py:2941} INFO - Sync 3 DAGs
[2025-08-19T18:36:02.870+0000] {logging_mixin.py:151} INFO - [2025-08-19T18:36:02.870+0000] {dag.py:3722} INFO - Setting next_dagrun for example_subdag_operator to 2022-01-01T00:00:00+00:00, run_after=2022-01-01T00:00:00+00:00
[2025-08-19T18:36:02.876+0000] {logging_mixin.py:151} INFO - [2025-08-19T18:36:02.875+0000] {dag.py:3722} INFO - Setting next_dagrun for example_subdag_operator.section-1 to None, run_after=None
[2025-08-19T18:36:02.877+0000] {logging_mixin.py:151} INFO - [2025-08-19T18:36:02.877+0000] {dag.py:3722} INFO - Setting next_dagrun for example_subdag_operator.section-2 to None, run_after=None
[2025-08-19T18:36:02.889+0000] {logging_mixin.py:151} INFO - [2025-08-19T18:36:02.889+0000] {dag.py:2941} INFO - Sync 2 DAGs
[2025-08-19T18:36:02.895+0000] {logging_mixin.py:151} INFO - [2025-08-19T18:36:02.895+0000] {dag.py:3722} INFO - Setting next_dagrun for example_subdag_operator.section-1 to None, run_after=None
[2025-08-19T18:36:02.895+0000] {logging_mixin.py:151} INFO - [2025-08-19T18:36:02.895+0000] {dag.py:3722} INFO - Setting next_dagrun for example_subdag_operator.section-2 to None, run_after=None
[2025-08-19T18:36:02.914+0000] {processor.py:179} INFO - Processing /home/airflow/.local/lib/python3.8/site-packages/airflow/example_dags/example_subdag_operator.py took 0.142 seconds
[2025-08-19T18:36:34.966+0000] {processor.py:157} INFO - Started process (PID=681) to work on /home/airflow/.local/lib/python3.8/site-packages/airflow/example_dags/example_subdag_operator.py
[2025-08-19T18:36:34.968+0000] {processor.py:829} INFO - Processing file /home/airflow/.local/lib/python3.8/site-packages/airflow/example_dags/example_subdag_operator.py for tasks to queue
[2025-08-19T18:36:34.971+0000] {logging_mixin.py:151} INFO - [2025-08-19T18:36:34.970+0000] {dagbag.py:536} INFO - Filling up the DagBag from /home/airflow/.local/lib/python3.8/site-packages/airflow/example_dags/example_subdag_operator.py
[2025-08-19T18:36:35.013+0000] {processor.py:839} INFO - DAG(s) dict_keys(['example_subdag_operator.section-1', 'example_subdag_operator.section-2', 'example_subdag_operator']) retrieved from /home/airflow/.local/lib/python3.8/site-packages/airflow/example_dags/example_subdag_operator.py
[2025-08-19T18:36:35.034+0000] {logging_mixin.py:151} INFO - [2025-08-19T18:36:35.034+0000] {dag.py:2941} INFO - Sync 3 DAGs
[2025-08-19T18:36:35.070+0000] {logging_mixin.py:151} INFO - [2025-08-19T18:36:35.069+0000] {dag.py:3722} INFO - Setting next_dagrun for example_subdag_operator to 2022-01-01T00:00:00+00:00, run_after=2022-01-01T00:00:00+00:00
[2025-08-19T18:36:35.075+0000] {logging_mixin.py:151} INFO - [2025-08-19T18:36:35.075+0000] {dag.py:3722} INFO - Setting next_dagrun for example_subdag_operator.section-1 to None, run_after=None
[2025-08-19T18:36:35.077+0000] {logging_mixin.py:151} INFO - [2025-08-19T18:36:35.077+0000] {dag.py:3722} INFO - Setting next_dagrun for example_subdag_operator.section-2 to None, run_after=None
[2025-08-19T18:36:35.088+0000] {logging_mixin.py:151} INFO - [2025-08-19T18:36:35.088+0000] {dag.py:2941} INFO - Sync 2 DAGs
[2025-08-19T18:36:35.097+0000] {logging_mixin.py:151} INFO - [2025-08-19T18:36:35.096+0000] {dag.py:3722} INFO - Setting next_dagrun for example_subdag_operator.section-1 to None, run_after=None
[2025-08-19T18:36:35.097+0000] {logging_mixin.py:151} INFO - [2025-08-19T18:36:35.097+0000] {dag.py:3722} INFO - Setting next_dagrun for example_subdag_operator.section-2 to None, run_after=None
[2025-08-19T18:36:35.113+0000] {processor.py:179} INFO - Processing /home/airflow/.local/lib/python3.8/site-packages/airflow/example_dags/example_subdag_operator.py took 0.151 seconds
[2025-08-19T18:37:07.197+0000] {processor.py:157} INFO - Started process (PID=735) to work on /home/airflow/.local/lib/python3.8/site-packages/airflow/example_dags/example_subdag_operator.py
[2025-08-19T18:37:07.200+0000] {processor.py:829} INFO - Processing file /home/airflow/.local/lib/python3.8/site-packages/airflow/example_dags/example_subdag_operator.py for tasks to queue
[2025-08-19T18:37:07.211+0000] {logging_mixin.py:151} INFO - [2025-08-19T18:37:07.210+0000] {dagbag.py:536} INFO - Filling up the DagBag from /home/airflow/.local/lib/python3.8/site-packages/airflow/example_dags/example_subdag_operator.py
[2025-08-19T18:37:07.276+0000] {processor.py:839} INFO - DAG(s) dict_keys(['example_subdag_operator.section-1', 'example_subdag_operator.section-2', 'example_subdag_operator']) retrieved from /home/airflow/.local/lib/python3.8/site-packages/airflow/example_dags/example_subdag_operator.py
[2025-08-19T18:37:07.306+0000] {logging_mixin.py:151} INFO - [2025-08-19T18:37:07.305+0000] {dag.py:2941} INFO - Sync 3 DAGs
[2025-08-19T18:37:07.353+0000] {logging_mixin.py:151} INFO - [2025-08-19T18:37:07.352+0000] {dag.py:3722} INFO - Setting next_dagrun for example_subdag_operator to 2022-01-01T00:00:00+00:00, run_after=2022-01-01T00:00:00+00:00
[2025-08-19T18:37:07.359+0000] {logging_mixin.py:151} INFO - [2025-08-19T18:37:07.359+0000] {dag.py:3722} INFO - Setting next_dagrun for example_subdag_operator.section-1 to None, run_after=None
[2025-08-19T18:37:07.365+0000] {logging_mixin.py:151} INFO - [2025-08-19T18:37:07.365+0000] {dag.py:3722} INFO - Setting next_dagrun for example_subdag_operator.section-2 to None, run_after=None
[2025-08-19T18:37:07.381+0000] {logging_mixin.py:151} INFO - [2025-08-19T18:37:07.380+0000] {dag.py:2941} INFO - Sync 2 DAGs
[2025-08-19T18:37:07.392+0000] {logging_mixin.py:151} INFO - [2025-08-19T18:37:07.392+0000] {dag.py:3722} INFO - Setting next_dagrun for example_subdag_operator.section-1 to None, run_after=None
[2025-08-19T18:37:07.392+0000] {logging_mixin.py:151} INFO - [2025-08-19T18:37:07.392+0000] {dag.py:3722} INFO - Setting next_dagrun for example_subdag_operator.section-2 to None, run_after=None
[2025-08-19T18:37:07.424+0000] {processor.py:179} INFO - Processing /home/airflow/.local/lib/python3.8/site-packages/airflow/example_dags/example_subdag_operator.py took 0.234 seconds
[2025-08-19T18:37:40.640+0000] {processor.py:157} INFO - Started process (PID=790) to work on /home/airflow/.local/lib/python3.8/site-packages/airflow/example_dags/example_subdag_operator.py
[2025-08-19T18:37:40.644+0000] {processor.py:829} INFO - Processing file /home/airflow/.local/lib/python3.8/site-packages/airflow/example_dags/example_subdag_operator.py for tasks to queue
[2025-08-19T18:37:40.651+0000] {logging_mixin.py:151} INFO - [2025-08-19T18:37:40.650+0000] {dagbag.py:536} INFO - Filling up the DagBag from /home/airflow/.local/lib/python3.8/site-packages/airflow/example_dags/example_subdag_operator.py
[2025-08-19T18:37:40.808+0000] {processor.py:839} INFO - DAG(s) dict_keys(['example_subdag_operator.section-1', 'example_subdag_operator.section-2', 'example_subdag_operator']) retrieved from /home/airflow/.local/lib/python3.8/site-packages/airflow/example_dags/example_subdag_operator.py
[2025-08-19T18:37:41.018+0000] {logging_mixin.py:151} INFO - [2025-08-19T18:37:41.017+0000] {dag.py:2941} INFO - Sync 3 DAGs
[2025-08-19T18:37:41.081+0000] {logging_mixin.py:151} INFO - [2025-08-19T18:37:41.080+0000] {dag.py:3722} INFO - Setting next_dagrun for example_subdag_operator to 2022-01-01T00:00:00+00:00, run_after=2022-01-01T00:00:00+00:00
[2025-08-19T18:37:41.090+0000] {logging_mixin.py:151} INFO - [2025-08-19T18:37:41.090+0000] {dag.py:3722} INFO - Setting next_dagrun for example_subdag_operator.section-1 to None, run_after=None
[2025-08-19T18:37:41.093+0000] {logging_mixin.py:151} INFO - [2025-08-19T18:37:41.093+0000] {dag.py:3722} INFO - Setting next_dagrun for example_subdag_operator.section-2 to None, run_after=None
[2025-08-19T18:37:41.110+0000] {logging_mixin.py:151} INFO - [2025-08-19T18:37:41.109+0000] {dag.py:2941} INFO - Sync 2 DAGs
[2025-08-19T18:37:41.122+0000] {logging_mixin.py:151} INFO - [2025-08-19T18:37:41.121+0000] {dag.py:3722} INFO - Setting next_dagrun for example_subdag_operator.section-1 to None, run_after=None
[2025-08-19T18:37:41.122+0000] {logging_mixin.py:151} INFO - [2025-08-19T18:37:41.122+0000] {dag.py:3722} INFO - Setting next_dagrun for example_subdag_operator.section-2 to None, run_after=None
[2025-08-19T18:37:41.157+0000] {processor.py:179} INFO - Processing /home/airflow/.local/lib/python3.8/site-packages/airflow/example_dags/example_subdag_operator.py took 0.528 seconds
[2025-08-19T18:38:11.864+0000] {processor.py:157} INFO - Started process (PID=844) to work on /home/airflow/.local/lib/python3.8/site-packages/airflow/example_dags/example_subdag_operator.py
[2025-08-19T18:38:11.866+0000] {processor.py:829} INFO - Processing file /home/airflow/.local/lib/python3.8/site-packages/airflow/example_dags/example_subdag_operator.py for tasks to queue
[2025-08-19T18:38:11.869+0000] {logging_mixin.py:151} INFO - [2025-08-19T18:38:11.868+0000] {dagbag.py:536} INFO - Filling up the DagBag from /home/airflow/.local/lib/python3.8/site-packages/airflow/example_dags/example_subdag_operator.py
[2025-08-19T18:38:11.910+0000] {processor.py:839} INFO - DAG(s) dict_keys(['example_subdag_operator.section-1', 'example_subdag_operator.section-2', 'example_subdag_operator']) retrieved from /home/airflow/.local/lib/python3.8/site-packages/airflow/example_dags/example_subdag_operator.py
[2025-08-19T18:38:11.936+0000] {logging_mixin.py:151} INFO - [2025-08-19T18:38:11.936+0000] {dag.py:2941} INFO - Sync 3 DAGs
[2025-08-19T18:38:11.964+0000] {logging_mixin.py:151} INFO - [2025-08-19T18:38:11.963+0000] {dag.py:3722} INFO - Setting next_dagrun for example_subdag_operator to 2022-01-01T00:00:00+00:00, run_after=2022-01-01T00:00:00+00:00
[2025-08-19T18:38:11.970+0000] {logging_mixin.py:151} INFO - [2025-08-19T18:38:11.970+0000] {dag.py:3722} INFO - Setting next_dagrun for example_subdag_operator.section-1 to None, run_after=None
[2025-08-19T18:38:11.972+0000] {logging_mixin.py:151} INFO - [2025-08-19T18:38:11.972+0000] {dag.py:3722} INFO - Setting next_dagrun for example_subdag_operator.section-2 to None, run_after=None
[2025-08-19T18:38:11.983+0000] {logging_mixin.py:151} INFO - [2025-08-19T18:38:11.983+0000] {dag.py:2941} INFO - Sync 2 DAGs
[2025-08-19T18:38:11.990+0000] {logging_mixin.py:151} INFO - [2025-08-19T18:38:11.990+0000] {dag.py:3722} INFO - Setting next_dagrun for example_subdag_operator.section-1 to None, run_after=None
[2025-08-19T18:38:11.991+0000] {logging_mixin.py:151} INFO - [2025-08-19T18:38:11.991+0000] {dag.py:3722} INFO - Setting next_dagrun for example_subdag_operator.section-2 to None, run_after=None
[2025-08-19T18:38:12.009+0000] {processor.py:179} INFO - Processing /home/airflow/.local/lib/python3.8/site-packages/airflow/example_dags/example_subdag_operator.py took 0.151 seconds
[2025-08-19T18:38:42.585+0000] {processor.py:157} INFO - Started process (PID=898) to work on /home/airflow/.local/lib/python3.8/site-packages/airflow/example_dags/example_subdag_operator.py
[2025-08-19T18:38:42.586+0000] {processor.py:829} INFO - Processing file /home/airflow/.local/lib/python3.8/site-packages/airflow/example_dags/example_subdag_operator.py for tasks to queue
[2025-08-19T18:38:42.594+0000] {logging_mixin.py:151} INFO - [2025-08-19T18:38:42.594+0000] {dagbag.py:536} INFO - Filling up the DagBag from /home/airflow/.local/lib/python3.8/site-packages/airflow/example_dags/example_subdag_operator.py
[2025-08-19T18:38:42.638+0000] {processor.py:839} INFO - DAG(s) dict_keys(['example_subdag_operator.section-1', 'example_subdag_operator.section-2', 'example_subdag_operator']) retrieved from /home/airflow/.local/lib/python3.8/site-packages/airflow/example_dags/example_subdag_operator.py
[2025-08-19T18:38:42.664+0000] {logging_mixin.py:151} INFO - [2025-08-19T18:38:42.663+0000] {dag.py:2941} INFO - Sync 3 DAGs
[2025-08-19T18:38:42.700+0000] {logging_mixin.py:151} INFO - [2025-08-19T18:38:42.700+0000] {dag.py:3722} INFO - Setting next_dagrun for example_subdag_operator to 2022-01-01T00:00:00+00:00, run_after=2022-01-01T00:00:00+00:00
[2025-08-19T18:38:42.705+0000] {logging_mixin.py:151} INFO - [2025-08-19T18:38:42.705+0000] {dag.py:3722} INFO - Setting next_dagrun for example_subdag_operator.section-1 to None, run_after=None
[2025-08-19T18:38:42.707+0000] {logging_mixin.py:151} INFO - [2025-08-19T18:38:42.707+0000] {dag.py:3722} INFO - Setting next_dagrun for example_subdag_operator.section-2 to None, run_after=None
[2025-08-19T18:38:42.722+0000] {logging_mixin.py:151} INFO - [2025-08-19T18:38:42.722+0000] {dag.py:2941} INFO - Sync 2 DAGs
[2025-08-19T18:38:42.731+0000] {logging_mixin.py:151} INFO - [2025-08-19T18:38:42.730+0000] {dag.py:3722} INFO - Setting next_dagrun for example_subdag_operator.section-1 to None, run_after=None
[2025-08-19T18:38:42.731+0000] {logging_mixin.py:151} INFO - [2025-08-19T18:38:42.731+0000] {dag.py:3722} INFO - Setting next_dagrun for example_subdag_operator.section-2 to None, run_after=None
[2025-08-19T18:38:42.752+0000] {processor.py:179} INFO - Processing /home/airflow/.local/lib/python3.8/site-packages/airflow/example_dags/example_subdag_operator.py took 0.172 seconds
[2025-08-19T18:39:13.588+0000] {processor.py:157} INFO - Started process (PID=951) to work on /home/airflow/.local/lib/python3.8/site-packages/airflow/example_dags/example_subdag_operator.py
[2025-08-19T18:39:13.589+0000] {processor.py:829} INFO - Processing file /home/airflow/.local/lib/python3.8/site-packages/airflow/example_dags/example_subdag_operator.py for tasks to queue
[2025-08-19T18:39:13.593+0000] {logging_mixin.py:151} INFO - [2025-08-19T18:39:13.592+0000] {dagbag.py:536} INFO - Filling up the DagBag from /home/airflow/.local/lib/python3.8/site-packages/airflow/example_dags/example_subdag_operator.py
[2025-08-19T18:39:13.631+0000] {processor.py:839} INFO - DAG(s) dict_keys(['example_subdag_operator.section-1', 'example_subdag_operator.section-2', 'example_subdag_operator']) retrieved from /home/airflow/.local/lib/python3.8/site-packages/airflow/example_dags/example_subdag_operator.py
[2025-08-19T18:39:13.655+0000] {logging_mixin.py:151} INFO - [2025-08-19T18:39:13.655+0000] {dag.py:2941} INFO - Sync 3 DAGs
[2025-08-19T18:39:13.679+0000] {logging_mixin.py:151} INFO - [2025-08-19T18:39:13.679+0000] {dag.py:3722} INFO - Setting next_dagrun for example_subdag_operator to 2022-01-01T00:00:00+00:00, run_after=2022-01-01T00:00:00+00:00
[2025-08-19T18:39:13.685+0000] {logging_mixin.py:151} INFO - [2025-08-19T18:39:13.685+0000] {dag.py:3722} INFO - Setting next_dagrun for example_subdag_operator.section-1 to None, run_after=None
[2025-08-19T18:39:13.687+0000] {logging_mixin.py:151} INFO - [2025-08-19T18:39:13.687+0000] {dag.py:3722} INFO - Setting next_dagrun for example_subdag_operator.section-2 to None, run_after=None
[2025-08-19T18:39:13.697+0000] {logging_mixin.py:151} INFO - [2025-08-19T18:39:13.697+0000] {dag.py:2941} INFO - Sync 2 DAGs
[2025-08-19T18:39:13.705+0000] {logging_mixin.py:151} INFO - [2025-08-19T18:39:13.705+0000] {dag.py:3722} INFO - Setting next_dagrun for example_subdag_operator.section-1 to None, run_after=None
[2025-08-19T18:39:13.705+0000] {logging_mixin.py:151} INFO - [2025-08-19T18:39:13.705+0000] {dag.py:3722} INFO - Setting next_dagrun for example_subdag_operator.section-2 to None, run_after=None
[2025-08-19T18:39:13.739+0000] {processor.py:179} INFO - Processing /home/airflow/.local/lib/python3.8/site-packages/airflow/example_dags/example_subdag_operator.py took 0.156 seconds
