[2025-08-19T18:22:49.874+0000] {processor.py:157} INFO - Started process (PID=92) to work on /home/airflow/.local/lib/python3.8/site-packages/airflow/example_dags/example_trigger_target_dag.py
[2025-08-19T18:22:49.899+0000] {processor.py:829} INFO - Processing file /home/airflow/.local/lib/python3.8/site-packages/airflow/example_dags/example_trigger_target_dag.py for tasks to queue
[2025-08-19T18:22:50.043+0000] {logging_mixin.py:151} INFO - [2025-08-19T18:22:50.036+0000] {dagbag.py:536} INFO - Filling up the DagBag from /home/airflow/.local/lib/python3.8/site-packages/airflow/example_dags/example_trigger_target_dag.py
[2025-08-19T18:22:50.288+0000] {processor.py:839} INFO - DAG(s) dict_keys(['example_trigger_target_dag']) retrieved from /home/airflow/.local/lib/python3.8/site-packages/airflow/example_dags/example_trigger_target_dag.py
[2025-08-19T18:22:50.697+0000] {logging_mixin.py:151} INFO - [2025-08-19T18:22:50.697+0000] {dag.py:2941} INFO - Sync 1 DAGs
[2025-08-19T18:22:50.852+0000] {logging_mixin.py:151} INFO - [2025-08-19T18:22:50.848+0000] {dag.py:3722} INFO - Setting next_dagrun for example_trigger_target_dag to None, run_after=None
[2025-08-19T18:22:50.997+0000] {processor.py:179} INFO - Processing /home/airflow/.local/lib/python3.8/site-packages/airflow/example_dags/example_trigger_target_dag.py took 1.156 seconds
[2025-08-19T18:23:28.620+0000] {processor.py:157} INFO - Started process (PID=146) to work on /home/airflow/.local/lib/python3.8/site-packages/airflow/example_dags/example_trigger_target_dag.py
[2025-08-19T18:23:28.623+0000] {processor.py:829} INFO - Processing file /home/airflow/.local/lib/python3.8/site-packages/airflow/example_dags/example_trigger_target_dag.py for tasks to queue
[2025-08-19T18:23:28.631+0000] {logging_mixin.py:151} INFO - [2025-08-19T18:23:28.630+0000] {dagbag.py:536} INFO - Filling up the DagBag from /home/airflow/.local/lib/python3.8/site-packages/airflow/example_dags/example_trigger_target_dag.py
[2025-08-19T18:23:28.645+0000] {processor.py:839} INFO - DAG(s) dict_keys(['example_trigger_target_dag']) retrieved from /home/airflow/.local/lib/python3.8/site-packages/airflow/example_dags/example_trigger_target_dag.py
[2025-08-19T18:23:28.781+0000] {logging_mixin.py:151} INFO - [2025-08-19T18:23:28.780+0000] {dag.py:2941} INFO - Sync 1 DAGs
[2025-08-19T18:23:28.948+0000] {logging_mixin.py:151} INFO - [2025-08-19T18:23:28.948+0000] {dag.py:3722} INFO - Setting next_dagrun for example_trigger_target_dag to None, run_after=None
[2025-08-19T18:23:29.056+0000] {processor.py:179} INFO - Processing /home/airflow/.local/lib/python3.8/site-packages/airflow/example_dags/example_trigger_target_dag.py took 0.444 seconds
[2025-08-19T18:23:59.597+0000] {processor.py:157} INFO - Started process (PID=198) to work on /home/airflow/.local/lib/python3.8/site-packages/airflow/example_dags/example_trigger_target_dag.py
[2025-08-19T18:23:59.601+0000] {processor.py:829} INFO - Processing file /home/airflow/.local/lib/python3.8/site-packages/airflow/example_dags/example_trigger_target_dag.py for tasks to queue
[2025-08-19T18:23:59.613+0000] {logging_mixin.py:151} INFO - [2025-08-19T18:23:59.611+0000] {dagbag.py:536} INFO - Filling up the DagBag from /home/airflow/.local/lib/python3.8/site-packages/airflow/example_dags/example_trigger_target_dag.py
[2025-08-19T18:23:59.664+0000] {processor.py:839} INFO - DAG(s) dict_keys(['example_trigger_target_dag']) retrieved from /home/airflow/.local/lib/python3.8/site-packages/airflow/example_dags/example_trigger_target_dag.py
[2025-08-19T18:23:59.751+0000] {logging_mixin.py:151} INFO - [2025-08-19T18:23:59.750+0000] {dag.py:2941} INFO - Sync 1 DAGs
[2025-08-19T18:23:59.785+0000] {logging_mixin.py:151} INFO - [2025-08-19T18:23:59.784+0000] {dag.py:3722} INFO - Setting next_dagrun for example_trigger_target_dag to None, run_after=None
[2025-08-19T18:23:59.892+0000] {processor.py:179} INFO - Processing /home/airflow/.local/lib/python3.8/site-packages/airflow/example_dags/example_trigger_target_dag.py took 0.313 seconds
[2025-08-19T18:24:30.484+0000] {processor.py:157} INFO - Started process (PID=252) to work on /home/airflow/.local/lib/python3.8/site-packages/airflow/example_dags/example_trigger_target_dag.py
[2025-08-19T18:24:30.497+0000] {processor.py:829} INFO - Processing file /home/airflow/.local/lib/python3.8/site-packages/airflow/example_dags/example_trigger_target_dag.py for tasks to queue
[2025-08-19T18:24:30.502+0000] {logging_mixin.py:151} INFO - [2025-08-19T18:24:30.501+0000] {dagbag.py:536} INFO - Filling up the DagBag from /home/airflow/.local/lib/python3.8/site-packages/airflow/example_dags/example_trigger_target_dag.py
[2025-08-19T18:24:30.549+0000] {processor.py:839} INFO - DAG(s) dict_keys(['example_trigger_target_dag']) retrieved from /home/airflow/.local/lib/python3.8/site-packages/airflow/example_dags/example_trigger_target_dag.py
[2025-08-19T18:24:31.478+0000] {logging_mixin.py:151} INFO - [2025-08-19T18:24:31.477+0000] {dag.py:2941} INFO - Sync 1 DAGs
[2025-08-19T18:24:31.527+0000] {logging_mixin.py:151} INFO - [2025-08-19T18:24:31.526+0000] {dag.py:3722} INFO - Setting next_dagrun for example_trigger_target_dag to None, run_after=None
[2025-08-19T18:24:33.025+0000] {processor.py:179} INFO - Processing /home/airflow/.local/lib/python3.8/site-packages/airflow/example_dags/example_trigger_target_dag.py took 2.548 seconds
[2025-08-19T18:25:03.166+0000] {processor.py:157} INFO - Started process (PID=306) to work on /home/airflow/.local/lib/python3.8/site-packages/airflow/example_dags/example_trigger_target_dag.py
[2025-08-19T18:25:03.169+0000] {processor.py:829} INFO - Processing file /home/airflow/.local/lib/python3.8/site-packages/airflow/example_dags/example_trigger_target_dag.py for tasks to queue
[2025-08-19T18:25:03.173+0000] {logging_mixin.py:151} INFO - [2025-08-19T18:25:03.173+0000] {dagbag.py:536} INFO - Filling up the DagBag from /home/airflow/.local/lib/python3.8/site-packages/airflow/example_dags/example_trigger_target_dag.py
[2025-08-19T18:25:03.188+0000] {processor.py:839} INFO - DAG(s) dict_keys(['example_trigger_target_dag']) retrieved from /home/airflow/.local/lib/python3.8/site-packages/airflow/example_dags/example_trigger_target_dag.py
[2025-08-19T18:25:03.239+0000] {logging_mixin.py:151} INFO - [2025-08-19T18:25:03.238+0000] {dag.py:2941} INFO - Sync 1 DAGs
[2025-08-19T18:25:03.266+0000] {logging_mixin.py:151} INFO - [2025-08-19T18:25:03.266+0000] {dag.py:3722} INFO - Setting next_dagrun for example_trigger_target_dag to None, run_after=None
[2025-08-19T18:25:03.318+0000] {processor.py:179} INFO - Processing /home/airflow/.local/lib/python3.8/site-packages/airflow/example_dags/example_trigger_target_dag.py took 0.166 seconds
[2025-08-19T18:25:34.097+0000] {processor.py:157} INFO - Started process (PID=360) to work on /home/airflow/.local/lib/python3.8/site-packages/airflow/example_dags/example_trigger_target_dag.py
[2025-08-19T18:25:34.119+0000] {processor.py:829} INFO - Processing file /home/airflow/.local/lib/python3.8/site-packages/airflow/example_dags/example_trigger_target_dag.py for tasks to queue
[2025-08-19T18:25:34.133+0000] {logging_mixin.py:151} INFO - [2025-08-19T18:25:34.128+0000] {dagbag.py:536} INFO - Filling up the DagBag from /home/airflow/.local/lib/python3.8/site-packages/airflow/example_dags/example_trigger_target_dag.py
[2025-08-19T18:25:34.201+0000] {processor.py:839} INFO - DAG(s) dict_keys(['example_trigger_target_dag']) retrieved from /home/airflow/.local/lib/python3.8/site-packages/airflow/example_dags/example_trigger_target_dag.py
[2025-08-19T18:25:34.322+0000] {logging_mixin.py:151} INFO - [2025-08-19T18:25:34.322+0000] {dag.py:2941} INFO - Sync 1 DAGs
[2025-08-19T18:25:34.391+0000] {logging_mixin.py:151} INFO - [2025-08-19T18:25:34.390+0000] {dag.py:3722} INFO - Setting next_dagrun for example_trigger_target_dag to None, run_after=None
[2025-08-19T18:25:34.459+0000] {processor.py:179} INFO - Processing /home/airflow/.local/lib/python3.8/site-packages/airflow/example_dags/example_trigger_target_dag.py took 0.406 seconds
[2025-08-19T18:26:04.801+0000] {processor.py:157} INFO - Started process (PID=414) to work on /home/airflow/.local/lib/python3.8/site-packages/airflow/example_dags/example_trigger_target_dag.py
[2025-08-19T18:26:04.803+0000] {processor.py:829} INFO - Processing file /home/airflow/.local/lib/python3.8/site-packages/airflow/example_dags/example_trigger_target_dag.py for tasks to queue
[2025-08-19T18:26:04.808+0000] {logging_mixin.py:151} INFO - [2025-08-19T18:26:04.807+0000] {dagbag.py:536} INFO - Filling up the DagBag from /home/airflow/.local/lib/python3.8/site-packages/airflow/example_dags/example_trigger_target_dag.py
[2025-08-19T18:26:04.820+0000] {processor.py:839} INFO - DAG(s) dict_keys(['example_trigger_target_dag']) retrieved from /home/airflow/.local/lib/python3.8/site-packages/airflow/example_dags/example_trigger_target_dag.py
[2025-08-19T18:26:04.869+0000] {logging_mixin.py:151} INFO - [2025-08-19T18:26:04.868+0000] {dag.py:2941} INFO - Sync 1 DAGs
[2025-08-19T18:26:04.896+0000] {logging_mixin.py:151} INFO - [2025-08-19T18:26:04.895+0000] {dag.py:3722} INFO - Setting next_dagrun for example_trigger_target_dag to None, run_after=None
[2025-08-19T18:26:04.943+0000] {processor.py:179} INFO - Processing /home/airflow/.local/lib/python3.8/site-packages/airflow/example_dags/example_trigger_target_dag.py took 0.165 seconds
[2025-08-19T18:26:35.968+0000] {processor.py:157} INFO - Started process (PID=469) to work on /home/airflow/.local/lib/python3.8/site-packages/airflow/example_dags/example_trigger_target_dag.py
[2025-08-19T18:26:35.975+0000] {processor.py:829} INFO - Processing file /home/airflow/.local/lib/python3.8/site-packages/airflow/example_dags/example_trigger_target_dag.py for tasks to queue
[2025-08-19T18:26:35.983+0000] {logging_mixin.py:151} INFO - [2025-08-19T18:26:35.982+0000] {dagbag.py:536} INFO - Filling up the DagBag from /home/airflow/.local/lib/python3.8/site-packages/airflow/example_dags/example_trigger_target_dag.py
[2025-08-19T18:26:36.024+0000] {processor.py:839} INFO - DAG(s) dict_keys(['example_trigger_target_dag']) retrieved from /home/airflow/.local/lib/python3.8/site-packages/airflow/example_dags/example_trigger_target_dag.py
[2025-08-19T18:26:36.151+0000] {logging_mixin.py:151} INFO - [2025-08-19T18:26:36.151+0000] {dag.py:2941} INFO - Sync 1 DAGs
[2025-08-19T18:26:36.214+0000] {logging_mixin.py:151} INFO - [2025-08-19T18:26:36.213+0000] {dag.py:3722} INFO - Setting next_dagrun for example_trigger_target_dag to None, run_after=None
[2025-08-19T18:26:36.536+0000] {processor.py:179} INFO - Processing /home/airflow/.local/lib/python3.8/site-packages/airflow/example_dags/example_trigger_target_dag.py took 0.583 seconds
[2025-08-19T18:27:07.421+0000] {processor.py:157} INFO - Started process (PID=523) to work on /home/airflow/.local/lib/python3.8/site-packages/airflow/example_dags/example_trigger_target_dag.py
[2025-08-19T18:27:07.423+0000] {processor.py:829} INFO - Processing file /home/airflow/.local/lib/python3.8/site-packages/airflow/example_dags/example_trigger_target_dag.py for tasks to queue
[2025-08-19T18:27:07.427+0000] {logging_mixin.py:151} INFO - [2025-08-19T18:27:07.426+0000] {dagbag.py:536} INFO - Filling up the DagBag from /home/airflow/.local/lib/python3.8/site-packages/airflow/example_dags/example_trigger_target_dag.py
[2025-08-19T18:27:07.434+0000] {processor.py:839} INFO - DAG(s) dict_keys(['example_trigger_target_dag']) retrieved from /home/airflow/.local/lib/python3.8/site-packages/airflow/example_dags/example_trigger_target_dag.py
[2025-08-19T18:27:07.470+0000] {logging_mixin.py:151} INFO - [2025-08-19T18:27:07.470+0000] {dag.py:2941} INFO - Sync 1 DAGs
[2025-08-19T18:27:07.497+0000] {logging_mixin.py:151} INFO - [2025-08-19T18:27:07.497+0000] {dag.py:3722} INFO - Setting next_dagrun for example_trigger_target_dag to None, run_after=None
[2025-08-19T18:27:07.549+0000] {processor.py:179} INFO - Processing /home/airflow/.local/lib/python3.8/site-packages/airflow/example_dags/example_trigger_target_dag.py took 0.135 seconds
[2025-08-19T18:27:38.048+0000] {processor.py:157} INFO - Started process (PID=577) to work on /home/airflow/.local/lib/python3.8/site-packages/airflow/example_dags/example_trigger_target_dag.py
[2025-08-19T18:27:38.050+0000] {processor.py:829} INFO - Processing file /home/airflow/.local/lib/python3.8/site-packages/airflow/example_dags/example_trigger_target_dag.py for tasks to queue
[2025-08-19T18:27:38.054+0000] {logging_mixin.py:151} INFO - [2025-08-19T18:27:38.053+0000] {dagbag.py:536} INFO - Filling up the DagBag from /home/airflow/.local/lib/python3.8/site-packages/airflow/example_dags/example_trigger_target_dag.py
[2025-08-19T18:27:38.067+0000] {processor.py:839} INFO - DAG(s) dict_keys(['example_trigger_target_dag']) retrieved from /home/airflow/.local/lib/python3.8/site-packages/airflow/example_dags/example_trigger_target_dag.py
[2025-08-19T18:27:38.136+0000] {logging_mixin.py:151} INFO - [2025-08-19T18:27:38.136+0000] {dag.py:2941} INFO - Sync 1 DAGs
[2025-08-19T18:27:38.210+0000] {logging_mixin.py:151} INFO - [2025-08-19T18:27:38.210+0000] {dag.py:3722} INFO - Setting next_dagrun for example_trigger_target_dag to None, run_after=None
[2025-08-19T18:27:38.275+0000] {processor.py:179} INFO - Processing /home/airflow/.local/lib/python3.8/site-packages/airflow/example_dags/example_trigger_target_dag.py took 0.234 seconds
[2025-08-19T18:28:09.191+0000] {processor.py:157} INFO - Started process (PID=631) to work on /home/airflow/.local/lib/python3.8/site-packages/airflow/example_dags/example_trigger_target_dag.py
[2025-08-19T18:28:09.192+0000] {processor.py:829} INFO - Processing file /home/airflow/.local/lib/python3.8/site-packages/airflow/example_dags/example_trigger_target_dag.py for tasks to queue
[2025-08-19T18:28:09.196+0000] {logging_mixin.py:151} INFO - [2025-08-19T18:28:09.196+0000] {dagbag.py:536} INFO - Filling up the DagBag from /home/airflow/.local/lib/python3.8/site-packages/airflow/example_dags/example_trigger_target_dag.py
[2025-08-19T18:28:09.207+0000] {processor.py:839} INFO - DAG(s) dict_keys(['example_trigger_target_dag']) retrieved from /home/airflow/.local/lib/python3.8/site-packages/airflow/example_dags/example_trigger_target_dag.py
[2025-08-19T18:28:09.263+0000] {logging_mixin.py:151} INFO - [2025-08-19T18:28:09.263+0000] {dag.py:2941} INFO - Sync 1 DAGs
[2025-08-19T18:28:09.288+0000] {logging_mixin.py:151} INFO - [2025-08-19T18:28:09.288+0000] {dag.py:3722} INFO - Setting next_dagrun for example_trigger_target_dag to None, run_after=None
[2025-08-19T18:28:09.327+0000] {processor.py:179} INFO - Processing /home/airflow/.local/lib/python3.8/site-packages/airflow/example_dags/example_trigger_target_dag.py took 0.142 seconds
[2025-08-19T18:28:39.947+0000] {processor.py:157} INFO - Started process (PID=685) to work on /home/airflow/.local/lib/python3.8/site-packages/airflow/example_dags/example_trigger_target_dag.py
[2025-08-19T18:28:39.948+0000] {processor.py:829} INFO - Processing file /home/airflow/.local/lib/python3.8/site-packages/airflow/example_dags/example_trigger_target_dag.py for tasks to queue
[2025-08-19T18:28:39.951+0000] {logging_mixin.py:151} INFO - [2025-08-19T18:28:39.950+0000] {dagbag.py:536} INFO - Filling up the DagBag from /home/airflow/.local/lib/python3.8/site-packages/airflow/example_dags/example_trigger_target_dag.py
[2025-08-19T18:28:39.961+0000] {processor.py:839} INFO - DAG(s) dict_keys(['example_trigger_target_dag']) retrieved from /home/airflow/.local/lib/python3.8/site-packages/airflow/example_dags/example_trigger_target_dag.py
[2025-08-19T18:28:39.987+0000] {logging_mixin.py:151} INFO - [2025-08-19T18:28:39.986+0000] {dag.py:2941} INFO - Sync 1 DAGs
[2025-08-19T18:28:40.002+0000] {logging_mixin.py:151} INFO - [2025-08-19T18:28:40.002+0000] {dag.py:3722} INFO - Setting next_dagrun for example_trigger_target_dag to None, run_after=None
[2025-08-19T18:28:40.035+0000] {processor.py:179} INFO - Processing /home/airflow/.local/lib/python3.8/site-packages/airflow/example_dags/example_trigger_target_dag.py took 0.092 seconds
[2025-08-19T18:29:11.061+0000] {processor.py:157} INFO - Started process (PID=733) to work on /home/airflow/.local/lib/python3.8/site-packages/airflow/example_dags/example_trigger_target_dag.py
[2025-08-19T18:29:11.066+0000] {processor.py:829} INFO - Processing file /home/airflow/.local/lib/python3.8/site-packages/airflow/example_dags/example_trigger_target_dag.py for tasks to queue
[2025-08-19T18:29:11.071+0000] {logging_mixin.py:151} INFO - [2025-08-19T18:29:11.070+0000] {dagbag.py:536} INFO - Filling up the DagBag from /home/airflow/.local/lib/python3.8/site-packages/airflow/example_dags/example_trigger_target_dag.py
[2025-08-19T18:29:11.087+0000] {processor.py:839} INFO - DAG(s) dict_keys(['example_trigger_target_dag']) retrieved from /home/airflow/.local/lib/python3.8/site-packages/airflow/example_dags/example_trigger_target_dag.py
[2025-08-19T18:29:11.139+0000] {logging_mixin.py:151} INFO - [2025-08-19T18:29:11.138+0000] {dag.py:2941} INFO - Sync 1 DAGs
[2025-08-19T18:29:11.170+0000] {logging_mixin.py:151} INFO - [2025-08-19T18:29:11.170+0000] {dag.py:3722} INFO - Setting next_dagrun for example_trigger_target_dag to None, run_after=None
[2025-08-19T18:29:11.218+0000] {processor.py:179} INFO - Processing /home/airflow/.local/lib/python3.8/site-packages/airflow/example_dags/example_trigger_target_dag.py took 0.163 seconds
[2025-08-19T18:29:42.128+0000] {processor.py:157} INFO - Started process (PID=787) to work on /home/airflow/.local/lib/python3.8/site-packages/airflow/example_dags/example_trigger_target_dag.py
[2025-08-19T18:29:42.129+0000] {processor.py:829} INFO - Processing file /home/airflow/.local/lib/python3.8/site-packages/airflow/example_dags/example_trigger_target_dag.py for tasks to queue
[2025-08-19T18:29:42.132+0000] {logging_mixin.py:151} INFO - [2025-08-19T18:29:42.132+0000] {dagbag.py:536} INFO - Filling up the DagBag from /home/airflow/.local/lib/python3.8/site-packages/airflow/example_dags/example_trigger_target_dag.py
[2025-08-19T18:29:42.141+0000] {processor.py:839} INFO - DAG(s) dict_keys(['example_trigger_target_dag']) retrieved from /home/airflow/.local/lib/python3.8/site-packages/airflow/example_dags/example_trigger_target_dag.py
[2025-08-19T18:29:42.170+0000] {logging_mixin.py:151} INFO - [2025-08-19T18:29:42.170+0000] {dag.py:2941} INFO - Sync 1 DAGs
[2025-08-19T18:29:42.189+0000] {logging_mixin.py:151} INFO - [2025-08-19T18:29:42.189+0000] {dag.py:3722} INFO - Setting next_dagrun for example_trigger_target_dag to None, run_after=None
[2025-08-19T18:29:42.217+0000] {processor.py:179} INFO - Processing /home/airflow/.local/lib/python3.8/site-packages/airflow/example_dags/example_trigger_target_dag.py took 0.098 seconds
[2025-08-19T18:30:13.770+0000] {processor.py:157} INFO - Started process (PID=840) to work on /home/airflow/.local/lib/python3.8/site-packages/airflow/example_dags/example_trigger_target_dag.py
[2025-08-19T18:30:13.771+0000] {processor.py:829} INFO - Processing file /home/airflow/.local/lib/python3.8/site-packages/airflow/example_dags/example_trigger_target_dag.py for tasks to queue
[2025-08-19T18:30:13.775+0000] {logging_mixin.py:151} INFO - [2025-08-19T18:30:13.774+0000] {dagbag.py:536} INFO - Filling up the DagBag from /home/airflow/.local/lib/python3.8/site-packages/airflow/example_dags/example_trigger_target_dag.py
[2025-08-19T18:30:13.785+0000] {processor.py:839} INFO - DAG(s) dict_keys(['example_trigger_target_dag']) retrieved from /home/airflow/.local/lib/python3.8/site-packages/airflow/example_dags/example_trigger_target_dag.py
[2025-08-19T18:30:13.825+0000] {logging_mixin.py:151} INFO - [2025-08-19T18:30:13.825+0000] {dag.py:2941} INFO - Sync 1 DAGs
[2025-08-19T18:30:13.849+0000] {logging_mixin.py:151} INFO - [2025-08-19T18:30:13.848+0000] {dag.py:3722} INFO - Setting next_dagrun for example_trigger_target_dag to None, run_after=None
[2025-08-19T18:30:13.888+0000] {processor.py:179} INFO - Processing /home/airflow/.local/lib/python3.8/site-packages/airflow/example_dags/example_trigger_target_dag.py took 0.124 seconds
[2025-08-19T18:30:54.413+0000] {processor.py:157} INFO - Started process (PID=84) to work on /home/airflow/.local/lib/python3.8/site-packages/airflow/example_dags/example_trigger_target_dag.py
[2025-08-19T18:30:54.416+0000] {processor.py:829} INFO - Processing file /home/airflow/.local/lib/python3.8/site-packages/airflow/example_dags/example_trigger_target_dag.py for tasks to queue
[2025-08-19T18:30:54.421+0000] {logging_mixin.py:151} INFO - [2025-08-19T18:30:54.421+0000] {dagbag.py:536} INFO - Filling up the DagBag from /home/airflow/.local/lib/python3.8/site-packages/airflow/example_dags/example_trigger_target_dag.py
[2025-08-19T18:30:54.443+0000] {processor.py:839} INFO - DAG(s) dict_keys(['example_trigger_target_dag']) retrieved from /home/airflow/.local/lib/python3.8/site-packages/airflow/example_dags/example_trigger_target_dag.py
[2025-08-19T18:30:54.497+0000] {logging_mixin.py:151} INFO - [2025-08-19T18:30:54.496+0000] {dag.py:2941} INFO - Sync 1 DAGs
[2025-08-19T18:30:54.522+0000] {logging_mixin.py:151} INFO - [2025-08-19T18:30:54.521+0000] {dag.py:3722} INFO - Setting next_dagrun for example_trigger_target_dag to None, run_after=None
[2025-08-19T18:30:54.562+0000] {processor.py:179} INFO - Processing /home/airflow/.local/lib/python3.8/site-packages/airflow/example_dags/example_trigger_target_dag.py took 0.156 seconds
[2025-08-19T18:31:24.723+0000] {processor.py:157} INFO - Started process (PID=137) to work on /home/airflow/.local/lib/python3.8/site-packages/airflow/example_dags/example_trigger_target_dag.py
[2025-08-19T18:31:24.725+0000] {processor.py:829} INFO - Processing file /home/airflow/.local/lib/python3.8/site-packages/airflow/example_dags/example_trigger_target_dag.py for tasks to queue
[2025-08-19T18:31:24.730+0000] {logging_mixin.py:151} INFO - [2025-08-19T18:31:24.730+0000] {dagbag.py:536} INFO - Filling up the DagBag from /home/airflow/.local/lib/python3.8/site-packages/airflow/example_dags/example_trigger_target_dag.py
[2025-08-19T18:31:24.744+0000] {processor.py:839} INFO - DAG(s) dict_keys(['example_trigger_target_dag']) retrieved from /home/airflow/.local/lib/python3.8/site-packages/airflow/example_dags/example_trigger_target_dag.py
[2025-08-19T18:31:24.784+0000] {logging_mixin.py:151} INFO - [2025-08-19T18:31:24.784+0000] {dag.py:2941} INFO - Sync 1 DAGs
[2025-08-19T18:31:24.808+0000] {logging_mixin.py:151} INFO - [2025-08-19T18:31:24.808+0000] {dag.py:3722} INFO - Setting next_dagrun for example_trigger_target_dag to None, run_after=None
[2025-08-19T18:31:24.837+0000] {processor.py:179} INFO - Processing /home/airflow/.local/lib/python3.8/site-packages/airflow/example_dags/example_trigger_target_dag.py took 0.120 seconds
[2025-08-19T18:31:54.880+0000] {processor.py:157} INFO - Started process (PID=192) to work on /home/airflow/.local/lib/python3.8/site-packages/airflow/example_dags/example_trigger_target_dag.py
[2025-08-19T18:31:54.882+0000] {processor.py:829} INFO - Processing file /home/airflow/.local/lib/python3.8/site-packages/airflow/example_dags/example_trigger_target_dag.py for tasks to queue
[2025-08-19T18:31:54.886+0000] {logging_mixin.py:151} INFO - [2025-08-19T18:31:54.885+0000] {dagbag.py:536} INFO - Filling up the DagBag from /home/airflow/.local/lib/python3.8/site-packages/airflow/example_dags/example_trigger_target_dag.py
[2025-08-19T18:31:54.896+0000] {processor.py:839} INFO - DAG(s) dict_keys(['example_trigger_target_dag']) retrieved from /home/airflow/.local/lib/python3.8/site-packages/airflow/example_dags/example_trigger_target_dag.py
[2025-08-19T18:31:54.928+0000] {logging_mixin.py:151} INFO - [2025-08-19T18:31:54.928+0000] {dag.py:2941} INFO - Sync 1 DAGs
[2025-08-19T18:31:54.943+0000] {logging_mixin.py:151} INFO - [2025-08-19T18:31:54.943+0000] {dag.py:3722} INFO - Setting next_dagrun for example_trigger_target_dag to None, run_after=None
[2025-08-19T18:31:54.972+0000] {processor.py:179} INFO - Processing /home/airflow/.local/lib/python3.8/site-packages/airflow/example_dags/example_trigger_target_dag.py took 0.099 seconds
[2025-08-19T18:32:26.722+0000] {processor.py:157} INFO - Started process (PID=246) to work on /home/airflow/.local/lib/python3.8/site-packages/airflow/example_dags/example_trigger_target_dag.py
[2025-08-19T18:32:26.725+0000] {processor.py:829} INFO - Processing file /home/airflow/.local/lib/python3.8/site-packages/airflow/example_dags/example_trigger_target_dag.py for tasks to queue
[2025-08-19T18:32:26.729+0000] {logging_mixin.py:151} INFO - [2025-08-19T18:32:26.728+0000] {dagbag.py:536} INFO - Filling up the DagBag from /home/airflow/.local/lib/python3.8/site-packages/airflow/example_dags/example_trigger_target_dag.py
[2025-08-19T18:32:26.741+0000] {processor.py:839} INFO - DAG(s) dict_keys(['example_trigger_target_dag']) retrieved from /home/airflow/.local/lib/python3.8/site-packages/airflow/example_dags/example_trigger_target_dag.py
[2025-08-19T18:32:26.780+0000] {logging_mixin.py:151} INFO - [2025-08-19T18:32:26.779+0000] {dag.py:2941} INFO - Sync 1 DAGs
[2025-08-19T18:32:26.807+0000] {logging_mixin.py:151} INFO - [2025-08-19T18:32:26.806+0000] {dag.py:3722} INFO - Setting next_dagrun for example_trigger_target_dag to None, run_after=None
[2025-08-19T18:32:26.854+0000] {processor.py:179} INFO - Processing /home/airflow/.local/lib/python3.8/site-packages/airflow/example_dags/example_trigger_target_dag.py took 0.139 seconds
[2025-08-19T18:32:56.991+0000] {processor.py:157} INFO - Started process (PID=300) to work on /home/airflow/.local/lib/python3.8/site-packages/airflow/example_dags/example_trigger_target_dag.py
[2025-08-19T18:32:56.993+0000] {processor.py:829} INFO - Processing file /home/airflow/.local/lib/python3.8/site-packages/airflow/example_dags/example_trigger_target_dag.py for tasks to queue
[2025-08-19T18:32:56.997+0000] {logging_mixin.py:151} INFO - [2025-08-19T18:32:56.996+0000] {dagbag.py:536} INFO - Filling up the DagBag from /home/airflow/.local/lib/python3.8/site-packages/airflow/example_dags/example_trigger_target_dag.py
[2025-08-19T18:32:57.012+0000] {processor.py:839} INFO - DAG(s) dict_keys(['example_trigger_target_dag']) retrieved from /home/airflow/.local/lib/python3.8/site-packages/airflow/example_dags/example_trigger_target_dag.py
[2025-08-19T18:32:57.053+0000] {logging_mixin.py:151} INFO - [2025-08-19T18:32:57.053+0000] {dag.py:2941} INFO - Sync 1 DAGs
[2025-08-19T18:32:57.087+0000] {logging_mixin.py:151} INFO - [2025-08-19T18:32:57.087+0000] {dag.py:3722} INFO - Setting next_dagrun for example_trigger_target_dag to None, run_after=None
[2025-08-19T18:32:57.133+0000] {processor.py:179} INFO - Processing /home/airflow/.local/lib/python3.8/site-packages/airflow/example_dags/example_trigger_target_dag.py took 0.147 seconds
[2025-08-19T18:33:27.382+0000] {processor.py:157} INFO - Started process (PID=354) to work on /home/airflow/.local/lib/python3.8/site-packages/airflow/example_dags/example_trigger_target_dag.py
[2025-08-19T18:33:27.383+0000] {processor.py:829} INFO - Processing file /home/airflow/.local/lib/python3.8/site-packages/airflow/example_dags/example_trigger_target_dag.py for tasks to queue
[2025-08-19T18:33:27.387+0000] {logging_mixin.py:151} INFO - [2025-08-19T18:33:27.386+0000] {dagbag.py:536} INFO - Filling up the DagBag from /home/airflow/.local/lib/python3.8/site-packages/airflow/example_dags/example_trigger_target_dag.py
[2025-08-19T18:33:27.397+0000] {processor.py:839} INFO - DAG(s) dict_keys(['example_trigger_target_dag']) retrieved from /home/airflow/.local/lib/python3.8/site-packages/airflow/example_dags/example_trigger_target_dag.py
[2025-08-19T18:33:27.433+0000] {logging_mixin.py:151} INFO - [2025-08-19T18:33:27.432+0000] {dag.py:2941} INFO - Sync 1 DAGs
[2025-08-19T18:33:27.450+0000] {logging_mixin.py:151} INFO - [2025-08-19T18:33:27.450+0000] {dag.py:3722} INFO - Setting next_dagrun for example_trigger_target_dag to None, run_after=None
[2025-08-19T18:33:27.483+0000] {processor.py:179} INFO - Processing /home/airflow/.local/lib/python3.8/site-packages/airflow/example_dags/example_trigger_target_dag.py took 0.107 seconds
[2025-08-19T18:33:58.074+0000] {processor.py:157} INFO - Started process (PID=408) to work on /home/airflow/.local/lib/python3.8/site-packages/airflow/example_dags/example_trigger_target_dag.py
[2025-08-19T18:33:58.081+0000] {processor.py:829} INFO - Processing file /home/airflow/.local/lib/python3.8/site-packages/airflow/example_dags/example_trigger_target_dag.py for tasks to queue
[2025-08-19T18:33:58.087+0000] {logging_mixin.py:151} INFO - [2025-08-19T18:33:58.087+0000] {dagbag.py:536} INFO - Filling up the DagBag from /home/airflow/.local/lib/python3.8/site-packages/airflow/example_dags/example_trigger_target_dag.py
[2025-08-19T18:33:58.120+0000] {processor.py:839} INFO - DAG(s) dict_keys(['example_trigger_target_dag']) retrieved from /home/airflow/.local/lib/python3.8/site-packages/airflow/example_dags/example_trigger_target_dag.py
[2025-08-19T18:33:58.184+0000] {logging_mixin.py:151} INFO - [2025-08-19T18:33:58.184+0000] {dag.py:2941} INFO - Sync 1 DAGs
[2025-08-19T18:33:58.251+0000] {logging_mixin.py:151} INFO - [2025-08-19T18:33:58.251+0000] {dag.py:3722} INFO - Setting next_dagrun for example_trigger_target_dag to None, run_after=None
[2025-08-19T18:33:58.333+0000] {processor.py:179} INFO - Processing /home/airflow/.local/lib/python3.8/site-packages/airflow/example_dags/example_trigger_target_dag.py took 0.272 seconds
[2025-08-19T18:34:28.898+0000] {processor.py:157} INFO - Started process (PID=462) to work on /home/airflow/.local/lib/python3.8/site-packages/airflow/example_dags/example_trigger_target_dag.py
[2025-08-19T18:34:28.902+0000] {processor.py:829} INFO - Processing file /home/airflow/.local/lib/python3.8/site-packages/airflow/example_dags/example_trigger_target_dag.py for tasks to queue
[2025-08-19T18:34:28.908+0000] {logging_mixin.py:151} INFO - [2025-08-19T18:34:28.907+0000] {dagbag.py:536} INFO - Filling up the DagBag from /home/airflow/.local/lib/python3.8/site-packages/airflow/example_dags/example_trigger_target_dag.py
[2025-08-19T18:34:28.924+0000] {processor.py:839} INFO - DAG(s) dict_keys(['example_trigger_target_dag']) retrieved from /home/airflow/.local/lib/python3.8/site-packages/airflow/example_dags/example_trigger_target_dag.py
[2025-08-19T18:34:29.005+0000] {logging_mixin.py:151} INFO - [2025-08-19T18:34:29.004+0000] {dag.py:2941} INFO - Sync 1 DAGs
[2025-08-19T18:34:29.057+0000] {logging_mixin.py:151} INFO - [2025-08-19T18:34:29.057+0000] {dag.py:3722} INFO - Setting next_dagrun for example_trigger_target_dag to None, run_after=None
[2025-08-19T18:34:29.117+0000] {processor.py:179} INFO - Processing /home/airflow/.local/lib/python3.8/site-packages/airflow/example_dags/example_trigger_target_dag.py took 0.235 seconds
[2025-08-19T18:34:59.353+0000] {processor.py:157} INFO - Started process (PID=516) to work on /home/airflow/.local/lib/python3.8/site-packages/airflow/example_dags/example_trigger_target_dag.py
[2025-08-19T18:34:59.355+0000] {processor.py:829} INFO - Processing file /home/airflow/.local/lib/python3.8/site-packages/airflow/example_dags/example_trigger_target_dag.py for tasks to queue
[2025-08-19T18:34:59.358+0000] {logging_mixin.py:151} INFO - [2025-08-19T18:34:59.358+0000] {dagbag.py:536} INFO - Filling up the DagBag from /home/airflow/.local/lib/python3.8/site-packages/airflow/example_dags/example_trigger_target_dag.py
[2025-08-19T18:34:59.368+0000] {processor.py:839} INFO - DAG(s) dict_keys(['example_trigger_target_dag']) retrieved from /home/airflow/.local/lib/python3.8/site-packages/airflow/example_dags/example_trigger_target_dag.py
[2025-08-19T18:34:59.405+0000] {logging_mixin.py:151} INFO - [2025-08-19T18:34:59.405+0000] {dag.py:2941} INFO - Sync 1 DAGs
[2025-08-19T18:34:59.425+0000] {logging_mixin.py:151} INFO - [2025-08-19T18:34:59.424+0000] {dag.py:3722} INFO - Setting next_dagrun for example_trigger_target_dag to None, run_after=None
[2025-08-19T18:34:59.457+0000] {processor.py:179} INFO - Processing /home/airflow/.local/lib/python3.8/site-packages/airflow/example_dags/example_trigger_target_dag.py took 0.110 seconds
[2025-08-19T18:35:32.267+0000] {processor.py:157} INFO - Started process (PID=570) to work on /home/airflow/.local/lib/python3.8/site-packages/airflow/example_dags/example_trigger_target_dag.py
[2025-08-19T18:35:32.274+0000] {processor.py:829} INFO - Processing file /home/airflow/.local/lib/python3.8/site-packages/airflow/example_dags/example_trigger_target_dag.py for tasks to queue
[2025-08-19T18:35:32.279+0000] {logging_mixin.py:151} INFO - [2025-08-19T18:35:32.279+0000] {dagbag.py:536} INFO - Filling up the DagBag from /home/airflow/.local/lib/python3.8/site-packages/airflow/example_dags/example_trigger_target_dag.py
[2025-08-19T18:35:32.295+0000] {processor.py:839} INFO - DAG(s) dict_keys(['example_trigger_target_dag']) retrieved from /home/airflow/.local/lib/python3.8/site-packages/airflow/example_dags/example_trigger_target_dag.py
[2025-08-19T18:35:32.343+0000] {logging_mixin.py:151} INFO - [2025-08-19T18:35:32.342+0000] {dag.py:2941} INFO - Sync 1 DAGs
[2025-08-19T18:35:32.363+0000] {logging_mixin.py:151} INFO - [2025-08-19T18:35:32.363+0000] {dag.py:3722} INFO - Setting next_dagrun for example_trigger_target_dag to None, run_after=None
[2025-08-19T18:35:32.405+0000] {processor.py:179} INFO - Processing /home/airflow/.local/lib/python3.8/site-packages/airflow/example_dags/example_trigger_target_dag.py took 0.143 seconds
[2025-08-19T18:36:02.480+0000] {processor.py:157} INFO - Started process (PID=624) to work on /home/airflow/.local/lib/python3.8/site-packages/airflow/example_dags/example_trigger_target_dag.py
[2025-08-19T18:36:02.482+0000] {processor.py:829} INFO - Processing file /home/airflow/.local/lib/python3.8/site-packages/airflow/example_dags/example_trigger_target_dag.py for tasks to queue
[2025-08-19T18:36:02.484+0000] {logging_mixin.py:151} INFO - [2025-08-19T18:36:02.484+0000] {dagbag.py:536} INFO - Filling up the DagBag from /home/airflow/.local/lib/python3.8/site-packages/airflow/example_dags/example_trigger_target_dag.py
[2025-08-19T18:36:02.495+0000] {processor.py:839} INFO - DAG(s) dict_keys(['example_trigger_target_dag']) retrieved from /home/airflow/.local/lib/python3.8/site-packages/airflow/example_dags/example_trigger_target_dag.py
[2025-08-19T18:36:02.523+0000] {logging_mixin.py:151} INFO - [2025-08-19T18:36:02.523+0000] {dag.py:2941} INFO - Sync 1 DAGs
[2025-08-19T18:36:02.539+0000] {logging_mixin.py:151} INFO - [2025-08-19T18:36:02.539+0000] {dag.py:3722} INFO - Setting next_dagrun for example_trigger_target_dag to None, run_after=None
[2025-08-19T18:36:02.575+0000] {processor.py:179} INFO - Processing /home/airflow/.local/lib/python3.8/site-packages/airflow/example_dags/example_trigger_target_dag.py took 0.099 seconds
[2025-08-19T18:36:34.682+0000] {processor.py:157} INFO - Started process (PID=679) to work on /home/airflow/.local/lib/python3.8/site-packages/airflow/example_dags/example_trigger_target_dag.py
[2025-08-19T18:36:34.684+0000] {processor.py:829} INFO - Processing file /home/airflow/.local/lib/python3.8/site-packages/airflow/example_dags/example_trigger_target_dag.py for tasks to queue
[2025-08-19T18:36:34.694+0000] {logging_mixin.py:151} INFO - [2025-08-19T18:36:34.693+0000] {dagbag.py:536} INFO - Filling up the DagBag from /home/airflow/.local/lib/python3.8/site-packages/airflow/example_dags/example_trigger_target_dag.py
[2025-08-19T18:36:34.704+0000] {processor.py:839} INFO - DAG(s) dict_keys(['example_trigger_target_dag']) retrieved from /home/airflow/.local/lib/python3.8/site-packages/airflow/example_dags/example_trigger_target_dag.py
[2025-08-19T18:36:34.739+0000] {logging_mixin.py:151} INFO - [2025-08-19T18:36:34.739+0000] {dag.py:2941} INFO - Sync 1 DAGs
[2025-08-19T18:36:34.761+0000] {logging_mixin.py:151} INFO - [2025-08-19T18:36:34.760+0000] {dag.py:3722} INFO - Setting next_dagrun for example_trigger_target_dag to None, run_after=None
[2025-08-19T18:36:34.790+0000] {processor.py:179} INFO - Processing /home/airflow/.local/lib/python3.8/site-packages/airflow/example_dags/example_trigger_target_dag.py took 0.112 seconds
[2025-08-19T18:37:06.582+0000] {processor.py:157} INFO - Started process (PID=733) to work on /home/airflow/.local/lib/python3.8/site-packages/airflow/example_dags/example_trigger_target_dag.py
[2025-08-19T18:37:06.584+0000] {processor.py:829} INFO - Processing file /home/airflow/.local/lib/python3.8/site-packages/airflow/example_dags/example_trigger_target_dag.py for tasks to queue
[2025-08-19T18:37:06.588+0000] {logging_mixin.py:151} INFO - [2025-08-19T18:37:06.587+0000] {dagbag.py:536} INFO - Filling up the DagBag from /home/airflow/.local/lib/python3.8/site-packages/airflow/example_dags/example_trigger_target_dag.py
[2025-08-19T18:37:06.605+0000] {processor.py:839} INFO - DAG(s) dict_keys(['example_trigger_target_dag']) retrieved from /home/airflow/.local/lib/python3.8/site-packages/airflow/example_dags/example_trigger_target_dag.py
[2025-08-19T18:37:06.681+0000] {logging_mixin.py:151} INFO - [2025-08-19T18:37:06.680+0000] {dag.py:2941} INFO - Sync 1 DAGs
[2025-08-19T18:37:06.732+0000] {logging_mixin.py:151} INFO - [2025-08-19T18:37:06.732+0000] {dag.py:3722} INFO - Setting next_dagrun for example_trigger_target_dag to None, run_after=None
[2025-08-19T18:37:06.799+0000] {processor.py:179} INFO - Processing /home/airflow/.local/lib/python3.8/site-packages/airflow/example_dags/example_trigger_target_dag.py took 0.223 seconds
[2025-08-19T18:37:39.939+0000] {processor.py:157} INFO - Started process (PID=788) to work on /home/airflow/.local/lib/python3.8/site-packages/airflow/example_dags/example_trigger_target_dag.py
[2025-08-19T18:37:39.945+0000] {processor.py:829} INFO - Processing file /home/airflow/.local/lib/python3.8/site-packages/airflow/example_dags/example_trigger_target_dag.py for tasks to queue
[2025-08-19T18:37:39.950+0000] {logging_mixin.py:151} INFO - [2025-08-19T18:37:39.949+0000] {dagbag.py:536} INFO - Filling up the DagBag from /home/airflow/.local/lib/python3.8/site-packages/airflow/example_dags/example_trigger_target_dag.py
[2025-08-19T18:37:39.995+0000] {processor.py:839} INFO - DAG(s) dict_keys(['example_trigger_target_dag']) retrieved from /home/airflow/.local/lib/python3.8/site-packages/airflow/example_dags/example_trigger_target_dag.py
[2025-08-19T18:37:40.079+0000] {logging_mixin.py:151} INFO - [2025-08-19T18:37:40.079+0000] {dag.py:2941} INFO - Sync 1 DAGs
[2025-08-19T18:37:40.118+0000] {logging_mixin.py:151} INFO - [2025-08-19T18:37:40.118+0000] {dag.py:3722} INFO - Setting next_dagrun for example_trigger_target_dag to None, run_after=None
[2025-08-19T18:37:40.203+0000] {processor.py:179} INFO - Processing /home/airflow/.local/lib/python3.8/site-packages/airflow/example_dags/example_trigger_target_dag.py took 0.286 seconds
[2025-08-19T18:38:10.703+0000] {processor.py:157} INFO - Started process (PID=841) to work on /home/airflow/.local/lib/python3.8/site-packages/airflow/example_dags/example_trigger_target_dag.py
[2025-08-19T18:38:10.705+0000] {processor.py:829} INFO - Processing file /home/airflow/.local/lib/python3.8/site-packages/airflow/example_dags/example_trigger_target_dag.py for tasks to queue
[2025-08-19T18:38:10.709+0000] {logging_mixin.py:151} INFO - [2025-08-19T18:38:10.708+0000] {dagbag.py:536} INFO - Filling up the DagBag from /home/airflow/.local/lib/python3.8/site-packages/airflow/example_dags/example_trigger_target_dag.py
[2025-08-19T18:38:10.718+0000] {processor.py:839} INFO - DAG(s) dict_keys(['example_trigger_target_dag']) retrieved from /home/airflow/.local/lib/python3.8/site-packages/airflow/example_dags/example_trigger_target_dag.py
[2025-08-19T18:38:10.751+0000] {logging_mixin.py:151} INFO - [2025-08-19T18:38:10.750+0000] {dag.py:2941} INFO - Sync 1 DAGs
[2025-08-19T18:38:10.779+0000] {logging_mixin.py:151} INFO - [2025-08-19T18:38:10.778+0000] {dag.py:3722} INFO - Setting next_dagrun for example_trigger_target_dag to None, run_after=None
[2025-08-19T18:38:10.816+0000] {processor.py:179} INFO - Processing /home/airflow/.local/lib/python3.8/site-packages/airflow/example_dags/example_trigger_target_dag.py took 0.125 seconds
[2025-08-19T18:38:41.431+0000] {processor.py:157} INFO - Started process (PID=895) to work on /home/airflow/.local/lib/python3.8/site-packages/airflow/example_dags/example_trigger_target_dag.py
[2025-08-19T18:38:41.433+0000] {processor.py:829} INFO - Processing file /home/airflow/.local/lib/python3.8/site-packages/airflow/example_dags/example_trigger_target_dag.py for tasks to queue
[2025-08-19T18:38:41.436+0000] {logging_mixin.py:151} INFO - [2025-08-19T18:38:41.436+0000] {dagbag.py:536} INFO - Filling up the DagBag from /home/airflow/.local/lib/python3.8/site-packages/airflow/example_dags/example_trigger_target_dag.py
[2025-08-19T18:38:41.445+0000] {processor.py:839} INFO - DAG(s) dict_keys(['example_trigger_target_dag']) retrieved from /home/airflow/.local/lib/python3.8/site-packages/airflow/example_dags/example_trigger_target_dag.py
[2025-08-19T18:38:41.479+0000] {logging_mixin.py:151} INFO - [2025-08-19T18:38:41.479+0000] {dag.py:2941} INFO - Sync 1 DAGs
[2025-08-19T18:38:41.499+0000] {logging_mixin.py:151} INFO - [2025-08-19T18:38:41.498+0000] {dag.py:3722} INFO - Setting next_dagrun for example_trigger_target_dag to None, run_after=None
[2025-08-19T18:38:41.539+0000] {processor.py:179} INFO - Processing /home/airflow/.local/lib/python3.8/site-packages/airflow/example_dags/example_trigger_target_dag.py took 0.115 seconds
[2025-08-19T18:39:13.457+0000] {processor.py:157} INFO - Started process (PID=949) to work on /home/airflow/.local/lib/python3.8/site-packages/airflow/example_dags/example_trigger_target_dag.py
[2025-08-19T18:39:13.459+0000] {processor.py:829} INFO - Processing file /home/airflow/.local/lib/python3.8/site-packages/airflow/example_dags/example_trigger_target_dag.py for tasks to queue
[2025-08-19T18:39:13.462+0000] {logging_mixin.py:151} INFO - [2025-08-19T18:39:13.461+0000] {dagbag.py:536} INFO - Filling up the DagBag from /home/airflow/.local/lib/python3.8/site-packages/airflow/example_dags/example_trigger_target_dag.py
[2025-08-19T18:39:13.471+0000] {processor.py:839} INFO - DAG(s) dict_keys(['example_trigger_target_dag']) retrieved from /home/airflow/.local/lib/python3.8/site-packages/airflow/example_dags/example_trigger_target_dag.py
[2025-08-19T18:39:13.499+0000] {logging_mixin.py:151} INFO - [2025-08-19T18:39:13.499+0000] {dag.py:2941} INFO - Sync 1 DAGs
[2025-08-19T18:39:13.517+0000] {logging_mixin.py:151} INFO - [2025-08-19T18:39:13.516+0000] {dag.py:3722} INFO - Setting next_dagrun for example_trigger_target_dag to None, run_after=None
[2025-08-19T18:39:13.541+0000] {processor.py:179} INFO - Processing /home/airflow/.local/lib/python3.8/site-packages/airflow/example_dags/example_trigger_target_dag.py took 0.089 seconds
