[2025-08-19T18:23:14.613+0000] {processor.py:157} INFO - Started process (PID=129) to work on /home/airflow/.local/lib/python3.8/site-packages/airflow/example_dags/example_dynamic_task_mapping_with_no_taskflow_operators.py
[2025-08-19T18:23:14.617+0000] {processor.py:829} INFO - Processing file /home/airflow/.local/lib/python3.8/site-packages/airflow/example_dags/example_dynamic_task_mapping_with_no_taskflow_operators.py for tasks to queue
[2025-08-19T18:23:14.622+0000] {logging_mixin.py:151} INFO - [2025-08-19T18:23:14.621+0000] {dagbag.py:536} INFO - Filling up the DagBag from /home/airflow/.local/lib/python3.8/site-packages/airflow/example_dags/example_dynamic_task_mapping_with_no_taskflow_operators.py
[2025-08-19T18:23:14.684+0000] {processor.py:839} INFO - DAG(s) dict_keys(['example_dynamic_task_mapping_with_no_taskflow_operators']) retrieved from /home/airflow/.local/lib/python3.8/site-packages/airflow/example_dags/example_dynamic_task_mapping_with_no_taskflow_operators.py
[2025-08-19T18:23:14.931+0000] {logging_mixin.py:151} INFO - [2025-08-19T18:23:14.930+0000] {dag.py:2941} INFO - Sync 1 DAGs
[2025-08-19T18:23:15.089+0000] {logging_mixin.py:151} INFO - [2025-08-19T18:23:15.089+0000] {dag.py:3722} INFO - Setting next_dagrun for example_dynamic_task_mapping_with_no_taskflow_operators to 2025-08-18T18:23:15.086905+00:00, run_after=2025-08-19T18:23:15.086905+00:00
[2025-08-19T18:23:15.643+0000] {processor.py:179} INFO - Processing /home/airflow/.local/lib/python3.8/site-packages/airflow/example_dags/example_dynamic_task_mapping_with_no_taskflow_operators.py took 1.041 seconds
[2025-08-19T18:23:47.215+0000] {processor.py:157} INFO - Started process (PID=183) to work on /home/airflow/.local/lib/python3.8/site-packages/airflow/example_dags/example_dynamic_task_mapping_with_no_taskflow_operators.py
[2025-08-19T18:23:47.349+0000] {processor.py:829} INFO - Processing file /home/airflow/.local/lib/python3.8/site-packages/airflow/example_dags/example_dynamic_task_mapping_with_no_taskflow_operators.py for tasks to queue
[2025-08-19T18:23:47.370+0000] {logging_mixin.py:151} INFO - [2025-08-19T18:23:47.369+0000] {dagbag.py:536} INFO - Filling up the DagBag from /home/airflow/.local/lib/python3.8/site-packages/airflow/example_dags/example_dynamic_task_mapping_with_no_taskflow_operators.py
[2025-08-19T18:23:47.457+0000] {processor.py:839} INFO - DAG(s) dict_keys(['example_dynamic_task_mapping_with_no_taskflow_operators']) retrieved from /home/airflow/.local/lib/python3.8/site-packages/airflow/example_dags/example_dynamic_task_mapping_with_no_taskflow_operators.py
[2025-08-19T18:23:47.617+0000] {logging_mixin.py:151} INFO - [2025-08-19T18:23:47.616+0000] {dag.py:2941} INFO - Sync 1 DAGs
[2025-08-19T18:23:47.767+0000] {logging_mixin.py:151} INFO - [2025-08-19T18:23:47.767+0000] {dag.py:3722} INFO - Setting next_dagrun for example_dynamic_task_mapping_with_no_taskflow_operators to 2025-08-18T18:23:47.766600+00:00, run_after=2025-08-19T18:23:47.766600+00:00
[2025-08-19T18:23:47.901+0000] {processor.py:179} INFO - Processing /home/airflow/.local/lib/python3.8/site-packages/airflow/example_dags/example_dynamic_task_mapping_with_no_taskflow_operators.py took 0.718 seconds
[2025-08-19T18:24:18.833+0000] {processor.py:157} INFO - Started process (PID=237) to work on /home/airflow/.local/lib/python3.8/site-packages/airflow/example_dags/example_dynamic_task_mapping_with_no_taskflow_operators.py
[2025-08-19T18:24:18.835+0000] {processor.py:829} INFO - Processing file /home/airflow/.local/lib/python3.8/site-packages/airflow/example_dags/example_dynamic_task_mapping_with_no_taskflow_operators.py for tasks to queue
[2025-08-19T18:24:18.838+0000] {logging_mixin.py:151} INFO - [2025-08-19T18:24:18.838+0000] {dagbag.py:536} INFO - Filling up the DagBag from /home/airflow/.local/lib/python3.8/site-packages/airflow/example_dags/example_dynamic_task_mapping_with_no_taskflow_operators.py
[2025-08-19T18:24:18.848+0000] {processor.py:839} INFO - DAG(s) dict_keys(['example_dynamic_task_mapping_with_no_taskflow_operators']) retrieved from /home/airflow/.local/lib/python3.8/site-packages/airflow/example_dags/example_dynamic_task_mapping_with_no_taskflow_operators.py
[2025-08-19T18:24:18.882+0000] {logging_mixin.py:151} INFO - [2025-08-19T18:24:18.882+0000] {dag.py:2941} INFO - Sync 1 DAGs
[2025-08-19T18:24:18.915+0000] {logging_mixin.py:151} INFO - [2025-08-19T18:24:18.914+0000] {dag.py:3722} INFO - Setting next_dagrun for example_dynamic_task_mapping_with_no_taskflow_operators to 2025-08-18T18:24:18.913911+00:00, run_after=2025-08-19T18:24:18.913911+00:00
[2025-08-19T18:24:18.942+0000] {processor.py:179} INFO - Processing /home/airflow/.local/lib/python3.8/site-packages/airflow/example_dags/example_dynamic_task_mapping_with_no_taskflow_operators.py took 0.120 seconds
[2025-08-19T18:24:49.777+0000] {processor.py:157} INFO - Started process (PID=291) to work on /home/airflow/.local/lib/python3.8/site-packages/airflow/example_dags/example_dynamic_task_mapping_with_no_taskflow_operators.py
[2025-08-19T18:24:49.780+0000] {processor.py:829} INFO - Processing file /home/airflow/.local/lib/python3.8/site-packages/airflow/example_dags/example_dynamic_task_mapping_with_no_taskflow_operators.py for tasks to queue
[2025-08-19T18:24:49.805+0000] {logging_mixin.py:151} INFO - [2025-08-19T18:24:49.804+0000] {dagbag.py:536} INFO - Filling up the DagBag from /home/airflow/.local/lib/python3.8/site-packages/airflow/example_dags/example_dynamic_task_mapping_with_no_taskflow_operators.py
[2025-08-19T18:24:49.839+0000] {processor.py:839} INFO - DAG(s) dict_keys(['example_dynamic_task_mapping_with_no_taskflow_operators']) retrieved from /home/airflow/.local/lib/python3.8/site-packages/airflow/example_dags/example_dynamic_task_mapping_with_no_taskflow_operators.py
[2025-08-19T18:24:50.021+0000] {logging_mixin.py:151} INFO - [2025-08-19T18:24:50.021+0000] {dag.py:2941} INFO - Sync 1 DAGs
[2025-08-19T18:24:50.183+0000] {logging_mixin.py:151} INFO - [2025-08-19T18:24:50.182+0000] {dag.py:3722} INFO - Setting next_dagrun for example_dynamic_task_mapping_with_no_taskflow_operators to 2025-08-18T18:24:50.181042+00:00, run_after=2025-08-19T18:24:50.181042+00:00
[2025-08-19T18:24:50.327+0000] {processor.py:179} INFO - Processing /home/airflow/.local/lib/python3.8/site-packages/airflow/example_dags/example_dynamic_task_mapping_with_no_taskflow_operators.py took 0.565 seconds
[2025-08-19T18:25:20.592+0000] {processor.py:157} INFO - Started process (PID=345) to work on /home/airflow/.local/lib/python3.8/site-packages/airflow/example_dags/example_dynamic_task_mapping_with_no_taskflow_operators.py
[2025-08-19T18:25:21.163+0000] {processor.py:829} INFO - Processing file /home/airflow/.local/lib/python3.8/site-packages/airflow/example_dags/example_dynamic_task_mapping_with_no_taskflow_operators.py for tasks to queue
[2025-08-19T18:25:21.180+0000] {logging_mixin.py:151} INFO - [2025-08-19T18:25:21.179+0000] {dagbag.py:536} INFO - Filling up the DagBag from /home/airflow/.local/lib/python3.8/site-packages/airflow/example_dags/example_dynamic_task_mapping_with_no_taskflow_operators.py
[2025-08-19T18:25:21.230+0000] {processor.py:839} INFO - DAG(s) dict_keys(['example_dynamic_task_mapping_with_no_taskflow_operators']) retrieved from /home/airflow/.local/lib/python3.8/site-packages/airflow/example_dags/example_dynamic_task_mapping_with_no_taskflow_operators.py
[2025-08-19T18:25:21.378+0000] {logging_mixin.py:151} INFO - [2025-08-19T18:25:21.378+0000] {dag.py:2941} INFO - Sync 1 DAGs
[2025-08-19T18:25:21.495+0000] {logging_mixin.py:151} INFO - [2025-08-19T18:25:21.486+0000] {dag.py:3722} INFO - Setting next_dagrun for example_dynamic_task_mapping_with_no_taskflow_operators to 2025-08-18T18:25:21.485929+00:00, run_after=2025-08-19T18:25:21.485929+00:00
[2025-08-19T18:25:21.686+0000] {processor.py:179} INFO - Processing /home/airflow/.local/lib/python3.8/site-packages/airflow/example_dags/example_dynamic_task_mapping_with_no_taskflow_operators.py took 1.102 seconds
[2025-08-19T18:25:51.763+0000] {processor.py:157} INFO - Started process (PID=400) to work on /home/airflow/.local/lib/python3.8/site-packages/airflow/example_dags/example_dynamic_task_mapping_with_no_taskflow_operators.py
[2025-08-19T18:25:51.765+0000] {processor.py:829} INFO - Processing file /home/airflow/.local/lib/python3.8/site-packages/airflow/example_dags/example_dynamic_task_mapping_with_no_taskflow_operators.py for tasks to queue
[2025-08-19T18:25:51.770+0000] {logging_mixin.py:151} INFO - [2025-08-19T18:25:51.770+0000] {dagbag.py:536} INFO - Filling up the DagBag from /home/airflow/.local/lib/python3.8/site-packages/airflow/example_dags/example_dynamic_task_mapping_with_no_taskflow_operators.py
[2025-08-19T18:25:51.785+0000] {processor.py:839} INFO - DAG(s) dict_keys(['example_dynamic_task_mapping_with_no_taskflow_operators']) retrieved from /home/airflow/.local/lib/python3.8/site-packages/airflow/example_dags/example_dynamic_task_mapping_with_no_taskflow_operators.py
[2025-08-19T18:25:51.850+0000] {logging_mixin.py:151} INFO - [2025-08-19T18:25:51.849+0000] {dag.py:2941} INFO - Sync 1 DAGs
[2025-08-19T18:25:51.922+0000] {logging_mixin.py:151} INFO - [2025-08-19T18:25:51.921+0000] {dag.py:3722} INFO - Setting next_dagrun for example_dynamic_task_mapping_with_no_taskflow_operators to 2025-08-18T18:25:51.920577+00:00, run_after=2025-08-19T18:25:51.920577+00:00
[2025-08-19T18:25:52.024+0000] {processor.py:179} INFO - Processing /home/airflow/.local/lib/python3.8/site-packages/airflow/example_dags/example_dynamic_task_mapping_with_no_taskflow_operators.py took 0.269 seconds
[2025-08-19T18:26:24.367+0000] {processor.py:157} INFO - Started process (PID=454) to work on /home/airflow/.local/lib/python3.8/site-packages/airflow/example_dags/example_dynamic_task_mapping_with_no_taskflow_operators.py
[2025-08-19T18:26:24.374+0000] {processor.py:829} INFO - Processing file /home/airflow/.local/lib/python3.8/site-packages/airflow/example_dags/example_dynamic_task_mapping_with_no_taskflow_operators.py for tasks to queue
[2025-08-19T18:26:24.385+0000] {logging_mixin.py:151} INFO - [2025-08-19T18:26:24.383+0000] {dagbag.py:536} INFO - Filling up the DagBag from /home/airflow/.local/lib/python3.8/site-packages/airflow/example_dags/example_dynamic_task_mapping_with_no_taskflow_operators.py
[2025-08-19T18:26:24.415+0000] {processor.py:839} INFO - DAG(s) dict_keys(['example_dynamic_task_mapping_with_no_taskflow_operators']) retrieved from /home/airflow/.local/lib/python3.8/site-packages/airflow/example_dags/example_dynamic_task_mapping_with_no_taskflow_operators.py
[2025-08-19T18:26:24.483+0000] {logging_mixin.py:151} INFO - [2025-08-19T18:26:24.483+0000] {dag.py:2941} INFO - Sync 1 DAGs
[2025-08-19T18:26:24.530+0000] {logging_mixin.py:151} INFO - [2025-08-19T18:26:24.530+0000] {dag.py:3722} INFO - Setting next_dagrun for example_dynamic_task_mapping_with_no_taskflow_operators to 2025-08-18T18:26:24.529769+00:00, run_after=2025-08-19T18:26:24.529769+00:00
[2025-08-19T18:26:24.580+0000] {processor.py:179} INFO - Processing /home/airflow/.local/lib/python3.8/site-packages/airflow/example_dags/example_dynamic_task_mapping_with_no_taskflow_operators.py took 0.223 seconds
[2025-08-19T18:26:55.588+0000] {processor.py:157} INFO - Started process (PID=508) to work on /home/airflow/.local/lib/python3.8/site-packages/airflow/example_dags/example_dynamic_task_mapping_with_no_taskflow_operators.py
[2025-08-19T18:26:55.591+0000] {processor.py:829} INFO - Processing file /home/airflow/.local/lib/python3.8/site-packages/airflow/example_dags/example_dynamic_task_mapping_with_no_taskflow_operators.py for tasks to queue
[2025-08-19T18:26:55.598+0000] {logging_mixin.py:151} INFO - [2025-08-19T18:26:55.597+0000] {dagbag.py:536} INFO - Filling up the DagBag from /home/airflow/.local/lib/python3.8/site-packages/airflow/example_dags/example_dynamic_task_mapping_with_no_taskflow_operators.py
[2025-08-19T18:26:55.618+0000] {processor.py:839} INFO - DAG(s) dict_keys(['example_dynamic_task_mapping_with_no_taskflow_operators']) retrieved from /home/airflow/.local/lib/python3.8/site-packages/airflow/example_dags/example_dynamic_task_mapping_with_no_taskflow_operators.py
[2025-08-19T18:26:55.677+0000] {logging_mixin.py:151} INFO - [2025-08-19T18:26:55.676+0000] {dag.py:2941} INFO - Sync 1 DAGs
[2025-08-19T18:26:55.740+0000] {logging_mixin.py:151} INFO - [2025-08-19T18:26:55.740+0000] {dag.py:3722} INFO - Setting next_dagrun for example_dynamic_task_mapping_with_no_taskflow_operators to 2025-08-18T18:26:55.739941+00:00, run_after=2025-08-19T18:26:55.739941+00:00
[2025-08-19T18:26:55.799+0000] {processor.py:179} INFO - Processing /home/airflow/.local/lib/python3.8/site-packages/airflow/example_dags/example_dynamic_task_mapping_with_no_taskflow_operators.py took 0.220 seconds
[2025-08-19T18:27:26.595+0000] {processor.py:157} INFO - Started process (PID=562) to work on /home/airflow/.local/lib/python3.8/site-packages/airflow/example_dags/example_dynamic_task_mapping_with_no_taskflow_operators.py
[2025-08-19T18:27:26.599+0000] {processor.py:829} INFO - Processing file /home/airflow/.local/lib/python3.8/site-packages/airflow/example_dags/example_dynamic_task_mapping_with_no_taskflow_operators.py for tasks to queue
[2025-08-19T18:27:26.605+0000] {logging_mixin.py:151} INFO - [2025-08-19T18:27:26.604+0000] {dagbag.py:536} INFO - Filling up the DagBag from /home/airflow/.local/lib/python3.8/site-packages/airflow/example_dags/example_dynamic_task_mapping_with_no_taskflow_operators.py
[2025-08-19T18:27:26.624+0000] {processor.py:839} INFO - DAG(s) dict_keys(['example_dynamic_task_mapping_with_no_taskflow_operators']) retrieved from /home/airflow/.local/lib/python3.8/site-packages/airflow/example_dags/example_dynamic_task_mapping_with_no_taskflow_operators.py
[2025-08-19T18:27:26.712+0000] {logging_mixin.py:151} INFO - [2025-08-19T18:27:26.711+0000] {dag.py:2941} INFO - Sync 1 DAGs
[2025-08-19T18:27:26.863+0000] {logging_mixin.py:151} INFO - [2025-08-19T18:27:26.862+0000] {dag.py:3722} INFO - Setting next_dagrun for example_dynamic_task_mapping_with_no_taskflow_operators to 2025-08-18T18:27:26.861767+00:00, run_after=2025-08-19T18:27:26.861767+00:00
[2025-08-19T18:27:26.966+0000] {processor.py:179} INFO - Processing /home/airflow/.local/lib/python3.8/site-packages/airflow/example_dags/example_dynamic_task_mapping_with_no_taskflow_operators.py took 0.378 seconds
[2025-08-19T18:27:57.105+0000] {processor.py:157} INFO - Started process (PID=616) to work on /home/airflow/.local/lib/python3.8/site-packages/airflow/example_dags/example_dynamic_task_mapping_with_no_taskflow_operators.py
[2025-08-19T18:27:57.107+0000] {processor.py:829} INFO - Processing file /home/airflow/.local/lib/python3.8/site-packages/airflow/example_dags/example_dynamic_task_mapping_with_no_taskflow_operators.py for tasks to queue
[2025-08-19T18:27:57.113+0000] {logging_mixin.py:151} INFO - [2025-08-19T18:27:57.112+0000] {dagbag.py:536} INFO - Filling up the DagBag from /home/airflow/.local/lib/python3.8/site-packages/airflow/example_dags/example_dynamic_task_mapping_with_no_taskflow_operators.py
[2025-08-19T18:27:57.128+0000] {processor.py:839} INFO - DAG(s) dict_keys(['example_dynamic_task_mapping_with_no_taskflow_operators']) retrieved from /home/airflow/.local/lib/python3.8/site-packages/airflow/example_dags/example_dynamic_task_mapping_with_no_taskflow_operators.py
[2025-08-19T18:27:57.175+0000] {logging_mixin.py:151} INFO - [2025-08-19T18:27:57.174+0000] {dag.py:2941} INFO - Sync 1 DAGs
[2025-08-19T18:27:57.215+0000] {logging_mixin.py:151} INFO - [2025-08-19T18:27:57.214+0000] {dag.py:3722} INFO - Setting next_dagrun for example_dynamic_task_mapping_with_no_taskflow_operators to 2025-08-18T18:27:57.214481+00:00, run_after=2025-08-19T18:27:57.214481+00:00
[2025-08-19T18:27:57.250+0000] {processor.py:179} INFO - Processing /home/airflow/.local/lib/python3.8/site-packages/airflow/example_dags/example_dynamic_task_mapping_with_no_taskflow_operators.py took 0.152 seconds
[2025-08-19T18:28:27.665+0000] {processor.py:157} INFO - Started process (PID=670) to work on /home/airflow/.local/lib/python3.8/site-packages/airflow/example_dags/example_dynamic_task_mapping_with_no_taskflow_operators.py
[2025-08-19T18:28:27.668+0000] {processor.py:829} INFO - Processing file /home/airflow/.local/lib/python3.8/site-packages/airflow/example_dags/example_dynamic_task_mapping_with_no_taskflow_operators.py for tasks to queue
[2025-08-19T18:28:27.677+0000] {logging_mixin.py:151} INFO - [2025-08-19T18:28:27.676+0000] {dagbag.py:536} INFO - Filling up the DagBag from /home/airflow/.local/lib/python3.8/site-packages/airflow/example_dags/example_dynamic_task_mapping_with_no_taskflow_operators.py
[2025-08-19T18:28:27.692+0000] {processor.py:839} INFO - DAG(s) dict_keys(['example_dynamic_task_mapping_with_no_taskflow_operators']) retrieved from /home/airflow/.local/lib/python3.8/site-packages/airflow/example_dags/example_dynamic_task_mapping_with_no_taskflow_operators.py
[2025-08-19T18:28:27.745+0000] {logging_mixin.py:151} INFO - [2025-08-19T18:28:27.745+0000] {dag.py:2941} INFO - Sync 1 DAGs
[2025-08-19T18:28:27.790+0000] {logging_mixin.py:151} INFO - [2025-08-19T18:28:27.790+0000] {dag.py:3722} INFO - Setting next_dagrun for example_dynamic_task_mapping_with_no_taskflow_operators to 2025-08-18T18:28:27.789676+00:00, run_after=2025-08-19T18:28:27.789676+00:00
[2025-08-19T18:28:27.833+0000] {processor.py:179} INFO - Processing /home/airflow/.local/lib/python3.8/site-packages/airflow/example_dags/example_dynamic_task_mapping_with_no_taskflow_operators.py took 0.178 seconds
[2025-08-19T18:28:58.247+0000] {processor.py:157} INFO - Started process (PID=724) to work on /home/airflow/.local/lib/python3.8/site-packages/airflow/example_dags/example_dynamic_task_mapping_with_no_taskflow_operators.py
[2025-08-19T18:28:58.249+0000] {processor.py:829} INFO - Processing file /home/airflow/.local/lib/python3.8/site-packages/airflow/example_dags/example_dynamic_task_mapping_with_no_taskflow_operators.py for tasks to queue
[2025-08-19T18:28:58.255+0000] {logging_mixin.py:151} INFO - [2025-08-19T18:28:58.254+0000] {dagbag.py:536} INFO - Filling up the DagBag from /home/airflow/.local/lib/python3.8/site-packages/airflow/example_dags/example_dynamic_task_mapping_with_no_taskflow_operators.py
[2025-08-19T18:28:58.267+0000] {processor.py:839} INFO - DAG(s) dict_keys(['example_dynamic_task_mapping_with_no_taskflow_operators']) retrieved from /home/airflow/.local/lib/python3.8/site-packages/airflow/example_dags/example_dynamic_task_mapping_with_no_taskflow_operators.py
[2025-08-19T18:28:58.313+0000] {logging_mixin.py:151} INFO - [2025-08-19T18:28:58.312+0000] {dag.py:2941} INFO - Sync 1 DAGs
[2025-08-19T18:28:58.356+0000] {logging_mixin.py:151} INFO - [2025-08-19T18:28:58.355+0000] {dag.py:3722} INFO - Setting next_dagrun for example_dynamic_task_mapping_with_no_taskflow_operators to 2025-08-18T18:28:58.355461+00:00, run_after=2025-08-19T18:28:58.355461+00:00
[2025-08-19T18:28:58.398+0000] {processor.py:179} INFO - Processing /home/airflow/.local/lib/python3.8/site-packages/airflow/example_dags/example_dynamic_task_mapping_with_no_taskflow_operators.py took 0.158 seconds
[2025-08-19T18:29:28.811+0000] {processor.py:157} INFO - Started process (PID=777) to work on /home/airflow/.local/lib/python3.8/site-packages/airflow/example_dags/example_dynamic_task_mapping_with_no_taskflow_operators.py
[2025-08-19T18:29:28.813+0000] {processor.py:829} INFO - Processing file /home/airflow/.local/lib/python3.8/site-packages/airflow/example_dags/example_dynamic_task_mapping_with_no_taskflow_operators.py for tasks to queue
[2025-08-19T18:29:28.820+0000] {logging_mixin.py:151} INFO - [2025-08-19T18:29:28.819+0000] {dagbag.py:536} INFO - Filling up the DagBag from /home/airflow/.local/lib/python3.8/site-packages/airflow/example_dags/example_dynamic_task_mapping_with_no_taskflow_operators.py
[2025-08-19T18:29:28.836+0000] {processor.py:839} INFO - DAG(s) dict_keys(['example_dynamic_task_mapping_with_no_taskflow_operators']) retrieved from /home/airflow/.local/lib/python3.8/site-packages/airflow/example_dags/example_dynamic_task_mapping_with_no_taskflow_operators.py
[2025-08-19T18:29:28.872+0000] {logging_mixin.py:151} INFO - [2025-08-19T18:29:28.871+0000] {dag.py:2941} INFO - Sync 1 DAGs
[2025-08-19T18:29:28.936+0000] {logging_mixin.py:151} INFO - [2025-08-19T18:29:28.936+0000] {dag.py:3722} INFO - Setting next_dagrun for example_dynamic_task_mapping_with_no_taskflow_operators to 2025-08-18T18:29:28.936143+00:00, run_after=2025-08-19T18:29:28.936143+00:00
[2025-08-19T18:29:29.304+0000] {processor.py:179} INFO - Processing /home/airflow/.local/lib/python3.8/site-packages/airflow/example_dags/example_dynamic_task_mapping_with_no_taskflow_operators.py took 0.501 seconds
[2025-08-19T18:30:00.252+0000] {processor.py:157} INFO - Started process (PID=823) to work on /home/airflow/.local/lib/python3.8/site-packages/airflow/example_dags/example_dynamic_task_mapping_with_no_taskflow_operators.py
[2025-08-19T18:30:00.254+0000] {processor.py:829} INFO - Processing file /home/airflow/.local/lib/python3.8/site-packages/airflow/example_dags/example_dynamic_task_mapping_with_no_taskflow_operators.py for tasks to queue
[2025-08-19T18:30:00.258+0000] {logging_mixin.py:151} INFO - [2025-08-19T18:30:00.257+0000] {dagbag.py:536} INFO - Filling up the DagBag from /home/airflow/.local/lib/python3.8/site-packages/airflow/example_dags/example_dynamic_task_mapping_with_no_taskflow_operators.py
[2025-08-19T18:30:00.268+0000] {processor.py:839} INFO - DAG(s) dict_keys(['example_dynamic_task_mapping_with_no_taskflow_operators']) retrieved from /home/airflow/.local/lib/python3.8/site-packages/airflow/example_dags/example_dynamic_task_mapping_with_no_taskflow_operators.py
[2025-08-19T18:30:00.315+0000] {logging_mixin.py:151} INFO - [2025-08-19T18:30:00.314+0000] {dag.py:2941} INFO - Sync 1 DAGs
[2025-08-19T18:30:00.589+0000] {logging_mixin.py:151} INFO - [2025-08-19T18:30:00.589+0000] {dag.py:3722} INFO - Setting next_dagrun for example_dynamic_task_mapping_with_no_taskflow_operators to 2025-08-18T18:30:00.588912+00:00, run_after=2025-08-19T18:30:00.588912+00:00
[2025-08-19T18:30:00.625+0000] {processor.py:179} INFO - Processing /home/airflow/.local/lib/python3.8/site-packages/airflow/example_dags/example_dynamic_task_mapping_with_no_taskflow_operators.py took 0.387 seconds
[2025-08-19T18:30:59.819+0000] {processor.py:157} INFO - Started process (PID=120) to work on /home/airflow/.local/lib/python3.8/site-packages/airflow/example_dags/example_dynamic_task_mapping_with_no_taskflow_operators.py
[2025-08-19T18:30:59.821+0000] {processor.py:829} INFO - Processing file /home/airflow/.local/lib/python3.8/site-packages/airflow/example_dags/example_dynamic_task_mapping_with_no_taskflow_operators.py for tasks to queue
[2025-08-19T18:30:59.826+0000] {logging_mixin.py:151} INFO - [2025-08-19T18:30:59.825+0000] {dagbag.py:536} INFO - Filling up the DagBag from /home/airflow/.local/lib/python3.8/site-packages/airflow/example_dags/example_dynamic_task_mapping_with_no_taskflow_operators.py
[2025-08-19T18:30:59.836+0000] {processor.py:839} INFO - DAG(s) dict_keys(['example_dynamic_task_mapping_with_no_taskflow_operators']) retrieved from /home/airflow/.local/lib/python3.8/site-packages/airflow/example_dags/example_dynamic_task_mapping_with_no_taskflow_operators.py
[2025-08-19T18:30:59.885+0000] {logging_mixin.py:151} INFO - [2025-08-19T18:30:59.885+0000] {dag.py:2941} INFO - Sync 1 DAGs
[2025-08-19T18:30:59.936+0000] {logging_mixin.py:151} INFO - [2025-08-19T18:30:59.935+0000] {dag.py:3722} INFO - Setting next_dagrun for example_dynamic_task_mapping_with_no_taskflow_operators to 2025-08-18T18:30:59.932125+00:00, run_after=2025-08-19T18:30:59.932125+00:00
[2025-08-19T18:31:00.004+0000] {processor.py:179} INFO - Processing /home/airflow/.local/lib/python3.8/site-packages/airflow/example_dags/example_dynamic_task_mapping_with_no_taskflow_operators.py took 0.193 seconds
[2025-08-19T18:31:30.190+0000] {processor.py:157} INFO - Started process (PID=175) to work on /home/airflow/.local/lib/python3.8/site-packages/airflow/example_dags/example_dynamic_task_mapping_with_no_taskflow_operators.py
[2025-08-19T18:31:30.192+0000] {processor.py:829} INFO - Processing file /home/airflow/.local/lib/python3.8/site-packages/airflow/example_dags/example_dynamic_task_mapping_with_no_taskflow_operators.py for tasks to queue
[2025-08-19T18:31:30.197+0000] {logging_mixin.py:151} INFO - [2025-08-19T18:31:30.197+0000] {dagbag.py:536} INFO - Filling up the DagBag from /home/airflow/.local/lib/python3.8/site-packages/airflow/example_dags/example_dynamic_task_mapping_with_no_taskflow_operators.py
[2025-08-19T18:31:30.210+0000] {processor.py:839} INFO - DAG(s) dict_keys(['example_dynamic_task_mapping_with_no_taskflow_operators']) retrieved from /home/airflow/.local/lib/python3.8/site-packages/airflow/example_dags/example_dynamic_task_mapping_with_no_taskflow_operators.py
[2025-08-19T18:31:30.245+0000] {logging_mixin.py:151} INFO - [2025-08-19T18:31:30.245+0000] {dag.py:2941} INFO - Sync 1 DAGs
[2025-08-19T18:31:30.288+0000] {logging_mixin.py:151} INFO - [2025-08-19T18:31:30.287+0000] {dag.py:3722} INFO - Setting next_dagrun for example_dynamic_task_mapping_with_no_taskflow_operators to 2025-08-18T18:31:30.286977+00:00, run_after=2025-08-19T18:31:30.286977+00:00
[2025-08-19T18:31:30.340+0000] {processor.py:179} INFO - Processing /home/airflow/.local/lib/python3.8/site-packages/airflow/example_dags/example_dynamic_task_mapping_with_no_taskflow_operators.py took 0.156 seconds
[2025-08-19T18:32:00.496+0000] {processor.py:157} INFO - Started process (PID=229) to work on /home/airflow/.local/lib/python3.8/site-packages/airflow/example_dags/example_dynamic_task_mapping_with_no_taskflow_operators.py
[2025-08-19T18:32:00.498+0000] {processor.py:829} INFO - Processing file /home/airflow/.local/lib/python3.8/site-packages/airflow/example_dags/example_dynamic_task_mapping_with_no_taskflow_operators.py for tasks to queue
[2025-08-19T18:32:00.501+0000] {logging_mixin.py:151} INFO - [2025-08-19T18:32:00.500+0000] {dagbag.py:536} INFO - Filling up the DagBag from /home/airflow/.local/lib/python3.8/site-packages/airflow/example_dags/example_dynamic_task_mapping_with_no_taskflow_operators.py
[2025-08-19T18:32:00.512+0000] {processor.py:839} INFO - DAG(s) dict_keys(['example_dynamic_task_mapping_with_no_taskflow_operators']) retrieved from /home/airflow/.local/lib/python3.8/site-packages/airflow/example_dags/example_dynamic_task_mapping_with_no_taskflow_operators.py
[2025-08-19T18:32:00.549+0000] {logging_mixin.py:151} INFO - [2025-08-19T18:32:00.549+0000] {dag.py:2941} INFO - Sync 1 DAGs
[2025-08-19T18:32:00.579+0000] {logging_mixin.py:151} INFO - [2025-08-19T18:32:00.579+0000] {dag.py:3722} INFO - Setting next_dagrun for example_dynamic_task_mapping_with_no_taskflow_operators to 2025-08-18T18:32:00.579054+00:00, run_after=2025-08-19T18:32:00.579054+00:00
[2025-08-19T18:32:00.610+0000] {processor.py:179} INFO - Processing /home/airflow/.local/lib/python3.8/site-packages/airflow/example_dags/example_dynamic_task_mapping_with_no_taskflow_operators.py took 0.119 seconds
[2025-08-19T18:32:31.330+0000] {processor.py:157} INFO - Started process (PID=283) to work on /home/airflow/.local/lib/python3.8/site-packages/airflow/example_dags/example_dynamic_task_mapping_with_no_taskflow_operators.py
[2025-08-19T18:32:31.332+0000] {processor.py:829} INFO - Processing file /home/airflow/.local/lib/python3.8/site-packages/airflow/example_dags/example_dynamic_task_mapping_with_no_taskflow_operators.py for tasks to queue
[2025-08-19T18:32:31.335+0000] {logging_mixin.py:151} INFO - [2025-08-19T18:32:31.334+0000] {dagbag.py:536} INFO - Filling up the DagBag from /home/airflow/.local/lib/python3.8/site-packages/airflow/example_dags/example_dynamic_task_mapping_with_no_taskflow_operators.py
[2025-08-19T18:32:31.344+0000] {processor.py:839} INFO - DAG(s) dict_keys(['example_dynamic_task_mapping_with_no_taskflow_operators']) retrieved from /home/airflow/.local/lib/python3.8/site-packages/airflow/example_dags/example_dynamic_task_mapping_with_no_taskflow_operators.py
[2025-08-19T18:32:31.388+0000] {logging_mixin.py:151} INFO - [2025-08-19T18:32:31.387+0000] {dag.py:2941} INFO - Sync 1 DAGs
[2025-08-19T18:32:31.437+0000] {logging_mixin.py:151} INFO - [2025-08-19T18:32:31.436+0000] {dag.py:3722} INFO - Setting next_dagrun for example_dynamic_task_mapping_with_no_taskflow_operators to 2025-08-18T18:32:31.436329+00:00, run_after=2025-08-19T18:32:31.436329+00:00
[2025-08-19T18:32:31.471+0000] {processor.py:179} INFO - Processing /home/airflow/.local/lib/python3.8/site-packages/airflow/example_dags/example_dynamic_task_mapping_with_no_taskflow_operators.py took 0.146 seconds
[2025-08-19T18:33:01.957+0000] {processor.py:157} INFO - Started process (PID=330) to work on /home/airflow/.local/lib/python3.8/site-packages/airflow/example_dags/example_dynamic_task_mapping_with_no_taskflow_operators.py
[2025-08-19T18:33:01.959+0000] {processor.py:829} INFO - Processing file /home/airflow/.local/lib/python3.8/site-packages/airflow/example_dags/example_dynamic_task_mapping_with_no_taskflow_operators.py for tasks to queue
[2025-08-19T18:33:01.962+0000] {logging_mixin.py:151} INFO - [2025-08-19T18:33:01.962+0000] {dagbag.py:536} INFO - Filling up the DagBag from /home/airflow/.local/lib/python3.8/site-packages/airflow/example_dags/example_dynamic_task_mapping_with_no_taskflow_operators.py
[2025-08-19T18:33:01.979+0000] {processor.py:839} INFO - DAG(s) dict_keys(['example_dynamic_task_mapping_with_no_taskflow_operators']) retrieved from /home/airflow/.local/lib/python3.8/site-packages/airflow/example_dags/example_dynamic_task_mapping_with_no_taskflow_operators.py
[2025-08-19T18:33:02.026+0000] {logging_mixin.py:151} INFO - [2025-08-19T18:33:02.025+0000] {dag.py:2941} INFO - Sync 1 DAGs
[2025-08-19T18:33:02.079+0000] {logging_mixin.py:151} INFO - [2025-08-19T18:33:02.079+0000] {dag.py:3722} INFO - Setting next_dagrun for example_dynamic_task_mapping_with_no_taskflow_operators to 2025-08-18T18:33:02.079224+00:00, run_after=2025-08-19T18:33:02.079224+00:00
[2025-08-19T18:33:02.118+0000] {processor.py:179} INFO - Processing /home/airflow/.local/lib/python3.8/site-packages/airflow/example_dags/example_dynamic_task_mapping_with_no_taskflow_operators.py took 0.168 seconds
[2025-08-19T18:33:32.485+0000] {processor.py:157} INFO - Started process (PID=384) to work on /home/airflow/.local/lib/python3.8/site-packages/airflow/example_dags/example_dynamic_task_mapping_with_no_taskflow_operators.py
[2025-08-19T18:33:32.487+0000] {processor.py:829} INFO - Processing file /home/airflow/.local/lib/python3.8/site-packages/airflow/example_dags/example_dynamic_task_mapping_with_no_taskflow_operators.py for tasks to queue
[2025-08-19T18:33:32.490+0000] {logging_mixin.py:151} INFO - [2025-08-19T18:33:32.490+0000] {dagbag.py:536} INFO - Filling up the DagBag from /home/airflow/.local/lib/python3.8/site-packages/airflow/example_dags/example_dynamic_task_mapping_with_no_taskflow_operators.py
[2025-08-19T18:33:32.501+0000] {processor.py:839} INFO - DAG(s) dict_keys(['example_dynamic_task_mapping_with_no_taskflow_operators']) retrieved from /home/airflow/.local/lib/python3.8/site-packages/airflow/example_dags/example_dynamic_task_mapping_with_no_taskflow_operators.py
[2025-08-19T18:33:32.534+0000] {logging_mixin.py:151} INFO - [2025-08-19T18:33:32.534+0000] {dag.py:2941} INFO - Sync 1 DAGs
[2025-08-19T18:33:32.568+0000] {logging_mixin.py:151} INFO - [2025-08-19T18:33:32.568+0000] {dag.py:3722} INFO - Setting next_dagrun for example_dynamic_task_mapping_with_no_taskflow_operators to 2025-08-18T18:33:32.567805+00:00, run_after=2025-08-19T18:33:32.567805+00:00
[2025-08-19T18:33:32.603+0000] {processor.py:179} INFO - Processing /home/airflow/.local/lib/python3.8/site-packages/airflow/example_dags/example_dynamic_task_mapping_with_no_taskflow_operators.py took 0.124 seconds
[2025-08-19T18:34:03.237+0000] {processor.py:157} INFO - Started process (PID=438) to work on /home/airflow/.local/lib/python3.8/site-packages/airflow/example_dags/example_dynamic_task_mapping_with_no_taskflow_operators.py
[2025-08-19T18:34:03.241+0000] {processor.py:829} INFO - Processing file /home/airflow/.local/lib/python3.8/site-packages/airflow/example_dags/example_dynamic_task_mapping_with_no_taskflow_operators.py for tasks to queue
[2025-08-19T18:34:03.246+0000] {logging_mixin.py:151} INFO - [2025-08-19T18:34:03.245+0000] {dagbag.py:536} INFO - Filling up the DagBag from /home/airflow/.local/lib/python3.8/site-packages/airflow/example_dags/example_dynamic_task_mapping_with_no_taskflow_operators.py
[2025-08-19T18:34:03.260+0000] {processor.py:839} INFO - DAG(s) dict_keys(['example_dynamic_task_mapping_with_no_taskflow_operators']) retrieved from /home/airflow/.local/lib/python3.8/site-packages/airflow/example_dags/example_dynamic_task_mapping_with_no_taskflow_operators.py
[2025-08-19T18:34:03.300+0000] {logging_mixin.py:151} INFO - [2025-08-19T18:34:03.299+0000] {dag.py:2941} INFO - Sync 1 DAGs
[2025-08-19T18:34:03.339+0000] {logging_mixin.py:151} INFO - [2025-08-19T18:34:03.339+0000] {dag.py:3722} INFO - Setting next_dagrun for example_dynamic_task_mapping_with_no_taskflow_operators to 2025-08-18T18:34:03.338902+00:00, run_after=2025-08-19T18:34:03.338902+00:00
[2025-08-19T18:34:03.377+0000] {processor.py:179} INFO - Processing /home/airflow/.local/lib/python3.8/site-packages/airflow/example_dags/example_dynamic_task_mapping_with_no_taskflow_operators.py took 0.153 seconds
[2025-08-19T18:34:34.181+0000] {processor.py:157} INFO - Started process (PID=492) to work on /home/airflow/.local/lib/python3.8/site-packages/airflow/example_dags/example_dynamic_task_mapping_with_no_taskflow_operators.py
[2025-08-19T18:34:34.182+0000] {processor.py:829} INFO - Processing file /home/airflow/.local/lib/python3.8/site-packages/airflow/example_dags/example_dynamic_task_mapping_with_no_taskflow_operators.py for tasks to queue
[2025-08-19T18:34:34.186+0000] {logging_mixin.py:151} INFO - [2025-08-19T18:34:34.185+0000] {dagbag.py:536} INFO - Filling up the DagBag from /home/airflow/.local/lib/python3.8/site-packages/airflow/example_dags/example_dynamic_task_mapping_with_no_taskflow_operators.py
[2025-08-19T18:34:34.196+0000] {processor.py:839} INFO - DAG(s) dict_keys(['example_dynamic_task_mapping_with_no_taskflow_operators']) retrieved from /home/airflow/.local/lib/python3.8/site-packages/airflow/example_dags/example_dynamic_task_mapping_with_no_taskflow_operators.py
[2025-08-19T18:34:34.226+0000] {logging_mixin.py:151} INFO - [2025-08-19T18:34:34.226+0000] {dag.py:2941} INFO - Sync 1 DAGs
[2025-08-19T18:34:34.254+0000] {logging_mixin.py:151} INFO - [2025-08-19T18:34:34.254+0000] {dag.py:3722} INFO - Setting next_dagrun for example_dynamic_task_mapping_with_no_taskflow_operators to 2025-08-18T18:34:34.254132+00:00, run_after=2025-08-19T18:34:34.254132+00:00
[2025-08-19T18:34:34.284+0000] {processor.py:179} INFO - Processing /home/airflow/.local/lib/python3.8/site-packages/airflow/example_dags/example_dynamic_task_mapping_with_no_taskflow_operators.py took 0.108 seconds
[2025-08-19T18:35:04.720+0000] {processor.py:157} INFO - Started process (PID=546) to work on /home/airflow/.local/lib/python3.8/site-packages/airflow/example_dags/example_dynamic_task_mapping_with_no_taskflow_operators.py
[2025-08-19T18:35:04.724+0000] {processor.py:829} INFO - Processing file /home/airflow/.local/lib/python3.8/site-packages/airflow/example_dags/example_dynamic_task_mapping_with_no_taskflow_operators.py for tasks to queue
[2025-08-19T18:35:04.728+0000] {logging_mixin.py:151} INFO - [2025-08-19T18:35:04.728+0000] {dagbag.py:536} INFO - Filling up the DagBag from /home/airflow/.local/lib/python3.8/site-packages/airflow/example_dags/example_dynamic_task_mapping_with_no_taskflow_operators.py
[2025-08-19T18:35:04.741+0000] {processor.py:839} INFO - DAG(s) dict_keys(['example_dynamic_task_mapping_with_no_taskflow_operators']) retrieved from /home/airflow/.local/lib/python3.8/site-packages/airflow/example_dags/example_dynamic_task_mapping_with_no_taskflow_operators.py
[2025-08-19T18:35:04.780+0000] {logging_mixin.py:151} INFO - [2025-08-19T18:35:04.780+0000] {dag.py:2941} INFO - Sync 1 DAGs
[2025-08-19T18:35:04.821+0000] {logging_mixin.py:151} INFO - [2025-08-19T18:35:04.820+0000] {dag.py:3722} INFO - Setting next_dagrun for example_dynamic_task_mapping_with_no_taskflow_operators to 2025-08-18T18:35:04.820351+00:00, run_after=2025-08-19T18:35:04.820351+00:00
[2025-08-19T18:35:04.854+0000] {processor.py:179} INFO - Processing /home/airflow/.local/lib/python3.8/site-packages/airflow/example_dags/example_dynamic_task_mapping_with_no_taskflow_operators.py took 0.139 seconds
[2025-08-19T18:35:35.360+0000] {processor.py:157} INFO - Started process (PID=600) to work on /home/airflow/.local/lib/python3.8/site-packages/airflow/example_dags/example_dynamic_task_mapping_with_no_taskflow_operators.py
[2025-08-19T18:35:35.367+0000] {processor.py:829} INFO - Processing file /home/airflow/.local/lib/python3.8/site-packages/airflow/example_dags/example_dynamic_task_mapping_with_no_taskflow_operators.py for tasks to queue
[2025-08-19T18:35:35.371+0000] {logging_mixin.py:151} INFO - [2025-08-19T18:35:35.370+0000] {dagbag.py:536} INFO - Filling up the DagBag from /home/airflow/.local/lib/python3.8/site-packages/airflow/example_dags/example_dynamic_task_mapping_with_no_taskflow_operators.py
[2025-08-19T18:35:35.381+0000] {processor.py:839} INFO - DAG(s) dict_keys(['example_dynamic_task_mapping_with_no_taskflow_operators']) retrieved from /home/airflow/.local/lib/python3.8/site-packages/airflow/example_dags/example_dynamic_task_mapping_with_no_taskflow_operators.py
[2025-08-19T18:35:35.411+0000] {logging_mixin.py:151} INFO - [2025-08-19T18:35:35.411+0000] {dag.py:2941} INFO - Sync 1 DAGs
[2025-08-19T18:35:35.448+0000] {logging_mixin.py:151} INFO - [2025-08-19T18:35:35.448+0000] {dag.py:3722} INFO - Setting next_dagrun for example_dynamic_task_mapping_with_no_taskflow_operators to 2025-08-18T18:35:35.448308+00:00, run_after=2025-08-19T18:35:35.448308+00:00
[2025-08-19T18:35:35.479+0000] {processor.py:179} INFO - Processing /home/airflow/.local/lib/python3.8/site-packages/airflow/example_dags/example_dynamic_task_mapping_with_no_taskflow_operators.py took 0.123 seconds
[2025-08-19T18:36:07.438+0000] {processor.py:157} INFO - Started process (PID=654) to work on /home/airflow/.local/lib/python3.8/site-packages/airflow/example_dags/example_dynamic_task_mapping_with_no_taskflow_operators.py
[2025-08-19T18:36:07.472+0000] {processor.py:829} INFO - Processing file /home/airflow/.local/lib/python3.8/site-packages/airflow/example_dags/example_dynamic_task_mapping_with_no_taskflow_operators.py for tasks to queue
[2025-08-19T18:36:07.496+0000] {logging_mixin.py:151} INFO - [2025-08-19T18:36:07.495+0000] {dagbag.py:536} INFO - Filling up the DagBag from /home/airflow/.local/lib/python3.8/site-packages/airflow/example_dags/example_dynamic_task_mapping_with_no_taskflow_operators.py
[2025-08-19T18:36:07.593+0000] {processor.py:839} INFO - DAG(s) dict_keys(['example_dynamic_task_mapping_with_no_taskflow_operators']) retrieved from /home/airflow/.local/lib/python3.8/site-packages/airflow/example_dags/example_dynamic_task_mapping_with_no_taskflow_operators.py
[2025-08-19T18:36:07.699+0000] {logging_mixin.py:151} INFO - [2025-08-19T18:36:07.695+0000] {dag.py:2941} INFO - Sync 1 DAGs
[2025-08-19T18:36:07.861+0000] {logging_mixin.py:151} INFO - [2025-08-19T18:36:07.860+0000] {dag.py:3722} INFO - Setting next_dagrun for example_dynamic_task_mapping_with_no_taskflow_operators to 2025-08-18T18:36:07.859855+00:00, run_after=2025-08-19T18:36:07.859855+00:00
[2025-08-19T18:36:07.935+0000] {processor.py:179} INFO - Processing /home/airflow/.local/lib/python3.8/site-packages/airflow/example_dags/example_dynamic_task_mapping_with_no_taskflow_operators.py took 0.550 seconds
[2025-08-19T18:36:38.700+0000] {processor.py:157} INFO - Started process (PID=708) to work on /home/airflow/.local/lib/python3.8/site-packages/airflow/example_dags/example_dynamic_task_mapping_with_no_taskflow_operators.py
[2025-08-19T18:36:38.702+0000] {processor.py:829} INFO - Processing file /home/airflow/.local/lib/python3.8/site-packages/airflow/example_dags/example_dynamic_task_mapping_with_no_taskflow_operators.py for tasks to queue
[2025-08-19T18:36:38.704+0000] {logging_mixin.py:151} INFO - [2025-08-19T18:36:38.704+0000] {dagbag.py:536} INFO - Filling up the DagBag from /home/airflow/.local/lib/python3.8/site-packages/airflow/example_dags/example_dynamic_task_mapping_with_no_taskflow_operators.py
[2025-08-19T18:36:38.711+0000] {processor.py:839} INFO - DAG(s) dict_keys(['example_dynamic_task_mapping_with_no_taskflow_operators']) retrieved from /home/airflow/.local/lib/python3.8/site-packages/airflow/example_dags/example_dynamic_task_mapping_with_no_taskflow_operators.py
[2025-08-19T18:36:38.740+0000] {logging_mixin.py:151} INFO - [2025-08-19T18:36:38.740+0000] {dag.py:2941} INFO - Sync 1 DAGs
[2025-08-19T18:36:38.778+0000] {logging_mixin.py:151} INFO - [2025-08-19T18:36:38.777+0000] {dag.py:3722} INFO - Setting next_dagrun for example_dynamic_task_mapping_with_no_taskflow_operators to 2025-08-18T18:36:38.777045+00:00, run_after=2025-08-19T18:36:38.777045+00:00
[2025-08-19T18:36:38.825+0000] {processor.py:179} INFO - Processing /home/airflow/.local/lib/python3.8/site-packages/airflow/example_dags/example_dynamic_task_mapping_with_no_taskflow_operators.py took 0.129 seconds
[2025-08-19T18:37:11.077+0000] {processor.py:157} INFO - Started process (PID=762) to work on /home/airflow/.local/lib/python3.8/site-packages/airflow/example_dags/example_dynamic_task_mapping_with_no_taskflow_operators.py
[2025-08-19T18:37:11.081+0000] {processor.py:829} INFO - Processing file /home/airflow/.local/lib/python3.8/site-packages/airflow/example_dags/example_dynamic_task_mapping_with_no_taskflow_operators.py for tasks to queue
[2025-08-19T18:37:11.084+0000] {logging_mixin.py:151} INFO - [2025-08-19T18:37:11.084+0000] {dagbag.py:536} INFO - Filling up the DagBag from /home/airflow/.local/lib/python3.8/site-packages/airflow/example_dags/example_dynamic_task_mapping_with_no_taskflow_operators.py
[2025-08-19T18:37:11.097+0000] {processor.py:839} INFO - DAG(s) dict_keys(['example_dynamic_task_mapping_with_no_taskflow_operators']) retrieved from /home/airflow/.local/lib/python3.8/site-packages/airflow/example_dags/example_dynamic_task_mapping_with_no_taskflow_operators.py
[2025-08-19T18:37:11.137+0000] {logging_mixin.py:151} INFO - [2025-08-19T18:37:11.137+0000] {dag.py:2941} INFO - Sync 1 DAGs
[2025-08-19T18:37:11.169+0000] {logging_mixin.py:151} INFO - [2025-08-19T18:37:11.169+0000] {dag.py:3722} INFO - Setting next_dagrun for example_dynamic_task_mapping_with_no_taskflow_operators to 2025-08-18T18:37:11.168908+00:00, run_after=2025-08-19T18:37:11.168908+00:00
[2025-08-19T18:37:11.209+0000] {processor.py:179} INFO - Processing /home/airflow/.local/lib/python3.8/site-packages/airflow/example_dags/example_dynamic_task_mapping_with_no_taskflow_operators.py took 0.139 seconds
[2025-08-19T18:37:45.194+0000] {processor.py:157} INFO - Started process (PID=817) to work on /home/airflow/.local/lib/python3.8/site-packages/airflow/example_dags/example_dynamic_task_mapping_with_no_taskflow_operators.py
[2025-08-19T18:37:45.196+0000] {processor.py:829} INFO - Processing file /home/airflow/.local/lib/python3.8/site-packages/airflow/example_dags/example_dynamic_task_mapping_with_no_taskflow_operators.py for tasks to queue
[2025-08-19T18:37:45.206+0000] {logging_mixin.py:151} INFO - [2025-08-19T18:37:45.201+0000] {dagbag.py:536} INFO - Filling up the DagBag from /home/airflow/.local/lib/python3.8/site-packages/airflow/example_dags/example_dynamic_task_mapping_with_no_taskflow_operators.py
[2025-08-19T18:37:45.217+0000] {processor.py:839} INFO - DAG(s) dict_keys(['example_dynamic_task_mapping_with_no_taskflow_operators']) retrieved from /home/airflow/.local/lib/python3.8/site-packages/airflow/example_dags/example_dynamic_task_mapping_with_no_taskflow_operators.py
[2025-08-19T18:37:45.253+0000] {logging_mixin.py:151} INFO - [2025-08-19T18:37:45.253+0000] {dag.py:2941} INFO - Sync 1 DAGs
[2025-08-19T18:37:45.302+0000] {logging_mixin.py:151} INFO - [2025-08-19T18:37:45.302+0000] {dag.py:3722} INFO - Setting next_dagrun for example_dynamic_task_mapping_with_no_taskflow_operators to 2025-08-18T18:37:45.302129+00:00, run_after=2025-08-19T18:37:45.302129+00:00
[2025-08-19T18:37:45.342+0000] {processor.py:179} INFO - Processing /home/airflow/.local/lib/python3.8/site-packages/airflow/example_dags/example_dynamic_task_mapping_with_no_taskflow_operators.py took 0.153 seconds
[2025-08-19T18:38:15.655+0000] {processor.py:157} INFO - Started process (PID=871) to work on /home/airflow/.local/lib/python3.8/site-packages/airflow/example_dags/example_dynamic_task_mapping_with_no_taskflow_operators.py
[2025-08-19T18:38:15.657+0000] {processor.py:829} INFO - Processing file /home/airflow/.local/lib/python3.8/site-packages/airflow/example_dags/example_dynamic_task_mapping_with_no_taskflow_operators.py for tasks to queue
[2025-08-19T18:38:15.660+0000] {logging_mixin.py:151} INFO - [2025-08-19T18:38:15.660+0000] {dagbag.py:536} INFO - Filling up the DagBag from /home/airflow/.local/lib/python3.8/site-packages/airflow/example_dags/example_dynamic_task_mapping_with_no_taskflow_operators.py
[2025-08-19T18:38:15.669+0000] {processor.py:839} INFO - DAG(s) dict_keys(['example_dynamic_task_mapping_with_no_taskflow_operators']) retrieved from /home/airflow/.local/lib/python3.8/site-packages/airflow/example_dags/example_dynamic_task_mapping_with_no_taskflow_operators.py
[2025-08-19T18:38:15.699+0000] {logging_mixin.py:151} INFO - [2025-08-19T18:38:15.698+0000] {dag.py:2941} INFO - Sync 1 DAGs
[2025-08-19T18:38:15.732+0000] {logging_mixin.py:151} INFO - [2025-08-19T18:38:15.731+0000] {dag.py:3722} INFO - Setting next_dagrun for example_dynamic_task_mapping_with_no_taskflow_operators to 2025-08-18T18:38:15.731384+00:00, run_after=2025-08-19T18:38:15.731384+00:00
[2025-08-19T18:38:15.760+0000] {processor.py:179} INFO - Processing /home/airflow/.local/lib/python3.8/site-packages/airflow/example_dags/example_dynamic_task_mapping_with_no_taskflow_operators.py took 0.110 seconds
[2025-08-19T18:38:46.467+0000] {processor.py:157} INFO - Started process (PID=925) to work on /home/airflow/.local/lib/python3.8/site-packages/airflow/example_dags/example_dynamic_task_mapping_with_no_taskflow_operators.py
[2025-08-19T18:38:46.469+0000] {processor.py:829} INFO - Processing file /home/airflow/.local/lib/python3.8/site-packages/airflow/example_dags/example_dynamic_task_mapping_with_no_taskflow_operators.py for tasks to queue
[2025-08-19T18:38:46.472+0000] {logging_mixin.py:151} INFO - [2025-08-19T18:38:46.471+0000] {dagbag.py:536} INFO - Filling up the DagBag from /home/airflow/.local/lib/python3.8/site-packages/airflow/example_dags/example_dynamic_task_mapping_with_no_taskflow_operators.py
[2025-08-19T18:38:46.482+0000] {processor.py:839} INFO - DAG(s) dict_keys(['example_dynamic_task_mapping_with_no_taskflow_operators']) retrieved from /home/airflow/.local/lib/python3.8/site-packages/airflow/example_dags/example_dynamic_task_mapping_with_no_taskflow_operators.py
[2025-08-19T18:38:46.513+0000] {logging_mixin.py:151} INFO - [2025-08-19T18:38:46.513+0000] {dag.py:2941} INFO - Sync 1 DAGs
[2025-08-19T18:38:46.545+0000] {logging_mixin.py:151} INFO - [2025-08-19T18:38:46.545+0000] {dag.py:3722} INFO - Setting next_dagrun for example_dynamic_task_mapping_with_no_taskflow_operators to 2025-08-18T18:38:46.545239+00:00, run_after=2025-08-19T18:38:46.545239+00:00
[2025-08-19T18:38:46.574+0000] {processor.py:179} INFO - Processing /home/airflow/.local/lib/python3.8/site-packages/airflow/example_dags/example_dynamic_task_mapping_with_no_taskflow_operators.py took 0.111 seconds
[2025-08-19T18:39:17.047+0000] {processor.py:157} INFO - Started process (PID=979) to work on /home/airflow/.local/lib/python3.8/site-packages/airflow/example_dags/example_dynamic_task_mapping_with_no_taskflow_operators.py
[2025-08-19T18:39:17.049+0000] {processor.py:829} INFO - Processing file /home/airflow/.local/lib/python3.8/site-packages/airflow/example_dags/example_dynamic_task_mapping_with_no_taskflow_operators.py for tasks to queue
[2025-08-19T18:39:17.052+0000] {logging_mixin.py:151} INFO - [2025-08-19T18:39:17.052+0000] {dagbag.py:536} INFO - Filling up the DagBag from /home/airflow/.local/lib/python3.8/site-packages/airflow/example_dags/example_dynamic_task_mapping_with_no_taskflow_operators.py
[2025-08-19T18:39:17.062+0000] {processor.py:839} INFO - DAG(s) dict_keys(['example_dynamic_task_mapping_with_no_taskflow_operators']) retrieved from /home/airflow/.local/lib/python3.8/site-packages/airflow/example_dags/example_dynamic_task_mapping_with_no_taskflow_operators.py
[2025-08-19T18:39:17.106+0000] {logging_mixin.py:151} INFO - [2025-08-19T18:39:17.105+0000] {dag.py:2941} INFO - Sync 1 DAGs
[2025-08-19T18:39:17.138+0000] {logging_mixin.py:151} INFO - [2025-08-19T18:39:17.138+0000] {dag.py:3722} INFO - Setting next_dagrun for example_dynamic_task_mapping_with_no_taskflow_operators to 2025-08-18T18:39:17.138024+00:00, run_after=2025-08-19T18:39:17.138024+00:00
[2025-08-19T18:39:17.170+0000] {processor.py:179} INFO - Processing /home/airflow/.local/lib/python3.8/site-packages/airflow/example_dags/example_dynamic_task_mapping_with_no_taskflow_operators.py took 0.129 seconds
