[2025-08-19T18:23:01.686+0000] {processor.py:157} INFO - Started process (PID=101) to work on /home/airflow/.local/lib/python3.8/site-packages/airflow/example_dags/example_latest_only.py
[2025-08-19T18:23:01.712+0000] {processor.py:829} INFO - Processing file /home/airflow/.local/lib/python3.8/site-packages/airflow/example_dags/example_latest_only.py for tasks to queue
[2025-08-19T18:23:01.877+0000] {logging_mixin.py:151} INFO - [2025-08-19T18:23:01.869+0000] {dagbag.py:536} INFO - Filling up the DagBag from /home/airflow/.local/lib/python3.8/site-packages/airflow/example_dags/example_latest_only.py
[2025-08-19T18:23:02.020+0000] {processor.py:839} INFO - DAG(s) dict_keys(['latest_only']) retrieved from /home/airflow/.local/lib/python3.8/site-packages/airflow/example_dags/example_latest_only.py
[2025-08-19T18:23:02.236+0000] {logging_mixin.py:151} INFO - [2025-08-19T18:23:02.235+0000] {dag.py:2941} INFO - Sync 1 DAGs
[2025-08-19T18:23:02.393+0000] {logging_mixin.py:151} INFO - [2025-08-19T18:23:02.392+0000] {dag.py:3722} INFO - Setting next_dagrun for latest_only to 2025-08-19T14:23:02.390849+00:00, run_after=2025-08-19T18:23:02.390849+00:00
[2025-08-19T18:23:02.512+0000] {processor.py:179} INFO - Processing /home/airflow/.local/lib/python3.8/site-packages/airflow/example_dags/example_latest_only.py took 0.865 seconds
[2025-08-19T18:23:33.397+0000] {processor.py:157} INFO - Started process (PID=156) to work on /home/airflow/.local/lib/python3.8/site-packages/airflow/example_dags/example_latest_only.py
[2025-08-19T18:23:33.398+0000] {processor.py:829} INFO - Processing file /home/airflow/.local/lib/python3.8/site-packages/airflow/example_dags/example_latest_only.py for tasks to queue
[2025-08-19T18:23:33.403+0000] {logging_mixin.py:151} INFO - [2025-08-19T18:23:33.403+0000] {dagbag.py:536} INFO - Filling up the DagBag from /home/airflow/.local/lib/python3.8/site-packages/airflow/example_dags/example_latest_only.py
[2025-08-19T18:23:33.411+0000] {processor.py:839} INFO - DAG(s) dict_keys(['latest_only']) retrieved from /home/airflow/.local/lib/python3.8/site-packages/airflow/example_dags/example_latest_only.py
[2025-08-19T18:23:33.446+0000] {logging_mixin.py:151} INFO - [2025-08-19T18:23:33.446+0000] {dag.py:2941} INFO - Sync 1 DAGs
[2025-08-19T18:23:33.485+0000] {logging_mixin.py:151} INFO - [2025-08-19T18:23:33.485+0000] {dag.py:3722} INFO - Setting next_dagrun for latest_only to 2025-08-19T14:23:33.484430+00:00, run_after=2025-08-19T18:23:33.484430+00:00
[2025-08-19T18:23:33.526+0000] {processor.py:179} INFO - Processing /home/airflow/.local/lib/python3.8/site-packages/airflow/example_dags/example_latest_only.py took 0.136 seconds
[2025-08-19T18:24:05.446+0000] {processor.py:157} INFO - Started process (PID=210) to work on /home/airflow/.local/lib/python3.8/site-packages/airflow/example_dags/example_latest_only.py
[2025-08-19T18:24:05.448+0000] {processor.py:829} INFO - Processing file /home/airflow/.local/lib/python3.8/site-packages/airflow/example_dags/example_latest_only.py for tasks to queue
[2025-08-19T18:24:05.452+0000] {logging_mixin.py:151} INFO - [2025-08-19T18:24:05.452+0000] {dagbag.py:536} INFO - Filling up the DagBag from /home/airflow/.local/lib/python3.8/site-packages/airflow/example_dags/example_latest_only.py
[2025-08-19T18:24:05.470+0000] {processor.py:839} INFO - DAG(s) dict_keys(['latest_only']) retrieved from /home/airflow/.local/lib/python3.8/site-packages/airflow/example_dags/example_latest_only.py
[2025-08-19T18:24:05.522+0000] {logging_mixin.py:151} INFO - [2025-08-19T18:24:05.521+0000] {dag.py:2941} INFO - Sync 1 DAGs
[2025-08-19T18:24:05.593+0000] {logging_mixin.py:151} INFO - [2025-08-19T18:24:05.593+0000] {dag.py:3722} INFO - Setting next_dagrun for latest_only to 2025-08-19T14:24:05.591883+00:00, run_after=2025-08-19T18:24:05.591883+00:00
[2025-08-19T18:24:05.658+0000] {processor.py:179} INFO - Processing /home/airflow/.local/lib/python3.8/site-packages/airflow/example_dags/example_latest_only.py took 0.218 seconds
[2025-08-19T18:24:41.875+0000] {processor.py:157} INFO - Started process (PID=271) to work on /home/airflow/.local/lib/python3.8/site-packages/airflow/example_dags/example_latest_only.py
[2025-08-19T18:24:41.887+0000] {processor.py:829} INFO - Processing file /home/airflow/.local/lib/python3.8/site-packages/airflow/example_dags/example_latest_only.py for tasks to queue
[2025-08-19T18:24:41.904+0000] {logging_mixin.py:151} INFO - [2025-08-19T18:24:41.903+0000] {dagbag.py:536} INFO - Filling up the DagBag from /home/airflow/.local/lib/python3.8/site-packages/airflow/example_dags/example_latest_only.py
[2025-08-19T18:24:41.951+0000] {processor.py:839} INFO - DAG(s) dict_keys(['latest_only']) retrieved from /home/airflow/.local/lib/python3.8/site-packages/airflow/example_dags/example_latest_only.py
[2025-08-19T18:24:42.084+0000] {logging_mixin.py:151} INFO - [2025-08-19T18:24:42.083+0000] {dag.py:2941} INFO - Sync 1 DAGs
[2025-08-19T18:24:42.216+0000] {logging_mixin.py:151} INFO - [2025-08-19T18:24:42.213+0000] {dag.py:3722} INFO - Setting next_dagrun for latest_only to 2025-08-19T14:24:42.212667+00:00, run_after=2025-08-19T18:24:42.212667+00:00
[2025-08-19T18:24:42.328+0000] {processor.py:179} INFO - Processing /home/airflow/.local/lib/python3.8/site-packages/airflow/example_dags/example_latest_only.py took 0.482 seconds
[2025-08-19T18:25:13.108+0000] {processor.py:157} INFO - Started process (PID=318) to work on /home/airflow/.local/lib/python3.8/site-packages/airflow/example_dags/example_latest_only.py
[2025-08-19T18:25:13.110+0000] {processor.py:829} INFO - Processing file /home/airflow/.local/lib/python3.8/site-packages/airflow/example_dags/example_latest_only.py for tasks to queue
[2025-08-19T18:25:13.113+0000] {logging_mixin.py:151} INFO - [2025-08-19T18:25:13.112+0000] {dagbag.py:536} INFO - Filling up the DagBag from /home/airflow/.local/lib/python3.8/site-packages/airflow/example_dags/example_latest_only.py
[2025-08-19T18:25:13.121+0000] {processor.py:839} INFO - DAG(s) dict_keys(['latest_only']) retrieved from /home/airflow/.local/lib/python3.8/site-packages/airflow/example_dags/example_latest_only.py
[2025-08-19T18:25:13.162+0000] {logging_mixin.py:151} INFO - [2025-08-19T18:25:13.161+0000] {dag.py:2941} INFO - Sync 1 DAGs
[2025-08-19T18:25:13.203+0000] {logging_mixin.py:151} INFO - [2025-08-19T18:25:13.202+0000] {dag.py:3722} INFO - Setting next_dagrun for latest_only to 2025-08-19T14:25:13.202105+00:00, run_after=2025-08-19T18:25:13.202105+00:00
[2025-08-19T18:25:13.252+0000] {processor.py:179} INFO - Processing /home/airflow/.local/lib/python3.8/site-packages/airflow/example_dags/example_latest_only.py took 0.148 seconds
[2025-08-19T18:25:43.671+0000] {processor.py:157} INFO - Started process (PID=372) to work on /home/airflow/.local/lib/python3.8/site-packages/airflow/example_dags/example_latest_only.py
[2025-08-19T18:25:43.673+0000] {processor.py:829} INFO - Processing file /home/airflow/.local/lib/python3.8/site-packages/airflow/example_dags/example_latest_only.py for tasks to queue
[2025-08-19T18:25:43.679+0000] {logging_mixin.py:151} INFO - [2025-08-19T18:25:43.679+0000] {dagbag.py:536} INFO - Filling up the DagBag from /home/airflow/.local/lib/python3.8/site-packages/airflow/example_dags/example_latest_only.py
[2025-08-19T18:25:43.689+0000] {processor.py:839} INFO - DAG(s) dict_keys(['latest_only']) retrieved from /home/airflow/.local/lib/python3.8/site-packages/airflow/example_dags/example_latest_only.py
[2025-08-19T18:25:43.733+0000] {logging_mixin.py:151} INFO - [2025-08-19T18:25:43.732+0000] {dag.py:2941} INFO - Sync 1 DAGs
[2025-08-19T18:25:43.775+0000] {logging_mixin.py:151} INFO - [2025-08-19T18:25:43.774+0000] {dag.py:3722} INFO - Setting next_dagrun for latest_only to 2025-08-19T14:25:43.774505+00:00, run_after=2025-08-19T18:25:43.774505+00:00
[2025-08-19T18:25:43.817+0000] {processor.py:179} INFO - Processing /home/airflow/.local/lib/python3.8/site-packages/airflow/example_dags/example_latest_only.py took 0.151 seconds
[2025-08-19T18:26:15.911+0000] {processor.py:157} INFO - Started process (PID=426) to work on /home/airflow/.local/lib/python3.8/site-packages/airflow/example_dags/example_latest_only.py
[2025-08-19T18:26:15.918+0000] {processor.py:829} INFO - Processing file /home/airflow/.local/lib/python3.8/site-packages/airflow/example_dags/example_latest_only.py for tasks to queue
[2025-08-19T18:26:15.945+0000] {logging_mixin.py:151} INFO - [2025-08-19T18:26:15.943+0000] {dagbag.py:536} INFO - Filling up the DagBag from /home/airflow/.local/lib/python3.8/site-packages/airflow/example_dags/example_latest_only.py
[2025-08-19T18:26:15.990+0000] {processor.py:839} INFO - DAG(s) dict_keys(['latest_only']) retrieved from /home/airflow/.local/lib/python3.8/site-packages/airflow/example_dags/example_latest_only.py
[2025-08-19T18:26:16.163+0000] {logging_mixin.py:151} INFO - [2025-08-19T18:26:16.162+0000] {dag.py:2941} INFO - Sync 1 DAGs
[2025-08-19T18:26:16.350+0000] {logging_mixin.py:151} INFO - [2025-08-19T18:26:16.349+0000] {dag.py:3722} INFO - Setting next_dagrun for latest_only to 2025-08-19T14:26:16.330135+00:00, run_after=2025-08-19T18:26:16.330135+00:00
[2025-08-19T18:26:16.472+0000] {processor.py:179} INFO - Processing /home/airflow/.local/lib/python3.8/site-packages/airflow/example_dags/example_latest_only.py took 0.589 seconds
[2025-08-19T18:26:46.960+0000] {processor.py:157} INFO - Started process (PID=479) to work on /home/airflow/.local/lib/python3.8/site-packages/airflow/example_dags/example_latest_only.py
[2025-08-19T18:26:46.962+0000] {processor.py:829} INFO - Processing file /home/airflow/.local/lib/python3.8/site-packages/airflow/example_dags/example_latest_only.py for tasks to queue
[2025-08-19T18:26:46.967+0000] {logging_mixin.py:151} INFO - [2025-08-19T18:26:46.966+0000] {dagbag.py:536} INFO - Filling up the DagBag from /home/airflow/.local/lib/python3.8/site-packages/airflow/example_dags/example_latest_only.py
[2025-08-19T18:26:46.988+0000] {processor.py:839} INFO - DAG(s) dict_keys(['latest_only']) retrieved from /home/airflow/.local/lib/python3.8/site-packages/airflow/example_dags/example_latest_only.py
[2025-08-19T18:26:47.049+0000] {logging_mixin.py:151} INFO - [2025-08-19T18:26:47.049+0000] {dag.py:2941} INFO - Sync 1 DAGs
[2025-08-19T18:26:47.108+0000] {logging_mixin.py:151} INFO - [2025-08-19T18:26:47.107+0000] {dag.py:3722} INFO - Setting next_dagrun for latest_only to 2025-08-19T14:26:47.107068+00:00, run_after=2025-08-19T18:26:47.107068+00:00
[2025-08-19T18:26:47.157+0000] {processor.py:179} INFO - Processing /home/airflow/.local/lib/python3.8/site-packages/airflow/example_dags/example_latest_only.py took 0.210 seconds
[2025-08-19T18:27:17.678+0000] {processor.py:157} INFO - Started process (PID=533) to work on /home/airflow/.local/lib/python3.8/site-packages/airflow/example_dags/example_latest_only.py
[2025-08-19T18:27:17.680+0000] {processor.py:829} INFO - Processing file /home/airflow/.local/lib/python3.8/site-packages/airflow/example_dags/example_latest_only.py for tasks to queue
[2025-08-19T18:27:17.684+0000] {logging_mixin.py:151} INFO - [2025-08-19T18:27:17.683+0000] {dagbag.py:536} INFO - Filling up the DagBag from /home/airflow/.local/lib/python3.8/site-packages/airflow/example_dags/example_latest_only.py
[2025-08-19T18:27:17.698+0000] {processor.py:839} INFO - DAG(s) dict_keys(['latest_only']) retrieved from /home/airflow/.local/lib/python3.8/site-packages/airflow/example_dags/example_latest_only.py
[2025-08-19T18:27:17.743+0000] {logging_mixin.py:151} INFO - [2025-08-19T18:27:17.743+0000] {dag.py:2941} INFO - Sync 1 DAGs
[2025-08-19T18:27:17.783+0000] {logging_mixin.py:151} INFO - [2025-08-19T18:27:17.782+0000] {dag.py:3722} INFO - Setting next_dagrun for latest_only to 2025-08-19T14:27:17.782278+00:00, run_after=2025-08-19T18:27:17.782278+00:00
[2025-08-19T18:27:17.819+0000] {processor.py:179} INFO - Processing /home/airflow/.local/lib/python3.8/site-packages/airflow/example_dags/example_latest_only.py took 0.149 seconds
[2025-08-19T18:27:48.380+0000] {processor.py:157} INFO - Started process (PID=587) to work on /home/airflow/.local/lib/python3.8/site-packages/airflow/example_dags/example_latest_only.py
[2025-08-19T18:27:48.381+0000] {processor.py:829} INFO - Processing file /home/airflow/.local/lib/python3.8/site-packages/airflow/example_dags/example_latest_only.py for tasks to queue
[2025-08-19T18:27:48.383+0000] {logging_mixin.py:151} INFO - [2025-08-19T18:27:48.383+0000] {dagbag.py:536} INFO - Filling up the DagBag from /home/airflow/.local/lib/python3.8/site-packages/airflow/example_dags/example_latest_only.py
[2025-08-19T18:27:48.391+0000] {processor.py:839} INFO - DAG(s) dict_keys(['latest_only']) retrieved from /home/airflow/.local/lib/python3.8/site-packages/airflow/example_dags/example_latest_only.py
[2025-08-19T18:27:48.425+0000] {logging_mixin.py:151} INFO - [2025-08-19T18:27:48.424+0000] {dag.py:2941} INFO - Sync 1 DAGs
[2025-08-19T18:27:48.462+0000] {logging_mixin.py:151} INFO - [2025-08-19T18:27:48.462+0000] {dag.py:3722} INFO - Setting next_dagrun for latest_only to 2025-08-19T14:27:48.461895+00:00, run_after=2025-08-19T18:27:48.461895+00:00
[2025-08-19T18:27:48.502+0000] {processor.py:179} INFO - Processing /home/airflow/.local/lib/python3.8/site-packages/airflow/example_dags/example_latest_only.py took 0.127 seconds
[2025-08-19T18:28:18.872+0000] {processor.py:157} INFO - Started process (PID=640) to work on /home/airflow/.local/lib/python3.8/site-packages/airflow/example_dags/example_latest_only.py
[2025-08-19T18:28:18.884+0000] {processor.py:829} INFO - Processing file /home/airflow/.local/lib/python3.8/site-packages/airflow/example_dags/example_latest_only.py for tasks to queue
[2025-08-19T18:28:18.891+0000] {logging_mixin.py:151} INFO - [2025-08-19T18:28:18.890+0000] {dagbag.py:536} INFO - Filling up the DagBag from /home/airflow/.local/lib/python3.8/site-packages/airflow/example_dags/example_latest_only.py
[2025-08-19T18:28:18.908+0000] {processor.py:839} INFO - DAG(s) dict_keys(['latest_only']) retrieved from /home/airflow/.local/lib/python3.8/site-packages/airflow/example_dags/example_latest_only.py
[2025-08-19T18:28:18.960+0000] {logging_mixin.py:151} INFO - [2025-08-19T18:28:18.959+0000] {dag.py:2941} INFO - Sync 1 DAGs
[2025-08-19T18:28:19.046+0000] {logging_mixin.py:151} INFO - [2025-08-19T18:28:19.045+0000] {dag.py:3722} INFO - Setting next_dagrun for latest_only to 2025-08-19T14:28:19.044909+00:00, run_after=2025-08-19T18:28:19.044909+00:00
[2025-08-19T18:28:19.187+0000] {processor.py:179} INFO - Processing /home/airflow/.local/lib/python3.8/site-packages/airflow/example_dags/example_latest_only.py took 0.328 seconds
[2025-08-19T18:28:49.577+0000] {processor.py:157} INFO - Started process (PID=694) to work on /home/airflow/.local/lib/python3.8/site-packages/airflow/example_dags/example_latest_only.py
[2025-08-19T18:28:49.579+0000] {processor.py:829} INFO - Processing file /home/airflow/.local/lib/python3.8/site-packages/airflow/example_dags/example_latest_only.py for tasks to queue
[2025-08-19T18:28:49.583+0000] {logging_mixin.py:151} INFO - [2025-08-19T18:28:49.583+0000] {dagbag.py:536} INFO - Filling up the DagBag from /home/airflow/.local/lib/python3.8/site-packages/airflow/example_dags/example_latest_only.py
[2025-08-19T18:28:49.591+0000] {processor.py:839} INFO - DAG(s) dict_keys(['latest_only']) retrieved from /home/airflow/.local/lib/python3.8/site-packages/airflow/example_dags/example_latest_only.py
[2025-08-19T18:28:49.622+0000] {logging_mixin.py:151} INFO - [2025-08-19T18:28:49.621+0000] {dag.py:2941} INFO - Sync 1 DAGs
[2025-08-19T18:28:49.655+0000] {logging_mixin.py:151} INFO - [2025-08-19T18:28:49.655+0000] {dag.py:3722} INFO - Setting next_dagrun for latest_only to 2025-08-19T14:28:49.654237+00:00, run_after=2025-08-19T18:28:49.654237+00:00
[2025-08-19T18:28:49.688+0000] {processor.py:179} INFO - Processing /home/airflow/.local/lib/python3.8/site-packages/airflow/example_dags/example_latest_only.py took 0.116 seconds
[2025-08-19T18:29:20.108+0000] {processor.py:157} INFO - Started process (PID=748) to work on /home/airflow/.local/lib/python3.8/site-packages/airflow/example_dags/example_latest_only.py
[2025-08-19T18:29:20.111+0000] {processor.py:829} INFO - Processing file /home/airflow/.local/lib/python3.8/site-packages/airflow/example_dags/example_latest_only.py for tasks to queue
[2025-08-19T18:29:20.116+0000] {logging_mixin.py:151} INFO - [2025-08-19T18:29:20.116+0000] {dagbag.py:536} INFO - Filling up the DagBag from /home/airflow/.local/lib/python3.8/site-packages/airflow/example_dags/example_latest_only.py
[2025-08-19T18:29:20.139+0000] {processor.py:839} INFO - DAG(s) dict_keys(['latest_only']) retrieved from /home/airflow/.local/lib/python3.8/site-packages/airflow/example_dags/example_latest_only.py
[2025-08-19T18:29:20.195+0000] {logging_mixin.py:151} INFO - [2025-08-19T18:29:20.195+0000] {dag.py:2941} INFO - Sync 1 DAGs
[2025-08-19T18:29:20.244+0000] {logging_mixin.py:151} INFO - [2025-08-19T18:29:20.243+0000] {dag.py:3722} INFO - Setting next_dagrun for latest_only to 2025-08-19T14:29:20.243086+00:00, run_after=2025-08-19T18:29:20.243086+00:00
[2025-08-19T18:29:20.307+0000] {processor.py:179} INFO - Processing /home/airflow/.local/lib/python3.8/site-packages/airflow/example_dags/example_latest_only.py took 0.212 seconds
[2025-08-19T18:29:50.657+0000] {processor.py:157} INFO - Started process (PID=802) to work on /home/airflow/.local/lib/python3.8/site-packages/airflow/example_dags/example_latest_only.py
[2025-08-19T18:29:50.659+0000] {processor.py:829} INFO - Processing file /home/airflow/.local/lib/python3.8/site-packages/airflow/example_dags/example_latest_only.py for tasks to queue
[2025-08-19T18:29:50.666+0000] {logging_mixin.py:151} INFO - [2025-08-19T18:29:50.666+0000] {dagbag.py:536} INFO - Filling up the DagBag from /home/airflow/.local/lib/python3.8/site-packages/airflow/example_dags/example_latest_only.py
[2025-08-19T18:29:50.674+0000] {processor.py:839} INFO - DAG(s) dict_keys(['latest_only']) retrieved from /home/airflow/.local/lib/python3.8/site-packages/airflow/example_dags/example_latest_only.py
[2025-08-19T18:29:50.702+0000] {logging_mixin.py:151} INFO - [2025-08-19T18:29:50.701+0000] {dag.py:2941} INFO - Sync 1 DAGs
[2025-08-19T18:29:50.734+0000] {logging_mixin.py:151} INFO - [2025-08-19T18:29:50.733+0000] {dag.py:3722} INFO - Setting next_dagrun for latest_only to 2025-08-19T14:29:50.733255+00:00, run_after=2025-08-19T18:29:50.733255+00:00
[2025-08-19T18:29:50.763+0000] {processor.py:179} INFO - Processing /home/airflow/.local/lib/python3.8/site-packages/airflow/example_dags/example_latest_only.py took 0.111 seconds
[2025-08-19T18:30:55.907+0000] {processor.py:157} INFO - Started process (PID=100) to work on /home/airflow/.local/lib/python3.8/site-packages/airflow/example_dags/example_latest_only.py
[2025-08-19T18:30:55.909+0000] {processor.py:829} INFO - Processing file /home/airflow/.local/lib/python3.8/site-packages/airflow/example_dags/example_latest_only.py for tasks to queue
[2025-08-19T18:30:55.913+0000] {logging_mixin.py:151} INFO - [2025-08-19T18:30:55.913+0000] {dagbag.py:536} INFO - Filling up the DagBag from /home/airflow/.local/lib/python3.8/site-packages/airflow/example_dags/example_latest_only.py
[2025-08-19T18:30:55.922+0000] {processor.py:839} INFO - DAG(s) dict_keys(['latest_only']) retrieved from /home/airflow/.local/lib/python3.8/site-packages/airflow/example_dags/example_latest_only.py
[2025-08-19T18:30:55.959+0000] {logging_mixin.py:151} INFO - [2025-08-19T18:30:55.959+0000] {dag.py:2941} INFO - Sync 1 DAGs
[2025-08-19T18:30:56.001+0000] {logging_mixin.py:151} INFO - [2025-08-19T18:30:56.001+0000] {dag.py:3722} INFO - Setting next_dagrun for latest_only to 2025-08-19T14:30:55.999903+00:00, run_after=2025-08-19T18:30:55.999903+00:00
[2025-08-19T18:30:56.053+0000] {processor.py:179} INFO - Processing /home/airflow/.local/lib/python3.8/site-packages/airflow/example_dags/example_latest_only.py took 0.155 seconds
[2025-08-19T18:31:27.121+0000] {processor.py:157} INFO - Started process (PID=154) to work on /home/airflow/.local/lib/python3.8/site-packages/airflow/example_dags/example_latest_only.py
[2025-08-19T18:31:27.123+0000] {processor.py:829} INFO - Processing file /home/airflow/.local/lib/python3.8/site-packages/airflow/example_dags/example_latest_only.py for tasks to queue
[2025-08-19T18:31:27.129+0000] {logging_mixin.py:151} INFO - [2025-08-19T18:31:27.128+0000] {dagbag.py:536} INFO - Filling up the DagBag from /home/airflow/.local/lib/python3.8/site-packages/airflow/example_dags/example_latest_only.py
[2025-08-19T18:31:27.143+0000] {processor.py:839} INFO - DAG(s) dict_keys(['latest_only']) retrieved from /home/airflow/.local/lib/python3.8/site-packages/airflow/example_dags/example_latest_only.py
[2025-08-19T18:31:27.211+0000] {logging_mixin.py:151} INFO - [2025-08-19T18:31:27.211+0000] {dag.py:2941} INFO - Sync 1 DAGs
[2025-08-19T18:31:27.276+0000] {logging_mixin.py:151} INFO - [2025-08-19T18:31:27.276+0000] {dag.py:3722} INFO - Setting next_dagrun for latest_only to 2025-08-19T14:31:27.275838+00:00, run_after=2025-08-19T18:31:27.275838+00:00
[2025-08-19T18:31:27.343+0000] {processor.py:179} INFO - Processing /home/airflow/.local/lib/python3.8/site-packages/airflow/example_dags/example_latest_only.py took 0.235 seconds
[2025-08-19T18:31:58.191+0000] {processor.py:157} INFO - Started process (PID=202) to work on /home/airflow/.local/lib/python3.8/site-packages/airflow/example_dags/example_latest_only.py
[2025-08-19T18:31:58.193+0000] {processor.py:829} INFO - Processing file /home/airflow/.local/lib/python3.8/site-packages/airflow/example_dags/example_latest_only.py for tasks to queue
[2025-08-19T18:31:58.196+0000] {logging_mixin.py:151} INFO - [2025-08-19T18:31:58.196+0000] {dagbag.py:536} INFO - Filling up the DagBag from /home/airflow/.local/lib/python3.8/site-packages/airflow/example_dags/example_latest_only.py
[2025-08-19T18:31:58.204+0000] {processor.py:839} INFO - DAG(s) dict_keys(['latest_only']) retrieved from /home/airflow/.local/lib/python3.8/site-packages/airflow/example_dags/example_latest_only.py
[2025-08-19T18:31:58.251+0000] {logging_mixin.py:151} INFO - [2025-08-19T18:31:58.250+0000] {dag.py:2941} INFO - Sync 1 DAGs
[2025-08-19T18:31:58.291+0000] {logging_mixin.py:151} INFO - [2025-08-19T18:31:58.290+0000] {dag.py:3722} INFO - Setting next_dagrun for latest_only to 2025-08-19T14:31:58.290448+00:00, run_after=2025-08-19T18:31:58.290448+00:00
[2025-08-19T18:31:58.332+0000] {processor.py:179} INFO - Processing /home/airflow/.local/lib/python3.8/site-packages/airflow/example_dags/example_latest_only.py took 0.147 seconds
[2025-08-19T18:32:28.882+0000] {processor.py:157} INFO - Started process (PID=256) to work on /home/airflow/.local/lib/python3.8/site-packages/airflow/example_dags/example_latest_only.py
[2025-08-19T18:32:28.884+0000] {processor.py:829} INFO - Processing file /home/airflow/.local/lib/python3.8/site-packages/airflow/example_dags/example_latest_only.py for tasks to queue
[2025-08-19T18:32:28.892+0000] {logging_mixin.py:151} INFO - [2025-08-19T18:32:28.891+0000] {dagbag.py:536} INFO - Filling up the DagBag from /home/airflow/.local/lib/python3.8/site-packages/airflow/example_dags/example_latest_only.py
[2025-08-19T18:32:28.911+0000] {processor.py:839} INFO - DAG(s) dict_keys(['latest_only']) retrieved from /home/airflow/.local/lib/python3.8/site-packages/airflow/example_dags/example_latest_only.py
[2025-08-19T18:32:28.955+0000] {logging_mixin.py:151} INFO - [2025-08-19T18:32:28.954+0000] {dag.py:2941} INFO - Sync 1 DAGs
[2025-08-19T18:32:29.006+0000] {logging_mixin.py:151} INFO - [2025-08-19T18:32:29.006+0000] {dag.py:3722} INFO - Setting next_dagrun for latest_only to 2025-08-19T14:32:29.005690+00:00, run_after=2025-08-19T18:32:29.005690+00:00
[2025-08-19T18:32:29.056+0000] {processor.py:179} INFO - Processing /home/airflow/.local/lib/python3.8/site-packages/airflow/example_dags/example_latest_only.py took 0.179 seconds
[2025-08-19T18:32:59.687+0000] {processor.py:157} INFO - Started process (PID=310) to work on /home/airflow/.local/lib/python3.8/site-packages/airflow/example_dags/example_latest_only.py
[2025-08-19T18:32:59.689+0000] {processor.py:829} INFO - Processing file /home/airflow/.local/lib/python3.8/site-packages/airflow/example_dags/example_latest_only.py for tasks to queue
[2025-08-19T18:32:59.693+0000] {logging_mixin.py:151} INFO - [2025-08-19T18:32:59.693+0000] {dagbag.py:536} INFO - Filling up the DagBag from /home/airflow/.local/lib/python3.8/site-packages/airflow/example_dags/example_latest_only.py
[2025-08-19T18:32:59.704+0000] {processor.py:839} INFO - DAG(s) dict_keys(['latest_only']) retrieved from /home/airflow/.local/lib/python3.8/site-packages/airflow/example_dags/example_latest_only.py
[2025-08-19T18:32:59.743+0000] {logging_mixin.py:151} INFO - [2025-08-19T18:32:59.742+0000] {dag.py:2941} INFO - Sync 1 DAGs
[2025-08-19T18:32:59.779+0000] {logging_mixin.py:151} INFO - [2025-08-19T18:32:59.779+0000] {dag.py:3722} INFO - Setting next_dagrun for latest_only to 2025-08-19T14:32:59.779334+00:00, run_after=2025-08-19T18:32:59.779334+00:00
[2025-08-19T18:32:59.822+0000] {processor.py:179} INFO - Processing /home/airflow/.local/lib/python3.8/site-packages/airflow/example_dags/example_latest_only.py took 0.143 seconds
[2025-08-19T18:33:30.536+0000] {processor.py:157} INFO - Started process (PID=364) to work on /home/airflow/.local/lib/python3.8/site-packages/airflow/example_dags/example_latest_only.py
[2025-08-19T18:33:30.538+0000] {processor.py:829} INFO - Processing file /home/airflow/.local/lib/python3.8/site-packages/airflow/example_dags/example_latest_only.py for tasks to queue
[2025-08-19T18:33:30.542+0000] {logging_mixin.py:151} INFO - [2025-08-19T18:33:30.542+0000] {dagbag.py:536} INFO - Filling up the DagBag from /home/airflow/.local/lib/python3.8/site-packages/airflow/example_dags/example_latest_only.py
[2025-08-19T18:33:30.552+0000] {processor.py:839} INFO - DAG(s) dict_keys(['latest_only']) retrieved from /home/airflow/.local/lib/python3.8/site-packages/airflow/example_dags/example_latest_only.py
[2025-08-19T18:33:30.584+0000] {logging_mixin.py:151} INFO - [2025-08-19T18:33:30.584+0000] {dag.py:2941} INFO - Sync 1 DAGs
[2025-08-19T18:33:30.617+0000] {logging_mixin.py:151} INFO - [2025-08-19T18:33:30.616+0000] {dag.py:3722} INFO - Setting next_dagrun for latest_only to 2025-08-19T14:33:30.612162+00:00, run_after=2025-08-19T18:33:30.612162+00:00
[2025-08-19T18:33:30.660+0000] {processor.py:179} INFO - Processing /home/airflow/.local/lib/python3.8/site-packages/airflow/example_dags/example_latest_only.py took 0.129 seconds
[2025-08-19T18:34:01.242+0000] {processor.py:157} INFO - Started process (PID=418) to work on /home/airflow/.local/lib/python3.8/site-packages/airflow/example_dags/example_latest_only.py
[2025-08-19T18:34:01.245+0000] {processor.py:829} INFO - Processing file /home/airflow/.local/lib/python3.8/site-packages/airflow/example_dags/example_latest_only.py for tasks to queue
[2025-08-19T18:34:01.255+0000] {logging_mixin.py:151} INFO - [2025-08-19T18:34:01.255+0000] {dagbag.py:536} INFO - Filling up the DagBag from /home/airflow/.local/lib/python3.8/site-packages/airflow/example_dags/example_latest_only.py
[2025-08-19T18:34:01.264+0000] {processor.py:839} INFO - DAG(s) dict_keys(['latest_only']) retrieved from /home/airflow/.local/lib/python3.8/site-packages/airflow/example_dags/example_latest_only.py
[2025-08-19T18:34:01.299+0000] {logging_mixin.py:151} INFO - [2025-08-19T18:34:01.299+0000] {dag.py:2941} INFO - Sync 1 DAGs
[2025-08-19T18:34:01.331+0000] {logging_mixin.py:151} INFO - [2025-08-19T18:34:01.330+0000] {dag.py:3722} INFO - Setting next_dagrun for latest_only to 2025-08-19T14:34:01.330229+00:00, run_after=2025-08-19T18:34:01.330229+00:00
[2025-08-19T18:34:01.357+0000] {processor.py:179} INFO - Processing /home/airflow/.local/lib/python3.8/site-packages/airflow/example_dags/example_latest_only.py took 0.121 seconds
[2025-08-19T18:34:31.996+0000] {processor.py:157} INFO - Started process (PID=472) to work on /home/airflow/.local/lib/python3.8/site-packages/airflow/example_dags/example_latest_only.py
[2025-08-19T18:34:31.997+0000] {processor.py:829} INFO - Processing file /home/airflow/.local/lib/python3.8/site-packages/airflow/example_dags/example_latest_only.py for tasks to queue
[2025-08-19T18:34:32.000+0000] {logging_mixin.py:151} INFO - [2025-08-19T18:34:32.000+0000] {dagbag.py:536} INFO - Filling up the DagBag from /home/airflow/.local/lib/python3.8/site-packages/airflow/example_dags/example_latest_only.py
[2025-08-19T18:34:32.011+0000] {processor.py:839} INFO - DAG(s) dict_keys(['latest_only']) retrieved from /home/airflow/.local/lib/python3.8/site-packages/airflow/example_dags/example_latest_only.py
[2025-08-19T18:34:32.050+0000] {logging_mixin.py:151} INFO - [2025-08-19T18:34:32.050+0000] {dag.py:2941} INFO - Sync 1 DAGs
[2025-08-19T18:34:32.078+0000] {logging_mixin.py:151} INFO - [2025-08-19T18:34:32.078+0000] {dag.py:3722} INFO - Setting next_dagrun for latest_only to 2025-08-19T14:34:32.077995+00:00, run_after=2025-08-19T18:34:32.077995+00:00
[2025-08-19T18:34:32.114+0000] {processor.py:179} INFO - Processing /home/airflow/.local/lib/python3.8/site-packages/airflow/example_dags/example_latest_only.py took 0.123 seconds
[2025-08-19T18:35:02.674+0000] {processor.py:157} INFO - Started process (PID=526) to work on /home/airflow/.local/lib/python3.8/site-packages/airflow/example_dags/example_latest_only.py
[2025-08-19T18:35:02.677+0000] {processor.py:829} INFO - Processing file /home/airflow/.local/lib/python3.8/site-packages/airflow/example_dags/example_latest_only.py for tasks to queue
[2025-08-19T18:35:02.683+0000] {logging_mixin.py:151} INFO - [2025-08-19T18:35:02.682+0000] {dagbag.py:536} INFO - Filling up the DagBag from /home/airflow/.local/lib/python3.8/site-packages/airflow/example_dags/example_latest_only.py
[2025-08-19T18:35:02.692+0000] {processor.py:839} INFO - DAG(s) dict_keys(['latest_only']) retrieved from /home/airflow/.local/lib/python3.8/site-packages/airflow/example_dags/example_latest_only.py
[2025-08-19T18:35:02.726+0000] {logging_mixin.py:151} INFO - [2025-08-19T18:35:02.726+0000] {dag.py:2941} INFO - Sync 1 DAGs
[2025-08-19T18:35:02.758+0000] {logging_mixin.py:151} INFO - [2025-08-19T18:35:02.757+0000] {dag.py:3722} INFO - Setting next_dagrun for latest_only to 2025-08-19T14:35:02.757416+00:00, run_after=2025-08-19T18:35:02.757416+00:00
[2025-08-19T18:35:02.785+0000] {processor.py:179} INFO - Processing /home/airflow/.local/lib/python3.8/site-packages/airflow/example_dags/example_latest_only.py took 0.119 seconds
[2025-08-19T18:35:33.383+0000] {processor.py:157} INFO - Started process (PID=580) to work on /home/airflow/.local/lib/python3.8/site-packages/airflow/example_dags/example_latest_only.py
[2025-08-19T18:35:33.389+0000] {processor.py:829} INFO - Processing file /home/airflow/.local/lib/python3.8/site-packages/airflow/example_dags/example_latest_only.py for tasks to queue
[2025-08-19T18:35:33.394+0000] {logging_mixin.py:151} INFO - [2025-08-19T18:35:33.393+0000] {dagbag.py:536} INFO - Filling up the DagBag from /home/airflow/.local/lib/python3.8/site-packages/airflow/example_dags/example_latest_only.py
[2025-08-19T18:35:33.405+0000] {processor.py:839} INFO - DAG(s) dict_keys(['latest_only']) retrieved from /home/airflow/.local/lib/python3.8/site-packages/airflow/example_dags/example_latest_only.py
[2025-08-19T18:35:33.447+0000] {logging_mixin.py:151} INFO - [2025-08-19T18:35:33.446+0000] {dag.py:2941} INFO - Sync 1 DAGs
[2025-08-19T18:35:33.485+0000] {logging_mixin.py:151} INFO - [2025-08-19T18:35:33.485+0000] {dag.py:3722} INFO - Setting next_dagrun for latest_only to 2025-08-19T14:35:33.485007+00:00, run_after=2025-08-19T18:35:33.485007+00:00
[2025-08-19T18:35:33.523+0000] {processor.py:179} INFO - Processing /home/airflow/.local/lib/python3.8/site-packages/airflow/example_dags/example_latest_only.py took 0.147 seconds
[2025-08-19T18:36:03.820+0000] {processor.py:157} INFO - Started process (PID=634) to work on /home/airflow/.local/lib/python3.8/site-packages/airflow/example_dags/example_latest_only.py
[2025-08-19T18:36:03.823+0000] {processor.py:829} INFO - Processing file /home/airflow/.local/lib/python3.8/site-packages/airflow/example_dags/example_latest_only.py for tasks to queue
[2025-08-19T18:36:03.826+0000] {logging_mixin.py:151} INFO - [2025-08-19T18:36:03.826+0000] {dagbag.py:536} INFO - Filling up the DagBag from /home/airflow/.local/lib/python3.8/site-packages/airflow/example_dags/example_latest_only.py
[2025-08-19T18:36:03.836+0000] {processor.py:839} INFO - DAG(s) dict_keys(['latest_only']) retrieved from /home/airflow/.local/lib/python3.8/site-packages/airflow/example_dags/example_latest_only.py
[2025-08-19T18:36:03.884+0000] {logging_mixin.py:151} INFO - [2025-08-19T18:36:03.884+0000] {dag.py:2941} INFO - Sync 1 DAGs
[2025-08-19T18:36:03.932+0000] {logging_mixin.py:151} INFO - [2025-08-19T18:36:03.931+0000] {dag.py:3722} INFO - Setting next_dagrun for latest_only to 2025-08-19T14:36:03.931162+00:00, run_after=2025-08-19T18:36:03.931162+00:00
[2025-08-19T18:36:03.979+0000] {processor.py:179} INFO - Processing /home/airflow/.local/lib/python3.8/site-packages/airflow/example_dags/example_latest_only.py took 0.166 seconds
[2025-08-19T18:36:35.574+0000] {processor.py:157} INFO - Started process (PID=688) to work on /home/airflow/.local/lib/python3.8/site-packages/airflow/example_dags/example_latest_only.py
[2025-08-19T18:36:35.575+0000] {processor.py:829} INFO - Processing file /home/airflow/.local/lib/python3.8/site-packages/airflow/example_dags/example_latest_only.py for tasks to queue
[2025-08-19T18:36:35.579+0000] {logging_mixin.py:151} INFO - [2025-08-19T18:36:35.578+0000] {dagbag.py:536} INFO - Filling up the DagBag from /home/airflow/.local/lib/python3.8/site-packages/airflow/example_dags/example_latest_only.py
[2025-08-19T18:36:35.590+0000] {processor.py:839} INFO - DAG(s) dict_keys(['latest_only']) retrieved from /home/airflow/.local/lib/python3.8/site-packages/airflow/example_dags/example_latest_only.py
[2025-08-19T18:36:35.625+0000] {logging_mixin.py:151} INFO - [2025-08-19T18:36:35.624+0000] {dag.py:2941} INFO - Sync 1 DAGs
[2025-08-19T18:36:35.661+0000] {logging_mixin.py:151} INFO - [2025-08-19T18:36:35.660+0000] {dag.py:3722} INFO - Setting next_dagrun for latest_only to 2025-08-19T14:36:35.660189+00:00, run_after=2025-08-19T18:36:35.660189+00:00
[2025-08-19T18:36:35.696+0000] {processor.py:179} INFO - Processing /home/airflow/.local/lib/python3.8/site-packages/airflow/example_dags/example_latest_only.py took 0.127 seconds
[2025-08-19T18:37:08.253+0000] {processor.py:157} INFO - Started process (PID=742) to work on /home/airflow/.local/lib/python3.8/site-packages/airflow/example_dags/example_latest_only.py
[2025-08-19T18:37:08.260+0000] {processor.py:829} INFO - Processing file /home/airflow/.local/lib/python3.8/site-packages/airflow/example_dags/example_latest_only.py for tasks to queue
[2025-08-19T18:37:08.268+0000] {logging_mixin.py:151} INFO - [2025-08-19T18:37:08.266+0000] {dagbag.py:536} INFO - Filling up the DagBag from /home/airflow/.local/lib/python3.8/site-packages/airflow/example_dags/example_latest_only.py
[2025-08-19T18:37:08.287+0000] {processor.py:839} INFO - DAG(s) dict_keys(['latest_only']) retrieved from /home/airflow/.local/lib/python3.8/site-packages/airflow/example_dags/example_latest_only.py
[2025-08-19T18:37:08.353+0000] {logging_mixin.py:151} INFO - [2025-08-19T18:37:08.353+0000] {dag.py:2941} INFO - Sync 1 DAGs
[2025-08-19T18:37:08.416+0000] {logging_mixin.py:151} INFO - [2025-08-19T18:37:08.416+0000] {dag.py:3722} INFO - Setting next_dagrun for latest_only to 2025-08-19T14:37:08.415492+00:00, run_after=2025-08-19T18:37:08.415492+00:00
[2025-08-19T18:37:08.499+0000] {processor.py:179} INFO - Processing /home/airflow/.local/lib/python3.8/site-packages/airflow/example_dags/example_latest_only.py took 0.254 seconds
[2025-08-19T18:37:41.893+0000] {processor.py:157} INFO - Started process (PID=797) to work on /home/airflow/.local/lib/python3.8/site-packages/airflow/example_dags/example_latest_only.py
[2025-08-19T18:37:41.898+0000] {processor.py:829} INFO - Processing file /home/airflow/.local/lib/python3.8/site-packages/airflow/example_dags/example_latest_only.py for tasks to queue
[2025-08-19T18:37:41.903+0000] {logging_mixin.py:151} INFO - [2025-08-19T18:37:41.902+0000] {dagbag.py:536} INFO - Filling up the DagBag from /home/airflow/.local/lib/python3.8/site-packages/airflow/example_dags/example_latest_only.py
[2025-08-19T18:37:41.915+0000] {processor.py:839} INFO - DAG(s) dict_keys(['latest_only']) retrieved from /home/airflow/.local/lib/python3.8/site-packages/airflow/example_dags/example_latest_only.py
[2025-08-19T18:37:41.957+0000] {logging_mixin.py:151} INFO - [2025-08-19T18:37:41.957+0000] {dag.py:2941} INFO - Sync 1 DAGs
[2025-08-19T18:37:41.998+0000] {logging_mixin.py:151} INFO - [2025-08-19T18:37:41.997+0000] {dag.py:3722} INFO - Setting next_dagrun for latest_only to 2025-08-19T14:37:41.997365+00:00, run_after=2025-08-19T18:37:41.997365+00:00
[2025-08-19T18:37:42.036+0000] {processor.py:179} INFO - Processing /home/airflow/.local/lib/python3.8/site-packages/airflow/example_dags/example_latest_only.py took 0.149 seconds
[2025-08-19T18:38:12.645+0000] {processor.py:157} INFO - Started process (PID=851) to work on /home/airflow/.local/lib/python3.8/site-packages/airflow/example_dags/example_latest_only.py
[2025-08-19T18:38:12.647+0000] {processor.py:829} INFO - Processing file /home/airflow/.local/lib/python3.8/site-packages/airflow/example_dags/example_latest_only.py for tasks to queue
[2025-08-19T18:38:12.653+0000] {logging_mixin.py:151} INFO - [2025-08-19T18:38:12.652+0000] {dagbag.py:536} INFO - Filling up the DagBag from /home/airflow/.local/lib/python3.8/site-packages/airflow/example_dags/example_latest_only.py
[2025-08-19T18:38:12.666+0000] {processor.py:839} INFO - DAG(s) dict_keys(['latest_only']) retrieved from /home/airflow/.local/lib/python3.8/site-packages/airflow/example_dags/example_latest_only.py
[2025-08-19T18:38:12.725+0000] {logging_mixin.py:151} INFO - [2025-08-19T18:38:12.724+0000] {dag.py:2941} INFO - Sync 1 DAGs
[2025-08-19T18:38:12.773+0000] {logging_mixin.py:151} INFO - [2025-08-19T18:38:12.772+0000] {dag.py:3722} INFO - Setting next_dagrun for latest_only to 2025-08-19T14:38:12.771658+00:00, run_after=2025-08-19T18:38:12.771658+00:00
[2025-08-19T18:38:12.820+0000] {processor.py:179} INFO - Processing /home/airflow/.local/lib/python3.8/site-packages/airflow/example_dags/example_latest_only.py took 0.184 seconds
[2025-08-19T18:38:43.776+0000] {processor.py:157} INFO - Started process (PID=905) to work on /home/airflow/.local/lib/python3.8/site-packages/airflow/example_dags/example_latest_only.py
[2025-08-19T18:38:43.779+0000] {processor.py:829} INFO - Processing file /home/airflow/.local/lib/python3.8/site-packages/airflow/example_dags/example_latest_only.py for tasks to queue
[2025-08-19T18:38:43.783+0000] {logging_mixin.py:151} INFO - [2025-08-19T18:38:43.783+0000] {dagbag.py:536} INFO - Filling up the DagBag from /home/airflow/.local/lib/python3.8/site-packages/airflow/example_dags/example_latest_only.py
[2025-08-19T18:38:43.791+0000] {processor.py:839} INFO - DAG(s) dict_keys(['latest_only']) retrieved from /home/airflow/.local/lib/python3.8/site-packages/airflow/example_dags/example_latest_only.py
[2025-08-19T18:38:43.827+0000] {logging_mixin.py:151} INFO - [2025-08-19T18:38:43.827+0000] {dag.py:2941} INFO - Sync 1 DAGs
[2025-08-19T18:38:43.862+0000] {logging_mixin.py:151} INFO - [2025-08-19T18:38:43.862+0000] {dag.py:3722} INFO - Setting next_dagrun for latest_only to 2025-08-19T14:38:43.862405+00:00, run_after=2025-08-19T18:38:43.862405+00:00
[2025-08-19T18:38:43.890+0000] {processor.py:179} INFO - Processing /home/airflow/.local/lib/python3.8/site-packages/airflow/example_dags/example_latest_only.py took 0.119 seconds
[2025-08-19T18:39:14.629+0000] {processor.py:157} INFO - Started process (PID=959) to work on /home/airflow/.local/lib/python3.8/site-packages/airflow/example_dags/example_latest_only.py
[2025-08-19T18:39:14.630+0000] {processor.py:829} INFO - Processing file /home/airflow/.local/lib/python3.8/site-packages/airflow/example_dags/example_latest_only.py for tasks to queue
[2025-08-19T18:39:14.635+0000] {logging_mixin.py:151} INFO - [2025-08-19T18:39:14.634+0000] {dagbag.py:536} INFO - Filling up the DagBag from /home/airflow/.local/lib/python3.8/site-packages/airflow/example_dags/example_latest_only.py
[2025-08-19T18:39:14.644+0000] {processor.py:839} INFO - DAG(s) dict_keys(['latest_only']) retrieved from /home/airflow/.local/lib/python3.8/site-packages/airflow/example_dags/example_latest_only.py
[2025-08-19T18:39:14.678+0000] {logging_mixin.py:151} INFO - [2025-08-19T18:39:14.678+0000] {dag.py:2941} INFO - Sync 1 DAGs
[2025-08-19T18:39:14.717+0000] {logging_mixin.py:151} INFO - [2025-08-19T18:39:14.717+0000] {dag.py:3722} INFO - Setting next_dagrun for latest_only to 2025-08-19T14:39:14.717034+00:00, run_after=2025-08-19T18:39:14.717034+00:00
[2025-08-19T18:39:14.754+0000] {processor.py:179} INFO - Processing /home/airflow/.local/lib/python3.8/site-packages/airflow/example_dags/example_latest_only.py took 0.131 seconds
