[2025-08-19T18:23:07.341+0000] {processor.py:157} INFO - Started process (PID=119) to work on /home/airflow/.local/lib/python3.8/site-packages/airflow/example_dags/example_sensor_decorator.py
[2025-08-19T18:23:07.358+0000] {processor.py:829} INFO - Processing file /home/airflow/.local/lib/python3.8/site-packages/airflow/example_dags/example_sensor_decorator.py for tasks to queue
[2025-08-19T18:23:07.386+0000] {logging_mixin.py:151} INFO - [2025-08-19T18:23:07.385+0000] {dagbag.py:536} INFO - Filling up the DagBag from /home/airflow/.local/lib/python3.8/site-packages/airflow/example_dags/example_sensor_decorator.py
[2025-08-19T18:23:07.583+0000] {processor.py:839} INFO - DAG(s) dict_keys(['example_sensor_decorator']) retrieved from /home/airflow/.local/lib/python3.8/site-packages/airflow/example_dags/example_sensor_decorator.py
[2025-08-19T18:23:07.824+0000] {logging_mixin.py:151} INFO - [2025-08-19T18:23:07.823+0000] {dag.py:2941} INFO - Sync 1 DAGs
[2025-08-19T18:23:07.964+0000] {logging_mixin.py:151} INFO - [2025-08-19T18:23:07.963+0000] {dag.py:3722} INFO - Setting next_dagrun for example_sensor_decorator to None, run_after=None
[2025-08-19T18:23:08.167+0000] {processor.py:179} INFO - Processing /home/airflow/.local/lib/python3.8/site-packages/airflow/example_dags/example_sensor_decorator.py took 0.872 seconds
[2025-08-19T18:23:38.375+0000] {processor.py:157} INFO - Started process (PID=173) to work on /home/airflow/.local/lib/python3.8/site-packages/airflow/example_dags/example_sensor_decorator.py
[2025-08-19T18:23:38.377+0000] {processor.py:829} INFO - Processing file /home/airflow/.local/lib/python3.8/site-packages/airflow/example_dags/example_sensor_decorator.py for tasks to queue
[2025-08-19T18:23:38.382+0000] {logging_mixin.py:151} INFO - [2025-08-19T18:23:38.381+0000] {dagbag.py:536} INFO - Filling up the DagBag from /home/airflow/.local/lib/python3.8/site-packages/airflow/example_dags/example_sensor_decorator.py
[2025-08-19T18:23:38.394+0000] {processor.py:839} INFO - DAG(s) dict_keys(['example_sensor_decorator']) retrieved from /home/airflow/.local/lib/python3.8/site-packages/airflow/example_dags/example_sensor_decorator.py
[2025-08-19T18:23:38.443+0000] {logging_mixin.py:151} INFO - [2025-08-19T18:23:38.443+0000] {dag.py:2941} INFO - Sync 1 DAGs
[2025-08-19T18:23:38.480+0000] {logging_mixin.py:151} INFO - [2025-08-19T18:23:38.479+0000] {dag.py:3722} INFO - Setting next_dagrun for example_sensor_decorator to None, run_after=None
[2025-08-19T18:23:38.552+0000] {processor.py:179} INFO - Processing /home/airflow/.local/lib/python3.8/site-packages/airflow/example_dags/example_sensor_decorator.py took 0.182 seconds
[2025-08-19T18:24:08.787+0000] {processor.py:157} INFO - Started process (PID=220) to work on /home/airflow/.local/lib/python3.8/site-packages/airflow/example_dags/example_sensor_decorator.py
[2025-08-19T18:24:08.789+0000] {processor.py:829} INFO - Processing file /home/airflow/.local/lib/python3.8/site-packages/airflow/example_dags/example_sensor_decorator.py for tasks to queue
[2025-08-19T18:24:08.793+0000] {logging_mixin.py:151} INFO - [2025-08-19T18:24:08.792+0000] {dagbag.py:536} INFO - Filling up the DagBag from /home/airflow/.local/lib/python3.8/site-packages/airflow/example_dags/example_sensor_decorator.py
[2025-08-19T18:24:08.804+0000] {processor.py:839} INFO - DAG(s) dict_keys(['example_sensor_decorator']) retrieved from /home/airflow/.local/lib/python3.8/site-packages/airflow/example_dags/example_sensor_decorator.py
[2025-08-19T18:24:08.854+0000] {logging_mixin.py:151} INFO - [2025-08-19T18:24:08.854+0000] {dag.py:2941} INFO - Sync 1 DAGs
[2025-08-19T18:24:08.898+0000] {logging_mixin.py:151} INFO - [2025-08-19T18:24:08.897+0000] {dag.py:3722} INFO - Setting next_dagrun for example_sensor_decorator to None, run_after=None
[2025-08-19T18:24:08.972+0000] {processor.py:179} INFO - Processing /home/airflow/.local/lib/python3.8/site-packages/airflow/example_dags/example_sensor_decorator.py took 0.191 seconds
[2025-08-19T18:24:44.971+0000] {processor.py:157} INFO - Started process (PID=281) to work on /home/airflow/.local/lib/python3.8/site-packages/airflow/example_dags/example_sensor_decorator.py
[2025-08-19T18:24:44.992+0000] {processor.py:829} INFO - Processing file /home/airflow/.local/lib/python3.8/site-packages/airflow/example_dags/example_sensor_decorator.py for tasks to queue
[2025-08-19T18:24:45.002+0000] {logging_mixin.py:151} INFO - [2025-08-19T18:24:44.999+0000] {dagbag.py:536} INFO - Filling up the DagBag from /home/airflow/.local/lib/python3.8/site-packages/airflow/example_dags/example_sensor_decorator.py
[2025-08-19T18:24:45.013+0000] {processor.py:839} INFO - DAG(s) dict_keys(['example_sensor_decorator']) retrieved from /home/airflow/.local/lib/python3.8/site-packages/airflow/example_dags/example_sensor_decorator.py
[2025-08-19T18:24:45.112+0000] {logging_mixin.py:151} INFO - [2025-08-19T18:24:45.111+0000] {dag.py:2941} INFO - Sync 1 DAGs
[2025-08-19T18:24:45.180+0000] {logging_mixin.py:151} INFO - [2025-08-19T18:24:45.171+0000] {dag.py:3722} INFO - Setting next_dagrun for example_sensor_decorator to None, run_after=None
[2025-08-19T18:24:45.275+0000] {processor.py:179} INFO - Processing /home/airflow/.local/lib/python3.8/site-packages/airflow/example_dags/example_sensor_decorator.py took 0.310 seconds
[2025-08-19T18:25:15.369+0000] {processor.py:157} INFO - Started process (PID=335) to work on /home/airflow/.local/lib/python3.8/site-packages/airflow/example_dags/example_sensor_decorator.py
[2025-08-19T18:25:15.371+0000] {processor.py:829} INFO - Processing file /home/airflow/.local/lib/python3.8/site-packages/airflow/example_dags/example_sensor_decorator.py for tasks to queue
[2025-08-19T18:25:15.374+0000] {logging_mixin.py:151} INFO - [2025-08-19T18:25:15.374+0000] {dagbag.py:536} INFO - Filling up the DagBag from /home/airflow/.local/lib/python3.8/site-packages/airflow/example_dags/example_sensor_decorator.py
[2025-08-19T18:25:15.382+0000] {processor.py:839} INFO - DAG(s) dict_keys(['example_sensor_decorator']) retrieved from /home/airflow/.local/lib/python3.8/site-packages/airflow/example_dags/example_sensor_decorator.py
[2025-08-19T18:25:15.415+0000] {logging_mixin.py:151} INFO - [2025-08-19T18:25:15.414+0000] {dag.py:2941} INFO - Sync 1 DAGs
[2025-08-19T18:25:15.436+0000] {logging_mixin.py:151} INFO - [2025-08-19T18:25:15.435+0000] {dag.py:3722} INFO - Setting next_dagrun for example_sensor_decorator to None, run_after=None
[2025-08-19T18:25:15.465+0000] {processor.py:179} INFO - Processing /home/airflow/.local/lib/python3.8/site-packages/airflow/example_dags/example_sensor_decorator.py took 0.101 seconds
[2025-08-19T18:25:45.940+0000] {processor.py:157} INFO - Started process (PID=389) to work on /home/airflow/.local/lib/python3.8/site-packages/airflow/example_dags/example_sensor_decorator.py
[2025-08-19T18:25:45.947+0000] {processor.py:829} INFO - Processing file /home/airflow/.local/lib/python3.8/site-packages/airflow/example_dags/example_sensor_decorator.py for tasks to queue
[2025-08-19T18:25:45.963+0000] {logging_mixin.py:151} INFO - [2025-08-19T18:25:45.962+0000] {dagbag.py:536} INFO - Filling up the DagBag from /home/airflow/.local/lib/python3.8/site-packages/airflow/example_dags/example_sensor_decorator.py
[2025-08-19T18:25:45.978+0000] {processor.py:839} INFO - DAG(s) dict_keys(['example_sensor_decorator']) retrieved from /home/airflow/.local/lib/python3.8/site-packages/airflow/example_dags/example_sensor_decorator.py
[2025-08-19T18:25:46.038+0000] {logging_mixin.py:151} INFO - [2025-08-19T18:25:46.038+0000] {dag.py:2941} INFO - Sync 1 DAGs
[2025-08-19T18:25:46.093+0000] {logging_mixin.py:151} INFO - [2025-08-19T18:25:46.092+0000] {dag.py:3722} INFO - Setting next_dagrun for example_sensor_decorator to None, run_after=None
[2025-08-19T18:25:46.174+0000] {processor.py:179} INFO - Processing /home/airflow/.local/lib/python3.8/site-packages/airflow/example_dags/example_sensor_decorator.py took 0.249 seconds
[2025-08-19T18:26:20.297+0000] {processor.py:157} INFO - Started process (PID=444) to work on /home/airflow/.local/lib/python3.8/site-packages/airflow/example_dags/example_sensor_decorator.py
[2025-08-19T18:26:20.301+0000] {processor.py:829} INFO - Processing file /home/airflow/.local/lib/python3.8/site-packages/airflow/example_dags/example_sensor_decorator.py for tasks to queue
[2025-08-19T18:26:20.311+0000] {logging_mixin.py:151} INFO - [2025-08-19T18:26:20.310+0000] {dagbag.py:536} INFO - Filling up the DagBag from /home/airflow/.local/lib/python3.8/site-packages/airflow/example_dags/example_sensor_decorator.py
[2025-08-19T18:26:20.342+0000] {processor.py:839} INFO - DAG(s) dict_keys(['example_sensor_decorator']) retrieved from /home/airflow/.local/lib/python3.8/site-packages/airflow/example_dags/example_sensor_decorator.py
[2025-08-19T18:26:20.439+0000] {logging_mixin.py:151} INFO - [2025-08-19T18:26:20.439+0000] {dag.py:2941} INFO - Sync 1 DAGs
[2025-08-19T18:26:20.532+0000] {logging_mixin.py:151} INFO - [2025-08-19T18:26:20.531+0000] {dag.py:3722} INFO - Setting next_dagrun for example_sensor_decorator to None, run_after=None
[2025-08-19T18:26:21.129+0000] {processor.py:179} INFO - Processing /home/airflow/.local/lib/python3.8/site-packages/airflow/example_dags/example_sensor_decorator.py took 0.847 seconds
[2025-08-19T18:26:51.971+0000] {processor.py:157} INFO - Started process (PID=498) to work on /home/airflow/.local/lib/python3.8/site-packages/airflow/example_dags/example_sensor_decorator.py
[2025-08-19T18:26:51.974+0000] {processor.py:829} INFO - Processing file /home/airflow/.local/lib/python3.8/site-packages/airflow/example_dags/example_sensor_decorator.py for tasks to queue
[2025-08-19T18:26:51.988+0000] {logging_mixin.py:151} INFO - [2025-08-19T18:26:51.987+0000] {dagbag.py:536} INFO - Filling up the DagBag from /home/airflow/.local/lib/python3.8/site-packages/airflow/example_dags/example_sensor_decorator.py
[2025-08-19T18:26:52.024+0000] {processor.py:839} INFO - DAG(s) dict_keys(['example_sensor_decorator']) retrieved from /home/airflow/.local/lib/python3.8/site-packages/airflow/example_dags/example_sensor_decorator.py
[2025-08-19T18:26:52.191+0000] {logging_mixin.py:151} INFO - [2025-08-19T18:26:52.180+0000] {dag.py:2941} INFO - Sync 1 DAGs
[2025-08-19T18:26:52.255+0000] {logging_mixin.py:151} INFO - [2025-08-19T18:26:52.255+0000] {dag.py:3722} INFO - Setting next_dagrun for example_sensor_decorator to None, run_after=None
[2025-08-19T18:26:52.599+0000] {processor.py:179} INFO - Processing /home/airflow/.local/lib/python3.8/site-packages/airflow/example_dags/example_sensor_decorator.py took 0.655 seconds
[2025-08-19T18:27:23.233+0000] {processor.py:157} INFO - Started process (PID=552) to work on /home/airflow/.local/lib/python3.8/site-packages/airflow/example_dags/example_sensor_decorator.py
[2025-08-19T18:27:23.235+0000] {processor.py:829} INFO - Processing file /home/airflow/.local/lib/python3.8/site-packages/airflow/example_dags/example_sensor_decorator.py for tasks to queue
[2025-08-19T18:27:23.241+0000] {logging_mixin.py:151} INFO - [2025-08-19T18:27:23.240+0000] {dagbag.py:536} INFO - Filling up the DagBag from /home/airflow/.local/lib/python3.8/site-packages/airflow/example_dags/example_sensor_decorator.py
[2025-08-19T18:27:23.255+0000] {processor.py:839} INFO - DAG(s) dict_keys(['example_sensor_decorator']) retrieved from /home/airflow/.local/lib/python3.8/site-packages/airflow/example_dags/example_sensor_decorator.py
[2025-08-19T18:27:23.297+0000] {logging_mixin.py:151} INFO - [2025-08-19T18:27:23.297+0000] {dag.py:2941} INFO - Sync 1 DAGs
[2025-08-19T18:27:23.322+0000] {logging_mixin.py:151} INFO - [2025-08-19T18:27:23.321+0000] {dag.py:3722} INFO - Setting next_dagrun for example_sensor_decorator to None, run_after=None
[2025-08-19T18:27:23.353+0000] {processor.py:179} INFO - Processing /home/airflow/.local/lib/python3.8/site-packages/airflow/example_dags/example_sensor_decorator.py took 0.128 seconds
[2025-08-19T18:27:54.029+0000] {processor.py:157} INFO - Started process (PID=606) to work on /home/airflow/.local/lib/python3.8/site-packages/airflow/example_dags/example_sensor_decorator.py
[2025-08-19T18:27:54.030+0000] {processor.py:829} INFO - Processing file /home/airflow/.local/lib/python3.8/site-packages/airflow/example_dags/example_sensor_decorator.py for tasks to queue
[2025-08-19T18:27:54.038+0000] {logging_mixin.py:151} INFO - [2025-08-19T18:27:54.037+0000] {dagbag.py:536} INFO - Filling up the DagBag from /home/airflow/.local/lib/python3.8/site-packages/airflow/example_dags/example_sensor_decorator.py
[2025-08-19T18:27:54.046+0000] {processor.py:839} INFO - DAG(s) dict_keys(['example_sensor_decorator']) retrieved from /home/airflow/.local/lib/python3.8/site-packages/airflow/example_dags/example_sensor_decorator.py
[2025-08-19T18:27:54.074+0000] {logging_mixin.py:151} INFO - [2025-08-19T18:27:54.074+0000] {dag.py:2941} INFO - Sync 1 DAGs
[2025-08-19T18:27:54.091+0000] {logging_mixin.py:151} INFO - [2025-08-19T18:27:54.090+0000] {dag.py:3722} INFO - Setting next_dagrun for example_sensor_decorator to None, run_after=None
[2025-08-19T18:27:54.126+0000] {processor.py:179} INFO - Processing /home/airflow/.local/lib/python3.8/site-packages/airflow/example_dags/example_sensor_decorator.py took 0.102 seconds
[2025-08-19T18:28:24.808+0000] {processor.py:157} INFO - Started process (PID=658) to work on /home/airflow/.local/lib/python3.8/site-packages/airflow/example_dags/example_sensor_decorator.py
[2025-08-19T18:28:24.815+0000] {processor.py:829} INFO - Processing file /home/airflow/.local/lib/python3.8/site-packages/airflow/example_dags/example_sensor_decorator.py for tasks to queue
[2025-08-19T18:28:24.818+0000] {logging_mixin.py:151} INFO - [2025-08-19T18:28:24.818+0000] {dagbag.py:536} INFO - Filling up the DagBag from /home/airflow/.local/lib/python3.8/site-packages/airflow/example_dags/example_sensor_decorator.py
[2025-08-19T18:28:24.827+0000] {processor.py:839} INFO - DAG(s) dict_keys(['example_sensor_decorator']) retrieved from /home/airflow/.local/lib/python3.8/site-packages/airflow/example_dags/example_sensor_decorator.py
[2025-08-19T18:28:24.854+0000] {logging_mixin.py:151} INFO - [2025-08-19T18:28:24.854+0000] {dag.py:2941} INFO - Sync 1 DAGs
[2025-08-19T18:28:24.870+0000] {logging_mixin.py:151} INFO - [2025-08-19T18:28:24.870+0000] {dag.py:3722} INFO - Setting next_dagrun for example_sensor_decorator to None, run_after=None
[2025-08-19T18:28:24.907+0000] {processor.py:179} INFO - Processing /home/airflow/.local/lib/python3.8/site-packages/airflow/example_dags/example_sensor_decorator.py took 0.103 seconds
[2025-08-19T18:28:55.385+0000] {processor.py:157} INFO - Started process (PID=705) to work on /home/airflow/.local/lib/python3.8/site-packages/airflow/example_dags/example_sensor_decorator.py
[2025-08-19T18:28:55.387+0000] {processor.py:829} INFO - Processing file /home/airflow/.local/lib/python3.8/site-packages/airflow/example_dags/example_sensor_decorator.py for tasks to queue
[2025-08-19T18:28:55.390+0000] {logging_mixin.py:151} INFO - [2025-08-19T18:28:55.389+0000] {dagbag.py:536} INFO - Filling up the DagBag from /home/airflow/.local/lib/python3.8/site-packages/airflow/example_dags/example_sensor_decorator.py
[2025-08-19T18:28:55.399+0000] {processor.py:839} INFO - DAG(s) dict_keys(['example_sensor_decorator']) retrieved from /home/airflow/.local/lib/python3.8/site-packages/airflow/example_dags/example_sensor_decorator.py
[2025-08-19T18:28:55.429+0000] {logging_mixin.py:151} INFO - [2025-08-19T18:28:55.429+0000] {dag.py:2941} INFO - Sync 1 DAGs
[2025-08-19T18:28:55.448+0000] {logging_mixin.py:151} INFO - [2025-08-19T18:28:55.448+0000] {dag.py:3722} INFO - Setting next_dagrun for example_sensor_decorator to None, run_after=None
[2025-08-19T18:28:55.475+0000] {processor.py:179} INFO - Processing /home/airflow/.local/lib/python3.8/site-packages/airflow/example_dags/example_sensor_decorator.py took 0.102 seconds
[2025-08-19T18:29:25.587+0000] {processor.py:157} INFO - Started process (PID=759) to work on /home/airflow/.local/lib/python3.8/site-packages/airflow/example_dags/example_sensor_decorator.py
[2025-08-19T18:29:25.590+0000] {processor.py:829} INFO - Processing file /home/airflow/.local/lib/python3.8/site-packages/airflow/example_dags/example_sensor_decorator.py for tasks to queue
[2025-08-19T18:29:25.595+0000] {logging_mixin.py:151} INFO - [2025-08-19T18:29:25.594+0000] {dagbag.py:536} INFO - Filling up the DagBag from /home/airflow/.local/lib/python3.8/site-packages/airflow/example_dags/example_sensor_decorator.py
[2025-08-19T18:29:25.610+0000] {processor.py:839} INFO - DAG(s) dict_keys(['example_sensor_decorator']) retrieved from /home/airflow/.local/lib/python3.8/site-packages/airflow/example_dags/example_sensor_decorator.py
[2025-08-19T18:29:25.651+0000] {logging_mixin.py:151} INFO - [2025-08-19T18:29:25.651+0000] {dag.py:2941} INFO - Sync 1 DAGs
[2025-08-19T18:29:25.674+0000] {logging_mixin.py:151} INFO - [2025-08-19T18:29:25.673+0000] {dag.py:3722} INFO - Setting next_dagrun for example_sensor_decorator to None, run_after=None
[2025-08-19T18:29:25.714+0000] {processor.py:179} INFO - Processing /home/airflow/.local/lib/python3.8/site-packages/airflow/example_dags/example_sensor_decorator.py took 0.134 seconds
[2025-08-19T18:29:56.749+0000] {processor.py:157} INFO - Started process (PID=813) to work on /home/airflow/.local/lib/python3.8/site-packages/airflow/example_dags/example_sensor_decorator.py
[2025-08-19T18:29:56.752+0000] {processor.py:829} INFO - Processing file /home/airflow/.local/lib/python3.8/site-packages/airflow/example_dags/example_sensor_decorator.py for tasks to queue
[2025-08-19T18:29:56.758+0000] {logging_mixin.py:151} INFO - [2025-08-19T18:29:56.757+0000] {dagbag.py:536} INFO - Filling up the DagBag from /home/airflow/.local/lib/python3.8/site-packages/airflow/example_dags/example_sensor_decorator.py
[2025-08-19T18:29:56.779+0000] {processor.py:839} INFO - DAG(s) dict_keys(['example_sensor_decorator']) retrieved from /home/airflow/.local/lib/python3.8/site-packages/airflow/example_dags/example_sensor_decorator.py
[2025-08-19T18:29:56.894+0000] {logging_mixin.py:151} INFO - [2025-08-19T18:29:56.894+0000] {dag.py:2941} INFO - Sync 1 DAGs
[2025-08-19T18:29:56.993+0000] {logging_mixin.py:151} INFO - [2025-08-19T18:29:56.993+0000] {dag.py:3722} INFO - Setting next_dagrun for example_sensor_decorator to None, run_after=None
[2025-08-19T18:29:57.063+0000] {processor.py:179} INFO - Processing /home/airflow/.local/lib/python3.8/site-packages/airflow/example_dags/example_sensor_decorator.py took 0.328 seconds
[2025-08-19T18:30:57.559+0000] {processor.py:157} INFO - Started process (PID=110) to work on /home/airflow/.local/lib/python3.8/site-packages/airflow/example_dags/example_sensor_decorator.py
[2025-08-19T18:30:57.563+0000] {processor.py:829} INFO - Processing file /home/airflow/.local/lib/python3.8/site-packages/airflow/example_dags/example_sensor_decorator.py for tasks to queue
[2025-08-19T18:30:57.571+0000] {logging_mixin.py:151} INFO - [2025-08-19T18:30:57.570+0000] {dagbag.py:536} INFO - Filling up the DagBag from /home/airflow/.local/lib/python3.8/site-packages/airflow/example_dags/example_sensor_decorator.py
[2025-08-19T18:30:57.638+0000] {processor.py:839} INFO - DAG(s) dict_keys(['example_sensor_decorator']) retrieved from /home/airflow/.local/lib/python3.8/site-packages/airflow/example_dags/example_sensor_decorator.py
[2025-08-19T18:30:57.738+0000] {logging_mixin.py:151} INFO - [2025-08-19T18:30:57.737+0000] {dag.py:2941} INFO - Sync 1 DAGs
[2025-08-19T18:30:57.806+0000] {logging_mixin.py:151} INFO - [2025-08-19T18:30:57.805+0000] {dag.py:3722} INFO - Setting next_dagrun for example_sensor_decorator to None, run_after=None
[2025-08-19T18:30:57.889+0000] {processor.py:179} INFO - Processing /home/airflow/.local/lib/python3.8/site-packages/airflow/example_dags/example_sensor_decorator.py took 0.342 seconds
[2025-08-19T18:31:28.593+0000] {processor.py:157} INFO - Started process (PID=165) to work on /home/airflow/.local/lib/python3.8/site-packages/airflow/example_dags/example_sensor_decorator.py
[2025-08-19T18:31:28.597+0000] {processor.py:829} INFO - Processing file /home/airflow/.local/lib/python3.8/site-packages/airflow/example_dags/example_sensor_decorator.py for tasks to queue
[2025-08-19T18:31:28.604+0000] {logging_mixin.py:151} INFO - [2025-08-19T18:31:28.603+0000] {dagbag.py:536} INFO - Filling up the DagBag from /home/airflow/.local/lib/python3.8/site-packages/airflow/example_dags/example_sensor_decorator.py
[2025-08-19T18:31:28.622+0000] {processor.py:839} INFO - DAG(s) dict_keys(['example_sensor_decorator']) retrieved from /home/airflow/.local/lib/python3.8/site-packages/airflow/example_dags/example_sensor_decorator.py
[2025-08-19T18:31:28.691+0000] {logging_mixin.py:151} INFO - [2025-08-19T18:31:28.690+0000] {dag.py:2941} INFO - Sync 1 DAGs
[2025-08-19T18:31:28.730+0000] {logging_mixin.py:151} INFO - [2025-08-19T18:31:28.729+0000] {dag.py:3722} INFO - Setting next_dagrun for example_sensor_decorator to None, run_after=None
[2025-08-19T18:31:28.783+0000] {processor.py:179} INFO - Processing /home/airflow/.local/lib/python3.8/site-packages/airflow/example_dags/example_sensor_decorator.py took 0.202 seconds
[2025-08-19T18:31:59.416+0000] {processor.py:157} INFO - Started process (PID=219) to work on /home/airflow/.local/lib/python3.8/site-packages/airflow/example_dags/example_sensor_decorator.py
[2025-08-19T18:31:59.422+0000] {processor.py:829} INFO - Processing file /home/airflow/.local/lib/python3.8/site-packages/airflow/example_dags/example_sensor_decorator.py for tasks to queue
[2025-08-19T18:31:59.427+0000] {logging_mixin.py:151} INFO - [2025-08-19T18:31:59.427+0000] {dagbag.py:536} INFO - Filling up the DagBag from /home/airflow/.local/lib/python3.8/site-packages/airflow/example_dags/example_sensor_decorator.py
[2025-08-19T18:31:59.437+0000] {processor.py:839} INFO - DAG(s) dict_keys(['example_sensor_decorator']) retrieved from /home/airflow/.local/lib/python3.8/site-packages/airflow/example_dags/example_sensor_decorator.py
[2025-08-19T18:31:59.474+0000] {logging_mixin.py:151} INFO - [2025-08-19T18:31:59.474+0000] {dag.py:2941} INFO - Sync 1 DAGs
[2025-08-19T18:31:59.499+0000] {logging_mixin.py:151} INFO - [2025-08-19T18:31:59.499+0000] {dag.py:3722} INFO - Setting next_dagrun for example_sensor_decorator to None, run_after=None
[2025-08-19T18:31:59.538+0000] {processor.py:179} INFO - Processing /home/airflow/.local/lib/python3.8/site-packages/airflow/example_dags/example_sensor_decorator.py took 0.130 seconds
[2025-08-19T18:32:30.167+0000] {processor.py:157} INFO - Started process (PID=266) to work on /home/airflow/.local/lib/python3.8/site-packages/airflow/example_dags/example_sensor_decorator.py
[2025-08-19T18:32:30.169+0000] {processor.py:829} INFO - Processing file /home/airflow/.local/lib/python3.8/site-packages/airflow/example_dags/example_sensor_decorator.py for tasks to queue
[2025-08-19T18:32:30.174+0000] {logging_mixin.py:151} INFO - [2025-08-19T18:32:30.173+0000] {dagbag.py:536} INFO - Filling up the DagBag from /home/airflow/.local/lib/python3.8/site-packages/airflow/example_dags/example_sensor_decorator.py
[2025-08-19T18:32:30.190+0000] {processor.py:839} INFO - DAG(s) dict_keys(['example_sensor_decorator']) retrieved from /home/airflow/.local/lib/python3.8/site-packages/airflow/example_dags/example_sensor_decorator.py
[2025-08-19T18:32:30.270+0000] {logging_mixin.py:151} INFO - [2025-08-19T18:32:30.270+0000] {dag.py:2941} INFO - Sync 1 DAGs
[2025-08-19T18:32:30.307+0000] {logging_mixin.py:151} INFO - [2025-08-19T18:32:30.306+0000] {dag.py:3722} INFO - Setting next_dagrun for example_sensor_decorator to None, run_after=None
[2025-08-19T18:32:30.356+0000] {processor.py:179} INFO - Processing /home/airflow/.local/lib/python3.8/site-packages/airflow/example_dags/example_sensor_decorator.py took 0.198 seconds
[2025-08-19T18:33:00.689+0000] {processor.py:157} INFO - Started process (PID=320) to work on /home/airflow/.local/lib/python3.8/site-packages/airflow/example_dags/example_sensor_decorator.py
[2025-08-19T18:33:00.692+0000] {processor.py:829} INFO - Processing file /home/airflow/.local/lib/python3.8/site-packages/airflow/example_dags/example_sensor_decorator.py for tasks to queue
[2025-08-19T18:33:00.699+0000] {logging_mixin.py:151} INFO - [2025-08-19T18:33:00.699+0000] {dagbag.py:536} INFO - Filling up the DagBag from /home/airflow/.local/lib/python3.8/site-packages/airflow/example_dags/example_sensor_decorator.py
[2025-08-19T18:33:00.714+0000] {processor.py:839} INFO - DAG(s) dict_keys(['example_sensor_decorator']) retrieved from /home/airflow/.local/lib/python3.8/site-packages/airflow/example_dags/example_sensor_decorator.py
[2025-08-19T18:33:00.767+0000] {logging_mixin.py:151} INFO - [2025-08-19T18:33:00.767+0000] {dag.py:2941} INFO - Sync 1 DAGs
[2025-08-19T18:33:00.798+0000] {logging_mixin.py:151} INFO - [2025-08-19T18:33:00.797+0000] {dag.py:3722} INFO - Setting next_dagrun for example_sensor_decorator to None, run_after=None
[2025-08-19T18:33:00.849+0000] {processor.py:179} INFO - Processing /home/airflow/.local/lib/python3.8/site-packages/airflow/example_dags/example_sensor_decorator.py took 0.169 seconds
[2025-08-19T18:33:31.421+0000] {processor.py:157} INFO - Started process (PID=374) to work on /home/airflow/.local/lib/python3.8/site-packages/airflow/example_dags/example_sensor_decorator.py
[2025-08-19T18:33:31.423+0000] {processor.py:829} INFO - Processing file /home/airflow/.local/lib/python3.8/site-packages/airflow/example_dags/example_sensor_decorator.py for tasks to queue
[2025-08-19T18:33:31.429+0000] {logging_mixin.py:151} INFO - [2025-08-19T18:33:31.428+0000] {dagbag.py:536} INFO - Filling up the DagBag from /home/airflow/.local/lib/python3.8/site-packages/airflow/example_dags/example_sensor_decorator.py
[2025-08-19T18:33:31.441+0000] {processor.py:839} INFO - DAG(s) dict_keys(['example_sensor_decorator']) retrieved from /home/airflow/.local/lib/python3.8/site-packages/airflow/example_dags/example_sensor_decorator.py
[2025-08-19T18:33:31.473+0000] {logging_mixin.py:151} INFO - [2025-08-19T18:33:31.472+0000] {dag.py:2941} INFO - Sync 1 DAGs
[2025-08-19T18:33:31.506+0000] {logging_mixin.py:151} INFO - [2025-08-19T18:33:31.506+0000] {dag.py:3722} INFO - Setting next_dagrun for example_sensor_decorator to None, run_after=None
[2025-08-19T18:33:31.544+0000] {processor.py:179} INFO - Processing /home/airflow/.local/lib/python3.8/site-packages/airflow/example_dags/example_sensor_decorator.py took 0.129 seconds
[2025-08-19T18:34:02.223+0000] {processor.py:157} INFO - Started process (PID=428) to work on /home/airflow/.local/lib/python3.8/site-packages/airflow/example_dags/example_sensor_decorator.py
[2025-08-19T18:34:02.226+0000] {processor.py:829} INFO - Processing file /home/airflow/.local/lib/python3.8/site-packages/airflow/example_dags/example_sensor_decorator.py for tasks to queue
[2025-08-19T18:34:02.231+0000] {logging_mixin.py:151} INFO - [2025-08-19T18:34:02.230+0000] {dagbag.py:536} INFO - Filling up the DagBag from /home/airflow/.local/lib/python3.8/site-packages/airflow/example_dags/example_sensor_decorator.py
[2025-08-19T18:34:02.245+0000] {processor.py:839} INFO - DAG(s) dict_keys(['example_sensor_decorator']) retrieved from /home/airflow/.local/lib/python3.8/site-packages/airflow/example_dags/example_sensor_decorator.py
[2025-08-19T18:34:02.293+0000] {logging_mixin.py:151} INFO - [2025-08-19T18:34:02.292+0000] {dag.py:2941} INFO - Sync 1 DAGs
[2025-08-19T18:34:02.321+0000] {logging_mixin.py:151} INFO - [2025-08-19T18:34:02.321+0000] {dag.py:3722} INFO - Setting next_dagrun for example_sensor_decorator to None, run_after=None
[2025-08-19T18:34:02.356+0000] {processor.py:179} INFO - Processing /home/airflow/.local/lib/python3.8/site-packages/airflow/example_dags/example_sensor_decorator.py took 0.142 seconds
[2025-08-19T18:34:33.281+0000] {processor.py:157} INFO - Started process (PID=482) to work on /home/airflow/.local/lib/python3.8/site-packages/airflow/example_dags/example_sensor_decorator.py
[2025-08-19T18:34:33.283+0000] {processor.py:829} INFO - Processing file /home/airflow/.local/lib/python3.8/site-packages/airflow/example_dags/example_sensor_decorator.py for tasks to queue
[2025-08-19T18:34:33.287+0000] {logging_mixin.py:151} INFO - [2025-08-19T18:34:33.286+0000] {dagbag.py:536} INFO - Filling up the DagBag from /home/airflow/.local/lib/python3.8/site-packages/airflow/example_dags/example_sensor_decorator.py
[2025-08-19T18:34:33.294+0000] {processor.py:839} INFO - DAG(s) dict_keys(['example_sensor_decorator']) retrieved from /home/airflow/.local/lib/python3.8/site-packages/airflow/example_dags/example_sensor_decorator.py
[2025-08-19T18:34:33.322+0000] {logging_mixin.py:151} INFO - [2025-08-19T18:34:33.322+0000] {dag.py:2941} INFO - Sync 1 DAGs
[2025-08-19T18:34:33.343+0000] {logging_mixin.py:151} INFO - [2025-08-19T18:34:33.343+0000] {dag.py:3722} INFO - Setting next_dagrun for example_sensor_decorator to None, run_after=None
[2025-08-19T18:34:33.370+0000] {processor.py:179} INFO - Processing /home/airflow/.local/lib/python3.8/site-packages/airflow/example_dags/example_sensor_decorator.py took 0.095 seconds
[2025-08-19T18:35:03.535+0000] {processor.py:157} INFO - Started process (PID=536) to work on /home/airflow/.local/lib/python3.8/site-packages/airflow/example_dags/example_sensor_decorator.py
[2025-08-19T18:35:03.539+0000] {processor.py:829} INFO - Processing file /home/airflow/.local/lib/python3.8/site-packages/airflow/example_dags/example_sensor_decorator.py for tasks to queue
[2025-08-19T18:35:03.544+0000] {logging_mixin.py:151} INFO - [2025-08-19T18:35:03.544+0000] {dagbag.py:536} INFO - Filling up the DagBag from /home/airflow/.local/lib/python3.8/site-packages/airflow/example_dags/example_sensor_decorator.py
[2025-08-19T18:35:03.558+0000] {processor.py:839} INFO - DAG(s) dict_keys(['example_sensor_decorator']) retrieved from /home/airflow/.local/lib/python3.8/site-packages/airflow/example_dags/example_sensor_decorator.py
[2025-08-19T18:35:03.602+0000] {logging_mixin.py:151} INFO - [2025-08-19T18:35:03.601+0000] {dag.py:2941} INFO - Sync 1 DAGs
[2025-08-19T18:35:03.628+0000] {logging_mixin.py:151} INFO - [2025-08-19T18:35:03.627+0000] {dag.py:3722} INFO - Setting next_dagrun for example_sensor_decorator to None, run_after=None
[2025-08-19T18:35:03.663+0000] {processor.py:179} INFO - Processing /home/airflow/.local/lib/python3.8/site-packages/airflow/example_dags/example_sensor_decorator.py took 0.134 seconds
[2025-08-19T18:35:34.273+0000] {processor.py:157} INFO - Started process (PID=590) to work on /home/airflow/.local/lib/python3.8/site-packages/airflow/example_dags/example_sensor_decorator.py
[2025-08-19T18:35:34.275+0000] {processor.py:829} INFO - Processing file /home/airflow/.local/lib/python3.8/site-packages/airflow/example_dags/example_sensor_decorator.py for tasks to queue
[2025-08-19T18:35:34.279+0000] {logging_mixin.py:151} INFO - [2025-08-19T18:35:34.279+0000] {dagbag.py:536} INFO - Filling up the DagBag from /home/airflow/.local/lib/python3.8/site-packages/airflow/example_dags/example_sensor_decorator.py
[2025-08-19T18:35:34.291+0000] {processor.py:839} INFO - DAG(s) dict_keys(['example_sensor_decorator']) retrieved from /home/airflow/.local/lib/python3.8/site-packages/airflow/example_dags/example_sensor_decorator.py
[2025-08-19T18:35:34.332+0000] {logging_mixin.py:151} INFO - [2025-08-19T18:35:34.332+0000] {dag.py:2941} INFO - Sync 1 DAGs
[2025-08-19T18:35:34.360+0000] {logging_mixin.py:151} INFO - [2025-08-19T18:35:34.360+0000] {dag.py:3722} INFO - Setting next_dagrun for example_sensor_decorator to None, run_after=None
[2025-08-19T18:35:34.394+0000] {processor.py:179} INFO - Processing /home/airflow/.local/lib/python3.8/site-packages/airflow/example_dags/example_sensor_decorator.py took 0.129 seconds
[2025-08-19T18:36:05.470+0000] {processor.py:157} INFO - Started process (PID=644) to work on /home/airflow/.local/lib/python3.8/site-packages/airflow/example_dags/example_sensor_decorator.py
[2025-08-19T18:36:05.474+0000] {processor.py:829} INFO - Processing file /home/airflow/.local/lib/python3.8/site-packages/airflow/example_dags/example_sensor_decorator.py for tasks to queue
[2025-08-19T18:36:05.484+0000] {logging_mixin.py:151} INFO - [2025-08-19T18:36:05.483+0000] {dagbag.py:536} INFO - Filling up the DagBag from /home/airflow/.local/lib/python3.8/site-packages/airflow/example_dags/example_sensor_decorator.py
[2025-08-19T18:36:05.504+0000] {processor.py:839} INFO - DAG(s) dict_keys(['example_sensor_decorator']) retrieved from /home/airflow/.local/lib/python3.8/site-packages/airflow/example_dags/example_sensor_decorator.py
[2025-08-19T18:36:05.573+0000] {logging_mixin.py:151} INFO - [2025-08-19T18:36:05.572+0000] {dag.py:2941} INFO - Sync 1 DAGs
[2025-08-19T18:36:05.605+0000] {logging_mixin.py:151} INFO - [2025-08-19T18:36:05.604+0000] {dag.py:3722} INFO - Setting next_dagrun for example_sensor_decorator to None, run_after=None
[2025-08-19T18:36:05.660+0000] {processor.py:179} INFO - Processing /home/airflow/.local/lib/python3.8/site-packages/airflow/example_dags/example_sensor_decorator.py took 0.201 seconds
[2025-08-19T18:36:36.386+0000] {processor.py:157} INFO - Started process (PID=698) to work on /home/airflow/.local/lib/python3.8/site-packages/airflow/example_dags/example_sensor_decorator.py
[2025-08-19T18:36:36.388+0000] {processor.py:829} INFO - Processing file /home/airflow/.local/lib/python3.8/site-packages/airflow/example_dags/example_sensor_decorator.py for tasks to queue
[2025-08-19T18:36:36.393+0000] {logging_mixin.py:151} INFO - [2025-08-19T18:36:36.392+0000] {dagbag.py:536} INFO - Filling up the DagBag from /home/airflow/.local/lib/python3.8/site-packages/airflow/example_dags/example_sensor_decorator.py
[2025-08-19T18:36:36.405+0000] {processor.py:839} INFO - DAG(s) dict_keys(['example_sensor_decorator']) retrieved from /home/airflow/.local/lib/python3.8/site-packages/airflow/example_dags/example_sensor_decorator.py
[2025-08-19T18:36:36.446+0000] {logging_mixin.py:151} INFO - [2025-08-19T18:36:36.446+0000] {dag.py:2941} INFO - Sync 1 DAGs
[2025-08-19T18:36:36.465+0000] {logging_mixin.py:151} INFO - [2025-08-19T18:36:36.465+0000] {dag.py:3722} INFO - Setting next_dagrun for example_sensor_decorator to None, run_after=None
[2025-08-19T18:36:36.506+0000] {processor.py:179} INFO - Processing /home/airflow/.local/lib/python3.8/site-packages/airflow/example_dags/example_sensor_decorator.py took 0.125 seconds
[2025-08-19T18:37:09.910+0000] {processor.py:157} INFO - Started process (PID=752) to work on /home/airflow/.local/lib/python3.8/site-packages/airflow/example_dags/example_sensor_decorator.py
[2025-08-19T18:37:09.913+0000] {processor.py:829} INFO - Processing file /home/airflow/.local/lib/python3.8/site-packages/airflow/example_dags/example_sensor_decorator.py for tasks to queue
[2025-08-19T18:37:09.918+0000] {logging_mixin.py:151} INFO - [2025-08-19T18:37:09.917+0000] {dagbag.py:536} INFO - Filling up the DagBag from /home/airflow/.local/lib/python3.8/site-packages/airflow/example_dags/example_sensor_decorator.py
[2025-08-19T18:37:09.930+0000] {processor.py:839} INFO - DAG(s) dict_keys(['example_sensor_decorator']) retrieved from /home/airflow/.local/lib/python3.8/site-packages/airflow/example_dags/example_sensor_decorator.py
[2025-08-19T18:37:09.992+0000] {logging_mixin.py:151} INFO - [2025-08-19T18:37:09.991+0000] {dag.py:2941} INFO - Sync 1 DAGs
[2025-08-19T18:37:10.032+0000] {logging_mixin.py:151} INFO - [2025-08-19T18:37:10.032+0000] {dag.py:3722} INFO - Setting next_dagrun for example_sensor_decorator to None, run_after=None
[2025-08-19T18:37:10.089+0000] {processor.py:179} INFO - Processing /home/airflow/.local/lib/python3.8/site-packages/airflow/example_dags/example_sensor_decorator.py took 0.189 seconds
[2025-08-19T18:37:43.554+0000] {processor.py:157} INFO - Started process (PID=807) to work on /home/airflow/.local/lib/python3.8/site-packages/airflow/example_dags/example_sensor_decorator.py
[2025-08-19T18:37:43.556+0000] {processor.py:829} INFO - Processing file /home/airflow/.local/lib/python3.8/site-packages/airflow/example_dags/example_sensor_decorator.py for tasks to queue
[2025-08-19T18:37:43.566+0000] {logging_mixin.py:151} INFO - [2025-08-19T18:37:43.566+0000] {dagbag.py:536} INFO - Filling up the DagBag from /home/airflow/.local/lib/python3.8/site-packages/airflow/example_dags/example_sensor_decorator.py
[2025-08-19T18:37:43.585+0000] {processor.py:839} INFO - DAG(s) dict_keys(['example_sensor_decorator']) retrieved from /home/airflow/.local/lib/python3.8/site-packages/airflow/example_dags/example_sensor_decorator.py
[2025-08-19T18:37:43.644+0000] {logging_mixin.py:151} INFO - [2025-08-19T18:37:43.644+0000] {dag.py:2941} INFO - Sync 1 DAGs
[2025-08-19T18:37:43.674+0000] {logging_mixin.py:151} INFO - [2025-08-19T18:37:43.674+0000] {dag.py:3722} INFO - Setting next_dagrun for example_sensor_decorator to None, run_after=None
[2025-08-19T18:37:43.717+0000] {processor.py:179} INFO - Processing /home/airflow/.local/lib/python3.8/site-packages/airflow/example_dags/example_sensor_decorator.py took 0.174 seconds
[2025-08-19T18:38:13.825+0000] {processor.py:157} INFO - Started process (PID=861) to work on /home/airflow/.local/lib/python3.8/site-packages/airflow/example_dags/example_sensor_decorator.py
[2025-08-19T18:38:13.828+0000] {processor.py:829} INFO - Processing file /home/airflow/.local/lib/python3.8/site-packages/airflow/example_dags/example_sensor_decorator.py for tasks to queue
[2025-08-19T18:38:13.833+0000] {logging_mixin.py:151} INFO - [2025-08-19T18:38:13.833+0000] {dagbag.py:536} INFO - Filling up the DagBag from /home/airflow/.local/lib/python3.8/site-packages/airflow/example_dags/example_sensor_decorator.py
[2025-08-19T18:38:13.848+0000] {processor.py:839} INFO - DAG(s) dict_keys(['example_sensor_decorator']) retrieved from /home/airflow/.local/lib/python3.8/site-packages/airflow/example_dags/example_sensor_decorator.py
[2025-08-19T18:38:13.886+0000] {logging_mixin.py:151} INFO - [2025-08-19T18:38:13.886+0000] {dag.py:2941} INFO - Sync 1 DAGs
[2025-08-19T18:38:13.911+0000] {logging_mixin.py:151} INFO - [2025-08-19T18:38:13.911+0000] {dag.py:3722} INFO - Setting next_dagrun for example_sensor_decorator to None, run_after=None
[2025-08-19T18:38:13.946+0000] {processor.py:179} INFO - Processing /home/airflow/.local/lib/python3.8/site-packages/airflow/example_dags/example_sensor_decorator.py took 0.128 seconds
[2025-08-19T18:38:44.775+0000] {processor.py:157} INFO - Started process (PID=915) to work on /home/airflow/.local/lib/python3.8/site-packages/airflow/example_dags/example_sensor_decorator.py
[2025-08-19T18:38:44.777+0000] {processor.py:829} INFO - Processing file /home/airflow/.local/lib/python3.8/site-packages/airflow/example_dags/example_sensor_decorator.py for tasks to queue
[2025-08-19T18:38:44.781+0000] {logging_mixin.py:151} INFO - [2025-08-19T18:38:44.781+0000] {dagbag.py:536} INFO - Filling up the DagBag from /home/airflow/.local/lib/python3.8/site-packages/airflow/example_dags/example_sensor_decorator.py
[2025-08-19T18:38:44.790+0000] {processor.py:839} INFO - DAG(s) dict_keys(['example_sensor_decorator']) retrieved from /home/airflow/.local/lib/python3.8/site-packages/airflow/example_dags/example_sensor_decorator.py
[2025-08-19T18:38:44.822+0000] {logging_mixin.py:151} INFO - [2025-08-19T18:38:44.821+0000] {dag.py:2941} INFO - Sync 1 DAGs
[2025-08-19T18:38:44.836+0000] {logging_mixin.py:151} INFO - [2025-08-19T18:38:44.835+0000] {dag.py:3722} INFO - Setting next_dagrun for example_sensor_decorator to None, run_after=None
[2025-08-19T18:38:44.861+0000] {processor.py:179} INFO - Processing /home/airflow/.local/lib/python3.8/site-packages/airflow/example_dags/example_sensor_decorator.py took 0.090 seconds
[2025-08-19T18:39:15.415+0000] {processor.py:157} INFO - Started process (PID=969) to work on /home/airflow/.local/lib/python3.8/site-packages/airflow/example_dags/example_sensor_decorator.py
[2025-08-19T18:39:15.417+0000] {processor.py:829} INFO - Processing file /home/airflow/.local/lib/python3.8/site-packages/airflow/example_dags/example_sensor_decorator.py for tasks to queue
[2025-08-19T18:39:15.420+0000] {logging_mixin.py:151} INFO - [2025-08-19T18:39:15.420+0000] {dagbag.py:536} INFO - Filling up the DagBag from /home/airflow/.local/lib/python3.8/site-packages/airflow/example_dags/example_sensor_decorator.py
[2025-08-19T18:39:15.433+0000] {processor.py:839} INFO - DAG(s) dict_keys(['example_sensor_decorator']) retrieved from /home/airflow/.local/lib/python3.8/site-packages/airflow/example_dags/example_sensor_decorator.py
[2025-08-19T18:39:15.468+0000] {logging_mixin.py:151} INFO - [2025-08-19T18:39:15.467+0000] {dag.py:2941} INFO - Sync 1 DAGs
[2025-08-19T18:39:15.492+0000] {logging_mixin.py:151} INFO - [2025-08-19T18:39:15.492+0000] {dag.py:3722} INFO - Setting next_dagrun for example_sensor_decorator to None, run_after=None
[2025-08-19T18:39:15.519+0000] {processor.py:179} INFO - Processing /home/airflow/.local/lib/python3.8/site-packages/airflow/example_dags/example_sensor_decorator.py took 0.109 seconds
