[2025-08-19T18:23:06.175+0000] {processor.py:157} INFO - Started process (PID=117) to work on /home/airflow/.local/lib/python3.8/site-packages/airflow/example_dags/example_short_circuit_operator.py
[2025-08-19T18:23:06.187+0000] {processor.py:829} INFO - Processing file /home/airflow/.local/lib/python3.8/site-packages/airflow/example_dags/example_short_circuit_operator.py for tasks to queue
[2025-08-19T18:23:06.223+0000] {logging_mixin.py:151} INFO - [2025-08-19T18:23:06.222+0000] {dagbag.py:536} INFO - Filling up the DagBag from /home/airflow/.local/lib/python3.8/site-packages/airflow/example_dags/example_short_circuit_operator.py
[2025-08-19T18:23:06.325+0000] {processor.py:839} INFO - DAG(s) dict_keys(['example_short_circuit_operator']) retrieved from /home/airflow/.local/lib/python3.8/site-packages/airflow/example_dags/example_short_circuit_operator.py
[2025-08-19T18:23:06.621+0000] {logging_mixin.py:151} INFO - [2025-08-19T18:23:06.620+0000] {dag.py:2941} INFO - Sync 1 DAGs
[2025-08-19T18:23:06.805+0000] {logging_mixin.py:151} INFO - [2025-08-19T18:23:06.804+0000] {dag.py:3722} INFO - Setting next_dagrun for example_short_circuit_operator to 2025-08-18T18:23:06.800267+00:00, run_after=2025-08-19T18:23:06.800267+00:00
[2025-08-19T18:23:07.079+0000] {processor.py:179} INFO - Processing /home/airflow/.local/lib/python3.8/site-packages/airflow/example_dags/example_short_circuit_operator.py took 0.986 seconds
[2025-08-19T18:23:37.192+0000] {processor.py:157} INFO - Started process (PID=171) to work on /home/airflow/.local/lib/python3.8/site-packages/airflow/example_dags/example_short_circuit_operator.py
[2025-08-19T18:23:37.195+0000] {processor.py:829} INFO - Processing file /home/airflow/.local/lib/python3.8/site-packages/airflow/example_dags/example_short_circuit_operator.py for tasks to queue
[2025-08-19T18:23:37.203+0000] {logging_mixin.py:151} INFO - [2025-08-19T18:23:37.202+0000] {dagbag.py:536} INFO - Filling up the DagBag from /home/airflow/.local/lib/python3.8/site-packages/airflow/example_dags/example_short_circuit_operator.py
[2025-08-19T18:23:37.225+0000] {processor.py:839} INFO - DAG(s) dict_keys(['example_short_circuit_operator']) retrieved from /home/airflow/.local/lib/python3.8/site-packages/airflow/example_dags/example_short_circuit_operator.py
[2025-08-19T18:23:37.294+0000] {logging_mixin.py:151} INFO - [2025-08-19T18:23:37.293+0000] {dag.py:2941} INFO - Sync 1 DAGs
[2025-08-19T18:23:37.381+0000] {logging_mixin.py:151} INFO - [2025-08-19T18:23:37.380+0000] {dag.py:3722} INFO - Setting next_dagrun for example_short_circuit_operator to 2025-08-18T18:23:37.379507+00:00, run_after=2025-08-19T18:23:37.379507+00:00
[2025-08-19T18:23:37.472+0000] {processor.py:179} INFO - Processing /home/airflow/.local/lib/python3.8/site-packages/airflow/example_dags/example_short_circuit_operator.py took 0.296 seconds
[2025-08-19T18:24:08.219+0000] {processor.py:157} INFO - Started process (PID=218) to work on /home/airflow/.local/lib/python3.8/site-packages/airflow/example_dags/example_short_circuit_operator.py
[2025-08-19T18:24:08.222+0000] {processor.py:829} INFO - Processing file /home/airflow/.local/lib/python3.8/site-packages/airflow/example_dags/example_short_circuit_operator.py for tasks to queue
[2025-08-19T18:24:08.229+0000] {logging_mixin.py:151} INFO - [2025-08-19T18:24:08.228+0000] {dagbag.py:536} INFO - Filling up the DagBag from /home/airflow/.local/lib/python3.8/site-packages/airflow/example_dags/example_short_circuit_operator.py
[2025-08-19T18:24:08.256+0000] {processor.py:839} INFO - DAG(s) dict_keys(['example_short_circuit_operator']) retrieved from /home/airflow/.local/lib/python3.8/site-packages/airflow/example_dags/example_short_circuit_operator.py
[2025-08-19T18:24:08.349+0000] {logging_mixin.py:151} INFO - [2025-08-19T18:24:08.349+0000] {dag.py:2941} INFO - Sync 1 DAGs
[2025-08-19T18:24:08.416+0000] {logging_mixin.py:151} INFO - [2025-08-19T18:24:08.415+0000] {dag.py:3722} INFO - Setting next_dagrun for example_short_circuit_operator to 2025-08-18T18:24:08.415107+00:00, run_after=2025-08-19T18:24:08.415107+00:00
[2025-08-19T18:24:08.465+0000] {processor.py:179} INFO - Processing /home/airflow/.local/lib/python3.8/site-packages/airflow/example_dags/example_short_circuit_operator.py took 0.262 seconds
[2025-08-19T18:24:44.306+0000] {processor.py:157} INFO - Started process (PID=279) to work on /home/airflow/.local/lib/python3.8/site-packages/airflow/example_dags/example_short_circuit_operator.py
[2025-08-19T18:24:44.310+0000] {processor.py:829} INFO - Processing file /home/airflow/.local/lib/python3.8/site-packages/airflow/example_dags/example_short_circuit_operator.py for tasks to queue
[2025-08-19T18:24:44.324+0000] {logging_mixin.py:151} INFO - [2025-08-19T18:24:44.323+0000] {dagbag.py:536} INFO - Filling up the DagBag from /home/airflow/.local/lib/python3.8/site-packages/airflow/example_dags/example_short_circuit_operator.py
[2025-08-19T18:24:44.360+0000] {processor.py:839} INFO - DAG(s) dict_keys(['example_short_circuit_operator']) retrieved from /home/airflow/.local/lib/python3.8/site-packages/airflow/example_dags/example_short_circuit_operator.py
[2025-08-19T18:24:44.519+0000] {logging_mixin.py:151} INFO - [2025-08-19T18:24:44.518+0000] {dag.py:2941} INFO - Sync 1 DAGs
[2025-08-19T18:24:44.679+0000] {logging_mixin.py:151} INFO - [2025-08-19T18:24:44.679+0000] {dag.py:3722} INFO - Setting next_dagrun for example_short_circuit_operator to 2025-08-18T18:24:44.678866+00:00, run_after=2025-08-19T18:24:44.678866+00:00
[2025-08-19T18:24:44.784+0000] {processor.py:179} INFO - Processing /home/airflow/.local/lib/python3.8/site-packages/airflow/example_dags/example_short_circuit_operator.py took 0.487 seconds
[2025-08-19T18:25:15.061+0000] {processor.py:157} INFO - Started process (PID=333) to work on /home/airflow/.local/lib/python3.8/site-packages/airflow/example_dags/example_short_circuit_operator.py
[2025-08-19T18:25:15.064+0000] {processor.py:829} INFO - Processing file /home/airflow/.local/lib/python3.8/site-packages/airflow/example_dags/example_short_circuit_operator.py for tasks to queue
[2025-08-19T18:25:15.068+0000] {logging_mixin.py:151} INFO - [2025-08-19T18:25:15.068+0000] {dagbag.py:536} INFO - Filling up the DagBag from /home/airflow/.local/lib/python3.8/site-packages/airflow/example_dags/example_short_circuit_operator.py
[2025-08-19T18:25:15.078+0000] {processor.py:839} INFO - DAG(s) dict_keys(['example_short_circuit_operator']) retrieved from /home/airflow/.local/lib/python3.8/site-packages/airflow/example_dags/example_short_circuit_operator.py
[2025-08-19T18:25:15.112+0000] {logging_mixin.py:151} INFO - [2025-08-19T18:25:15.111+0000] {dag.py:2941} INFO - Sync 1 DAGs
[2025-08-19T18:25:15.150+0000] {logging_mixin.py:151} INFO - [2025-08-19T18:25:15.148+0000] {dag.py:3722} INFO - Setting next_dagrun for example_short_circuit_operator to 2025-08-18T18:25:15.148571+00:00, run_after=2025-08-19T18:25:15.148571+00:00
[2025-08-19T18:25:15.189+0000] {processor.py:179} INFO - Processing /home/airflow/.local/lib/python3.8/site-packages/airflow/example_dags/example_short_circuit_operator.py took 0.136 seconds
[2025-08-19T18:25:45.618+0000] {processor.py:157} INFO - Started process (PID=387) to work on /home/airflow/.local/lib/python3.8/site-packages/airflow/example_dags/example_short_circuit_operator.py
[2025-08-19T18:25:45.620+0000] {processor.py:829} INFO - Processing file /home/airflow/.local/lib/python3.8/site-packages/airflow/example_dags/example_short_circuit_operator.py for tasks to queue
[2025-08-19T18:25:45.625+0000] {logging_mixin.py:151} INFO - [2025-08-19T18:25:45.624+0000] {dagbag.py:536} INFO - Filling up the DagBag from /home/airflow/.local/lib/python3.8/site-packages/airflow/example_dags/example_short_circuit_operator.py
[2025-08-19T18:25:45.642+0000] {processor.py:839} INFO - DAG(s) dict_keys(['example_short_circuit_operator']) retrieved from /home/airflow/.local/lib/python3.8/site-packages/airflow/example_dags/example_short_circuit_operator.py
[2025-08-19T18:25:45.714+0000] {logging_mixin.py:151} INFO - [2025-08-19T18:25:45.713+0000] {dag.py:2941} INFO - Sync 1 DAGs
[2025-08-19T18:25:45.797+0000] {logging_mixin.py:151} INFO - [2025-08-19T18:25:45.797+0000] {dag.py:3722} INFO - Setting next_dagrun for example_short_circuit_operator to 2025-08-18T18:25:45.796635+00:00, run_after=2025-08-19T18:25:45.796635+00:00
[2025-08-19T18:25:45.863+0000] {processor.py:179} INFO - Processing /home/airflow/.local/lib/python3.8/site-packages/airflow/example_dags/example_short_circuit_operator.py took 0.253 seconds
[2025-08-19T18:26:19.758+0000] {processor.py:157} INFO - Started process (PID=442) to work on /home/airflow/.local/lib/python3.8/site-packages/airflow/example_dags/example_short_circuit_operator.py
[2025-08-19T18:26:19.771+0000] {processor.py:829} INFO - Processing file /home/airflow/.local/lib/python3.8/site-packages/airflow/example_dags/example_short_circuit_operator.py for tasks to queue
[2025-08-19T18:26:19.790+0000] {logging_mixin.py:151} INFO - [2025-08-19T18:26:19.789+0000] {dagbag.py:536} INFO - Filling up the DagBag from /home/airflow/.local/lib/python3.8/site-packages/airflow/example_dags/example_short_circuit_operator.py
[2025-08-19T18:26:19.827+0000] {processor.py:839} INFO - DAG(s) dict_keys(['example_short_circuit_operator']) retrieved from /home/airflow/.local/lib/python3.8/site-packages/airflow/example_dags/example_short_circuit_operator.py
[2025-08-19T18:26:19.967+0000] {logging_mixin.py:151} INFO - [2025-08-19T18:26:19.967+0000] {dag.py:2941} INFO - Sync 1 DAGs
[2025-08-19T18:26:20.123+0000] {logging_mixin.py:151} INFO - [2025-08-19T18:26:20.122+0000] {dag.py:3722} INFO - Setting next_dagrun for example_short_circuit_operator to 2025-08-18T18:26:20.121605+00:00, run_after=2025-08-19T18:26:20.121605+00:00
[2025-08-19T18:26:20.202+0000] {processor.py:179} INFO - Processing /home/airflow/.local/lib/python3.8/site-packages/airflow/example_dags/example_short_circuit_operator.py took 0.473 seconds
[2025-08-19T18:26:51.559+0000] {processor.py:157} INFO - Started process (PID=496) to work on /home/airflow/.local/lib/python3.8/site-packages/airflow/example_dags/example_short_circuit_operator.py
[2025-08-19T18:26:51.568+0000] {processor.py:829} INFO - Processing file /home/airflow/.local/lib/python3.8/site-packages/airflow/example_dags/example_short_circuit_operator.py for tasks to queue
[2025-08-19T18:26:51.575+0000] {logging_mixin.py:151} INFO - [2025-08-19T18:26:51.574+0000] {dagbag.py:536} INFO - Filling up the DagBag from /home/airflow/.local/lib/python3.8/site-packages/airflow/example_dags/example_short_circuit_operator.py
[2025-08-19T18:26:51.612+0000] {processor.py:839} INFO - DAG(s) dict_keys(['example_short_circuit_operator']) retrieved from /home/airflow/.local/lib/python3.8/site-packages/airflow/example_dags/example_short_circuit_operator.py
[2025-08-19T18:26:51.708+0000] {logging_mixin.py:151} INFO - [2025-08-19T18:26:51.707+0000] {dag.py:2941} INFO - Sync 1 DAGs
[2025-08-19T18:26:51.794+0000] {logging_mixin.py:151} INFO - [2025-08-19T18:26:51.794+0000] {dag.py:3722} INFO - Setting next_dagrun for example_short_circuit_operator to 2025-08-18T18:26:51.793019+00:00, run_after=2025-08-19T18:26:51.793019+00:00
[2025-08-19T18:26:51.861+0000] {processor.py:179} INFO - Processing /home/airflow/.local/lib/python3.8/site-packages/airflow/example_dags/example_short_circuit_operator.py took 0.310 seconds
[2025-08-19T18:27:22.867+0000] {processor.py:157} INFO - Started process (PID=550) to work on /home/airflow/.local/lib/python3.8/site-packages/airflow/example_dags/example_short_circuit_operator.py
[2025-08-19T18:27:22.884+0000] {processor.py:829} INFO - Processing file /home/airflow/.local/lib/python3.8/site-packages/airflow/example_dags/example_short_circuit_operator.py for tasks to queue
[2025-08-19T18:27:22.961+0000] {logging_mixin.py:151} INFO - [2025-08-19T18:27:22.954+0000] {dagbag.py:536} INFO - Filling up the DagBag from /home/airflow/.local/lib/python3.8/site-packages/airflow/example_dags/example_short_circuit_operator.py
[2025-08-19T18:27:22.985+0000] {processor.py:839} INFO - DAG(s) dict_keys(['example_short_circuit_operator']) retrieved from /home/airflow/.local/lib/python3.8/site-packages/airflow/example_dags/example_short_circuit_operator.py
[2025-08-19T18:27:23.033+0000] {logging_mixin.py:151} INFO - [2025-08-19T18:27:23.033+0000] {dag.py:2941} INFO - Sync 1 DAGs
[2025-08-19T18:27:23.097+0000] {logging_mixin.py:151} INFO - [2025-08-19T18:27:23.097+0000] {dag.py:3722} INFO - Setting next_dagrun for example_short_circuit_operator to 2025-08-18T18:27:23.096522+00:00, run_after=2025-08-19T18:27:23.096522+00:00
[2025-08-19T18:27:23.153+0000] {processor.py:179} INFO - Processing /home/airflow/.local/lib/python3.8/site-packages/airflow/example_dags/example_short_circuit_operator.py took 0.296 seconds
[2025-08-19T18:27:53.887+0000] {processor.py:157} INFO - Started process (PID=604) to work on /home/airflow/.local/lib/python3.8/site-packages/airflow/example_dags/example_short_circuit_operator.py
[2025-08-19T18:27:53.888+0000] {processor.py:829} INFO - Processing file /home/airflow/.local/lib/python3.8/site-packages/airflow/example_dags/example_short_circuit_operator.py for tasks to queue
[2025-08-19T18:27:53.891+0000] {logging_mixin.py:151} INFO - [2025-08-19T18:27:53.890+0000] {dagbag.py:536} INFO - Filling up the DagBag from /home/airflow/.local/lib/python3.8/site-packages/airflow/example_dags/example_short_circuit_operator.py
[2025-08-19T18:27:53.901+0000] {processor.py:839} INFO - DAG(s) dict_keys(['example_short_circuit_operator']) retrieved from /home/airflow/.local/lib/python3.8/site-packages/airflow/example_dags/example_short_circuit_operator.py
[2025-08-19T18:27:53.941+0000] {logging_mixin.py:151} INFO - [2025-08-19T18:27:53.940+0000] {dag.py:2941} INFO - Sync 1 DAGs
[2025-08-19T18:27:53.974+0000] {logging_mixin.py:151} INFO - [2025-08-19T18:27:53.974+0000] {dag.py:3722} INFO - Setting next_dagrun for example_short_circuit_operator to 2025-08-18T18:27:53.974127+00:00, run_after=2025-08-19T18:27:53.974127+00:00
[2025-08-19T18:27:54.006+0000] {processor.py:179} INFO - Processing /home/airflow/.local/lib/python3.8/site-packages/airflow/example_dags/example_short_circuit_operator.py took 0.124 seconds
[2025-08-19T18:28:24.675+0000] {processor.py:157} INFO - Started process (PID=649) to work on /home/airflow/.local/lib/python3.8/site-packages/airflow/example_dags/example_short_circuit_operator.py
[2025-08-19T18:28:24.677+0000] {processor.py:829} INFO - Processing file /home/airflow/.local/lib/python3.8/site-packages/airflow/example_dags/example_short_circuit_operator.py for tasks to queue
[2025-08-19T18:28:24.680+0000] {logging_mixin.py:151} INFO - [2025-08-19T18:28:24.679+0000] {dagbag.py:536} INFO - Filling up the DagBag from /home/airflow/.local/lib/python3.8/site-packages/airflow/example_dags/example_short_circuit_operator.py
[2025-08-19T18:28:24.690+0000] {processor.py:839} INFO - DAG(s) dict_keys(['example_short_circuit_operator']) retrieved from /home/airflow/.local/lib/python3.8/site-packages/airflow/example_dags/example_short_circuit_operator.py
[2025-08-19T18:28:24.728+0000] {logging_mixin.py:151} INFO - [2025-08-19T18:28:24.728+0000] {dag.py:2941} INFO - Sync 1 DAGs
[2025-08-19T18:28:24.763+0000] {logging_mixin.py:151} INFO - [2025-08-19T18:28:24.763+0000] {dag.py:3722} INFO - Setting next_dagrun for example_short_circuit_operator to 2025-08-18T18:28:24.762848+00:00, run_after=2025-08-19T18:28:24.762848+00:00
[2025-08-19T18:28:24.792+0000] {processor.py:179} INFO - Processing /home/airflow/.local/lib/python3.8/site-packages/airflow/example_dags/example_short_circuit_operator.py took 0.121 seconds
[2025-08-19T18:28:55.222+0000] {processor.py:157} INFO - Started process (PID=703) to work on /home/airflow/.local/lib/python3.8/site-packages/airflow/example_dags/example_short_circuit_operator.py
[2025-08-19T18:28:55.225+0000] {processor.py:829} INFO - Processing file /home/airflow/.local/lib/python3.8/site-packages/airflow/example_dags/example_short_circuit_operator.py for tasks to queue
[2025-08-19T18:28:55.230+0000] {logging_mixin.py:151} INFO - [2025-08-19T18:28:55.229+0000] {dagbag.py:536} INFO - Filling up the DagBag from /home/airflow/.local/lib/python3.8/site-packages/airflow/example_dags/example_short_circuit_operator.py
[2025-08-19T18:28:55.242+0000] {processor.py:839} INFO - DAG(s) dict_keys(['example_short_circuit_operator']) retrieved from /home/airflow/.local/lib/python3.8/site-packages/airflow/example_dags/example_short_circuit_operator.py
[2025-08-19T18:28:55.286+0000] {logging_mixin.py:151} INFO - [2025-08-19T18:28:55.286+0000] {dag.py:2941} INFO - Sync 1 DAGs
[2025-08-19T18:28:55.324+0000] {logging_mixin.py:151} INFO - [2025-08-19T18:28:55.324+0000] {dag.py:3722} INFO - Setting next_dagrun for example_short_circuit_operator to 2025-08-18T18:28:55.323689+00:00, run_after=2025-08-19T18:28:55.323689+00:00
[2025-08-19T18:28:55.356+0000] {processor.py:179} INFO - Processing /home/airflow/.local/lib/python3.8/site-packages/airflow/example_dags/example_short_circuit_operator.py took 0.141 seconds
[2025-08-19T18:29:25.551+0000] {processor.py:157} INFO - Started process (PID=758) to work on /home/airflow/.local/lib/python3.8/site-packages/airflow/example_dags/example_short_circuit_operator.py
[2025-08-19T18:29:25.554+0000] {processor.py:829} INFO - Processing file /home/airflow/.local/lib/python3.8/site-packages/airflow/example_dags/example_short_circuit_operator.py for tasks to queue
[2025-08-19T18:29:25.558+0000] {logging_mixin.py:151} INFO - [2025-08-19T18:29:25.557+0000] {dagbag.py:536} INFO - Filling up the DagBag from /home/airflow/.local/lib/python3.8/site-packages/airflow/example_dags/example_short_circuit_operator.py
[2025-08-19T18:29:25.575+0000] {processor.py:839} INFO - DAG(s) dict_keys(['example_short_circuit_operator']) retrieved from /home/airflow/.local/lib/python3.8/site-packages/airflow/example_dags/example_short_circuit_operator.py
[2025-08-19T18:29:25.615+0000] {logging_mixin.py:151} INFO - [2025-08-19T18:29:25.615+0000] {dag.py:2941} INFO - Sync 1 DAGs
[2025-08-19T18:29:25.659+0000] {logging_mixin.py:151} INFO - [2025-08-19T18:29:25.659+0000] {dag.py:3722} INFO - Setting next_dagrun for example_short_circuit_operator to 2025-08-18T18:29:25.658279+00:00, run_after=2025-08-19T18:29:25.658279+00:00
[2025-08-19T18:29:25.701+0000] {processor.py:179} INFO - Processing /home/airflow/.local/lib/python3.8/site-packages/airflow/example_dags/example_short_circuit_operator.py took 0.157 seconds
[2025-08-19T18:29:56.441+0000] {processor.py:157} INFO - Started process (PID=812) to work on /home/airflow/.local/lib/python3.8/site-packages/airflow/example_dags/example_short_circuit_operator.py
[2025-08-19T18:29:56.454+0000] {processor.py:829} INFO - Processing file /home/airflow/.local/lib/python3.8/site-packages/airflow/example_dags/example_short_circuit_operator.py for tasks to queue
[2025-08-19T18:29:56.494+0000] {logging_mixin.py:151} INFO - [2025-08-19T18:29:56.492+0000] {dagbag.py:536} INFO - Filling up the DagBag from /home/airflow/.local/lib/python3.8/site-packages/airflow/example_dags/example_short_circuit_operator.py
[2025-08-19T18:29:56.538+0000] {processor.py:839} INFO - DAG(s) dict_keys(['example_short_circuit_operator']) retrieved from /home/airflow/.local/lib/python3.8/site-packages/airflow/example_dags/example_short_circuit_operator.py
[2025-08-19T18:29:56.671+0000] {logging_mixin.py:151} INFO - [2025-08-19T18:29:56.670+0000] {dag.py:2941} INFO - Sync 1 DAGs
[2025-08-19T18:29:56.741+0000] {logging_mixin.py:151} INFO - [2025-08-19T18:29:56.741+0000] {dag.py:3722} INFO - Setting next_dagrun for example_short_circuit_operator to 2025-08-18T18:29:56.740407+00:00, run_after=2025-08-19T18:29:56.740407+00:00
[2025-08-19T18:29:57.436+0000] {processor.py:179} INFO - Processing /home/airflow/.local/lib/python3.8/site-packages/airflow/example_dags/example_short_circuit_operator.py took 1.012 seconds
[2025-08-19T18:30:57.187+0000] {processor.py:157} INFO - Started process (PID=108) to work on /home/airflow/.local/lib/python3.8/site-packages/airflow/example_dags/example_short_circuit_operator.py
[2025-08-19T18:30:57.190+0000] {processor.py:829} INFO - Processing file /home/airflow/.local/lib/python3.8/site-packages/airflow/example_dags/example_short_circuit_operator.py for tasks to queue
[2025-08-19T18:30:57.196+0000] {logging_mixin.py:151} INFO - [2025-08-19T18:30:57.195+0000] {dagbag.py:536} INFO - Filling up the DagBag from /home/airflow/.local/lib/python3.8/site-packages/airflow/example_dags/example_short_circuit_operator.py
[2025-08-19T18:30:57.221+0000] {processor.py:839} INFO - DAG(s) dict_keys(['example_short_circuit_operator']) retrieved from /home/airflow/.local/lib/python3.8/site-packages/airflow/example_dags/example_short_circuit_operator.py
[2025-08-19T18:30:57.325+0000] {logging_mixin.py:151} INFO - [2025-08-19T18:30:57.324+0000] {dag.py:2941} INFO - Sync 1 DAGs
[2025-08-19T18:30:57.407+0000] {logging_mixin.py:151} INFO - [2025-08-19T18:30:57.406+0000] {dag.py:3722} INFO - Setting next_dagrun for example_short_circuit_operator to 2025-08-18T18:30:57.406020+00:00, run_after=2025-08-19T18:30:57.406020+00:00
[2025-08-19T18:30:57.487+0000] {processor.py:179} INFO - Processing /home/airflow/.local/lib/python3.8/site-packages/airflow/example_dags/example_short_circuit_operator.py took 0.309 seconds
[2025-08-19T18:31:28.309+0000] {processor.py:157} INFO - Started process (PID=163) to work on /home/airflow/.local/lib/python3.8/site-packages/airflow/example_dags/example_short_circuit_operator.py
[2025-08-19T18:31:28.313+0000] {processor.py:829} INFO - Processing file /home/airflow/.local/lib/python3.8/site-packages/airflow/example_dags/example_short_circuit_operator.py for tasks to queue
[2025-08-19T18:31:28.322+0000] {logging_mixin.py:151} INFO - [2025-08-19T18:31:28.322+0000] {dagbag.py:536} INFO - Filling up the DagBag from /home/airflow/.local/lib/python3.8/site-packages/airflow/example_dags/example_short_circuit_operator.py
[2025-08-19T18:31:28.339+0000] {processor.py:839} INFO - DAG(s) dict_keys(['example_short_circuit_operator']) retrieved from /home/airflow/.local/lib/python3.8/site-packages/airflow/example_dags/example_short_circuit_operator.py
[2025-08-19T18:31:28.421+0000] {logging_mixin.py:151} INFO - [2025-08-19T18:31:28.420+0000] {dag.py:2941} INFO - Sync 1 DAGs
[2025-08-19T18:31:28.485+0000] {logging_mixin.py:151} INFO - [2025-08-19T18:31:28.484+0000] {dag.py:3722} INFO - Setting next_dagrun for example_short_circuit_operator to 2025-08-18T18:31:28.483875+00:00, run_after=2025-08-19T18:31:28.483875+00:00
[2025-08-19T18:31:28.538+0000] {processor.py:179} INFO - Processing /home/airflow/.local/lib/python3.8/site-packages/airflow/example_dags/example_short_circuit_operator.py took 0.235 seconds
[2025-08-19T18:31:59.231+0000] {processor.py:157} INFO - Started process (PID=217) to work on /home/airflow/.local/lib/python3.8/site-packages/airflow/example_dags/example_short_circuit_operator.py
[2025-08-19T18:31:59.234+0000] {processor.py:829} INFO - Processing file /home/airflow/.local/lib/python3.8/site-packages/airflow/example_dags/example_short_circuit_operator.py for tasks to queue
[2025-08-19T18:31:59.242+0000] {logging_mixin.py:151} INFO - [2025-08-19T18:31:59.237+0000] {dagbag.py:536} INFO - Filling up the DagBag from /home/airflow/.local/lib/python3.8/site-packages/airflow/example_dags/example_short_circuit_operator.py
[2025-08-19T18:31:59.262+0000] {processor.py:839} INFO - DAG(s) dict_keys(['example_short_circuit_operator']) retrieved from /home/airflow/.local/lib/python3.8/site-packages/airflow/example_dags/example_short_circuit_operator.py
[2025-08-19T18:31:59.310+0000] {logging_mixin.py:151} INFO - [2025-08-19T18:31:59.310+0000] {dag.py:2941} INFO - Sync 1 DAGs
[2025-08-19T18:31:59.357+0000] {logging_mixin.py:151} INFO - [2025-08-19T18:31:59.356+0000] {dag.py:3722} INFO - Setting next_dagrun for example_short_circuit_operator to 2025-08-18T18:31:59.356078+00:00, run_after=2025-08-19T18:31:59.356078+00:00
[2025-08-19T18:31:59.399+0000] {processor.py:179} INFO - Processing /home/airflow/.local/lib/python3.8/site-packages/airflow/example_dags/example_short_circuit_operator.py took 0.185 seconds
[2025-08-19T18:32:29.950+0000] {processor.py:157} INFO - Started process (PID=264) to work on /home/airflow/.local/lib/python3.8/site-packages/airflow/example_dags/example_short_circuit_operator.py
[2025-08-19T18:32:29.954+0000] {processor.py:829} INFO - Processing file /home/airflow/.local/lib/python3.8/site-packages/airflow/example_dags/example_short_circuit_operator.py for tasks to queue
[2025-08-19T18:32:29.963+0000] {logging_mixin.py:151} INFO - [2025-08-19T18:32:29.962+0000] {dagbag.py:536} INFO - Filling up the DagBag from /home/airflow/.local/lib/python3.8/site-packages/airflow/example_dags/example_short_circuit_operator.py
[2025-08-19T18:32:29.976+0000] {processor.py:839} INFO - DAG(s) dict_keys(['example_short_circuit_operator']) retrieved from /home/airflow/.local/lib/python3.8/site-packages/airflow/example_dags/example_short_circuit_operator.py
[2025-08-19T18:32:30.026+0000] {logging_mixin.py:151} INFO - [2025-08-19T18:32:30.025+0000] {dag.py:2941} INFO - Sync 1 DAGs
[2025-08-19T18:32:30.071+0000] {logging_mixin.py:151} INFO - [2025-08-19T18:32:30.070+0000] {dag.py:3722} INFO - Setting next_dagrun for example_short_circuit_operator to 2025-08-18T18:32:30.070608+00:00, run_after=2025-08-19T18:32:30.070608+00:00
[2025-08-19T18:32:30.110+0000] {processor.py:179} INFO - Processing /home/airflow/.local/lib/python3.8/site-packages/airflow/example_dags/example_short_circuit_operator.py took 0.167 seconds
[2025-08-19T18:33:00.454+0000] {processor.py:157} INFO - Started process (PID=318) to work on /home/airflow/.local/lib/python3.8/site-packages/airflow/example_dags/example_short_circuit_operator.py
[2025-08-19T18:33:00.456+0000] {processor.py:829} INFO - Processing file /home/airflow/.local/lib/python3.8/site-packages/airflow/example_dags/example_short_circuit_operator.py for tasks to queue
[2025-08-19T18:33:00.461+0000] {logging_mixin.py:151} INFO - [2025-08-19T18:33:00.460+0000] {dagbag.py:536} INFO - Filling up the DagBag from /home/airflow/.local/lib/python3.8/site-packages/airflow/example_dags/example_short_circuit_operator.py
[2025-08-19T18:33:00.481+0000] {processor.py:839} INFO - DAG(s) dict_keys(['example_short_circuit_operator']) retrieved from /home/airflow/.local/lib/python3.8/site-packages/airflow/example_dags/example_short_circuit_operator.py
[2025-08-19T18:33:00.531+0000] {logging_mixin.py:151} INFO - [2025-08-19T18:33:00.531+0000] {dag.py:2941} INFO - Sync 1 DAGs
[2025-08-19T18:33:00.583+0000] {logging_mixin.py:151} INFO - [2025-08-19T18:33:00.583+0000] {dag.py:3722} INFO - Setting next_dagrun for example_short_circuit_operator to 2025-08-18T18:33:00.582235+00:00, run_after=2025-08-19T18:33:00.582235+00:00
[2025-08-19T18:33:00.640+0000] {processor.py:179} INFO - Processing /home/airflow/.local/lib/python3.8/site-packages/airflow/example_dags/example_short_circuit_operator.py took 0.188 seconds
[2025-08-19T18:33:31.268+0000] {processor.py:157} INFO - Started process (PID=372) to work on /home/airflow/.local/lib/python3.8/site-packages/airflow/example_dags/example_short_circuit_operator.py
[2025-08-19T18:33:31.273+0000] {processor.py:829} INFO - Processing file /home/airflow/.local/lib/python3.8/site-packages/airflow/example_dags/example_short_circuit_operator.py for tasks to queue
[2025-08-19T18:33:31.277+0000] {logging_mixin.py:151} INFO - [2025-08-19T18:33:31.276+0000] {dagbag.py:536} INFO - Filling up the DagBag from /home/airflow/.local/lib/python3.8/site-packages/airflow/example_dags/example_short_circuit_operator.py
[2025-08-19T18:33:31.287+0000] {processor.py:839} INFO - DAG(s) dict_keys(['example_short_circuit_operator']) retrieved from /home/airflow/.local/lib/python3.8/site-packages/airflow/example_dags/example_short_circuit_operator.py
[2025-08-19T18:33:31.321+0000] {logging_mixin.py:151} INFO - [2025-08-19T18:33:31.321+0000] {dag.py:2941} INFO - Sync 1 DAGs
[2025-08-19T18:33:31.355+0000] {logging_mixin.py:151} INFO - [2025-08-19T18:33:31.355+0000] {dag.py:3722} INFO - Setting next_dagrun for example_short_circuit_operator to 2025-08-18T18:33:31.354697+00:00, run_after=2025-08-19T18:33:31.354697+00:00
[2025-08-19T18:33:31.382+0000] {processor.py:179} INFO - Processing /home/airflow/.local/lib/python3.8/site-packages/airflow/example_dags/example_short_circuit_operator.py took 0.120 seconds
[2025-08-19T18:34:02.054+0000] {processor.py:157} INFO - Started process (PID=426) to work on /home/airflow/.local/lib/python3.8/site-packages/airflow/example_dags/example_short_circuit_operator.py
[2025-08-19T18:34:02.056+0000] {processor.py:829} INFO - Processing file /home/airflow/.local/lib/python3.8/site-packages/airflow/example_dags/example_short_circuit_operator.py for tasks to queue
[2025-08-19T18:34:02.061+0000] {logging_mixin.py:151} INFO - [2025-08-19T18:34:02.060+0000] {dagbag.py:536} INFO - Filling up the DagBag from /home/airflow/.local/lib/python3.8/site-packages/airflow/example_dags/example_short_circuit_operator.py
[2025-08-19T18:34:02.069+0000] {processor.py:839} INFO - DAG(s) dict_keys(['example_short_circuit_operator']) retrieved from /home/airflow/.local/lib/python3.8/site-packages/airflow/example_dags/example_short_circuit_operator.py
[2025-08-19T18:34:02.102+0000] {logging_mixin.py:151} INFO - [2025-08-19T18:34:02.101+0000] {dag.py:2941} INFO - Sync 1 DAGs
[2025-08-19T18:34:02.144+0000] {logging_mixin.py:151} INFO - [2025-08-19T18:34:02.144+0000] {dag.py:3722} INFO - Setting next_dagrun for example_short_circuit_operator to 2025-08-18T18:34:02.143856+00:00, run_after=2025-08-19T18:34:02.143856+00:00
[2025-08-19T18:34:02.180+0000] {processor.py:179} INFO - Processing /home/airflow/.local/lib/python3.8/site-packages/airflow/example_dags/example_short_circuit_operator.py took 0.131 seconds
[2025-08-19T18:34:33.109+0000] {processor.py:157} INFO - Started process (PID=480) to work on /home/airflow/.local/lib/python3.8/site-packages/airflow/example_dags/example_short_circuit_operator.py
[2025-08-19T18:34:33.114+0000] {processor.py:829} INFO - Processing file /home/airflow/.local/lib/python3.8/site-packages/airflow/example_dags/example_short_circuit_operator.py for tasks to queue
[2025-08-19T18:34:33.121+0000] {logging_mixin.py:151} INFO - [2025-08-19T18:34:33.121+0000] {dagbag.py:536} INFO - Filling up the DagBag from /home/airflow/.local/lib/python3.8/site-packages/airflow/example_dags/example_short_circuit_operator.py
[2025-08-19T18:34:33.136+0000] {processor.py:839} INFO - DAG(s) dict_keys(['example_short_circuit_operator']) retrieved from /home/airflow/.local/lib/python3.8/site-packages/airflow/example_dags/example_short_circuit_operator.py
[2025-08-19T18:34:33.185+0000] {logging_mixin.py:151} INFO - [2025-08-19T18:34:33.184+0000] {dag.py:2941} INFO - Sync 1 DAGs
[2025-08-19T18:34:33.223+0000] {logging_mixin.py:151} INFO - [2025-08-19T18:34:33.223+0000] {dag.py:3722} INFO - Setting next_dagrun for example_short_circuit_operator to 2025-08-18T18:34:33.222874+00:00, run_after=2025-08-19T18:34:33.222874+00:00
[2025-08-19T18:34:33.248+0000] {processor.py:179} INFO - Processing /home/airflow/.local/lib/python3.8/site-packages/airflow/example_dags/example_short_circuit_operator.py took 0.156 seconds
[2025-08-19T18:35:03.386+0000] {processor.py:157} INFO - Started process (PID=534) to work on /home/airflow/.local/lib/python3.8/site-packages/airflow/example_dags/example_short_circuit_operator.py
[2025-08-19T18:35:03.388+0000] {processor.py:829} INFO - Processing file /home/airflow/.local/lib/python3.8/site-packages/airflow/example_dags/example_short_circuit_operator.py for tasks to queue
[2025-08-19T18:35:03.391+0000] {logging_mixin.py:151} INFO - [2025-08-19T18:35:03.391+0000] {dagbag.py:536} INFO - Filling up the DagBag from /home/airflow/.local/lib/python3.8/site-packages/airflow/example_dags/example_short_circuit_operator.py
[2025-08-19T18:35:03.401+0000] {processor.py:839} INFO - DAG(s) dict_keys(['example_short_circuit_operator']) retrieved from /home/airflow/.local/lib/python3.8/site-packages/airflow/example_dags/example_short_circuit_operator.py
[2025-08-19T18:35:03.435+0000] {logging_mixin.py:151} INFO - [2025-08-19T18:35:03.435+0000] {dag.py:2941} INFO - Sync 1 DAGs
[2025-08-19T18:35:03.469+0000] {logging_mixin.py:151} INFO - [2025-08-19T18:35:03.468+0000] {dag.py:3722} INFO - Setting next_dagrun for example_short_circuit_operator to 2025-08-18T18:35:03.468435+00:00, run_after=2025-08-19T18:35:03.468435+00:00
[2025-08-19T18:35:03.502+0000] {processor.py:179} INFO - Processing /home/airflow/.local/lib/python3.8/site-packages/airflow/example_dags/example_short_circuit_operator.py took 0.123 seconds
[2025-08-19T18:35:34.054+0000] {processor.py:157} INFO - Started process (PID=588) to work on /home/airflow/.local/lib/python3.8/site-packages/airflow/example_dags/example_short_circuit_operator.py
[2025-08-19T18:35:34.056+0000] {processor.py:829} INFO - Processing file /home/airflow/.local/lib/python3.8/site-packages/airflow/example_dags/example_short_circuit_operator.py for tasks to queue
[2025-08-19T18:35:34.061+0000] {logging_mixin.py:151} INFO - [2025-08-19T18:35:34.061+0000] {dagbag.py:536} INFO - Filling up the DagBag from /home/airflow/.local/lib/python3.8/site-packages/airflow/example_dags/example_short_circuit_operator.py
[2025-08-19T18:35:34.078+0000] {processor.py:839} INFO - DAG(s) dict_keys(['example_short_circuit_operator']) retrieved from /home/airflow/.local/lib/python3.8/site-packages/airflow/example_dags/example_short_circuit_operator.py
[2025-08-19T18:35:34.133+0000] {logging_mixin.py:151} INFO - [2025-08-19T18:35:34.132+0000] {dag.py:2941} INFO - Sync 1 DAGs
[2025-08-19T18:35:34.186+0000] {logging_mixin.py:151} INFO - [2025-08-19T18:35:34.185+0000] {dag.py:3722} INFO - Setting next_dagrun for example_short_circuit_operator to 2025-08-18T18:35:34.185265+00:00, run_after=2025-08-19T18:35:34.185265+00:00
[2025-08-19T18:35:34.231+0000] {processor.py:179} INFO - Processing /home/airflow/.local/lib/python3.8/site-packages/airflow/example_dags/example_short_circuit_operator.py took 0.183 seconds
[2025-08-19T18:36:05.160+0000] {processor.py:157} INFO - Started process (PID=642) to work on /home/airflow/.local/lib/python3.8/site-packages/airflow/example_dags/example_short_circuit_operator.py
[2025-08-19T18:36:05.163+0000] {processor.py:829} INFO - Processing file /home/airflow/.local/lib/python3.8/site-packages/airflow/example_dags/example_short_circuit_operator.py for tasks to queue
[2025-08-19T18:36:05.171+0000] {logging_mixin.py:151} INFO - [2025-08-19T18:36:05.170+0000] {dagbag.py:536} INFO - Filling up the DagBag from /home/airflow/.local/lib/python3.8/site-packages/airflow/example_dags/example_short_circuit_operator.py
[2025-08-19T18:36:05.200+0000] {processor.py:839} INFO - DAG(s) dict_keys(['example_short_circuit_operator']) retrieved from /home/airflow/.local/lib/python3.8/site-packages/airflow/example_dags/example_short_circuit_operator.py
[2025-08-19T18:36:05.272+0000] {logging_mixin.py:151} INFO - [2025-08-19T18:36:05.271+0000] {dag.py:2941} INFO - Sync 1 DAGs
[2025-08-19T18:36:05.341+0000] {logging_mixin.py:151} INFO - [2025-08-19T18:36:05.341+0000] {dag.py:3722} INFO - Setting next_dagrun for example_short_circuit_operator to 2025-08-18T18:36:05.340734+00:00, run_after=2025-08-19T18:36:05.340734+00:00
[2025-08-19T18:36:05.405+0000] {processor.py:179} INFO - Processing /home/airflow/.local/lib/python3.8/site-packages/airflow/example_dags/example_short_circuit_operator.py took 0.257 seconds
[2025-08-19T18:36:36.207+0000] {processor.py:157} INFO - Started process (PID=696) to work on /home/airflow/.local/lib/python3.8/site-packages/airflow/example_dags/example_short_circuit_operator.py
[2025-08-19T18:36:36.209+0000] {processor.py:829} INFO - Processing file /home/airflow/.local/lib/python3.8/site-packages/airflow/example_dags/example_short_circuit_operator.py for tasks to queue
[2025-08-19T18:36:36.212+0000] {logging_mixin.py:151} INFO - [2025-08-19T18:36:36.212+0000] {dagbag.py:536} INFO - Filling up the DagBag from /home/airflow/.local/lib/python3.8/site-packages/airflow/example_dags/example_short_circuit_operator.py
[2025-08-19T18:36:36.222+0000] {processor.py:839} INFO - DAG(s) dict_keys(['example_short_circuit_operator']) retrieved from /home/airflow/.local/lib/python3.8/site-packages/airflow/example_dags/example_short_circuit_operator.py
[2025-08-19T18:36:36.264+0000] {logging_mixin.py:151} INFO - [2025-08-19T18:36:36.263+0000] {dag.py:2941} INFO - Sync 1 DAGs
[2025-08-19T18:36:36.299+0000] {logging_mixin.py:151} INFO - [2025-08-19T18:36:36.299+0000] {dag.py:3722} INFO - Setting next_dagrun for example_short_circuit_operator to 2025-08-18T18:36:36.299038+00:00, run_after=2025-08-19T18:36:36.299038+00:00
[2025-08-19T18:36:36.341+0000] {processor.py:179} INFO - Processing /home/airflow/.local/lib/python3.8/site-packages/airflow/example_dags/example_short_circuit_operator.py took 0.139 seconds
[2025-08-19T18:37:09.511+0000] {processor.py:157} INFO - Started process (PID=750) to work on /home/airflow/.local/lib/python3.8/site-packages/airflow/example_dags/example_short_circuit_operator.py
[2025-08-19T18:37:09.513+0000] {processor.py:829} INFO - Processing file /home/airflow/.local/lib/python3.8/site-packages/airflow/example_dags/example_short_circuit_operator.py for tasks to queue
[2025-08-19T18:37:09.520+0000] {logging_mixin.py:151} INFO - [2025-08-19T18:37:09.519+0000] {dagbag.py:536} INFO - Filling up the DagBag from /home/airflow/.local/lib/python3.8/site-packages/airflow/example_dags/example_short_circuit_operator.py
[2025-08-19T18:37:09.536+0000] {processor.py:839} INFO - DAG(s) dict_keys(['example_short_circuit_operator']) retrieved from /home/airflow/.local/lib/python3.8/site-packages/airflow/example_dags/example_short_circuit_operator.py
[2025-08-19T18:37:09.594+0000] {logging_mixin.py:151} INFO - [2025-08-19T18:37:09.593+0000] {dag.py:2941} INFO - Sync 1 DAGs
[2025-08-19T18:37:09.672+0000] {logging_mixin.py:151} INFO - [2025-08-19T18:37:09.671+0000] {dag.py:3722} INFO - Setting next_dagrun for example_short_circuit_operator to 2025-08-18T18:37:09.670581+00:00, run_after=2025-08-19T18:37:09.670581+00:00
[2025-08-19T18:37:09.854+0000] {processor.py:179} INFO - Processing /home/airflow/.local/lib/python3.8/site-packages/airflow/example_dags/example_short_circuit_operator.py took 0.353 seconds
[2025-08-19T18:37:43.235+0000] {processor.py:157} INFO - Started process (PID=805) to work on /home/airflow/.local/lib/python3.8/site-packages/airflow/example_dags/example_short_circuit_operator.py
[2025-08-19T18:37:43.238+0000] {processor.py:829} INFO - Processing file /home/airflow/.local/lib/python3.8/site-packages/airflow/example_dags/example_short_circuit_operator.py for tasks to queue
[2025-08-19T18:37:43.252+0000] {logging_mixin.py:151} INFO - [2025-08-19T18:37:43.250+0000] {dagbag.py:536} INFO - Filling up the DagBag from /home/airflow/.local/lib/python3.8/site-packages/airflow/example_dags/example_short_circuit_operator.py
[2025-08-19T18:37:43.275+0000] {processor.py:839} INFO - DAG(s) dict_keys(['example_short_circuit_operator']) retrieved from /home/airflow/.local/lib/python3.8/site-packages/airflow/example_dags/example_short_circuit_operator.py
[2025-08-19T18:37:43.349+0000] {logging_mixin.py:151} INFO - [2025-08-19T18:37:43.349+0000] {dag.py:2941} INFO - Sync 1 DAGs
[2025-08-19T18:37:43.412+0000] {logging_mixin.py:151} INFO - [2025-08-19T18:37:43.411+0000] {dag.py:3722} INFO - Setting next_dagrun for example_short_circuit_operator to 2025-08-18T18:37:43.410631+00:00, run_after=2025-08-19T18:37:43.410631+00:00
[2025-08-19T18:37:43.477+0000] {processor.py:179} INFO - Processing /home/airflow/.local/lib/python3.8/site-packages/airflow/example_dags/example_short_circuit_operator.py took 0.255 seconds
[2025-08-19T18:38:13.631+0000] {processor.py:157} INFO - Started process (PID=859) to work on /home/airflow/.local/lib/python3.8/site-packages/airflow/example_dags/example_short_circuit_operator.py
[2025-08-19T18:38:13.633+0000] {processor.py:829} INFO - Processing file /home/airflow/.local/lib/python3.8/site-packages/airflow/example_dags/example_short_circuit_operator.py for tasks to queue
[2025-08-19T18:38:13.638+0000] {logging_mixin.py:151} INFO - [2025-08-19T18:38:13.638+0000] {dagbag.py:536} INFO - Filling up the DagBag from /home/airflow/.local/lib/python3.8/site-packages/airflow/example_dags/example_short_circuit_operator.py
[2025-08-19T18:38:13.651+0000] {processor.py:839} INFO - DAG(s) dict_keys(['example_short_circuit_operator']) retrieved from /home/airflow/.local/lib/python3.8/site-packages/airflow/example_dags/example_short_circuit_operator.py
[2025-08-19T18:38:13.697+0000] {logging_mixin.py:151} INFO - [2025-08-19T18:38:13.697+0000] {dag.py:2941} INFO - Sync 1 DAGs
[2025-08-19T18:38:13.740+0000] {logging_mixin.py:151} INFO - [2025-08-19T18:38:13.739+0000] {dag.py:3722} INFO - Setting next_dagrun for example_short_circuit_operator to 2025-08-18T18:38:13.739522+00:00, run_after=2025-08-19T18:38:13.739522+00:00
[2025-08-19T18:38:13.781+0000] {processor.py:179} INFO - Processing /home/airflow/.local/lib/python3.8/site-packages/airflow/example_dags/example_short_circuit_operator.py took 0.155 seconds
[2025-08-19T18:38:44.644+0000] {processor.py:157} INFO - Started process (PID=913) to work on /home/airflow/.local/lib/python3.8/site-packages/airflow/example_dags/example_short_circuit_operator.py
[2025-08-19T18:38:44.645+0000] {processor.py:829} INFO - Processing file /home/airflow/.local/lib/python3.8/site-packages/airflow/example_dags/example_short_circuit_operator.py for tasks to queue
[2025-08-19T18:38:44.649+0000] {logging_mixin.py:151} INFO - [2025-08-19T18:38:44.649+0000] {dagbag.py:536} INFO - Filling up the DagBag from /home/airflow/.local/lib/python3.8/site-packages/airflow/example_dags/example_short_circuit_operator.py
[2025-08-19T18:38:44.658+0000] {processor.py:839} INFO - DAG(s) dict_keys(['example_short_circuit_operator']) retrieved from /home/airflow/.local/lib/python3.8/site-packages/airflow/example_dags/example_short_circuit_operator.py
[2025-08-19T18:38:44.693+0000] {logging_mixin.py:151} INFO - [2025-08-19T18:38:44.693+0000] {dag.py:2941} INFO - Sync 1 DAGs
[2025-08-19T18:38:44.719+0000] {logging_mixin.py:151} INFO - [2025-08-19T18:38:44.718+0000] {dag.py:3722} INFO - Setting next_dagrun for example_short_circuit_operator to 2025-08-18T18:38:44.718233+00:00, run_after=2025-08-19T18:38:44.718233+00:00
[2025-08-19T18:38:44.748+0000] {processor.py:179} INFO - Processing /home/airflow/.local/lib/python3.8/site-packages/airflow/example_dags/example_short_circuit_operator.py took 0.110 seconds
[2025-08-19T18:39:15.259+0000] {processor.py:157} INFO - Started process (PID=967) to work on /home/airflow/.local/lib/python3.8/site-packages/airflow/example_dags/example_short_circuit_operator.py
[2025-08-19T18:39:15.261+0000] {processor.py:829} INFO - Processing file /home/airflow/.local/lib/python3.8/site-packages/airflow/example_dags/example_short_circuit_operator.py for tasks to queue
[2025-08-19T18:39:15.265+0000] {logging_mixin.py:151} INFO - [2025-08-19T18:39:15.264+0000] {dagbag.py:536} INFO - Filling up the DagBag from /home/airflow/.local/lib/python3.8/site-packages/airflow/example_dags/example_short_circuit_operator.py
[2025-08-19T18:39:15.274+0000] {processor.py:839} INFO - DAG(s) dict_keys(['example_short_circuit_operator']) retrieved from /home/airflow/.local/lib/python3.8/site-packages/airflow/example_dags/example_short_circuit_operator.py
[2025-08-19T18:39:15.310+0000] {logging_mixin.py:151} INFO - [2025-08-19T18:39:15.310+0000] {dag.py:2941} INFO - Sync 1 DAGs
[2025-08-19T18:39:15.343+0000] {logging_mixin.py:151} INFO - [2025-08-19T18:39:15.343+0000] {dag.py:3722} INFO - Setting next_dagrun for example_short_circuit_operator to 2025-08-18T18:39:15.342716+00:00, run_after=2025-08-19T18:39:15.342716+00:00
[2025-08-19T18:39:15.378+0000] {processor.py:179} INFO - Processing /home/airflow/.local/lib/python3.8/site-packages/airflow/example_dags/example_short_circuit_operator.py took 0.124 seconds
