[2025-08-19T18:22:58.891+0000] {processor.py:157} INFO - Started process (PID=98) to work on /home/airflow/.local/lib/python3.8/site-packages/airflow/example_dags/example_xcomargs.py
[2025-08-19T18:22:58.945+0000] {processor.py:829} INFO - Processing file /home/airflow/.local/lib/python3.8/site-packages/airflow/example_dags/example_xcomargs.py for tasks to queue
[2025-08-19T18:22:59.107+0000] {logging_mixin.py:151} INFO - [2025-08-19T18:22:59.076+0000] {dagbag.py:536} INFO - Filling up the DagBag from /home/airflow/.local/lib/python3.8/site-packages/airflow/example_dags/example_xcomargs.py
[2025-08-19T18:22:59.530+0000] {processor.py:839} INFO - DAG(s) dict_keys(['example_xcom_args', 'example_xcom_args_with_operators']) retrieved from /home/airflow/.local/lib/python3.8/site-packages/airflow/example_dags/example_xcomargs.py
[2025-08-19T18:23:00.042+0000] {logging_mixin.py:151} INFO - [2025-08-19T18:23:00.035+0000] {dag.py:2941} INFO - Sync 2 DAGs
[2025-08-19T18:23:00.354+0000] {logging_mixin.py:151} INFO - [2025-08-19T18:23:00.353+0000] {dag.py:3722} INFO - Setting next_dagrun for example_xcom_args to None, run_after=None
[2025-08-19T18:23:00.397+0000] {logging_mixin.py:151} INFO - [2025-08-19T18:23:00.391+0000] {dag.py:3722} INFO - Setting next_dagrun for example_xcom_args_with_operators to None, run_after=None
[2025-08-19T18:23:00.689+0000] {processor.py:179} INFO - Processing /home/airflow/.local/lib/python3.8/site-packages/airflow/example_dags/example_xcomargs.py took 2.002 seconds
[2025-08-19T18:23:30.984+0000] {processor.py:157} INFO - Started process (PID=153) to work on /home/airflow/.local/lib/python3.8/site-packages/airflow/example_dags/example_xcomargs.py
[2025-08-19T18:23:30.986+0000] {processor.py:829} INFO - Processing file /home/airflow/.local/lib/python3.8/site-packages/airflow/example_dags/example_xcomargs.py for tasks to queue
[2025-08-19T18:23:30.995+0000] {logging_mixin.py:151} INFO - [2025-08-19T18:23:30.993+0000] {dagbag.py:536} INFO - Filling up the DagBag from /home/airflow/.local/lib/python3.8/site-packages/airflow/example_dags/example_xcomargs.py
[2025-08-19T18:23:31.021+0000] {processor.py:839} INFO - DAG(s) dict_keys(['example_xcom_args_with_operators', 'example_xcom_args']) retrieved from /home/airflow/.local/lib/python3.8/site-packages/airflow/example_dags/example_xcomargs.py
[2025-08-19T18:23:31.078+0000] {logging_mixin.py:151} INFO - [2025-08-19T18:23:31.077+0000] {dag.py:2941} INFO - Sync 2 DAGs
[2025-08-19T18:23:31.114+0000] {logging_mixin.py:151} INFO - [2025-08-19T18:23:31.113+0000] {dag.py:3722} INFO - Setting next_dagrun for example_xcom_args to None, run_after=None
[2025-08-19T18:23:31.124+0000] {logging_mixin.py:151} INFO - [2025-08-19T18:23:31.124+0000] {dag.py:3722} INFO - Setting next_dagrun for example_xcom_args_with_operators to None, run_after=None
[2025-08-19T18:23:31.165+0000] {processor.py:179} INFO - Processing /home/airflow/.local/lib/python3.8/site-packages/airflow/example_dags/example_xcomargs.py took 0.193 seconds
[2025-08-19T18:24:04.973+0000] {processor.py:157} INFO - Started process (PID=207) to work on /home/airflow/.local/lib/python3.8/site-packages/airflow/example_dags/example_xcomargs.py
[2025-08-19T18:24:04.976+0000] {processor.py:829} INFO - Processing file /home/airflow/.local/lib/python3.8/site-packages/airflow/example_dags/example_xcomargs.py for tasks to queue
[2025-08-19T18:24:04.984+0000] {logging_mixin.py:151} INFO - [2025-08-19T18:24:04.983+0000] {dagbag.py:536} INFO - Filling up the DagBag from /home/airflow/.local/lib/python3.8/site-packages/airflow/example_dags/example_xcomargs.py
[2025-08-19T18:24:05.013+0000] {processor.py:839} INFO - DAG(s) dict_keys(['example_xcom_args_with_operators', 'example_xcom_args']) retrieved from /home/airflow/.local/lib/python3.8/site-packages/airflow/example_dags/example_xcomargs.py
[2025-08-19T18:24:05.091+0000] {logging_mixin.py:151} INFO - [2025-08-19T18:24:05.090+0000] {dag.py:2941} INFO - Sync 2 DAGs
[2025-08-19T18:24:05.135+0000] {logging_mixin.py:151} INFO - [2025-08-19T18:24:05.135+0000] {dag.py:3722} INFO - Setting next_dagrun for example_xcom_args to None, run_after=None
[2025-08-19T18:24:05.142+0000] {logging_mixin.py:151} INFO - [2025-08-19T18:24:05.141+0000] {dag.py:3722} INFO - Setting next_dagrun for example_xcom_args_with_operators to None, run_after=None
[2025-08-19T18:24:05.187+0000] {processor.py:179} INFO - Processing /home/airflow/.local/lib/python3.8/site-packages/airflow/example_dags/example_xcomargs.py took 0.229 seconds
[2025-08-19T18:24:40.364+0000] {processor.py:157} INFO - Started process (PID=261) to work on /home/airflow/.local/lib/python3.8/site-packages/airflow/example_dags/example_xcomargs.py
[2025-08-19T18:24:40.377+0000] {processor.py:829} INFO - Processing file /home/airflow/.local/lib/python3.8/site-packages/airflow/example_dags/example_xcomargs.py for tasks to queue
[2025-08-19T18:24:40.395+0000] {logging_mixin.py:151} INFO - [2025-08-19T18:24:40.384+0000] {dagbag.py:536} INFO - Filling up the DagBag from /home/airflow/.local/lib/python3.8/site-packages/airflow/example_dags/example_xcomargs.py
[2025-08-19T18:24:40.471+0000] {processor.py:839} INFO - DAG(s) dict_keys(['example_xcom_args_with_operators', 'example_xcom_args']) retrieved from /home/airflow/.local/lib/python3.8/site-packages/airflow/example_dags/example_xcomargs.py
[2025-08-19T18:24:40.663+0000] {logging_mixin.py:151} INFO - [2025-08-19T18:24:40.662+0000] {dag.py:2941} INFO - Sync 2 DAGs
[2025-08-19T18:24:40.744+0000] {logging_mixin.py:151} INFO - [2025-08-19T18:24:40.743+0000] {dag.py:3722} INFO - Setting next_dagrun for example_xcom_args to None, run_after=None
[2025-08-19T18:24:40.767+0000] {logging_mixin.py:151} INFO - [2025-08-19T18:24:40.766+0000] {dag.py:3722} INFO - Setting next_dagrun for example_xcom_args_with_operators to None, run_after=None
[2025-08-19T18:24:40.946+0000] {processor.py:179} INFO - Processing /home/airflow/.local/lib/python3.8/site-packages/airflow/example_dags/example_xcomargs.py took 0.602 seconds
[2025-08-19T18:25:11.742+0000] {processor.py:157} INFO - Started process (PID=315) to work on /home/airflow/.local/lib/python3.8/site-packages/airflow/example_dags/example_xcomargs.py
[2025-08-19T18:25:11.744+0000] {processor.py:829} INFO - Processing file /home/airflow/.local/lib/python3.8/site-packages/airflow/example_dags/example_xcomargs.py for tasks to queue
[2025-08-19T18:25:11.748+0000] {logging_mixin.py:151} INFO - [2025-08-19T18:25:11.747+0000] {dagbag.py:536} INFO - Filling up the DagBag from /home/airflow/.local/lib/python3.8/site-packages/airflow/example_dags/example_xcomargs.py
[2025-08-19T18:25:11.758+0000] {processor.py:839} INFO - DAG(s) dict_keys(['example_xcom_args_with_operators', 'example_xcom_args']) retrieved from /home/airflow/.local/lib/python3.8/site-packages/airflow/example_dags/example_xcomargs.py
[2025-08-19T18:25:11.794+0000] {logging_mixin.py:151} INFO - [2025-08-19T18:25:11.794+0000] {dag.py:2941} INFO - Sync 2 DAGs
[2025-08-19T18:25:11.812+0000] {logging_mixin.py:151} INFO - [2025-08-19T18:25:11.812+0000] {dag.py:3722} INFO - Setting next_dagrun for example_xcom_args to None, run_after=None
[2025-08-19T18:25:11.817+0000] {logging_mixin.py:151} INFO - [2025-08-19T18:25:11.816+0000] {dag.py:3722} INFO - Setting next_dagrun for example_xcom_args_with_operators to None, run_after=None
[2025-08-19T18:25:11.851+0000] {processor.py:179} INFO - Processing /home/airflow/.local/lib/python3.8/site-packages/airflow/example_dags/example_xcomargs.py took 0.114 seconds
[2025-08-19T18:25:42.140+0000] {processor.py:157} INFO - Started process (PID=369) to work on /home/airflow/.local/lib/python3.8/site-packages/airflow/example_dags/example_xcomargs.py
[2025-08-19T18:25:42.142+0000] {processor.py:829} INFO - Processing file /home/airflow/.local/lib/python3.8/site-packages/airflow/example_dags/example_xcomargs.py for tasks to queue
[2025-08-19T18:25:42.148+0000] {logging_mixin.py:151} INFO - [2025-08-19T18:25:42.147+0000] {dagbag.py:536} INFO - Filling up the DagBag from /home/airflow/.local/lib/python3.8/site-packages/airflow/example_dags/example_xcomargs.py
[2025-08-19T18:25:42.176+0000] {processor.py:839} INFO - DAG(s) dict_keys(['example_xcom_args', 'example_xcom_args_with_operators']) retrieved from /home/airflow/.local/lib/python3.8/site-packages/airflow/example_dags/example_xcomargs.py
[2025-08-19T18:25:42.240+0000] {logging_mixin.py:151} INFO - [2025-08-19T18:25:42.239+0000] {dag.py:2941} INFO - Sync 2 DAGs
[2025-08-19T18:25:42.284+0000] {logging_mixin.py:151} INFO - [2025-08-19T18:25:42.283+0000] {dag.py:3722} INFO - Setting next_dagrun for example_xcom_args to None, run_after=None
[2025-08-19T18:25:42.298+0000] {logging_mixin.py:151} INFO - [2025-08-19T18:25:42.298+0000] {dag.py:3722} INFO - Setting next_dagrun for example_xcom_args_with_operators to None, run_after=None
[2025-08-19T18:25:42.377+0000] {processor.py:179} INFO - Processing /home/airflow/.local/lib/python3.8/site-packages/airflow/example_dags/example_xcomargs.py took 0.244 seconds
[2025-08-19T18:26:13.937+0000] {processor.py:157} INFO - Started process (PID=421) to work on /home/airflow/.local/lib/python3.8/site-packages/airflow/example_dags/example_xcomargs.py
[2025-08-19T18:26:13.941+0000] {processor.py:829} INFO - Processing file /home/airflow/.local/lib/python3.8/site-packages/airflow/example_dags/example_xcomargs.py for tasks to queue
[2025-08-19T18:26:13.988+0000] {logging_mixin.py:151} INFO - [2025-08-19T18:26:13.986+0000] {dagbag.py:536} INFO - Filling up the DagBag from /home/airflow/.local/lib/python3.8/site-packages/airflow/example_dags/example_xcomargs.py
[2025-08-19T18:26:14.090+0000] {processor.py:839} INFO - DAG(s) dict_keys(['example_xcom_args_with_operators', 'example_xcom_args']) retrieved from /home/airflow/.local/lib/python3.8/site-packages/airflow/example_dags/example_xcomargs.py
[2025-08-19T18:26:14.413+0000] {logging_mixin.py:151} INFO - [2025-08-19T18:26:14.412+0000] {dag.py:2941} INFO - Sync 2 DAGs
[2025-08-19T18:26:14.572+0000] {logging_mixin.py:151} INFO - [2025-08-19T18:26:14.571+0000] {dag.py:3722} INFO - Setting next_dagrun for example_xcom_args to None, run_after=None
[2025-08-19T18:26:14.591+0000] {logging_mixin.py:151} INFO - [2025-08-19T18:26:14.591+0000] {dag.py:3722} INFO - Setting next_dagrun for example_xcom_args_with_operators to None, run_after=None
[2025-08-19T18:26:14.660+0000] {processor.py:179} INFO - Processing /home/airflow/.local/lib/python3.8/site-packages/airflow/example_dags/example_xcomargs.py took 0.740 seconds
[2025-08-19T18:26:45.318+0000] {processor.py:157} INFO - Started process (PID=476) to work on /home/airflow/.local/lib/python3.8/site-packages/airflow/example_dags/example_xcomargs.py
[2025-08-19T18:26:45.321+0000] {processor.py:829} INFO - Processing file /home/airflow/.local/lib/python3.8/site-packages/airflow/example_dags/example_xcomargs.py for tasks to queue
[2025-08-19T18:26:45.333+0000] {logging_mixin.py:151} INFO - [2025-08-19T18:26:45.332+0000] {dagbag.py:536} INFO - Filling up the DagBag from /home/airflow/.local/lib/python3.8/site-packages/airflow/example_dags/example_xcomargs.py
[2025-08-19T18:26:45.363+0000] {processor.py:839} INFO - DAG(s) dict_keys(['example_xcom_args_with_operators', 'example_xcom_args']) retrieved from /home/airflow/.local/lib/python3.8/site-packages/airflow/example_dags/example_xcomargs.py
[2025-08-19T18:26:45.433+0000] {logging_mixin.py:151} INFO - [2025-08-19T18:26:45.433+0000] {dag.py:2941} INFO - Sync 2 DAGs
[2025-08-19T18:26:45.458+0000] {logging_mixin.py:151} INFO - [2025-08-19T18:26:45.457+0000] {dag.py:3722} INFO - Setting next_dagrun for example_xcom_args to None, run_after=None
[2025-08-19T18:26:45.468+0000] {logging_mixin.py:151} INFO - [2025-08-19T18:26:45.467+0000] {dag.py:3722} INFO - Setting next_dagrun for example_xcom_args_with_operators to None, run_after=None
[2025-08-19T18:26:45.513+0000] {processor.py:179} INFO - Processing /home/airflow/.local/lib/python3.8/site-packages/airflow/example_dags/example_xcomargs.py took 0.203 seconds
[2025-08-19T18:27:15.792+0000] {processor.py:157} INFO - Started process (PID=529) to work on /home/airflow/.local/lib/python3.8/site-packages/airflow/example_dags/example_xcomargs.py
[2025-08-19T18:27:15.793+0000] {processor.py:829} INFO - Processing file /home/airflow/.local/lib/python3.8/site-packages/airflow/example_dags/example_xcomargs.py for tasks to queue
[2025-08-19T18:27:15.796+0000] {logging_mixin.py:151} INFO - [2025-08-19T18:27:15.795+0000] {dagbag.py:536} INFO - Filling up the DagBag from /home/airflow/.local/lib/python3.8/site-packages/airflow/example_dags/example_xcomargs.py
[2025-08-19T18:27:15.806+0000] {processor.py:839} INFO - DAG(s) dict_keys(['example_xcom_args', 'example_xcom_args_with_operators']) retrieved from /home/airflow/.local/lib/python3.8/site-packages/airflow/example_dags/example_xcomargs.py
[2025-08-19T18:27:15.846+0000] {logging_mixin.py:151} INFO - [2025-08-19T18:27:15.845+0000] {dag.py:2941} INFO - Sync 2 DAGs
[2025-08-19T18:27:15.864+0000] {logging_mixin.py:151} INFO - [2025-08-19T18:27:15.863+0000] {dag.py:3722} INFO - Setting next_dagrun for example_xcom_args to None, run_after=None
[2025-08-19T18:27:15.868+0000] {logging_mixin.py:151} INFO - [2025-08-19T18:27:15.867+0000] {dag.py:3722} INFO - Setting next_dagrun for example_xcom_args_with_operators to None, run_after=None
[2025-08-19T18:27:15.897+0000] {processor.py:179} INFO - Processing /home/airflow/.local/lib/python3.8/site-packages/airflow/example_dags/example_xcomargs.py took 0.109 seconds
[2025-08-19T18:27:46.174+0000] {processor.py:157} INFO - Started process (PID=583) to work on /home/airflow/.local/lib/python3.8/site-packages/airflow/example_dags/example_xcomargs.py
[2025-08-19T18:27:46.175+0000] {processor.py:829} INFO - Processing file /home/airflow/.local/lib/python3.8/site-packages/airflow/example_dags/example_xcomargs.py for tasks to queue
[2025-08-19T18:27:46.180+0000] {logging_mixin.py:151} INFO - [2025-08-19T18:27:46.179+0000] {dagbag.py:536} INFO - Filling up the DagBag from /home/airflow/.local/lib/python3.8/site-packages/airflow/example_dags/example_xcomargs.py
[2025-08-19T18:27:46.194+0000] {processor.py:839} INFO - DAG(s) dict_keys(['example_xcom_args', 'example_xcom_args_with_operators']) retrieved from /home/airflow/.local/lib/python3.8/site-packages/airflow/example_dags/example_xcomargs.py
[2025-08-19T18:27:46.248+0000] {logging_mixin.py:151} INFO - [2025-08-19T18:27:46.248+0000] {dag.py:2941} INFO - Sync 2 DAGs
[2025-08-19T18:27:46.280+0000] {logging_mixin.py:151} INFO - [2025-08-19T18:27:46.280+0000] {dag.py:3722} INFO - Setting next_dagrun for example_xcom_args to None, run_after=None
[2025-08-19T18:27:46.290+0000] {logging_mixin.py:151} INFO - [2025-08-19T18:27:46.285+0000] {dag.py:3722} INFO - Setting next_dagrun for example_xcom_args_with_operators to None, run_after=None
[2025-08-19T18:27:46.324+0000] {processor.py:179} INFO - Processing /home/airflow/.local/lib/python3.8/site-packages/airflow/example_dags/example_xcomargs.py took 0.159 seconds
[2025-08-19T18:28:16.592+0000] {processor.py:157} INFO - Started process (PID=637) to work on /home/airflow/.local/lib/python3.8/site-packages/airflow/example_dags/example_xcomargs.py
[2025-08-19T18:28:16.596+0000] {processor.py:829} INFO - Processing file /home/airflow/.local/lib/python3.8/site-packages/airflow/example_dags/example_xcomargs.py for tasks to queue
[2025-08-19T18:28:16.603+0000] {logging_mixin.py:151} INFO - [2025-08-19T18:28:16.603+0000] {dagbag.py:536} INFO - Filling up the DagBag from /home/airflow/.local/lib/python3.8/site-packages/airflow/example_dags/example_xcomargs.py
[2025-08-19T18:28:16.629+0000] {processor.py:839} INFO - DAG(s) dict_keys(['example_xcom_args', 'example_xcom_args_with_operators']) retrieved from /home/airflow/.local/lib/python3.8/site-packages/airflow/example_dags/example_xcomargs.py
[2025-08-19T18:28:16.700+0000] {logging_mixin.py:151} INFO - [2025-08-19T18:28:16.700+0000] {dag.py:2941} INFO - Sync 2 DAGs
[2025-08-19T18:28:16.736+0000] {logging_mixin.py:151} INFO - [2025-08-19T18:28:16.735+0000] {dag.py:3722} INFO - Setting next_dagrun for example_xcom_args to None, run_after=None
[2025-08-19T18:28:16.747+0000] {logging_mixin.py:151} INFO - [2025-08-19T18:28:16.747+0000] {dag.py:3722} INFO - Setting next_dagrun for example_xcom_args_with_operators to None, run_after=None
[2025-08-19T18:28:16.796+0000] {processor.py:179} INFO - Processing /home/airflow/.local/lib/python3.8/site-packages/airflow/example_dags/example_xcomargs.py took 0.212 seconds
[2025-08-19T18:28:47.342+0000] {processor.py:157} INFO - Started process (PID=691) to work on /home/airflow/.local/lib/python3.8/site-packages/airflow/example_dags/example_xcomargs.py
[2025-08-19T18:28:47.344+0000] {processor.py:829} INFO - Processing file /home/airflow/.local/lib/python3.8/site-packages/airflow/example_dags/example_xcomargs.py for tasks to queue
[2025-08-19T18:28:47.349+0000] {logging_mixin.py:151} INFO - [2025-08-19T18:28:47.349+0000] {dagbag.py:536} INFO - Filling up the DagBag from /home/airflow/.local/lib/python3.8/site-packages/airflow/example_dags/example_xcomargs.py
[2025-08-19T18:28:47.372+0000] {processor.py:839} INFO - DAG(s) dict_keys(['example_xcom_args_with_operators', 'example_xcom_args']) retrieved from /home/airflow/.local/lib/python3.8/site-packages/airflow/example_dags/example_xcomargs.py
[2025-08-19T18:28:47.437+0000] {logging_mixin.py:151} INFO - [2025-08-19T18:28:47.437+0000] {dag.py:2941} INFO - Sync 2 DAGs
[2025-08-19T18:28:47.461+0000] {logging_mixin.py:151} INFO - [2025-08-19T18:28:47.461+0000] {dag.py:3722} INFO - Setting next_dagrun for example_xcom_args to None, run_after=None
[2025-08-19T18:28:47.470+0000] {logging_mixin.py:151} INFO - [2025-08-19T18:28:47.469+0000] {dag.py:3722} INFO - Setting next_dagrun for example_xcom_args_with_operators to None, run_after=None
[2025-08-19T18:28:47.519+0000] {processor.py:179} INFO - Processing /home/airflow/.local/lib/python3.8/site-packages/airflow/example_dags/example_xcomargs.py took 0.185 seconds
[2025-08-19T18:29:17.804+0000] {processor.py:157} INFO - Started process (PID=745) to work on /home/airflow/.local/lib/python3.8/site-packages/airflow/example_dags/example_xcomargs.py
[2025-08-19T18:29:17.808+0000] {processor.py:829} INFO - Processing file /home/airflow/.local/lib/python3.8/site-packages/airflow/example_dags/example_xcomargs.py for tasks to queue
[2025-08-19T18:29:17.812+0000] {logging_mixin.py:151} INFO - [2025-08-19T18:29:17.812+0000] {dagbag.py:536} INFO - Filling up the DagBag from /home/airflow/.local/lib/python3.8/site-packages/airflow/example_dags/example_xcomargs.py
[2025-08-19T18:29:17.843+0000] {processor.py:839} INFO - DAG(s) dict_keys(['example_xcom_args', 'example_xcom_args_with_operators']) retrieved from /home/airflow/.local/lib/python3.8/site-packages/airflow/example_dags/example_xcomargs.py
[2025-08-19T18:29:17.918+0000] {logging_mixin.py:151} INFO - [2025-08-19T18:29:17.918+0000] {dag.py:2941} INFO - Sync 2 DAGs
[2025-08-19T18:29:17.950+0000] {logging_mixin.py:151} INFO - [2025-08-19T18:29:17.949+0000] {dag.py:3722} INFO - Setting next_dagrun for example_xcom_args to None, run_after=None
[2025-08-19T18:29:17.966+0000] {logging_mixin.py:151} INFO - [2025-08-19T18:29:17.966+0000] {dag.py:3722} INFO - Setting next_dagrun for example_xcom_args_with_operators to None, run_after=None
[2025-08-19T18:29:18.009+0000] {processor.py:179} INFO - Processing /home/airflow/.local/lib/python3.8/site-packages/airflow/example_dags/example_xcomargs.py took 0.216 seconds
[2025-08-19T18:29:48.182+0000] {processor.py:157} INFO - Started process (PID=799) to work on /home/airflow/.local/lib/python3.8/site-packages/airflow/example_dags/example_xcomargs.py
[2025-08-19T18:29:48.186+0000] {processor.py:829} INFO - Processing file /home/airflow/.local/lib/python3.8/site-packages/airflow/example_dags/example_xcomargs.py for tasks to queue
[2025-08-19T18:29:48.199+0000] {logging_mixin.py:151} INFO - [2025-08-19T18:29:48.198+0000] {dagbag.py:536} INFO - Filling up the DagBag from /home/airflow/.local/lib/python3.8/site-packages/airflow/example_dags/example_xcomargs.py
[2025-08-19T18:29:48.236+0000] {processor.py:839} INFO - DAG(s) dict_keys(['example_xcom_args_with_operators', 'example_xcom_args']) retrieved from /home/airflow/.local/lib/python3.8/site-packages/airflow/example_dags/example_xcomargs.py
[2025-08-19T18:29:48.346+0000] {logging_mixin.py:151} INFO - [2025-08-19T18:29:48.345+0000] {dag.py:2941} INFO - Sync 2 DAGs
[2025-08-19T18:29:48.384+0000] {logging_mixin.py:151} INFO - [2025-08-19T18:29:48.384+0000] {dag.py:3722} INFO - Setting next_dagrun for example_xcom_args to None, run_after=None
[2025-08-19T18:29:48.394+0000] {logging_mixin.py:151} INFO - [2025-08-19T18:29:48.393+0000] {dag.py:3722} INFO - Setting next_dagrun for example_xcom_args_with_operators to None, run_after=None
[2025-08-19T18:29:48.445+0000] {processor.py:179} INFO - Processing /home/airflow/.local/lib/python3.8/site-packages/airflow/example_dags/example_xcomargs.py took 0.299 seconds
[2025-08-19T18:30:55.576+0000] {processor.py:157} INFO - Started process (PID=97) to work on /home/airflow/.local/lib/python3.8/site-packages/airflow/example_dags/example_xcomargs.py
[2025-08-19T18:30:55.578+0000] {processor.py:829} INFO - Processing file /home/airflow/.local/lib/python3.8/site-packages/airflow/example_dags/example_xcomargs.py for tasks to queue
[2025-08-19T18:30:55.581+0000] {logging_mixin.py:151} INFO - [2025-08-19T18:30:55.581+0000] {dagbag.py:536} INFO - Filling up the DagBag from /home/airflow/.local/lib/python3.8/site-packages/airflow/example_dags/example_xcomargs.py
[2025-08-19T18:30:55.595+0000] {processor.py:839} INFO - DAG(s) dict_keys(['example_xcom_args_with_operators', 'example_xcom_args']) retrieved from /home/airflow/.local/lib/python3.8/site-packages/airflow/example_dags/example_xcomargs.py
[2025-08-19T18:30:55.658+0000] {logging_mixin.py:151} INFO - [2025-08-19T18:30:55.658+0000] {dag.py:2941} INFO - Sync 2 DAGs
[2025-08-19T18:30:55.685+0000] {logging_mixin.py:151} INFO - [2025-08-19T18:30:55.684+0000] {dag.py:3722} INFO - Setting next_dagrun for example_xcom_args to None, run_after=None
[2025-08-19T18:30:55.692+0000] {logging_mixin.py:151} INFO - [2025-08-19T18:30:55.691+0000] {dag.py:3722} INFO - Setting next_dagrun for example_xcom_args_with_operators to None, run_after=None
[2025-08-19T18:30:55.729+0000] {processor.py:179} INFO - Processing /home/airflow/.local/lib/python3.8/site-packages/airflow/example_dags/example_xcomargs.py took 0.160 seconds
[2025-08-19T18:31:26.425+0000] {processor.py:157} INFO - Started process (PID=144) to work on /home/airflow/.local/lib/python3.8/site-packages/airflow/example_dags/example_xcomargs.py
[2025-08-19T18:31:26.427+0000] {processor.py:829} INFO - Processing file /home/airflow/.local/lib/python3.8/site-packages/airflow/example_dags/example_xcomargs.py for tasks to queue
[2025-08-19T18:31:26.432+0000] {logging_mixin.py:151} INFO - [2025-08-19T18:31:26.432+0000] {dagbag.py:536} INFO - Filling up the DagBag from /home/airflow/.local/lib/python3.8/site-packages/airflow/example_dags/example_xcomargs.py
[2025-08-19T18:31:26.463+0000] {processor.py:839} INFO - DAG(s) dict_keys(['example_xcom_args', 'example_xcom_args_with_operators']) retrieved from /home/airflow/.local/lib/python3.8/site-packages/airflow/example_dags/example_xcomargs.py
[2025-08-19T18:31:26.577+0000] {logging_mixin.py:151} INFO - [2025-08-19T18:31:26.577+0000] {dag.py:2941} INFO - Sync 2 DAGs
[2025-08-19T18:31:26.642+0000] {logging_mixin.py:151} INFO - [2025-08-19T18:31:26.641+0000] {dag.py:3722} INFO - Setting next_dagrun for example_xcom_args to None, run_after=None
[2025-08-19T18:31:26.663+0000] {logging_mixin.py:151} INFO - [2025-08-19T18:31:26.654+0000] {dag.py:3722} INFO - Setting next_dagrun for example_xcom_args_with_operators to None, run_after=None
[2025-08-19T18:31:26.769+0000] {processor.py:179} INFO - Processing /home/airflow/.local/lib/python3.8/site-packages/airflow/example_dags/example_xcomargs.py took 0.349 seconds
[2025-08-19T18:31:57.819+0000] {processor.py:157} INFO - Started process (PID=199) to work on /home/airflow/.local/lib/python3.8/site-packages/airflow/example_dags/example_xcomargs.py
[2025-08-19T18:31:57.822+0000] {processor.py:829} INFO - Processing file /home/airflow/.local/lib/python3.8/site-packages/airflow/example_dags/example_xcomargs.py for tasks to queue
[2025-08-19T18:31:57.828+0000] {logging_mixin.py:151} INFO - [2025-08-19T18:31:57.827+0000] {dagbag.py:536} INFO - Filling up the DagBag from /home/airflow/.local/lib/python3.8/site-packages/airflow/example_dags/example_xcomargs.py
[2025-08-19T18:31:57.863+0000] {processor.py:839} INFO - DAG(s) dict_keys(['example_xcom_args_with_operators', 'example_xcom_args']) retrieved from /home/airflow/.local/lib/python3.8/site-packages/airflow/example_dags/example_xcomargs.py
[2025-08-19T18:31:57.913+0000] {logging_mixin.py:151} INFO - [2025-08-19T18:31:57.913+0000] {dag.py:2941} INFO - Sync 2 DAGs
[2025-08-19T18:31:57.936+0000] {logging_mixin.py:151} INFO - [2025-08-19T18:31:57.936+0000] {dag.py:3722} INFO - Setting next_dagrun for example_xcom_args to None, run_after=None
[2025-08-19T18:31:57.941+0000] {logging_mixin.py:151} INFO - [2025-08-19T18:31:57.941+0000] {dag.py:3722} INFO - Setting next_dagrun for example_xcom_args_with_operators to None, run_after=None
[2025-08-19T18:31:57.974+0000] {processor.py:179} INFO - Processing /home/airflow/.local/lib/python3.8/site-packages/airflow/example_dags/example_xcomargs.py took 0.166 seconds
[2025-08-19T18:32:28.645+0000] {processor.py:157} INFO - Started process (PID=253) to work on /home/airflow/.local/lib/python3.8/site-packages/airflow/example_dags/example_xcomargs.py
[2025-08-19T18:32:28.647+0000] {processor.py:829} INFO - Processing file /home/airflow/.local/lib/python3.8/site-packages/airflow/example_dags/example_xcomargs.py for tasks to queue
[2025-08-19T18:32:28.651+0000] {logging_mixin.py:151} INFO - [2025-08-19T18:32:28.650+0000] {dagbag.py:536} INFO - Filling up the DagBag from /home/airflow/.local/lib/python3.8/site-packages/airflow/example_dags/example_xcomargs.py
[2025-08-19T18:32:28.664+0000] {processor.py:839} INFO - DAG(s) dict_keys(['example_xcom_args_with_operators', 'example_xcom_args']) retrieved from /home/airflow/.local/lib/python3.8/site-packages/airflow/example_dags/example_xcomargs.py
[2025-08-19T18:32:28.700+0000] {logging_mixin.py:151} INFO - [2025-08-19T18:32:28.699+0000] {dag.py:2941} INFO - Sync 2 DAGs
[2025-08-19T18:32:28.721+0000] {logging_mixin.py:151} INFO - [2025-08-19T18:32:28.721+0000] {dag.py:3722} INFO - Setting next_dagrun for example_xcom_args to None, run_after=None
[2025-08-19T18:32:28.725+0000] {logging_mixin.py:151} INFO - [2025-08-19T18:32:28.725+0000] {dag.py:3722} INFO - Setting next_dagrun for example_xcom_args_with_operators to None, run_after=None
[2025-08-19T18:32:28.759+0000] {processor.py:179} INFO - Processing /home/airflow/.local/lib/python3.8/site-packages/airflow/example_dags/example_xcomargs.py took 0.120 seconds
[2025-08-19T18:32:59.263+0000] {processor.py:157} INFO - Started process (PID=307) to work on /home/airflow/.local/lib/python3.8/site-packages/airflow/example_dags/example_xcomargs.py
[2025-08-19T18:32:59.265+0000] {processor.py:829} INFO - Processing file /home/airflow/.local/lib/python3.8/site-packages/airflow/example_dags/example_xcomargs.py for tasks to queue
[2025-08-19T18:32:59.269+0000] {logging_mixin.py:151} INFO - [2025-08-19T18:32:59.269+0000] {dagbag.py:536} INFO - Filling up the DagBag from /home/airflow/.local/lib/python3.8/site-packages/airflow/example_dags/example_xcomargs.py
[2025-08-19T18:32:59.296+0000] {processor.py:839} INFO - DAG(s) dict_keys(['example_xcom_args_with_operators', 'example_xcom_args']) retrieved from /home/airflow/.local/lib/python3.8/site-packages/airflow/example_dags/example_xcomargs.py
[2025-08-19T18:32:59.346+0000] {logging_mixin.py:151} INFO - [2025-08-19T18:32:59.345+0000] {dag.py:2941} INFO - Sync 2 DAGs
[2025-08-19T18:32:59.376+0000] {logging_mixin.py:151} INFO - [2025-08-19T18:32:59.375+0000] {dag.py:3722} INFO - Setting next_dagrun for example_xcom_args to None, run_after=None
[2025-08-19T18:32:59.383+0000] {logging_mixin.py:151} INFO - [2025-08-19T18:32:59.383+0000] {dag.py:3722} INFO - Setting next_dagrun for example_xcom_args_with_operators to None, run_after=None
[2025-08-19T18:32:59.430+0000] {processor.py:179} INFO - Processing /home/airflow/.local/lib/python3.8/site-packages/airflow/example_dags/example_xcomargs.py took 0.173 seconds
[2025-08-19T18:33:30.224+0000] {processor.py:157} INFO - Started process (PID=361) to work on /home/airflow/.local/lib/python3.8/site-packages/airflow/example_dags/example_xcomargs.py
[2025-08-19T18:33:30.226+0000] {processor.py:829} INFO - Processing file /home/airflow/.local/lib/python3.8/site-packages/airflow/example_dags/example_xcomargs.py for tasks to queue
[2025-08-19T18:33:30.230+0000] {logging_mixin.py:151} INFO - [2025-08-19T18:33:30.230+0000] {dagbag.py:536} INFO - Filling up the DagBag from /home/airflow/.local/lib/python3.8/site-packages/airflow/example_dags/example_xcomargs.py
[2025-08-19T18:33:30.245+0000] {processor.py:839} INFO - DAG(s) dict_keys(['example_xcom_args_with_operators', 'example_xcom_args']) retrieved from /home/airflow/.local/lib/python3.8/site-packages/airflow/example_dags/example_xcomargs.py
[2025-08-19T18:33:30.294+0000] {logging_mixin.py:151} INFO - [2025-08-19T18:33:30.293+0000] {dag.py:2941} INFO - Sync 2 DAGs
[2025-08-19T18:33:30.314+0000] {logging_mixin.py:151} INFO - [2025-08-19T18:33:30.314+0000] {dag.py:3722} INFO - Setting next_dagrun for example_xcom_args to None, run_after=None
[2025-08-19T18:33:30.321+0000] {logging_mixin.py:151} INFO - [2025-08-19T18:33:30.320+0000] {dag.py:3722} INFO - Setting next_dagrun for example_xcom_args_with_operators to None, run_after=None
[2025-08-19T18:33:30.354+0000] {processor.py:179} INFO - Processing /home/airflow/.local/lib/python3.8/site-packages/airflow/example_dags/example_xcomargs.py took 0.138 seconds
[2025-08-19T18:34:00.874+0000] {processor.py:157} INFO - Started process (PID=415) to work on /home/airflow/.local/lib/python3.8/site-packages/airflow/example_dags/example_xcomargs.py
[2025-08-19T18:34:00.881+0000] {processor.py:829} INFO - Processing file /home/airflow/.local/lib/python3.8/site-packages/airflow/example_dags/example_xcomargs.py for tasks to queue
[2025-08-19T18:34:00.884+0000] {logging_mixin.py:151} INFO - [2025-08-19T18:34:00.884+0000] {dagbag.py:536} INFO - Filling up the DagBag from /home/airflow/.local/lib/python3.8/site-packages/airflow/example_dags/example_xcomargs.py
[2025-08-19T18:34:00.897+0000] {processor.py:839} INFO - DAG(s) dict_keys(['example_xcom_args', 'example_xcom_args_with_operators']) retrieved from /home/airflow/.local/lib/python3.8/site-packages/airflow/example_dags/example_xcomargs.py
[2025-08-19T18:34:00.951+0000] {logging_mixin.py:151} INFO - [2025-08-19T18:34:00.951+0000] {dag.py:2941} INFO - Sync 2 DAGs
[2025-08-19T18:34:00.974+0000] {logging_mixin.py:151} INFO - [2025-08-19T18:34:00.974+0000] {dag.py:3722} INFO - Setting next_dagrun for example_xcom_args to None, run_after=None
[2025-08-19T18:34:00.979+0000] {logging_mixin.py:151} INFO - [2025-08-19T18:34:00.979+0000] {dag.py:3722} INFO - Setting next_dagrun for example_xcom_args_with_operators to None, run_after=None
[2025-08-19T18:34:01.017+0000] {processor.py:179} INFO - Processing /home/airflow/.local/lib/python3.8/site-packages/airflow/example_dags/example_xcomargs.py took 0.148 seconds
[2025-08-19T18:34:31.798+0000] {processor.py:157} INFO - Started process (PID=469) to work on /home/airflow/.local/lib/python3.8/site-packages/airflow/example_dags/example_xcomargs.py
[2025-08-19T18:34:31.800+0000] {processor.py:829} INFO - Processing file /home/airflow/.local/lib/python3.8/site-packages/airflow/example_dags/example_xcomargs.py for tasks to queue
[2025-08-19T18:34:31.803+0000] {logging_mixin.py:151} INFO - [2025-08-19T18:34:31.803+0000] {dagbag.py:536} INFO - Filling up the DagBag from /home/airflow/.local/lib/python3.8/site-packages/airflow/example_dags/example_xcomargs.py
[2025-08-19T18:34:31.814+0000] {processor.py:839} INFO - DAG(s) dict_keys(['example_xcom_args_with_operators', 'example_xcom_args']) retrieved from /home/airflow/.local/lib/python3.8/site-packages/airflow/example_dags/example_xcomargs.py
[2025-08-19T18:34:31.865+0000] {logging_mixin.py:151} INFO - [2025-08-19T18:34:31.864+0000] {dag.py:2941} INFO - Sync 2 DAGs
[2025-08-19T18:34:31.890+0000] {logging_mixin.py:151} INFO - [2025-08-19T18:34:31.890+0000] {dag.py:3722} INFO - Setting next_dagrun for example_xcom_args to None, run_after=None
[2025-08-19T18:34:31.896+0000] {logging_mixin.py:151} INFO - [2025-08-19T18:34:31.896+0000] {dag.py:3722} INFO - Setting next_dagrun for example_xcom_args_with_operators to None, run_after=None
[2025-08-19T18:34:31.930+0000] {processor.py:179} INFO - Processing /home/airflow/.local/lib/python3.8/site-packages/airflow/example_dags/example_xcomargs.py took 0.137 seconds
[2025-08-19T18:35:02.178+0000] {processor.py:157} INFO - Started process (PID=523) to work on /home/airflow/.local/lib/python3.8/site-packages/airflow/example_dags/example_xcomargs.py
[2025-08-19T18:35:02.180+0000] {processor.py:829} INFO - Processing file /home/airflow/.local/lib/python3.8/site-packages/airflow/example_dags/example_xcomargs.py for tasks to queue
[2025-08-19T18:35:02.185+0000] {logging_mixin.py:151} INFO - [2025-08-19T18:35:02.184+0000] {dagbag.py:536} INFO - Filling up the DagBag from /home/airflow/.local/lib/python3.8/site-packages/airflow/example_dags/example_xcomargs.py
[2025-08-19T18:35:02.200+0000] {processor.py:839} INFO - DAG(s) dict_keys(['example_xcom_args_with_operators', 'example_xcom_args']) retrieved from /home/airflow/.local/lib/python3.8/site-packages/airflow/example_dags/example_xcomargs.py
[2025-08-19T18:35:02.252+0000] {logging_mixin.py:151} INFO - [2025-08-19T18:35:02.251+0000] {dag.py:2941} INFO - Sync 2 DAGs
[2025-08-19T18:35:02.277+0000] {logging_mixin.py:151} INFO - [2025-08-19T18:35:02.276+0000] {dag.py:3722} INFO - Setting next_dagrun for example_xcom_args to None, run_after=None
[2025-08-19T18:35:02.289+0000] {logging_mixin.py:151} INFO - [2025-08-19T18:35:02.288+0000] {dag.py:3722} INFO - Setting next_dagrun for example_xcom_args_with_operators to None, run_after=None
[2025-08-19T18:35:02.324+0000] {processor.py:179} INFO - Processing /home/airflow/.local/lib/python3.8/site-packages/airflow/example_dags/example_xcomargs.py took 0.160 seconds
[2025-08-19T18:35:33.073+0000] {processor.py:157} INFO - Started process (PID=577) to work on /home/airflow/.local/lib/python3.8/site-packages/airflow/example_dags/example_xcomargs.py
[2025-08-19T18:35:33.080+0000] {processor.py:829} INFO - Processing file /home/airflow/.local/lib/python3.8/site-packages/airflow/example_dags/example_xcomargs.py for tasks to queue
[2025-08-19T18:35:33.084+0000] {logging_mixin.py:151} INFO - [2025-08-19T18:35:33.083+0000] {dagbag.py:536} INFO - Filling up the DagBag from /home/airflow/.local/lib/python3.8/site-packages/airflow/example_dags/example_xcomargs.py
[2025-08-19T18:35:33.098+0000] {processor.py:839} INFO - DAG(s) dict_keys(['example_xcom_args_with_operators', 'example_xcom_args']) retrieved from /home/airflow/.local/lib/python3.8/site-packages/airflow/example_dags/example_xcomargs.py
[2025-08-19T18:35:33.146+0000] {logging_mixin.py:151} INFO - [2025-08-19T18:35:33.146+0000] {dag.py:2941} INFO - Sync 2 DAGs
[2025-08-19T18:35:33.174+0000] {logging_mixin.py:151} INFO - [2025-08-19T18:35:33.174+0000] {dag.py:3722} INFO - Setting next_dagrun for example_xcom_args to None, run_after=None
[2025-08-19T18:35:33.180+0000] {logging_mixin.py:151} INFO - [2025-08-19T18:35:33.180+0000] {dag.py:3722} INFO - Setting next_dagrun for example_xcom_args_with_operators to None, run_after=None
[2025-08-19T18:35:33.218+0000] {processor.py:179} INFO - Processing /home/airflow/.local/lib/python3.8/site-packages/airflow/example_dags/example_xcomargs.py took 0.151 seconds
[2025-08-19T18:36:03.346+0000] {processor.py:157} INFO - Started process (PID=631) to work on /home/airflow/.local/lib/python3.8/site-packages/airflow/example_dags/example_xcomargs.py
[2025-08-19T18:36:03.349+0000] {processor.py:829} INFO - Processing file /home/airflow/.local/lib/python3.8/site-packages/airflow/example_dags/example_xcomargs.py for tasks to queue
[2025-08-19T18:36:03.354+0000] {logging_mixin.py:151} INFO - [2025-08-19T18:36:03.353+0000] {dagbag.py:536} INFO - Filling up the DagBag from /home/airflow/.local/lib/python3.8/site-packages/airflow/example_dags/example_xcomargs.py
[2025-08-19T18:36:03.369+0000] {processor.py:839} INFO - DAG(s) dict_keys(['example_xcom_args', 'example_xcom_args_with_operators']) retrieved from /home/airflow/.local/lib/python3.8/site-packages/airflow/example_dags/example_xcomargs.py
[2025-08-19T18:36:03.430+0000] {logging_mixin.py:151} INFO - [2025-08-19T18:36:03.429+0000] {dag.py:2941} INFO - Sync 2 DAGs
[2025-08-19T18:36:03.461+0000] {logging_mixin.py:151} INFO - [2025-08-19T18:36:03.460+0000] {dag.py:3722} INFO - Setting next_dagrun for example_xcom_args to None, run_after=None
[2025-08-19T18:36:03.469+0000] {logging_mixin.py:151} INFO - [2025-08-19T18:36:03.468+0000] {dag.py:3722} INFO - Setting next_dagrun for example_xcom_args_with_operators to None, run_after=None
[2025-08-19T18:36:03.513+0000] {processor.py:179} INFO - Processing /home/airflow/.local/lib/python3.8/site-packages/airflow/example_dags/example_xcomargs.py took 0.173 seconds
[2025-08-19T18:36:35.298+0000] {processor.py:157} INFO - Started process (PID=685) to work on /home/airflow/.local/lib/python3.8/site-packages/airflow/example_dags/example_xcomargs.py
[2025-08-19T18:36:35.300+0000] {processor.py:829} INFO - Processing file /home/airflow/.local/lib/python3.8/site-packages/airflow/example_dags/example_xcomargs.py for tasks to queue
[2025-08-19T18:36:35.303+0000] {logging_mixin.py:151} INFO - [2025-08-19T18:36:35.303+0000] {dagbag.py:536} INFO - Filling up the DagBag from /home/airflow/.local/lib/python3.8/site-packages/airflow/example_dags/example_xcomargs.py
[2025-08-19T18:36:35.316+0000] {processor.py:839} INFO - DAG(s) dict_keys(['example_xcom_args_with_operators', 'example_xcom_args']) retrieved from /home/airflow/.local/lib/python3.8/site-packages/airflow/example_dags/example_xcomargs.py
[2025-08-19T18:36:35.351+0000] {logging_mixin.py:151} INFO - [2025-08-19T18:36:35.351+0000] {dag.py:2941} INFO - Sync 2 DAGs
[2025-08-19T18:36:35.373+0000] {logging_mixin.py:151} INFO - [2025-08-19T18:36:35.373+0000] {dag.py:3722} INFO - Setting next_dagrun for example_xcom_args to None, run_after=None
[2025-08-19T18:36:35.377+0000] {logging_mixin.py:151} INFO - [2025-08-19T18:36:35.377+0000] {dag.py:3722} INFO - Setting next_dagrun for example_xcom_args_with_operators to None, run_after=None
[2025-08-19T18:36:35.402+0000] {processor.py:179} INFO - Processing /home/airflow/.local/lib/python3.8/site-packages/airflow/example_dags/example_xcomargs.py took 0.114 seconds
[2025-08-19T18:37:07.751+0000] {processor.py:157} INFO - Started process (PID=739) to work on /home/airflow/.local/lib/python3.8/site-packages/airflow/example_dags/example_xcomargs.py
[2025-08-19T18:37:07.754+0000] {processor.py:829} INFO - Processing file /home/airflow/.local/lib/python3.8/site-packages/airflow/example_dags/example_xcomargs.py for tasks to queue
[2025-08-19T18:37:07.758+0000] {logging_mixin.py:151} INFO - [2025-08-19T18:37:07.758+0000] {dagbag.py:536} INFO - Filling up the DagBag from /home/airflow/.local/lib/python3.8/site-packages/airflow/example_dags/example_xcomargs.py
[2025-08-19T18:37:07.782+0000] {processor.py:839} INFO - DAG(s) dict_keys(['example_xcom_args_with_operators', 'example_xcom_args']) retrieved from /home/airflow/.local/lib/python3.8/site-packages/airflow/example_dags/example_xcomargs.py
[2025-08-19T18:37:07.844+0000] {logging_mixin.py:151} INFO - [2025-08-19T18:37:07.843+0000] {dag.py:2941} INFO - Sync 2 DAGs
[2025-08-19T18:37:07.873+0000] {logging_mixin.py:151} INFO - [2025-08-19T18:37:07.873+0000] {dag.py:3722} INFO - Setting next_dagrun for example_xcom_args to None, run_after=None
[2025-08-19T18:37:07.881+0000] {logging_mixin.py:151} INFO - [2025-08-19T18:37:07.881+0000] {dag.py:3722} INFO - Setting next_dagrun for example_xcom_args_with_operators to None, run_after=None
[2025-08-19T18:37:07.935+0000] {processor.py:179} INFO - Processing /home/airflow/.local/lib/python3.8/site-packages/airflow/example_dags/example_xcomargs.py took 0.193 seconds
[2025-08-19T18:37:41.468+0000] {processor.py:157} INFO - Started process (PID=794) to work on /home/airflow/.local/lib/python3.8/site-packages/airflow/example_dags/example_xcomargs.py
[2025-08-19T18:37:41.470+0000] {processor.py:829} INFO - Processing file /home/airflow/.local/lib/python3.8/site-packages/airflow/example_dags/example_xcomargs.py for tasks to queue
[2025-08-19T18:37:41.474+0000] {logging_mixin.py:151} INFO - [2025-08-19T18:37:41.473+0000] {dagbag.py:536} INFO - Filling up the DagBag from /home/airflow/.local/lib/python3.8/site-packages/airflow/example_dags/example_xcomargs.py
[2025-08-19T18:37:41.494+0000] {processor.py:839} INFO - DAG(s) dict_keys(['example_xcom_args', 'example_xcom_args_with_operators']) retrieved from /home/airflow/.local/lib/python3.8/site-packages/airflow/example_dags/example_xcomargs.py
[2025-08-19T18:37:41.577+0000] {logging_mixin.py:151} INFO - [2025-08-19T18:37:41.576+0000] {dag.py:2941} INFO - Sync 2 DAGs
[2025-08-19T18:37:41.628+0000] {logging_mixin.py:151} INFO - [2025-08-19T18:37:41.628+0000] {dag.py:3722} INFO - Setting next_dagrun for example_xcom_args to None, run_after=None
[2025-08-19T18:37:41.641+0000] {logging_mixin.py:151} INFO - [2025-08-19T18:37:41.640+0000] {dag.py:3722} INFO - Setting next_dagrun for example_xcom_args_with_operators to None, run_after=None
[2025-08-19T18:37:41.683+0000] {processor.py:179} INFO - Processing /home/airflow/.local/lib/python3.8/site-packages/airflow/example_dags/example_xcomargs.py took 0.227 seconds
[2025-08-19T18:38:12.353+0000] {processor.py:157} INFO - Started process (PID=848) to work on /home/airflow/.local/lib/python3.8/site-packages/airflow/example_dags/example_xcomargs.py
[2025-08-19T18:38:12.355+0000] {processor.py:829} INFO - Processing file /home/airflow/.local/lib/python3.8/site-packages/airflow/example_dags/example_xcomargs.py for tasks to queue
[2025-08-19T18:38:12.363+0000] {logging_mixin.py:151} INFO - [2025-08-19T18:38:12.362+0000] {dagbag.py:536} INFO - Filling up the DagBag from /home/airflow/.local/lib/python3.8/site-packages/airflow/example_dags/example_xcomargs.py
[2025-08-19T18:38:12.374+0000] {processor.py:839} INFO - DAG(s) dict_keys(['example_xcom_args_with_operators', 'example_xcom_args']) retrieved from /home/airflow/.local/lib/python3.8/site-packages/airflow/example_dags/example_xcomargs.py
[2025-08-19T18:38:12.420+0000] {logging_mixin.py:151} INFO - [2025-08-19T18:38:12.419+0000] {dag.py:2941} INFO - Sync 2 DAGs
[2025-08-19T18:38:12.440+0000] {logging_mixin.py:151} INFO - [2025-08-19T18:38:12.440+0000] {dag.py:3722} INFO - Setting next_dagrun for example_xcom_args to None, run_after=None
[2025-08-19T18:38:12.445+0000] {logging_mixin.py:151} INFO - [2025-08-19T18:38:12.445+0000] {dag.py:3722} INFO - Setting next_dagrun for example_xcom_args_with_operators to None, run_after=None
[2025-08-19T18:38:12.495+0000] {processor.py:179} INFO - Processing /home/airflow/.local/lib/python3.8/site-packages/airflow/example_dags/example_xcomargs.py took 0.152 seconds
[2025-08-19T18:38:43.477+0000] {processor.py:157} INFO - Started process (PID=902) to work on /home/airflow/.local/lib/python3.8/site-packages/airflow/example_dags/example_xcomargs.py
[2025-08-19T18:38:43.479+0000] {processor.py:829} INFO - Processing file /home/airflow/.local/lib/python3.8/site-packages/airflow/example_dags/example_xcomargs.py for tasks to queue
[2025-08-19T18:38:43.483+0000] {logging_mixin.py:151} INFO - [2025-08-19T18:38:43.482+0000] {dagbag.py:536} INFO - Filling up the DagBag from /home/airflow/.local/lib/python3.8/site-packages/airflow/example_dags/example_xcomargs.py
[2025-08-19T18:38:43.500+0000] {processor.py:839} INFO - DAG(s) dict_keys(['example_xcom_args', 'example_xcom_args_with_operators']) retrieved from /home/airflow/.local/lib/python3.8/site-packages/airflow/example_dags/example_xcomargs.py
[2025-08-19T18:38:43.544+0000] {logging_mixin.py:151} INFO - [2025-08-19T18:38:43.544+0000] {dag.py:2941} INFO - Sync 2 DAGs
[2025-08-19T18:38:43.566+0000] {logging_mixin.py:151} INFO - [2025-08-19T18:38:43.566+0000] {dag.py:3722} INFO - Setting next_dagrun for example_xcom_args to None, run_after=None
[2025-08-19T18:38:43.572+0000] {logging_mixin.py:151} INFO - [2025-08-19T18:38:43.571+0000] {dag.py:3722} INFO - Setting next_dagrun for example_xcom_args_with_operators to None, run_after=None
[2025-08-19T18:38:43.598+0000] {processor.py:179} INFO - Processing /home/airflow/.local/lib/python3.8/site-packages/airflow/example_dags/example_xcomargs.py took 0.127 seconds
[2025-08-19T18:39:14.362+0000] {processor.py:157} INFO - Started process (PID=956) to work on /home/airflow/.local/lib/python3.8/site-packages/airflow/example_dags/example_xcomargs.py
[2025-08-19T18:39:14.366+0000] {processor.py:829} INFO - Processing file /home/airflow/.local/lib/python3.8/site-packages/airflow/example_dags/example_xcomargs.py for tasks to queue
[2025-08-19T18:39:14.370+0000] {logging_mixin.py:151} INFO - [2025-08-19T18:39:14.369+0000] {dagbag.py:536} INFO - Filling up the DagBag from /home/airflow/.local/lib/python3.8/site-packages/airflow/example_dags/example_xcomargs.py
[2025-08-19T18:39:14.392+0000] {processor.py:839} INFO - DAG(s) dict_keys(['example_xcom_args_with_operators', 'example_xcom_args']) retrieved from /home/airflow/.local/lib/python3.8/site-packages/airflow/example_dags/example_xcomargs.py
[2025-08-19T18:39:14.463+0000] {logging_mixin.py:151} INFO - [2025-08-19T18:39:14.463+0000] {dag.py:2941} INFO - Sync 2 DAGs
[2025-08-19T18:39:14.484+0000] {logging_mixin.py:151} INFO - [2025-08-19T18:39:14.483+0000] {dag.py:3722} INFO - Setting next_dagrun for example_xcom_args to None, run_after=None
[2025-08-19T18:39:14.490+0000] {logging_mixin.py:151} INFO - [2025-08-19T18:39:14.489+0000] {dag.py:3722} INFO - Setting next_dagrun for example_xcom_args_with_operators to None, run_after=None
[2025-08-19T18:39:14.530+0000] {processor.py:179} INFO - Processing /home/airflow/.local/lib/python3.8/site-packages/airflow/example_dags/example_xcomargs.py took 0.175 seconds
