[2025-08-19T18:22:46.764+0000] {processor.py:157} INFO - Started process (PID=90) to work on /home/airflow/.local/lib/python3.8/site-packages/airflow/example_dags/example_setup_teardown_taskflow.py
[2025-08-19T18:22:46.774+0000] {processor.py:829} INFO - Processing file /home/airflow/.local/lib/python3.8/site-packages/airflow/example_dags/example_setup_teardown_taskflow.py for tasks to queue
[2025-08-19T18:22:46.782+0000] {logging_mixin.py:151} INFO - [2025-08-19T18:22:46.781+0000] {dagbag.py:536} INFO - Filling up the DagBag from /home/airflow/.local/lib/python3.8/site-packages/airflow/example_dags/example_setup_teardown_taskflow.py
[2025-08-19T18:22:46.818+0000] {processor.py:839} INFO - DAG(s) dict_keys(['example_setup_teardown_taskflow']) retrieved from /home/airflow/.local/lib/python3.8/site-packages/airflow/example_dags/example_setup_teardown_taskflow.py
[2025-08-19T18:22:47.019+0000] {logging_mixin.py:151} INFO - [2025-08-19T18:22:47.018+0000] {dag.py:2941} INFO - Sync 1 DAGs
[2025-08-19T18:22:49.573+0000] {logging_mixin.py:151} INFO - [2025-08-19T18:22:49.573+0000] {dag.py:3722} INFO - Setting next_dagrun for example_setup_teardown_taskflow to 2025-08-18T18:22:49.572740+00:00, run_after=2025-08-19T18:22:49.572740+00:00
[2025-08-19T18:22:49.764+0000] {processor.py:179} INFO - Processing /home/airflow/.local/lib/python3.8/site-packages/airflow/example_dags/example_setup_teardown_taskflow.py took 1.340 seconds
[2025-08-19T18:23:28.200+0000] {processor.py:157} INFO - Started process (PID=145) to work on /home/airflow/.local/lib/python3.8/site-packages/airflow/example_dags/example_setup_teardown_taskflow.py
[2025-08-19T18:23:28.203+0000] {processor.py:829} INFO - Processing file /home/airflow/.local/lib/python3.8/site-packages/airflow/example_dags/example_setup_teardown_taskflow.py for tasks to queue
[2025-08-19T18:23:28.207+0000] {logging_mixin.py:151} INFO - [2025-08-19T18:23:28.206+0000] {dagbag.py:536} INFO - Filling up the DagBag from /home/airflow/.local/lib/python3.8/site-packages/airflow/example_dags/example_setup_teardown_taskflow.py
[2025-08-19T18:23:28.238+0000] {processor.py:839} INFO - DAG(s) dict_keys(['example_setup_teardown_taskflow']) retrieved from /home/airflow/.local/lib/python3.8/site-packages/airflow/example_dags/example_setup_teardown_taskflow.py
[2025-08-19T18:23:28.334+0000] {logging_mixin.py:151} INFO - [2025-08-19T18:23:28.333+0000] {dag.py:2941} INFO - Sync 1 DAGs
[2025-08-19T18:23:28.506+0000] {logging_mixin.py:151} INFO - [2025-08-19T18:23:28.505+0000] {dag.py:3722} INFO - Setting next_dagrun for example_setup_teardown_taskflow to 2025-08-18T18:23:28.505194+00:00, run_after=2025-08-19T18:23:28.505194+00:00
[2025-08-19T18:23:28.571+0000] {processor.py:179} INFO - Processing /home/airflow/.local/lib/python3.8/site-packages/airflow/example_dags/example_setup_teardown_taskflow.py took 0.378 seconds
[2025-08-19T18:23:59.567+0000] {processor.py:157} INFO - Started process (PID=197) to work on /home/airflow/.local/lib/python3.8/site-packages/airflow/example_dags/example_setup_teardown_taskflow.py
[2025-08-19T18:23:59.570+0000] {processor.py:829} INFO - Processing file /home/airflow/.local/lib/python3.8/site-packages/airflow/example_dags/example_setup_teardown_taskflow.py for tasks to queue
[2025-08-19T18:23:59.580+0000] {logging_mixin.py:151} INFO - [2025-08-19T18:23:59.578+0000] {dagbag.py:536} INFO - Filling up the DagBag from /home/airflow/.local/lib/python3.8/site-packages/airflow/example_dags/example_setup_teardown_taskflow.py
[2025-08-19T18:23:59.625+0000] {processor.py:839} INFO - DAG(s) dict_keys(['example_setup_teardown_taskflow']) retrieved from /home/airflow/.local/lib/python3.8/site-packages/airflow/example_dags/example_setup_teardown_taskflow.py
[2025-08-19T18:23:59.742+0000] {logging_mixin.py:151} INFO - [2025-08-19T18:23:59.741+0000] {dag.py:2941} INFO - Sync 1 DAGs
[2025-08-19T18:23:59.819+0000] {logging_mixin.py:151} INFO - [2025-08-19T18:23:59.818+0000] {dag.py:3722} INFO - Setting next_dagrun for example_setup_teardown_taskflow to 2025-08-18T18:23:59.815179+00:00, run_after=2025-08-19T18:23:59.815179+00:00
[2025-08-19T18:23:59.920+0000] {processor.py:179} INFO - Processing /home/airflow/.local/lib/python3.8/site-packages/airflow/example_dags/example_setup_teardown_taskflow.py took 0.367 seconds
[2025-08-19T18:24:30.410+0000] {processor.py:157} INFO - Started process (PID=251) to work on /home/airflow/.local/lib/python3.8/site-packages/airflow/example_dags/example_setup_teardown_taskflow.py
[2025-08-19T18:24:30.414+0000] {processor.py:829} INFO - Processing file /home/airflow/.local/lib/python3.8/site-packages/airflow/example_dags/example_setup_teardown_taskflow.py for tasks to queue
[2025-08-19T18:24:30.433+0000] {logging_mixin.py:151} INFO - [2025-08-19T18:24:30.432+0000] {dagbag.py:536} INFO - Filling up the DagBag from /home/airflow/.local/lib/python3.8/site-packages/airflow/example_dags/example_setup_teardown_taskflow.py
[2025-08-19T18:24:30.500+0000] {processor.py:839} INFO - DAG(s) dict_keys(['example_setup_teardown_taskflow']) retrieved from /home/airflow/.local/lib/python3.8/site-packages/airflow/example_dags/example_setup_teardown_taskflow.py
[2025-08-19T18:24:30.622+0000] {logging_mixin.py:151} INFO - [2025-08-19T18:24:30.621+0000] {dag.py:2941} INFO - Sync 1 DAGs
[2025-08-19T18:24:30.772+0000] {logging_mixin.py:151} INFO - [2025-08-19T18:24:30.771+0000] {dag.py:3722} INFO - Setting next_dagrun for example_setup_teardown_taskflow to 2025-08-18T18:24:30.770877+00:00, run_after=2025-08-19T18:24:30.770877+00:00
[2025-08-19T18:24:32.993+0000] {processor.py:179} INFO - Processing /home/airflow/.local/lib/python3.8/site-packages/airflow/example_dags/example_setup_teardown_taskflow.py took 2.609 seconds
[2025-08-19T18:25:03.150+0000] {processor.py:157} INFO - Started process (PID=305) to work on /home/airflow/.local/lib/python3.8/site-packages/airflow/example_dags/example_setup_teardown_taskflow.py
[2025-08-19T18:25:03.154+0000] {processor.py:829} INFO - Processing file /home/airflow/.local/lib/python3.8/site-packages/airflow/example_dags/example_setup_teardown_taskflow.py for tasks to queue
[2025-08-19T18:25:03.165+0000] {logging_mixin.py:151} INFO - [2025-08-19T18:25:03.161+0000] {dagbag.py:536} INFO - Filling up the DagBag from /home/airflow/.local/lib/python3.8/site-packages/airflow/example_dags/example_setup_teardown_taskflow.py
[2025-08-19T18:25:03.190+0000] {processor.py:839} INFO - DAG(s) dict_keys(['example_setup_teardown_taskflow']) retrieved from /home/airflow/.local/lib/python3.8/site-packages/airflow/example_dags/example_setup_teardown_taskflow.py
[2025-08-19T18:25:03.244+0000] {logging_mixin.py:151} INFO - [2025-08-19T18:25:03.243+0000] {dag.py:2941} INFO - Sync 1 DAGs
[2025-08-19T18:25:03.302+0000] {logging_mixin.py:151} INFO - [2025-08-19T18:25:03.302+0000] {dag.py:3722} INFO - Setting next_dagrun for example_setup_teardown_taskflow to 2025-08-18T18:25:03.301697+00:00, run_after=2025-08-19T18:25:03.301697+00:00
[2025-08-19T18:25:03.355+0000] {processor.py:179} INFO - Processing /home/airflow/.local/lib/python3.8/site-packages/airflow/example_dags/example_setup_teardown_taskflow.py took 0.214 seconds
[2025-08-19T18:25:34.058+0000] {processor.py:157} INFO - Started process (PID=359) to work on /home/airflow/.local/lib/python3.8/site-packages/airflow/example_dags/example_setup_teardown_taskflow.py
[2025-08-19T18:25:34.061+0000] {processor.py:829} INFO - Processing file /home/airflow/.local/lib/python3.8/site-packages/airflow/example_dags/example_setup_teardown_taskflow.py for tasks to queue
[2025-08-19T18:25:34.083+0000] {logging_mixin.py:151} INFO - [2025-08-19T18:25:34.074+0000] {dagbag.py:536} INFO - Filling up the DagBag from /home/airflow/.local/lib/python3.8/site-packages/airflow/example_dags/example_setup_teardown_taskflow.py
[2025-08-19T18:25:34.193+0000] {processor.py:839} INFO - DAG(s) dict_keys(['example_setup_teardown_taskflow']) retrieved from /home/airflow/.local/lib/python3.8/site-packages/airflow/example_dags/example_setup_teardown_taskflow.py
[2025-08-19T18:25:34.352+0000] {logging_mixin.py:151} INFO - [2025-08-19T18:25:34.351+0000] {dag.py:2941} INFO - Sync 1 DAGs
[2025-08-19T18:25:34.449+0000] {logging_mixin.py:151} INFO - [2025-08-19T18:25:34.449+0000] {dag.py:3722} INFO - Setting next_dagrun for example_setup_teardown_taskflow to 2025-08-18T18:25:34.447335+00:00, run_after=2025-08-19T18:25:34.447335+00:00
[2025-08-19T18:25:34.545+0000] {processor.py:179} INFO - Processing /home/airflow/.local/lib/python3.8/site-packages/airflow/example_dags/example_setup_teardown_taskflow.py took 0.525 seconds
[2025-08-19T18:26:04.763+0000] {processor.py:157} INFO - Started process (PID=413) to work on /home/airflow/.local/lib/python3.8/site-packages/airflow/example_dags/example_setup_teardown_taskflow.py
[2025-08-19T18:26:04.765+0000] {processor.py:829} INFO - Processing file /home/airflow/.local/lib/python3.8/site-packages/airflow/example_dags/example_setup_teardown_taskflow.py for tasks to queue
[2025-08-19T18:26:04.773+0000] {logging_mixin.py:151} INFO - [2025-08-19T18:26:04.771+0000] {dagbag.py:536} INFO - Filling up the DagBag from /home/airflow/.local/lib/python3.8/site-packages/airflow/example_dags/example_setup_teardown_taskflow.py
[2025-08-19T18:26:04.809+0000] {processor.py:839} INFO - DAG(s) dict_keys(['example_setup_teardown_taskflow']) retrieved from /home/airflow/.local/lib/python3.8/site-packages/airflow/example_dags/example_setup_teardown_taskflow.py
[2025-08-19T18:26:04.873+0000] {logging_mixin.py:151} INFO - [2025-08-19T18:26:04.872+0000] {dag.py:2941} INFO - Sync 1 DAGs
[2025-08-19T18:26:04.931+0000] {logging_mixin.py:151} INFO - [2025-08-19T18:26:04.931+0000] {dag.py:3722} INFO - Setting next_dagrun for example_setup_teardown_taskflow to 2025-08-18T18:26:04.930875+00:00, run_after=2025-08-19T18:26:04.930875+00:00
[2025-08-19T18:26:04.975+0000] {processor.py:179} INFO - Processing /home/airflow/.local/lib/python3.8/site-packages/airflow/example_dags/example_setup_teardown_taskflow.py took 0.219 seconds
[2025-08-19T18:26:35.289+0000] {processor.py:157} INFO - Started process (PID=468) to work on /home/airflow/.local/lib/python3.8/site-packages/airflow/example_dags/example_setup_teardown_taskflow.py
[2025-08-19T18:26:35.324+0000] {processor.py:829} INFO - Processing file /home/airflow/.local/lib/python3.8/site-packages/airflow/example_dags/example_setup_teardown_taskflow.py for tasks to queue
[2025-08-19T18:26:35.342+0000] {logging_mixin.py:151} INFO - [2025-08-19T18:26:35.341+0000] {dagbag.py:536} INFO - Filling up the DagBag from /home/airflow/.local/lib/python3.8/site-packages/airflow/example_dags/example_setup_teardown_taskflow.py
[2025-08-19T18:26:35.421+0000] {processor.py:839} INFO - DAG(s) dict_keys(['example_setup_teardown_taskflow']) retrieved from /home/airflow/.local/lib/python3.8/site-packages/airflow/example_dags/example_setup_teardown_taskflow.py
[2025-08-19T18:26:35.575+0000] {logging_mixin.py:151} INFO - [2025-08-19T18:26:35.574+0000] {dag.py:2941} INFO - Sync 1 DAGs
[2025-08-19T18:26:35.758+0000] {logging_mixin.py:151} INFO - [2025-08-19T18:26:35.756+0000] {dag.py:3722} INFO - Setting next_dagrun for example_setup_teardown_taskflow to 2025-08-18T18:26:35.756053+00:00, run_after=2025-08-19T18:26:35.756053+00:00
[2025-08-19T18:26:35.855+0000] {processor.py:179} INFO - Processing /home/airflow/.local/lib/python3.8/site-packages/airflow/example_dags/example_setup_teardown_taskflow.py took 0.598 seconds
[2025-08-19T18:27:06.345+0000] {processor.py:157} INFO - Started process (PID=522) to work on /home/airflow/.local/lib/python3.8/site-packages/airflow/example_dags/example_setup_teardown_taskflow.py
[2025-08-19T18:27:06.346+0000] {processor.py:829} INFO - Processing file /home/airflow/.local/lib/python3.8/site-packages/airflow/example_dags/example_setup_teardown_taskflow.py for tasks to queue
[2025-08-19T18:27:06.348+0000] {logging_mixin.py:151} INFO - [2025-08-19T18:27:06.348+0000] {dagbag.py:536} INFO - Filling up the DagBag from /home/airflow/.local/lib/python3.8/site-packages/airflow/example_dags/example_setup_teardown_taskflow.py
[2025-08-19T18:27:06.357+0000] {processor.py:839} INFO - DAG(s) dict_keys(['example_setup_teardown_taskflow']) retrieved from /home/airflow/.local/lib/python3.8/site-packages/airflow/example_dags/example_setup_teardown_taskflow.py
[2025-08-19T18:27:06.381+0000] {logging_mixin.py:151} INFO - [2025-08-19T18:27:06.381+0000] {dag.py:2941} INFO - Sync 1 DAGs
[2025-08-19T18:27:06.402+0000] {logging_mixin.py:151} INFO - [2025-08-19T18:27:06.402+0000] {dag.py:3722} INFO - Setting next_dagrun for example_setup_teardown_taskflow to 2025-08-18T18:27:06.402224+00:00, run_after=2025-08-19T18:27:06.402224+00:00
[2025-08-19T18:27:06.431+0000] {processor.py:179} INFO - Processing /home/airflow/.local/lib/python3.8/site-packages/airflow/example_dags/example_setup_teardown_taskflow.py took 0.090 seconds
[2025-08-19T18:27:37.009+0000] {processor.py:157} INFO - Started process (PID=576) to work on /home/airflow/.local/lib/python3.8/site-packages/airflow/example_dags/example_setup_teardown_taskflow.py
[2025-08-19T18:27:37.012+0000] {processor.py:829} INFO - Processing file /home/airflow/.local/lib/python3.8/site-packages/airflow/example_dags/example_setup_teardown_taskflow.py for tasks to queue
[2025-08-19T18:27:37.016+0000] {logging_mixin.py:151} INFO - [2025-08-19T18:27:37.015+0000] {dagbag.py:536} INFO - Filling up the DagBag from /home/airflow/.local/lib/python3.8/site-packages/airflow/example_dags/example_setup_teardown_taskflow.py
[2025-08-19T18:27:37.039+0000] {processor.py:839} INFO - DAG(s) dict_keys(['example_setup_teardown_taskflow']) retrieved from /home/airflow/.local/lib/python3.8/site-packages/airflow/example_dags/example_setup_teardown_taskflow.py
[2025-08-19T18:27:37.088+0000] {logging_mixin.py:151} INFO - [2025-08-19T18:27:37.087+0000] {dag.py:2941} INFO - Sync 1 DAGs
[2025-08-19T18:27:37.140+0000] {logging_mixin.py:151} INFO - [2025-08-19T18:27:37.140+0000] {dag.py:3722} INFO - Setting next_dagrun for example_setup_teardown_taskflow to 2025-08-18T18:27:37.140162+00:00, run_after=2025-08-19T18:27:37.140162+00:00
[2025-08-19T18:27:37.202+0000] {processor.py:179} INFO - Processing /home/airflow/.local/lib/python3.8/site-packages/airflow/example_dags/example_setup_teardown_taskflow.py took 0.203 seconds
[2025-08-19T18:28:08.133+0000] {processor.py:157} INFO - Started process (PID=630) to work on /home/airflow/.local/lib/python3.8/site-packages/airflow/example_dags/example_setup_teardown_taskflow.py
[2025-08-19T18:28:08.134+0000] {processor.py:829} INFO - Processing file /home/airflow/.local/lib/python3.8/site-packages/airflow/example_dags/example_setup_teardown_taskflow.py for tasks to queue
[2025-08-19T18:28:08.139+0000] {logging_mixin.py:151} INFO - [2025-08-19T18:28:08.138+0000] {dagbag.py:536} INFO - Filling up the DagBag from /home/airflow/.local/lib/python3.8/site-packages/airflow/example_dags/example_setup_teardown_taskflow.py
[2025-08-19T18:28:08.154+0000] {processor.py:839} INFO - DAG(s) dict_keys(['example_setup_teardown_taskflow']) retrieved from /home/airflow/.local/lib/python3.8/site-packages/airflow/example_dags/example_setup_teardown_taskflow.py
[2025-08-19T18:28:08.187+0000] {logging_mixin.py:151} INFO - [2025-08-19T18:28:08.186+0000] {dag.py:2941} INFO - Sync 1 DAGs
[2025-08-19T18:28:08.224+0000] {logging_mixin.py:151} INFO - [2025-08-19T18:28:08.223+0000] {dag.py:3722} INFO - Setting next_dagrun for example_setup_teardown_taskflow to 2025-08-18T18:28:08.223375+00:00, run_after=2025-08-19T18:28:08.223375+00:00
[2025-08-19T18:28:08.257+0000] {processor.py:179} INFO - Processing /home/airflow/.local/lib/python3.8/site-packages/airflow/example_dags/example_setup_teardown_taskflow.py took 0.131 seconds
[2025-08-19T18:28:38.922+0000] {processor.py:157} INFO - Started process (PID=684) to work on /home/airflow/.local/lib/python3.8/site-packages/airflow/example_dags/example_setup_teardown_taskflow.py
[2025-08-19T18:28:38.925+0000] {processor.py:829} INFO - Processing file /home/airflow/.local/lib/python3.8/site-packages/airflow/example_dags/example_setup_teardown_taskflow.py for tasks to queue
[2025-08-19T18:28:38.928+0000] {logging_mixin.py:151} INFO - [2025-08-19T18:28:38.928+0000] {dagbag.py:536} INFO - Filling up the DagBag from /home/airflow/.local/lib/python3.8/site-packages/airflow/example_dags/example_setup_teardown_taskflow.py
[2025-08-19T18:28:38.939+0000] {processor.py:839} INFO - DAG(s) dict_keys(['example_setup_teardown_taskflow']) retrieved from /home/airflow/.local/lib/python3.8/site-packages/airflow/example_dags/example_setup_teardown_taskflow.py
[2025-08-19T18:28:38.969+0000] {logging_mixin.py:151} INFO - [2025-08-19T18:28:38.968+0000] {dag.py:2941} INFO - Sync 1 DAGs
[2025-08-19T18:28:38.999+0000] {logging_mixin.py:151} INFO - [2025-08-19T18:28:38.999+0000] {dag.py:3722} INFO - Setting next_dagrun for example_setup_teardown_taskflow to 2025-08-18T18:28:38.999132+00:00, run_after=2025-08-19T18:28:38.999132+00:00
[2025-08-19T18:28:39.027+0000] {processor.py:179} INFO - Processing /home/airflow/.local/lib/python3.8/site-packages/airflow/example_dags/example_setup_teardown_taskflow.py took 0.109 seconds
[2025-08-19T18:29:11.026+0000] {processor.py:157} INFO - Started process (PID=732) to work on /home/airflow/.local/lib/python3.8/site-packages/airflow/example_dags/example_setup_teardown_taskflow.py
[2025-08-19T18:29:11.029+0000] {processor.py:829} INFO - Processing file /home/airflow/.local/lib/python3.8/site-packages/airflow/example_dags/example_setup_teardown_taskflow.py for tasks to queue
[2025-08-19T18:29:11.033+0000] {logging_mixin.py:151} INFO - [2025-08-19T18:29:11.032+0000] {dagbag.py:536} INFO - Filling up the DagBag from /home/airflow/.local/lib/python3.8/site-packages/airflow/example_dags/example_setup_teardown_taskflow.py
[2025-08-19T18:29:11.053+0000] {processor.py:839} INFO - DAG(s) dict_keys(['example_setup_teardown_taskflow']) retrieved from /home/airflow/.local/lib/python3.8/site-packages/airflow/example_dags/example_setup_teardown_taskflow.py
[2025-08-19T18:29:11.106+0000] {logging_mixin.py:151} INFO - [2025-08-19T18:29:11.105+0000] {dag.py:2941} INFO - Sync 1 DAGs
[2025-08-19T18:29:11.152+0000] {logging_mixin.py:151} INFO - [2025-08-19T18:29:11.151+0000] {dag.py:3722} INFO - Setting next_dagrun for example_setup_teardown_taskflow to 2025-08-18T18:29:11.150747+00:00, run_after=2025-08-19T18:29:11.150747+00:00
[2025-08-19T18:29:11.200+0000] {processor.py:179} INFO - Processing /home/airflow/.local/lib/python3.8/site-packages/airflow/example_dags/example_setup_teardown_taskflow.py took 0.180 seconds
[2025-08-19T18:29:41.959+0000] {processor.py:157} INFO - Started process (PID=786) to work on /home/airflow/.local/lib/python3.8/site-packages/airflow/example_dags/example_setup_teardown_taskflow.py
[2025-08-19T18:29:41.961+0000] {processor.py:829} INFO - Processing file /home/airflow/.local/lib/python3.8/site-packages/airflow/example_dags/example_setup_teardown_taskflow.py for tasks to queue
[2025-08-19T18:29:41.966+0000] {logging_mixin.py:151} INFO - [2025-08-19T18:29:41.964+0000] {dagbag.py:536} INFO - Filling up the DagBag from /home/airflow/.local/lib/python3.8/site-packages/airflow/example_dags/example_setup_teardown_taskflow.py
[2025-08-19T18:29:41.977+0000] {processor.py:839} INFO - DAG(s) dict_keys(['example_setup_teardown_taskflow']) retrieved from /home/airflow/.local/lib/python3.8/site-packages/airflow/example_dags/example_setup_teardown_taskflow.py
[2025-08-19T18:29:42.018+0000] {logging_mixin.py:151} INFO - [2025-08-19T18:29:42.018+0000] {dag.py:2941} INFO - Sync 1 DAGs
[2025-08-19T18:29:42.053+0000] {logging_mixin.py:151} INFO - [2025-08-19T18:29:42.053+0000] {dag.py:3722} INFO - Setting next_dagrun for example_setup_teardown_taskflow to 2025-08-18T18:29:42.052853+00:00, run_after=2025-08-19T18:29:42.052853+00:00
[2025-08-19T18:29:42.091+0000] {processor.py:179} INFO - Processing /home/airflow/.local/lib/python3.8/site-packages/airflow/example_dags/example_setup_teardown_taskflow.py took 0.137 seconds
[2025-08-19T18:30:13.742+0000] {processor.py:157} INFO - Started process (PID=839) to work on /home/airflow/.local/lib/python3.8/site-packages/airflow/example_dags/example_setup_teardown_taskflow.py
[2025-08-19T18:30:13.745+0000] {processor.py:829} INFO - Processing file /home/airflow/.local/lib/python3.8/site-packages/airflow/example_dags/example_setup_teardown_taskflow.py for tasks to queue
[2025-08-19T18:30:13.753+0000] {logging_mixin.py:151} INFO - [2025-08-19T18:30:13.753+0000] {dagbag.py:536} INFO - Filling up the DagBag from /home/airflow/.local/lib/python3.8/site-packages/airflow/example_dags/example_setup_teardown_taskflow.py
[2025-08-19T18:30:13.773+0000] {processor.py:839} INFO - DAG(s) dict_keys(['example_setup_teardown_taskflow']) retrieved from /home/airflow/.local/lib/python3.8/site-packages/airflow/example_dags/example_setup_teardown_taskflow.py
[2025-08-19T18:30:13.813+0000] {logging_mixin.py:151} INFO - [2025-08-19T18:30:13.813+0000] {dag.py:2941} INFO - Sync 1 DAGs
[2025-08-19T18:30:13.852+0000] {logging_mixin.py:151} INFO - [2025-08-19T18:30:13.851+0000] {dag.py:3722} INFO - Setting next_dagrun for example_setup_teardown_taskflow to 2025-08-18T18:30:13.851306+00:00, run_after=2025-08-19T18:30:13.851306+00:00
[2025-08-19T18:30:13.889+0000] {processor.py:179} INFO - Processing /home/airflow/.local/lib/python3.8/site-packages/airflow/example_dags/example_setup_teardown_taskflow.py took 0.153 seconds
[2025-08-19T18:30:54.175+0000] {processor.py:157} INFO - Started process (PID=82) to work on /home/airflow/.local/lib/python3.8/site-packages/airflow/example_dags/example_setup_teardown_taskflow.py
[2025-08-19T18:30:54.177+0000] {processor.py:829} INFO - Processing file /home/airflow/.local/lib/python3.8/site-packages/airflow/example_dags/example_setup_teardown_taskflow.py for tasks to queue
[2025-08-19T18:30:54.187+0000] {logging_mixin.py:151} INFO - [2025-08-19T18:30:54.187+0000] {dagbag.py:536} INFO - Filling up the DagBag from /home/airflow/.local/lib/python3.8/site-packages/airflow/example_dags/example_setup_teardown_taskflow.py
[2025-08-19T18:30:54.208+0000] {processor.py:839} INFO - DAG(s) dict_keys(['example_setup_teardown_taskflow']) retrieved from /home/airflow/.local/lib/python3.8/site-packages/airflow/example_dags/example_setup_teardown_taskflow.py
[2025-08-19T18:30:54.267+0000] {logging_mixin.py:151} INFO - [2025-08-19T18:30:54.267+0000] {dag.py:2941} INFO - Sync 1 DAGs
[2025-08-19T18:30:54.331+0000] {logging_mixin.py:151} INFO - [2025-08-19T18:30:54.331+0000] {dag.py:3722} INFO - Setting next_dagrun for example_setup_teardown_taskflow to 2025-08-18T18:30:54.330988+00:00, run_after=2025-08-19T18:30:54.330988+00:00
[2025-08-19T18:30:54.367+0000] {processor.py:179} INFO - Processing /home/airflow/.local/lib/python3.8/site-packages/airflow/example_dags/example_setup_teardown_taskflow.py took 0.198 seconds
[2025-08-19T18:31:24.539+0000] {processor.py:157} INFO - Started process (PID=136) to work on /home/airflow/.local/lib/python3.8/site-packages/airflow/example_dags/example_setup_teardown_taskflow.py
[2025-08-19T18:31:24.543+0000] {processor.py:829} INFO - Processing file /home/airflow/.local/lib/python3.8/site-packages/airflow/example_dags/example_setup_teardown_taskflow.py for tasks to queue
[2025-08-19T18:31:24.548+0000] {logging_mixin.py:151} INFO - [2025-08-19T18:31:24.547+0000] {dagbag.py:536} INFO - Filling up the DagBag from /home/airflow/.local/lib/python3.8/site-packages/airflow/example_dags/example_setup_teardown_taskflow.py
[2025-08-19T18:31:24.577+0000] {processor.py:839} INFO - DAG(s) dict_keys(['example_setup_teardown_taskflow']) retrieved from /home/airflow/.local/lib/python3.8/site-packages/airflow/example_dags/example_setup_teardown_taskflow.py
[2025-08-19T18:31:24.618+0000] {logging_mixin.py:151} INFO - [2025-08-19T18:31:24.618+0000] {dag.py:2941} INFO - Sync 1 DAGs
[2025-08-19T18:31:24.656+0000] {logging_mixin.py:151} INFO - [2025-08-19T18:31:24.656+0000] {dag.py:3722} INFO - Setting next_dagrun for example_setup_teardown_taskflow to 2025-08-18T18:31:24.656142+00:00, run_after=2025-08-19T18:31:24.656142+00:00
[2025-08-19T18:31:24.689+0000] {processor.py:179} INFO - Processing /home/airflow/.local/lib/python3.8/site-packages/airflow/example_dags/example_setup_teardown_taskflow.py took 0.157 seconds
[2025-08-19T18:31:54.764+0000] {processor.py:157} INFO - Started process (PID=191) to work on /home/airflow/.local/lib/python3.8/site-packages/airflow/example_dags/example_setup_teardown_taskflow.py
[2025-08-19T18:31:54.766+0000] {processor.py:829} INFO - Processing file /home/airflow/.local/lib/python3.8/site-packages/airflow/example_dags/example_setup_teardown_taskflow.py for tasks to queue
[2025-08-19T18:31:54.768+0000] {logging_mixin.py:151} INFO - [2025-08-19T18:31:54.768+0000] {dagbag.py:536} INFO - Filling up the DagBag from /home/airflow/.local/lib/python3.8/site-packages/airflow/example_dags/example_setup_teardown_taskflow.py
[2025-08-19T18:31:54.778+0000] {processor.py:839} INFO - DAG(s) dict_keys(['example_setup_teardown_taskflow']) retrieved from /home/airflow/.local/lib/python3.8/site-packages/airflow/example_dags/example_setup_teardown_taskflow.py
[2025-08-19T18:31:54.813+0000] {logging_mixin.py:151} INFO - [2025-08-19T18:31:54.812+0000] {dag.py:2941} INFO - Sync 1 DAGs
[2025-08-19T18:31:54.840+0000] {logging_mixin.py:151} INFO - [2025-08-19T18:31:54.840+0000] {dag.py:3722} INFO - Setting next_dagrun for example_setup_teardown_taskflow to 2025-08-18T18:31:54.839811+00:00, run_after=2025-08-19T18:31:54.839811+00:00
[2025-08-19T18:31:54.876+0000] {processor.py:179} INFO - Processing /home/airflow/.local/lib/python3.8/site-packages/airflow/example_dags/example_setup_teardown_taskflow.py took 0.116 seconds
[2025-08-19T18:32:26.547+0000] {processor.py:157} INFO - Started process (PID=245) to work on /home/airflow/.local/lib/python3.8/site-packages/airflow/example_dags/example_setup_teardown_taskflow.py
[2025-08-19T18:32:26.549+0000] {processor.py:829} INFO - Processing file /home/airflow/.local/lib/python3.8/site-packages/airflow/example_dags/example_setup_teardown_taskflow.py for tasks to queue
[2025-08-19T18:32:26.553+0000] {logging_mixin.py:151} INFO - [2025-08-19T18:32:26.552+0000] {dagbag.py:536} INFO - Filling up the DagBag from /home/airflow/.local/lib/python3.8/site-packages/airflow/example_dags/example_setup_teardown_taskflow.py
[2025-08-19T18:32:26.570+0000] {processor.py:839} INFO - DAG(s) dict_keys(['example_setup_teardown_taskflow']) retrieved from /home/airflow/.local/lib/python3.8/site-packages/airflow/example_dags/example_setup_teardown_taskflow.py
[2025-08-19T18:32:26.605+0000] {logging_mixin.py:151} INFO - [2025-08-19T18:32:26.605+0000] {dag.py:2941} INFO - Sync 1 DAGs
[2025-08-19T18:32:26.646+0000] {logging_mixin.py:151} INFO - [2025-08-19T18:32:26.646+0000] {dag.py:3722} INFO - Setting next_dagrun for example_setup_teardown_taskflow to 2025-08-18T18:32:26.645933+00:00, run_after=2025-08-19T18:32:26.645933+00:00
[2025-08-19T18:32:26.687+0000] {processor.py:179} INFO - Processing /home/airflow/.local/lib/python3.8/site-packages/airflow/example_dags/example_setup_teardown_taskflow.py took 0.147 seconds
[2025-08-19T18:32:56.974+0000] {processor.py:157} INFO - Started process (PID=299) to work on /home/airflow/.local/lib/python3.8/site-packages/airflow/example_dags/example_setup_teardown_taskflow.py
[2025-08-19T18:32:56.975+0000] {processor.py:829} INFO - Processing file /home/airflow/.local/lib/python3.8/site-packages/airflow/example_dags/example_setup_teardown_taskflow.py for tasks to queue
[2025-08-19T18:32:56.978+0000] {logging_mixin.py:151} INFO - [2025-08-19T18:32:56.978+0000] {dagbag.py:536} INFO - Filling up the DagBag from /home/airflow/.local/lib/python3.8/site-packages/airflow/example_dags/example_setup_teardown_taskflow.py
[2025-08-19T18:32:56.990+0000] {processor.py:839} INFO - DAG(s) dict_keys(['example_setup_teardown_taskflow']) retrieved from /home/airflow/.local/lib/python3.8/site-packages/airflow/example_dags/example_setup_teardown_taskflow.py
[2025-08-19T18:32:57.031+0000] {logging_mixin.py:151} INFO - [2025-08-19T18:32:57.031+0000] {dag.py:2941} INFO - Sync 1 DAGs
[2025-08-19T18:32:57.083+0000] {logging_mixin.py:151} INFO - [2025-08-19T18:32:57.082+0000] {dag.py:3722} INFO - Setting next_dagrun for example_setup_teardown_taskflow to 2025-08-18T18:32:57.082354+00:00, run_after=2025-08-19T18:32:57.082354+00:00
[2025-08-19T18:32:57.130+0000] {processor.py:179} INFO - Processing /home/airflow/.local/lib/python3.8/site-packages/airflow/example_dags/example_setup_teardown_taskflow.py took 0.160 seconds
[2025-08-19T18:33:27.171+0000] {processor.py:157} INFO - Started process (PID=353) to work on /home/airflow/.local/lib/python3.8/site-packages/airflow/example_dags/example_setup_teardown_taskflow.py
[2025-08-19T18:33:27.173+0000] {processor.py:829} INFO - Processing file /home/airflow/.local/lib/python3.8/site-packages/airflow/example_dags/example_setup_teardown_taskflow.py for tasks to queue
[2025-08-19T18:33:27.178+0000] {logging_mixin.py:151} INFO - [2025-08-19T18:33:27.178+0000] {dagbag.py:536} INFO - Filling up the DagBag from /home/airflow/.local/lib/python3.8/site-packages/airflow/example_dags/example_setup_teardown_taskflow.py
[2025-08-19T18:33:27.201+0000] {processor.py:839} INFO - DAG(s) dict_keys(['example_setup_teardown_taskflow']) retrieved from /home/airflow/.local/lib/python3.8/site-packages/airflow/example_dags/example_setup_teardown_taskflow.py
[2025-08-19T18:33:27.244+0000] {logging_mixin.py:151} INFO - [2025-08-19T18:33:27.244+0000] {dag.py:2941} INFO - Sync 1 DAGs
[2025-08-19T18:33:27.288+0000] {logging_mixin.py:151} INFO - [2025-08-19T18:33:27.287+0000] {dag.py:3722} INFO - Setting next_dagrun for example_setup_teardown_taskflow to 2025-08-18T18:33:27.287425+00:00, run_after=2025-08-19T18:33:27.287425+00:00
[2025-08-19T18:33:27.334+0000] {processor.py:179} INFO - Processing /home/airflow/.local/lib/python3.8/site-packages/airflow/example_dags/example_setup_teardown_taskflow.py took 0.172 seconds
[2025-08-19T18:33:57.817+0000] {processor.py:157} INFO - Started process (PID=407) to work on /home/airflow/.local/lib/python3.8/site-packages/airflow/example_dags/example_setup_teardown_taskflow.py
[2025-08-19T18:33:57.819+0000] {processor.py:829} INFO - Processing file /home/airflow/.local/lib/python3.8/site-packages/airflow/example_dags/example_setup_teardown_taskflow.py for tasks to queue
[2025-08-19T18:33:57.822+0000] {logging_mixin.py:151} INFO - [2025-08-19T18:33:57.821+0000] {dagbag.py:536} INFO - Filling up the DagBag from /home/airflow/.local/lib/python3.8/site-packages/airflow/example_dags/example_setup_teardown_taskflow.py
[2025-08-19T18:33:57.842+0000] {processor.py:839} INFO - DAG(s) dict_keys(['example_setup_teardown_taskflow']) retrieved from /home/airflow/.local/lib/python3.8/site-packages/airflow/example_dags/example_setup_teardown_taskflow.py
[2025-08-19T18:33:57.882+0000] {logging_mixin.py:151} INFO - [2025-08-19T18:33:57.882+0000] {dag.py:2941} INFO - Sync 1 DAGs
[2025-08-19T18:33:57.939+0000] {logging_mixin.py:151} INFO - [2025-08-19T18:33:57.937+0000] {dag.py:3722} INFO - Setting next_dagrun for example_setup_teardown_taskflow to 2025-08-18T18:33:57.935860+00:00, run_after=2025-08-19T18:33:57.935860+00:00
[2025-08-19T18:33:57.999+0000] {processor.py:179} INFO - Processing /home/airflow/.local/lib/python3.8/site-packages/airflow/example_dags/example_setup_teardown_taskflow.py took 0.189 seconds
[2025-08-19T18:34:28.517+0000] {processor.py:157} INFO - Started process (PID=461) to work on /home/airflow/.local/lib/python3.8/site-packages/airflow/example_dags/example_setup_teardown_taskflow.py
[2025-08-19T18:34:28.520+0000] {processor.py:829} INFO - Processing file /home/airflow/.local/lib/python3.8/site-packages/airflow/example_dags/example_setup_teardown_taskflow.py for tasks to queue
[2025-08-19T18:34:28.527+0000] {logging_mixin.py:151} INFO - [2025-08-19T18:34:28.526+0000] {dagbag.py:536} INFO - Filling up the DagBag from /home/airflow/.local/lib/python3.8/site-packages/airflow/example_dags/example_setup_teardown_taskflow.py
[2025-08-19T18:34:28.548+0000] {processor.py:839} INFO - DAG(s) dict_keys(['example_setup_teardown_taskflow']) retrieved from /home/airflow/.local/lib/python3.8/site-packages/airflow/example_dags/example_setup_teardown_taskflow.py
[2025-08-19T18:34:28.592+0000] {logging_mixin.py:151} INFO - [2025-08-19T18:34:28.591+0000] {dag.py:2941} INFO - Sync 1 DAGs
[2025-08-19T18:34:28.673+0000] {logging_mixin.py:151} INFO - [2025-08-19T18:34:28.672+0000] {dag.py:3722} INFO - Setting next_dagrun for example_setup_teardown_taskflow to 2025-08-18T18:34:28.671903+00:00, run_after=2025-08-19T18:34:28.671903+00:00
[2025-08-19T18:34:28.783+0000] {processor.py:179} INFO - Processing /home/airflow/.local/lib/python3.8/site-packages/airflow/example_dags/example_setup_teardown_taskflow.py took 0.271 seconds
[2025-08-19T18:34:59.195+0000] {processor.py:157} INFO - Started process (PID=515) to work on /home/airflow/.local/lib/python3.8/site-packages/airflow/example_dags/example_setup_teardown_taskflow.py
[2025-08-19T18:34:59.196+0000] {processor.py:829} INFO - Processing file /home/airflow/.local/lib/python3.8/site-packages/airflow/example_dags/example_setup_teardown_taskflow.py for tasks to queue
[2025-08-19T18:34:59.199+0000] {logging_mixin.py:151} INFO - [2025-08-19T18:34:59.199+0000] {dagbag.py:536} INFO - Filling up the DagBag from /home/airflow/.local/lib/python3.8/site-packages/airflow/example_dags/example_setup_teardown_taskflow.py
[2025-08-19T18:34:59.213+0000] {processor.py:839} INFO - DAG(s) dict_keys(['example_setup_teardown_taskflow']) retrieved from /home/airflow/.local/lib/python3.8/site-packages/airflow/example_dags/example_setup_teardown_taskflow.py
[2025-08-19T18:34:59.249+0000] {logging_mixin.py:151} INFO - [2025-08-19T18:34:59.249+0000] {dag.py:2941} INFO - Sync 1 DAGs
[2025-08-19T18:34:59.282+0000] {logging_mixin.py:151} INFO - [2025-08-19T18:34:59.281+0000] {dag.py:3722} INFO - Setting next_dagrun for example_setup_teardown_taskflow to 2025-08-18T18:34:59.281229+00:00, run_after=2025-08-19T18:34:59.281229+00:00
[2025-08-19T18:34:59.315+0000] {processor.py:179} INFO - Processing /home/airflow/.local/lib/python3.8/site-packages/airflow/example_dags/example_setup_teardown_taskflow.py took 0.125 seconds
[2025-08-19T18:35:32.056+0000] {processor.py:157} INFO - Started process (PID=569) to work on /home/airflow/.local/lib/python3.8/site-packages/airflow/example_dags/example_setup_teardown_taskflow.py
[2025-08-19T18:35:32.057+0000] {processor.py:829} INFO - Processing file /home/airflow/.local/lib/python3.8/site-packages/airflow/example_dags/example_setup_teardown_taskflow.py for tasks to queue
[2025-08-19T18:35:32.060+0000] {logging_mixin.py:151} INFO - [2025-08-19T18:35:32.060+0000] {dagbag.py:536} INFO - Filling up the DagBag from /home/airflow/.local/lib/python3.8/site-packages/airflow/example_dags/example_setup_teardown_taskflow.py
[2025-08-19T18:35:32.074+0000] {processor.py:839} INFO - DAG(s) dict_keys(['example_setup_teardown_taskflow']) retrieved from /home/airflow/.local/lib/python3.8/site-packages/airflow/example_dags/example_setup_teardown_taskflow.py
[2025-08-19T18:35:32.147+0000] {logging_mixin.py:151} INFO - [2025-08-19T18:35:32.147+0000] {dag.py:2941} INFO - Sync 1 DAGs
[2025-08-19T18:35:32.190+0000] {logging_mixin.py:151} INFO - [2025-08-19T18:35:32.190+0000] {dag.py:3722} INFO - Setting next_dagrun for example_setup_teardown_taskflow to 2025-08-18T18:35:32.189721+00:00, run_after=2025-08-19T18:35:32.189721+00:00
[2025-08-19T18:35:32.227+0000] {processor.py:179} INFO - Processing /home/airflow/.local/lib/python3.8/site-packages/airflow/example_dags/example_setup_teardown_taskflow.py took 0.177 seconds
[2025-08-19T18:36:02.343+0000] {processor.py:157} INFO - Started process (PID=623) to work on /home/airflow/.local/lib/python3.8/site-packages/airflow/example_dags/example_setup_teardown_taskflow.py
[2025-08-19T18:36:02.345+0000] {processor.py:829} INFO - Processing file /home/airflow/.local/lib/python3.8/site-packages/airflow/example_dags/example_setup_teardown_taskflow.py for tasks to queue
[2025-08-19T18:36:02.349+0000] {logging_mixin.py:151} INFO - [2025-08-19T18:36:02.348+0000] {dagbag.py:536} INFO - Filling up the DagBag from /home/airflow/.local/lib/python3.8/site-packages/airflow/example_dags/example_setup_teardown_taskflow.py
[2025-08-19T18:36:02.359+0000] {processor.py:839} INFO - DAG(s) dict_keys(['example_setup_teardown_taskflow']) retrieved from /home/airflow/.local/lib/python3.8/site-packages/airflow/example_dags/example_setup_teardown_taskflow.py
[2025-08-19T18:36:02.396+0000] {logging_mixin.py:151} INFO - [2025-08-19T18:36:02.396+0000] {dag.py:2941} INFO - Sync 1 DAGs
[2025-08-19T18:36:02.423+0000] {logging_mixin.py:151} INFO - [2025-08-19T18:36:02.423+0000] {dag.py:3722} INFO - Setting next_dagrun for example_setup_teardown_taskflow to 2025-08-18T18:36:02.423243+00:00, run_after=2025-08-19T18:36:02.423243+00:00
[2025-08-19T18:36:02.452+0000] {processor.py:179} INFO - Processing /home/airflow/.local/lib/python3.8/site-packages/airflow/example_dags/example_setup_teardown_taskflow.py took 0.114 seconds
[2025-08-19T18:36:34.534+0000] {processor.py:157} INFO - Started process (PID=677) to work on /home/airflow/.local/lib/python3.8/site-packages/airflow/example_dags/example_setup_teardown_taskflow.py
[2025-08-19T18:36:34.536+0000] {processor.py:829} INFO - Processing file /home/airflow/.local/lib/python3.8/site-packages/airflow/example_dags/example_setup_teardown_taskflow.py for tasks to queue
[2025-08-19T18:36:34.539+0000] {logging_mixin.py:151} INFO - [2025-08-19T18:36:34.539+0000] {dagbag.py:536} INFO - Filling up the DagBag from /home/airflow/.local/lib/python3.8/site-packages/airflow/example_dags/example_setup_teardown_taskflow.py
[2025-08-19T18:36:34.555+0000] {processor.py:839} INFO - DAG(s) dict_keys(['example_setup_teardown_taskflow']) retrieved from /home/airflow/.local/lib/python3.8/site-packages/airflow/example_dags/example_setup_teardown_taskflow.py
[2025-08-19T18:36:34.590+0000] {logging_mixin.py:151} INFO - [2025-08-19T18:36:34.589+0000] {dag.py:2941} INFO - Sync 1 DAGs
[2025-08-19T18:36:34.619+0000] {logging_mixin.py:151} INFO - [2025-08-19T18:36:34.619+0000] {dag.py:3722} INFO - Setting next_dagrun for example_setup_teardown_taskflow to 2025-08-18T18:36:34.619203+00:00, run_after=2025-08-19T18:36:34.619203+00:00
[2025-08-19T18:36:34.647+0000] {processor.py:179} INFO - Processing /home/airflow/.local/lib/python3.8/site-packages/airflow/example_dags/example_setup_teardown_taskflow.py took 0.121 seconds
[2025-08-19T18:37:06.373+0000] {processor.py:157} INFO - Started process (PID=731) to work on /home/airflow/.local/lib/python3.8/site-packages/airflow/example_dags/example_setup_teardown_taskflow.py
[2025-08-19T18:37:06.376+0000] {processor.py:829} INFO - Processing file /home/airflow/.local/lib/python3.8/site-packages/airflow/example_dags/example_setup_teardown_taskflow.py for tasks to queue
[2025-08-19T18:37:06.379+0000] {logging_mixin.py:151} INFO - [2025-08-19T18:37:06.379+0000] {dagbag.py:536} INFO - Filling up the DagBag from /home/airflow/.local/lib/python3.8/site-packages/airflow/example_dags/example_setup_teardown_taskflow.py
[2025-08-19T18:37:06.395+0000] {processor.py:839} INFO - DAG(s) dict_keys(['example_setup_teardown_taskflow']) retrieved from /home/airflow/.local/lib/python3.8/site-packages/airflow/example_dags/example_setup_teardown_taskflow.py
[2025-08-19T18:37:06.443+0000] {logging_mixin.py:151} INFO - [2025-08-19T18:37:06.442+0000] {dag.py:2941} INFO - Sync 1 DAGs
[2025-08-19T18:37:06.490+0000] {logging_mixin.py:151} INFO - [2025-08-19T18:37:06.489+0000] {dag.py:3722} INFO - Setting next_dagrun for example_setup_teardown_taskflow to 2025-08-18T18:37:06.489428+00:00, run_after=2025-08-19T18:37:06.489428+00:00
[2025-08-19T18:37:06.527+0000] {processor.py:179} INFO - Processing /home/airflow/.local/lib/python3.8/site-packages/airflow/example_dags/example_setup_teardown_taskflow.py took 0.164 seconds
[2025-08-19T18:37:39.433+0000] {processor.py:157} INFO - Started process (PID=786) to work on /home/airflow/.local/lib/python3.8/site-packages/airflow/example_dags/example_setup_teardown_taskflow.py
[2025-08-19T18:37:39.435+0000] {processor.py:829} INFO - Processing file /home/airflow/.local/lib/python3.8/site-packages/airflow/example_dags/example_setup_teardown_taskflow.py for tasks to queue
[2025-08-19T18:37:39.451+0000] {logging_mixin.py:151} INFO - [2025-08-19T18:37:39.450+0000] {dagbag.py:536} INFO - Filling up the DagBag from /home/airflow/.local/lib/python3.8/site-packages/airflow/example_dags/example_setup_teardown_taskflow.py
[2025-08-19T18:37:39.486+0000] {processor.py:839} INFO - DAG(s) dict_keys(['example_setup_teardown_taskflow']) retrieved from /home/airflow/.local/lib/python3.8/site-packages/airflow/example_dags/example_setup_teardown_taskflow.py
[2025-08-19T18:37:39.587+0000] {logging_mixin.py:151} INFO - [2025-08-19T18:37:39.582+0000] {dag.py:2941} INFO - Sync 1 DAGs
[2025-08-19T18:37:39.685+0000] {logging_mixin.py:151} INFO - [2025-08-19T18:37:39.684+0000] {dag.py:3722} INFO - Setting next_dagrun for example_setup_teardown_taskflow to 2025-08-18T18:37:39.683942+00:00, run_after=2025-08-19T18:37:39.683942+00:00
[2025-08-19T18:37:39.762+0000] {processor.py:179} INFO - Processing /home/airflow/.local/lib/python3.8/site-packages/airflow/example_dags/example_setup_teardown_taskflow.py took 0.344 seconds
[2025-08-19T18:38:10.538+0000] {processor.py:157} INFO - Started process (PID=840) to work on /home/airflow/.local/lib/python3.8/site-packages/airflow/example_dags/example_setup_teardown_taskflow.py
[2025-08-19T18:38:10.541+0000] {processor.py:829} INFO - Processing file /home/airflow/.local/lib/python3.8/site-packages/airflow/example_dags/example_setup_teardown_taskflow.py for tasks to queue
[2025-08-19T18:38:10.545+0000] {logging_mixin.py:151} INFO - [2025-08-19T18:38:10.544+0000] {dagbag.py:536} INFO - Filling up the DagBag from /home/airflow/.local/lib/python3.8/site-packages/airflow/example_dags/example_setup_teardown_taskflow.py
[2025-08-19T18:38:10.565+0000] {processor.py:839} INFO - DAG(s) dict_keys(['example_setup_teardown_taskflow']) retrieved from /home/airflow/.local/lib/python3.8/site-packages/airflow/example_dags/example_setup_teardown_taskflow.py
[2025-08-19T18:38:10.609+0000] {logging_mixin.py:151} INFO - [2025-08-19T18:38:10.609+0000] {dag.py:2941} INFO - Sync 1 DAGs
[2025-08-19T18:38:10.651+0000] {logging_mixin.py:151} INFO - [2025-08-19T18:38:10.651+0000] {dag.py:3722} INFO - Setting next_dagrun for example_setup_teardown_taskflow to 2025-08-18T18:38:10.650728+00:00, run_after=2025-08-19T18:38:10.650728+00:00
[2025-08-19T18:38:10.688+0000] {processor.py:179} INFO - Processing /home/airflow/.local/lib/python3.8/site-packages/airflow/example_dags/example_setup_teardown_taskflow.py took 0.159 seconds
[2025-08-19T18:38:41.283+0000] {processor.py:157} INFO - Started process (PID=894) to work on /home/airflow/.local/lib/python3.8/site-packages/airflow/example_dags/example_setup_teardown_taskflow.py
[2025-08-19T18:38:41.286+0000] {processor.py:829} INFO - Processing file /home/airflow/.local/lib/python3.8/site-packages/airflow/example_dags/example_setup_teardown_taskflow.py for tasks to queue
[2025-08-19T18:38:41.290+0000] {logging_mixin.py:151} INFO - [2025-08-19T18:38:41.289+0000] {dagbag.py:536} INFO - Filling up the DagBag from /home/airflow/.local/lib/python3.8/site-packages/airflow/example_dags/example_setup_teardown_taskflow.py
[2025-08-19T18:38:41.308+0000] {processor.py:839} INFO - DAG(s) dict_keys(['example_setup_teardown_taskflow']) retrieved from /home/airflow/.local/lib/python3.8/site-packages/airflow/example_dags/example_setup_teardown_taskflow.py
[2025-08-19T18:38:41.342+0000] {logging_mixin.py:151} INFO - [2025-08-19T18:38:41.341+0000] {dag.py:2941} INFO - Sync 1 DAGs
[2025-08-19T18:38:41.374+0000] {logging_mixin.py:151} INFO - [2025-08-19T18:38:41.373+0000] {dag.py:3722} INFO - Setting next_dagrun for example_setup_teardown_taskflow to 2025-08-18T18:38:41.373633+00:00, run_after=2025-08-19T18:38:41.373633+00:00
[2025-08-19T18:38:41.399+0000] {processor.py:179} INFO - Processing /home/airflow/.local/lib/python3.8/site-packages/airflow/example_dags/example_setup_teardown_taskflow.py took 0.121 seconds
[2025-08-19T18:39:13.450+0000] {processor.py:157} INFO - Started process (PID=948) to work on /home/airflow/.local/lib/python3.8/site-packages/airflow/example_dags/example_setup_teardown_taskflow.py
[2025-08-19T18:39:13.453+0000] {processor.py:829} INFO - Processing file /home/airflow/.local/lib/python3.8/site-packages/airflow/example_dags/example_setup_teardown_taskflow.py for tasks to queue
[2025-08-19T18:39:13.456+0000] {logging_mixin.py:151} INFO - [2025-08-19T18:39:13.455+0000] {dagbag.py:536} INFO - Filling up the DagBag from /home/airflow/.local/lib/python3.8/site-packages/airflow/example_dags/example_setup_teardown_taskflow.py
[2025-08-19T18:39:13.469+0000] {processor.py:839} INFO - DAG(s) dict_keys(['example_setup_teardown_taskflow']) retrieved from /home/airflow/.local/lib/python3.8/site-packages/airflow/example_dags/example_setup_teardown_taskflow.py
[2025-08-19T18:39:13.499+0000] {logging_mixin.py:151} INFO - [2025-08-19T18:39:13.498+0000] {dag.py:2941} INFO - Sync 1 DAGs
[2025-08-19T18:39:13.532+0000] {logging_mixin.py:151} INFO - [2025-08-19T18:39:13.532+0000] {dag.py:3722} INFO - Setting next_dagrun for example_setup_teardown_taskflow to 2025-08-18T18:39:13.531775+00:00, run_after=2025-08-19T18:39:13.531775+00:00
[2025-08-19T18:39:13.556+0000] {processor.py:179} INFO - Processing /home/airflow/.local/lib/python3.8/site-packages/airflow/example_dags/example_setup_teardown_taskflow.py took 0.115 seconds
