[2025-08-19T18:23:16.407+0000] {processor.py:157} INFO - Started process (PID=131) to work on /home/airflow/.local/lib/python3.8/site-packages/airflow/example_dags/example_xcom.py
[2025-08-19T18:23:16.484+0000] {processor.py:829} INFO - Processing file /home/airflow/.local/lib/python3.8/site-packages/airflow/example_dags/example_xcom.py for tasks to queue
[2025-08-19T18:23:16.754+0000] {logging_mixin.py:151} INFO - [2025-08-19T18:23:16.753+0000] {dagbag.py:536} INFO - Filling up the DagBag from /home/airflow/.local/lib/python3.8/site-packages/airflow/example_dags/example_xcom.py
[2025-08-19T18:23:16.774+0000] {processor.py:839} INFO - DAG(s) dict_keys(['example_xcom']) retrieved from /home/airflow/.local/lib/python3.8/site-packages/airflow/example_dags/example_xcom.py
[2025-08-19T18:23:17.145+0000] {logging_mixin.py:151} INFO - [2025-08-19T18:23:17.144+0000] {dag.py:2941} INFO - Sync 1 DAGs
[2025-08-19T18:23:17.427+0000] {logging_mixin.py:151} INFO - [2025-08-19T18:23:17.426+0000] {dag.py:3722} INFO - Setting next_dagrun for example_xcom to 2021-01-01T00:00:00+00:00, run_after=2021-01-01T00:00:00+00:00
[2025-08-19T18:23:18.664+0000] {processor.py:179} INFO - Processing /home/airflow/.local/lib/python3.8/site-packages/airflow/example_dags/example_xcom.py took 2.534 seconds
[2025-08-19T18:23:48.989+0000] {processor.py:157} INFO - Started process (PID=185) to work on /home/airflow/.local/lib/python3.8/site-packages/airflow/example_dags/example_xcom.py
[2025-08-19T18:23:48.993+0000] {processor.py:829} INFO - Processing file /home/airflow/.local/lib/python3.8/site-packages/airflow/example_dags/example_xcom.py for tasks to queue
[2025-08-19T18:23:48.998+0000] {logging_mixin.py:151} INFO - [2025-08-19T18:23:48.997+0000] {dagbag.py:536} INFO - Filling up the DagBag from /home/airflow/.local/lib/python3.8/site-packages/airflow/example_dags/example_xcom.py
[2025-08-19T18:23:49.011+0000] {processor.py:839} INFO - DAG(s) dict_keys(['example_xcom']) retrieved from /home/airflow/.local/lib/python3.8/site-packages/airflow/example_dags/example_xcom.py
[2025-08-19T18:23:49.053+0000] {logging_mixin.py:151} INFO - [2025-08-19T18:23:49.053+0000] {dag.py:2941} INFO - Sync 1 DAGs
[2025-08-19T18:23:49.089+0000] {logging_mixin.py:151} INFO - [2025-08-19T18:23:49.088+0000] {dag.py:3722} INFO - Setting next_dagrun for example_xcom to 2021-01-01T00:00:00+00:00, run_after=2021-01-01T00:00:00+00:00
[2025-08-19T18:23:49.145+0000] {processor.py:179} INFO - Processing /home/airflow/.local/lib/python3.8/site-packages/airflow/example_dags/example_xcom.py took 0.162 seconds
[2025-08-19T18:24:19.965+0000] {processor.py:157} INFO - Started process (PID=239) to work on /home/airflow/.local/lib/python3.8/site-packages/airflow/example_dags/example_xcom.py
[2025-08-19T18:24:19.967+0000] {processor.py:829} INFO - Processing file /home/airflow/.local/lib/python3.8/site-packages/airflow/example_dags/example_xcom.py for tasks to queue
[2025-08-19T18:24:19.969+0000] {logging_mixin.py:151} INFO - [2025-08-19T18:24:19.969+0000] {dagbag.py:536} INFO - Filling up the DagBag from /home/airflow/.local/lib/python3.8/site-packages/airflow/example_dags/example_xcom.py
[2025-08-19T18:24:19.977+0000] {processor.py:839} INFO - DAG(s) dict_keys(['example_xcom']) retrieved from /home/airflow/.local/lib/python3.8/site-packages/airflow/example_dags/example_xcom.py
[2025-08-19T18:24:20.002+0000] {logging_mixin.py:151} INFO - [2025-08-19T18:24:20.002+0000] {dag.py:2941} INFO - Sync 1 DAGs
[2025-08-19T18:24:20.028+0000] {logging_mixin.py:151} INFO - [2025-08-19T18:24:20.028+0000] {dag.py:3722} INFO - Setting next_dagrun for example_xcom to 2021-01-01T00:00:00+00:00, run_after=2021-01-01T00:00:00+00:00
[2025-08-19T18:24:20.054+0000] {processor.py:179} INFO - Processing /home/airflow/.local/lib/python3.8/site-packages/airflow/example_dags/example_xcom.py took 0.092 seconds
[2025-08-19T18:24:50.305+0000] {processor.py:157} INFO - Started process (PID=293) to work on /home/airflow/.local/lib/python3.8/site-packages/airflow/example_dags/example_xcom.py
[2025-08-19T18:24:50.335+0000] {processor.py:829} INFO - Processing file /home/airflow/.local/lib/python3.8/site-packages/airflow/example_dags/example_xcom.py for tasks to queue
[2025-08-19T18:24:50.350+0000] {logging_mixin.py:151} INFO - [2025-08-19T18:24:50.340+0000] {dagbag.py:536} INFO - Filling up the DagBag from /home/airflow/.local/lib/python3.8/site-packages/airflow/example_dags/example_xcom.py
[2025-08-19T18:24:50.391+0000] {processor.py:839} INFO - DAG(s) dict_keys(['example_xcom']) retrieved from /home/airflow/.local/lib/python3.8/site-packages/airflow/example_dags/example_xcom.py
[2025-08-19T18:24:50.704+0000] {logging_mixin.py:151} INFO - [2025-08-19T18:24:50.703+0000] {dag.py:2941} INFO - Sync 1 DAGs
[2025-08-19T18:24:50.856+0000] {logging_mixin.py:151} INFO - [2025-08-19T18:24:50.855+0000] {dag.py:3722} INFO - Setting next_dagrun for example_xcom to 2021-01-01T00:00:00+00:00, run_after=2021-01-01T00:00:00+00:00
[2025-08-19T18:24:50.982+0000] {processor.py:179} INFO - Processing /home/airflow/.local/lib/python3.8/site-packages/airflow/example_dags/example_xcom.py took 0.703 seconds
[2025-08-19T18:25:21.506+0000] {processor.py:157} INFO - Started process (PID=347) to work on /home/airflow/.local/lib/python3.8/site-packages/airflow/example_dags/example_xcom.py
[2025-08-19T18:25:21.512+0000] {processor.py:829} INFO - Processing file /home/airflow/.local/lib/python3.8/site-packages/airflow/example_dags/example_xcom.py for tasks to queue
[2025-08-19T18:25:21.519+0000] {logging_mixin.py:151} INFO - [2025-08-19T18:25:21.518+0000] {dagbag.py:536} INFO - Filling up the DagBag from /home/airflow/.local/lib/python3.8/site-packages/airflow/example_dags/example_xcom.py
[2025-08-19T18:25:21.552+0000] {processor.py:839} INFO - DAG(s) dict_keys(['example_xcom']) retrieved from /home/airflow/.local/lib/python3.8/site-packages/airflow/example_dags/example_xcom.py
[2025-08-19T18:25:21.669+0000] {logging_mixin.py:151} INFO - [2025-08-19T18:25:21.668+0000] {dag.py:2941} INFO - Sync 1 DAGs
[2025-08-19T18:25:21.808+0000] {logging_mixin.py:151} INFO - [2025-08-19T18:25:21.808+0000] {dag.py:3722} INFO - Setting next_dagrun for example_xcom to 2021-01-01T00:00:00+00:00, run_after=2021-01-01T00:00:00+00:00
[2025-08-19T18:25:21.906+0000] {processor.py:179} INFO - Processing /home/airflow/.local/lib/python3.8/site-packages/airflow/example_dags/example_xcom.py took 0.421 seconds
[2025-08-19T18:25:52.106+0000] {processor.py:157} INFO - Started process (PID=401) to work on /home/airflow/.local/lib/python3.8/site-packages/airflow/example_dags/example_xcom.py
[2025-08-19T18:25:52.110+0000] {processor.py:829} INFO - Processing file /home/airflow/.local/lib/python3.8/site-packages/airflow/example_dags/example_xcom.py for tasks to queue
[2025-08-19T18:25:52.117+0000] {logging_mixin.py:151} INFO - [2025-08-19T18:25:52.116+0000] {dagbag.py:536} INFO - Filling up the DagBag from /home/airflow/.local/lib/python3.8/site-packages/airflow/example_dags/example_xcom.py
[2025-08-19T18:25:52.140+0000] {processor.py:839} INFO - DAG(s) dict_keys(['example_xcom']) retrieved from /home/airflow/.local/lib/python3.8/site-packages/airflow/example_dags/example_xcom.py
[2025-08-19T18:25:52.225+0000] {logging_mixin.py:151} INFO - [2025-08-19T18:25:52.225+0000] {dag.py:2941} INFO - Sync 1 DAGs
[2025-08-19T18:25:52.270+0000] {logging_mixin.py:151} INFO - [2025-08-19T18:25:52.269+0000] {dag.py:3722} INFO - Setting next_dagrun for example_xcom to 2021-01-01T00:00:00+00:00, run_after=2021-01-01T00:00:00+00:00
[2025-08-19T18:25:52.310+0000] {processor.py:179} INFO - Processing /home/airflow/.local/lib/python3.8/site-packages/airflow/example_dags/example_xcom.py took 0.214 seconds
[2025-08-19T18:26:24.652+0000] {processor.py:157} INFO - Started process (PID=456) to work on /home/airflow/.local/lib/python3.8/site-packages/airflow/example_dags/example_xcom.py
[2025-08-19T18:26:24.656+0000] {processor.py:829} INFO - Processing file /home/airflow/.local/lib/python3.8/site-packages/airflow/example_dags/example_xcom.py for tasks to queue
[2025-08-19T18:26:24.668+0000] {logging_mixin.py:151} INFO - [2025-08-19T18:26:24.667+0000] {dagbag.py:536} INFO - Filling up the DagBag from /home/airflow/.local/lib/python3.8/site-packages/airflow/example_dags/example_xcom.py
[2025-08-19T18:26:24.703+0000] {processor.py:839} INFO - DAG(s) dict_keys(['example_xcom']) retrieved from /home/airflow/.local/lib/python3.8/site-packages/airflow/example_dags/example_xcom.py
[2025-08-19T18:26:24.771+0000] {logging_mixin.py:151} INFO - [2025-08-19T18:26:24.771+0000] {dag.py:2941} INFO - Sync 1 DAGs
[2025-08-19T18:26:24.826+0000] {logging_mixin.py:151} INFO - [2025-08-19T18:26:24.826+0000] {dag.py:3722} INFO - Setting next_dagrun for example_xcom to 2021-01-01T00:00:00+00:00, run_after=2021-01-01T00:00:00+00:00
[2025-08-19T18:26:24.893+0000] {processor.py:179} INFO - Processing /home/airflow/.local/lib/python3.8/site-packages/airflow/example_dags/example_xcom.py took 0.257 seconds
[2025-08-19T18:26:55.865+0000] {processor.py:157} INFO - Started process (PID=510) to work on /home/airflow/.local/lib/python3.8/site-packages/airflow/example_dags/example_xcom.py
[2025-08-19T18:26:55.867+0000] {processor.py:829} INFO - Processing file /home/airflow/.local/lib/python3.8/site-packages/airflow/example_dags/example_xcom.py for tasks to queue
[2025-08-19T18:26:55.877+0000] {logging_mixin.py:151} INFO - [2025-08-19T18:26:55.876+0000] {dagbag.py:536} INFO - Filling up the DagBag from /home/airflow/.local/lib/python3.8/site-packages/airflow/example_dags/example_xcom.py
[2025-08-19T18:26:55.915+0000] {processor.py:839} INFO - DAG(s) dict_keys(['example_xcom']) retrieved from /home/airflow/.local/lib/python3.8/site-packages/airflow/example_dags/example_xcom.py
[2025-08-19T18:26:56.024+0000] {logging_mixin.py:151} INFO - [2025-08-19T18:26:56.024+0000] {dag.py:2941} INFO - Sync 1 DAGs
[2025-08-19T18:26:56.092+0000] {logging_mixin.py:151} INFO - [2025-08-19T18:26:56.091+0000] {dag.py:3722} INFO - Setting next_dagrun for example_xcom to 2021-01-01T00:00:00+00:00, run_after=2021-01-01T00:00:00+00:00
[2025-08-19T18:26:56.144+0000] {processor.py:179} INFO - Processing /home/airflow/.local/lib/python3.8/site-packages/airflow/example_dags/example_xcom.py took 0.289 seconds
[2025-08-19T18:27:27.083+0000] {processor.py:157} INFO - Started process (PID=564) to work on /home/airflow/.local/lib/python3.8/site-packages/airflow/example_dags/example_xcom.py
[2025-08-19T18:27:27.090+0000] {processor.py:829} INFO - Processing file /home/airflow/.local/lib/python3.8/site-packages/airflow/example_dags/example_xcom.py for tasks to queue
[2025-08-19T18:27:27.096+0000] {logging_mixin.py:151} INFO - [2025-08-19T18:27:27.094+0000] {dagbag.py:536} INFO - Filling up the DagBag from /home/airflow/.local/lib/python3.8/site-packages/airflow/example_dags/example_xcom.py
[2025-08-19T18:27:27.141+0000] {processor.py:839} INFO - DAG(s) dict_keys(['example_xcom']) retrieved from /home/airflow/.local/lib/python3.8/site-packages/airflow/example_dags/example_xcom.py
[2025-08-19T18:27:27.295+0000] {logging_mixin.py:151} INFO - [2025-08-19T18:27:27.295+0000] {dag.py:2941} INFO - Sync 1 DAGs
[2025-08-19T18:27:27.388+0000] {logging_mixin.py:151} INFO - [2025-08-19T18:27:27.387+0000] {dag.py:3722} INFO - Setting next_dagrun for example_xcom to 2021-01-01T00:00:00+00:00, run_after=2021-01-01T00:00:00+00:00
[2025-08-19T18:27:27.513+0000] {processor.py:179} INFO - Processing /home/airflow/.local/lib/python3.8/site-packages/airflow/example_dags/example_xcom.py took 0.448 seconds
[2025-08-19T18:27:58.305+0000] {processor.py:157} INFO - Started process (PID=618) to work on /home/airflow/.local/lib/python3.8/site-packages/airflow/example_dags/example_xcom.py
[2025-08-19T18:27:58.307+0000] {processor.py:829} INFO - Processing file /home/airflow/.local/lib/python3.8/site-packages/airflow/example_dags/example_xcom.py for tasks to queue
[2025-08-19T18:27:58.311+0000] {logging_mixin.py:151} INFO - [2025-08-19T18:27:58.310+0000] {dagbag.py:536} INFO - Filling up the DagBag from /home/airflow/.local/lib/python3.8/site-packages/airflow/example_dags/example_xcom.py
[2025-08-19T18:27:58.323+0000] {processor.py:839} INFO - DAG(s) dict_keys(['example_xcom']) retrieved from /home/airflow/.local/lib/python3.8/site-packages/airflow/example_dags/example_xcom.py
[2025-08-19T18:27:58.371+0000] {logging_mixin.py:151} INFO - [2025-08-19T18:27:58.371+0000] {dag.py:2941} INFO - Sync 1 DAGs
[2025-08-19T18:27:58.409+0000] {logging_mixin.py:151} INFO - [2025-08-19T18:27:58.409+0000] {dag.py:3722} INFO - Setting next_dagrun for example_xcom to 2021-01-01T00:00:00+00:00, run_after=2021-01-01T00:00:00+00:00
[2025-08-19T18:27:58.444+0000] {processor.py:179} INFO - Processing /home/airflow/.local/lib/python3.8/site-packages/airflow/example_dags/example_xcom.py took 0.145 seconds
[2025-08-19T18:28:28.888+0000] {processor.py:157} INFO - Started process (PID=672) to work on /home/airflow/.local/lib/python3.8/site-packages/airflow/example_dags/example_xcom.py
[2025-08-19T18:28:28.892+0000] {processor.py:829} INFO - Processing file /home/airflow/.local/lib/python3.8/site-packages/airflow/example_dags/example_xcom.py for tasks to queue
[2025-08-19T18:28:28.897+0000] {logging_mixin.py:151} INFO - [2025-08-19T18:28:28.896+0000] {dagbag.py:536} INFO - Filling up the DagBag from /home/airflow/.local/lib/python3.8/site-packages/airflow/example_dags/example_xcom.py
[2025-08-19T18:28:28.916+0000] {processor.py:839} INFO - DAG(s) dict_keys(['example_xcom']) retrieved from /home/airflow/.local/lib/python3.8/site-packages/airflow/example_dags/example_xcom.py
[2025-08-19T18:28:28.974+0000] {logging_mixin.py:151} INFO - [2025-08-19T18:28:28.973+0000] {dag.py:2941} INFO - Sync 1 DAGs
[2025-08-19T18:28:29.038+0000] {logging_mixin.py:151} INFO - [2025-08-19T18:28:29.037+0000] {dag.py:3722} INFO - Setting next_dagrun for example_xcom to 2021-01-01T00:00:00+00:00, run_after=2021-01-01T00:00:00+00:00
[2025-08-19T18:28:29.100+0000] {processor.py:179} INFO - Processing /home/airflow/.local/lib/python3.8/site-packages/airflow/example_dags/example_xcom.py took 0.221 seconds
[2025-08-19T18:28:59.439+0000] {processor.py:157} INFO - Started process (PID=726) to work on /home/airflow/.local/lib/python3.8/site-packages/airflow/example_dags/example_xcom.py
[2025-08-19T18:28:59.440+0000] {processor.py:829} INFO - Processing file /home/airflow/.local/lib/python3.8/site-packages/airflow/example_dags/example_xcom.py for tasks to queue
[2025-08-19T18:28:59.443+0000] {logging_mixin.py:151} INFO - [2025-08-19T18:28:59.443+0000] {dagbag.py:536} INFO - Filling up the DagBag from /home/airflow/.local/lib/python3.8/site-packages/airflow/example_dags/example_xcom.py
[2025-08-19T18:28:59.451+0000] {processor.py:839} INFO - DAG(s) dict_keys(['example_xcom']) retrieved from /home/airflow/.local/lib/python3.8/site-packages/airflow/example_dags/example_xcom.py
[2025-08-19T18:28:59.477+0000] {logging_mixin.py:151} INFO - [2025-08-19T18:28:59.476+0000] {dag.py:2941} INFO - Sync 1 DAGs
[2025-08-19T18:28:59.499+0000] {logging_mixin.py:151} INFO - [2025-08-19T18:28:59.499+0000] {dag.py:3722} INFO - Setting next_dagrun for example_xcom to 2021-01-01T00:00:00+00:00, run_after=2021-01-01T00:00:00+00:00
[2025-08-19T18:28:59.525+0000] {processor.py:179} INFO - Processing /home/airflow/.local/lib/python3.8/site-packages/airflow/example_dags/example_xcom.py took 0.089 seconds
[2025-08-19T18:29:29.705+0000] {processor.py:157} INFO - Started process (PID=780) to work on /home/airflow/.local/lib/python3.8/site-packages/airflow/example_dags/example_xcom.py
[2025-08-19T18:29:29.707+0000] {processor.py:829} INFO - Processing file /home/airflow/.local/lib/python3.8/site-packages/airflow/example_dags/example_xcom.py for tasks to queue
[2025-08-19T18:29:29.710+0000] {logging_mixin.py:151} INFO - [2025-08-19T18:29:29.709+0000] {dagbag.py:536} INFO - Filling up the DagBag from /home/airflow/.local/lib/python3.8/site-packages/airflow/example_dags/example_xcom.py
[2025-08-19T18:29:29.724+0000] {processor.py:839} INFO - DAG(s) dict_keys(['example_xcom']) retrieved from /home/airflow/.local/lib/python3.8/site-packages/airflow/example_dags/example_xcom.py
[2025-08-19T18:29:29.754+0000] {logging_mixin.py:151} INFO - [2025-08-19T18:29:29.754+0000] {dag.py:2941} INFO - Sync 1 DAGs
[2025-08-19T18:29:29.785+0000] {logging_mixin.py:151} INFO - [2025-08-19T18:29:29.785+0000] {dag.py:3722} INFO - Setting next_dagrun for example_xcom to 2021-01-01T00:00:00+00:00, run_after=2021-01-01T00:00:00+00:00
[2025-08-19T18:29:29.812+0000] {processor.py:179} INFO - Processing /home/airflow/.local/lib/python3.8/site-packages/airflow/example_dags/example_xcom.py took 0.111 seconds
[2025-08-19T18:30:00.570+0000] {processor.py:157} INFO - Started process (PID=831) to work on /home/airflow/.local/lib/python3.8/site-packages/airflow/example_dags/example_xcom.py
[2025-08-19T18:30:00.572+0000] {processor.py:829} INFO - Processing file /home/airflow/.local/lib/python3.8/site-packages/airflow/example_dags/example_xcom.py for tasks to queue
[2025-08-19T18:30:00.577+0000] {logging_mixin.py:151} INFO - [2025-08-19T18:30:00.576+0000] {dagbag.py:536} INFO - Filling up the DagBag from /home/airflow/.local/lib/python3.8/site-packages/airflow/example_dags/example_xcom.py
[2025-08-19T18:30:00.590+0000] {processor.py:839} INFO - DAG(s) dict_keys(['example_xcom']) retrieved from /home/airflow/.local/lib/python3.8/site-packages/airflow/example_dags/example_xcom.py
[2025-08-19T18:30:00.630+0000] {logging_mixin.py:151} INFO - [2025-08-19T18:30:00.630+0000] {dag.py:2941} INFO - Sync 1 DAGs
[2025-08-19T18:30:00.946+0000] {logging_mixin.py:151} INFO - [2025-08-19T18:30:00.946+0000] {dag.py:3722} INFO - Setting next_dagrun for example_xcom to 2021-01-01T00:00:00+00:00, run_after=2021-01-01T00:00:00+00:00
[2025-08-19T18:30:00.982+0000] {processor.py:179} INFO - Processing /home/airflow/.local/lib/python3.8/site-packages/airflow/example_dags/example_xcom.py took 0.418 seconds
[2025-08-19T18:31:00.067+0000] {processor.py:157} INFO - Started process (PID=122) to work on /home/airflow/.local/lib/python3.8/site-packages/airflow/example_dags/example_xcom.py
[2025-08-19T18:31:00.070+0000] {processor.py:829} INFO - Processing file /home/airflow/.local/lib/python3.8/site-packages/airflow/example_dags/example_xcom.py for tasks to queue
[2025-08-19T18:31:00.075+0000] {logging_mixin.py:151} INFO - [2025-08-19T18:31:00.074+0000] {dagbag.py:536} INFO - Filling up the DagBag from /home/airflow/.local/lib/python3.8/site-packages/airflow/example_dags/example_xcom.py
[2025-08-19T18:31:00.091+0000] {processor.py:839} INFO - DAG(s) dict_keys(['example_xcom']) retrieved from /home/airflow/.local/lib/python3.8/site-packages/airflow/example_dags/example_xcom.py
[2025-08-19T18:31:00.139+0000] {logging_mixin.py:151} INFO - [2025-08-19T18:31:00.138+0000] {dag.py:2941} INFO - Sync 1 DAGs
[2025-08-19T18:31:00.184+0000] {logging_mixin.py:151} INFO - [2025-08-19T18:31:00.183+0000] {dag.py:3722} INFO - Setting next_dagrun for example_xcom to 2021-01-01T00:00:00+00:00, run_after=2021-01-01T00:00:00+00:00
[2025-08-19T18:31:00.268+0000] {processor.py:179} INFO - Processing /home/airflow/.local/lib/python3.8/site-packages/airflow/example_dags/example_xcom.py took 0.209 seconds
[2025-08-19T18:31:30.394+0000] {processor.py:157} INFO - Started process (PID=177) to work on /home/airflow/.local/lib/python3.8/site-packages/airflow/example_dags/example_xcom.py
[2025-08-19T18:31:30.396+0000] {processor.py:829} INFO - Processing file /home/airflow/.local/lib/python3.8/site-packages/airflow/example_dags/example_xcom.py for tasks to queue
[2025-08-19T18:31:30.400+0000] {logging_mixin.py:151} INFO - [2025-08-19T18:31:30.399+0000] {dagbag.py:536} INFO - Filling up the DagBag from /home/airflow/.local/lib/python3.8/site-packages/airflow/example_dags/example_xcom.py
[2025-08-19T18:31:30.415+0000] {processor.py:839} INFO - DAG(s) dict_keys(['example_xcom']) retrieved from /home/airflow/.local/lib/python3.8/site-packages/airflow/example_dags/example_xcom.py
[2025-08-19T18:31:30.462+0000] {logging_mixin.py:151} INFO - [2025-08-19T18:31:30.462+0000] {dag.py:2941} INFO - Sync 1 DAGs
[2025-08-19T18:31:30.494+0000] {logging_mixin.py:151} INFO - [2025-08-19T18:31:30.494+0000] {dag.py:3722} INFO - Setting next_dagrun for example_xcom to 2021-01-01T00:00:00+00:00, run_after=2021-01-01T00:00:00+00:00
[2025-08-19T18:31:30.528+0000] {processor.py:179} INFO - Processing /home/airflow/.local/lib/python3.8/site-packages/airflow/example_dags/example_xcom.py took 0.141 seconds
[2025-08-19T18:32:00.642+0000] {processor.py:157} INFO - Started process (PID=231) to work on /home/airflow/.local/lib/python3.8/site-packages/airflow/example_dags/example_xcom.py
[2025-08-19T18:32:00.648+0000] {processor.py:829} INFO - Processing file /home/airflow/.local/lib/python3.8/site-packages/airflow/example_dags/example_xcom.py for tasks to queue
[2025-08-19T18:32:00.653+0000] {logging_mixin.py:151} INFO - [2025-08-19T18:32:00.653+0000] {dagbag.py:536} INFO - Filling up the DagBag from /home/airflow/.local/lib/python3.8/site-packages/airflow/example_dags/example_xcom.py
[2025-08-19T18:32:00.666+0000] {processor.py:839} INFO - DAG(s) dict_keys(['example_xcom']) retrieved from /home/airflow/.local/lib/python3.8/site-packages/airflow/example_dags/example_xcom.py
[2025-08-19T18:32:00.700+0000] {logging_mixin.py:151} INFO - [2025-08-19T18:32:00.699+0000] {dag.py:2941} INFO - Sync 1 DAGs
[2025-08-19T18:32:00.731+0000] {logging_mixin.py:151} INFO - [2025-08-19T18:32:00.730+0000] {dag.py:3722} INFO - Setting next_dagrun for example_xcom to 2021-01-01T00:00:00+00:00, run_after=2021-01-01T00:00:00+00:00
[2025-08-19T18:32:00.756+0000] {processor.py:179} INFO - Processing /home/airflow/.local/lib/python3.8/site-packages/airflow/example_dags/example_xcom.py took 0.119 seconds
[2025-08-19T18:32:31.506+0000] {processor.py:157} INFO - Started process (PID=285) to work on /home/airflow/.local/lib/python3.8/site-packages/airflow/example_dags/example_xcom.py
[2025-08-19T18:32:31.508+0000] {processor.py:829} INFO - Processing file /home/airflow/.local/lib/python3.8/site-packages/airflow/example_dags/example_xcom.py for tasks to queue
[2025-08-19T18:32:31.513+0000] {logging_mixin.py:151} INFO - [2025-08-19T18:32:31.513+0000] {dagbag.py:536} INFO - Filling up the DagBag from /home/airflow/.local/lib/python3.8/site-packages/airflow/example_dags/example_xcom.py
[2025-08-19T18:32:31.523+0000] {processor.py:839} INFO - DAG(s) dict_keys(['example_xcom']) retrieved from /home/airflow/.local/lib/python3.8/site-packages/airflow/example_dags/example_xcom.py
[2025-08-19T18:32:31.557+0000] {logging_mixin.py:151} INFO - [2025-08-19T18:32:31.556+0000] {dag.py:2941} INFO - Sync 1 DAGs
[2025-08-19T18:32:31.583+0000] {logging_mixin.py:151} INFO - [2025-08-19T18:32:31.583+0000] {dag.py:3722} INFO - Setting next_dagrun for example_xcom to 2021-01-01T00:00:00+00:00, run_after=2021-01-01T00:00:00+00:00
[2025-08-19T18:32:31.612+0000] {processor.py:179} INFO - Processing /home/airflow/.local/lib/python3.8/site-packages/airflow/example_dags/example_xcom.py took 0.111 seconds
[2025-08-19T18:33:02.178+0000] {processor.py:157} INFO - Started process (PID=332) to work on /home/airflow/.local/lib/python3.8/site-packages/airflow/example_dags/example_xcom.py
[2025-08-19T18:33:02.180+0000] {processor.py:829} INFO - Processing file /home/airflow/.local/lib/python3.8/site-packages/airflow/example_dags/example_xcom.py for tasks to queue
[2025-08-19T18:33:02.190+0000] {logging_mixin.py:151} INFO - [2025-08-19T18:33:02.185+0000] {dagbag.py:536} INFO - Filling up the DagBag from /home/airflow/.local/lib/python3.8/site-packages/airflow/example_dags/example_xcom.py
[2025-08-19T18:33:02.221+0000] {processor.py:839} INFO - DAG(s) dict_keys(['example_xcom']) retrieved from /home/airflow/.local/lib/python3.8/site-packages/airflow/example_dags/example_xcom.py
[2025-08-19T18:33:02.310+0000] {logging_mixin.py:151} INFO - [2025-08-19T18:33:02.309+0000] {dag.py:2941} INFO - Sync 1 DAGs
[2025-08-19T18:33:02.363+0000] {logging_mixin.py:151} INFO - [2025-08-19T18:33:02.363+0000] {dag.py:3722} INFO - Setting next_dagrun for example_xcom to 2021-01-01T00:00:00+00:00, run_after=2021-01-01T00:00:00+00:00
[2025-08-19T18:33:02.401+0000] {processor.py:179} INFO - Processing /home/airflow/.local/lib/python3.8/site-packages/airflow/example_dags/example_xcom.py took 0.230 seconds
[2025-08-19T18:33:32.638+0000] {processor.py:157} INFO - Started process (PID=386) to work on /home/airflow/.local/lib/python3.8/site-packages/airflow/example_dags/example_xcom.py
[2025-08-19T18:33:32.641+0000] {processor.py:829} INFO - Processing file /home/airflow/.local/lib/python3.8/site-packages/airflow/example_dags/example_xcom.py for tasks to queue
[2025-08-19T18:33:32.644+0000] {logging_mixin.py:151} INFO - [2025-08-19T18:33:32.644+0000] {dagbag.py:536} INFO - Filling up the DagBag from /home/airflow/.local/lib/python3.8/site-packages/airflow/example_dags/example_xcom.py
[2025-08-19T18:33:32.656+0000] {processor.py:839} INFO - DAG(s) dict_keys(['example_xcom']) retrieved from /home/airflow/.local/lib/python3.8/site-packages/airflow/example_dags/example_xcom.py
[2025-08-19T18:33:32.699+0000] {logging_mixin.py:151} INFO - [2025-08-19T18:33:32.698+0000] {dag.py:2941} INFO - Sync 1 DAGs
[2025-08-19T18:33:32.737+0000] {logging_mixin.py:151} INFO - [2025-08-19T18:33:32.737+0000] {dag.py:3722} INFO - Setting next_dagrun for example_xcom to 2021-01-01T00:00:00+00:00, run_after=2021-01-01T00:00:00+00:00
[2025-08-19T18:33:32.769+0000] {processor.py:179} INFO - Processing /home/airflow/.local/lib/python3.8/site-packages/airflow/example_dags/example_xcom.py took 0.135 seconds
[2025-08-19T18:34:03.421+0000] {processor.py:157} INFO - Started process (PID=440) to work on /home/airflow/.local/lib/python3.8/site-packages/airflow/example_dags/example_xcom.py
[2025-08-19T18:34:03.422+0000] {processor.py:829} INFO - Processing file /home/airflow/.local/lib/python3.8/site-packages/airflow/example_dags/example_xcom.py for tasks to queue
[2025-08-19T18:34:03.426+0000] {logging_mixin.py:151} INFO - [2025-08-19T18:34:03.426+0000] {dagbag.py:536} INFO - Filling up the DagBag from /home/airflow/.local/lib/python3.8/site-packages/airflow/example_dags/example_xcom.py
[2025-08-19T18:34:03.437+0000] {processor.py:839} INFO - DAG(s) dict_keys(['example_xcom']) retrieved from /home/airflow/.local/lib/python3.8/site-packages/airflow/example_dags/example_xcom.py
[2025-08-19T18:34:03.477+0000] {logging_mixin.py:151} INFO - [2025-08-19T18:34:03.476+0000] {dag.py:2941} INFO - Sync 1 DAGs
[2025-08-19T18:34:03.513+0000] {logging_mixin.py:151} INFO - [2025-08-19T18:34:03.512+0000] {dag.py:3722} INFO - Setting next_dagrun for example_xcom to 2021-01-01T00:00:00+00:00, run_after=2021-01-01T00:00:00+00:00
[2025-08-19T18:34:03.544+0000] {processor.py:179} INFO - Processing /home/airflow/.local/lib/python3.8/site-packages/airflow/example_dags/example_xcom.py took 0.131 seconds
[2025-08-19T18:34:34.318+0000] {processor.py:157} INFO - Started process (PID=494) to work on /home/airflow/.local/lib/python3.8/site-packages/airflow/example_dags/example_xcom.py
[2025-08-19T18:34:34.320+0000] {processor.py:829} INFO - Processing file /home/airflow/.local/lib/python3.8/site-packages/airflow/example_dags/example_xcom.py for tasks to queue
[2025-08-19T18:34:34.323+0000] {logging_mixin.py:151} INFO - [2025-08-19T18:34:34.323+0000] {dagbag.py:536} INFO - Filling up the DagBag from /home/airflow/.local/lib/python3.8/site-packages/airflow/example_dags/example_xcom.py
[2025-08-19T18:34:34.337+0000] {processor.py:839} INFO - DAG(s) dict_keys(['example_xcom']) retrieved from /home/airflow/.local/lib/python3.8/site-packages/airflow/example_dags/example_xcom.py
[2025-08-19T18:34:34.382+0000] {logging_mixin.py:151} INFO - [2025-08-19T18:34:34.382+0000] {dag.py:2941} INFO - Sync 1 DAGs
[2025-08-19T18:34:34.422+0000] {logging_mixin.py:151} INFO - [2025-08-19T18:34:34.421+0000] {dag.py:3722} INFO - Setting next_dagrun for example_xcom to 2021-01-01T00:00:00+00:00, run_after=2021-01-01T00:00:00+00:00
[2025-08-19T18:34:34.465+0000] {processor.py:179} INFO - Processing /home/airflow/.local/lib/python3.8/site-packages/airflow/example_dags/example_xcom.py took 0.154 seconds
[2025-08-19T18:35:04.902+0000] {processor.py:157} INFO - Started process (PID=548) to work on /home/airflow/.local/lib/python3.8/site-packages/airflow/example_dags/example_xcom.py
[2025-08-19T18:35:04.904+0000] {processor.py:829} INFO - Processing file /home/airflow/.local/lib/python3.8/site-packages/airflow/example_dags/example_xcom.py for tasks to queue
[2025-08-19T18:35:04.909+0000] {logging_mixin.py:151} INFO - [2025-08-19T18:35:04.908+0000] {dagbag.py:536} INFO - Filling up the DagBag from /home/airflow/.local/lib/python3.8/site-packages/airflow/example_dags/example_xcom.py
[2025-08-19T18:35:04.928+0000] {processor.py:839} INFO - DAG(s) dict_keys(['example_xcom']) retrieved from /home/airflow/.local/lib/python3.8/site-packages/airflow/example_dags/example_xcom.py
[2025-08-19T18:35:04.971+0000] {logging_mixin.py:151} INFO - [2025-08-19T18:35:04.971+0000] {dag.py:2941} INFO - Sync 1 DAGs
[2025-08-19T18:35:05.014+0000] {logging_mixin.py:151} INFO - [2025-08-19T18:35:05.014+0000] {dag.py:3722} INFO - Setting next_dagrun for example_xcom to 2021-01-01T00:00:00+00:00, run_after=2021-01-01T00:00:00+00:00
[2025-08-19T18:35:05.047+0000] {processor.py:179} INFO - Processing /home/airflow/.local/lib/python3.8/site-packages/airflow/example_dags/example_xcom.py took 0.155 seconds
[2025-08-19T18:35:35.514+0000] {processor.py:157} INFO - Started process (PID=602) to work on /home/airflow/.local/lib/python3.8/site-packages/airflow/example_dags/example_xcom.py
[2025-08-19T18:35:35.515+0000] {processor.py:829} INFO - Processing file /home/airflow/.local/lib/python3.8/site-packages/airflow/example_dags/example_xcom.py for tasks to queue
[2025-08-19T18:35:35.519+0000] {logging_mixin.py:151} INFO - [2025-08-19T18:35:35.519+0000] {dagbag.py:536} INFO - Filling up the DagBag from /home/airflow/.local/lib/python3.8/site-packages/airflow/example_dags/example_xcom.py
[2025-08-19T18:35:35.530+0000] {processor.py:839} INFO - DAG(s) dict_keys(['example_xcom']) retrieved from /home/airflow/.local/lib/python3.8/site-packages/airflow/example_dags/example_xcom.py
[2025-08-19T18:35:35.563+0000] {logging_mixin.py:151} INFO - [2025-08-19T18:35:35.563+0000] {dag.py:2941} INFO - Sync 1 DAGs
[2025-08-19T18:35:35.596+0000] {logging_mixin.py:151} INFO - [2025-08-19T18:35:35.595+0000] {dag.py:3722} INFO - Setting next_dagrun for example_xcom to 2021-01-01T00:00:00+00:00, run_after=2021-01-01T00:00:00+00:00
[2025-08-19T18:35:35.630+0000] {processor.py:179} INFO - Processing /home/airflow/.local/lib/python3.8/site-packages/airflow/example_dags/example_xcom.py took 0.121 seconds
[2025-08-19T18:36:08.068+0000] {processor.py:157} INFO - Started process (PID=656) to work on /home/airflow/.local/lib/python3.8/site-packages/airflow/example_dags/example_xcom.py
[2025-08-19T18:36:08.072+0000] {processor.py:829} INFO - Processing file /home/airflow/.local/lib/python3.8/site-packages/airflow/example_dags/example_xcom.py for tasks to queue
[2025-08-19T18:36:08.090+0000] {logging_mixin.py:151} INFO - [2025-08-19T18:36:08.089+0000] {dagbag.py:536} INFO - Filling up the DagBag from /home/airflow/.local/lib/python3.8/site-packages/airflow/example_dags/example_xcom.py
[2025-08-19T18:36:08.119+0000] {processor.py:839} INFO - DAG(s) dict_keys(['example_xcom']) retrieved from /home/airflow/.local/lib/python3.8/site-packages/airflow/example_dags/example_xcom.py
[2025-08-19T18:36:08.209+0000] {logging_mixin.py:151} INFO - [2025-08-19T18:36:08.208+0000] {dag.py:2941} INFO - Sync 1 DAGs
[2025-08-19T18:36:08.315+0000] {logging_mixin.py:151} INFO - [2025-08-19T18:36:08.315+0000] {dag.py:3722} INFO - Setting next_dagrun for example_xcom to 2021-01-01T00:00:00+00:00, run_after=2021-01-01T00:00:00+00:00
[2025-08-19T18:36:08.406+0000] {processor.py:179} INFO - Processing /home/airflow/.local/lib/python3.8/site-packages/airflow/example_dags/example_xcom.py took 0.358 seconds
[2025-08-19T18:36:38.852+0000] {processor.py:157} INFO - Started process (PID=710) to work on /home/airflow/.local/lib/python3.8/site-packages/airflow/example_dags/example_xcom.py
[2025-08-19T18:36:38.854+0000] {processor.py:829} INFO - Processing file /home/airflow/.local/lib/python3.8/site-packages/airflow/example_dags/example_xcom.py for tasks to queue
[2025-08-19T18:36:38.859+0000] {logging_mixin.py:151} INFO - [2025-08-19T18:36:38.859+0000] {dagbag.py:536} INFO - Filling up the DagBag from /home/airflow/.local/lib/python3.8/site-packages/airflow/example_dags/example_xcom.py
[2025-08-19T18:36:38.874+0000] {processor.py:839} INFO - DAG(s) dict_keys(['example_xcom']) retrieved from /home/airflow/.local/lib/python3.8/site-packages/airflow/example_dags/example_xcom.py
[2025-08-19T18:36:38.909+0000] {logging_mixin.py:151} INFO - [2025-08-19T18:36:38.908+0000] {dag.py:2941} INFO - Sync 1 DAGs
[2025-08-19T18:36:38.938+0000] {logging_mixin.py:151} INFO - [2025-08-19T18:36:38.937+0000] {dag.py:3722} INFO - Setting next_dagrun for example_xcom to 2021-01-01T00:00:00+00:00, run_after=2021-01-01T00:00:00+00:00
[2025-08-19T18:36:38.964+0000] {processor.py:179} INFO - Processing /home/airflow/.local/lib/python3.8/site-packages/airflow/example_dags/example_xcom.py took 0.117 seconds
[2025-08-19T18:37:11.274+0000] {processor.py:157} INFO - Started process (PID=764) to work on /home/airflow/.local/lib/python3.8/site-packages/airflow/example_dags/example_xcom.py
[2025-08-19T18:37:11.276+0000] {processor.py:829} INFO - Processing file /home/airflow/.local/lib/python3.8/site-packages/airflow/example_dags/example_xcom.py for tasks to queue
[2025-08-19T18:37:11.289+0000] {logging_mixin.py:151} INFO - [2025-08-19T18:37:11.288+0000] {dagbag.py:536} INFO - Filling up the DagBag from /home/airflow/.local/lib/python3.8/site-packages/airflow/example_dags/example_xcom.py
[2025-08-19T18:37:11.318+0000] {processor.py:839} INFO - DAG(s) dict_keys(['example_xcom']) retrieved from /home/airflow/.local/lib/python3.8/site-packages/airflow/example_dags/example_xcom.py
[2025-08-19T18:37:11.374+0000] {logging_mixin.py:151} INFO - [2025-08-19T18:37:11.374+0000] {dag.py:2941} INFO - Sync 1 DAGs
[2025-08-19T18:37:11.442+0000] {logging_mixin.py:151} INFO - [2025-08-19T18:37:11.441+0000] {dag.py:3722} INFO - Setting next_dagrun for example_xcom to 2021-01-01T00:00:00+00:00, run_after=2021-01-01T00:00:00+00:00
[2025-08-19T18:37:11.495+0000] {processor.py:179} INFO - Processing /home/airflow/.local/lib/python3.8/site-packages/airflow/example_dags/example_xcom.py took 0.233 seconds
[2025-08-19T18:37:45.386+0000] {processor.py:157} INFO - Started process (PID=819) to work on /home/airflow/.local/lib/python3.8/site-packages/airflow/example_dags/example_xcom.py
[2025-08-19T18:37:45.388+0000] {processor.py:829} INFO - Processing file /home/airflow/.local/lib/python3.8/site-packages/airflow/example_dags/example_xcom.py for tasks to queue
[2025-08-19T18:37:45.393+0000] {logging_mixin.py:151} INFO - [2025-08-19T18:37:45.393+0000] {dagbag.py:536} INFO - Filling up the DagBag from /home/airflow/.local/lib/python3.8/site-packages/airflow/example_dags/example_xcom.py
[2025-08-19T18:37:45.411+0000] {processor.py:839} INFO - DAG(s) dict_keys(['example_xcom']) retrieved from /home/airflow/.local/lib/python3.8/site-packages/airflow/example_dags/example_xcom.py
[2025-08-19T18:37:45.456+0000] {logging_mixin.py:151} INFO - [2025-08-19T18:37:45.455+0000] {dag.py:2941} INFO - Sync 1 DAGs
[2025-08-19T18:37:45.492+0000] {logging_mixin.py:151} INFO - [2025-08-19T18:37:45.492+0000] {dag.py:3722} INFO - Setting next_dagrun for example_xcom to 2021-01-01T00:00:00+00:00, run_after=2021-01-01T00:00:00+00:00
[2025-08-19T18:37:45.533+0000] {processor.py:179} INFO - Processing /home/airflow/.local/lib/python3.8/site-packages/airflow/example_dags/example_xcom.py took 0.154 seconds
[2025-08-19T18:38:15.794+0000] {processor.py:157} INFO - Started process (PID=873) to work on /home/airflow/.local/lib/python3.8/site-packages/airflow/example_dags/example_xcom.py
[2025-08-19T18:38:15.795+0000] {processor.py:829} INFO - Processing file /home/airflow/.local/lib/python3.8/site-packages/airflow/example_dags/example_xcom.py for tasks to queue
[2025-08-19T18:38:15.799+0000] {logging_mixin.py:151} INFO - [2025-08-19T18:38:15.798+0000] {dagbag.py:536} INFO - Filling up the DagBag from /home/airflow/.local/lib/python3.8/site-packages/airflow/example_dags/example_xcom.py
[2025-08-19T18:38:15.808+0000] {processor.py:839} INFO - DAG(s) dict_keys(['example_xcom']) retrieved from /home/airflow/.local/lib/python3.8/site-packages/airflow/example_dags/example_xcom.py
[2025-08-19T18:38:15.840+0000] {logging_mixin.py:151} INFO - [2025-08-19T18:38:15.840+0000] {dag.py:2941} INFO - Sync 1 DAGs
[2025-08-19T18:38:15.869+0000] {logging_mixin.py:151} INFO - [2025-08-19T18:38:15.869+0000] {dag.py:3722} INFO - Setting next_dagrun for example_xcom to 2021-01-01T00:00:00+00:00, run_after=2021-01-01T00:00:00+00:00
[2025-08-19T18:38:15.902+0000] {processor.py:179} INFO - Processing /home/airflow/.local/lib/python3.8/site-packages/airflow/example_dags/example_xcom.py took 0.113 seconds
[2025-08-19T18:38:46.605+0000] {processor.py:157} INFO - Started process (PID=927) to work on /home/airflow/.local/lib/python3.8/site-packages/airflow/example_dags/example_xcom.py
[2025-08-19T18:38:46.610+0000] {processor.py:829} INFO - Processing file /home/airflow/.local/lib/python3.8/site-packages/airflow/example_dags/example_xcom.py for tasks to queue
[2025-08-19T18:38:46.613+0000] {logging_mixin.py:151} INFO - [2025-08-19T18:38:46.613+0000] {dagbag.py:536} INFO - Filling up the DagBag from /home/airflow/.local/lib/python3.8/site-packages/airflow/example_dags/example_xcom.py
[2025-08-19T18:38:46.624+0000] {processor.py:839} INFO - DAG(s) dict_keys(['example_xcom']) retrieved from /home/airflow/.local/lib/python3.8/site-packages/airflow/example_dags/example_xcom.py
[2025-08-19T18:38:46.655+0000] {logging_mixin.py:151} INFO - [2025-08-19T18:38:46.655+0000] {dag.py:2941} INFO - Sync 1 DAGs
[2025-08-19T18:38:46.688+0000] {logging_mixin.py:151} INFO - [2025-08-19T18:38:46.688+0000] {dag.py:3722} INFO - Setting next_dagrun for example_xcom to 2021-01-01T00:00:00+00:00, run_after=2021-01-01T00:00:00+00:00
[2025-08-19T18:38:46.717+0000] {processor.py:179} INFO - Processing /home/airflow/.local/lib/python3.8/site-packages/airflow/example_dags/example_xcom.py took 0.118 seconds
[2025-08-19T18:39:17.241+0000] {processor.py:157} INFO - Started process (PID=981) to work on /home/airflow/.local/lib/python3.8/site-packages/airflow/example_dags/example_xcom.py
[2025-08-19T18:39:17.243+0000] {processor.py:829} INFO - Processing file /home/airflow/.local/lib/python3.8/site-packages/airflow/example_dags/example_xcom.py for tasks to queue
[2025-08-19T18:39:17.246+0000] {logging_mixin.py:151} INFO - [2025-08-19T18:39:17.246+0000] {dagbag.py:536} INFO - Filling up the DagBag from /home/airflow/.local/lib/python3.8/site-packages/airflow/example_dags/example_xcom.py
[2025-08-19T18:39:17.256+0000] {processor.py:839} INFO - DAG(s) dict_keys(['example_xcom']) retrieved from /home/airflow/.local/lib/python3.8/site-packages/airflow/example_dags/example_xcom.py
[2025-08-19T18:39:17.289+0000] {logging_mixin.py:151} INFO - [2025-08-19T18:39:17.288+0000] {dag.py:2941} INFO - Sync 1 DAGs
[2025-08-19T18:39:17.318+0000] {logging_mixin.py:151} INFO - [2025-08-19T18:39:17.317+0000] {dag.py:3722} INFO - Setting next_dagrun for example_xcom to 2021-01-01T00:00:00+00:00, run_after=2021-01-01T00:00:00+00:00
[2025-08-19T18:39:17.342+0000] {processor.py:179} INFO - Processing /home/airflow/.local/lib/python3.8/site-packages/airflow/example_dags/example_xcom.py took 0.107 seconds
