[2025-08-19T18:23:07.850+0000] {processor.py:157} INFO - Started process (PID=120) to work on /home/airflow/.local/lib/python3.8/site-packages/airflow/example_dags/example_setup_teardown.py
[2025-08-19T18:23:07.865+0000] {processor.py:829} INFO - Processing file /home/airflow/.local/lib/python3.8/site-packages/airflow/example_dags/example_setup_teardown.py for tasks to queue
[2025-08-19T18:23:07.895+0000] {logging_mixin.py:151} INFO - [2025-08-19T18:23:07.894+0000] {dagbag.py:536} INFO - Filling up the DagBag from /home/airflow/.local/lib/python3.8/site-packages/airflow/example_dags/example_setup_teardown.py
[2025-08-19T18:23:08.119+0000] {processor.py:839} INFO - DAG(s) dict_keys(['example_setup_teardown']) retrieved from /home/airflow/.local/lib/python3.8/site-packages/airflow/example_dags/example_setup_teardown.py
[2025-08-19T18:23:08.602+0000] {logging_mixin.py:151} INFO - [2025-08-19T18:23:08.601+0000] {dag.py:2941} INFO - Sync 1 DAGs
[2025-08-19T18:23:08.923+0000] {logging_mixin.py:151} INFO - [2025-08-19T18:23:08.922+0000] {dag.py:3722} INFO - Setting next_dagrun for example_setup_teardown to 2025-08-18T18:23:08.921368+00:00, run_after=2025-08-19T18:23:08.921368+00:00
[2025-08-19T18:23:09.011+0000] {processor.py:179} INFO - Processing /home/airflow/.local/lib/python3.8/site-packages/airflow/example_dags/example_setup_teardown.py took 1.209 seconds
[2025-08-19T18:23:39.387+0000] {processor.py:157} INFO - Started process (PID=174) to work on /home/airflow/.local/lib/python3.8/site-packages/airflow/example_dags/example_setup_teardown.py
[2025-08-19T18:23:39.389+0000] {processor.py:829} INFO - Processing file /home/airflow/.local/lib/python3.8/site-packages/airflow/example_dags/example_setup_teardown.py for tasks to queue
[2025-08-19T18:23:39.392+0000] {logging_mixin.py:151} INFO - [2025-08-19T18:23:39.392+0000] {dagbag.py:536} INFO - Filling up the DagBag from /home/airflow/.local/lib/python3.8/site-packages/airflow/example_dags/example_setup_teardown.py
[2025-08-19T18:23:39.402+0000] {processor.py:839} INFO - DAG(s) dict_keys(['example_setup_teardown']) retrieved from /home/airflow/.local/lib/python3.8/site-packages/airflow/example_dags/example_setup_teardown.py
[2025-08-19T18:23:39.439+0000] {logging_mixin.py:151} INFO - [2025-08-19T18:23:39.438+0000] {dag.py:2941} INFO - Sync 1 DAGs
[2025-08-19T18:23:39.478+0000] {logging_mixin.py:151} INFO - [2025-08-19T18:23:39.478+0000] {dag.py:3722} INFO - Setting next_dagrun for example_setup_teardown to 2025-08-18T18:23:39.478085+00:00, run_after=2025-08-19T18:23:39.478085+00:00
[2025-08-19T18:23:39.513+0000] {processor.py:179} INFO - Processing /home/airflow/.local/lib/python3.8/site-packages/airflow/example_dags/example_setup_teardown.py took 0.131 seconds
[2025-08-19T18:24:09.796+0000] {processor.py:157} INFO - Started process (PID=228) to work on /home/airflow/.local/lib/python3.8/site-packages/airflow/example_dags/example_setup_teardown.py
[2025-08-19T18:24:09.801+0000] {processor.py:829} INFO - Processing file /home/airflow/.local/lib/python3.8/site-packages/airflow/example_dags/example_setup_teardown.py for tasks to queue
[2025-08-19T18:24:09.805+0000] {logging_mixin.py:151} INFO - [2025-08-19T18:24:09.804+0000] {dagbag.py:536} INFO - Filling up the DagBag from /home/airflow/.local/lib/python3.8/site-packages/airflow/example_dags/example_setup_teardown.py
[2025-08-19T18:24:09.817+0000] {processor.py:839} INFO - DAG(s) dict_keys(['example_setup_teardown']) retrieved from /home/airflow/.local/lib/python3.8/site-packages/airflow/example_dags/example_setup_teardown.py
[2025-08-19T18:24:09.854+0000] {logging_mixin.py:151} INFO - [2025-08-19T18:24:09.854+0000] {dag.py:2941} INFO - Sync 1 DAGs
[2025-08-19T18:24:09.891+0000] {logging_mixin.py:151} INFO - [2025-08-19T18:24:09.890+0000] {dag.py:3722} INFO - Setting next_dagrun for example_setup_teardown to 2025-08-18T18:24:09.890563+00:00, run_after=2025-08-19T18:24:09.890563+00:00
[2025-08-19T18:24:09.934+0000] {processor.py:179} INFO - Processing /home/airflow/.local/lib/python3.8/site-packages/airflow/example_dags/example_setup_teardown.py took 0.143 seconds
[2025-08-19T18:24:45.165+0000] {processor.py:157} INFO - Started process (PID=282) to work on /home/airflow/.local/lib/python3.8/site-packages/airflow/example_dags/example_setup_teardown.py
[2025-08-19T18:24:45.167+0000] {processor.py:829} INFO - Processing file /home/airflow/.local/lib/python3.8/site-packages/airflow/example_dags/example_setup_teardown.py for tasks to queue
[2025-08-19T18:24:45.182+0000] {logging_mixin.py:151} INFO - [2025-08-19T18:24:45.181+0000] {dagbag.py:536} INFO - Filling up the DagBag from /home/airflow/.local/lib/python3.8/site-packages/airflow/example_dags/example_setup_teardown.py
[2025-08-19T18:24:45.203+0000] {processor.py:839} INFO - DAG(s) dict_keys(['example_setup_teardown']) retrieved from /home/airflow/.local/lib/python3.8/site-packages/airflow/example_dags/example_setup_teardown.py
[2025-08-19T18:24:45.285+0000] {logging_mixin.py:151} INFO - [2025-08-19T18:24:45.284+0000] {dag.py:2941} INFO - Sync 1 DAGs
[2025-08-19T18:24:45.361+0000] {logging_mixin.py:151} INFO - [2025-08-19T18:24:45.361+0000] {dag.py:3722} INFO - Setting next_dagrun for example_setup_teardown to 2025-08-18T18:24:45.360734+00:00, run_after=2025-08-19T18:24:45.360734+00:00
[2025-08-19T18:24:45.429+0000] {processor.py:179} INFO - Processing /home/airflow/.local/lib/python3.8/site-packages/airflow/example_dags/example_setup_teardown.py took 0.279 seconds
[2025-08-19T18:25:15.501+0000] {processor.py:157} INFO - Started process (PID=336) to work on /home/airflow/.local/lib/python3.8/site-packages/airflow/example_dags/example_setup_teardown.py
[2025-08-19T18:25:15.505+0000] {processor.py:829} INFO - Processing file /home/airflow/.local/lib/python3.8/site-packages/airflow/example_dags/example_setup_teardown.py for tasks to queue
[2025-08-19T18:25:15.510+0000] {logging_mixin.py:151} INFO - [2025-08-19T18:25:15.509+0000] {dagbag.py:536} INFO - Filling up the DagBag from /home/airflow/.local/lib/python3.8/site-packages/airflow/example_dags/example_setup_teardown.py
[2025-08-19T18:25:15.528+0000] {processor.py:839} INFO - DAG(s) dict_keys(['example_setup_teardown']) retrieved from /home/airflow/.local/lib/python3.8/site-packages/airflow/example_dags/example_setup_teardown.py
[2025-08-19T18:25:15.576+0000] {logging_mixin.py:151} INFO - [2025-08-19T18:25:15.576+0000] {dag.py:2941} INFO - Sync 1 DAGs
[2025-08-19T18:25:15.633+0000] {logging_mixin.py:151} INFO - [2025-08-19T18:25:15.632+0000] {dag.py:3722} INFO - Setting next_dagrun for example_setup_teardown to 2025-08-18T18:25:15.632427+00:00, run_after=2025-08-19T18:25:15.632427+00:00
[2025-08-19T18:25:15.679+0000] {processor.py:179} INFO - Processing /home/airflow/.local/lib/python3.8/site-packages/airflow/example_dags/example_setup_teardown.py took 0.184 seconds
[2025-08-19T18:25:46.222+0000] {processor.py:157} INFO - Started process (PID=390) to work on /home/airflow/.local/lib/python3.8/site-packages/airflow/example_dags/example_setup_teardown.py
[2025-08-19T18:25:46.225+0000] {processor.py:829} INFO - Processing file /home/airflow/.local/lib/python3.8/site-packages/airflow/example_dags/example_setup_teardown.py for tasks to queue
[2025-08-19T18:25:46.235+0000] {logging_mixin.py:151} INFO - [2025-08-19T18:25:46.234+0000] {dagbag.py:536} INFO - Filling up the DagBag from /home/airflow/.local/lib/python3.8/site-packages/airflow/example_dags/example_setup_teardown.py
[2025-08-19T18:25:46.251+0000] {processor.py:839} INFO - DAG(s) dict_keys(['example_setup_teardown']) retrieved from /home/airflow/.local/lib/python3.8/site-packages/airflow/example_dags/example_setup_teardown.py
[2025-08-19T18:25:46.309+0000] {logging_mixin.py:151} INFO - [2025-08-19T18:25:46.308+0000] {dag.py:2941} INFO - Sync 1 DAGs
[2025-08-19T18:25:46.402+0000] {logging_mixin.py:151} INFO - [2025-08-19T18:25:46.401+0000] {dag.py:3722} INFO - Setting next_dagrun for example_setup_teardown to 2025-08-18T18:25:46.400654+00:00, run_after=2025-08-19T18:25:46.400654+00:00
[2025-08-19T18:25:46.471+0000] {processor.py:179} INFO - Processing /home/airflow/.local/lib/python3.8/site-packages/airflow/example_dags/example_setup_teardown.py took 0.265 seconds
[2025-08-19T18:26:20.365+0000] {processor.py:157} INFO - Started process (PID=445) to work on /home/airflow/.local/lib/python3.8/site-packages/airflow/example_dags/example_setup_teardown.py
[2025-08-19T18:26:20.371+0000] {processor.py:829} INFO - Processing file /home/airflow/.local/lib/python3.8/site-packages/airflow/example_dags/example_setup_teardown.py for tasks to queue
[2025-08-19T18:26:20.382+0000] {logging_mixin.py:151} INFO - [2025-08-19T18:26:20.382+0000] {dagbag.py:536} INFO - Filling up the DagBag from /home/airflow/.local/lib/python3.8/site-packages/airflow/example_dags/example_setup_teardown.py
[2025-08-19T18:26:20.419+0000] {processor.py:839} INFO - DAG(s) dict_keys(['example_setup_teardown']) retrieved from /home/airflow/.local/lib/python3.8/site-packages/airflow/example_dags/example_setup_teardown.py
[2025-08-19T18:26:20.568+0000] {logging_mixin.py:151} INFO - [2025-08-19T18:26:20.567+0000] {dag.py:2941} INFO - Sync 1 DAGs
[2025-08-19T18:26:20.719+0000] {logging_mixin.py:151} INFO - [2025-08-19T18:26:20.717+0000] {dag.py:3722} INFO - Setting next_dagrun for example_setup_teardown to 2025-08-18T18:26:20.715841+00:00, run_after=2025-08-19T18:26:20.715841+00:00
[2025-08-19T18:26:21.299+0000] {processor.py:179} INFO - Processing /home/airflow/.local/lib/python3.8/site-packages/airflow/example_dags/example_setup_teardown.py took 0.955 seconds
[2025-08-19T18:26:52.417+0000] {processor.py:157} INFO - Started process (PID=499) to work on /home/airflow/.local/lib/python3.8/site-packages/airflow/example_dags/example_setup_teardown.py
[2025-08-19T18:26:52.419+0000] {processor.py:829} INFO - Processing file /home/airflow/.local/lib/python3.8/site-packages/airflow/example_dags/example_setup_teardown.py for tasks to queue
[2025-08-19T18:26:52.433+0000] {logging_mixin.py:151} INFO - [2025-08-19T18:26:52.423+0000] {dagbag.py:536} INFO - Filling up the DagBag from /home/airflow/.local/lib/python3.8/site-packages/airflow/example_dags/example_setup_teardown.py
[2025-08-19T18:26:52.468+0000] {processor.py:839} INFO - DAG(s) dict_keys(['example_setup_teardown']) retrieved from /home/airflow/.local/lib/python3.8/site-packages/airflow/example_dags/example_setup_teardown.py
[2025-08-19T18:26:52.689+0000] {logging_mixin.py:151} INFO - [2025-08-19T18:26:52.688+0000] {dag.py:2941} INFO - Sync 1 DAGs
[2025-08-19T18:26:52.840+0000] {logging_mixin.py:151} INFO - [2025-08-19T18:26:52.840+0000] {dag.py:3722} INFO - Setting next_dagrun for example_setup_teardown to 2025-08-18T18:26:52.839731+00:00, run_after=2025-08-19T18:26:52.839731+00:00
[2025-08-19T18:26:52.926+0000] {processor.py:179} INFO - Processing /home/airflow/.local/lib/python3.8/site-packages/airflow/example_dags/example_setup_teardown.py took 0.534 seconds
[2025-08-19T18:27:23.308+0000] {processor.py:157} INFO - Started process (PID=553) to work on /home/airflow/.local/lib/python3.8/site-packages/airflow/example_dags/example_setup_teardown.py
[2025-08-19T18:27:23.310+0000] {processor.py:829} INFO - Processing file /home/airflow/.local/lib/python3.8/site-packages/airflow/example_dags/example_setup_teardown.py for tasks to queue
[2025-08-19T18:27:23.314+0000] {logging_mixin.py:151} INFO - [2025-08-19T18:27:23.313+0000] {dagbag.py:536} INFO - Filling up the DagBag from /home/airflow/.local/lib/python3.8/site-packages/airflow/example_dags/example_setup_teardown.py
[2025-08-19T18:27:23.325+0000] {processor.py:839} INFO - DAG(s) dict_keys(['example_setup_teardown']) retrieved from /home/airflow/.local/lib/python3.8/site-packages/airflow/example_dags/example_setup_teardown.py
[2025-08-19T18:27:23.361+0000] {logging_mixin.py:151} INFO - [2025-08-19T18:27:23.361+0000] {dag.py:2941} INFO - Sync 1 DAGs
[2025-08-19T18:27:23.400+0000] {logging_mixin.py:151} INFO - [2025-08-19T18:27:23.400+0000] {dag.py:3722} INFO - Setting next_dagrun for example_setup_teardown to 2025-08-18T18:27:23.399768+00:00, run_after=2025-08-19T18:27:23.399768+00:00
[2025-08-19T18:27:23.437+0000] {processor.py:179} INFO - Processing /home/airflow/.local/lib/python3.8/site-packages/airflow/example_dags/example_setup_teardown.py took 0.139 seconds
[2025-08-19T18:27:54.152+0000] {processor.py:157} INFO - Started process (PID=607) to work on /home/airflow/.local/lib/python3.8/site-packages/airflow/example_dags/example_setup_teardown.py
[2025-08-19T18:27:54.153+0000] {processor.py:829} INFO - Processing file /home/airflow/.local/lib/python3.8/site-packages/airflow/example_dags/example_setup_teardown.py for tasks to queue
[2025-08-19T18:27:54.155+0000] {logging_mixin.py:151} INFO - [2025-08-19T18:27:54.155+0000] {dagbag.py:536} INFO - Filling up the DagBag from /home/airflow/.local/lib/python3.8/site-packages/airflow/example_dags/example_setup_teardown.py
[2025-08-19T18:27:54.166+0000] {processor.py:839} INFO - DAG(s) dict_keys(['example_setup_teardown']) retrieved from /home/airflow/.local/lib/python3.8/site-packages/airflow/example_dags/example_setup_teardown.py
[2025-08-19T18:27:54.197+0000] {logging_mixin.py:151} INFO - [2025-08-19T18:27:54.197+0000] {dag.py:2941} INFO - Sync 1 DAGs
[2025-08-19T18:27:54.227+0000] {logging_mixin.py:151} INFO - [2025-08-19T18:27:54.226+0000] {dag.py:3722} INFO - Setting next_dagrun for example_setup_teardown to 2025-08-18T18:27:54.226615+00:00, run_after=2025-08-19T18:27:54.226615+00:00
[2025-08-19T18:27:54.264+0000] {processor.py:179} INFO - Processing /home/airflow/.local/lib/python3.8/site-packages/airflow/example_dags/example_setup_teardown.py took 0.116 seconds
[2025-08-19T18:28:24.828+0000] {processor.py:157} INFO - Started process (PID=659) to work on /home/airflow/.local/lib/python3.8/site-packages/airflow/example_dags/example_setup_teardown.py
[2025-08-19T18:28:24.830+0000] {processor.py:829} INFO - Processing file /home/airflow/.local/lib/python3.8/site-packages/airflow/example_dags/example_setup_teardown.py for tasks to queue
[2025-08-19T18:28:24.833+0000] {logging_mixin.py:151} INFO - [2025-08-19T18:28:24.833+0000] {dagbag.py:536} INFO - Filling up the DagBag from /home/airflow/.local/lib/python3.8/site-packages/airflow/example_dags/example_setup_teardown.py
[2025-08-19T18:28:24.842+0000] {processor.py:839} INFO - DAG(s) dict_keys(['example_setup_teardown']) retrieved from /home/airflow/.local/lib/python3.8/site-packages/airflow/example_dags/example_setup_teardown.py
[2025-08-19T18:28:24.870+0000] {logging_mixin.py:151} INFO - [2025-08-19T18:28:24.870+0000] {dag.py:2941} INFO - Sync 1 DAGs
[2025-08-19T18:28:24.907+0000] {logging_mixin.py:151} INFO - [2025-08-19T18:28:24.907+0000] {dag.py:3722} INFO - Setting next_dagrun for example_setup_teardown to 2025-08-18T18:28:24.906659+00:00, run_after=2025-08-19T18:28:24.906659+00:00
[2025-08-19T18:28:24.937+0000] {processor.py:179} INFO - Processing /home/airflow/.local/lib/python3.8/site-packages/airflow/example_dags/example_setup_teardown.py took 0.114 seconds
[2025-08-19T18:28:55.506+0000] {processor.py:157} INFO - Started process (PID=706) to work on /home/airflow/.local/lib/python3.8/site-packages/airflow/example_dags/example_setup_teardown.py
[2025-08-19T18:28:55.507+0000] {processor.py:829} INFO - Processing file /home/airflow/.local/lib/python3.8/site-packages/airflow/example_dags/example_setup_teardown.py for tasks to queue
[2025-08-19T18:28:55.511+0000] {logging_mixin.py:151} INFO - [2025-08-19T18:28:55.510+0000] {dagbag.py:536} INFO - Filling up the DagBag from /home/airflow/.local/lib/python3.8/site-packages/airflow/example_dags/example_setup_teardown.py
[2025-08-19T18:28:55.520+0000] {processor.py:839} INFO - DAG(s) dict_keys(['example_setup_teardown']) retrieved from /home/airflow/.local/lib/python3.8/site-packages/airflow/example_dags/example_setup_teardown.py
[2025-08-19T18:28:55.579+0000] {logging_mixin.py:151} INFO - [2025-08-19T18:28:55.579+0000] {dag.py:2941} INFO - Sync 1 DAGs
[2025-08-19T18:28:55.640+0000] {logging_mixin.py:151} INFO - [2025-08-19T18:28:55.640+0000] {dag.py:3722} INFO - Setting next_dagrun for example_setup_teardown to 2025-08-18T18:28:55.639465+00:00, run_after=2025-08-19T18:28:55.639465+00:00
[2025-08-19T18:28:55.692+0000] {processor.py:179} INFO - Processing /home/airflow/.local/lib/python3.8/site-packages/airflow/example_dags/example_setup_teardown.py took 0.190 seconds
[2025-08-19T18:29:25.744+0000] {processor.py:157} INFO - Started process (PID=760) to work on /home/airflow/.local/lib/python3.8/site-packages/airflow/example_dags/example_setup_teardown.py
[2025-08-19T18:29:25.746+0000] {processor.py:829} INFO - Processing file /home/airflow/.local/lib/python3.8/site-packages/airflow/example_dags/example_setup_teardown.py for tasks to queue
[2025-08-19T18:29:25.749+0000] {logging_mixin.py:151} INFO - [2025-08-19T18:29:25.749+0000] {dagbag.py:536} INFO - Filling up the DagBag from /home/airflow/.local/lib/python3.8/site-packages/airflow/example_dags/example_setup_teardown.py
[2025-08-19T18:29:25.761+0000] {processor.py:839} INFO - DAG(s) dict_keys(['example_setup_teardown']) retrieved from /home/airflow/.local/lib/python3.8/site-packages/airflow/example_dags/example_setup_teardown.py
[2025-08-19T18:29:25.798+0000] {logging_mixin.py:151} INFO - [2025-08-19T18:29:25.798+0000] {dag.py:2941} INFO - Sync 1 DAGs
[2025-08-19T18:29:25.834+0000] {logging_mixin.py:151} INFO - [2025-08-19T18:29:25.834+0000] {dag.py:3722} INFO - Setting next_dagrun for example_setup_teardown to 2025-08-18T18:29:25.834073+00:00, run_after=2025-08-19T18:29:25.834073+00:00
[2025-08-19T18:29:25.866+0000] {processor.py:179} INFO - Processing /home/airflow/.local/lib/python3.8/site-packages/airflow/example_dags/example_setup_teardown.py took 0.132 seconds
[2025-08-19T18:29:57.128+0000] {processor.py:157} INFO - Started process (PID=814) to work on /home/airflow/.local/lib/python3.8/site-packages/airflow/example_dags/example_setup_teardown.py
[2025-08-19T18:29:57.132+0000] {processor.py:829} INFO - Processing file /home/airflow/.local/lib/python3.8/site-packages/airflow/example_dags/example_setup_teardown.py for tasks to queue
[2025-08-19T18:29:57.142+0000] {logging_mixin.py:151} INFO - [2025-08-19T18:29:57.141+0000] {dagbag.py:536} INFO - Filling up the DagBag from /home/airflow/.local/lib/python3.8/site-packages/airflow/example_dags/example_setup_teardown.py
[2025-08-19T18:29:57.162+0000] {processor.py:839} INFO - DAG(s) dict_keys(['example_setup_teardown']) retrieved from /home/airflow/.local/lib/python3.8/site-packages/airflow/example_dags/example_setup_teardown.py
[2025-08-19T18:29:57.233+0000] {logging_mixin.py:151} INFO - [2025-08-19T18:29:57.232+0000] {dag.py:2941} INFO - Sync 1 DAGs
[2025-08-19T18:29:57.485+0000] {logging_mixin.py:151} INFO - [2025-08-19T18:29:57.484+0000] {dag.py:3722} INFO - Setting next_dagrun for example_setup_teardown to 2025-08-18T18:29:57.483522+00:00, run_after=2025-08-19T18:29:57.483522+00:00
[2025-08-19T18:29:58.136+0000] {processor.py:179} INFO - Processing /home/airflow/.local/lib/python3.8/site-packages/airflow/example_dags/example_setup_teardown.py took 1.018 seconds
[2025-08-19T18:30:57.743+0000] {processor.py:157} INFO - Started process (PID=111) to work on /home/airflow/.local/lib/python3.8/site-packages/airflow/example_dags/example_setup_teardown.py
[2025-08-19T18:30:57.750+0000] {processor.py:829} INFO - Processing file /home/airflow/.local/lib/python3.8/site-packages/airflow/example_dags/example_setup_teardown.py for tasks to queue
[2025-08-19T18:30:57.757+0000] {logging_mixin.py:151} INFO - [2025-08-19T18:30:57.756+0000] {dagbag.py:536} INFO - Filling up the DagBag from /home/airflow/.local/lib/python3.8/site-packages/airflow/example_dags/example_setup_teardown.py
[2025-08-19T18:30:57.811+0000] {processor.py:839} INFO - DAG(s) dict_keys(['example_setup_teardown']) retrieved from /home/airflow/.local/lib/python3.8/site-packages/airflow/example_dags/example_setup_teardown.py
[2025-08-19T18:30:57.912+0000] {logging_mixin.py:151} INFO - [2025-08-19T18:30:57.911+0000] {dag.py:2941} INFO - Sync 1 DAGs
[2025-08-19T18:30:58.026+0000] {logging_mixin.py:151} INFO - [2025-08-19T18:30:58.026+0000] {dag.py:3722} INFO - Setting next_dagrun for example_setup_teardown to 2025-08-18T18:30:58.025032+00:00, run_after=2025-08-19T18:30:58.025032+00:00
[2025-08-19T18:30:58.121+0000] {processor.py:179} INFO - Processing /home/airflow/.local/lib/python3.8/site-packages/airflow/example_dags/example_setup_teardown.py took 0.399 seconds
[2025-08-19T18:31:28.691+0000] {processor.py:157} INFO - Started process (PID=166) to work on /home/airflow/.local/lib/python3.8/site-packages/airflow/example_dags/example_setup_teardown.py
[2025-08-19T18:31:28.694+0000] {processor.py:829} INFO - Processing file /home/airflow/.local/lib/python3.8/site-packages/airflow/example_dags/example_setup_teardown.py for tasks to queue
[2025-08-19T18:31:28.701+0000] {logging_mixin.py:151} INFO - [2025-08-19T18:31:28.700+0000] {dagbag.py:536} INFO - Filling up the DagBag from /home/airflow/.local/lib/python3.8/site-packages/airflow/example_dags/example_setup_teardown.py
[2025-08-19T18:31:28.722+0000] {processor.py:839} INFO - DAG(s) dict_keys(['example_setup_teardown']) retrieved from /home/airflow/.local/lib/python3.8/site-packages/airflow/example_dags/example_setup_teardown.py
[2025-08-19T18:31:28.788+0000] {logging_mixin.py:151} INFO - [2025-08-19T18:31:28.787+0000] {dag.py:2941} INFO - Sync 1 DAGs
[2025-08-19T18:31:28.839+0000] {logging_mixin.py:151} INFO - [2025-08-19T18:31:28.838+0000] {dag.py:3722} INFO - Setting next_dagrun for example_setup_teardown to 2025-08-18T18:31:28.837673+00:00, run_after=2025-08-19T18:31:28.837673+00:00
[2025-08-19T18:31:28.880+0000] {processor.py:179} INFO - Processing /home/airflow/.local/lib/python3.8/site-packages/airflow/example_dags/example_setup_teardown.py took 0.198 seconds
[2025-08-19T18:31:59.447+0000] {processor.py:157} INFO - Started process (PID=220) to work on /home/airflow/.local/lib/python3.8/site-packages/airflow/example_dags/example_setup_teardown.py
[2025-08-19T18:31:59.450+0000] {processor.py:829} INFO - Processing file /home/airflow/.local/lib/python3.8/site-packages/airflow/example_dags/example_setup_teardown.py for tasks to queue
[2025-08-19T18:31:59.454+0000] {logging_mixin.py:151} INFO - [2025-08-19T18:31:59.454+0000] {dagbag.py:536} INFO - Filling up the DagBag from /home/airflow/.local/lib/python3.8/site-packages/airflow/example_dags/example_setup_teardown.py
[2025-08-19T18:31:59.468+0000] {processor.py:839} INFO - DAG(s) dict_keys(['example_setup_teardown']) retrieved from /home/airflow/.local/lib/python3.8/site-packages/airflow/example_dags/example_setup_teardown.py
[2025-08-19T18:31:59.512+0000] {logging_mixin.py:151} INFO - [2025-08-19T18:31:59.512+0000] {dag.py:2941} INFO - Sync 1 DAGs
[2025-08-19T18:31:59.552+0000] {logging_mixin.py:151} INFO - [2025-08-19T18:31:59.551+0000] {dag.py:3722} INFO - Setting next_dagrun for example_setup_teardown to 2025-08-18T18:31:59.550993+00:00, run_after=2025-08-19T18:31:59.550993+00:00
[2025-08-19T18:31:59.599+0000] {processor.py:179} INFO - Processing /home/airflow/.local/lib/python3.8/site-packages/airflow/example_dags/example_setup_teardown.py took 0.158 seconds
[2025-08-19T18:32:30.321+0000] {processor.py:157} INFO - Started process (PID=267) to work on /home/airflow/.local/lib/python3.8/site-packages/airflow/example_dags/example_setup_teardown.py
[2025-08-19T18:32:30.323+0000] {processor.py:829} INFO - Processing file /home/airflow/.local/lib/python3.8/site-packages/airflow/example_dags/example_setup_teardown.py for tasks to queue
[2025-08-19T18:32:30.330+0000] {logging_mixin.py:151} INFO - [2025-08-19T18:32:30.328+0000] {dagbag.py:536} INFO - Filling up the DagBag from /home/airflow/.local/lib/python3.8/site-packages/airflow/example_dags/example_setup_teardown.py
[2025-08-19T18:32:30.349+0000] {processor.py:839} INFO - DAG(s) dict_keys(['example_setup_teardown']) retrieved from /home/airflow/.local/lib/python3.8/site-packages/airflow/example_dags/example_setup_teardown.py
[2025-08-19T18:32:30.406+0000] {logging_mixin.py:151} INFO - [2025-08-19T18:32:30.405+0000] {dag.py:2941} INFO - Sync 1 DAGs
[2025-08-19T18:32:30.452+0000] {logging_mixin.py:151} INFO - [2025-08-19T18:32:30.451+0000] {dag.py:3722} INFO - Setting next_dagrun for example_setup_teardown to 2025-08-18T18:32:30.451387+00:00, run_after=2025-08-19T18:32:30.451387+00:00
[2025-08-19T18:32:30.494+0000] {processor.py:179} INFO - Processing /home/airflow/.local/lib/python3.8/site-packages/airflow/example_dags/example_setup_teardown.py took 0.184 seconds
[2025-08-19T18:33:00.779+0000] {processor.py:157} INFO - Started process (PID=321) to work on /home/airflow/.local/lib/python3.8/site-packages/airflow/example_dags/example_setup_teardown.py
[2025-08-19T18:33:00.782+0000] {processor.py:829} INFO - Processing file /home/airflow/.local/lib/python3.8/site-packages/airflow/example_dags/example_setup_teardown.py for tasks to queue
[2025-08-19T18:33:00.786+0000] {logging_mixin.py:151} INFO - [2025-08-19T18:33:00.785+0000] {dagbag.py:536} INFO - Filling up the DagBag from /home/airflow/.local/lib/python3.8/site-packages/airflow/example_dags/example_setup_teardown.py
[2025-08-19T18:33:00.804+0000] {processor.py:839} INFO - DAG(s) dict_keys(['example_setup_teardown']) retrieved from /home/airflow/.local/lib/python3.8/site-packages/airflow/example_dags/example_setup_teardown.py
[2025-08-19T18:33:00.856+0000] {logging_mixin.py:151} INFO - [2025-08-19T18:33:00.855+0000] {dag.py:2941} INFO - Sync 1 DAGs
[2025-08-19T18:33:00.925+0000] {logging_mixin.py:151} INFO - [2025-08-19T18:33:00.924+0000] {dag.py:3722} INFO - Setting next_dagrun for example_setup_teardown to 2025-08-18T18:33:00.923348+00:00, run_after=2025-08-19T18:33:00.923348+00:00
[2025-08-19T18:33:00.980+0000] {processor.py:179} INFO - Processing /home/airflow/.local/lib/python3.8/site-packages/airflow/example_dags/example_setup_teardown.py took 0.212 seconds
[2025-08-19T18:33:31.459+0000] {processor.py:157} INFO - Started process (PID=375) to work on /home/airflow/.local/lib/python3.8/site-packages/airflow/example_dags/example_setup_teardown.py
[2025-08-19T18:33:31.461+0000] {processor.py:829} INFO - Processing file /home/airflow/.local/lib/python3.8/site-packages/airflow/example_dags/example_setup_teardown.py for tasks to queue
[2025-08-19T18:33:31.465+0000] {logging_mixin.py:151} INFO - [2025-08-19T18:33:31.464+0000] {dagbag.py:536} INFO - Filling up the DagBag from /home/airflow/.local/lib/python3.8/site-packages/airflow/example_dags/example_setup_teardown.py
[2025-08-19T18:33:31.474+0000] {processor.py:839} INFO - DAG(s) dict_keys(['example_setup_teardown']) retrieved from /home/airflow/.local/lib/python3.8/site-packages/airflow/example_dags/example_setup_teardown.py
[2025-08-19T18:33:31.527+0000] {logging_mixin.py:151} INFO - [2025-08-19T18:33:31.526+0000] {dag.py:2941} INFO - Sync 1 DAGs
[2025-08-19T18:33:31.571+0000] {logging_mixin.py:151} INFO - [2025-08-19T18:33:31.570+0000] {dag.py:3722} INFO - Setting next_dagrun for example_setup_teardown to 2025-08-18T18:33:31.570437+00:00, run_after=2025-08-19T18:33:31.570437+00:00
[2025-08-19T18:33:31.609+0000] {processor.py:179} INFO - Processing /home/airflow/.local/lib/python3.8/site-packages/airflow/example_dags/example_setup_teardown.py took 0.155 seconds
[2025-08-19T18:34:02.251+0000] {processor.py:157} INFO - Started process (PID=429) to work on /home/airflow/.local/lib/python3.8/site-packages/airflow/example_dags/example_setup_teardown.py
[2025-08-19T18:34:02.254+0000] {processor.py:829} INFO - Processing file /home/airflow/.local/lib/python3.8/site-packages/airflow/example_dags/example_setup_teardown.py for tasks to queue
[2025-08-19T18:34:02.258+0000] {logging_mixin.py:151} INFO - [2025-08-19T18:34:02.258+0000] {dagbag.py:536} INFO - Filling up the DagBag from /home/airflow/.local/lib/python3.8/site-packages/airflow/example_dags/example_setup_teardown.py
[2025-08-19T18:34:02.273+0000] {processor.py:839} INFO - DAG(s) dict_keys(['example_setup_teardown']) retrieved from /home/airflow/.local/lib/python3.8/site-packages/airflow/example_dags/example_setup_teardown.py
[2025-08-19T18:34:02.320+0000] {logging_mixin.py:151} INFO - [2025-08-19T18:34:02.320+0000] {dag.py:2941} INFO - Sync 1 DAGs
[2025-08-19T18:34:02.356+0000] {logging_mixin.py:151} INFO - [2025-08-19T18:34:02.355+0000] {dag.py:3722} INFO - Setting next_dagrun for example_setup_teardown to 2025-08-18T18:34:02.355536+00:00, run_after=2025-08-19T18:34:02.355536+00:00
[2025-08-19T18:34:02.391+0000] {processor.py:179} INFO - Processing /home/airflow/.local/lib/python3.8/site-packages/airflow/example_dags/example_setup_teardown.py took 0.150 seconds
[2025-08-19T18:34:33.293+0000] {processor.py:157} INFO - Started process (PID=483) to work on /home/airflow/.local/lib/python3.8/site-packages/airflow/example_dags/example_setup_teardown.py
[2025-08-19T18:34:33.295+0000] {processor.py:829} INFO - Processing file /home/airflow/.local/lib/python3.8/site-packages/airflow/example_dags/example_setup_teardown.py for tasks to queue
[2025-08-19T18:34:33.298+0000] {logging_mixin.py:151} INFO - [2025-08-19T18:34:33.298+0000] {dagbag.py:536} INFO - Filling up the DagBag from /home/airflow/.local/lib/python3.8/site-packages/airflow/example_dags/example_setup_teardown.py
[2025-08-19T18:34:33.307+0000] {processor.py:839} INFO - DAG(s) dict_keys(['example_setup_teardown']) retrieved from /home/airflow/.local/lib/python3.8/site-packages/airflow/example_dags/example_setup_teardown.py
[2025-08-19T18:34:33.340+0000] {logging_mixin.py:151} INFO - [2025-08-19T18:34:33.339+0000] {dag.py:2941} INFO - Sync 1 DAGs
[2025-08-19T18:34:33.365+0000] {logging_mixin.py:151} INFO - [2025-08-19T18:34:33.365+0000] {dag.py:3722} INFO - Setting next_dagrun for example_setup_teardown to 2025-08-18T18:34:33.364725+00:00, run_after=2025-08-19T18:34:33.364725+00:00
[2025-08-19T18:34:33.393+0000] {processor.py:179} INFO - Processing /home/airflow/.local/lib/python3.8/site-packages/airflow/example_dags/example_setup_teardown.py took 0.104 seconds
[2025-08-19T18:35:03.695+0000] {processor.py:157} INFO - Started process (PID=537) to work on /home/airflow/.local/lib/python3.8/site-packages/airflow/example_dags/example_setup_teardown.py
[2025-08-19T18:35:03.698+0000] {processor.py:829} INFO - Processing file /home/airflow/.local/lib/python3.8/site-packages/airflow/example_dags/example_setup_teardown.py for tasks to queue
[2025-08-19T18:35:03.702+0000] {logging_mixin.py:151} INFO - [2025-08-19T18:35:03.702+0000] {dagbag.py:536} INFO - Filling up the DagBag from /home/airflow/.local/lib/python3.8/site-packages/airflow/example_dags/example_setup_teardown.py
[2025-08-19T18:35:03.711+0000] {processor.py:839} INFO - DAG(s) dict_keys(['example_setup_teardown']) retrieved from /home/airflow/.local/lib/python3.8/site-packages/airflow/example_dags/example_setup_teardown.py
[2025-08-19T18:35:03.747+0000] {logging_mixin.py:151} INFO - [2025-08-19T18:35:03.747+0000] {dag.py:2941} INFO - Sync 1 DAGs
[2025-08-19T18:35:03.774+0000] {logging_mixin.py:151} INFO - [2025-08-19T18:35:03.774+0000] {dag.py:3722} INFO - Setting next_dagrun for example_setup_teardown to 2025-08-18T18:35:03.774122+00:00, run_after=2025-08-19T18:35:03.774122+00:00
[2025-08-19T18:35:03.809+0000] {processor.py:179} INFO - Processing /home/airflow/.local/lib/python3.8/site-packages/airflow/example_dags/example_setup_teardown.py took 0.119 seconds
[2025-08-19T18:35:34.354+0000] {processor.py:157} INFO - Started process (PID=591) to work on /home/airflow/.local/lib/python3.8/site-packages/airflow/example_dags/example_setup_teardown.py
[2025-08-19T18:35:34.364+0000] {processor.py:829} INFO - Processing file /home/airflow/.local/lib/python3.8/site-packages/airflow/example_dags/example_setup_teardown.py for tasks to queue
[2025-08-19T18:35:34.370+0000] {logging_mixin.py:151} INFO - [2025-08-19T18:35:34.369+0000] {dagbag.py:536} INFO - Filling up the DagBag from /home/airflow/.local/lib/python3.8/site-packages/airflow/example_dags/example_setup_teardown.py
[2025-08-19T18:35:34.385+0000] {processor.py:839} INFO - DAG(s) dict_keys(['example_setup_teardown']) retrieved from /home/airflow/.local/lib/python3.8/site-packages/airflow/example_dags/example_setup_teardown.py
[2025-08-19T18:35:34.427+0000] {logging_mixin.py:151} INFO - [2025-08-19T18:35:34.427+0000] {dag.py:2941} INFO - Sync 1 DAGs
[2025-08-19T18:35:34.467+0000] {logging_mixin.py:151} INFO - [2025-08-19T18:35:34.467+0000] {dag.py:3722} INFO - Setting next_dagrun for example_setup_teardown to 2025-08-18T18:35:34.466764+00:00, run_after=2025-08-19T18:35:34.466764+00:00
[2025-08-19T18:35:34.501+0000] {processor.py:179} INFO - Processing /home/airflow/.local/lib/python3.8/site-packages/airflow/example_dags/example_setup_teardown.py took 0.156 seconds
[2025-08-19T18:36:05.713+0000] {processor.py:157} INFO - Started process (PID=645) to work on /home/airflow/.local/lib/python3.8/site-packages/airflow/example_dags/example_setup_teardown.py
[2025-08-19T18:36:05.716+0000] {processor.py:829} INFO - Processing file /home/airflow/.local/lib/python3.8/site-packages/airflow/example_dags/example_setup_teardown.py for tasks to queue
[2025-08-19T18:36:05.725+0000] {logging_mixin.py:151} INFO - [2025-08-19T18:36:05.724+0000] {dagbag.py:536} INFO - Filling up the DagBag from /home/airflow/.local/lib/python3.8/site-packages/airflow/example_dags/example_setup_teardown.py
[2025-08-19T18:36:05.750+0000] {processor.py:839} INFO - DAG(s) dict_keys(['example_setup_teardown']) retrieved from /home/airflow/.local/lib/python3.8/site-packages/airflow/example_dags/example_setup_teardown.py
[2025-08-19T18:36:05.810+0000] {logging_mixin.py:151} INFO - [2025-08-19T18:36:05.809+0000] {dag.py:2941} INFO - Sync 1 DAGs
[2025-08-19T18:36:05.849+0000] {logging_mixin.py:151} INFO - [2025-08-19T18:36:05.848+0000] {dag.py:3722} INFO - Setting next_dagrun for example_setup_teardown to 2025-08-18T18:36:05.848547+00:00, run_after=2025-08-19T18:36:05.848547+00:00
[2025-08-19T18:36:05.902+0000] {processor.py:179} INFO - Processing /home/airflow/.local/lib/python3.8/site-packages/airflow/example_dags/example_setup_teardown.py took 0.199 seconds
[2025-08-19T18:36:36.446+0000] {processor.py:157} INFO - Started process (PID=699) to work on /home/airflow/.local/lib/python3.8/site-packages/airflow/example_dags/example_setup_teardown.py
[2025-08-19T18:36:36.448+0000] {processor.py:829} INFO - Processing file /home/airflow/.local/lib/python3.8/site-packages/airflow/example_dags/example_setup_teardown.py for tasks to queue
[2025-08-19T18:36:36.452+0000] {logging_mixin.py:151} INFO - [2025-08-19T18:36:36.451+0000] {dagbag.py:536} INFO - Filling up the DagBag from /home/airflow/.local/lib/python3.8/site-packages/airflow/example_dags/example_setup_teardown.py
[2025-08-19T18:36:36.462+0000] {processor.py:839} INFO - DAG(s) dict_keys(['example_setup_teardown']) retrieved from /home/airflow/.local/lib/python3.8/site-packages/airflow/example_dags/example_setup_teardown.py
[2025-08-19T18:36:36.505+0000] {logging_mixin.py:151} INFO - [2025-08-19T18:36:36.505+0000] {dag.py:2941} INFO - Sync 1 DAGs
[2025-08-19T18:36:36.547+0000] {logging_mixin.py:151} INFO - [2025-08-19T18:36:36.546+0000] {dag.py:3722} INFO - Setting next_dagrun for example_setup_teardown to 2025-08-18T18:36:36.545836+00:00, run_after=2025-08-19T18:36:36.545836+00:00
[2025-08-19T18:36:36.581+0000] {processor.py:179} INFO - Processing /home/airflow/.local/lib/python3.8/site-packages/airflow/example_dags/example_setup_teardown.py took 0.140 seconds
[2025-08-19T18:37:10.017+0000] {processor.py:157} INFO - Started process (PID=753) to work on /home/airflow/.local/lib/python3.8/site-packages/airflow/example_dags/example_setup_teardown.py
[2025-08-19T18:37:10.021+0000] {processor.py:829} INFO - Processing file /home/airflow/.local/lib/python3.8/site-packages/airflow/example_dags/example_setup_teardown.py for tasks to queue
[2025-08-19T18:37:10.027+0000] {logging_mixin.py:151} INFO - [2025-08-19T18:37:10.026+0000] {dagbag.py:536} INFO - Filling up the DagBag from /home/airflow/.local/lib/python3.8/site-packages/airflow/example_dags/example_setup_teardown.py
[2025-08-19T18:37:10.040+0000] {processor.py:839} INFO - DAG(s) dict_keys(['example_setup_teardown']) retrieved from /home/airflow/.local/lib/python3.8/site-packages/airflow/example_dags/example_setup_teardown.py
[2025-08-19T18:37:10.101+0000] {logging_mixin.py:151} INFO - [2025-08-19T18:37:10.100+0000] {dag.py:2941} INFO - Sync 1 DAGs
[2025-08-19T18:37:10.167+0000] {logging_mixin.py:151} INFO - [2025-08-19T18:37:10.167+0000] {dag.py:3722} INFO - Setting next_dagrun for example_setup_teardown to 2025-08-18T18:37:10.166930+00:00, run_after=2025-08-19T18:37:10.166930+00:00
[2025-08-19T18:37:10.220+0000] {processor.py:179} INFO - Processing /home/airflow/.local/lib/python3.8/site-packages/airflow/example_dags/example_setup_teardown.py took 0.211 seconds
[2025-08-19T18:37:43.765+0000] {processor.py:157} INFO - Started process (PID=808) to work on /home/airflow/.local/lib/python3.8/site-packages/airflow/example_dags/example_setup_teardown.py
[2025-08-19T18:37:43.768+0000] {processor.py:829} INFO - Processing file /home/airflow/.local/lib/python3.8/site-packages/airflow/example_dags/example_setup_teardown.py for tasks to queue
[2025-08-19T18:37:43.777+0000] {logging_mixin.py:151} INFO - [2025-08-19T18:37:43.776+0000] {dagbag.py:536} INFO - Filling up the DagBag from /home/airflow/.local/lib/python3.8/site-packages/airflow/example_dags/example_setup_teardown.py
[2025-08-19T18:37:43.800+0000] {processor.py:839} INFO - DAG(s) dict_keys(['example_setup_teardown']) retrieved from /home/airflow/.local/lib/python3.8/site-packages/airflow/example_dags/example_setup_teardown.py
[2025-08-19T18:37:43.886+0000] {logging_mixin.py:151} INFO - [2025-08-19T18:37:43.885+0000] {dag.py:2941} INFO - Sync 1 DAGs
[2025-08-19T18:37:43.956+0000] {logging_mixin.py:151} INFO - [2025-08-19T18:37:43.955+0000] {dag.py:3722} INFO - Setting next_dagrun for example_setup_teardown to 2025-08-18T18:37:43.954805+00:00, run_after=2025-08-19T18:37:43.954805+00:00
[2025-08-19T18:37:44.053+0000] {processor.py:179} INFO - Processing /home/airflow/.local/lib/python3.8/site-packages/airflow/example_dags/example_setup_teardown.py took 0.300 seconds
[2025-08-19T18:38:14.919+0000] {processor.py:157} INFO - Started process (PID=862) to work on /home/airflow/.local/lib/python3.8/site-packages/airflow/example_dags/example_setup_teardown.py
[2025-08-19T18:38:14.924+0000] {processor.py:829} INFO - Processing file /home/airflow/.local/lib/python3.8/site-packages/airflow/example_dags/example_setup_teardown.py for tasks to queue
[2025-08-19T18:38:14.927+0000] {logging_mixin.py:151} INFO - [2025-08-19T18:38:14.927+0000] {dagbag.py:536} INFO - Filling up the DagBag from /home/airflow/.local/lib/python3.8/site-packages/airflow/example_dags/example_setup_teardown.py
[2025-08-19T18:38:14.937+0000] {processor.py:839} INFO - DAG(s) dict_keys(['example_setup_teardown']) retrieved from /home/airflow/.local/lib/python3.8/site-packages/airflow/example_dags/example_setup_teardown.py
[2025-08-19T18:38:14.968+0000] {logging_mixin.py:151} INFO - [2025-08-19T18:38:14.968+0000] {dag.py:2941} INFO - Sync 1 DAGs
[2025-08-19T18:38:15.000+0000] {logging_mixin.py:151} INFO - [2025-08-19T18:38:15.000+0000] {dag.py:3722} INFO - Setting next_dagrun for example_setup_teardown to 2025-08-18T18:38:15.000006+00:00, run_after=2025-08-19T18:38:15.000006+00:00
[2025-08-19T18:38:15.045+0000] {processor.py:179} INFO - Processing /home/airflow/.local/lib/python3.8/site-packages/airflow/example_dags/example_setup_teardown.py took 0.132 seconds
[2025-08-19T18:38:45.785+0000] {processor.py:157} INFO - Started process (PID=916) to work on /home/airflow/.local/lib/python3.8/site-packages/airflow/example_dags/example_setup_teardown.py
[2025-08-19T18:38:45.786+0000] {processor.py:829} INFO - Processing file /home/airflow/.local/lib/python3.8/site-packages/airflow/example_dags/example_setup_teardown.py for tasks to queue
[2025-08-19T18:38:45.788+0000] {logging_mixin.py:151} INFO - [2025-08-19T18:38:45.788+0000] {dagbag.py:536} INFO - Filling up the DagBag from /home/airflow/.local/lib/python3.8/site-packages/airflow/example_dags/example_setup_teardown.py
[2025-08-19T18:38:45.796+0000] {processor.py:839} INFO - DAG(s) dict_keys(['example_setup_teardown']) retrieved from /home/airflow/.local/lib/python3.8/site-packages/airflow/example_dags/example_setup_teardown.py
[2025-08-19T18:38:45.819+0000] {logging_mixin.py:151} INFO - [2025-08-19T18:38:45.818+0000] {dag.py:2941} INFO - Sync 1 DAGs
[2025-08-19T18:38:45.844+0000] {logging_mixin.py:151} INFO - [2025-08-19T18:38:45.844+0000] {dag.py:3722} INFO - Setting next_dagrun for example_setup_teardown to 2025-08-18T18:38:45.843834+00:00, run_after=2025-08-19T18:38:45.843834+00:00
[2025-08-19T18:38:45.869+0000] {processor.py:179} INFO - Processing /home/airflow/.local/lib/python3.8/site-packages/airflow/example_dags/example_setup_teardown.py took 0.087 seconds
[2025-08-19T18:39:16.502+0000] {processor.py:157} INFO - Started process (PID=970) to work on /home/airflow/.local/lib/python3.8/site-packages/airflow/example_dags/example_setup_teardown.py
[2025-08-19T18:39:16.504+0000] {processor.py:829} INFO - Processing file /home/airflow/.local/lib/python3.8/site-packages/airflow/example_dags/example_setup_teardown.py for tasks to queue
[2025-08-19T18:39:16.507+0000] {logging_mixin.py:151} INFO - [2025-08-19T18:39:16.507+0000] {dagbag.py:536} INFO - Filling up the DagBag from /home/airflow/.local/lib/python3.8/site-packages/airflow/example_dags/example_setup_teardown.py
[2025-08-19T18:39:16.517+0000] {processor.py:839} INFO - DAG(s) dict_keys(['example_setup_teardown']) retrieved from /home/airflow/.local/lib/python3.8/site-packages/airflow/example_dags/example_setup_teardown.py
[2025-08-19T18:39:16.543+0000] {logging_mixin.py:151} INFO - [2025-08-19T18:39:16.543+0000] {dag.py:2941} INFO - Sync 1 DAGs
[2025-08-19T18:39:16.566+0000] {logging_mixin.py:151} INFO - [2025-08-19T18:39:16.565+0000] {dag.py:3722} INFO - Setting next_dagrun for example_setup_teardown to 2025-08-18T18:39:16.565474+00:00, run_after=2025-08-19T18:39:16.565474+00:00
[2025-08-19T18:39:16.589+0000] {processor.py:179} INFO - Processing /home/airflow/.local/lib/python3.8/site-packages/airflow/example_dags/example_setup_teardown.py took 0.091 seconds
