[2025-08-19T18:23:13.504+0000] {processor.py:157} INFO - Started process (PID=127) to work on /home/airflow/.local/lib/python3.8/site-packages/airflow/example_dags/example_datasets.py
[2025-08-19T18:23:13.517+0000] {processor.py:829} INFO - Processing file /home/airflow/.local/lib/python3.8/site-packages/airflow/example_dags/example_datasets.py for tasks to queue
[2025-08-19T18:23:13.540+0000] {logging_mixin.py:151} INFO - [2025-08-19T18:23:13.536+0000] {dagbag.py:536} INFO - Filling up the DagBag from /home/airflow/.local/lib/python3.8/site-packages/airflow/example_dags/example_datasets.py
[2025-08-19T18:23:13.785+0000] {processor.py:839} INFO - DAG(s) dict_keys(['dataset_consumes_1', 'dataset_consumes_1_never_scheduled', 'dataset_consumes_unknown_never_scheduled', 'dataset_produces_1', 'dataset_produces_2', 'dataset_consumes_1_and_2']) retrieved from /home/airflow/.local/lib/python3.8/site-packages/airflow/example_dags/example_datasets.py
[2025-08-19T18:23:14.030+0000] {logging_mixin.py:151} INFO - [2025-08-19T18:23:14.029+0000] {dag.py:2941} INFO - Sync 6 DAGs
[2025-08-19T18:23:14.240+0000] {logging_mixin.py:151} INFO - [2025-08-19T18:23:14.240+0000] {dag.py:3722} INFO - Setting next_dagrun for dataset_consumes_1 to None, run_after=None
[2025-08-19T18:23:14.278+0000] {logging_mixin.py:151} INFO - [2025-08-19T18:23:14.277+0000] {dag.py:3722} INFO - Setting next_dagrun for dataset_consumes_1_and_2 to None, run_after=None
[2025-08-19T18:23:14.282+0000] {logging_mixin.py:151} INFO - [2025-08-19T18:23:14.282+0000] {dag.py:3722} INFO - Setting next_dagrun for dataset_consumes_1_never_scheduled to None, run_after=None
[2025-08-19T18:23:14.286+0000] {logging_mixin.py:151} INFO - [2025-08-19T18:23:14.285+0000] {dag.py:3722} INFO - Setting next_dagrun for dataset_consumes_unknown_never_scheduled to None, run_after=None
[2025-08-19T18:23:14.296+0000] {logging_mixin.py:151} INFO - [2025-08-19T18:23:14.295+0000] {dag.py:3722} INFO - Setting next_dagrun for dataset_produces_1 to 2025-08-18T00:00:00+00:00, run_after=2025-08-19T00:00:00+00:00
[2025-08-19T18:23:14.299+0000] {logging_mixin.py:151} INFO - [2025-08-19T18:23:14.299+0000] {dag.py:3722} INFO - Setting next_dagrun for dataset_produces_2 to None, run_after=None
[2025-08-19T18:23:14.550+0000] {processor.py:179} INFO - Processing /home/airflow/.local/lib/python3.8/site-packages/airflow/example_dags/example_datasets.py took 1.153 seconds
[2025-08-19T18:23:45.017+0000] {processor.py:157} INFO - Started process (PID=181) to work on /home/airflow/.local/lib/python3.8/site-packages/airflow/example_dags/example_datasets.py
[2025-08-19T18:23:45.021+0000] {processor.py:829} INFO - Processing file /home/airflow/.local/lib/python3.8/site-packages/airflow/example_dags/example_datasets.py for tasks to queue
[2025-08-19T18:23:45.036+0000] {logging_mixin.py:151} INFO - [2025-08-19T18:23:45.030+0000] {dagbag.py:536} INFO - Filling up the DagBag from /home/airflow/.local/lib/python3.8/site-packages/airflow/example_dags/example_datasets.py
[2025-08-19T18:23:45.105+0000] {processor.py:839} INFO - DAG(s) dict_keys(['dataset_consumes_1', 'dataset_consumes_1_never_scheduled', 'dataset_produces_2', 'dataset_produces_1', 'dataset_consumes_1_and_2', 'dataset_consumes_unknown_never_scheduled']) retrieved from /home/airflow/.local/lib/python3.8/site-packages/airflow/example_dags/example_datasets.py
[2025-08-19T18:23:46.195+0000] {logging_mixin.py:151} INFO - [2025-08-19T18:23:46.194+0000] {dag.py:2941} INFO - Sync 6 DAGs
[2025-08-19T18:23:46.585+0000] {logging_mixin.py:151} INFO - [2025-08-19T18:23:46.584+0000] {dag.py:3722} INFO - Setting next_dagrun for dataset_consumes_1 to None, run_after=None
[2025-08-19T18:23:46.602+0000] {logging_mixin.py:151} INFO - [2025-08-19T18:23:46.601+0000] {dag.py:3722} INFO - Setting next_dagrun for dataset_consumes_1_and_2 to None, run_after=None
[2025-08-19T18:23:46.606+0000] {logging_mixin.py:151} INFO - [2025-08-19T18:23:46.606+0000] {dag.py:3722} INFO - Setting next_dagrun for dataset_consumes_1_never_scheduled to None, run_after=None
[2025-08-19T18:23:46.620+0000] {logging_mixin.py:151} INFO - [2025-08-19T18:23:46.619+0000] {dag.py:3722} INFO - Setting next_dagrun for dataset_consumes_unknown_never_scheduled to None, run_after=None
[2025-08-19T18:23:46.655+0000] {logging_mixin.py:151} INFO - [2025-08-19T18:23:46.654+0000] {dag.py:3722} INFO - Setting next_dagrun for dataset_produces_1 to 2025-08-18T00:00:00+00:00, run_after=2025-08-19T00:00:00+00:00
[2025-08-19T18:23:46.678+0000] {logging_mixin.py:151} INFO - [2025-08-19T18:23:46.658+0000] {dag.py:3722} INFO - Setting next_dagrun for dataset_produces_2 to None, run_after=None
[2025-08-19T18:23:47.421+0000] {processor.py:179} INFO - Processing /home/airflow/.local/lib/python3.8/site-packages/airflow/example_dags/example_datasets.py took 2.425 seconds
[2025-08-19T18:24:17.662+0000] {processor.py:157} INFO - Started process (PID=235) to work on /home/airflow/.local/lib/python3.8/site-packages/airflow/example_dags/example_datasets.py
[2025-08-19T18:24:17.664+0000] {processor.py:829} INFO - Processing file /home/airflow/.local/lib/python3.8/site-packages/airflow/example_dags/example_datasets.py for tasks to queue
[2025-08-19T18:24:17.667+0000] {logging_mixin.py:151} INFO - [2025-08-19T18:24:17.667+0000] {dagbag.py:536} INFO - Filling up the DagBag from /home/airflow/.local/lib/python3.8/site-packages/airflow/example_dags/example_datasets.py
[2025-08-19T18:24:17.680+0000] {processor.py:839} INFO - DAG(s) dict_keys(['dataset_produces_1', 'dataset_produces_2', 'dataset_consumes_1', 'dataset_consumes_1_never_scheduled', 'dataset_consumes_unknown_never_scheduled', 'dataset_consumes_1_and_2']) retrieved from /home/airflow/.local/lib/python3.8/site-packages/airflow/example_dags/example_datasets.py
[2025-08-19T18:24:17.738+0000] {logging_mixin.py:151} INFO - [2025-08-19T18:24:17.737+0000] {dag.py:2941} INFO - Sync 6 DAGs
[2025-08-19T18:24:17.788+0000] {logging_mixin.py:151} INFO - [2025-08-19T18:24:17.788+0000] {dag.py:3722} INFO - Setting next_dagrun for dataset_consumes_1 to None, run_after=None
[2025-08-19T18:24:17.794+0000] {logging_mixin.py:151} INFO - [2025-08-19T18:24:17.794+0000] {dag.py:3722} INFO - Setting next_dagrun for dataset_consumes_1_and_2 to None, run_after=None
[2025-08-19T18:24:17.797+0000] {logging_mixin.py:151} INFO - [2025-08-19T18:24:17.797+0000] {dag.py:3722} INFO - Setting next_dagrun for dataset_consumes_1_never_scheduled to None, run_after=None
[2025-08-19T18:24:17.801+0000] {logging_mixin.py:151} INFO - [2025-08-19T18:24:17.800+0000] {dag.py:3722} INFO - Setting next_dagrun for dataset_consumes_unknown_never_scheduled to None, run_after=None
[2025-08-19T18:24:17.805+0000] {logging_mixin.py:151} INFO - [2025-08-19T18:24:17.805+0000] {dag.py:3722} INFO - Setting next_dagrun for dataset_produces_1 to 2025-08-18T00:00:00+00:00, run_after=2025-08-19T00:00:00+00:00
[2025-08-19T18:24:17.812+0000] {logging_mixin.py:151} INFO - [2025-08-19T18:24:17.811+0000] {dag.py:3722} INFO - Setting next_dagrun for dataset_produces_2 to None, run_after=None
[2025-08-19T18:24:17.864+0000] {processor.py:179} INFO - Processing /home/airflow/.local/lib/python3.8/site-packages/airflow/example_dags/example_datasets.py took 0.206 seconds
[2025-08-19T18:24:48.302+0000] {processor.py:157} INFO - Started process (PID=289) to work on /home/airflow/.local/lib/python3.8/site-packages/airflow/example_dags/example_datasets.py
[2025-08-19T18:24:48.308+0000] {processor.py:829} INFO - Processing file /home/airflow/.local/lib/python3.8/site-packages/airflow/example_dags/example_datasets.py for tasks to queue
[2025-08-19T18:24:48.313+0000] {logging_mixin.py:151} INFO - [2025-08-19T18:24:48.312+0000] {dagbag.py:536} INFO - Filling up the DagBag from /home/airflow/.local/lib/python3.8/site-packages/airflow/example_dags/example_datasets.py
[2025-08-19T18:24:48.372+0000] {processor.py:839} INFO - DAG(s) dict_keys(['dataset_produces_1', 'dataset_consumes_1_and_2', 'dataset_consumes_1', 'dataset_consumes_1_never_scheduled', 'dataset_consumes_unknown_never_scheduled', 'dataset_produces_2']) retrieved from /home/airflow/.local/lib/python3.8/site-packages/airflow/example_dags/example_datasets.py
[2025-08-19T18:24:48.578+0000] {logging_mixin.py:151} INFO - [2025-08-19T18:24:48.577+0000] {dag.py:2941} INFO - Sync 6 DAGs
[2025-08-19T18:24:48.691+0000] {logging_mixin.py:151} INFO - [2025-08-19T18:24:48.690+0000] {dag.py:3722} INFO - Setting next_dagrun for dataset_consumes_1 to None, run_after=None
[2025-08-19T18:24:48.705+0000] {logging_mixin.py:151} INFO - [2025-08-19T18:24:48.701+0000] {dag.py:3722} INFO - Setting next_dagrun for dataset_consumes_1_and_2 to None, run_after=None
[2025-08-19T18:24:48.709+0000] {logging_mixin.py:151} INFO - [2025-08-19T18:24:48.709+0000] {dag.py:3722} INFO - Setting next_dagrun for dataset_consumes_1_never_scheduled to None, run_after=None
[2025-08-19T18:24:48.723+0000] {logging_mixin.py:151} INFO - [2025-08-19T18:24:48.722+0000] {dag.py:3722} INFO - Setting next_dagrun for dataset_consumes_unknown_never_scheduled to None, run_after=None
[2025-08-19T18:24:48.738+0000] {logging_mixin.py:151} INFO - [2025-08-19T18:24:48.738+0000] {dag.py:3722} INFO - Setting next_dagrun for dataset_produces_1 to 2025-08-18T00:00:00+00:00, run_after=2025-08-19T00:00:00+00:00
[2025-08-19T18:24:48.742+0000] {logging_mixin.py:151} INFO - [2025-08-19T18:24:48.742+0000] {dag.py:3722} INFO - Setting next_dagrun for dataset_produces_2 to None, run_after=None
[2025-08-19T18:24:48.872+0000] {processor.py:179} INFO - Processing /home/airflow/.local/lib/python3.8/site-packages/airflow/example_dags/example_datasets.py took 0.600 seconds
[2025-08-19T18:25:19.266+0000] {processor.py:157} INFO - Started process (PID=343) to work on /home/airflow/.local/lib/python3.8/site-packages/airflow/example_dags/example_datasets.py
[2025-08-19T18:25:19.269+0000] {processor.py:829} INFO - Processing file /home/airflow/.local/lib/python3.8/site-packages/airflow/example_dags/example_datasets.py for tasks to queue
[2025-08-19T18:25:19.274+0000] {logging_mixin.py:151} INFO - [2025-08-19T18:25:19.274+0000] {dagbag.py:536} INFO - Filling up the DagBag from /home/airflow/.local/lib/python3.8/site-packages/airflow/example_dags/example_datasets.py
[2025-08-19T18:25:19.298+0000] {processor.py:839} INFO - DAG(s) dict_keys(['dataset_consumes_1_never_scheduled', 'dataset_consumes_1', 'dataset_consumes_unknown_never_scheduled', 'dataset_produces_2', 'dataset_produces_1', 'dataset_consumes_1_and_2']) retrieved from /home/airflow/.local/lib/python3.8/site-packages/airflow/example_dags/example_datasets.py
[2025-08-19T18:25:19.434+0000] {logging_mixin.py:151} INFO - [2025-08-19T18:25:19.434+0000] {dag.py:2941} INFO - Sync 6 DAGs
[2025-08-19T18:25:19.503+0000] {logging_mixin.py:151} INFO - [2025-08-19T18:25:19.503+0000] {dag.py:3722} INFO - Setting next_dagrun for dataset_consumes_1 to None, run_after=None
[2025-08-19T18:25:19.517+0000] {logging_mixin.py:151} INFO - [2025-08-19T18:25:19.517+0000] {dag.py:3722} INFO - Setting next_dagrun for dataset_consumes_1_and_2 to None, run_after=None
[2025-08-19T18:25:19.521+0000] {logging_mixin.py:151} INFO - [2025-08-19T18:25:19.521+0000] {dag.py:3722} INFO - Setting next_dagrun for dataset_consumes_1_never_scheduled to None, run_after=None
[2025-08-19T18:25:19.526+0000] {logging_mixin.py:151} INFO - [2025-08-19T18:25:19.525+0000] {dag.py:3722} INFO - Setting next_dagrun for dataset_consumes_unknown_never_scheduled to None, run_after=None
[2025-08-19T18:25:19.542+0000] {logging_mixin.py:151} INFO - [2025-08-19T18:25:19.541+0000] {dag.py:3722} INFO - Setting next_dagrun for dataset_produces_1 to 2025-08-18T00:00:00+00:00, run_after=2025-08-19T00:00:00+00:00
[2025-08-19T18:25:19.549+0000] {logging_mixin.py:151} INFO - [2025-08-19T18:25:19.549+0000] {dag.py:3722} INFO - Setting next_dagrun for dataset_produces_2 to None, run_after=None
[2025-08-19T18:25:19.679+0000] {processor.py:179} INFO - Processing /home/airflow/.local/lib/python3.8/site-packages/airflow/example_dags/example_datasets.py took 0.423 seconds
[2025-08-19T18:25:49.881+0000] {processor.py:157} INFO - Started process (PID=397) to work on /home/airflow/.local/lib/python3.8/site-packages/airflow/example_dags/example_datasets.py
[2025-08-19T18:25:49.884+0000] {processor.py:829} INFO - Processing file /home/airflow/.local/lib/python3.8/site-packages/airflow/example_dags/example_datasets.py for tasks to queue
[2025-08-19T18:25:49.894+0000] {logging_mixin.py:151} INFO - [2025-08-19T18:25:49.893+0000] {dagbag.py:536} INFO - Filling up the DagBag from /home/airflow/.local/lib/python3.8/site-packages/airflow/example_dags/example_datasets.py
[2025-08-19T18:25:49.938+0000] {processor.py:839} INFO - DAG(s) dict_keys(['dataset_consumes_unknown_never_scheduled', 'dataset_consumes_1_never_scheduled', 'dataset_consumes_1_and_2', 'dataset_produces_2', 'dataset_produces_1', 'dataset_consumes_1']) retrieved from /home/airflow/.local/lib/python3.8/site-packages/airflow/example_dags/example_datasets.py
[2025-08-19T18:25:50.178+0000] {logging_mixin.py:151} INFO - [2025-08-19T18:25:50.178+0000] {dag.py:2941} INFO - Sync 6 DAGs
[2025-08-19T18:25:50.279+0000] {logging_mixin.py:151} INFO - [2025-08-19T18:25:50.278+0000] {dag.py:3722} INFO - Setting next_dagrun for dataset_consumes_1 to None, run_after=None
[2025-08-19T18:25:50.298+0000] {logging_mixin.py:151} INFO - [2025-08-19T18:25:50.298+0000] {dag.py:3722} INFO - Setting next_dagrun for dataset_consumes_1_and_2 to None, run_after=None
[2025-08-19T18:25:50.302+0000] {logging_mixin.py:151} INFO - [2025-08-19T18:25:50.302+0000] {dag.py:3722} INFO - Setting next_dagrun for dataset_consumes_1_never_scheduled to None, run_after=None
[2025-08-19T18:25:50.306+0000] {logging_mixin.py:151} INFO - [2025-08-19T18:25:50.306+0000] {dag.py:3722} INFO - Setting next_dagrun for dataset_consumes_unknown_never_scheduled to None, run_after=None
[2025-08-19T18:25:50.322+0000] {logging_mixin.py:151} INFO - [2025-08-19T18:25:50.321+0000] {dag.py:3722} INFO - Setting next_dagrun for dataset_produces_1 to 2025-08-18T00:00:00+00:00, run_after=2025-08-19T00:00:00+00:00
[2025-08-19T18:25:50.326+0000] {logging_mixin.py:151} INFO - [2025-08-19T18:25:50.326+0000] {dag.py:3722} INFO - Setting next_dagrun for dataset_produces_2 to None, run_after=None
[2025-08-19T18:25:50.511+0000] {processor.py:179} INFO - Processing /home/airflow/.local/lib/python3.8/site-packages/airflow/example_dags/example_datasets.py took 0.650 seconds
[2025-08-19T18:26:23.937+0000] {processor.py:157} INFO - Started process (PID=452) to work on /home/airflow/.local/lib/python3.8/site-packages/airflow/example_dags/example_datasets.py
[2025-08-19T18:26:23.940+0000] {processor.py:829} INFO - Processing file /home/airflow/.local/lib/python3.8/site-packages/airflow/example_dags/example_datasets.py for tasks to queue
[2025-08-19T18:26:23.946+0000] {logging_mixin.py:151} INFO - [2025-08-19T18:26:23.945+0000] {dagbag.py:536} INFO - Filling up the DagBag from /home/airflow/.local/lib/python3.8/site-packages/airflow/example_dags/example_datasets.py
[2025-08-19T18:26:23.986+0000] {processor.py:839} INFO - DAG(s) dict_keys(['dataset_consumes_1_and_2', 'dataset_consumes_unknown_never_scheduled', 'dataset_produces_1', 'dataset_produces_2', 'dataset_consumes_1_never_scheduled', 'dataset_consumes_1']) retrieved from /home/airflow/.local/lib/python3.8/site-packages/airflow/example_dags/example_datasets.py
[2025-08-19T18:26:24.154+0000] {logging_mixin.py:151} INFO - [2025-08-19T18:26:24.153+0000] {dag.py:2941} INFO - Sync 6 DAGs
[2025-08-19T18:26:24.237+0000] {logging_mixin.py:151} INFO - [2025-08-19T18:26:24.236+0000] {dag.py:3722} INFO - Setting next_dagrun for dataset_consumes_1 to None, run_after=None
[2025-08-19T18:26:24.248+0000] {logging_mixin.py:151} INFO - [2025-08-19T18:26:24.248+0000] {dag.py:3722} INFO - Setting next_dagrun for dataset_consumes_1_and_2 to None, run_after=None
[2025-08-19T18:26:24.253+0000] {logging_mixin.py:151} INFO - [2025-08-19T18:26:24.253+0000] {dag.py:3722} INFO - Setting next_dagrun for dataset_consumes_1_never_scheduled to None, run_after=None
[2025-08-19T18:26:24.256+0000] {logging_mixin.py:151} INFO - [2025-08-19T18:26:24.255+0000] {dag.py:3722} INFO - Setting next_dagrun for dataset_consumes_unknown_never_scheduled to None, run_after=None
[2025-08-19T18:26:24.266+0000] {logging_mixin.py:151} INFO - [2025-08-19T18:26:24.264+0000] {dag.py:3722} INFO - Setting next_dagrun for dataset_produces_1 to 2025-08-18T00:00:00+00:00, run_after=2025-08-19T00:00:00+00:00
[2025-08-19T18:26:24.269+0000] {logging_mixin.py:151} INFO - [2025-08-19T18:26:24.269+0000] {dag.py:3722} INFO - Setting next_dagrun for dataset_produces_2 to None, run_after=None
[2025-08-19T18:26:24.381+0000] {processor.py:179} INFO - Processing /home/airflow/.local/lib/python3.8/site-packages/airflow/example_dags/example_datasets.py took 0.457 seconds
[2025-08-19T18:26:55.289+0000] {processor.py:157} INFO - Started process (PID=506) to work on /home/airflow/.local/lib/python3.8/site-packages/airflow/example_dags/example_datasets.py
[2025-08-19T18:26:55.292+0000] {processor.py:829} INFO - Processing file /home/airflow/.local/lib/python3.8/site-packages/airflow/example_dags/example_datasets.py for tasks to queue
[2025-08-19T18:26:55.297+0000] {logging_mixin.py:151} INFO - [2025-08-19T18:26:55.296+0000] {dagbag.py:536} INFO - Filling up the DagBag from /home/airflow/.local/lib/python3.8/site-packages/airflow/example_dags/example_datasets.py
[2025-08-19T18:26:55.321+0000] {processor.py:839} INFO - DAG(s) dict_keys(['dataset_consumes_unknown_never_scheduled', 'dataset_consumes_1', 'dataset_produces_1', 'dataset_produces_2', 'dataset_consumes_1_and_2', 'dataset_consumes_1_never_scheduled']) retrieved from /home/airflow/.local/lib/python3.8/site-packages/airflow/example_dags/example_datasets.py
[2025-08-19T18:26:55.434+0000] {logging_mixin.py:151} INFO - [2025-08-19T18:26:55.433+0000] {dag.py:2941} INFO - Sync 6 DAGs
[2025-08-19T18:26:55.502+0000] {logging_mixin.py:151} INFO - [2025-08-19T18:26:55.502+0000] {dag.py:3722} INFO - Setting next_dagrun for dataset_consumes_1 to None, run_after=None
[2025-08-19T18:26:55.518+0000] {logging_mixin.py:151} INFO - [2025-08-19T18:26:55.517+0000] {dag.py:3722} INFO - Setting next_dagrun for dataset_consumes_1_and_2 to None, run_after=None
[2025-08-19T18:26:55.521+0000] {logging_mixin.py:151} INFO - [2025-08-19T18:26:55.521+0000] {dag.py:3722} INFO - Setting next_dagrun for dataset_consumes_1_never_scheduled to None, run_after=None
[2025-08-19T18:26:55.525+0000] {logging_mixin.py:151} INFO - [2025-08-19T18:26:55.524+0000] {dag.py:3722} INFO - Setting next_dagrun for dataset_consumes_unknown_never_scheduled to None, run_after=None
[2025-08-19T18:26:55.536+0000] {logging_mixin.py:151} INFO - [2025-08-19T18:26:55.535+0000] {dag.py:3722} INFO - Setting next_dagrun for dataset_produces_1 to 2025-08-18T00:00:00+00:00, run_after=2025-08-19T00:00:00+00:00
[2025-08-19T18:26:55.541+0000] {logging_mixin.py:151} INFO - [2025-08-19T18:26:55.540+0000] {dag.py:3722} INFO - Setting next_dagrun for dataset_produces_2 to None, run_after=None
[2025-08-19T18:26:55.637+0000] {processor.py:179} INFO - Processing /home/airflow/.local/lib/python3.8/site-packages/airflow/example_dags/example_datasets.py took 0.357 seconds
[2025-08-19T18:27:26.282+0000] {processor.py:157} INFO - Started process (PID=560) to work on /home/airflow/.local/lib/python3.8/site-packages/airflow/example_dags/example_datasets.py
[2025-08-19T18:27:26.285+0000] {processor.py:829} INFO - Processing file /home/airflow/.local/lib/python3.8/site-packages/airflow/example_dags/example_datasets.py for tasks to queue
[2025-08-19T18:27:26.298+0000] {logging_mixin.py:151} INFO - [2025-08-19T18:27:26.297+0000] {dagbag.py:536} INFO - Filling up the DagBag from /home/airflow/.local/lib/python3.8/site-packages/airflow/example_dags/example_datasets.py
[2025-08-19T18:27:26.322+0000] {processor.py:839} INFO - DAG(s) dict_keys(['dataset_consumes_1_never_scheduled', 'dataset_produces_2', 'dataset_consumes_unknown_never_scheduled', 'dataset_produces_1', 'dataset_consumes_1', 'dataset_consumes_1_and_2']) retrieved from /home/airflow/.local/lib/python3.8/site-packages/airflow/example_dags/example_datasets.py
[2025-08-19T18:27:26.447+0000] {logging_mixin.py:151} INFO - [2025-08-19T18:27:26.446+0000] {dag.py:2941} INFO - Sync 6 DAGs
[2025-08-19T18:27:26.534+0000] {logging_mixin.py:151} INFO - [2025-08-19T18:27:26.534+0000] {dag.py:3722} INFO - Setting next_dagrun for dataset_consumes_1 to None, run_after=None
[2025-08-19T18:27:26.543+0000] {logging_mixin.py:151} INFO - [2025-08-19T18:27:26.543+0000] {dag.py:3722} INFO - Setting next_dagrun for dataset_consumes_1_and_2 to None, run_after=None
[2025-08-19T18:27:26.546+0000] {logging_mixin.py:151} INFO - [2025-08-19T18:27:26.546+0000] {dag.py:3722} INFO - Setting next_dagrun for dataset_consumes_1_never_scheduled to None, run_after=None
[2025-08-19T18:27:26.549+0000] {logging_mixin.py:151} INFO - [2025-08-19T18:27:26.549+0000] {dag.py:3722} INFO - Setting next_dagrun for dataset_consumes_unknown_never_scheduled to None, run_after=None
[2025-08-19T18:27:26.558+0000] {logging_mixin.py:151} INFO - [2025-08-19T18:27:26.557+0000] {dag.py:3722} INFO - Setting next_dagrun for dataset_produces_1 to 2025-08-18T00:00:00+00:00, run_after=2025-08-19T00:00:00+00:00
[2025-08-19T18:27:26.561+0000] {logging_mixin.py:151} INFO - [2025-08-19T18:27:26.560+0000] {dag.py:3722} INFO - Setting next_dagrun for dataset_produces_2 to None, run_after=None
[2025-08-19T18:27:26.674+0000] {processor.py:179} INFO - Processing /home/airflow/.local/lib/python3.8/site-packages/airflow/example_dags/example_datasets.py took 0.408 seconds
[2025-08-19T18:27:56.823+0000] {processor.py:157} INFO - Started process (PID=615) to work on /home/airflow/.local/lib/python3.8/site-packages/airflow/example_dags/example_datasets.py
[2025-08-19T18:27:56.825+0000] {processor.py:829} INFO - Processing file /home/airflow/.local/lib/python3.8/site-packages/airflow/example_dags/example_datasets.py for tasks to queue
[2025-08-19T18:27:56.829+0000] {logging_mixin.py:151} INFO - [2025-08-19T18:27:56.828+0000] {dagbag.py:536} INFO - Filling up the DagBag from /home/airflow/.local/lib/python3.8/site-packages/airflow/example_dags/example_datasets.py
[2025-08-19T18:27:56.849+0000] {processor.py:839} INFO - DAG(s) dict_keys(['dataset_produces_1', 'dataset_produces_2', 'dataset_consumes_unknown_never_scheduled', 'dataset_consumes_1_and_2', 'dataset_consumes_1', 'dataset_consumes_1_never_scheduled']) retrieved from /home/airflow/.local/lib/python3.8/site-packages/airflow/example_dags/example_datasets.py
[2025-08-19T18:27:56.953+0000] {logging_mixin.py:151} INFO - [2025-08-19T18:27:56.952+0000] {dag.py:2941} INFO - Sync 6 DAGs
[2025-08-19T18:27:56.988+0000] {logging_mixin.py:151} INFO - [2025-08-19T18:27:56.987+0000] {dag.py:3722} INFO - Setting next_dagrun for dataset_consumes_1 to None, run_after=None
[2025-08-19T18:27:56.993+0000] {logging_mixin.py:151} INFO - [2025-08-19T18:27:56.993+0000] {dag.py:3722} INFO - Setting next_dagrun for dataset_consumes_1_and_2 to None, run_after=None
[2025-08-19T18:27:56.995+0000] {logging_mixin.py:151} INFO - [2025-08-19T18:27:56.995+0000] {dag.py:3722} INFO - Setting next_dagrun for dataset_consumes_1_never_scheduled to None, run_after=None
[2025-08-19T18:27:56.997+0000] {logging_mixin.py:151} INFO - [2025-08-19T18:27:56.996+0000] {dag.py:3722} INFO - Setting next_dagrun for dataset_consumes_unknown_never_scheduled to None, run_after=None
[2025-08-19T18:27:57.002+0000] {logging_mixin.py:151} INFO - [2025-08-19T18:27:57.001+0000] {dag.py:3722} INFO - Setting next_dagrun for dataset_produces_1 to 2025-08-18T00:00:00+00:00, run_after=2025-08-19T00:00:00+00:00
[2025-08-19T18:27:57.004+0000] {logging_mixin.py:151} INFO - [2025-08-19T18:27:57.004+0000] {dag.py:3722} INFO - Setting next_dagrun for dataset_produces_2 to None, run_after=None
[2025-08-19T18:27:57.058+0000] {processor.py:179} INFO - Processing /home/airflow/.local/lib/python3.8/site-packages/airflow/example_dags/example_datasets.py took 0.242 seconds
[2025-08-19T18:28:27.437+0000] {processor.py:157} INFO - Started process (PID=668) to work on /home/airflow/.local/lib/python3.8/site-packages/airflow/example_dags/example_datasets.py
[2025-08-19T18:28:27.439+0000] {processor.py:829} INFO - Processing file /home/airflow/.local/lib/python3.8/site-packages/airflow/example_dags/example_datasets.py for tasks to queue
[2025-08-19T18:28:27.443+0000] {logging_mixin.py:151} INFO - [2025-08-19T18:28:27.442+0000] {dagbag.py:536} INFO - Filling up the DagBag from /home/airflow/.local/lib/python3.8/site-packages/airflow/example_dags/example_datasets.py
[2025-08-19T18:28:27.468+0000] {processor.py:839} INFO - DAG(s) dict_keys(['dataset_consumes_1_never_scheduled', 'dataset_produces_1', 'dataset_consumes_1', 'dataset_consumes_unknown_never_scheduled', 'dataset_consumes_1_and_2', 'dataset_produces_2']) retrieved from /home/airflow/.local/lib/python3.8/site-packages/airflow/example_dags/example_datasets.py
[2025-08-19T18:28:27.540+0000] {logging_mixin.py:151} INFO - [2025-08-19T18:28:27.540+0000] {dag.py:2941} INFO - Sync 6 DAGs
[2025-08-19T18:28:27.601+0000] {logging_mixin.py:151} INFO - [2025-08-19T18:28:27.600+0000] {dag.py:3722} INFO - Setting next_dagrun for dataset_consumes_1 to None, run_after=None
[2025-08-19T18:28:27.614+0000] {logging_mixin.py:151} INFO - [2025-08-19T18:28:27.613+0000] {dag.py:3722} INFO - Setting next_dagrun for dataset_consumes_1_and_2 to None, run_after=None
[2025-08-19T18:28:27.618+0000] {logging_mixin.py:151} INFO - [2025-08-19T18:28:27.617+0000] {dag.py:3722} INFO - Setting next_dagrun for dataset_consumes_1_never_scheduled to None, run_after=None
[2025-08-19T18:28:27.621+0000] {logging_mixin.py:151} INFO - [2025-08-19T18:28:27.621+0000] {dag.py:3722} INFO - Setting next_dagrun for dataset_consumes_unknown_never_scheduled to None, run_after=None
[2025-08-19T18:28:27.631+0000] {logging_mixin.py:151} INFO - [2025-08-19T18:28:27.631+0000] {dag.py:3722} INFO - Setting next_dagrun for dataset_produces_1 to 2025-08-18T00:00:00+00:00, run_after=2025-08-19T00:00:00+00:00
[2025-08-19T18:28:27.634+0000] {logging_mixin.py:151} INFO - [2025-08-19T18:28:27.633+0000] {dag.py:3722} INFO - Setting next_dagrun for dataset_produces_2 to None, run_after=None
[2025-08-19T18:28:27.730+0000] {processor.py:179} INFO - Processing /home/airflow/.local/lib/python3.8/site-packages/airflow/example_dags/example_datasets.py took 0.299 seconds
[2025-08-19T18:28:58.001+0000] {processor.py:157} INFO - Started process (PID=722) to work on /home/airflow/.local/lib/python3.8/site-packages/airflow/example_dags/example_datasets.py
[2025-08-19T18:28:58.004+0000] {processor.py:829} INFO - Processing file /home/airflow/.local/lib/python3.8/site-packages/airflow/example_dags/example_datasets.py for tasks to queue
[2025-08-19T18:28:58.013+0000] {logging_mixin.py:151} INFO - [2025-08-19T18:28:58.010+0000] {dagbag.py:536} INFO - Filling up the DagBag from /home/airflow/.local/lib/python3.8/site-packages/airflow/example_dags/example_datasets.py
[2025-08-19T18:28:58.036+0000] {processor.py:839} INFO - DAG(s) dict_keys(['dataset_produces_2', 'dataset_produces_1', 'dataset_consumes_1_and_2', 'dataset_consumes_1', 'dataset_consumes_unknown_never_scheduled', 'dataset_consumes_1_never_scheduled']) retrieved from /home/airflow/.local/lib/python3.8/site-packages/airflow/example_dags/example_datasets.py
[2025-08-19T18:28:58.140+0000] {logging_mixin.py:151} INFO - [2025-08-19T18:28:58.139+0000] {dag.py:2941} INFO - Sync 6 DAGs
[2025-08-19T18:28:58.186+0000] {logging_mixin.py:151} INFO - [2025-08-19T18:28:58.185+0000] {dag.py:3722} INFO - Setting next_dagrun for dataset_consumes_1 to None, run_after=None
[2025-08-19T18:28:58.196+0000] {logging_mixin.py:151} INFO - [2025-08-19T18:28:58.195+0000] {dag.py:3722} INFO - Setting next_dagrun for dataset_consumes_1_and_2 to None, run_after=None
[2025-08-19T18:28:58.198+0000] {logging_mixin.py:151} INFO - [2025-08-19T18:28:58.198+0000] {dag.py:3722} INFO - Setting next_dagrun for dataset_consumes_1_never_scheduled to None, run_after=None
[2025-08-19T18:28:58.200+0000] {logging_mixin.py:151} INFO - [2025-08-19T18:28:58.200+0000] {dag.py:3722} INFO - Setting next_dagrun for dataset_consumes_unknown_never_scheduled to None, run_after=None
[2025-08-19T18:28:58.207+0000] {logging_mixin.py:151} INFO - [2025-08-19T18:28:58.207+0000] {dag.py:3722} INFO - Setting next_dagrun for dataset_produces_1 to 2025-08-18T00:00:00+00:00, run_after=2025-08-19T00:00:00+00:00
[2025-08-19T18:28:58.209+0000] {logging_mixin.py:151} INFO - [2025-08-19T18:28:58.209+0000] {dag.py:3722} INFO - Setting next_dagrun for dataset_produces_2 to None, run_after=None
[2025-08-19T18:28:58.277+0000] {processor.py:179} INFO - Processing /home/airflow/.local/lib/python3.8/site-packages/airflow/example_dags/example_datasets.py took 0.281 seconds
[2025-08-19T18:29:28.471+0000] {processor.py:157} INFO - Started process (PID=767) to work on /home/airflow/.local/lib/python3.8/site-packages/airflow/example_dags/example_datasets.py
[2025-08-19T18:29:28.473+0000] {processor.py:829} INFO - Processing file /home/airflow/.local/lib/python3.8/site-packages/airflow/example_dags/example_datasets.py for tasks to queue
[2025-08-19T18:29:28.476+0000] {logging_mixin.py:151} INFO - [2025-08-19T18:29:28.476+0000] {dagbag.py:536} INFO - Filling up the DagBag from /home/airflow/.local/lib/python3.8/site-packages/airflow/example_dags/example_datasets.py
[2025-08-19T18:29:28.493+0000] {processor.py:839} INFO - DAG(s) dict_keys(['dataset_consumes_unknown_never_scheduled', 'dataset_produces_1', 'dataset_produces_2', 'dataset_consumes_1_never_scheduled', 'dataset_consumes_1_and_2', 'dataset_consumes_1']) retrieved from /home/airflow/.local/lib/python3.8/site-packages/airflow/example_dags/example_datasets.py
[2025-08-19T18:29:28.574+0000] {logging_mixin.py:151} INFO - [2025-08-19T18:29:28.573+0000] {dag.py:2941} INFO - Sync 6 DAGs
[2025-08-19T18:29:28.641+0000] {logging_mixin.py:151} INFO - [2025-08-19T18:29:28.640+0000] {dag.py:3722} INFO - Setting next_dagrun for dataset_consumes_1 to None, run_after=None
[2025-08-19T18:29:28.649+0000] {logging_mixin.py:151} INFO - [2025-08-19T18:29:28.649+0000] {dag.py:3722} INFO - Setting next_dagrun for dataset_consumes_1_and_2 to None, run_after=None
[2025-08-19T18:29:28.652+0000] {logging_mixin.py:151} INFO - [2025-08-19T18:29:28.652+0000] {dag.py:3722} INFO - Setting next_dagrun for dataset_consumes_1_never_scheduled to None, run_after=None
[2025-08-19T18:29:28.662+0000] {logging_mixin.py:151} INFO - [2025-08-19T18:29:28.661+0000] {dag.py:3722} INFO - Setting next_dagrun for dataset_consumes_unknown_never_scheduled to None, run_after=None
[2025-08-19T18:29:28.667+0000] {logging_mixin.py:151} INFO - [2025-08-19T18:29:28.667+0000] {dag.py:3722} INFO - Setting next_dagrun for dataset_produces_1 to 2025-08-18T00:00:00+00:00, run_after=2025-08-19T00:00:00+00:00
[2025-08-19T18:29:28.669+0000] {logging_mixin.py:151} INFO - [2025-08-19T18:29:28.669+0000] {dag.py:3722} INFO - Setting next_dagrun for dataset_produces_2 to None, run_after=None
[2025-08-19T18:29:28.755+0000] {processor.py:179} INFO - Processing /home/airflow/.local/lib/python3.8/site-packages/airflow/example_dags/example_datasets.py took 0.290 seconds
[2025-08-19T18:29:59.664+0000] {processor.py:157} INFO - Started process (PID=821) to work on /home/airflow/.local/lib/python3.8/site-packages/airflow/example_dags/example_datasets.py
[2025-08-19T18:29:59.668+0000] {processor.py:829} INFO - Processing file /home/airflow/.local/lib/python3.8/site-packages/airflow/example_dags/example_datasets.py for tasks to queue
[2025-08-19T18:29:59.673+0000] {logging_mixin.py:151} INFO - [2025-08-19T18:29:59.673+0000] {dagbag.py:536} INFO - Filling up the DagBag from /home/airflow/.local/lib/python3.8/site-packages/airflow/example_dags/example_datasets.py
[2025-08-19T18:29:59.690+0000] {processor.py:839} INFO - DAG(s) dict_keys(['dataset_consumes_unknown_never_scheduled', 'dataset_consumes_1', 'dataset_consumes_1_and_2', 'dataset_consumes_1_never_scheduled', 'dataset_produces_2', 'dataset_produces_1']) retrieved from /home/airflow/.local/lib/python3.8/site-packages/airflow/example_dags/example_datasets.py
[2025-08-19T18:29:59.771+0000] {logging_mixin.py:151} INFO - [2025-08-19T18:29:59.771+0000] {dag.py:2941} INFO - Sync 6 DAGs
[2025-08-19T18:30:00.108+0000] {logging_mixin.py:151} INFO - [2025-08-19T18:30:00.108+0000] {dag.py:3722} INFO - Setting next_dagrun for dataset_consumes_1 to None, run_after=None
[2025-08-19T18:30:00.114+0000] {logging_mixin.py:151} INFO - [2025-08-19T18:30:00.113+0000] {dag.py:3722} INFO - Setting next_dagrun for dataset_consumes_1_and_2 to None, run_after=None
[2025-08-19T18:30:00.116+0000] {logging_mixin.py:151} INFO - [2025-08-19T18:30:00.116+0000] {dag.py:3722} INFO - Setting next_dagrun for dataset_consumes_1_never_scheduled to None, run_after=None
[2025-08-19T18:30:00.118+0000] {logging_mixin.py:151} INFO - [2025-08-19T18:30:00.117+0000] {dag.py:3722} INFO - Setting next_dagrun for dataset_consumes_unknown_never_scheduled to None, run_after=None
[2025-08-19T18:30:00.122+0000] {logging_mixin.py:151} INFO - [2025-08-19T18:30:00.122+0000] {dag.py:3722} INFO - Setting next_dagrun for dataset_produces_1 to 2025-08-18T00:00:00+00:00, run_after=2025-08-19T00:00:00+00:00
[2025-08-19T18:30:00.125+0000] {logging_mixin.py:151} INFO - [2025-08-19T18:30:00.124+0000] {dag.py:3722} INFO - Setting next_dagrun for dataset_produces_2 to None, run_after=None
[2025-08-19T18:30:00.189+0000] {processor.py:179} INFO - Processing /home/airflow/.local/lib/python3.8/site-packages/airflow/example_dags/example_datasets.py took 0.533 seconds
[2025-08-19T18:30:59.316+0000] {processor.py:157} INFO - Started process (PID=118) to work on /home/airflow/.local/lib/python3.8/site-packages/airflow/example_dags/example_datasets.py
[2025-08-19T18:30:59.318+0000] {processor.py:829} INFO - Processing file /home/airflow/.local/lib/python3.8/site-packages/airflow/example_dags/example_datasets.py for tasks to queue
[2025-08-19T18:30:59.325+0000] {logging_mixin.py:151} INFO - [2025-08-19T18:30:59.325+0000] {dagbag.py:536} INFO - Filling up the DagBag from /home/airflow/.local/lib/python3.8/site-packages/airflow/example_dags/example_datasets.py
[2025-08-19T18:30:59.349+0000] {processor.py:839} INFO - DAG(s) dict_keys(['dataset_consumes_1_and_2', 'dataset_produces_2', 'dataset_consumes_1', 'dataset_consumes_1_never_scheduled', 'dataset_produces_1', 'dataset_consumes_unknown_never_scheduled']) retrieved from /home/airflow/.local/lib/python3.8/site-packages/airflow/example_dags/example_datasets.py
[2025-08-19T18:30:59.511+0000] {logging_mixin.py:151} INFO - [2025-08-19T18:30:59.511+0000] {dag.py:2941} INFO - Sync 6 DAGs
[2025-08-19T18:30:59.622+0000] {logging_mixin.py:151} INFO - [2025-08-19T18:30:59.621+0000] {dag.py:3722} INFO - Setting next_dagrun for dataset_consumes_1 to None, run_after=None
[2025-08-19T18:30:59.631+0000] {logging_mixin.py:151} INFO - [2025-08-19T18:30:59.631+0000] {dag.py:3722} INFO - Setting next_dagrun for dataset_consumes_1_and_2 to None, run_after=None
[2025-08-19T18:30:59.635+0000] {logging_mixin.py:151} INFO - [2025-08-19T18:30:59.635+0000] {dag.py:3722} INFO - Setting next_dagrun for dataset_consumes_1_never_scheduled to None, run_after=None
[2025-08-19T18:30:59.640+0000] {logging_mixin.py:151} INFO - [2025-08-19T18:30:59.640+0000] {dag.py:3722} INFO - Setting next_dagrun for dataset_consumes_unknown_never_scheduled to None, run_after=None
[2025-08-19T18:30:59.665+0000] {logging_mixin.py:151} INFO - [2025-08-19T18:30:59.663+0000] {dag.py:3722} INFO - Setting next_dagrun for dataset_produces_1 to 2025-08-18T00:00:00+00:00, run_after=2025-08-19T00:00:00+00:00
[2025-08-19T18:30:59.670+0000] {logging_mixin.py:151} INFO - [2025-08-19T18:30:59.669+0000] {dag.py:3722} INFO - Setting next_dagrun for dataset_produces_2 to None, run_after=None
[2025-08-19T18:30:59.773+0000] {processor.py:179} INFO - Processing /home/airflow/.local/lib/python3.8/site-packages/airflow/example_dags/example_datasets.py took 0.464 seconds
[2025-08-19T18:31:29.971+0000] {processor.py:157} INFO - Started process (PID=173) to work on /home/airflow/.local/lib/python3.8/site-packages/airflow/example_dags/example_datasets.py
[2025-08-19T18:31:29.974+0000] {processor.py:829} INFO - Processing file /home/airflow/.local/lib/python3.8/site-packages/airflow/example_dags/example_datasets.py for tasks to queue
[2025-08-19T18:31:29.978+0000] {logging_mixin.py:151} INFO - [2025-08-19T18:31:29.978+0000] {dagbag.py:536} INFO - Filling up the DagBag from /home/airflow/.local/lib/python3.8/site-packages/airflow/example_dags/example_datasets.py
[2025-08-19T18:31:29.993+0000] {processor.py:839} INFO - DAG(s) dict_keys(['dataset_produces_1', 'dataset_consumes_1_and_2', 'dataset_consumes_1', 'dataset_produces_2', 'dataset_consumes_unknown_never_scheduled', 'dataset_consumes_1_never_scheduled']) retrieved from /home/airflow/.local/lib/python3.8/site-packages/airflow/example_dags/example_datasets.py
[2025-08-19T18:31:30.061+0000] {logging_mixin.py:151} INFO - [2025-08-19T18:31:30.061+0000] {dag.py:2941} INFO - Sync 6 DAGs
[2025-08-19T18:31:30.106+0000] {logging_mixin.py:151} INFO - [2025-08-19T18:31:30.105+0000] {dag.py:3722} INFO - Setting next_dagrun for dataset_consumes_1 to None, run_after=None
[2025-08-19T18:31:30.114+0000] {logging_mixin.py:151} INFO - [2025-08-19T18:31:30.114+0000] {dag.py:3722} INFO - Setting next_dagrun for dataset_consumes_1_and_2 to None, run_after=None
[2025-08-19T18:31:30.117+0000] {logging_mixin.py:151} INFO - [2025-08-19T18:31:30.117+0000] {dag.py:3722} INFO - Setting next_dagrun for dataset_consumes_1_never_scheduled to None, run_after=None
[2025-08-19T18:31:30.123+0000] {logging_mixin.py:151} INFO - [2025-08-19T18:31:30.121+0000] {dag.py:3722} INFO - Setting next_dagrun for dataset_consumes_unknown_never_scheduled to None, run_after=None
[2025-08-19T18:31:30.130+0000] {logging_mixin.py:151} INFO - [2025-08-19T18:31:30.130+0000] {dag.py:3722} INFO - Setting next_dagrun for dataset_produces_1 to 2025-08-18T00:00:00+00:00, run_after=2025-08-19T00:00:00+00:00
[2025-08-19T18:31:30.133+0000] {logging_mixin.py:151} INFO - [2025-08-19T18:31:30.133+0000] {dag.py:3722} INFO - Setting next_dagrun for dataset_produces_2 to None, run_after=None
[2025-08-19T18:31:30.205+0000] {processor.py:179} INFO - Processing /home/airflow/.local/lib/python3.8/site-packages/airflow/example_dags/example_datasets.py took 0.240 seconds
[2025-08-19T18:32:00.307+0000] {processor.py:157} INFO - Started process (PID=227) to work on /home/airflow/.local/lib/python3.8/site-packages/airflow/example_dags/example_datasets.py
[2025-08-19T18:32:00.309+0000] {processor.py:829} INFO - Processing file /home/airflow/.local/lib/python3.8/site-packages/airflow/example_dags/example_datasets.py for tasks to queue
[2025-08-19T18:32:00.313+0000] {logging_mixin.py:151} INFO - [2025-08-19T18:32:00.312+0000] {dagbag.py:536} INFO - Filling up the DagBag from /home/airflow/.local/lib/python3.8/site-packages/airflow/example_dags/example_datasets.py
[2025-08-19T18:32:00.327+0000] {processor.py:839} INFO - DAG(s) dict_keys(['dataset_consumes_1_never_scheduled', 'dataset_consumes_unknown_never_scheduled', 'dataset_produces_1', 'dataset_consumes_1_and_2', 'dataset_consumes_1', 'dataset_produces_2']) retrieved from /home/airflow/.local/lib/python3.8/site-packages/airflow/example_dags/example_datasets.py
[2025-08-19T18:32:00.394+0000] {logging_mixin.py:151} INFO - [2025-08-19T18:32:00.394+0000] {dag.py:2941} INFO - Sync 6 DAGs
[2025-08-19T18:32:00.432+0000] {logging_mixin.py:151} INFO - [2025-08-19T18:32:00.432+0000] {dag.py:3722} INFO - Setting next_dagrun for dataset_consumes_1 to None, run_after=None
[2025-08-19T18:32:00.437+0000] {logging_mixin.py:151} INFO - [2025-08-19T18:32:00.436+0000] {dag.py:3722} INFO - Setting next_dagrun for dataset_consumes_1_and_2 to None, run_after=None
[2025-08-19T18:32:00.439+0000] {logging_mixin.py:151} INFO - [2025-08-19T18:32:00.439+0000] {dag.py:3722} INFO - Setting next_dagrun for dataset_consumes_1_never_scheduled to None, run_after=None
[2025-08-19T18:32:00.442+0000] {logging_mixin.py:151} INFO - [2025-08-19T18:32:00.441+0000] {dag.py:3722} INFO - Setting next_dagrun for dataset_consumes_unknown_never_scheduled to None, run_after=None
[2025-08-19T18:32:00.446+0000] {logging_mixin.py:151} INFO - [2025-08-19T18:32:00.445+0000] {dag.py:3722} INFO - Setting next_dagrun for dataset_produces_1 to 2025-08-18T00:00:00+00:00, run_after=2025-08-19T00:00:00+00:00
[2025-08-19T18:32:00.447+0000] {logging_mixin.py:151} INFO - [2025-08-19T18:32:00.447+0000] {dag.py:3722} INFO - Setting next_dagrun for dataset_produces_2 to None, run_after=None
[2025-08-19T18:32:00.502+0000] {processor.py:179} INFO - Processing /home/airflow/.local/lib/python3.8/site-packages/airflow/example_dags/example_datasets.py took 0.200 seconds
[2025-08-19T18:32:31.065+0000] {processor.py:157} INFO - Started process (PID=281) to work on /home/airflow/.local/lib/python3.8/site-packages/airflow/example_dags/example_datasets.py
[2025-08-19T18:32:31.067+0000] {processor.py:829} INFO - Processing file /home/airflow/.local/lib/python3.8/site-packages/airflow/example_dags/example_datasets.py for tasks to queue
[2025-08-19T18:32:31.070+0000] {logging_mixin.py:151} INFO - [2025-08-19T18:32:31.070+0000] {dagbag.py:536} INFO - Filling up the DagBag from /home/airflow/.local/lib/python3.8/site-packages/airflow/example_dags/example_datasets.py
[2025-08-19T18:32:31.086+0000] {processor.py:839} INFO - DAG(s) dict_keys(['dataset_consumes_1_never_scheduled', 'dataset_produces_2', 'dataset_consumes_1', 'dataset_consumes_unknown_never_scheduled', 'dataset_produces_1', 'dataset_consumes_1_and_2']) retrieved from /home/airflow/.local/lib/python3.8/site-packages/airflow/example_dags/example_datasets.py
[2025-08-19T18:32:31.160+0000] {logging_mixin.py:151} INFO - [2025-08-19T18:32:31.160+0000] {dag.py:2941} INFO - Sync 6 DAGs
[2025-08-19T18:32:31.210+0000] {logging_mixin.py:151} INFO - [2025-08-19T18:32:31.209+0000] {dag.py:3722} INFO - Setting next_dagrun for dataset_consumes_1 to None, run_after=None
[2025-08-19T18:32:31.217+0000] {logging_mixin.py:151} INFO - [2025-08-19T18:32:31.216+0000] {dag.py:3722} INFO - Setting next_dagrun for dataset_consumes_1_and_2 to None, run_after=None
[2025-08-19T18:32:31.220+0000] {logging_mixin.py:151} INFO - [2025-08-19T18:32:31.219+0000] {dag.py:3722} INFO - Setting next_dagrun for dataset_consumes_1_never_scheduled to None, run_after=None
[2025-08-19T18:32:31.225+0000] {logging_mixin.py:151} INFO - [2025-08-19T18:32:31.224+0000] {dag.py:3722} INFO - Setting next_dagrun for dataset_consumes_unknown_never_scheduled to None, run_after=None
[2025-08-19T18:32:31.231+0000] {logging_mixin.py:151} INFO - [2025-08-19T18:32:31.231+0000] {dag.py:3722} INFO - Setting next_dagrun for dataset_produces_1 to 2025-08-18T00:00:00+00:00, run_after=2025-08-19T00:00:00+00:00
[2025-08-19T18:32:31.233+0000] {logging_mixin.py:151} INFO - [2025-08-19T18:32:31.233+0000] {dag.py:3722} INFO - Setting next_dagrun for dataset_produces_2 to None, run_after=None
[2025-08-19T18:32:31.297+0000] {processor.py:179} INFO - Processing /home/airflow/.local/lib/python3.8/site-packages/airflow/example_dags/example_datasets.py took 0.238 seconds
[2025-08-19T18:33:01.720+0000] {processor.py:157} INFO - Started process (PID=328) to work on /home/airflow/.local/lib/python3.8/site-packages/airflow/example_dags/example_datasets.py
[2025-08-19T18:33:01.722+0000] {processor.py:829} INFO - Processing file /home/airflow/.local/lib/python3.8/site-packages/airflow/example_dags/example_datasets.py for tasks to queue
[2025-08-19T18:33:01.725+0000] {logging_mixin.py:151} INFO - [2025-08-19T18:33:01.725+0000] {dagbag.py:536} INFO - Filling up the DagBag from /home/airflow/.local/lib/python3.8/site-packages/airflow/example_dags/example_datasets.py
[2025-08-19T18:33:01.743+0000] {processor.py:839} INFO - DAG(s) dict_keys(['dataset_consumes_1', 'dataset_consumes_1_never_scheduled', 'dataset_produces_1', 'dataset_produces_2', 'dataset_consumes_1_and_2', 'dataset_consumes_unknown_never_scheduled']) retrieved from /home/airflow/.local/lib/python3.8/site-packages/airflow/example_dags/example_datasets.py
[2025-08-19T18:33:01.808+0000] {logging_mixin.py:151} INFO - [2025-08-19T18:33:01.808+0000] {dag.py:2941} INFO - Sync 6 DAGs
[2025-08-19T18:33:01.847+0000] {logging_mixin.py:151} INFO - [2025-08-19T18:33:01.847+0000] {dag.py:3722} INFO - Setting next_dagrun for dataset_consumes_1 to None, run_after=None
[2025-08-19T18:33:01.855+0000] {logging_mixin.py:151} INFO - [2025-08-19T18:33:01.854+0000] {dag.py:3722} INFO - Setting next_dagrun for dataset_consumes_1_and_2 to None, run_after=None
[2025-08-19T18:33:01.857+0000] {logging_mixin.py:151} INFO - [2025-08-19T18:33:01.856+0000] {dag.py:3722} INFO - Setting next_dagrun for dataset_consumes_1_never_scheduled to None, run_after=None
[2025-08-19T18:33:01.859+0000] {logging_mixin.py:151} INFO - [2025-08-19T18:33:01.858+0000] {dag.py:3722} INFO - Setting next_dagrun for dataset_consumes_unknown_never_scheduled to None, run_after=None
[2025-08-19T18:33:01.863+0000] {logging_mixin.py:151} INFO - [2025-08-19T18:33:01.863+0000] {dag.py:3722} INFO - Setting next_dagrun for dataset_produces_1 to 2025-08-18T00:00:00+00:00, run_after=2025-08-19T00:00:00+00:00
[2025-08-19T18:33:01.865+0000] {logging_mixin.py:151} INFO - [2025-08-19T18:33:01.865+0000] {dag.py:3722} INFO - Setting next_dagrun for dataset_produces_2 to None, run_after=None
[2025-08-19T18:33:01.930+0000] {processor.py:179} INFO - Processing /home/airflow/.local/lib/python3.8/site-packages/airflow/example_dags/example_datasets.py took 0.220 seconds
[2025-08-19T18:33:32.290+0000] {processor.py:157} INFO - Started process (PID=382) to work on /home/airflow/.local/lib/python3.8/site-packages/airflow/example_dags/example_datasets.py
[2025-08-19T18:33:32.294+0000] {processor.py:829} INFO - Processing file /home/airflow/.local/lib/python3.8/site-packages/airflow/example_dags/example_datasets.py for tasks to queue
[2025-08-19T18:33:32.298+0000] {logging_mixin.py:151} INFO - [2025-08-19T18:33:32.297+0000] {dagbag.py:536} INFO - Filling up the DagBag from /home/airflow/.local/lib/python3.8/site-packages/airflow/example_dags/example_datasets.py
[2025-08-19T18:33:32.315+0000] {processor.py:839} INFO - DAG(s) dict_keys(['dataset_consumes_1_and_2', 'dataset_consumes_1', 'dataset_produces_2', 'dataset_consumes_unknown_never_scheduled', 'dataset_produces_1', 'dataset_consumes_1_never_scheduled']) retrieved from /home/airflow/.local/lib/python3.8/site-packages/airflow/example_dags/example_datasets.py
[2025-08-19T18:33:32.380+0000] {logging_mixin.py:151} INFO - [2025-08-19T18:33:32.380+0000] {dag.py:2941} INFO - Sync 6 DAGs
[2025-08-19T18:33:32.415+0000] {logging_mixin.py:151} INFO - [2025-08-19T18:33:32.415+0000] {dag.py:3722} INFO - Setting next_dagrun for dataset_consumes_1 to None, run_after=None
[2025-08-19T18:33:32.420+0000] {logging_mixin.py:151} INFO - [2025-08-19T18:33:32.420+0000] {dag.py:3722} INFO - Setting next_dagrun for dataset_consumes_1_and_2 to None, run_after=None
[2025-08-19T18:33:32.423+0000] {logging_mixin.py:151} INFO - [2025-08-19T18:33:32.422+0000] {dag.py:3722} INFO - Setting next_dagrun for dataset_consumes_1_never_scheduled to None, run_after=None
[2025-08-19T18:33:32.425+0000] {logging_mixin.py:151} INFO - [2025-08-19T18:33:32.425+0000] {dag.py:3722} INFO - Setting next_dagrun for dataset_consumes_unknown_never_scheduled to None, run_after=None
[2025-08-19T18:33:32.429+0000] {logging_mixin.py:151} INFO - [2025-08-19T18:33:32.429+0000] {dag.py:3722} INFO - Setting next_dagrun for dataset_produces_1 to 2025-08-18T00:00:00+00:00, run_after=2025-08-19T00:00:00+00:00
[2025-08-19T18:33:32.431+0000] {logging_mixin.py:151} INFO - [2025-08-19T18:33:32.431+0000] {dag.py:3722} INFO - Setting next_dagrun for dataset_produces_2 to None, run_after=None
[2025-08-19T18:33:32.487+0000] {processor.py:179} INFO - Processing /home/airflow/.local/lib/python3.8/site-packages/airflow/example_dags/example_datasets.py took 0.203 seconds
[2025-08-19T18:34:02.992+0000] {processor.py:157} INFO - Started process (PID=436) to work on /home/airflow/.local/lib/python3.8/site-packages/airflow/example_dags/example_datasets.py
[2025-08-19T18:34:02.994+0000] {processor.py:829} INFO - Processing file /home/airflow/.local/lib/python3.8/site-packages/airflow/example_dags/example_datasets.py for tasks to queue
[2025-08-19T18:34:03.000+0000] {logging_mixin.py:151} INFO - [2025-08-19T18:34:02.999+0000] {dagbag.py:536} INFO - Filling up the DagBag from /home/airflow/.local/lib/python3.8/site-packages/airflow/example_dags/example_datasets.py
[2025-08-19T18:34:03.017+0000] {processor.py:839} INFO - DAG(s) dict_keys(['dataset_produces_1', 'dataset_produces_2', 'dataset_consumes_1_and_2', 'dataset_consumes_unknown_never_scheduled', 'dataset_consumes_1', 'dataset_consumes_1_never_scheduled']) retrieved from /home/airflow/.local/lib/python3.8/site-packages/airflow/example_dags/example_datasets.py
[2025-08-19T18:34:03.080+0000] {logging_mixin.py:151} INFO - [2025-08-19T18:34:03.080+0000] {dag.py:2941} INFO - Sync 6 DAGs
[2025-08-19T18:34:03.122+0000] {logging_mixin.py:151} INFO - [2025-08-19T18:34:03.121+0000] {dag.py:3722} INFO - Setting next_dagrun for dataset_consumes_1 to None, run_after=None
[2025-08-19T18:34:03.129+0000] {logging_mixin.py:151} INFO - [2025-08-19T18:34:03.129+0000] {dag.py:3722} INFO - Setting next_dagrun for dataset_consumes_1_and_2 to None, run_after=None
[2025-08-19T18:34:03.132+0000] {logging_mixin.py:151} INFO - [2025-08-19T18:34:03.132+0000] {dag.py:3722} INFO - Setting next_dagrun for dataset_consumes_1_never_scheduled to None, run_after=None
[2025-08-19T18:34:03.135+0000] {logging_mixin.py:151} INFO - [2025-08-19T18:34:03.134+0000] {dag.py:3722} INFO - Setting next_dagrun for dataset_consumes_unknown_never_scheduled to None, run_after=None
[2025-08-19T18:34:03.140+0000] {logging_mixin.py:151} INFO - [2025-08-19T18:34:03.139+0000] {dag.py:3722} INFO - Setting next_dagrun for dataset_produces_1 to 2025-08-18T00:00:00+00:00, run_after=2025-08-19T00:00:00+00:00
[2025-08-19T18:34:03.143+0000] {logging_mixin.py:151} INFO - [2025-08-19T18:34:03.142+0000] {dag.py:3722} INFO - Setting next_dagrun for dataset_produces_2 to None, run_after=None
[2025-08-19T18:34:03.220+0000] {processor.py:179} INFO - Processing /home/airflow/.local/lib/python3.8/site-packages/airflow/example_dags/example_datasets.py took 0.234 seconds
[2025-08-19T18:34:33.975+0000] {processor.py:157} INFO - Started process (PID=490) to work on /home/airflow/.local/lib/python3.8/site-packages/airflow/example_dags/example_datasets.py
[2025-08-19T18:34:33.978+0000] {processor.py:829} INFO - Processing file /home/airflow/.local/lib/python3.8/site-packages/airflow/example_dags/example_datasets.py for tasks to queue
[2025-08-19T18:34:33.985+0000] {logging_mixin.py:151} INFO - [2025-08-19T18:34:33.985+0000] {dagbag.py:536} INFO - Filling up the DagBag from /home/airflow/.local/lib/python3.8/site-packages/airflow/example_dags/example_datasets.py
[2025-08-19T18:34:34.006+0000] {processor.py:839} INFO - DAG(s) dict_keys(['dataset_consumes_1', 'dataset_consumes_unknown_never_scheduled', 'dataset_consumes_1_never_scheduled', 'dataset_produces_1', 'dataset_produces_2', 'dataset_consumes_1_and_2']) retrieved from /home/airflow/.local/lib/python3.8/site-packages/airflow/example_dags/example_datasets.py
[2025-08-19T18:34:34.070+0000] {logging_mixin.py:151} INFO - [2025-08-19T18:34:34.070+0000] {dag.py:2941} INFO - Sync 6 DAGs
[2025-08-19T18:34:34.102+0000] {logging_mixin.py:151} INFO - [2025-08-19T18:34:34.102+0000] {dag.py:3722} INFO - Setting next_dagrun for dataset_consumes_1 to None, run_after=None
[2025-08-19T18:34:34.108+0000] {logging_mixin.py:151} INFO - [2025-08-19T18:34:34.107+0000] {dag.py:3722} INFO - Setting next_dagrun for dataset_consumes_1_and_2 to None, run_after=None
[2025-08-19T18:34:34.110+0000] {logging_mixin.py:151} INFO - [2025-08-19T18:34:34.110+0000] {dag.py:3722} INFO - Setting next_dagrun for dataset_consumes_1_never_scheduled to None, run_after=None
[2025-08-19T18:34:34.112+0000] {logging_mixin.py:151} INFO - [2025-08-19T18:34:34.112+0000] {dag.py:3722} INFO - Setting next_dagrun for dataset_consumes_unknown_never_scheduled to None, run_after=None
[2025-08-19T18:34:34.115+0000] {logging_mixin.py:151} INFO - [2025-08-19T18:34:34.115+0000] {dag.py:3722} INFO - Setting next_dagrun for dataset_produces_1 to 2025-08-18T00:00:00+00:00, run_after=2025-08-19T00:00:00+00:00
[2025-08-19T18:34:34.117+0000] {logging_mixin.py:151} INFO - [2025-08-19T18:34:34.116+0000] {dag.py:3722} INFO - Setting next_dagrun for dataset_produces_2 to None, run_after=None
[2025-08-19T18:34:34.167+0000] {processor.py:179} INFO - Processing /home/airflow/.local/lib/python3.8/site-packages/airflow/example_dags/example_datasets.py took 0.198 seconds
[2025-08-19T18:35:04.410+0000] {processor.py:157} INFO - Started process (PID=544) to work on /home/airflow/.local/lib/python3.8/site-packages/airflow/example_dags/example_datasets.py
[2025-08-19T18:35:04.411+0000] {processor.py:829} INFO - Processing file /home/airflow/.local/lib/python3.8/site-packages/airflow/example_dags/example_datasets.py for tasks to queue
[2025-08-19T18:35:04.415+0000] {logging_mixin.py:151} INFO - [2025-08-19T18:35:04.414+0000] {dagbag.py:536} INFO - Filling up the DagBag from /home/airflow/.local/lib/python3.8/site-packages/airflow/example_dags/example_datasets.py
[2025-08-19T18:35:04.429+0000] {processor.py:839} INFO - DAG(s) dict_keys(['dataset_consumes_unknown_never_scheduled', 'dataset_produces_1', 'dataset_produces_2', 'dataset_consumes_1_and_2', 'dataset_consumes_1_never_scheduled', 'dataset_consumes_1']) retrieved from /home/airflow/.local/lib/python3.8/site-packages/airflow/example_dags/example_datasets.py
[2025-08-19T18:35:04.512+0000] {logging_mixin.py:151} INFO - [2025-08-19T18:35:04.511+0000] {dag.py:2941} INFO - Sync 6 DAGs
[2025-08-19T18:35:04.575+0000] {logging_mixin.py:151} INFO - [2025-08-19T18:35:04.575+0000] {dag.py:3722} INFO - Setting next_dagrun for dataset_consumes_1 to None, run_after=None
[2025-08-19T18:35:04.585+0000] {logging_mixin.py:151} INFO - [2025-08-19T18:35:04.585+0000] {dag.py:3722} INFO - Setting next_dagrun for dataset_consumes_1_and_2 to None, run_after=None
[2025-08-19T18:35:04.588+0000] {logging_mixin.py:151} INFO - [2025-08-19T18:35:04.588+0000] {dag.py:3722} INFO - Setting next_dagrun for dataset_consumes_1_never_scheduled to None, run_after=None
[2025-08-19T18:35:04.591+0000] {logging_mixin.py:151} INFO - [2025-08-19T18:35:04.590+0000] {dag.py:3722} INFO - Setting next_dagrun for dataset_consumes_unknown_never_scheduled to None, run_after=None
[2025-08-19T18:35:04.598+0000] {logging_mixin.py:151} INFO - [2025-08-19T18:35:04.597+0000] {dag.py:3722} INFO - Setting next_dagrun for dataset_produces_1 to 2025-08-18T00:00:00+00:00, run_after=2025-08-19T00:00:00+00:00
[2025-08-19T18:35:04.604+0000] {logging_mixin.py:151} INFO - [2025-08-19T18:35:04.603+0000] {dag.py:3722} INFO - Setting next_dagrun for dataset_produces_2 to None, run_after=None
[2025-08-19T18:35:04.681+0000] {processor.py:179} INFO - Processing /home/airflow/.local/lib/python3.8/site-packages/airflow/example_dags/example_datasets.py took 0.282 seconds
[2025-08-19T18:35:35.163+0000] {processor.py:157} INFO - Started process (PID=598) to work on /home/airflow/.local/lib/python3.8/site-packages/airflow/example_dags/example_datasets.py
[2025-08-19T18:35:35.165+0000] {processor.py:829} INFO - Processing file /home/airflow/.local/lib/python3.8/site-packages/airflow/example_dags/example_datasets.py for tasks to queue
[2025-08-19T18:35:35.169+0000] {logging_mixin.py:151} INFO - [2025-08-19T18:35:35.168+0000] {dagbag.py:536} INFO - Filling up the DagBag from /home/airflow/.local/lib/python3.8/site-packages/airflow/example_dags/example_datasets.py
[2025-08-19T18:35:35.184+0000] {processor.py:839} INFO - DAG(s) dict_keys(['dataset_consumes_1_never_scheduled', 'dataset_consumes_unknown_never_scheduled', 'dataset_consumes_1', 'dataset_produces_2', 'dataset_consumes_1_and_2', 'dataset_produces_1']) retrieved from /home/airflow/.local/lib/python3.8/site-packages/airflow/example_dags/example_datasets.py
[2025-08-19T18:35:35.245+0000] {logging_mixin.py:151} INFO - [2025-08-19T18:35:35.245+0000] {dag.py:2941} INFO - Sync 6 DAGs
[2025-08-19T18:35:35.283+0000] {logging_mixin.py:151} INFO - [2025-08-19T18:35:35.282+0000] {dag.py:3722} INFO - Setting next_dagrun for dataset_consumes_1 to None, run_after=None
[2025-08-19T18:35:35.289+0000] {logging_mixin.py:151} INFO - [2025-08-19T18:35:35.289+0000] {dag.py:3722} INFO - Setting next_dagrun for dataset_consumes_1_and_2 to None, run_after=None
[2025-08-19T18:35:35.291+0000] {logging_mixin.py:151} INFO - [2025-08-19T18:35:35.291+0000] {dag.py:3722} INFO - Setting next_dagrun for dataset_consumes_1_never_scheduled to None, run_after=None
[2025-08-19T18:35:35.293+0000] {logging_mixin.py:151} INFO - [2025-08-19T18:35:35.292+0000] {dag.py:3722} INFO - Setting next_dagrun for dataset_consumes_unknown_never_scheduled to None, run_after=None
[2025-08-19T18:35:35.296+0000] {logging_mixin.py:151} INFO - [2025-08-19T18:35:35.296+0000] {dag.py:3722} INFO - Setting next_dagrun for dataset_produces_1 to 2025-08-18T00:00:00+00:00, run_after=2025-08-19T00:00:00+00:00
[2025-08-19T18:35:35.299+0000] {logging_mixin.py:151} INFO - [2025-08-19T18:35:35.298+0000] {dag.py:3722} INFO - Setting next_dagrun for dataset_produces_2 to None, run_after=None
[2025-08-19T18:35:35.355+0000] {processor.py:179} INFO - Processing /home/airflow/.local/lib/python3.8/site-packages/airflow/example_dags/example_datasets.py took 0.197 seconds
[2025-08-19T18:36:06.802+0000] {processor.py:157} INFO - Started process (PID=652) to work on /home/airflow/.local/lib/python3.8/site-packages/airflow/example_dags/example_datasets.py
[2025-08-19T18:36:06.806+0000] {processor.py:829} INFO - Processing file /home/airflow/.local/lib/python3.8/site-packages/airflow/example_dags/example_datasets.py for tasks to queue
[2025-08-19T18:36:06.814+0000] {logging_mixin.py:151} INFO - [2025-08-19T18:36:06.813+0000] {dagbag.py:536} INFO - Filling up the DagBag from /home/airflow/.local/lib/python3.8/site-packages/airflow/example_dags/example_datasets.py
[2025-08-19T18:36:06.850+0000] {processor.py:839} INFO - DAG(s) dict_keys(['dataset_consumes_unknown_never_scheduled', 'dataset_consumes_1_and_2', 'dataset_produces_2', 'dataset_consumes_1', 'dataset_consumes_1_never_scheduled', 'dataset_produces_1']) retrieved from /home/airflow/.local/lib/python3.8/site-packages/airflow/example_dags/example_datasets.py
[2025-08-19T18:36:07.037+0000] {logging_mixin.py:151} INFO - [2025-08-19T18:36:07.037+0000] {dag.py:2941} INFO - Sync 6 DAGs
[2025-08-19T18:36:07.146+0000] {logging_mixin.py:151} INFO - [2025-08-19T18:36:07.145+0000] {dag.py:3722} INFO - Setting next_dagrun for dataset_consumes_1 to None, run_after=None
[2025-08-19T18:36:07.161+0000] {logging_mixin.py:151} INFO - [2025-08-19T18:36:07.160+0000] {dag.py:3722} INFO - Setting next_dagrun for dataset_consumes_1_and_2 to None, run_after=None
[2025-08-19T18:36:07.165+0000] {logging_mixin.py:151} INFO - [2025-08-19T18:36:07.165+0000] {dag.py:3722} INFO - Setting next_dagrun for dataset_consumes_1_never_scheduled to None, run_after=None
[2025-08-19T18:36:07.168+0000] {logging_mixin.py:151} INFO - [2025-08-19T18:36:07.168+0000] {dag.py:3722} INFO - Setting next_dagrun for dataset_consumes_unknown_never_scheduled to None, run_after=None
[2025-08-19T18:36:07.177+0000] {logging_mixin.py:151} INFO - [2025-08-19T18:36:07.176+0000] {dag.py:3722} INFO - Setting next_dagrun for dataset_produces_1 to 2025-08-18T00:00:00+00:00, run_after=2025-08-19T00:00:00+00:00
[2025-08-19T18:36:07.180+0000] {logging_mixin.py:151} INFO - [2025-08-19T18:36:07.180+0000] {dag.py:3722} INFO - Setting next_dagrun for dataset_produces_2 to None, run_after=None
[2025-08-19T18:36:07.315+0000] {processor.py:179} INFO - Processing /home/airflow/.local/lib/python3.8/site-packages/airflow/example_dags/example_datasets.py took 0.526 seconds
[2025-08-19T18:36:37.382+0000] {processor.py:157} INFO - Started process (PID=706) to work on /home/airflow/.local/lib/python3.8/site-packages/airflow/example_dags/example_datasets.py
[2025-08-19T18:36:37.384+0000] {processor.py:829} INFO - Processing file /home/airflow/.local/lib/python3.8/site-packages/airflow/example_dags/example_datasets.py for tasks to queue
[2025-08-19T18:36:37.388+0000] {logging_mixin.py:151} INFO - [2025-08-19T18:36:37.387+0000] {dagbag.py:536} INFO - Filling up the DagBag from /home/airflow/.local/lib/python3.8/site-packages/airflow/example_dags/example_datasets.py
[2025-08-19T18:36:37.403+0000] {processor.py:839} INFO - DAG(s) dict_keys(['dataset_produces_1', 'dataset_consumes_1_and_2', 'dataset_consumes_unknown_never_scheduled', 'dataset_produces_2', 'dataset_consumes_1', 'dataset_consumes_1_never_scheduled']) retrieved from /home/airflow/.local/lib/python3.8/site-packages/airflow/example_dags/example_datasets.py
[2025-08-19T18:36:37.466+0000] {logging_mixin.py:151} INFO - [2025-08-19T18:36:37.466+0000] {dag.py:2941} INFO - Sync 6 DAGs
[2025-08-19T18:36:37.520+0000] {logging_mixin.py:151} INFO - [2025-08-19T18:36:37.519+0000] {dag.py:3722} INFO - Setting next_dagrun for dataset_consumes_1 to None, run_after=None
[2025-08-19T18:36:37.526+0000] {logging_mixin.py:151} INFO - [2025-08-19T18:36:37.526+0000] {dag.py:3722} INFO - Setting next_dagrun for dataset_consumes_1_and_2 to None, run_after=None
[2025-08-19T18:36:37.528+0000] {logging_mixin.py:151} INFO - [2025-08-19T18:36:37.528+0000] {dag.py:3722} INFO - Setting next_dagrun for dataset_consumes_1_never_scheduled to None, run_after=None
[2025-08-19T18:36:37.538+0000] {logging_mixin.py:151} INFO - [2025-08-19T18:36:37.537+0000] {dag.py:3722} INFO - Setting next_dagrun for dataset_consumes_unknown_never_scheduled to None, run_after=None
[2025-08-19T18:36:37.544+0000] {logging_mixin.py:151} INFO - [2025-08-19T18:36:37.544+0000] {dag.py:3722} INFO - Setting next_dagrun for dataset_produces_1 to 2025-08-18T00:00:00+00:00, run_after=2025-08-19T00:00:00+00:00
[2025-08-19T18:36:37.548+0000] {logging_mixin.py:151} INFO - [2025-08-19T18:36:37.547+0000] {dag.py:3722} INFO - Setting next_dagrun for dataset_produces_2 to None, run_after=None
[2025-08-19T18:36:37.645+0000] {processor.py:179} INFO - Processing /home/airflow/.local/lib/python3.8/site-packages/airflow/example_dags/example_datasets.py took 0.269 seconds
[2025-08-19T18:37:10.815+0000] {processor.py:157} INFO - Started process (PID=760) to work on /home/airflow/.local/lib/python3.8/site-packages/airflow/example_dags/example_datasets.py
[2025-08-19T18:37:10.817+0000] {processor.py:829} INFO - Processing file /home/airflow/.local/lib/python3.8/site-packages/airflow/example_dags/example_datasets.py for tasks to queue
[2025-08-19T18:37:10.821+0000] {logging_mixin.py:151} INFO - [2025-08-19T18:37:10.820+0000] {dagbag.py:536} INFO - Filling up the DagBag from /home/airflow/.local/lib/python3.8/site-packages/airflow/example_dags/example_datasets.py
[2025-08-19T18:37:10.843+0000] {processor.py:839} INFO - DAG(s) dict_keys(['dataset_consumes_1_never_scheduled', 'dataset_consumes_1_and_2', 'dataset_produces_1', 'dataset_produces_2', 'dataset_consumes_1', 'dataset_consumes_unknown_never_scheduled']) retrieved from /home/airflow/.local/lib/python3.8/site-packages/airflow/example_dags/example_datasets.py
[2025-08-19T18:37:10.915+0000] {logging_mixin.py:151} INFO - [2025-08-19T18:37:10.914+0000] {dag.py:2941} INFO - Sync 6 DAGs
[2025-08-19T18:37:10.949+0000] {logging_mixin.py:151} INFO - [2025-08-19T18:37:10.949+0000] {dag.py:3722} INFO - Setting next_dagrun for dataset_consumes_1 to None, run_after=None
[2025-08-19T18:37:10.955+0000] {logging_mixin.py:151} INFO - [2025-08-19T18:37:10.955+0000] {dag.py:3722} INFO - Setting next_dagrun for dataset_consumes_1_and_2 to None, run_after=None
[2025-08-19T18:37:10.960+0000] {logging_mixin.py:151} INFO - [2025-08-19T18:37:10.957+0000] {dag.py:3722} INFO - Setting next_dagrun for dataset_consumes_1_never_scheduled to None, run_after=None
[2025-08-19T18:37:10.963+0000] {logging_mixin.py:151} INFO - [2025-08-19T18:37:10.963+0000] {dag.py:3722} INFO - Setting next_dagrun for dataset_consumes_unknown_never_scheduled to None, run_after=None
[2025-08-19T18:37:10.968+0000] {logging_mixin.py:151} INFO - [2025-08-19T18:37:10.967+0000] {dag.py:3722} INFO - Setting next_dagrun for dataset_produces_1 to 2025-08-18T00:00:00+00:00, run_after=2025-08-19T00:00:00+00:00
[2025-08-19T18:37:10.970+0000] {logging_mixin.py:151} INFO - [2025-08-19T18:37:10.970+0000] {dag.py:3722} INFO - Setting next_dagrun for dataset_produces_2 to None, run_after=None
[2025-08-19T18:37:11.070+0000] {processor.py:179} INFO - Processing /home/airflow/.local/lib/python3.8/site-packages/airflow/example_dags/example_datasets.py took 0.261 seconds
[2025-08-19T18:37:44.921+0000] {processor.py:157} INFO - Started process (PID=815) to work on /home/airflow/.local/lib/python3.8/site-packages/airflow/example_dags/example_datasets.py
[2025-08-19T18:37:44.924+0000] {processor.py:829} INFO - Processing file /home/airflow/.local/lib/python3.8/site-packages/airflow/example_dags/example_datasets.py for tasks to queue
[2025-08-19T18:37:44.929+0000] {logging_mixin.py:151} INFO - [2025-08-19T18:37:44.928+0000] {dagbag.py:536} INFO - Filling up the DagBag from /home/airflow/.local/lib/python3.8/site-packages/airflow/example_dags/example_datasets.py
[2025-08-19T18:37:44.951+0000] {processor.py:839} INFO - DAG(s) dict_keys(['dataset_consumes_1_and_2', 'dataset_consumes_1_never_scheduled', 'dataset_consumes_1', 'dataset_consumes_unknown_never_scheduled', 'dataset_produces_1', 'dataset_produces_2']) retrieved from /home/airflow/.local/lib/python3.8/site-packages/airflow/example_dags/example_datasets.py
[2025-08-19T18:37:45.023+0000] {logging_mixin.py:151} INFO - [2025-08-19T18:37:45.023+0000] {dag.py:2941} INFO - Sync 6 DAGs
[2025-08-19T18:37:45.067+0000] {logging_mixin.py:151} INFO - [2025-08-19T18:37:45.066+0000] {dag.py:3722} INFO - Setting next_dagrun for dataset_consumes_1 to None, run_after=None
[2025-08-19T18:37:45.075+0000] {logging_mixin.py:151} INFO - [2025-08-19T18:37:45.075+0000] {dag.py:3722} INFO - Setting next_dagrun for dataset_consumes_1_and_2 to None, run_after=None
[2025-08-19T18:37:45.078+0000] {logging_mixin.py:151} INFO - [2025-08-19T18:37:45.078+0000] {dag.py:3722} INFO - Setting next_dagrun for dataset_consumes_1_never_scheduled to None, run_after=None
[2025-08-19T18:37:45.081+0000] {logging_mixin.py:151} INFO - [2025-08-19T18:37:45.080+0000] {dag.py:3722} INFO - Setting next_dagrun for dataset_consumes_unknown_never_scheduled to None, run_after=None
[2025-08-19T18:37:45.090+0000] {logging_mixin.py:151} INFO - [2025-08-19T18:37:45.088+0000] {dag.py:3722} INFO - Setting next_dagrun for dataset_produces_1 to 2025-08-18T00:00:00+00:00, run_after=2025-08-19T00:00:00+00:00
[2025-08-19T18:37:45.093+0000] {logging_mixin.py:151} INFO - [2025-08-19T18:37:45.093+0000] {dag.py:3722} INFO - Setting next_dagrun for dataset_produces_2 to None, run_after=None
[2025-08-19T18:37:45.158+0000] {processor.py:179} INFO - Processing /home/airflow/.local/lib/python3.8/site-packages/airflow/example_dags/example_datasets.py took 0.253 seconds
[2025-08-19T18:38:15.439+0000] {processor.py:157} INFO - Started process (PID=869) to work on /home/airflow/.local/lib/python3.8/site-packages/airflow/example_dags/example_datasets.py
[2025-08-19T18:38:15.440+0000] {processor.py:829} INFO - Processing file /home/airflow/.local/lib/python3.8/site-packages/airflow/example_dags/example_datasets.py for tasks to queue
[2025-08-19T18:38:15.444+0000] {logging_mixin.py:151} INFO - [2025-08-19T18:38:15.443+0000] {dagbag.py:536} INFO - Filling up the DagBag from /home/airflow/.local/lib/python3.8/site-packages/airflow/example_dags/example_datasets.py
[2025-08-19T18:38:15.458+0000] {processor.py:839} INFO - DAG(s) dict_keys(['dataset_consumes_1_and_2', 'dataset_consumes_1_never_scheduled', 'dataset_consumes_1', 'dataset_produces_1', 'dataset_produces_2', 'dataset_consumes_unknown_never_scheduled']) retrieved from /home/airflow/.local/lib/python3.8/site-packages/airflow/example_dags/example_datasets.py
[2025-08-19T18:38:15.511+0000] {logging_mixin.py:151} INFO - [2025-08-19T18:38:15.511+0000] {dag.py:2941} INFO - Sync 6 DAGs
[2025-08-19T18:38:15.549+0000] {logging_mixin.py:151} INFO - [2025-08-19T18:38:15.549+0000] {dag.py:3722} INFO - Setting next_dagrun for dataset_consumes_1 to None, run_after=None
[2025-08-19T18:38:15.556+0000] {logging_mixin.py:151} INFO - [2025-08-19T18:38:15.555+0000] {dag.py:3722} INFO - Setting next_dagrun for dataset_consumes_1_and_2 to None, run_after=None
[2025-08-19T18:38:15.558+0000] {logging_mixin.py:151} INFO - [2025-08-19T18:38:15.558+0000] {dag.py:3722} INFO - Setting next_dagrun for dataset_consumes_1_never_scheduled to None, run_after=None
[2025-08-19T18:38:15.561+0000] {logging_mixin.py:151} INFO - [2025-08-19T18:38:15.560+0000] {dag.py:3722} INFO - Setting next_dagrun for dataset_consumes_unknown_never_scheduled to None, run_after=None
[2025-08-19T18:38:15.566+0000] {logging_mixin.py:151} INFO - [2025-08-19T18:38:15.566+0000] {dag.py:3722} INFO - Setting next_dagrun for dataset_produces_1 to 2025-08-18T00:00:00+00:00, run_after=2025-08-19T00:00:00+00:00
[2025-08-19T18:38:15.569+0000] {logging_mixin.py:151} INFO - [2025-08-19T18:38:15.569+0000] {dag.py:3722} INFO - Setting next_dagrun for dataset_produces_2 to None, run_after=None
[2025-08-19T18:38:15.623+0000] {processor.py:179} INFO - Processing /home/airflow/.local/lib/python3.8/site-packages/airflow/example_dags/example_datasets.py took 0.190 seconds
[2025-08-19T18:38:46.339+0000] {processor.py:157} INFO - Started process (PID=923) to work on /home/airflow/.local/lib/python3.8/site-packages/airflow/example_dags/example_datasets.py
[2025-08-19T18:38:46.340+0000] {processor.py:829} INFO - Processing file /home/airflow/.local/lib/python3.8/site-packages/airflow/example_dags/example_datasets.py for tasks to queue
[2025-08-19T18:38:46.343+0000] {logging_mixin.py:151} INFO - [2025-08-19T18:38:46.343+0000] {dagbag.py:536} INFO - Filling up the DagBag from /home/airflow/.local/lib/python3.8/site-packages/airflow/example_dags/example_datasets.py
[2025-08-19T18:38:46.354+0000] {processor.py:839} INFO - DAG(s) dict_keys(['dataset_produces_1', 'dataset_produces_2', 'dataset_consumes_1', 'dataset_consumes_1_never_scheduled', 'dataset_consumes_unknown_never_scheduled', 'dataset_consumes_1_and_2']) retrieved from /home/airflow/.local/lib/python3.8/site-packages/airflow/example_dags/example_datasets.py
[2025-08-19T18:38:46.401+0000] {logging_mixin.py:151} INFO - [2025-08-19T18:38:46.401+0000] {dag.py:2941} INFO - Sync 6 DAGs
[2025-08-19T18:38:46.427+0000] {logging_mixin.py:151} INFO - [2025-08-19T18:38:46.427+0000] {dag.py:3722} INFO - Setting next_dagrun for dataset_consumes_1 to None, run_after=None
[2025-08-19T18:38:46.435+0000] {logging_mixin.py:151} INFO - [2025-08-19T18:38:46.435+0000] {dag.py:3722} INFO - Setting next_dagrun for dataset_consumes_1_and_2 to None, run_after=None
[2025-08-19T18:38:46.437+0000] {logging_mixin.py:151} INFO - [2025-08-19T18:38:46.436+0000] {dag.py:3722} INFO - Setting next_dagrun for dataset_consumes_1_never_scheduled to None, run_after=None
[2025-08-19T18:38:46.438+0000] {logging_mixin.py:151} INFO - [2025-08-19T18:38:46.438+0000] {dag.py:3722} INFO - Setting next_dagrun for dataset_consumes_unknown_never_scheduled to None, run_after=None
[2025-08-19T18:38:46.440+0000] {logging_mixin.py:151} INFO - [2025-08-19T18:38:46.440+0000] {dag.py:3722} INFO - Setting next_dagrun for dataset_produces_1 to 2025-08-18T00:00:00+00:00, run_after=2025-08-19T00:00:00+00:00
[2025-08-19T18:38:46.442+0000] {logging_mixin.py:151} INFO - [2025-08-19T18:38:46.442+0000] {dag.py:3722} INFO - Setting next_dagrun for dataset_produces_2 to None, run_after=None
[2025-08-19T18:38:46.490+0000] {processor.py:179} INFO - Processing /home/airflow/.local/lib/python3.8/site-packages/airflow/example_dags/example_datasets.py took 0.155 seconds
[2025-08-19T18:39:17.004+0000] {processor.py:157} INFO - Started process (PID=978) to work on /home/airflow/.local/lib/python3.8/site-packages/airflow/example_dags/example_datasets.py
[2025-08-19T18:39:17.006+0000] {processor.py:829} INFO - Processing file /home/airflow/.local/lib/python3.8/site-packages/airflow/example_dags/example_datasets.py for tasks to queue
[2025-08-19T18:39:17.010+0000] {logging_mixin.py:151} INFO - [2025-08-19T18:39:17.010+0000] {dagbag.py:536} INFO - Filling up the DagBag from /home/airflow/.local/lib/python3.8/site-packages/airflow/example_dags/example_datasets.py
[2025-08-19T18:39:17.028+0000] {processor.py:839} INFO - DAG(s) dict_keys(['dataset_produces_1', 'dataset_consumes_1_and_2', 'dataset_consumes_1_never_scheduled', 'dataset_consumes_unknown_never_scheduled', 'dataset_produces_2', 'dataset_consumes_1']) retrieved from /home/airflow/.local/lib/python3.8/site-packages/airflow/example_dags/example_datasets.py
[2025-08-19T18:39:17.093+0000] {logging_mixin.py:151} INFO - [2025-08-19T18:39:17.092+0000] {dag.py:2941} INFO - Sync 6 DAGs
[2025-08-19T18:39:17.131+0000] {logging_mixin.py:151} INFO - [2025-08-19T18:39:17.131+0000] {dag.py:3722} INFO - Setting next_dagrun for dataset_consumes_1 to None, run_after=None
[2025-08-19T18:39:17.136+0000] {logging_mixin.py:151} INFO - [2025-08-19T18:39:17.136+0000] {dag.py:3722} INFO - Setting next_dagrun for dataset_consumes_1_and_2 to None, run_after=None
[2025-08-19T18:39:17.138+0000] {logging_mixin.py:151} INFO - [2025-08-19T18:39:17.138+0000] {dag.py:3722} INFO - Setting next_dagrun for dataset_consumes_1_never_scheduled to None, run_after=None
[2025-08-19T18:39:17.140+0000] {logging_mixin.py:151} INFO - [2025-08-19T18:39:17.140+0000] {dag.py:3722} INFO - Setting next_dagrun for dataset_consumes_unknown_never_scheduled to None, run_after=None
[2025-08-19T18:39:17.145+0000] {logging_mixin.py:151} INFO - [2025-08-19T18:39:17.145+0000] {dag.py:3722} INFO - Setting next_dagrun for dataset_produces_1 to 2025-08-18T00:00:00+00:00, run_after=2025-08-19T00:00:00+00:00
[2025-08-19T18:39:17.147+0000] {logging_mixin.py:151} INFO - [2025-08-19T18:39:17.146+0000] {dag.py:3722} INFO - Setting next_dagrun for dataset_produces_2 to None, run_after=None
[2025-08-19T18:39:17.201+0000] {processor.py:179} INFO - Processing /home/airflow/.local/lib/python3.8/site-packages/airflow/example_dags/example_datasets.py took 0.202 seconds
