[2025-08-19T18:22:52.614+0000] {processor.py:157} INFO - Started process (PID=93) to work on /home/airflow/.local/lib/python3.8/site-packages/airflow/example_dags/example_branch_operator.py
[2025-08-19T18:22:52.638+0000] {processor.py:829} INFO - Processing file /home/airflow/.local/lib/python3.8/site-packages/airflow/example_dags/example_branch_operator.py for tasks to queue
[2025-08-19T18:22:52.730+0000] {logging_mixin.py:151} INFO - [2025-08-19T18:22:52.729+0000] {dagbag.py:536} INFO - Filling up the DagBag from /home/airflow/.local/lib/python3.8/site-packages/airflow/example_dags/example_branch_operator.py
[2025-08-19T18:22:52.923+0000] {processor.py:839} INFO - DAG(s) dict_keys(['example_branch_operator']) retrieved from /home/airflow/.local/lib/python3.8/site-packages/airflow/example_dags/example_branch_operator.py
[2025-08-19T18:22:53.190+0000] {logging_mixin.py:151} INFO - [2025-08-19T18:22:53.190+0000] {dag.py:2941} INFO - Sync 1 DAGs
[2025-08-19T18:22:53.559+0000] {logging_mixin.py:151} INFO - [2025-08-19T18:22:53.558+0000] {dag.py:3722} INFO - Setting next_dagrun for example_branch_operator to 2025-08-18T00:00:00+00:00, run_after=2025-08-19T00:00:00+00:00
[2025-08-19T18:22:53.719+0000] {processor.py:179} INFO - Processing /home/airflow/.local/lib/python3.8/site-packages/airflow/example_dags/example_branch_operator.py took 2.107 seconds
[2025-08-19T18:23:29.115+0000] {processor.py:157} INFO - Started process (PID=147) to work on /home/airflow/.local/lib/python3.8/site-packages/airflow/example_dags/example_branch_operator.py
[2025-08-19T18:23:29.118+0000] {processor.py:829} INFO - Processing file /home/airflow/.local/lib/python3.8/site-packages/airflow/example_dags/example_branch_operator.py for tasks to queue
[2025-08-19T18:23:29.125+0000] {logging_mixin.py:151} INFO - [2025-08-19T18:23:29.124+0000] {dagbag.py:536} INFO - Filling up the DagBag from /home/airflow/.local/lib/python3.8/site-packages/airflow/example_dags/example_branch_operator.py
[2025-08-19T18:23:29.155+0000] {processor.py:839} INFO - DAG(s) dict_keys(['example_branch_operator']) retrieved from /home/airflow/.local/lib/python3.8/site-packages/airflow/example_dags/example_branch_operator.py
[2025-08-19T18:23:29.320+0000] {logging_mixin.py:151} INFO - [2025-08-19T18:23:29.319+0000] {dag.py:2941} INFO - Sync 1 DAGs
[2025-08-19T18:23:29.645+0000] {logging_mixin.py:151} INFO - [2025-08-19T18:23:29.644+0000] {dag.py:3722} INFO - Setting next_dagrun for example_branch_operator to 2025-08-18T00:00:00+00:00, run_after=2025-08-19T00:00:00+00:00
[2025-08-19T18:23:29.851+0000] {processor.py:179} INFO - Processing /home/airflow/.local/lib/python3.8/site-packages/airflow/example_dags/example_branch_operator.py took 0.746 seconds
[2025-08-19T18:23:59.949+0000] {processor.py:157} INFO - Started process (PID=199) to work on /home/airflow/.local/lib/python3.8/site-packages/airflow/example_dags/example_branch_operator.py
[2025-08-19T18:23:59.952+0000] {processor.py:829} INFO - Processing file /home/airflow/.local/lib/python3.8/site-packages/airflow/example_dags/example_branch_operator.py for tasks to queue
[2025-08-19T18:23:59.957+0000] {logging_mixin.py:151} INFO - [2025-08-19T18:23:59.956+0000] {dagbag.py:536} INFO - Filling up the DagBag from /home/airflow/.local/lib/python3.8/site-packages/airflow/example_dags/example_branch_operator.py
[2025-08-19T18:23:59.985+0000] {processor.py:839} INFO - DAG(s) dict_keys(['example_branch_operator']) retrieved from /home/airflow/.local/lib/python3.8/site-packages/airflow/example_dags/example_branch_operator.py
[2025-08-19T18:24:00.037+0000] {logging_mixin.py:151} INFO - [2025-08-19T18:24:00.037+0000] {dag.py:2941} INFO - Sync 1 DAGs
[2025-08-19T18:24:00.100+0000] {logging_mixin.py:151} INFO - [2025-08-19T18:24:00.099+0000] {dag.py:3722} INFO - Setting next_dagrun for example_branch_operator to 2025-08-18T00:00:00+00:00, run_after=2025-08-19T00:00:00+00:00
[2025-08-19T18:24:00.156+0000] {processor.py:179} INFO - Processing /home/airflow/.local/lib/python3.8/site-packages/airflow/example_dags/example_branch_operator.py took 0.216 seconds
[2025-08-19T18:24:33.173+0000] {processor.py:157} INFO - Started process (PID=253) to work on /home/airflow/.local/lib/python3.8/site-packages/airflow/example_dags/example_branch_operator.py
[2025-08-19T18:24:33.203+0000] {processor.py:829} INFO - Processing file /home/airflow/.local/lib/python3.8/site-packages/airflow/example_dags/example_branch_operator.py for tasks to queue
[2025-08-19T18:24:33.213+0000] {logging_mixin.py:151} INFO - [2025-08-19T18:24:33.212+0000] {dagbag.py:536} INFO - Filling up the DagBag from /home/airflow/.local/lib/python3.8/site-packages/airflow/example_dags/example_branch_operator.py
[2025-08-19T18:24:33.269+0000] {processor.py:839} INFO - DAG(s) dict_keys(['example_branch_operator']) retrieved from /home/airflow/.local/lib/python3.8/site-packages/airflow/example_dags/example_branch_operator.py
[2025-08-19T18:24:33.374+0000] {logging_mixin.py:151} INFO - [2025-08-19T18:24:33.373+0000] {dag.py:2941} INFO - Sync 1 DAGs
[2025-08-19T18:24:33.546+0000] {logging_mixin.py:151} INFO - [2025-08-19T18:24:33.546+0000] {dag.py:3722} INFO - Setting next_dagrun for example_branch_operator to 2025-08-18T00:00:00+00:00, run_after=2025-08-19T00:00:00+00:00
[2025-08-19T18:24:33.677+0000] {processor.py:179} INFO - Processing /home/airflow/.local/lib/python3.8/site-packages/airflow/example_dags/example_branch_operator.py took 0.514 seconds
[2025-08-19T18:25:04.376+0000] {processor.py:157} INFO - Started process (PID=307) to work on /home/airflow/.local/lib/python3.8/site-packages/airflow/example_dags/example_branch_operator.py
[2025-08-19T18:25:04.383+0000] {processor.py:829} INFO - Processing file /home/airflow/.local/lib/python3.8/site-packages/airflow/example_dags/example_branch_operator.py for tasks to queue
[2025-08-19T18:25:04.390+0000] {logging_mixin.py:151} INFO - [2025-08-19T18:25:04.389+0000] {dagbag.py:536} INFO - Filling up the DagBag from /home/airflow/.local/lib/python3.8/site-packages/airflow/example_dags/example_branch_operator.py
[2025-08-19T18:25:04.412+0000] {processor.py:839} INFO - DAG(s) dict_keys(['example_branch_operator']) retrieved from /home/airflow/.local/lib/python3.8/site-packages/airflow/example_dags/example_branch_operator.py
[2025-08-19T18:25:04.454+0000] {logging_mixin.py:151} INFO - [2025-08-19T18:25:04.454+0000] {dag.py:2941} INFO - Sync 1 DAGs
[2025-08-19T18:25:04.499+0000] {logging_mixin.py:151} INFO - [2025-08-19T18:25:04.499+0000] {dag.py:3722} INFO - Setting next_dagrun for example_branch_operator to 2025-08-18T00:00:00+00:00, run_after=2025-08-19T00:00:00+00:00
[2025-08-19T18:25:04.560+0000] {processor.py:179} INFO - Processing /home/airflow/.local/lib/python3.8/site-packages/airflow/example_dags/example_branch_operator.py took 0.196 seconds
[2025-08-19T18:25:34.615+0000] {processor.py:157} INFO - Started process (PID=361) to work on /home/airflow/.local/lib/python3.8/site-packages/airflow/example_dags/example_branch_operator.py
[2025-08-19T18:25:34.621+0000] {processor.py:829} INFO - Processing file /home/airflow/.local/lib/python3.8/site-packages/airflow/example_dags/example_branch_operator.py for tasks to queue
[2025-08-19T18:25:34.630+0000] {logging_mixin.py:151} INFO - [2025-08-19T18:25:34.629+0000] {dagbag.py:536} INFO - Filling up the DagBag from /home/airflow/.local/lib/python3.8/site-packages/airflow/example_dags/example_branch_operator.py
[2025-08-19T18:25:34.673+0000] {processor.py:839} INFO - DAG(s) dict_keys(['example_branch_operator']) retrieved from /home/airflow/.local/lib/python3.8/site-packages/airflow/example_dags/example_branch_operator.py
[2025-08-19T18:25:34.772+0000] {logging_mixin.py:151} INFO - [2025-08-19T18:25:34.771+0000] {dag.py:2941} INFO - Sync 1 DAGs
[2025-08-19T18:25:34.828+0000] {logging_mixin.py:151} INFO - [2025-08-19T18:25:34.828+0000] {dag.py:3722} INFO - Setting next_dagrun for example_branch_operator to 2025-08-18T00:00:00+00:00, run_after=2025-08-19T00:00:00+00:00
[2025-08-19T18:25:34.896+0000] {processor.py:179} INFO - Processing /home/airflow/.local/lib/python3.8/site-packages/airflow/example_dags/example_branch_operator.py took 0.293 seconds
[2025-08-19T18:26:04.987+0000] {processor.py:157} INFO - Started process (PID=415) to work on /home/airflow/.local/lib/python3.8/site-packages/airflow/example_dags/example_branch_operator.py
[2025-08-19T18:26:04.988+0000] {processor.py:829} INFO - Processing file /home/airflow/.local/lib/python3.8/site-packages/airflow/example_dags/example_branch_operator.py for tasks to queue
[2025-08-19T18:26:04.992+0000] {logging_mixin.py:151} INFO - [2025-08-19T18:26:04.991+0000] {dagbag.py:536} INFO - Filling up the DagBag from /home/airflow/.local/lib/python3.8/site-packages/airflow/example_dags/example_branch_operator.py
[2025-08-19T18:26:05.009+0000] {processor.py:839} INFO - DAG(s) dict_keys(['example_branch_operator']) retrieved from /home/airflow/.local/lib/python3.8/site-packages/airflow/example_dags/example_branch_operator.py
[2025-08-19T18:26:05.050+0000] {logging_mixin.py:151} INFO - [2025-08-19T18:26:05.049+0000] {dag.py:2941} INFO - Sync 1 DAGs
[2025-08-19T18:26:05.098+0000] {logging_mixin.py:151} INFO - [2025-08-19T18:26:05.098+0000] {dag.py:3722} INFO - Setting next_dagrun for example_branch_operator to 2025-08-18T00:00:00+00:00, run_after=2025-08-19T00:00:00+00:00
[2025-08-19T18:26:05.131+0000] {processor.py:179} INFO - Processing /home/airflow/.local/lib/python3.8/site-packages/airflow/example_dags/example_branch_operator.py took 0.150 seconds
[2025-08-19T18:26:36.563+0000] {processor.py:157} INFO - Started process (PID=470) to work on /home/airflow/.local/lib/python3.8/site-packages/airflow/example_dags/example_branch_operator.py
[2025-08-19T18:26:36.565+0000] {processor.py:829} INFO - Processing file /home/airflow/.local/lib/python3.8/site-packages/airflow/example_dags/example_branch_operator.py for tasks to queue
[2025-08-19T18:26:36.579+0000] {logging_mixin.py:151} INFO - [2025-08-19T18:26:36.576+0000] {dagbag.py:536} INFO - Filling up the DagBag from /home/airflow/.local/lib/python3.8/site-packages/airflow/example_dags/example_branch_operator.py
[2025-08-19T18:26:36.617+0000] {processor.py:839} INFO - DAG(s) dict_keys(['example_branch_operator']) retrieved from /home/airflow/.local/lib/python3.8/site-packages/airflow/example_dags/example_branch_operator.py
[2025-08-19T18:26:36.760+0000] {logging_mixin.py:151} INFO - [2025-08-19T18:26:36.759+0000] {dag.py:2941} INFO - Sync 1 DAGs
[2025-08-19T18:26:36.913+0000] {logging_mixin.py:151} INFO - [2025-08-19T18:26:36.913+0000] {dag.py:3722} INFO - Setting next_dagrun for example_branch_operator to 2025-08-18T00:00:00+00:00, run_after=2025-08-19T00:00:00+00:00
[2025-08-19T18:26:37.010+0000] {processor.py:179} INFO - Processing /home/airflow/.local/lib/python3.8/site-packages/airflow/example_dags/example_branch_operator.py took 0.463 seconds
[2025-08-19T18:27:07.432+0000] {processor.py:157} INFO - Started process (PID=524) to work on /home/airflow/.local/lib/python3.8/site-packages/airflow/example_dags/example_branch_operator.py
[2025-08-19T18:27:07.434+0000] {processor.py:829} INFO - Processing file /home/airflow/.local/lib/python3.8/site-packages/airflow/example_dags/example_branch_operator.py for tasks to queue
[2025-08-19T18:27:07.437+0000] {logging_mixin.py:151} INFO - [2025-08-19T18:27:07.437+0000] {dagbag.py:536} INFO - Filling up the DagBag from /home/airflow/.local/lib/python3.8/site-packages/airflow/example_dags/example_branch_operator.py
[2025-08-19T18:27:07.454+0000] {processor.py:839} INFO - DAG(s) dict_keys(['example_branch_operator']) retrieved from /home/airflow/.local/lib/python3.8/site-packages/airflow/example_dags/example_branch_operator.py
[2025-08-19T18:27:07.497+0000] {logging_mixin.py:151} INFO - [2025-08-19T18:27:07.496+0000] {dag.py:2941} INFO - Sync 1 DAGs
[2025-08-19T18:27:07.553+0000] {logging_mixin.py:151} INFO - [2025-08-19T18:27:07.552+0000] {dag.py:3722} INFO - Setting next_dagrun for example_branch_operator to 2025-08-18T00:00:00+00:00, run_after=2025-08-19T00:00:00+00:00
[2025-08-19T18:27:07.605+0000] {processor.py:179} INFO - Processing /home/airflow/.local/lib/python3.8/site-packages/airflow/example_dags/example_branch_operator.py took 0.177 seconds
[2025-08-19T18:27:38.064+0000] {processor.py:157} INFO - Started process (PID=578) to work on /home/airflow/.local/lib/python3.8/site-packages/airflow/example_dags/example_branch_operator.py
[2025-08-19T18:27:38.066+0000] {processor.py:829} INFO - Processing file /home/airflow/.local/lib/python3.8/site-packages/airflow/example_dags/example_branch_operator.py for tasks to queue
[2025-08-19T18:27:38.069+0000] {logging_mixin.py:151} INFO - [2025-08-19T18:27:38.069+0000] {dagbag.py:536} INFO - Filling up the DagBag from /home/airflow/.local/lib/python3.8/site-packages/airflow/example_dags/example_branch_operator.py
[2025-08-19T18:27:38.111+0000] {processor.py:839} INFO - DAG(s) dict_keys(['example_branch_operator']) retrieved from /home/airflow/.local/lib/python3.8/site-packages/airflow/example_dags/example_branch_operator.py
[2025-08-19T18:27:38.233+0000] {logging_mixin.py:151} INFO - [2025-08-19T18:27:38.232+0000] {dag.py:2941} INFO - Sync 1 DAGs
[2025-08-19T18:27:38.324+0000] {logging_mixin.py:151} INFO - [2025-08-19T18:27:38.323+0000] {dag.py:3722} INFO - Setting next_dagrun for example_branch_operator to 2025-08-18T00:00:00+00:00, run_after=2025-08-19T00:00:00+00:00
[2025-08-19T18:27:38.365+0000] {processor.py:179} INFO - Processing /home/airflow/.local/lib/python3.8/site-packages/airflow/example_dags/example_branch_operator.py took 0.311 seconds
[2025-08-19T18:28:09.203+0000] {processor.py:157} INFO - Started process (PID=632) to work on /home/airflow/.local/lib/python3.8/site-packages/airflow/example_dags/example_branch_operator.py
[2025-08-19T18:28:09.205+0000] {processor.py:829} INFO - Processing file /home/airflow/.local/lib/python3.8/site-packages/airflow/example_dags/example_branch_operator.py for tasks to queue
[2025-08-19T18:28:09.208+0000] {logging_mixin.py:151} INFO - [2025-08-19T18:28:09.208+0000] {dagbag.py:536} INFO - Filling up the DagBag from /home/airflow/.local/lib/python3.8/site-packages/airflow/example_dags/example_branch_operator.py
[2025-08-19T18:28:09.224+0000] {processor.py:839} INFO - DAG(s) dict_keys(['example_branch_operator']) retrieved from /home/airflow/.local/lib/python3.8/site-packages/airflow/example_dags/example_branch_operator.py
[2025-08-19T18:28:09.283+0000] {logging_mixin.py:151} INFO - [2025-08-19T18:28:09.283+0000] {dag.py:2941} INFO - Sync 1 DAGs
[2025-08-19T18:28:09.321+0000] {logging_mixin.py:151} INFO - [2025-08-19T18:28:09.321+0000] {dag.py:3722} INFO - Setting next_dagrun for example_branch_operator to 2025-08-18T00:00:00+00:00, run_after=2025-08-19T00:00:00+00:00
[2025-08-19T18:28:09.365+0000] {processor.py:179} INFO - Processing /home/airflow/.local/lib/python3.8/site-packages/airflow/example_dags/example_branch_operator.py took 0.169 seconds
[2025-08-19T18:28:39.955+0000] {processor.py:157} INFO - Started process (PID=686) to work on /home/airflow/.local/lib/python3.8/site-packages/airflow/example_dags/example_branch_operator.py
[2025-08-19T18:28:39.957+0000] {processor.py:829} INFO - Processing file /home/airflow/.local/lib/python3.8/site-packages/airflow/example_dags/example_branch_operator.py for tasks to queue
[2025-08-19T18:28:39.961+0000] {logging_mixin.py:151} INFO - [2025-08-19T18:28:39.961+0000] {dagbag.py:536} INFO - Filling up the DagBag from /home/airflow/.local/lib/python3.8/site-packages/airflow/example_dags/example_branch_operator.py
[2025-08-19T18:28:39.972+0000] {processor.py:839} INFO - DAG(s) dict_keys(['example_branch_operator']) retrieved from /home/airflow/.local/lib/python3.8/site-packages/airflow/example_dags/example_branch_operator.py
[2025-08-19T18:28:39.999+0000] {logging_mixin.py:151} INFO - [2025-08-19T18:28:39.999+0000] {dag.py:2941} INFO - Sync 1 DAGs
[2025-08-19T18:28:40.031+0000] {logging_mixin.py:151} INFO - [2025-08-19T18:28:40.031+0000] {dag.py:3722} INFO - Setting next_dagrun for example_branch_operator to 2025-08-18T00:00:00+00:00, run_after=2025-08-19T00:00:00+00:00
[2025-08-19T18:28:40.083+0000] {processor.py:179} INFO - Processing /home/airflow/.local/lib/python3.8/site-packages/airflow/example_dags/example_branch_operator.py took 0.132 seconds
[2025-08-19T18:29:11.241+0000] {processor.py:157} INFO - Started process (PID=734) to work on /home/airflow/.local/lib/python3.8/site-packages/airflow/example_dags/example_branch_operator.py
[2025-08-19T18:29:11.243+0000] {processor.py:829} INFO - Processing file /home/airflow/.local/lib/python3.8/site-packages/airflow/example_dags/example_branch_operator.py for tasks to queue
[2025-08-19T18:29:11.247+0000] {logging_mixin.py:151} INFO - [2025-08-19T18:29:11.246+0000] {dagbag.py:536} INFO - Filling up the DagBag from /home/airflow/.local/lib/python3.8/site-packages/airflow/example_dags/example_branch_operator.py
[2025-08-19T18:29:11.265+0000] {processor.py:839} INFO - DAG(s) dict_keys(['example_branch_operator']) retrieved from /home/airflow/.local/lib/python3.8/site-packages/airflow/example_dags/example_branch_operator.py
[2025-08-19T18:29:11.328+0000] {logging_mixin.py:151} INFO - [2025-08-19T18:29:11.327+0000] {dag.py:2941} INFO - Sync 1 DAGs
[2025-08-19T18:29:11.387+0000] {logging_mixin.py:151} INFO - [2025-08-19T18:29:11.386+0000] {dag.py:3722} INFO - Setting next_dagrun for example_branch_operator to 2025-08-18T00:00:00+00:00, run_after=2025-08-19T00:00:00+00:00
[2025-08-19T18:29:11.462+0000] {processor.py:179} INFO - Processing /home/airflow/.local/lib/python3.8/site-packages/airflow/example_dags/example_branch_operator.py took 0.226 seconds
[2025-08-19T18:29:42.246+0000] {processor.py:157} INFO - Started process (PID=788) to work on /home/airflow/.local/lib/python3.8/site-packages/airflow/example_dags/example_branch_operator.py
[2025-08-19T18:29:42.248+0000] {processor.py:829} INFO - Processing file /home/airflow/.local/lib/python3.8/site-packages/airflow/example_dags/example_branch_operator.py for tasks to queue
[2025-08-19T18:29:42.251+0000] {logging_mixin.py:151} INFO - [2025-08-19T18:29:42.251+0000] {dagbag.py:536} INFO - Filling up the DagBag from /home/airflow/.local/lib/python3.8/site-packages/airflow/example_dags/example_branch_operator.py
[2025-08-19T18:29:42.262+0000] {processor.py:839} INFO - DAG(s) dict_keys(['example_branch_operator']) retrieved from /home/airflow/.local/lib/python3.8/site-packages/airflow/example_dags/example_branch_operator.py
[2025-08-19T18:29:42.293+0000] {logging_mixin.py:151} INFO - [2025-08-19T18:29:42.292+0000] {dag.py:2941} INFO - Sync 1 DAGs
[2025-08-19T18:29:42.328+0000] {logging_mixin.py:151} INFO - [2025-08-19T18:29:42.328+0000] {dag.py:3722} INFO - Setting next_dagrun for example_branch_operator to 2025-08-18T00:00:00+00:00, run_after=2025-08-19T00:00:00+00:00
[2025-08-19T18:29:42.357+0000] {processor.py:179} INFO - Processing /home/airflow/.local/lib/python3.8/site-packages/airflow/example_dags/example_branch_operator.py took 0.117 seconds
[2025-08-19T18:30:13.926+0000] {processor.py:157} INFO - Started process (PID=841) to work on /home/airflow/.local/lib/python3.8/site-packages/airflow/example_dags/example_branch_operator.py
[2025-08-19T18:30:13.928+0000] {processor.py:829} INFO - Processing file /home/airflow/.local/lib/python3.8/site-packages/airflow/example_dags/example_branch_operator.py for tasks to queue
[2025-08-19T18:30:13.933+0000] {logging_mixin.py:151} INFO - [2025-08-19T18:30:13.932+0000] {dagbag.py:536} INFO - Filling up the DagBag from /home/airflow/.local/lib/python3.8/site-packages/airflow/example_dags/example_branch_operator.py
[2025-08-19T18:30:13.948+0000] {processor.py:839} INFO - DAG(s) dict_keys(['example_branch_operator']) retrieved from /home/airflow/.local/lib/python3.8/site-packages/airflow/example_dags/example_branch_operator.py
[2025-08-19T18:30:13.985+0000] {logging_mixin.py:151} INFO - [2025-08-19T18:30:13.985+0000] {dag.py:2941} INFO - Sync 1 DAGs
[2025-08-19T18:30:14.022+0000] {logging_mixin.py:151} INFO - [2025-08-19T18:30:14.022+0000] {dag.py:3722} INFO - Setting next_dagrun for example_branch_operator to 2025-08-18T00:00:00+00:00, run_after=2025-08-19T00:00:00+00:00
[2025-08-19T18:30:14.059+0000] {processor.py:179} INFO - Processing /home/airflow/.local/lib/python3.8/site-packages/airflow/example_dags/example_branch_operator.py took 0.140 seconds
[2025-08-19T18:30:54.612+0000] {processor.py:157} INFO - Started process (PID=85) to work on /home/airflow/.local/lib/python3.8/site-packages/airflow/example_dags/example_branch_operator.py
[2025-08-19T18:30:54.614+0000] {processor.py:829} INFO - Processing file /home/airflow/.local/lib/python3.8/site-packages/airflow/example_dags/example_branch_operator.py for tasks to queue
[2025-08-19T18:30:54.619+0000] {logging_mixin.py:151} INFO - [2025-08-19T18:30:54.618+0000] {dagbag.py:536} INFO - Filling up the DagBag from /home/airflow/.local/lib/python3.8/site-packages/airflow/example_dags/example_branch_operator.py
[2025-08-19T18:30:54.647+0000] {processor.py:839} INFO - DAG(s) dict_keys(['example_branch_operator']) retrieved from /home/airflow/.local/lib/python3.8/site-packages/airflow/example_dags/example_branch_operator.py
[2025-08-19T18:30:54.764+0000] {logging_mixin.py:151} INFO - [2025-08-19T18:30:54.763+0000] {dag.py:2941} INFO - Sync 1 DAGs
[2025-08-19T18:30:54.936+0000] {logging_mixin.py:151} INFO - [2025-08-19T18:30:54.935+0000] {dag.py:3722} INFO - Setting next_dagrun for example_branch_operator to 2025-08-18T00:00:00+00:00, run_after=2025-08-19T00:00:00+00:00
[2025-08-19T18:30:55.001+0000] {processor.py:179} INFO - Processing /home/airflow/.local/lib/python3.8/site-packages/airflow/example_dags/example_branch_operator.py took 0.401 seconds
[2025-08-19T18:31:25.743+0000] {processor.py:157} INFO - Started process (PID=139) to work on /home/airflow/.local/lib/python3.8/site-packages/airflow/example_dags/example_branch_operator.py
[2025-08-19T18:31:25.745+0000] {processor.py:829} INFO - Processing file /home/airflow/.local/lib/python3.8/site-packages/airflow/example_dags/example_branch_operator.py for tasks to queue
[2025-08-19T18:31:25.748+0000] {logging_mixin.py:151} INFO - [2025-08-19T18:31:25.748+0000] {dagbag.py:536} INFO - Filling up the DagBag from /home/airflow/.local/lib/python3.8/site-packages/airflow/example_dags/example_branch_operator.py
[2025-08-19T18:31:25.764+0000] {processor.py:839} INFO - DAG(s) dict_keys(['example_branch_operator']) retrieved from /home/airflow/.local/lib/python3.8/site-packages/airflow/example_dags/example_branch_operator.py
[2025-08-19T18:31:25.798+0000] {logging_mixin.py:151} INFO - [2025-08-19T18:31:25.798+0000] {dag.py:2941} INFO - Sync 1 DAGs
[2025-08-19T18:31:25.839+0000] {logging_mixin.py:151} INFO - [2025-08-19T18:31:25.839+0000] {dag.py:3722} INFO - Setting next_dagrun for example_branch_operator to 2025-08-18T00:00:00+00:00, run_after=2025-08-19T00:00:00+00:00
[2025-08-19T18:31:25.884+0000] {processor.py:179} INFO - Processing /home/airflow/.local/lib/python3.8/site-packages/airflow/example_dags/example_branch_operator.py took 0.147 seconds
[2025-08-19T18:31:55.912+0000] {processor.py:157} INFO - Started process (PID=193) to work on /home/airflow/.local/lib/python3.8/site-packages/airflow/example_dags/example_branch_operator.py
[2025-08-19T18:31:55.913+0000] {processor.py:829} INFO - Processing file /home/airflow/.local/lib/python3.8/site-packages/airflow/example_dags/example_branch_operator.py for tasks to queue
[2025-08-19T18:31:55.915+0000] {logging_mixin.py:151} INFO - [2025-08-19T18:31:55.915+0000] {dagbag.py:536} INFO - Filling up the DagBag from /home/airflow/.local/lib/python3.8/site-packages/airflow/example_dags/example_branch_operator.py
[2025-08-19T18:31:55.924+0000] {processor.py:839} INFO - DAG(s) dict_keys(['example_branch_operator']) retrieved from /home/airflow/.local/lib/python3.8/site-packages/airflow/example_dags/example_branch_operator.py
[2025-08-19T18:31:55.952+0000] {logging_mixin.py:151} INFO - [2025-08-19T18:31:55.952+0000] {dag.py:2941} INFO - Sync 1 DAGs
[2025-08-19T18:31:55.974+0000] {logging_mixin.py:151} INFO - [2025-08-19T18:31:55.974+0000] {dag.py:3722} INFO - Setting next_dagrun for example_branch_operator to 2025-08-18T00:00:00+00:00, run_after=2025-08-19T00:00:00+00:00
[2025-08-19T18:31:55.999+0000] {processor.py:179} INFO - Processing /home/airflow/.local/lib/python3.8/site-packages/airflow/example_dags/example_branch_operator.py took 0.091 seconds
[2025-08-19T18:32:26.740+0000] {processor.py:157} INFO - Started process (PID=247) to work on /home/airflow/.local/lib/python3.8/site-packages/airflow/example_dags/example_branch_operator.py
[2025-08-19T18:32:26.742+0000] {processor.py:829} INFO - Processing file /home/airflow/.local/lib/python3.8/site-packages/airflow/example_dags/example_branch_operator.py for tasks to queue
[2025-08-19T18:32:26.746+0000] {logging_mixin.py:151} INFO - [2025-08-19T18:32:26.745+0000] {dagbag.py:536} INFO - Filling up the DagBag from /home/airflow/.local/lib/python3.8/site-packages/airflow/example_dags/example_branch_operator.py
[2025-08-19T18:32:26.762+0000] {processor.py:839} INFO - DAG(s) dict_keys(['example_branch_operator']) retrieved from /home/airflow/.local/lib/python3.8/site-packages/airflow/example_dags/example_branch_operator.py
[2025-08-19T18:32:26.810+0000] {logging_mixin.py:151} INFO - [2025-08-19T18:32:26.810+0000] {dag.py:2941} INFO - Sync 1 DAGs
[2025-08-19T18:32:26.865+0000] {logging_mixin.py:151} INFO - [2025-08-19T18:32:26.865+0000] {dag.py:3722} INFO - Setting next_dagrun for example_branch_operator to 2025-08-18T00:00:00+00:00, run_after=2025-08-19T00:00:00+00:00
[2025-08-19T18:32:26.908+0000] {processor.py:179} INFO - Processing /home/airflow/.local/lib/python3.8/site-packages/airflow/example_dags/example_branch_operator.py took 0.180 seconds
[2025-08-19T18:32:57.170+0000] {processor.py:157} INFO - Started process (PID=301) to work on /home/airflow/.local/lib/python3.8/site-packages/airflow/example_dags/example_branch_operator.py
[2025-08-19T18:32:57.172+0000] {processor.py:829} INFO - Processing file /home/airflow/.local/lib/python3.8/site-packages/airflow/example_dags/example_branch_operator.py for tasks to queue
[2025-08-19T18:32:57.176+0000] {logging_mixin.py:151} INFO - [2025-08-19T18:32:57.175+0000] {dagbag.py:536} INFO - Filling up the DagBag from /home/airflow/.local/lib/python3.8/site-packages/airflow/example_dags/example_branch_operator.py
[2025-08-19T18:32:57.195+0000] {processor.py:839} INFO - DAG(s) dict_keys(['example_branch_operator']) retrieved from /home/airflow/.local/lib/python3.8/site-packages/airflow/example_dags/example_branch_operator.py
[2025-08-19T18:32:57.237+0000] {logging_mixin.py:151} INFO - [2025-08-19T18:32:57.237+0000] {dag.py:2941} INFO - Sync 1 DAGs
[2025-08-19T18:32:57.302+0000] {logging_mixin.py:151} INFO - [2025-08-19T18:32:57.301+0000] {dag.py:3722} INFO - Setting next_dagrun for example_branch_operator to 2025-08-18T00:00:00+00:00, run_after=2025-08-19T00:00:00+00:00
[2025-08-19T18:32:57.349+0000] {processor.py:179} INFO - Processing /home/airflow/.local/lib/python3.8/site-packages/airflow/example_dags/example_branch_operator.py took 0.186 seconds
[2025-08-19T18:33:27.514+0000] {processor.py:157} INFO - Started process (PID=355) to work on /home/airflow/.local/lib/python3.8/site-packages/airflow/example_dags/example_branch_operator.py
[2025-08-19T18:33:27.516+0000] {processor.py:829} INFO - Processing file /home/airflow/.local/lib/python3.8/site-packages/airflow/example_dags/example_branch_operator.py for tasks to queue
[2025-08-19T18:33:27.519+0000] {logging_mixin.py:151} INFO - [2025-08-19T18:33:27.519+0000] {dagbag.py:536} INFO - Filling up the DagBag from /home/airflow/.local/lib/python3.8/site-packages/airflow/example_dags/example_branch_operator.py
[2025-08-19T18:33:27.536+0000] {processor.py:839} INFO - DAG(s) dict_keys(['example_branch_operator']) retrieved from /home/airflow/.local/lib/python3.8/site-packages/airflow/example_dags/example_branch_operator.py
[2025-08-19T18:33:27.570+0000] {logging_mixin.py:151} INFO - [2025-08-19T18:33:27.570+0000] {dag.py:2941} INFO - Sync 1 DAGs
[2025-08-19T18:33:27.604+0000] {logging_mixin.py:151} INFO - [2025-08-19T18:33:27.604+0000] {dag.py:3722} INFO - Setting next_dagrun for example_branch_operator to 2025-08-18T00:00:00+00:00, run_after=2025-08-19T00:00:00+00:00
[2025-08-19T18:33:27.634+0000] {processor.py:179} INFO - Processing /home/airflow/.local/lib/python3.8/site-packages/airflow/example_dags/example_branch_operator.py took 0.127 seconds
[2025-08-19T18:33:58.421+0000] {processor.py:157} INFO - Started process (PID=409) to work on /home/airflow/.local/lib/python3.8/site-packages/airflow/example_dags/example_branch_operator.py
[2025-08-19T18:33:58.424+0000] {processor.py:829} INFO - Processing file /home/airflow/.local/lib/python3.8/site-packages/airflow/example_dags/example_branch_operator.py for tasks to queue
[2025-08-19T18:33:58.439+0000] {logging_mixin.py:151} INFO - [2025-08-19T18:33:58.438+0000] {dagbag.py:536} INFO - Filling up the DagBag from /home/airflow/.local/lib/python3.8/site-packages/airflow/example_dags/example_branch_operator.py
[2025-08-19T18:33:58.479+0000] {processor.py:839} INFO - DAG(s) dict_keys(['example_branch_operator']) retrieved from /home/airflow/.local/lib/python3.8/site-packages/airflow/example_dags/example_branch_operator.py
[2025-08-19T18:33:58.572+0000] {logging_mixin.py:151} INFO - [2025-08-19T18:33:58.572+0000] {dag.py:2941} INFO - Sync 1 DAGs
[2025-08-19T18:33:58.668+0000] {logging_mixin.py:151} INFO - [2025-08-19T18:33:58.668+0000] {dag.py:3722} INFO - Setting next_dagrun for example_branch_operator to 2025-08-18T00:00:00+00:00, run_after=2025-08-19T00:00:00+00:00
[2025-08-19T18:33:58.719+0000] {processor.py:179} INFO - Processing /home/airflow/.local/lib/python3.8/site-packages/airflow/example_dags/example_branch_operator.py took 0.313 seconds
[2025-08-19T18:34:28.919+0000] {processor.py:157} INFO - Started process (PID=463) to work on /home/airflow/.local/lib/python3.8/site-packages/airflow/example_dags/example_branch_operator.py
[2025-08-19T18:34:28.921+0000] {processor.py:829} INFO - Processing file /home/airflow/.local/lib/python3.8/site-packages/airflow/example_dags/example_branch_operator.py for tasks to queue
[2025-08-19T18:34:28.925+0000] {logging_mixin.py:151} INFO - [2025-08-19T18:34:28.924+0000] {dagbag.py:536} INFO - Filling up the DagBag from /home/airflow/.local/lib/python3.8/site-packages/airflow/example_dags/example_branch_operator.py
[2025-08-19T18:34:28.970+0000] {processor.py:839} INFO - DAG(s) dict_keys(['example_branch_operator']) retrieved from /home/airflow/.local/lib/python3.8/site-packages/airflow/example_dags/example_branch_operator.py
[2025-08-19T18:34:29.043+0000] {logging_mixin.py:151} INFO - [2025-08-19T18:34:29.043+0000] {dag.py:2941} INFO - Sync 1 DAGs
[2025-08-19T18:34:29.131+0000] {logging_mixin.py:151} INFO - [2025-08-19T18:34:29.131+0000] {dag.py:3722} INFO - Setting next_dagrun for example_branch_operator to 2025-08-18T00:00:00+00:00, run_after=2025-08-19T00:00:00+00:00
[2025-08-19T18:34:29.192+0000] {processor.py:179} INFO - Processing /home/airflow/.local/lib/python3.8/site-packages/airflow/example_dags/example_branch_operator.py took 0.283 seconds
[2025-08-19T18:34:59.491+0000] {processor.py:157} INFO - Started process (PID=517) to work on /home/airflow/.local/lib/python3.8/site-packages/airflow/example_dags/example_branch_operator.py
[2025-08-19T18:34:59.492+0000] {processor.py:829} INFO - Processing file /home/airflow/.local/lib/python3.8/site-packages/airflow/example_dags/example_branch_operator.py for tasks to queue
[2025-08-19T18:34:59.495+0000] {logging_mixin.py:151} INFO - [2025-08-19T18:34:59.495+0000] {dagbag.py:536} INFO - Filling up the DagBag from /home/airflow/.local/lib/python3.8/site-packages/airflow/example_dags/example_branch_operator.py
[2025-08-19T18:34:59.507+0000] {processor.py:839} INFO - DAG(s) dict_keys(['example_branch_operator']) retrieved from /home/airflow/.local/lib/python3.8/site-packages/airflow/example_dags/example_branch_operator.py
[2025-08-19T18:34:59.542+0000] {logging_mixin.py:151} INFO - [2025-08-19T18:34:59.541+0000] {dag.py:2941} INFO - Sync 1 DAGs
[2025-08-19T18:34:59.572+0000] {logging_mixin.py:151} INFO - [2025-08-19T18:34:59.572+0000] {dag.py:3722} INFO - Setting next_dagrun for example_branch_operator to 2025-08-18T00:00:00+00:00, run_after=2025-08-19T00:00:00+00:00
[2025-08-19T18:34:59.602+0000] {processor.py:179} INFO - Processing /home/airflow/.local/lib/python3.8/site-packages/airflow/example_dags/example_branch_operator.py took 0.117 seconds
[2025-08-19T18:35:32.297+0000] {processor.py:157} INFO - Started process (PID=571) to work on /home/airflow/.local/lib/python3.8/site-packages/airflow/example_dags/example_branch_operator.py
[2025-08-19T18:35:32.299+0000] {processor.py:829} INFO - Processing file /home/airflow/.local/lib/python3.8/site-packages/airflow/example_dags/example_branch_operator.py for tasks to queue
[2025-08-19T18:35:32.305+0000] {logging_mixin.py:151} INFO - [2025-08-19T18:35:32.304+0000] {dagbag.py:536} INFO - Filling up the DagBag from /home/airflow/.local/lib/python3.8/site-packages/airflow/example_dags/example_branch_operator.py
[2025-08-19T18:35:32.323+0000] {processor.py:839} INFO - DAG(s) dict_keys(['example_branch_operator']) retrieved from /home/airflow/.local/lib/python3.8/site-packages/airflow/example_dags/example_branch_operator.py
[2025-08-19T18:35:32.375+0000] {logging_mixin.py:151} INFO - [2025-08-19T18:35:32.375+0000] {dag.py:2941} INFO - Sync 1 DAGs
[2025-08-19T18:35:32.431+0000] {logging_mixin.py:151} INFO - [2025-08-19T18:35:32.430+0000] {dag.py:3722} INFO - Setting next_dagrun for example_branch_operator to 2025-08-18T00:00:00+00:00, run_after=2025-08-19T00:00:00+00:00
[2025-08-19T18:35:32.471+0000] {processor.py:179} INFO - Processing /home/airflow/.local/lib/python3.8/site-packages/airflow/example_dags/example_branch_operator.py took 0.180 seconds
[2025-08-19T18:36:02.606+0000] {processor.py:157} INFO - Started process (PID=625) to work on /home/airflow/.local/lib/python3.8/site-packages/airflow/example_dags/example_branch_operator.py
[2025-08-19T18:36:02.608+0000] {processor.py:829} INFO - Processing file /home/airflow/.local/lib/python3.8/site-packages/airflow/example_dags/example_branch_operator.py for tasks to queue
[2025-08-19T18:36:02.620+0000] {logging_mixin.py:151} INFO - [2025-08-19T18:36:02.619+0000] {dagbag.py:536} INFO - Filling up the DagBag from /home/airflow/.local/lib/python3.8/site-packages/airflow/example_dags/example_branch_operator.py
[2025-08-19T18:36:02.638+0000] {processor.py:839} INFO - DAG(s) dict_keys(['example_branch_operator']) retrieved from /home/airflow/.local/lib/python3.8/site-packages/airflow/example_dags/example_branch_operator.py
[2025-08-19T18:36:02.677+0000] {logging_mixin.py:151} INFO - [2025-08-19T18:36:02.676+0000] {dag.py:2941} INFO - Sync 1 DAGs
[2025-08-19T18:36:02.712+0000] {logging_mixin.py:151} INFO - [2025-08-19T18:36:02.712+0000] {dag.py:3722} INFO - Setting next_dagrun for example_branch_operator to 2025-08-18T00:00:00+00:00, run_after=2025-08-19T00:00:00+00:00
[2025-08-19T18:36:02.739+0000] {processor.py:179} INFO - Processing /home/airflow/.local/lib/python3.8/site-packages/airflow/example_dags/example_branch_operator.py took 0.138 seconds
[2025-08-19T18:36:34.834+0000] {processor.py:157} INFO - Started process (PID=680) to work on /home/airflow/.local/lib/python3.8/site-packages/airflow/example_dags/example_branch_operator.py
[2025-08-19T18:36:34.836+0000] {processor.py:829} INFO - Processing file /home/airflow/.local/lib/python3.8/site-packages/airflow/example_dags/example_branch_operator.py for tasks to queue
[2025-08-19T18:36:34.839+0000] {logging_mixin.py:151} INFO - [2025-08-19T18:36:34.838+0000] {dagbag.py:536} INFO - Filling up the DagBag from /home/airflow/.local/lib/python3.8/site-packages/airflow/example_dags/example_branch_operator.py
[2025-08-19T18:36:34.851+0000] {processor.py:839} INFO - DAG(s) dict_keys(['example_branch_operator']) retrieved from /home/airflow/.local/lib/python3.8/site-packages/airflow/example_dags/example_branch_operator.py
[2025-08-19T18:36:34.887+0000] {logging_mixin.py:151} INFO - [2025-08-19T18:36:34.887+0000] {dag.py:2941} INFO - Sync 1 DAGs
[2025-08-19T18:36:34.914+0000] {logging_mixin.py:151} INFO - [2025-08-19T18:36:34.914+0000] {dag.py:3722} INFO - Setting next_dagrun for example_branch_operator to 2025-08-18T00:00:00+00:00, run_after=2025-08-19T00:00:00+00:00
[2025-08-19T18:36:34.938+0000] {processor.py:179} INFO - Processing /home/airflow/.local/lib/python3.8/site-packages/airflow/example_dags/example_branch_operator.py took 0.109 seconds
[2025-08-19T18:37:06.855+0000] {processor.py:157} INFO - Started process (PID=734) to work on /home/airflow/.local/lib/python3.8/site-packages/airflow/example_dags/example_branch_operator.py
[2025-08-19T18:37:06.858+0000] {processor.py:829} INFO - Processing file /home/airflow/.local/lib/python3.8/site-packages/airflow/example_dags/example_branch_operator.py for tasks to queue
[2025-08-19T18:37:06.863+0000] {logging_mixin.py:151} INFO - [2025-08-19T18:37:06.862+0000] {dagbag.py:536} INFO - Filling up the DagBag from /home/airflow/.local/lib/python3.8/site-packages/airflow/example_dags/example_branch_operator.py
[2025-08-19T18:37:06.878+0000] {processor.py:839} INFO - DAG(s) dict_keys(['example_branch_operator']) retrieved from /home/airflow/.local/lib/python3.8/site-packages/airflow/example_dags/example_branch_operator.py
[2025-08-19T18:37:06.979+0000] {logging_mixin.py:151} INFO - [2025-08-19T18:37:06.978+0000] {dag.py:2941} INFO - Sync 1 DAGs
[2025-08-19T18:37:07.089+0000] {logging_mixin.py:151} INFO - [2025-08-19T18:37:07.088+0000] {dag.py:3722} INFO - Setting next_dagrun for example_branch_operator to 2025-08-18T00:00:00+00:00, run_after=2025-08-19T00:00:00+00:00
[2025-08-19T18:37:07.141+0000] {processor.py:179} INFO - Processing /home/airflow/.local/lib/python3.8/site-packages/airflow/example_dags/example_branch_operator.py took 0.293 seconds
[2025-08-19T18:37:40.272+0000] {processor.py:157} INFO - Started process (PID=789) to work on /home/airflow/.local/lib/python3.8/site-packages/airflow/example_dags/example_branch_operator.py
[2025-08-19T18:37:40.274+0000] {processor.py:829} INFO - Processing file /home/airflow/.local/lib/python3.8/site-packages/airflow/example_dags/example_branch_operator.py for tasks to queue
[2025-08-19T18:37:40.282+0000] {logging_mixin.py:151} INFO - [2025-08-19T18:37:40.281+0000] {dagbag.py:536} INFO - Filling up the DagBag from /home/airflow/.local/lib/python3.8/site-packages/airflow/example_dags/example_branch_operator.py
[2025-08-19T18:37:40.306+0000] {processor.py:839} INFO - DAG(s) dict_keys(['example_branch_operator']) retrieved from /home/airflow/.local/lib/python3.8/site-packages/airflow/example_dags/example_branch_operator.py
[2025-08-19T18:37:40.393+0000] {logging_mixin.py:151} INFO - [2025-08-19T18:37:40.392+0000] {dag.py:2941} INFO - Sync 1 DAGs
[2025-08-19T18:37:40.475+0000] {logging_mixin.py:151} INFO - [2025-08-19T18:37:40.474+0000] {dag.py:3722} INFO - Setting next_dagrun for example_branch_operator to 2025-08-18T00:00:00+00:00, run_after=2025-08-19T00:00:00+00:00
[2025-08-19T18:37:40.560+0000] {processor.py:179} INFO - Processing /home/airflow/.local/lib/python3.8/site-packages/airflow/example_dags/example_branch_operator.py took 0.302 seconds
[2025-08-19T18:38:10.732+0000] {processor.py:157} INFO - Started process (PID=842) to work on /home/airflow/.local/lib/python3.8/site-packages/airflow/example_dags/example_branch_operator.py
[2025-08-19T18:38:10.734+0000] {processor.py:829} INFO - Processing file /home/airflow/.local/lib/python3.8/site-packages/airflow/example_dags/example_branch_operator.py for tasks to queue
[2025-08-19T18:38:10.738+0000] {logging_mixin.py:151} INFO - [2025-08-19T18:38:10.738+0000] {dagbag.py:536} INFO - Filling up the DagBag from /home/airflow/.local/lib/python3.8/site-packages/airflow/example_dags/example_branch_operator.py
[2025-08-19T18:38:10.754+0000] {processor.py:839} INFO - DAG(s) dict_keys(['example_branch_operator']) retrieved from /home/airflow/.local/lib/python3.8/site-packages/airflow/example_dags/example_branch_operator.py
[2025-08-19T18:38:10.794+0000] {logging_mixin.py:151} INFO - [2025-08-19T18:38:10.793+0000] {dag.py:2941} INFO - Sync 1 DAGs
[2025-08-19T18:38:10.835+0000] {logging_mixin.py:151} INFO - [2025-08-19T18:38:10.835+0000] {dag.py:3722} INFO - Setting next_dagrun for example_branch_operator to 2025-08-18T00:00:00+00:00, run_after=2025-08-19T00:00:00+00:00
[2025-08-19T18:38:10.876+0000] {processor.py:179} INFO - Processing /home/airflow/.local/lib/python3.8/site-packages/airflow/example_dags/example_branch_operator.py took 0.150 seconds
[2025-08-19T18:38:41.439+0000] {processor.py:157} INFO - Started process (PID=896) to work on /home/airflow/.local/lib/python3.8/site-packages/airflow/example_dags/example_branch_operator.py
[2025-08-19T18:38:41.440+0000] {processor.py:829} INFO - Processing file /home/airflow/.local/lib/python3.8/site-packages/airflow/example_dags/example_branch_operator.py for tasks to queue
[2025-08-19T18:38:41.444+0000] {logging_mixin.py:151} INFO - [2025-08-19T18:38:41.443+0000] {dagbag.py:536} INFO - Filling up the DagBag from /home/airflow/.local/lib/python3.8/site-packages/airflow/example_dags/example_branch_operator.py
[2025-08-19T18:38:41.456+0000] {processor.py:839} INFO - DAG(s) dict_keys(['example_branch_operator']) retrieved from /home/airflow/.local/lib/python3.8/site-packages/airflow/example_dags/example_branch_operator.py
[2025-08-19T18:38:41.499+0000] {logging_mixin.py:151} INFO - [2025-08-19T18:38:41.498+0000] {dag.py:2941} INFO - Sync 1 DAGs
[2025-08-19T18:38:41.537+0000] {logging_mixin.py:151} INFO - [2025-08-19T18:38:41.536+0000] {dag.py:3722} INFO - Setting next_dagrun for example_branch_operator to 2025-08-18T00:00:00+00:00, run_after=2025-08-19T00:00:00+00:00
[2025-08-19T18:38:41.574+0000] {processor.py:179} INFO - Processing /home/airflow/.local/lib/python3.8/site-packages/airflow/example_dags/example_branch_operator.py took 0.140 seconds
[2025-08-19T18:39:13.567+0000] {processor.py:157} INFO - Started process (PID=950) to work on /home/airflow/.local/lib/python3.8/site-packages/airflow/example_dags/example_branch_operator.py
[2025-08-19T18:39:13.569+0000] {processor.py:829} INFO - Processing file /home/airflow/.local/lib/python3.8/site-packages/airflow/example_dags/example_branch_operator.py for tasks to queue
[2025-08-19T18:39:13.571+0000] {logging_mixin.py:151} INFO - [2025-08-19T18:39:13.571+0000] {dagbag.py:536} INFO - Filling up the DagBag from /home/airflow/.local/lib/python3.8/site-packages/airflow/example_dags/example_branch_operator.py
[2025-08-19T18:39:13.583+0000] {processor.py:839} INFO - DAG(s) dict_keys(['example_branch_operator']) retrieved from /home/airflow/.local/lib/python3.8/site-packages/airflow/example_dags/example_branch_operator.py
[2025-08-19T18:39:13.618+0000] {logging_mixin.py:151} INFO - [2025-08-19T18:39:13.618+0000] {dag.py:2941} INFO - Sync 1 DAGs
[2025-08-19T18:39:13.653+0000] {logging_mixin.py:151} INFO - [2025-08-19T18:39:13.653+0000] {dag.py:3722} INFO - Setting next_dagrun for example_branch_operator to 2025-08-18T00:00:00+00:00, run_after=2025-08-19T00:00:00+00:00
[2025-08-19T18:39:13.679+0000] {processor.py:179} INFO - Processing /home/airflow/.local/lib/python3.8/site-packages/airflow/example_dags/example_branch_operator.py took 0.116 seconds
