[2025-08-19T18:22:45.358+0000] {processor.py:157} INFO - Started process (PID=89) to work on /home/airflow/.local/lib/python3.8/site-packages/airflow/example_dags/example_external_task_marker_dag.py
[2025-08-19T18:22:45.361+0000] {processor.py:829} INFO - Processing file /home/airflow/.local/lib/python3.8/site-packages/airflow/example_dags/example_external_task_marker_dag.py for tasks to queue
[2025-08-19T18:22:45.366+0000] {logging_mixin.py:151} INFO - [2025-08-19T18:22:45.365+0000] {dagbag.py:536} INFO - Filling up the DagBag from /home/airflow/.local/lib/python3.8/site-packages/airflow/example_dags/example_external_task_marker_dag.py
[2025-08-19T18:22:45.507+0000] {processor.py:839} INFO - DAG(s) dict_keys(['example_external_task_marker_child', 'example_external_task_marker_parent']) retrieved from /home/airflow/.local/lib/python3.8/site-packages/airflow/example_dags/example_external_task_marker_dag.py
[2025-08-19T18:22:46.269+0000] {logging_mixin.py:151} INFO - [2025-08-19T18:22:46.269+0000] {dag.py:2941} INFO - Sync 2 DAGs
[2025-08-19T18:22:46.462+0000] {logging_mixin.py:151} INFO - [2025-08-19T18:22:46.461+0000] {dag.py:3722} INFO - Setting next_dagrun for example_external_task_marker_child to None, run_after=None
[2025-08-19T18:22:46.492+0000] {logging_mixin.py:151} INFO - [2025-08-19T18:22:46.492+0000] {dag.py:3722} INFO - Setting next_dagrun for example_external_task_marker_parent to None, run_after=None
[2025-08-19T18:22:46.654+0000] {processor.py:179} INFO - Processing /home/airflow/.local/lib/python3.8/site-packages/airflow/example_dags/example_external_task_marker_dag.py took 1.304 seconds
[2025-08-19T18:23:27.681+0000] {processor.py:157} INFO - Started process (PID=144) to work on /home/airflow/.local/lib/python3.8/site-packages/airflow/example_dags/example_external_task_marker_dag.py
[2025-08-19T18:23:27.683+0000] {processor.py:829} INFO - Processing file /home/airflow/.local/lib/python3.8/site-packages/airflow/example_dags/example_external_task_marker_dag.py for tasks to queue
[2025-08-19T18:23:27.690+0000] {logging_mixin.py:151} INFO - [2025-08-19T18:23:27.689+0000] {dagbag.py:536} INFO - Filling up the DagBag from /home/airflow/.local/lib/python3.8/site-packages/airflow/example_dags/example_external_task_marker_dag.py
[2025-08-19T18:23:27.731+0000] {processor.py:839} INFO - DAG(s) dict_keys(['example_external_task_marker_parent', 'example_external_task_marker_child']) retrieved from /home/airflow/.local/lib/python3.8/site-packages/airflow/example_dags/example_external_task_marker_dag.py
[2025-08-19T18:23:27.941+0000] {logging_mixin.py:151} INFO - [2025-08-19T18:23:27.940+0000] {dag.py:2941} INFO - Sync 2 DAGs
[2025-08-19T18:23:28.020+0000] {logging_mixin.py:151} INFO - [2025-08-19T18:23:28.020+0000] {dag.py:3722} INFO - Setting next_dagrun for example_external_task_marker_child to None, run_after=None
[2025-08-19T18:23:28.037+0000] {logging_mixin.py:151} INFO - [2025-08-19T18:23:28.036+0000] {dag.py:3722} INFO - Setting next_dagrun for example_external_task_marker_parent to None, run_after=None
[2025-08-19T18:23:28.148+0000] {processor.py:179} INFO - Processing /home/airflow/.local/lib/python3.8/site-packages/airflow/example_dags/example_external_task_marker_dag.py took 0.482 seconds
[2025-08-19T18:23:58.362+0000] {processor.py:157} INFO - Started process (PID=196) to work on /home/airflow/.local/lib/python3.8/site-packages/airflow/example_dags/example_external_task_marker_dag.py
[2025-08-19T18:23:58.364+0000] {processor.py:829} INFO - Processing file /home/airflow/.local/lib/python3.8/site-packages/airflow/example_dags/example_external_task_marker_dag.py for tasks to queue
[2025-08-19T18:23:58.368+0000] {logging_mixin.py:151} INFO - [2025-08-19T18:23:58.367+0000] {dagbag.py:536} INFO - Filling up the DagBag from /home/airflow/.local/lib/python3.8/site-packages/airflow/example_dags/example_external_task_marker_dag.py
[2025-08-19T18:23:58.376+0000] {processor.py:839} INFO - DAG(s) dict_keys(['example_external_task_marker_child', 'example_external_task_marker_parent']) retrieved from /home/airflow/.local/lib/python3.8/site-packages/airflow/example_dags/example_external_task_marker_dag.py
[2025-08-19T18:23:58.418+0000] {logging_mixin.py:151} INFO - [2025-08-19T18:23:58.418+0000] {dag.py:2941} INFO - Sync 2 DAGs
[2025-08-19T18:23:58.452+0000] {logging_mixin.py:151} INFO - [2025-08-19T18:23:58.452+0000] {dag.py:3722} INFO - Setting next_dagrun for example_external_task_marker_child to None, run_after=None
[2025-08-19T18:23:58.458+0000] {logging_mixin.py:151} INFO - [2025-08-19T18:23:58.458+0000] {dag.py:3722} INFO - Setting next_dagrun for example_external_task_marker_parent to None, run_after=None
[2025-08-19T18:23:58.530+0000] {processor.py:179} INFO - Processing /home/airflow/.local/lib/python3.8/site-packages/airflow/example_dags/example_external_task_marker_dag.py took 0.173 seconds
[2025-08-19T18:24:28.982+0000] {processor.py:157} INFO - Started process (PID=250) to work on /home/airflow/.local/lib/python3.8/site-packages/airflow/example_dags/example_external_task_marker_dag.py
[2025-08-19T18:24:28.986+0000] {processor.py:829} INFO - Processing file /home/airflow/.local/lib/python3.8/site-packages/airflow/example_dags/example_external_task_marker_dag.py for tasks to queue
[2025-08-19T18:24:29.005+0000] {logging_mixin.py:151} INFO - [2025-08-19T18:24:29.004+0000] {dagbag.py:536} INFO - Filling up the DagBag from /home/airflow/.local/lib/python3.8/site-packages/airflow/example_dags/example_external_task_marker_dag.py
[2025-08-19T18:24:29.042+0000] {processor.py:839} INFO - DAG(s) dict_keys(['example_external_task_marker_parent', 'example_external_task_marker_child']) retrieved from /home/airflow/.local/lib/python3.8/site-packages/airflow/example_dags/example_external_task_marker_dag.py
[2025-08-19T18:24:29.890+0000] {logging_mixin.py:151} INFO - [2025-08-19T18:24:29.890+0000] {dag.py:2941} INFO - Sync 2 DAGs
[2025-08-19T18:24:30.107+0000] {logging_mixin.py:151} INFO - [2025-08-19T18:24:30.106+0000] {dag.py:3722} INFO - Setting next_dagrun for example_external_task_marker_child to None, run_after=None
[2025-08-19T18:24:30.141+0000] {logging_mixin.py:151} INFO - [2025-08-19T18:24:30.141+0000] {dag.py:3722} INFO - Setting next_dagrun for example_external_task_marker_parent to None, run_after=None
[2025-08-19T18:24:30.391+0000] {processor.py:179} INFO - Processing /home/airflow/.local/lib/python3.8/site-packages/airflow/example_dags/example_external_task_marker_dag.py took 1.444 seconds
[2025-08-19T18:25:00.989+0000] {processor.py:157} INFO - Started process (PID=304) to work on /home/airflow/.local/lib/python3.8/site-packages/airflow/example_dags/example_external_task_marker_dag.py
[2025-08-19T18:25:00.991+0000] {processor.py:829} INFO - Processing file /home/airflow/.local/lib/python3.8/site-packages/airflow/example_dags/example_external_task_marker_dag.py for tasks to queue
[2025-08-19T18:25:00.996+0000] {logging_mixin.py:151} INFO - [2025-08-19T18:25:00.996+0000] {dagbag.py:536} INFO - Filling up the DagBag from /home/airflow/.local/lib/python3.8/site-packages/airflow/example_dags/example_external_task_marker_dag.py
[2025-08-19T18:25:01.009+0000] {processor.py:839} INFO - DAG(s) dict_keys(['example_external_task_marker_child', 'example_external_task_marker_parent']) retrieved from /home/airflow/.local/lib/python3.8/site-packages/airflow/example_dags/example_external_task_marker_dag.py
[2025-08-19T18:25:01.055+0000] {logging_mixin.py:151} INFO - [2025-08-19T18:25:01.054+0000] {dag.py:2941} INFO - Sync 2 DAGs
[2025-08-19T18:25:01.074+0000] {logging_mixin.py:151} INFO - [2025-08-19T18:25:01.074+0000] {dag.py:3722} INFO - Setting next_dagrun for example_external_task_marker_child to None, run_after=None
[2025-08-19T18:25:01.079+0000] {logging_mixin.py:151} INFO - [2025-08-19T18:25:01.079+0000] {dag.py:3722} INFO - Setting next_dagrun for example_external_task_marker_parent to None, run_after=None
[2025-08-19T18:25:01.111+0000] {processor.py:179} INFO - Processing /home/airflow/.local/lib/python3.8/site-packages/airflow/example_dags/example_external_task_marker_dag.py took 0.126 seconds
[2025-08-19T18:25:31.822+0000] {processor.py:157} INFO - Started process (PID=358) to work on /home/airflow/.local/lib/python3.8/site-packages/airflow/example_dags/example_external_task_marker_dag.py
[2025-08-19T18:25:31.879+0000] {processor.py:829} INFO - Processing file /home/airflow/.local/lib/python3.8/site-packages/airflow/example_dags/example_external_task_marker_dag.py for tasks to queue
[2025-08-19T18:25:31.890+0000] {logging_mixin.py:151} INFO - [2025-08-19T18:25:31.889+0000] {dagbag.py:536} INFO - Filling up the DagBag from /home/airflow/.local/lib/python3.8/site-packages/airflow/example_dags/example_external_task_marker_dag.py
[2025-08-19T18:25:31.937+0000] {processor.py:839} INFO - DAG(s) dict_keys(['example_external_task_marker_child', 'example_external_task_marker_parent']) retrieved from /home/airflow/.local/lib/python3.8/site-packages/airflow/example_dags/example_external_task_marker_dag.py
[2025-08-19T18:25:32.124+0000] {logging_mixin.py:151} INFO - [2025-08-19T18:25:32.123+0000] {dag.py:2941} INFO - Sync 2 DAGs
[2025-08-19T18:25:32.253+0000] {logging_mixin.py:151} INFO - [2025-08-19T18:25:32.252+0000] {dag.py:3722} INFO - Setting next_dagrun for example_external_task_marker_child to None, run_after=None
[2025-08-19T18:25:32.273+0000] {logging_mixin.py:151} INFO - [2025-08-19T18:25:32.272+0000] {dag.py:3722} INFO - Setting next_dagrun for example_external_task_marker_parent to None, run_after=None
[2025-08-19T18:25:32.761+0000] {processor.py:179} INFO - Processing /home/airflow/.local/lib/python3.8/site-packages/airflow/example_dags/example_external_task_marker_dag.py took 1.024 seconds
[2025-08-19T18:26:03.571+0000] {processor.py:157} INFO - Started process (PID=412) to work on /home/airflow/.local/lib/python3.8/site-packages/airflow/example_dags/example_external_task_marker_dag.py
[2025-08-19T18:26:03.579+0000] {processor.py:829} INFO - Processing file /home/airflow/.local/lib/python3.8/site-packages/airflow/example_dags/example_external_task_marker_dag.py for tasks to queue
[2025-08-19T18:26:03.583+0000] {logging_mixin.py:151} INFO - [2025-08-19T18:26:03.582+0000] {dagbag.py:536} INFO - Filling up the DagBag from /home/airflow/.local/lib/python3.8/site-packages/airflow/example_dags/example_external_task_marker_dag.py
[2025-08-19T18:26:03.599+0000] {processor.py:839} INFO - DAG(s) dict_keys(['example_external_task_marker_parent', 'example_external_task_marker_child']) retrieved from /home/airflow/.local/lib/python3.8/site-packages/airflow/example_dags/example_external_task_marker_dag.py
[2025-08-19T18:26:03.658+0000] {logging_mixin.py:151} INFO - [2025-08-19T18:26:03.657+0000] {dag.py:2941} INFO - Sync 2 DAGs
[2025-08-19T18:26:03.680+0000] {logging_mixin.py:151} INFO - [2025-08-19T18:26:03.680+0000] {dag.py:3722} INFO - Setting next_dagrun for example_external_task_marker_child to None, run_after=None
[2025-08-19T18:26:03.687+0000] {logging_mixin.py:151} INFO - [2025-08-19T18:26:03.687+0000] {dag.py:3722} INFO - Setting next_dagrun for example_external_task_marker_parent to None, run_after=None
[2025-08-19T18:26:03.726+0000] {processor.py:179} INFO - Processing /home/airflow/.local/lib/python3.8/site-packages/airflow/example_dags/example_external_task_marker_dag.py took 0.183 seconds
[2025-08-19T18:26:34.249+0000] {processor.py:157} INFO - Started process (PID=467) to work on /home/airflow/.local/lib/python3.8/site-packages/airflow/example_dags/example_external_task_marker_dag.py
[2025-08-19T18:26:34.255+0000] {processor.py:829} INFO - Processing file /home/airflow/.local/lib/python3.8/site-packages/airflow/example_dags/example_external_task_marker_dag.py for tasks to queue
[2025-08-19T18:26:34.264+0000] {logging_mixin.py:151} INFO - [2025-08-19T18:26:34.264+0000] {dagbag.py:536} INFO - Filling up the DagBag from /home/airflow/.local/lib/python3.8/site-packages/airflow/example_dags/example_external_task_marker_dag.py
[2025-08-19T18:26:34.289+0000] {processor.py:839} INFO - DAG(s) dict_keys(['example_external_task_marker_parent', 'example_external_task_marker_child']) retrieved from /home/airflow/.local/lib/python3.8/site-packages/airflow/example_dags/example_external_task_marker_dag.py
[2025-08-19T18:26:34.783+0000] {logging_mixin.py:151} INFO - [2025-08-19T18:26:34.782+0000] {dag.py:2941} INFO - Sync 2 DAGs
[2025-08-19T18:26:35.037+0000] {logging_mixin.py:151} INFO - [2025-08-19T18:26:35.036+0000] {dag.py:3722} INFO - Setting next_dagrun for example_external_task_marker_child to None, run_after=None
[2025-08-19T18:26:35.065+0000] {logging_mixin.py:151} INFO - [2025-08-19T18:26:35.058+0000] {dag.py:3722} INFO - Setting next_dagrun for example_external_task_marker_parent to None, run_after=None
[2025-08-19T18:26:35.179+0000] {processor.py:179} INFO - Processing /home/airflow/.local/lib/python3.8/site-packages/airflow/example_dags/example_external_task_marker_dag.py took 1.057 seconds
[2025-08-19T18:27:05.318+0000] {processor.py:157} INFO - Started process (PID=521) to work on /home/airflow/.local/lib/python3.8/site-packages/airflow/example_dags/example_external_task_marker_dag.py
[2025-08-19T18:27:05.319+0000] {processor.py:829} INFO - Processing file /home/airflow/.local/lib/python3.8/site-packages/airflow/example_dags/example_external_task_marker_dag.py for tasks to queue
[2025-08-19T18:27:05.321+0000] {logging_mixin.py:151} INFO - [2025-08-19T18:27:05.321+0000] {dagbag.py:536} INFO - Filling up the DagBag from /home/airflow/.local/lib/python3.8/site-packages/airflow/example_dags/example_external_task_marker_dag.py
[2025-08-19T18:27:05.327+0000] {processor.py:839} INFO - DAG(s) dict_keys(['example_external_task_marker_parent', 'example_external_task_marker_child']) retrieved from /home/airflow/.local/lib/python3.8/site-packages/airflow/example_dags/example_external_task_marker_dag.py
[2025-08-19T18:27:05.349+0000] {logging_mixin.py:151} INFO - [2025-08-19T18:27:05.349+0000] {dag.py:2941} INFO - Sync 2 DAGs
[2025-08-19T18:27:05.362+0000] {logging_mixin.py:151} INFO - [2025-08-19T18:27:05.361+0000] {dag.py:3722} INFO - Setting next_dagrun for example_external_task_marker_child to None, run_after=None
[2025-08-19T18:27:05.365+0000] {logging_mixin.py:151} INFO - [2025-08-19T18:27:05.365+0000] {dag.py:3722} INFO - Setting next_dagrun for example_external_task_marker_parent to None, run_after=None
[2025-08-19T18:27:05.382+0000] {processor.py:179} INFO - Processing /home/airflow/.local/lib/python3.8/site-packages/airflow/example_dags/example_external_task_marker_dag.py took 0.067 seconds
[2025-08-19T18:27:35.867+0000] {processor.py:157} INFO - Started process (PID=575) to work on /home/airflow/.local/lib/python3.8/site-packages/airflow/example_dags/example_external_task_marker_dag.py
[2025-08-19T18:27:35.871+0000] {processor.py:829} INFO - Processing file /home/airflow/.local/lib/python3.8/site-packages/airflow/example_dags/example_external_task_marker_dag.py for tasks to queue
[2025-08-19T18:27:35.874+0000] {logging_mixin.py:151} INFO - [2025-08-19T18:27:35.874+0000] {dagbag.py:536} INFO - Filling up the DagBag from /home/airflow/.local/lib/python3.8/site-packages/airflow/example_dags/example_external_task_marker_dag.py
[2025-08-19T18:27:35.882+0000] {processor.py:839} INFO - DAG(s) dict_keys(['example_external_task_marker_parent', 'example_external_task_marker_child']) retrieved from /home/airflow/.local/lib/python3.8/site-packages/airflow/example_dags/example_external_task_marker_dag.py
[2025-08-19T18:27:35.928+0000] {logging_mixin.py:151} INFO - [2025-08-19T18:27:35.928+0000] {dag.py:2941} INFO - Sync 2 DAGs
[2025-08-19T18:27:35.949+0000] {logging_mixin.py:151} INFO - [2025-08-19T18:27:35.948+0000] {dag.py:3722} INFO - Setting next_dagrun for example_external_task_marker_child to None, run_after=None
[2025-08-19T18:27:35.955+0000] {logging_mixin.py:151} INFO - [2025-08-19T18:27:35.954+0000] {dag.py:3722} INFO - Setting next_dagrun for example_external_task_marker_parent to None, run_after=None
[2025-08-19T18:27:35.994+0000] {processor.py:179} INFO - Processing /home/airflow/.local/lib/python3.8/site-packages/airflow/example_dags/example_external_task_marker_dag.py took 0.132 seconds
[2025-08-19T18:28:06.471+0000] {processor.py:157} INFO - Started process (PID=623) to work on /home/airflow/.local/lib/python3.8/site-packages/airflow/example_dags/example_external_task_marker_dag.py
[2025-08-19T18:28:06.472+0000] {processor.py:829} INFO - Processing file /home/airflow/.local/lib/python3.8/site-packages/airflow/example_dags/example_external_task_marker_dag.py for tasks to queue
[2025-08-19T18:28:06.475+0000] {logging_mixin.py:151} INFO - [2025-08-19T18:28:06.475+0000] {dagbag.py:536} INFO - Filling up the DagBag from /home/airflow/.local/lib/python3.8/site-packages/airflow/example_dags/example_external_task_marker_dag.py
[2025-08-19T18:28:06.484+0000] {processor.py:839} INFO - DAG(s) dict_keys(['example_external_task_marker_child', 'example_external_task_marker_parent']) retrieved from /home/airflow/.local/lib/python3.8/site-packages/airflow/example_dags/example_external_task_marker_dag.py
[2025-08-19T18:28:06.527+0000] {logging_mixin.py:151} INFO - [2025-08-19T18:28:06.526+0000] {dag.py:2941} INFO - Sync 2 DAGs
[2025-08-19T18:28:06.545+0000] {logging_mixin.py:151} INFO - [2025-08-19T18:28:06.545+0000] {dag.py:3722} INFO - Setting next_dagrun for example_external_task_marker_child to None, run_after=None
[2025-08-19T18:28:06.550+0000] {logging_mixin.py:151} INFO - [2025-08-19T18:28:06.549+0000] {dag.py:3722} INFO - Setting next_dagrun for example_external_task_marker_parent to None, run_after=None
[2025-08-19T18:28:06.578+0000] {processor.py:179} INFO - Processing /home/airflow/.local/lib/python3.8/site-packages/airflow/example_dags/example_external_task_marker_dag.py took 0.114 seconds
[2025-08-19T18:28:38.285+0000] {processor.py:157} INFO - Started process (PID=677) to work on /home/airflow/.local/lib/python3.8/site-packages/airflow/example_dags/example_external_task_marker_dag.py
[2025-08-19T18:28:38.287+0000] {processor.py:829} INFO - Processing file /home/airflow/.local/lib/python3.8/site-packages/airflow/example_dags/example_external_task_marker_dag.py for tasks to queue
[2025-08-19T18:28:38.290+0000] {logging_mixin.py:151} INFO - [2025-08-19T18:28:38.290+0000] {dagbag.py:536} INFO - Filling up the DagBag from /home/airflow/.local/lib/python3.8/site-packages/airflow/example_dags/example_external_task_marker_dag.py
[2025-08-19T18:28:38.298+0000] {processor.py:839} INFO - DAG(s) dict_keys(['example_external_task_marker_parent', 'example_external_task_marker_child']) retrieved from /home/airflow/.local/lib/python3.8/site-packages/airflow/example_dags/example_external_task_marker_dag.py
[2025-08-19T18:28:38.353+0000] {logging_mixin.py:151} INFO - [2025-08-19T18:28:38.352+0000] {dag.py:2941} INFO - Sync 2 DAGs
[2025-08-19T18:28:38.390+0000] {logging_mixin.py:151} INFO - [2025-08-19T18:28:38.390+0000] {dag.py:3722} INFO - Setting next_dagrun for example_external_task_marker_child to None, run_after=None
[2025-08-19T18:28:38.397+0000] {logging_mixin.py:151} INFO - [2025-08-19T18:28:38.396+0000] {dag.py:3722} INFO - Setting next_dagrun for example_external_task_marker_parent to None, run_after=None
[2025-08-19T18:28:38.446+0000] {processor.py:179} INFO - Processing /home/airflow/.local/lib/python3.8/site-packages/airflow/example_dags/example_external_task_marker_dag.py took 0.165 seconds
[2025-08-19T18:29:10.874+0000] {processor.py:157} INFO - Started process (PID=731) to work on /home/airflow/.local/lib/python3.8/site-packages/airflow/example_dags/example_external_task_marker_dag.py
[2025-08-19T18:29:10.876+0000] {processor.py:829} INFO - Processing file /home/airflow/.local/lib/python3.8/site-packages/airflow/example_dags/example_external_task_marker_dag.py for tasks to queue
[2025-08-19T18:29:10.880+0000] {logging_mixin.py:151} INFO - [2025-08-19T18:29:10.879+0000] {dagbag.py:536} INFO - Filling up the DagBag from /home/airflow/.local/lib/python3.8/site-packages/airflow/example_dags/example_external_task_marker_dag.py
[2025-08-19T18:29:10.897+0000] {processor.py:839} INFO - DAG(s) dict_keys(['example_external_task_marker_parent', 'example_external_task_marker_child']) retrieved from /home/airflow/.local/lib/python3.8/site-packages/airflow/example_dags/example_external_task_marker_dag.py
[2025-08-19T18:29:10.952+0000] {logging_mixin.py:151} INFO - [2025-08-19T18:29:10.951+0000] {dag.py:2941} INFO - Sync 2 DAGs
[2025-08-19T18:29:10.971+0000] {logging_mixin.py:151} INFO - [2025-08-19T18:29:10.971+0000] {dag.py:3722} INFO - Setting next_dagrun for example_external_task_marker_child to None, run_after=None
[2025-08-19T18:29:10.976+0000] {logging_mixin.py:151} INFO - [2025-08-19T18:29:10.975+0000] {dag.py:3722} INFO - Setting next_dagrun for example_external_task_marker_parent to None, run_after=None
[2025-08-19T18:29:11.017+0000] {processor.py:179} INFO - Processing /home/airflow/.local/lib/python3.8/site-packages/airflow/example_dags/example_external_task_marker_dag.py took 0.158 seconds
[2025-08-19T18:29:41.841+0000] {processor.py:157} INFO - Started process (PID=785) to work on /home/airflow/.local/lib/python3.8/site-packages/airflow/example_dags/example_external_task_marker_dag.py
[2025-08-19T18:29:41.843+0000] {processor.py:829} INFO - Processing file /home/airflow/.local/lib/python3.8/site-packages/airflow/example_dags/example_external_task_marker_dag.py for tasks to queue
[2025-08-19T18:29:41.846+0000] {logging_mixin.py:151} INFO - [2025-08-19T18:29:41.846+0000] {dagbag.py:536} INFO - Filling up the DagBag from /home/airflow/.local/lib/python3.8/site-packages/airflow/example_dags/example_external_task_marker_dag.py
[2025-08-19T18:29:41.854+0000] {processor.py:839} INFO - DAG(s) dict_keys(['example_external_task_marker_parent', 'example_external_task_marker_child']) retrieved from /home/airflow/.local/lib/python3.8/site-packages/airflow/example_dags/example_external_task_marker_dag.py
[2025-08-19T18:29:41.889+0000] {logging_mixin.py:151} INFO - [2025-08-19T18:29:41.888+0000] {dag.py:2941} INFO - Sync 2 DAGs
[2025-08-19T18:29:41.903+0000] {logging_mixin.py:151} INFO - [2025-08-19T18:29:41.903+0000] {dag.py:3722} INFO - Setting next_dagrun for example_external_task_marker_child to None, run_after=None
[2025-08-19T18:29:41.908+0000] {logging_mixin.py:151} INFO - [2025-08-19T18:29:41.907+0000] {dag.py:3722} INFO - Setting next_dagrun for example_external_task_marker_parent to None, run_after=None
[2025-08-19T18:29:41.931+0000] {processor.py:179} INFO - Processing /home/airflow/.local/lib/python3.8/site-packages/airflow/example_dags/example_external_task_marker_dag.py took 0.094 seconds
[2025-08-19T18:30:13.550+0000] {processor.py:157} INFO - Started process (PID=838) to work on /home/airflow/.local/lib/python3.8/site-packages/airflow/example_dags/example_external_task_marker_dag.py
[2025-08-19T18:30:13.551+0000] {processor.py:829} INFO - Processing file /home/airflow/.local/lib/python3.8/site-packages/airflow/example_dags/example_external_task_marker_dag.py for tasks to queue
[2025-08-19T18:30:13.561+0000] {logging_mixin.py:151} INFO - [2025-08-19T18:30:13.557+0000] {dagbag.py:536} INFO - Filling up the DagBag from /home/airflow/.local/lib/python3.8/site-packages/airflow/example_dags/example_external_task_marker_dag.py
[2025-08-19T18:30:13.574+0000] {processor.py:839} INFO - DAG(s) dict_keys(['example_external_task_marker_parent', 'example_external_task_marker_child']) retrieved from /home/airflow/.local/lib/python3.8/site-packages/airflow/example_dags/example_external_task_marker_dag.py
[2025-08-19T18:30:13.622+0000] {logging_mixin.py:151} INFO - [2025-08-19T18:30:13.615+0000] {dag.py:2941} INFO - Sync 2 DAGs
[2025-08-19T18:30:13.651+0000] {logging_mixin.py:151} INFO - [2025-08-19T18:30:13.650+0000] {dag.py:3722} INFO - Setting next_dagrun for example_external_task_marker_child to None, run_after=None
[2025-08-19T18:30:13.658+0000] {logging_mixin.py:151} INFO - [2025-08-19T18:30:13.658+0000] {dag.py:3722} INFO - Setting next_dagrun for example_external_task_marker_parent to None, run_after=None
[2025-08-19T18:30:13.718+0000] {processor.py:179} INFO - Processing /home/airflow/.local/lib/python3.8/site-packages/airflow/example_dags/example_external_task_marker_dag.py took 0.173 seconds
[2025-08-19T18:30:53.976+0000] {processor.py:157} INFO - Started process (PID=81) to work on /home/airflow/.local/lib/python3.8/site-packages/airflow/example_dags/example_external_task_marker_dag.py
[2025-08-19T18:30:53.978+0000] {processor.py:829} INFO - Processing file /home/airflow/.local/lib/python3.8/site-packages/airflow/example_dags/example_external_task_marker_dag.py for tasks to queue
[2025-08-19T18:30:53.982+0000] {logging_mixin.py:151} INFO - [2025-08-19T18:30:53.981+0000] {dagbag.py:536} INFO - Filling up the DagBag from /home/airflow/.local/lib/python3.8/site-packages/airflow/example_dags/example_external_task_marker_dag.py
[2025-08-19T18:30:54.000+0000] {processor.py:839} INFO - DAG(s) dict_keys(['example_external_task_marker_child', 'example_external_task_marker_parent']) retrieved from /home/airflow/.local/lib/python3.8/site-packages/airflow/example_dags/example_external_task_marker_dag.py
[2025-08-19T18:30:54.044+0000] {logging_mixin.py:151} INFO - [2025-08-19T18:30:54.044+0000] {dag.py:2941} INFO - Sync 2 DAGs
[2025-08-19T18:30:54.072+0000] {logging_mixin.py:151} INFO - [2025-08-19T18:30:54.072+0000] {dag.py:3722} INFO - Setting next_dagrun for example_external_task_marker_child to None, run_after=None
[2025-08-19T18:30:54.078+0000] {logging_mixin.py:151} INFO - [2025-08-19T18:30:54.078+0000] {dag.py:3722} INFO - Setting next_dagrun for example_external_task_marker_parent to None, run_after=None
[2025-08-19T18:30:54.124+0000] {processor.py:179} INFO - Processing /home/airflow/.local/lib/python3.8/site-packages/airflow/example_dags/example_external_task_marker_dag.py took 0.154 seconds
[2025-08-19T18:31:24.178+0000] {processor.py:157} INFO - Started process (PID=134) to work on /home/airflow/.local/lib/python3.8/site-packages/airflow/example_dags/example_external_task_marker_dag.py
[2025-08-19T18:31:24.180+0000] {processor.py:829} INFO - Processing file /home/airflow/.local/lib/python3.8/site-packages/airflow/example_dags/example_external_task_marker_dag.py for tasks to queue
[2025-08-19T18:31:24.185+0000] {logging_mixin.py:151} INFO - [2025-08-19T18:31:24.184+0000] {dagbag.py:536} INFO - Filling up the DagBag from /home/airflow/.local/lib/python3.8/site-packages/airflow/example_dags/example_external_task_marker_dag.py
[2025-08-19T18:31:24.195+0000] {processor.py:839} INFO - DAG(s) dict_keys(['example_external_task_marker_child', 'example_external_task_marker_parent']) retrieved from /home/airflow/.local/lib/python3.8/site-packages/airflow/example_dags/example_external_task_marker_dag.py
[2025-08-19T18:31:24.234+0000] {logging_mixin.py:151} INFO - [2025-08-19T18:31:24.233+0000] {dag.py:2941} INFO - Sync 2 DAGs
[2025-08-19T18:31:24.252+0000] {logging_mixin.py:151} INFO - [2025-08-19T18:31:24.251+0000] {dag.py:3722} INFO - Setting next_dagrun for example_external_task_marker_child to None, run_after=None
[2025-08-19T18:31:24.257+0000] {logging_mixin.py:151} INFO - [2025-08-19T18:31:24.256+0000] {dag.py:3722} INFO - Setting next_dagrun for example_external_task_marker_parent to None, run_after=None
[2025-08-19T18:31:24.291+0000] {processor.py:179} INFO - Processing /home/airflow/.local/lib/python3.8/site-packages/airflow/example_dags/example_external_task_marker_dag.py took 0.118 seconds
[2025-08-19T18:31:54.640+0000] {processor.py:157} INFO - Started process (PID=189) to work on /home/airflow/.local/lib/python3.8/site-packages/airflow/example_dags/example_external_task_marker_dag.py
[2025-08-19T18:31:54.642+0000] {processor.py:829} INFO - Processing file /home/airflow/.local/lib/python3.8/site-packages/airflow/example_dags/example_external_task_marker_dag.py for tasks to queue
[2025-08-19T18:31:54.645+0000] {logging_mixin.py:151} INFO - [2025-08-19T18:31:54.644+0000] {dagbag.py:536} INFO - Filling up the DagBag from /home/airflow/.local/lib/python3.8/site-packages/airflow/example_dags/example_external_task_marker_dag.py
[2025-08-19T18:31:54.652+0000] {processor.py:839} INFO - DAG(s) dict_keys(['example_external_task_marker_child', 'example_external_task_marker_parent']) retrieved from /home/airflow/.local/lib/python3.8/site-packages/airflow/example_dags/example_external_task_marker_dag.py
[2025-08-19T18:31:54.684+0000] {logging_mixin.py:151} INFO - [2025-08-19T18:31:54.684+0000] {dag.py:2941} INFO - Sync 2 DAGs
[2025-08-19T18:31:54.700+0000] {logging_mixin.py:151} INFO - [2025-08-19T18:31:54.700+0000] {dag.py:3722} INFO - Setting next_dagrun for example_external_task_marker_child to None, run_after=None
[2025-08-19T18:31:54.704+0000] {logging_mixin.py:151} INFO - [2025-08-19T18:31:54.704+0000] {dag.py:3722} INFO - Setting next_dagrun for example_external_task_marker_parent to None, run_after=None
[2025-08-19T18:31:54.726+0000] {processor.py:179} INFO - Processing /home/airflow/.local/lib/python3.8/site-packages/airflow/example_dags/example_external_task_marker_dag.py took 0.090 seconds
[2025-08-19T18:32:26.246+0000] {processor.py:157} INFO - Started process (PID=244) to work on /home/airflow/.local/lib/python3.8/site-packages/airflow/example_dags/example_external_task_marker_dag.py
[2025-08-19T18:32:26.264+0000] {processor.py:829} INFO - Processing file /home/airflow/.local/lib/python3.8/site-packages/airflow/example_dags/example_external_task_marker_dag.py for tasks to queue
[2025-08-19T18:32:26.309+0000] {logging_mixin.py:151} INFO - [2025-08-19T18:32:26.308+0000] {dagbag.py:536} INFO - Filling up the DagBag from /home/airflow/.local/lib/python3.8/site-packages/airflow/example_dags/example_external_task_marker_dag.py
[2025-08-19T18:32:26.326+0000] {processor.py:839} INFO - DAG(s) dict_keys(['example_external_task_marker_child', 'example_external_task_marker_parent']) retrieved from /home/airflow/.local/lib/python3.8/site-packages/airflow/example_dags/example_external_task_marker_dag.py
[2025-08-19T18:32:26.393+0000] {logging_mixin.py:151} INFO - [2025-08-19T18:32:26.393+0000] {dag.py:2941} INFO - Sync 2 DAGs
[2025-08-19T18:32:26.467+0000] {logging_mixin.py:151} INFO - [2025-08-19T18:32:26.467+0000] {dag.py:3722} INFO - Setting next_dagrun for example_external_task_marker_child to None, run_after=None
[2025-08-19T18:32:26.473+0000] {logging_mixin.py:151} INFO - [2025-08-19T18:32:26.473+0000] {dag.py:3722} INFO - Setting next_dagrun for example_external_task_marker_parent to None, run_after=None
[2025-08-19T18:32:26.514+0000] {processor.py:179} INFO - Processing /home/airflow/.local/lib/python3.8/site-packages/airflow/example_dags/example_external_task_marker_dag.py took 0.277 seconds
[2025-08-19T18:32:56.849+0000] {processor.py:157} INFO - Started process (PID=298) to work on /home/airflow/.local/lib/python3.8/site-packages/airflow/example_dags/example_external_task_marker_dag.py
[2025-08-19T18:32:56.851+0000] {processor.py:829} INFO - Processing file /home/airflow/.local/lib/python3.8/site-packages/airflow/example_dags/example_external_task_marker_dag.py for tasks to queue
[2025-08-19T18:32:56.854+0000] {logging_mixin.py:151} INFO - [2025-08-19T18:32:56.853+0000] {dagbag.py:536} INFO - Filling up the DagBag from /home/airflow/.local/lib/python3.8/site-packages/airflow/example_dags/example_external_task_marker_dag.py
[2025-08-19T18:32:56.861+0000] {processor.py:839} INFO - DAG(s) dict_keys(['example_external_task_marker_child', 'example_external_task_marker_parent']) retrieved from /home/airflow/.local/lib/python3.8/site-packages/airflow/example_dags/example_external_task_marker_dag.py
[2025-08-19T18:32:56.901+0000] {logging_mixin.py:151} INFO - [2025-08-19T18:32:56.901+0000] {dag.py:2941} INFO - Sync 2 DAGs
[2025-08-19T18:32:56.919+0000] {logging_mixin.py:151} INFO - [2025-08-19T18:32:56.919+0000] {dag.py:3722} INFO - Setting next_dagrun for example_external_task_marker_child to None, run_after=None
[2025-08-19T18:32:56.924+0000] {logging_mixin.py:151} INFO - [2025-08-19T18:32:56.923+0000] {dag.py:3722} INFO - Setting next_dagrun for example_external_task_marker_parent to None, run_after=None
[2025-08-19T18:32:56.960+0000] {processor.py:179} INFO - Processing /home/airflow/.local/lib/python3.8/site-packages/airflow/example_dags/example_external_task_marker_dag.py took 0.115 seconds
[2025-08-19T18:33:27.011+0000] {processor.py:157} INFO - Started process (PID=352) to work on /home/airflow/.local/lib/python3.8/site-packages/airflow/example_dags/example_external_task_marker_dag.py
[2025-08-19T18:33:27.013+0000] {processor.py:829} INFO - Processing file /home/airflow/.local/lib/python3.8/site-packages/airflow/example_dags/example_external_task_marker_dag.py for tasks to queue
[2025-08-19T18:33:27.016+0000] {logging_mixin.py:151} INFO - [2025-08-19T18:33:27.015+0000] {dagbag.py:536} INFO - Filling up the DagBag from /home/airflow/.local/lib/python3.8/site-packages/airflow/example_dags/example_external_task_marker_dag.py
[2025-08-19T18:33:27.023+0000] {processor.py:839} INFO - DAG(s) dict_keys(['example_external_task_marker_parent', 'example_external_task_marker_child']) retrieved from /home/airflow/.local/lib/python3.8/site-packages/airflow/example_dags/example_external_task_marker_dag.py
[2025-08-19T18:33:27.066+0000] {logging_mixin.py:151} INFO - [2025-08-19T18:33:27.066+0000] {dag.py:2941} INFO - Sync 2 DAGs
[2025-08-19T18:33:27.088+0000] {logging_mixin.py:151} INFO - [2025-08-19T18:33:27.088+0000] {dag.py:3722} INFO - Setting next_dagrun for example_external_task_marker_child to None, run_after=None
[2025-08-19T18:33:27.094+0000] {logging_mixin.py:151} INFO - [2025-08-19T18:33:27.093+0000] {dag.py:3722} INFO - Setting next_dagrun for example_external_task_marker_parent to None, run_after=None
[2025-08-19T18:33:27.130+0000] {processor.py:179} INFO - Processing /home/airflow/.local/lib/python3.8/site-packages/airflow/example_dags/example_external_task_marker_dag.py took 0.125 seconds
[2025-08-19T18:33:57.568+0000] {processor.py:157} INFO - Started process (PID=406) to work on /home/airflow/.local/lib/python3.8/site-packages/airflow/example_dags/example_external_task_marker_dag.py
[2025-08-19T18:33:57.570+0000] {processor.py:829} INFO - Processing file /home/airflow/.local/lib/python3.8/site-packages/airflow/example_dags/example_external_task_marker_dag.py for tasks to queue
[2025-08-19T18:33:57.578+0000] {logging_mixin.py:151} INFO - [2025-08-19T18:33:57.576+0000] {dagbag.py:536} INFO - Filling up the DagBag from /home/airflow/.local/lib/python3.8/site-packages/airflow/example_dags/example_external_task_marker_dag.py
[2025-08-19T18:33:57.610+0000] {processor.py:839} INFO - DAG(s) dict_keys(['example_external_task_marker_child', 'example_external_task_marker_parent']) retrieved from /home/airflow/.local/lib/python3.8/site-packages/airflow/example_dags/example_external_task_marker_dag.py
[2025-08-19T18:33:57.699+0000] {logging_mixin.py:151} INFO - [2025-08-19T18:33:57.699+0000] {dag.py:2941} INFO - Sync 2 DAGs
[2025-08-19T18:33:57.730+0000] {logging_mixin.py:151} INFO - [2025-08-19T18:33:57.730+0000] {dag.py:3722} INFO - Setting next_dagrun for example_external_task_marker_child to None, run_after=None
[2025-08-19T18:33:57.739+0000] {logging_mixin.py:151} INFO - [2025-08-19T18:33:57.739+0000] {dag.py:3722} INFO - Setting next_dagrun for example_external_task_marker_parent to None, run_after=None
[2025-08-19T18:33:57.788+0000] {processor.py:179} INFO - Processing /home/airflow/.local/lib/python3.8/site-packages/airflow/example_dags/example_external_task_marker_dag.py took 0.235 seconds
[2025-08-19T18:34:28.217+0000] {processor.py:157} INFO - Started process (PID=460) to work on /home/airflow/.local/lib/python3.8/site-packages/airflow/example_dags/example_external_task_marker_dag.py
[2025-08-19T18:34:28.221+0000] {processor.py:829} INFO - Processing file /home/airflow/.local/lib/python3.8/site-packages/airflow/example_dags/example_external_task_marker_dag.py for tasks to queue
[2025-08-19T18:34:28.226+0000] {logging_mixin.py:151} INFO - [2025-08-19T18:34:28.225+0000] {dagbag.py:536} INFO - Filling up the DagBag from /home/airflow/.local/lib/python3.8/site-packages/airflow/example_dags/example_external_task_marker_dag.py
[2025-08-19T18:34:28.243+0000] {processor.py:839} INFO - DAG(s) dict_keys(['example_external_task_marker_parent', 'example_external_task_marker_child']) retrieved from /home/airflow/.local/lib/python3.8/site-packages/airflow/example_dags/example_external_task_marker_dag.py
[2025-08-19T18:34:28.337+0000] {logging_mixin.py:151} INFO - [2025-08-19T18:34:28.336+0000] {dag.py:2941} INFO - Sync 2 DAGs
[2025-08-19T18:34:28.387+0000] {logging_mixin.py:151} INFO - [2025-08-19T18:34:28.387+0000] {dag.py:3722} INFO - Setting next_dagrun for example_external_task_marker_child to None, run_after=None
[2025-08-19T18:34:28.400+0000] {logging_mixin.py:151} INFO - [2025-08-19T18:34:28.400+0000] {dag.py:3722} INFO - Setting next_dagrun for example_external_task_marker_parent to None, run_after=None
[2025-08-19T18:34:28.455+0000] {processor.py:179} INFO - Processing /home/airflow/.local/lib/python3.8/site-packages/airflow/example_dags/example_external_task_marker_dag.py took 0.244 seconds
[2025-08-19T18:34:59.053+0000] {processor.py:157} INFO - Started process (PID=514) to work on /home/airflow/.local/lib/python3.8/site-packages/airflow/example_dags/example_external_task_marker_dag.py
[2025-08-19T18:34:59.055+0000] {processor.py:829} INFO - Processing file /home/airflow/.local/lib/python3.8/site-packages/airflow/example_dags/example_external_task_marker_dag.py for tasks to queue
[2025-08-19T18:34:59.059+0000] {logging_mixin.py:151} INFO - [2025-08-19T18:34:59.058+0000] {dagbag.py:536} INFO - Filling up the DagBag from /home/airflow/.local/lib/python3.8/site-packages/airflow/example_dags/example_external_task_marker_dag.py
[2025-08-19T18:34:59.069+0000] {processor.py:839} INFO - DAG(s) dict_keys(['example_external_task_marker_child', 'example_external_task_marker_parent']) retrieved from /home/airflow/.local/lib/python3.8/site-packages/airflow/example_dags/example_external_task_marker_dag.py
[2025-08-19T18:34:59.112+0000] {logging_mixin.py:151} INFO - [2025-08-19T18:34:59.112+0000] {dag.py:2941} INFO - Sync 2 DAGs
[2025-08-19T18:34:59.130+0000] {logging_mixin.py:151} INFO - [2025-08-19T18:34:59.130+0000] {dag.py:3722} INFO - Setting next_dagrun for example_external_task_marker_child to None, run_after=None
[2025-08-19T18:34:59.134+0000] {logging_mixin.py:151} INFO - [2025-08-19T18:34:59.134+0000] {dag.py:3722} INFO - Setting next_dagrun for example_external_task_marker_parent to None, run_after=None
[2025-08-19T18:34:59.168+0000] {processor.py:179} INFO - Processing /home/airflow/.local/lib/python3.8/site-packages/airflow/example_dags/example_external_task_marker_dag.py took 0.120 seconds
[2025-08-19T18:35:31.837+0000] {processor.py:157} INFO - Started process (PID=568) to work on /home/airflow/.local/lib/python3.8/site-packages/airflow/example_dags/example_external_task_marker_dag.py
[2025-08-19T18:35:31.840+0000] {processor.py:829} INFO - Processing file /home/airflow/.local/lib/python3.8/site-packages/airflow/example_dags/example_external_task_marker_dag.py for tasks to queue
[2025-08-19T18:35:31.843+0000] {logging_mixin.py:151} INFO - [2025-08-19T18:35:31.843+0000] {dagbag.py:536} INFO - Filling up the DagBag from /home/airflow/.local/lib/python3.8/site-packages/airflow/example_dags/example_external_task_marker_dag.py
[2025-08-19T18:35:31.853+0000] {processor.py:839} INFO - DAG(s) dict_keys(['example_external_task_marker_child', 'example_external_task_marker_parent']) retrieved from /home/airflow/.local/lib/python3.8/site-packages/airflow/example_dags/example_external_task_marker_dag.py
[2025-08-19T18:35:31.930+0000] {logging_mixin.py:151} INFO - [2025-08-19T18:35:31.930+0000] {dag.py:2941} INFO - Sync 2 DAGs
[2025-08-19T18:35:31.964+0000] {logging_mixin.py:151} INFO - [2025-08-19T18:35:31.964+0000] {dag.py:3722} INFO - Setting next_dagrun for example_external_task_marker_child to None, run_after=None
[2025-08-19T18:35:31.969+0000] {logging_mixin.py:151} INFO - [2025-08-19T18:35:31.968+0000] {dag.py:3722} INFO - Setting next_dagrun for example_external_task_marker_parent to None, run_after=None
[2025-08-19T18:35:32.021+0000] {processor.py:179} INFO - Processing /home/airflow/.local/lib/python3.8/site-packages/airflow/example_dags/example_external_task_marker_dag.py took 0.192 seconds
[2025-08-19T18:36:02.209+0000] {processor.py:157} INFO - Started process (PID=622) to work on /home/airflow/.local/lib/python3.8/site-packages/airflow/example_dags/example_external_task_marker_dag.py
[2025-08-19T18:36:02.211+0000] {processor.py:829} INFO - Processing file /home/airflow/.local/lib/python3.8/site-packages/airflow/example_dags/example_external_task_marker_dag.py for tasks to queue
[2025-08-19T18:36:02.214+0000] {logging_mixin.py:151} INFO - [2025-08-19T18:36:02.213+0000] {dagbag.py:536} INFO - Filling up the DagBag from /home/airflow/.local/lib/python3.8/site-packages/airflow/example_dags/example_external_task_marker_dag.py
[2025-08-19T18:36:02.223+0000] {processor.py:839} INFO - DAG(s) dict_keys(['example_external_task_marker_child', 'example_external_task_marker_parent']) retrieved from /home/airflow/.local/lib/python3.8/site-packages/airflow/example_dags/example_external_task_marker_dag.py
[2025-08-19T18:36:02.264+0000] {logging_mixin.py:151} INFO - [2025-08-19T18:36:02.264+0000] {dag.py:2941} INFO - Sync 2 DAGs
[2025-08-19T18:36:02.284+0000] {logging_mixin.py:151} INFO - [2025-08-19T18:36:02.284+0000] {dag.py:3722} INFO - Setting next_dagrun for example_external_task_marker_child to None, run_after=None
[2025-08-19T18:36:02.291+0000] {logging_mixin.py:151} INFO - [2025-08-19T18:36:02.290+0000] {dag.py:3722} INFO - Setting next_dagrun for example_external_task_marker_parent to None, run_after=None
[2025-08-19T18:36:02.324+0000] {processor.py:179} INFO - Processing /home/airflow/.local/lib/python3.8/site-packages/airflow/example_dags/example_external_task_marker_dag.py took 0.121 seconds
[2025-08-19T18:36:34.397+0000] {processor.py:157} INFO - Started process (PID=676) to work on /home/airflow/.local/lib/python3.8/site-packages/airflow/example_dags/example_external_task_marker_dag.py
[2025-08-19T18:36:34.399+0000] {processor.py:829} INFO - Processing file /home/airflow/.local/lib/python3.8/site-packages/airflow/example_dags/example_external_task_marker_dag.py for tasks to queue
[2025-08-19T18:36:34.404+0000] {logging_mixin.py:151} INFO - [2025-08-19T18:36:34.404+0000] {dagbag.py:536} INFO - Filling up the DagBag from /home/airflow/.local/lib/python3.8/site-packages/airflow/example_dags/example_external_task_marker_dag.py
[2025-08-19T18:36:34.412+0000] {processor.py:839} INFO - DAG(s) dict_keys(['example_external_task_marker_child', 'example_external_task_marker_parent']) retrieved from /home/airflow/.local/lib/python3.8/site-packages/airflow/example_dags/example_external_task_marker_dag.py
[2025-08-19T18:36:34.447+0000] {logging_mixin.py:151} INFO - [2025-08-19T18:36:34.447+0000] {dag.py:2941} INFO - Sync 2 DAGs
[2025-08-19T18:36:34.471+0000] {logging_mixin.py:151} INFO - [2025-08-19T18:36:34.470+0000] {dag.py:3722} INFO - Setting next_dagrun for example_external_task_marker_child to None, run_after=None
[2025-08-19T18:36:34.475+0000] {logging_mixin.py:151} INFO - [2025-08-19T18:36:34.475+0000] {dag.py:3722} INFO - Setting next_dagrun for example_external_task_marker_parent to None, run_after=None
[2025-08-19T18:36:34.504+0000] {processor.py:179} INFO - Processing /home/airflow/.local/lib/python3.8/site-packages/airflow/example_dags/example_external_task_marker_dag.py took 0.114 seconds
[2025-08-19T18:37:06.194+0000] {processor.py:157} INFO - Started process (PID=730) to work on /home/airflow/.local/lib/python3.8/site-packages/airflow/example_dags/example_external_task_marker_dag.py
[2025-08-19T18:37:06.196+0000] {processor.py:829} INFO - Processing file /home/airflow/.local/lib/python3.8/site-packages/airflow/example_dags/example_external_task_marker_dag.py for tasks to queue
[2025-08-19T18:37:06.200+0000] {logging_mixin.py:151} INFO - [2025-08-19T18:37:06.200+0000] {dagbag.py:536} INFO - Filling up the DagBag from /home/airflow/.local/lib/python3.8/site-packages/airflow/example_dags/example_external_task_marker_dag.py
[2025-08-19T18:37:06.210+0000] {processor.py:839} INFO - DAG(s) dict_keys(['example_external_task_marker_parent', 'example_external_task_marker_child']) retrieved from /home/airflow/.local/lib/python3.8/site-packages/airflow/example_dags/example_external_task_marker_dag.py
[2025-08-19T18:37:06.262+0000] {logging_mixin.py:151} INFO - [2025-08-19T18:37:06.261+0000] {dag.py:2941} INFO - Sync 2 DAGs
[2025-08-19T18:37:06.284+0000] {logging_mixin.py:151} INFO - [2025-08-19T18:37:06.284+0000] {dag.py:3722} INFO - Setting next_dagrun for example_external_task_marker_child to None, run_after=None
[2025-08-19T18:37:06.290+0000] {logging_mixin.py:151} INFO - [2025-08-19T18:37:06.290+0000] {dag.py:3722} INFO - Setting next_dagrun for example_external_task_marker_parent to None, run_after=None
[2025-08-19T18:37:06.335+0000] {processor.py:179} INFO - Processing /home/airflow/.local/lib/python3.8/site-packages/airflow/example_dags/example_external_task_marker_dag.py took 0.146 seconds
[2025-08-19T18:37:39.245+0000] {processor.py:157} INFO - Started process (PID=785) to work on /home/airflow/.local/lib/python3.8/site-packages/airflow/example_dags/example_external_task_marker_dag.py
[2025-08-19T18:37:39.248+0000] {processor.py:829} INFO - Processing file /home/airflow/.local/lib/python3.8/site-packages/airflow/example_dags/example_external_task_marker_dag.py for tasks to queue
[2025-08-19T18:37:39.257+0000] {logging_mixin.py:151} INFO - [2025-08-19T18:37:39.256+0000] {dagbag.py:536} INFO - Filling up the DagBag from /home/airflow/.local/lib/python3.8/site-packages/airflow/example_dags/example_external_task_marker_dag.py
[2025-08-19T18:37:39.299+0000] {processor.py:839} INFO - DAG(s) dict_keys(['example_external_task_marker_child', 'example_external_task_marker_parent']) retrieved from /home/airflow/.local/lib/python3.8/site-packages/airflow/example_dags/example_external_task_marker_dag.py
[2025-08-19T18:37:39.411+0000] {logging_mixin.py:151} INFO - [2025-08-19T18:37:39.408+0000] {dag.py:2941} INFO - Sync 2 DAGs
[2025-08-19T18:37:39.472+0000] {logging_mixin.py:151} INFO - [2025-08-19T18:37:39.471+0000] {dag.py:3722} INFO - Setting next_dagrun for example_external_task_marker_child to None, run_after=None
[2025-08-19T18:37:39.488+0000] {logging_mixin.py:151} INFO - [2025-08-19T18:37:39.487+0000] {dag.py:3722} INFO - Setting next_dagrun for example_external_task_marker_parent to None, run_after=None
[2025-08-19T18:37:39.585+0000] {processor.py:179} INFO - Processing /home/airflow/.local/lib/python3.8/site-packages/airflow/example_dags/example_external_task_marker_dag.py took 0.356 seconds
[2025-08-19T18:38:10.524+0000] {processor.py:157} INFO - Started process (PID=839) to work on /home/airflow/.local/lib/python3.8/site-packages/airflow/example_dags/example_external_task_marker_dag.py
[2025-08-19T18:38:10.527+0000] {processor.py:829} INFO - Processing file /home/airflow/.local/lib/python3.8/site-packages/airflow/example_dags/example_external_task_marker_dag.py for tasks to queue
[2025-08-19T18:38:10.532+0000] {logging_mixin.py:151} INFO - [2025-08-19T18:38:10.531+0000] {dagbag.py:536} INFO - Filling up the DagBag from /home/airflow/.local/lib/python3.8/site-packages/airflow/example_dags/example_external_task_marker_dag.py
[2025-08-19T18:38:10.544+0000] {processor.py:839} INFO - DAG(s) dict_keys(['example_external_task_marker_child', 'example_external_task_marker_parent']) retrieved from /home/airflow/.local/lib/python3.8/site-packages/airflow/example_dags/example_external_task_marker_dag.py
[2025-08-19T18:38:10.594+0000] {logging_mixin.py:151} INFO - [2025-08-19T18:38:10.593+0000] {dag.py:2941} INFO - Sync 2 DAGs
[2025-08-19T18:38:10.619+0000] {logging_mixin.py:151} INFO - [2025-08-19T18:38:10.619+0000] {dag.py:3722} INFO - Setting next_dagrun for example_external_task_marker_child to None, run_after=None
[2025-08-19T18:38:10.626+0000] {logging_mixin.py:151} INFO - [2025-08-19T18:38:10.626+0000] {dag.py:3722} INFO - Setting next_dagrun for example_external_task_marker_parent to None, run_after=None
[2025-08-19T18:38:10.660+0000] {processor.py:179} INFO - Processing /home/airflow/.local/lib/python3.8/site-packages/airflow/example_dags/example_external_task_marker_dag.py took 0.149 seconds
[2025-08-19T18:38:41.105+0000] {processor.py:157} INFO - Started process (PID=893) to work on /home/airflow/.local/lib/python3.8/site-packages/airflow/example_dags/example_external_task_marker_dag.py
[2025-08-19T18:38:41.107+0000] {processor.py:829} INFO - Processing file /home/airflow/.local/lib/python3.8/site-packages/airflow/example_dags/example_external_task_marker_dag.py for tasks to queue
[2025-08-19T18:38:41.111+0000] {logging_mixin.py:151} INFO - [2025-08-19T18:38:41.110+0000] {dagbag.py:536} INFO - Filling up the DagBag from /home/airflow/.local/lib/python3.8/site-packages/airflow/example_dags/example_external_task_marker_dag.py
[2025-08-19T18:38:41.124+0000] {processor.py:839} INFO - DAG(s) dict_keys(['example_external_task_marker_parent', 'example_external_task_marker_child']) retrieved from /home/airflow/.local/lib/python3.8/site-packages/airflow/example_dags/example_external_task_marker_dag.py
[2025-08-19T18:38:41.186+0000] {logging_mixin.py:151} INFO - [2025-08-19T18:38:41.185+0000] {dag.py:2941} INFO - Sync 2 DAGs
[2025-08-19T18:38:41.211+0000] {logging_mixin.py:151} INFO - [2025-08-19T18:38:41.211+0000] {dag.py:3722} INFO - Setting next_dagrun for example_external_task_marker_child to None, run_after=None
[2025-08-19T18:38:41.216+0000] {logging_mixin.py:151} INFO - [2025-08-19T18:38:41.216+0000] {dag.py:3722} INFO - Setting next_dagrun for example_external_task_marker_parent to None, run_after=None
[2025-08-19T18:38:41.249+0000] {processor.py:179} INFO - Processing /home/airflow/.local/lib/python3.8/site-packages/airflow/example_dags/example_external_task_marker_dag.py took 0.155 seconds
[2025-08-19T18:39:13.301+0000] {processor.py:157} INFO - Started process (PID=947) to work on /home/airflow/.local/lib/python3.8/site-packages/airflow/example_dags/example_external_task_marker_dag.py
[2025-08-19T18:39:13.302+0000] {processor.py:829} INFO - Processing file /home/airflow/.local/lib/python3.8/site-packages/airflow/example_dags/example_external_task_marker_dag.py for tasks to queue
[2025-08-19T18:39:13.307+0000] {logging_mixin.py:151} INFO - [2025-08-19T18:39:13.306+0000] {dagbag.py:536} INFO - Filling up the DagBag from /home/airflow/.local/lib/python3.8/site-packages/airflow/example_dags/example_external_task_marker_dag.py
[2025-08-19T18:39:13.325+0000] {processor.py:839} INFO - DAG(s) dict_keys(['example_external_task_marker_child', 'example_external_task_marker_parent']) retrieved from /home/airflow/.local/lib/python3.8/site-packages/airflow/example_dags/example_external_task_marker_dag.py
[2025-08-19T18:39:13.365+0000] {logging_mixin.py:151} INFO - [2025-08-19T18:39:13.364+0000] {dag.py:2941} INFO - Sync 2 DAGs
[2025-08-19T18:39:13.387+0000] {logging_mixin.py:151} INFO - [2025-08-19T18:39:13.386+0000] {dag.py:3722} INFO - Setting next_dagrun for example_external_task_marker_child to None, run_after=None
[2025-08-19T18:39:13.392+0000] {logging_mixin.py:151} INFO - [2025-08-19T18:39:13.391+0000] {dag.py:3722} INFO - Setting next_dagrun for example_external_task_marker_parent to None, run_after=None
[2025-08-19T18:39:13.418+0000] {processor.py:179} INFO - Processing /home/airflow/.local/lib/python3.8/site-packages/airflow/example_dags/example_external_task_marker_dag.py took 0.123 seconds
