[2025-08-19T18:23:18.788+0000] {processor.py:157} INFO - Started process (PID=133) to work on /home/airflow/.local/lib/python3.8/site-packages/airflow/example_dags/example_complex.py
[2025-08-19T18:23:18.791+0000] {processor.py:829} INFO - Processing file /home/airflow/.local/lib/python3.8/site-packages/airflow/example_dags/example_complex.py for tasks to queue
[2025-08-19T18:23:18.812+0000] {logging_mixin.py:151} INFO - [2025-08-19T18:23:18.811+0000] {dagbag.py:536} INFO - Filling up the DagBag from /home/airflow/.local/lib/python3.8/site-packages/airflow/example_dags/example_complex.py
[2025-08-19T18:23:20.679+0000] {processor.py:839} INFO - DAG(s) dict_keys(['example_complex']) retrieved from /home/airflow/.local/lib/python3.8/site-packages/airflow/example_dags/example_complex.py
[2025-08-19T18:23:21.661+0000] {logging_mixin.py:151} INFO - [2025-08-19T18:23:21.661+0000] {dag.py:2941} INFO - Sync 1 DAGs
[2025-08-19T18:23:22.446+0000] {logging_mixin.py:151} INFO - [2025-08-19T18:23:22.446+0000] {dag.py:3722} INFO - Setting next_dagrun for example_complex to None, run_after=None
[2025-08-19T18:23:22.611+0000] {processor.py:179} INFO - Processing /home/airflow/.local/lib/python3.8/site-packages/airflow/example_dags/example_complex.py took 2.128 seconds
[2025-08-19T18:23:52.732+0000] {processor.py:157} INFO - Started process (PID=187) to work on /home/airflow/.local/lib/python3.8/site-packages/airflow/example_dags/example_complex.py
[2025-08-19T18:23:52.733+0000] {processor.py:829} INFO - Processing file /home/airflow/.local/lib/python3.8/site-packages/airflow/example_dags/example_complex.py for tasks to queue
[2025-08-19T18:23:52.736+0000] {logging_mixin.py:151} INFO - [2025-08-19T18:23:52.736+0000] {dagbag.py:536} INFO - Filling up the DagBag from /home/airflow/.local/lib/python3.8/site-packages/airflow/example_dags/example_complex.py
[2025-08-19T18:23:52.749+0000] {processor.py:839} INFO - DAG(s) dict_keys(['example_complex']) retrieved from /home/airflow/.local/lib/python3.8/site-packages/airflow/example_dags/example_complex.py
[2025-08-19T18:23:52.811+0000] {logging_mixin.py:151} INFO - [2025-08-19T18:23:52.811+0000] {dag.py:2941} INFO - Sync 1 DAGs
[2025-08-19T18:23:52.834+0000] {logging_mixin.py:151} INFO - [2025-08-19T18:23:52.834+0000] {dag.py:3722} INFO - Setting next_dagrun for example_complex to None, run_after=None
[2025-08-19T18:23:52.869+0000] {processor.py:179} INFO - Processing /home/airflow/.local/lib/python3.8/site-packages/airflow/example_dags/example_complex.py took 0.142 seconds
[2025-08-19T18:24:24.777+0000] {processor.py:157} INFO - Started process (PID=241) to work on /home/airflow/.local/lib/python3.8/site-packages/airflow/example_dags/example_complex.py
[2025-08-19T18:24:24.795+0000] {processor.py:829} INFO - Processing file /home/airflow/.local/lib/python3.8/site-packages/airflow/example_dags/example_complex.py for tasks to queue
[2025-08-19T18:24:24.806+0000] {logging_mixin.py:151} INFO - [2025-08-19T18:24:24.805+0000] {dagbag.py:536} INFO - Filling up the DagBag from /home/airflow/.local/lib/python3.8/site-packages/airflow/example_dags/example_complex.py
[2025-08-19T18:24:24.850+0000] {processor.py:839} INFO - DAG(s) dict_keys(['example_complex']) retrieved from /home/airflow/.local/lib/python3.8/site-packages/airflow/example_dags/example_complex.py
[2025-08-19T18:24:25.057+0000] {logging_mixin.py:151} INFO - [2025-08-19T18:24:25.056+0000] {dag.py:2941} INFO - Sync 1 DAGs
[2025-08-19T18:24:25.123+0000] {logging_mixin.py:151} INFO - [2025-08-19T18:24:25.122+0000] {dag.py:3722} INFO - Setting next_dagrun for example_complex to None, run_after=None
[2025-08-19T18:24:25.224+0000] {processor.py:179} INFO - Processing /home/airflow/.local/lib/python3.8/site-packages/airflow/example_dags/example_complex.py took 0.462 seconds
[2025-08-19T18:24:55.828+0000] {processor.py:157} INFO - Started process (PID=295) to work on /home/airflow/.local/lib/python3.8/site-packages/airflow/example_dags/example_complex.py
[2025-08-19T18:24:55.840+0000] {processor.py:829} INFO - Processing file /home/airflow/.local/lib/python3.8/site-packages/airflow/example_dags/example_complex.py for tasks to queue
[2025-08-19T18:24:55.859+0000] {logging_mixin.py:151} INFO - [2025-08-19T18:24:55.858+0000] {dagbag.py:536} INFO - Filling up the DagBag from /home/airflow/.local/lib/python3.8/site-packages/airflow/example_dags/example_complex.py
[2025-08-19T18:24:55.902+0000] {processor.py:839} INFO - DAG(s) dict_keys(['example_complex']) retrieved from /home/airflow/.local/lib/python3.8/site-packages/airflow/example_dags/example_complex.py
[2025-08-19T18:24:56.033+0000] {logging_mixin.py:151} INFO - [2025-08-19T18:24:56.032+0000] {dag.py:2941} INFO - Sync 1 DAGs
[2025-08-19T18:24:56.099+0000] {logging_mixin.py:151} INFO - [2025-08-19T18:24:56.098+0000] {dag.py:3722} INFO - Setting next_dagrun for example_complex to None, run_after=None
[2025-08-19T18:24:56.177+0000] {processor.py:179} INFO - Processing /home/airflow/.local/lib/python3.8/site-packages/airflow/example_dags/example_complex.py took 0.366 seconds
[2025-08-19T18:25:27.719+0000] {processor.py:157} INFO - Started process (PID=349) to work on /home/airflow/.local/lib/python3.8/site-packages/airflow/example_dags/example_complex.py
[2025-08-19T18:25:27.725+0000] {processor.py:829} INFO - Processing file /home/airflow/.local/lib/python3.8/site-packages/airflow/example_dags/example_complex.py for tasks to queue
[2025-08-19T18:25:27.742+0000] {logging_mixin.py:151} INFO - [2025-08-19T18:25:27.741+0000] {dagbag.py:536} INFO - Filling up the DagBag from /home/airflow/.local/lib/python3.8/site-packages/airflow/example_dags/example_complex.py
[2025-08-19T18:25:27.810+0000] {processor.py:839} INFO - DAG(s) dict_keys(['example_complex']) retrieved from /home/airflow/.local/lib/python3.8/site-packages/airflow/example_dags/example_complex.py
[2025-08-19T18:25:27.962+0000] {logging_mixin.py:151} INFO - [2025-08-19T18:25:27.962+0000] {dag.py:2941} INFO - Sync 1 DAGs
[2025-08-19T18:25:28.036+0000] {logging_mixin.py:151} INFO - [2025-08-19T18:25:28.036+0000] {dag.py:3722} INFO - Setting next_dagrun for example_complex to None, run_after=None
[2025-08-19T18:25:28.192+0000] {processor.py:179} INFO - Processing /home/airflow/.local/lib/python3.8/site-packages/airflow/example_dags/example_complex.py took 0.492 seconds
[2025-08-19T18:26:00.967+0000] {processor.py:157} INFO - Started process (PID=405) to work on /home/airflow/.local/lib/python3.8/site-packages/airflow/example_dags/example_complex.py
[2025-08-19T18:26:00.971+0000] {processor.py:829} INFO - Processing file /home/airflow/.local/lib/python3.8/site-packages/airflow/example_dags/example_complex.py for tasks to queue
[2025-08-19T18:26:01.001+0000] {logging_mixin.py:151} INFO - [2025-08-19T18:26:01.001+0000] {dagbag.py:536} INFO - Filling up the DagBag from /home/airflow/.local/lib/python3.8/site-packages/airflow/example_dags/example_complex.py
[2025-08-19T18:26:01.057+0000] {processor.py:839} INFO - DAG(s) dict_keys(['example_complex']) retrieved from /home/airflow/.local/lib/python3.8/site-packages/airflow/example_dags/example_complex.py
[2025-08-19T18:26:01.212+0000] {logging_mixin.py:151} INFO - [2025-08-19T18:26:01.204+0000] {dag.py:2941} INFO - Sync 1 DAGs
[2025-08-19T18:26:01.242+0000] {logging_mixin.py:151} INFO - [2025-08-19T18:26:01.242+0000] {dag.py:3722} INFO - Setting next_dagrun for example_complex to None, run_after=None
[2025-08-19T18:26:01.293+0000] {processor.py:179} INFO - Processing /home/airflow/.local/lib/python3.8/site-packages/airflow/example_dags/example_complex.py took 0.344 seconds
[2025-08-19T18:26:32.055+0000] {processor.py:157} INFO - Started process (PID=460) to work on /home/airflow/.local/lib/python3.8/site-packages/airflow/example_dags/example_complex.py
[2025-08-19T18:26:32.059+0000] {processor.py:829} INFO - Processing file /home/airflow/.local/lib/python3.8/site-packages/airflow/example_dags/example_complex.py for tasks to queue
[2025-08-19T18:26:32.065+0000] {logging_mixin.py:151} INFO - [2025-08-19T18:26:32.064+0000] {dagbag.py:536} INFO - Filling up the DagBag from /home/airflow/.local/lib/python3.8/site-packages/airflow/example_dags/example_complex.py
[2025-08-19T18:26:32.086+0000] {processor.py:839} INFO - DAG(s) dict_keys(['example_complex']) retrieved from /home/airflow/.local/lib/python3.8/site-packages/airflow/example_dags/example_complex.py
[2025-08-19T18:26:32.338+0000] {logging_mixin.py:151} INFO - [2025-08-19T18:26:32.337+0000] {dag.py:2941} INFO - Sync 1 DAGs
[2025-08-19T18:26:32.396+0000] {logging_mixin.py:151} INFO - [2025-08-19T18:26:32.395+0000] {dag.py:3722} INFO - Setting next_dagrun for example_complex to None, run_after=None
[2025-08-19T18:26:32.496+0000] {processor.py:179} INFO - Processing /home/airflow/.local/lib/python3.8/site-packages/airflow/example_dags/example_complex.py took 0.448 seconds
[2025-08-19T18:27:02.880+0000] {processor.py:157} INFO - Started process (PID=514) to work on /home/airflow/.local/lib/python3.8/site-packages/airflow/example_dags/example_complex.py
[2025-08-19T18:27:02.881+0000] {processor.py:829} INFO - Processing file /home/airflow/.local/lib/python3.8/site-packages/airflow/example_dags/example_complex.py for tasks to queue
[2025-08-19T18:27:02.887+0000] {logging_mixin.py:151} INFO - [2025-08-19T18:27:02.886+0000] {dagbag.py:536} INFO - Filling up the DagBag from /home/airflow/.local/lib/python3.8/site-packages/airflow/example_dags/example_complex.py
[2025-08-19T18:27:02.917+0000] {processor.py:839} INFO - DAG(s) dict_keys(['example_complex']) retrieved from /home/airflow/.local/lib/python3.8/site-packages/airflow/example_dags/example_complex.py
[2025-08-19T18:27:02.978+0000] {logging_mixin.py:151} INFO - [2025-08-19T18:27:02.978+0000] {dag.py:2941} INFO - Sync 1 DAGs
[2025-08-19T18:27:03.000+0000] {logging_mixin.py:151} INFO - [2025-08-19T18:27:02.999+0000] {dag.py:3722} INFO - Setting next_dagrun for example_complex to None, run_after=None
[2025-08-19T18:27:03.039+0000] {processor.py:179} INFO - Processing /home/airflow/.local/lib/python3.8/site-packages/airflow/example_dags/example_complex.py took 0.170 seconds
[2025-08-19T18:27:35.413+0000] {processor.py:157} INFO - Started process (PID=569) to work on /home/airflow/.local/lib/python3.8/site-packages/airflow/example_dags/example_complex.py
[2025-08-19T18:27:35.415+0000] {processor.py:829} INFO - Processing file /home/airflow/.local/lib/python3.8/site-packages/airflow/example_dags/example_complex.py for tasks to queue
[2025-08-19T18:27:35.422+0000] {logging_mixin.py:151} INFO - [2025-08-19T18:27:35.422+0000] {dagbag.py:536} INFO - Filling up the DagBag from /home/airflow/.local/lib/python3.8/site-packages/airflow/example_dags/example_complex.py
[2025-08-19T18:27:35.437+0000] {processor.py:839} INFO - DAG(s) dict_keys(['example_complex']) retrieved from /home/airflow/.local/lib/python3.8/site-packages/airflow/example_dags/example_complex.py
[2025-08-19T18:27:35.483+0000] {logging_mixin.py:151} INFO - [2025-08-19T18:27:35.482+0000] {dag.py:2941} INFO - Sync 1 DAGs
[2025-08-19T18:27:35.517+0000] {logging_mixin.py:151} INFO - [2025-08-19T18:27:35.517+0000] {dag.py:3722} INFO - Setting next_dagrun for example_complex to None, run_after=None
[2025-08-19T18:27:35.571+0000] {processor.py:179} INFO - Processing /home/airflow/.local/lib/python3.8/site-packages/airflow/example_dags/example_complex.py took 0.165 seconds
[2025-08-19T18:28:06.751+0000] {processor.py:157} INFO - Started process (PID=625) to work on /home/airflow/.local/lib/python3.8/site-packages/airflow/example_dags/example_complex.py
[2025-08-19T18:28:06.753+0000] {processor.py:829} INFO - Processing file /home/airflow/.local/lib/python3.8/site-packages/airflow/example_dags/example_complex.py for tasks to queue
[2025-08-19T18:28:06.757+0000] {logging_mixin.py:151} INFO - [2025-08-19T18:28:06.757+0000] {dagbag.py:536} INFO - Filling up the DagBag from /home/airflow/.local/lib/python3.8/site-packages/airflow/example_dags/example_complex.py
[2025-08-19T18:28:06.775+0000] {processor.py:839} INFO - DAG(s) dict_keys(['example_complex']) retrieved from /home/airflow/.local/lib/python3.8/site-packages/airflow/example_dags/example_complex.py
[2025-08-19T18:28:06.833+0000] {logging_mixin.py:151} INFO - [2025-08-19T18:28:06.833+0000] {dag.py:2941} INFO - Sync 1 DAGs
[2025-08-19T18:28:06.860+0000] {logging_mixin.py:151} INFO - [2025-08-19T18:28:06.859+0000] {dag.py:3722} INFO - Setting next_dagrun for example_complex to None, run_after=None
[2025-08-19T18:28:06.902+0000] {processor.py:179} INFO - Processing /home/airflow/.local/lib/python3.8/site-packages/airflow/example_dags/example_complex.py took 0.157 seconds
[2025-08-19T18:28:38.676+0000] {processor.py:157} INFO - Started process (PID=679) to work on /home/airflow/.local/lib/python3.8/site-packages/airflow/example_dags/example_complex.py
[2025-08-19T18:28:38.678+0000] {processor.py:829} INFO - Processing file /home/airflow/.local/lib/python3.8/site-packages/airflow/example_dags/example_complex.py for tasks to queue
[2025-08-19T18:28:38.681+0000] {logging_mixin.py:151} INFO - [2025-08-19T18:28:38.681+0000] {dagbag.py:536} INFO - Filling up the DagBag from /home/airflow/.local/lib/python3.8/site-packages/airflow/example_dags/example_complex.py
[2025-08-19T18:28:38.695+0000] {processor.py:839} INFO - DAG(s) dict_keys(['example_complex']) retrieved from /home/airflow/.local/lib/python3.8/site-packages/airflow/example_dags/example_complex.py
[2025-08-19T18:28:38.739+0000] {logging_mixin.py:151} INFO - [2025-08-19T18:28:38.739+0000] {dag.py:2941} INFO - Sync 1 DAGs
[2025-08-19T18:28:38.756+0000] {logging_mixin.py:151} INFO - [2025-08-19T18:28:38.756+0000] {dag.py:3722} INFO - Setting next_dagrun for example_complex to None, run_after=None
[2025-08-19T18:28:38.785+0000] {processor.py:179} INFO - Processing /home/airflow/.local/lib/python3.8/site-packages/airflow/example_dags/example_complex.py took 0.117 seconds
[2025-08-19T18:29:11.508+0000] {processor.py:157} INFO - Started process (PID=736) to work on /home/airflow/.local/lib/python3.8/site-packages/airflow/example_dags/example_complex.py
[2025-08-19T18:29:11.510+0000] {processor.py:829} INFO - Processing file /home/airflow/.local/lib/python3.8/site-packages/airflow/example_dags/example_complex.py for tasks to queue
[2025-08-19T18:29:11.515+0000] {logging_mixin.py:151} INFO - [2025-08-19T18:29:11.514+0000] {dagbag.py:536} INFO - Filling up the DagBag from /home/airflow/.local/lib/python3.8/site-packages/airflow/example_dags/example_complex.py
[2025-08-19T18:29:11.539+0000] {processor.py:839} INFO - DAG(s) dict_keys(['example_complex']) retrieved from /home/airflow/.local/lib/python3.8/site-packages/airflow/example_dags/example_complex.py
[2025-08-19T18:29:11.638+0000] {logging_mixin.py:151} INFO - [2025-08-19T18:29:11.635+0000] {dag.py:2941} INFO - Sync 1 DAGs
[2025-08-19T18:29:11.679+0000] {logging_mixin.py:151} INFO - [2025-08-19T18:29:11.677+0000] {dag.py:3722} INFO - Setting next_dagrun for example_complex to None, run_after=None
[2025-08-19T18:29:11.729+0000] {processor.py:179} INFO - Processing /home/airflow/.local/lib/python3.8/site-packages/airflow/example_dags/example_complex.py took 0.228 seconds
[2025-08-19T18:29:42.386+0000] {processor.py:157} INFO - Started process (PID=790) to work on /home/airflow/.local/lib/python3.8/site-packages/airflow/example_dags/example_complex.py
[2025-08-19T18:29:42.388+0000] {processor.py:829} INFO - Processing file /home/airflow/.local/lib/python3.8/site-packages/airflow/example_dags/example_complex.py for tasks to queue
[2025-08-19T18:29:42.391+0000] {logging_mixin.py:151} INFO - [2025-08-19T18:29:42.390+0000] {dagbag.py:536} INFO - Filling up the DagBag from /home/airflow/.local/lib/python3.8/site-packages/airflow/example_dags/example_complex.py
[2025-08-19T18:29:42.403+0000] {processor.py:839} INFO - DAG(s) dict_keys(['example_complex']) retrieved from /home/airflow/.local/lib/python3.8/site-packages/airflow/example_dags/example_complex.py
[2025-08-19T18:29:42.445+0000] {logging_mixin.py:151} INFO - [2025-08-19T18:29:42.445+0000] {dag.py:2941} INFO - Sync 1 DAGs
[2025-08-19T18:29:42.462+0000] {logging_mixin.py:151} INFO - [2025-08-19T18:29:42.462+0000] {dag.py:3722} INFO - Setting next_dagrun for example_complex to None, run_after=None
[2025-08-19T18:29:42.496+0000] {processor.py:179} INFO - Processing /home/airflow/.local/lib/python3.8/site-packages/airflow/example_dags/example_complex.py took 0.115 seconds
[2025-08-19T18:30:14.249+0000] {processor.py:157} INFO - Started process (PID=844) to work on /home/airflow/.local/lib/python3.8/site-packages/airflow/example_dags/example_complex.py
[2025-08-19T18:30:14.251+0000] {processor.py:829} INFO - Processing file /home/airflow/.local/lib/python3.8/site-packages/airflow/example_dags/example_complex.py for tasks to queue
[2025-08-19T18:30:14.254+0000] {logging_mixin.py:151} INFO - [2025-08-19T18:30:14.253+0000] {dagbag.py:536} INFO - Filling up the DagBag from /home/airflow/.local/lib/python3.8/site-packages/airflow/example_dags/example_complex.py
[2025-08-19T18:30:14.267+0000] {processor.py:839} INFO - DAG(s) dict_keys(['example_complex']) retrieved from /home/airflow/.local/lib/python3.8/site-packages/airflow/example_dags/example_complex.py
[2025-08-19T18:30:14.310+0000] {logging_mixin.py:151} INFO - [2025-08-19T18:30:14.310+0000] {dag.py:2941} INFO - Sync 1 DAGs
[2025-08-19T18:30:14.328+0000] {logging_mixin.py:151} INFO - [2025-08-19T18:30:14.328+0000] {dag.py:3722} INFO - Setting next_dagrun for example_complex to None, run_after=None
[2025-08-19T18:30:14.359+0000] {processor.py:179} INFO - Processing /home/airflow/.local/lib/python3.8/site-packages/airflow/example_dags/example_complex.py took 0.118 seconds
[2025-08-19T18:31:00.306+0000] {processor.py:157} INFO - Started process (PID=124) to work on /home/airflow/.local/lib/python3.8/site-packages/airflow/example_dags/example_complex.py
[2025-08-19T18:31:00.309+0000] {processor.py:829} INFO - Processing file /home/airflow/.local/lib/python3.8/site-packages/airflow/example_dags/example_complex.py for tasks to queue
[2025-08-19T18:31:00.313+0000] {logging_mixin.py:151} INFO - [2025-08-19T18:31:00.312+0000] {dagbag.py:536} INFO - Filling up the DagBag from /home/airflow/.local/lib/python3.8/site-packages/airflow/example_dags/example_complex.py
[2025-08-19T18:31:00.337+0000] {processor.py:839} INFO - DAG(s) dict_keys(['example_complex']) retrieved from /home/airflow/.local/lib/python3.8/site-packages/airflow/example_dags/example_complex.py
[2025-08-19T18:31:00.400+0000] {logging_mixin.py:151} INFO - [2025-08-19T18:31:00.399+0000] {dag.py:2941} INFO - Sync 1 DAGs
[2025-08-19T18:31:00.447+0000] {logging_mixin.py:151} INFO - [2025-08-19T18:31:00.446+0000] {dag.py:3722} INFO - Setting next_dagrun for example_complex to None, run_after=None
[2025-08-19T18:31:00.503+0000] {processor.py:179} INFO - Processing /home/airflow/.local/lib/python3.8/site-packages/airflow/example_dags/example_complex.py took 0.204 seconds
[2025-08-19T18:31:30.569+0000] {processor.py:157} INFO - Started process (PID=179) to work on /home/airflow/.local/lib/python3.8/site-packages/airflow/example_dags/example_complex.py
[2025-08-19T18:31:30.571+0000] {processor.py:829} INFO - Processing file /home/airflow/.local/lib/python3.8/site-packages/airflow/example_dags/example_complex.py for tasks to queue
[2025-08-19T18:31:30.575+0000] {logging_mixin.py:151} INFO - [2025-08-19T18:31:30.575+0000] {dagbag.py:536} INFO - Filling up the DagBag from /home/airflow/.local/lib/python3.8/site-packages/airflow/example_dags/example_complex.py
[2025-08-19T18:31:30.594+0000] {processor.py:839} INFO - DAG(s) dict_keys(['example_complex']) retrieved from /home/airflow/.local/lib/python3.8/site-packages/airflow/example_dags/example_complex.py
[2025-08-19T18:31:30.652+0000] {logging_mixin.py:151} INFO - [2025-08-19T18:31:30.652+0000] {dag.py:2941} INFO - Sync 1 DAGs
[2025-08-19T18:31:30.671+0000] {logging_mixin.py:151} INFO - [2025-08-19T18:31:30.671+0000] {dag.py:3722} INFO - Setting next_dagrun for example_complex to None, run_after=None
[2025-08-19T18:31:30.708+0000] {processor.py:179} INFO - Processing /home/airflow/.local/lib/python3.8/site-packages/airflow/example_dags/example_complex.py took 0.149 seconds
[2025-08-19T18:32:00.788+0000] {processor.py:157} INFO - Started process (PID=233) to work on /home/airflow/.local/lib/python3.8/site-packages/airflow/example_dags/example_complex.py
[2025-08-19T18:32:00.790+0000] {processor.py:829} INFO - Processing file /home/airflow/.local/lib/python3.8/site-packages/airflow/example_dags/example_complex.py for tasks to queue
[2025-08-19T18:32:00.793+0000] {logging_mixin.py:151} INFO - [2025-08-19T18:32:00.793+0000] {dagbag.py:536} INFO - Filling up the DagBag from /home/airflow/.local/lib/python3.8/site-packages/airflow/example_dags/example_complex.py
[2025-08-19T18:32:00.806+0000] {processor.py:839} INFO - DAG(s) dict_keys(['example_complex']) retrieved from /home/airflow/.local/lib/python3.8/site-packages/airflow/example_dags/example_complex.py
[2025-08-19T18:32:00.848+0000] {logging_mixin.py:151} INFO - [2025-08-19T18:32:00.845+0000] {dag.py:2941} INFO - Sync 1 DAGs
[2025-08-19T18:32:00.866+0000] {logging_mixin.py:151} INFO - [2025-08-19T18:32:00.865+0000] {dag.py:3722} INFO - Setting next_dagrun for example_complex to None, run_after=None
[2025-08-19T18:32:00.896+0000] {processor.py:179} INFO - Processing /home/airflow/.local/lib/python3.8/site-packages/airflow/example_dags/example_complex.py took 0.113 seconds
[2025-08-19T18:32:31.649+0000] {processor.py:157} INFO - Started process (PID=287) to work on /home/airflow/.local/lib/python3.8/site-packages/airflow/example_dags/example_complex.py
[2025-08-19T18:32:31.651+0000] {processor.py:829} INFO - Processing file /home/airflow/.local/lib/python3.8/site-packages/airflow/example_dags/example_complex.py for tasks to queue
[2025-08-19T18:32:31.659+0000] {logging_mixin.py:151} INFO - [2025-08-19T18:32:31.658+0000] {dagbag.py:536} INFO - Filling up the DagBag from /home/airflow/.local/lib/python3.8/site-packages/airflow/example_dags/example_complex.py
[2025-08-19T18:32:31.673+0000] {processor.py:839} INFO - DAG(s) dict_keys(['example_complex']) retrieved from /home/airflow/.local/lib/python3.8/site-packages/airflow/example_dags/example_complex.py
[2025-08-19T18:32:31.734+0000] {logging_mixin.py:151} INFO - [2025-08-19T18:32:31.733+0000] {dag.py:2941} INFO - Sync 1 DAGs
[2025-08-19T18:32:31.756+0000] {logging_mixin.py:151} INFO - [2025-08-19T18:32:31.756+0000] {dag.py:3722} INFO - Setting next_dagrun for example_complex to None, run_after=None
[2025-08-19T18:32:31.807+0000] {processor.py:179} INFO - Processing /home/airflow/.local/lib/python3.8/site-packages/airflow/example_dags/example_complex.py took 0.163 seconds
[2025-08-19T18:33:02.452+0000] {processor.py:157} INFO - Started process (PID=334) to work on /home/airflow/.local/lib/python3.8/site-packages/airflow/example_dags/example_complex.py
[2025-08-19T18:33:02.455+0000] {processor.py:829} INFO - Processing file /home/airflow/.local/lib/python3.8/site-packages/airflow/example_dags/example_complex.py for tasks to queue
[2025-08-19T18:33:02.460+0000] {logging_mixin.py:151} INFO - [2025-08-19T18:33:02.459+0000] {dagbag.py:536} INFO - Filling up the DagBag from /home/airflow/.local/lib/python3.8/site-packages/airflow/example_dags/example_complex.py
[2025-08-19T18:33:02.492+0000] {processor.py:839} INFO - DAG(s) dict_keys(['example_complex']) retrieved from /home/airflow/.local/lib/python3.8/site-packages/airflow/example_dags/example_complex.py
[2025-08-19T18:33:02.575+0000] {logging_mixin.py:151} INFO - [2025-08-19T18:33:02.574+0000] {dag.py:2941} INFO - Sync 1 DAGs
[2025-08-19T18:33:02.606+0000] {logging_mixin.py:151} INFO - [2025-08-19T18:33:02.606+0000] {dag.py:3722} INFO - Setting next_dagrun for example_complex to None, run_after=None
[2025-08-19T18:33:02.654+0000] {processor.py:179} INFO - Processing /home/airflow/.local/lib/python3.8/site-packages/airflow/example_dags/example_complex.py took 0.212 seconds
[2025-08-19T18:33:32.808+0000] {processor.py:157} INFO - Started process (PID=388) to work on /home/airflow/.local/lib/python3.8/site-packages/airflow/example_dags/example_complex.py
[2025-08-19T18:33:32.810+0000] {processor.py:829} INFO - Processing file /home/airflow/.local/lib/python3.8/site-packages/airflow/example_dags/example_complex.py for tasks to queue
[2025-08-19T18:33:32.815+0000] {logging_mixin.py:151} INFO - [2025-08-19T18:33:32.814+0000] {dagbag.py:536} INFO - Filling up the DagBag from /home/airflow/.local/lib/python3.8/site-packages/airflow/example_dags/example_complex.py
[2025-08-19T18:33:32.834+0000] {processor.py:839} INFO - DAG(s) dict_keys(['example_complex']) retrieved from /home/airflow/.local/lib/python3.8/site-packages/airflow/example_dags/example_complex.py
[2025-08-19T18:33:32.942+0000] {logging_mixin.py:151} INFO - [2025-08-19T18:33:32.941+0000] {dag.py:2941} INFO - Sync 1 DAGs
[2025-08-19T18:33:32.964+0000] {logging_mixin.py:151} INFO - [2025-08-19T18:33:32.964+0000] {dag.py:3722} INFO - Setting next_dagrun for example_complex to None, run_after=None
[2025-08-19T18:33:33.011+0000] {processor.py:179} INFO - Processing /home/airflow/.local/lib/python3.8/site-packages/airflow/example_dags/example_complex.py took 0.207 seconds
[2025-08-19T18:34:03.683+0000] {processor.py:157} INFO - Started process (PID=443) to work on /home/airflow/.local/lib/python3.8/site-packages/airflow/example_dags/example_complex.py
[2025-08-19T18:34:03.685+0000] {processor.py:829} INFO - Processing file /home/airflow/.local/lib/python3.8/site-packages/airflow/example_dags/example_complex.py for tasks to queue
[2025-08-19T18:34:03.688+0000] {logging_mixin.py:151} INFO - [2025-08-19T18:34:03.688+0000] {dagbag.py:536} INFO - Filling up the DagBag from /home/airflow/.local/lib/python3.8/site-packages/airflow/example_dags/example_complex.py
[2025-08-19T18:34:03.707+0000] {processor.py:839} INFO - DAG(s) dict_keys(['example_complex']) retrieved from /home/airflow/.local/lib/python3.8/site-packages/airflow/example_dags/example_complex.py
[2025-08-19T18:34:03.764+0000] {logging_mixin.py:151} INFO - [2025-08-19T18:34:03.764+0000] {dag.py:2941} INFO - Sync 1 DAGs
[2025-08-19T18:34:03.799+0000] {logging_mixin.py:151} INFO - [2025-08-19T18:34:03.799+0000] {dag.py:3722} INFO - Setting next_dagrun for example_complex to None, run_after=None
[2025-08-19T18:34:03.859+0000] {processor.py:179} INFO - Processing /home/airflow/.local/lib/python3.8/site-packages/airflow/example_dags/example_complex.py took 0.183 seconds
[2025-08-19T18:34:34.524+0000] {processor.py:157} INFO - Started process (PID=497) to work on /home/airflow/.local/lib/python3.8/site-packages/airflow/example_dags/example_complex.py
[2025-08-19T18:34:34.526+0000] {processor.py:829} INFO - Processing file /home/airflow/.local/lib/python3.8/site-packages/airflow/example_dags/example_complex.py for tasks to queue
[2025-08-19T18:34:34.532+0000] {logging_mixin.py:151} INFO - [2025-08-19T18:34:34.531+0000] {dagbag.py:536} INFO - Filling up the DagBag from /home/airflow/.local/lib/python3.8/site-packages/airflow/example_dags/example_complex.py
[2025-08-19T18:34:34.546+0000] {processor.py:839} INFO - DAG(s) dict_keys(['example_complex']) retrieved from /home/airflow/.local/lib/python3.8/site-packages/airflow/example_dags/example_complex.py
[2025-08-19T18:34:34.583+0000] {logging_mixin.py:151} INFO - [2025-08-19T18:34:34.583+0000] {dag.py:2941} INFO - Sync 1 DAGs
[2025-08-19T18:34:34.600+0000] {logging_mixin.py:151} INFO - [2025-08-19T18:34:34.600+0000] {dag.py:3722} INFO - Setting next_dagrun for example_complex to None, run_after=None
[2025-08-19T18:34:34.626+0000] {processor.py:179} INFO - Processing /home/airflow/.local/lib/python3.8/site-packages/airflow/example_dags/example_complex.py took 0.107 seconds
[2025-08-19T18:35:05.077+0000] {processor.py:157} INFO - Started process (PID=550) to work on /home/airflow/.local/lib/python3.8/site-packages/airflow/example_dags/example_complex.py
[2025-08-19T18:35:05.079+0000] {processor.py:829} INFO - Processing file /home/airflow/.local/lib/python3.8/site-packages/airflow/example_dags/example_complex.py for tasks to queue
[2025-08-19T18:35:05.082+0000] {logging_mixin.py:151} INFO - [2025-08-19T18:35:05.082+0000] {dagbag.py:536} INFO - Filling up the DagBag from /home/airflow/.local/lib/python3.8/site-packages/airflow/example_dags/example_complex.py
[2025-08-19T18:35:05.101+0000] {processor.py:839} INFO - DAG(s) dict_keys(['example_complex']) retrieved from /home/airflow/.local/lib/python3.8/site-packages/airflow/example_dags/example_complex.py
[2025-08-19T18:35:05.152+0000] {logging_mixin.py:151} INFO - [2025-08-19T18:35:05.152+0000] {dag.py:2941} INFO - Sync 1 DAGs
[2025-08-19T18:35:05.171+0000] {logging_mixin.py:151} INFO - [2025-08-19T18:35:05.171+0000] {dag.py:3722} INFO - Setting next_dagrun for example_complex to None, run_after=None
[2025-08-19T18:35:05.204+0000] {processor.py:179} INFO - Processing /home/airflow/.local/lib/python3.8/site-packages/airflow/example_dags/example_complex.py took 0.131 seconds
[2025-08-19T18:35:35.670+0000] {processor.py:157} INFO - Started process (PID=604) to work on /home/airflow/.local/lib/python3.8/site-packages/airflow/example_dags/example_complex.py
[2025-08-19T18:35:35.672+0000] {processor.py:829} INFO - Processing file /home/airflow/.local/lib/python3.8/site-packages/airflow/example_dags/example_complex.py for tasks to queue
[2025-08-19T18:35:35.675+0000] {logging_mixin.py:151} INFO - [2025-08-19T18:35:35.674+0000] {dagbag.py:536} INFO - Filling up the DagBag from /home/airflow/.local/lib/python3.8/site-packages/airflow/example_dags/example_complex.py
[2025-08-19T18:35:35.687+0000] {processor.py:839} INFO - DAG(s) dict_keys(['example_complex']) retrieved from /home/airflow/.local/lib/python3.8/site-packages/airflow/example_dags/example_complex.py
[2025-08-19T18:35:35.732+0000] {logging_mixin.py:151} INFO - [2025-08-19T18:35:35.731+0000] {dag.py:2941} INFO - Sync 1 DAGs
[2025-08-19T18:35:35.746+0000] {logging_mixin.py:151} INFO - [2025-08-19T18:35:35.746+0000] {dag.py:3722} INFO - Setting next_dagrun for example_complex to None, run_after=None
[2025-08-19T18:35:35.772+0000] {processor.py:179} INFO - Processing /home/airflow/.local/lib/python3.8/site-packages/airflow/example_dags/example_complex.py took 0.107 seconds
[2025-08-19T18:36:08.537+0000] {processor.py:157} INFO - Started process (PID=658) to work on /home/airflow/.local/lib/python3.8/site-packages/airflow/example_dags/example_complex.py
[2025-08-19T18:36:08.542+0000] {processor.py:829} INFO - Processing file /home/airflow/.local/lib/python3.8/site-packages/airflow/example_dags/example_complex.py for tasks to queue
[2025-08-19T18:36:08.548+0000] {logging_mixin.py:151} INFO - [2025-08-19T18:36:08.547+0000] {dagbag.py:536} INFO - Filling up the DagBag from /home/airflow/.local/lib/python3.8/site-packages/airflow/example_dags/example_complex.py
[2025-08-19T18:36:08.608+0000] {processor.py:839} INFO - DAG(s) dict_keys(['example_complex']) retrieved from /home/airflow/.local/lib/python3.8/site-packages/airflow/example_dags/example_complex.py
[2025-08-19T18:36:08.742+0000] {logging_mixin.py:151} INFO - [2025-08-19T18:36:08.742+0000] {dag.py:2941} INFO - Sync 1 DAGs
[2025-08-19T18:36:08.808+0000] {logging_mixin.py:151} INFO - [2025-08-19T18:36:08.808+0000] {dag.py:3722} INFO - Setting next_dagrun for example_complex to None, run_after=None
[2025-08-19T18:36:08.887+0000] {processor.py:179} INFO - Processing /home/airflow/.local/lib/python3.8/site-packages/airflow/example_dags/example_complex.py took 0.366 seconds
[2025-08-19T18:36:39.008+0000] {processor.py:157} INFO - Started process (PID=712) to work on /home/airflow/.local/lib/python3.8/site-packages/airflow/example_dags/example_complex.py
[2025-08-19T18:36:39.010+0000] {processor.py:829} INFO - Processing file /home/airflow/.local/lib/python3.8/site-packages/airflow/example_dags/example_complex.py for tasks to queue
[2025-08-19T18:36:39.014+0000] {logging_mixin.py:151} INFO - [2025-08-19T18:36:39.013+0000] {dagbag.py:536} INFO - Filling up the DagBag from /home/airflow/.local/lib/python3.8/site-packages/airflow/example_dags/example_complex.py
[2025-08-19T18:36:39.027+0000] {processor.py:839} INFO - DAG(s) dict_keys(['example_complex']) retrieved from /home/airflow/.local/lib/python3.8/site-packages/airflow/example_dags/example_complex.py
[2025-08-19T18:36:39.070+0000] {logging_mixin.py:151} INFO - [2025-08-19T18:36:39.069+0000] {dag.py:2941} INFO - Sync 1 DAGs
[2025-08-19T18:36:39.089+0000] {logging_mixin.py:151} INFO - [2025-08-19T18:36:39.088+0000] {dag.py:3722} INFO - Setting next_dagrun for example_complex to None, run_after=None
[2025-08-19T18:36:39.119+0000] {processor.py:179} INFO - Processing /home/airflow/.local/lib/python3.8/site-packages/airflow/example_dags/example_complex.py took 0.116 seconds
[2025-08-19T18:37:11.551+0000] {processor.py:157} INFO - Started process (PID=766) to work on /home/airflow/.local/lib/python3.8/site-packages/airflow/example_dags/example_complex.py
[2025-08-19T18:37:11.554+0000] {processor.py:829} INFO - Processing file /home/airflow/.local/lib/python3.8/site-packages/airflow/example_dags/example_complex.py for tasks to queue
[2025-08-19T18:37:11.559+0000] {logging_mixin.py:151} INFO - [2025-08-19T18:37:11.559+0000] {dagbag.py:536} INFO - Filling up the DagBag from /home/airflow/.local/lib/python3.8/site-packages/airflow/example_dags/example_complex.py
[2025-08-19T18:37:11.579+0000] {processor.py:839} INFO - DAG(s) dict_keys(['example_complex']) retrieved from /home/airflow/.local/lib/python3.8/site-packages/airflow/example_dags/example_complex.py
[2025-08-19T18:37:11.644+0000] {logging_mixin.py:151} INFO - [2025-08-19T18:37:11.644+0000] {dag.py:2941} INFO - Sync 1 DAGs
[2025-08-19T18:37:11.663+0000] {logging_mixin.py:151} INFO - [2025-08-19T18:37:11.663+0000] {dag.py:3722} INFO - Setting next_dagrun for example_complex to None, run_after=None
[2025-08-19T18:37:11.702+0000] {processor.py:179} INFO - Processing /home/airflow/.local/lib/python3.8/site-packages/airflow/example_dags/example_complex.py took 0.165 seconds
[2025-08-19T18:37:45.585+0000] {processor.py:157} INFO - Started process (PID=821) to work on /home/airflow/.local/lib/python3.8/site-packages/airflow/example_dags/example_complex.py
[2025-08-19T18:37:45.587+0000] {processor.py:829} INFO - Processing file /home/airflow/.local/lib/python3.8/site-packages/airflow/example_dags/example_complex.py for tasks to queue
[2025-08-19T18:37:45.591+0000] {logging_mixin.py:151} INFO - [2025-08-19T18:37:45.590+0000] {dagbag.py:536} INFO - Filling up the DagBag from /home/airflow/.local/lib/python3.8/site-packages/airflow/example_dags/example_complex.py
[2025-08-19T18:37:45.613+0000] {processor.py:839} INFO - DAG(s) dict_keys(['example_complex']) retrieved from /home/airflow/.local/lib/python3.8/site-packages/airflow/example_dags/example_complex.py
[2025-08-19T18:37:45.671+0000] {logging_mixin.py:151} INFO - [2025-08-19T18:37:45.671+0000] {dag.py:2941} INFO - Sync 1 DAGs
[2025-08-19T18:37:45.697+0000] {logging_mixin.py:151} INFO - [2025-08-19T18:37:45.697+0000] {dag.py:3722} INFO - Setting next_dagrun for example_complex to None, run_after=None
[2025-08-19T18:37:45.745+0000] {processor.py:179} INFO - Processing /home/airflow/.local/lib/python3.8/site-packages/airflow/example_dags/example_complex.py took 0.169 seconds
[2025-08-19T18:38:15.933+0000] {processor.py:157} INFO - Started process (PID=875) to work on /home/airflow/.local/lib/python3.8/site-packages/airflow/example_dags/example_complex.py
[2025-08-19T18:38:15.935+0000] {processor.py:829} INFO - Processing file /home/airflow/.local/lib/python3.8/site-packages/airflow/example_dags/example_complex.py for tasks to queue
[2025-08-19T18:38:15.938+0000] {logging_mixin.py:151} INFO - [2025-08-19T18:38:15.937+0000] {dagbag.py:536} INFO - Filling up the DagBag from /home/airflow/.local/lib/python3.8/site-packages/airflow/example_dags/example_complex.py
[2025-08-19T18:38:15.951+0000] {processor.py:839} INFO - DAG(s) dict_keys(['example_complex']) retrieved from /home/airflow/.local/lib/python3.8/site-packages/airflow/example_dags/example_complex.py
[2025-08-19T18:38:15.994+0000] {logging_mixin.py:151} INFO - [2025-08-19T18:38:15.993+0000] {dag.py:2941} INFO - Sync 1 DAGs
[2025-08-19T18:38:16.011+0000] {logging_mixin.py:151} INFO - [2025-08-19T18:38:16.010+0000] {dag.py:3722} INFO - Setting next_dagrun for example_complex to None, run_after=None
[2025-08-19T18:38:16.044+0000] {processor.py:179} INFO - Processing /home/airflow/.local/lib/python3.8/site-packages/airflow/example_dags/example_complex.py took 0.116 seconds
[2025-08-19T18:38:46.750+0000] {processor.py:157} INFO - Started process (PID=929) to work on /home/airflow/.local/lib/python3.8/site-packages/airflow/example_dags/example_complex.py
[2025-08-19T18:38:46.752+0000] {processor.py:829} INFO - Processing file /home/airflow/.local/lib/python3.8/site-packages/airflow/example_dags/example_complex.py for tasks to queue
[2025-08-19T18:38:46.755+0000] {logging_mixin.py:151} INFO - [2025-08-19T18:38:46.754+0000] {dagbag.py:536} INFO - Filling up the DagBag from /home/airflow/.local/lib/python3.8/site-packages/airflow/example_dags/example_complex.py
[2025-08-19T18:38:46.766+0000] {processor.py:839} INFO - DAG(s) dict_keys(['example_complex']) retrieved from /home/airflow/.local/lib/python3.8/site-packages/airflow/example_dags/example_complex.py
[2025-08-19T18:38:46.810+0000] {logging_mixin.py:151} INFO - [2025-08-19T18:38:46.810+0000] {dag.py:2941} INFO - Sync 1 DAGs
[2025-08-19T18:38:46.830+0000] {logging_mixin.py:151} INFO - [2025-08-19T18:38:46.830+0000] {dag.py:3722} INFO - Setting next_dagrun for example_complex to None, run_after=None
[2025-08-19T18:38:46.875+0000] {processor.py:179} INFO - Processing /home/airflow/.local/lib/python3.8/site-packages/airflow/example_dags/example_complex.py took 0.129 seconds
[2025-08-19T18:39:17.377+0000] {processor.py:157} INFO - Started process (PID=983) to work on /home/airflow/.local/lib/python3.8/site-packages/airflow/example_dags/example_complex.py
[2025-08-19T18:39:17.378+0000] {processor.py:829} INFO - Processing file /home/airflow/.local/lib/python3.8/site-packages/airflow/example_dags/example_complex.py for tasks to queue
[2025-08-19T18:39:17.381+0000] {logging_mixin.py:151} INFO - [2025-08-19T18:39:17.381+0000] {dagbag.py:536} INFO - Filling up the DagBag from /home/airflow/.local/lib/python3.8/site-packages/airflow/example_dags/example_complex.py
[2025-08-19T18:39:17.393+0000] {processor.py:839} INFO - DAG(s) dict_keys(['example_complex']) retrieved from /home/airflow/.local/lib/python3.8/site-packages/airflow/example_dags/example_complex.py
[2025-08-19T18:39:17.435+0000] {logging_mixin.py:151} INFO - [2025-08-19T18:39:17.435+0000] {dag.py:2941} INFO - Sync 1 DAGs
[2025-08-19T18:39:17.450+0000] {logging_mixin.py:151} INFO - [2025-08-19T18:39:17.450+0000] {dag.py:3722} INFO - Setting next_dagrun for example_complex to None, run_after=None
[2025-08-19T18:39:17.488+0000] {processor.py:179} INFO - Processing /home/airflow/.local/lib/python3.8/site-packages/airflow/example_dags/example_complex.py took 0.115 seconds
