[2025-08-19T18:23:10.928+0000] {processor.py:157} INFO - Started process (PID=123) to work on /home/airflow/.local/lib/python3.8/site-packages/airflow/example_dags/example_short_circuit_decorator.py
[2025-08-19T18:23:10.949+0000] {processor.py:829} INFO - Processing file /home/airflow/.local/lib/python3.8/site-packages/airflow/example_dags/example_short_circuit_decorator.py for tasks to queue
[2025-08-19T18:23:11.070+0000] {logging_mixin.py:151} INFO - [2025-08-19T18:23:11.070+0000] {dagbag.py:536} INFO - Filling up the DagBag from /home/airflow/.local/lib/python3.8/site-packages/airflow/example_dags/example_short_circuit_decorator.py
[2025-08-19T18:23:11.173+0000] {processor.py:839} INFO - DAG(s) dict_keys(['example_short_circuit_decorator']) retrieved from /home/airflow/.local/lib/python3.8/site-packages/airflow/example_dags/example_short_circuit_decorator.py
[2025-08-19T18:23:11.409+0000] {logging_mixin.py:151} INFO - [2025-08-19T18:23:11.408+0000] {dag.py:2941} INFO - Sync 1 DAGs
[2025-08-19T18:23:11.784+0000] {logging_mixin.py:151} INFO - [2025-08-19T18:23:11.784+0000] {dag.py:3722} INFO - Setting next_dagrun for example_short_circuit_decorator to 2025-08-18T18:23:11.771363+00:00, run_after=2025-08-19T18:23:11.771363+00:00
[2025-08-19T18:23:11.894+0000] {processor.py:179} INFO - Processing /home/airflow/.local/lib/python3.8/site-packages/airflow/example_dags/example_short_circuit_decorator.py took 1.224 seconds
[2025-08-19T18:23:42.613+0000] {processor.py:157} INFO - Started process (PID=177) to work on /home/airflow/.local/lib/python3.8/site-packages/airflow/example_dags/example_short_circuit_decorator.py
[2025-08-19T18:23:42.615+0000] {processor.py:829} INFO - Processing file /home/airflow/.local/lib/python3.8/site-packages/airflow/example_dags/example_short_circuit_decorator.py for tasks to queue
[2025-08-19T18:23:42.620+0000] {logging_mixin.py:151} INFO - [2025-08-19T18:23:42.620+0000] {dagbag.py:536} INFO - Filling up the DagBag from /home/airflow/.local/lib/python3.8/site-packages/airflow/example_dags/example_short_circuit_decorator.py
[2025-08-19T18:23:42.637+0000] {processor.py:839} INFO - DAG(s) dict_keys(['example_short_circuit_decorator']) retrieved from /home/airflow/.local/lib/python3.8/site-packages/airflow/example_dags/example_short_circuit_decorator.py
[2025-08-19T18:23:42.687+0000] {logging_mixin.py:151} INFO - [2025-08-19T18:23:42.687+0000] {dag.py:2941} INFO - Sync 1 DAGs
[2025-08-19T18:23:42.722+0000] {logging_mixin.py:151} INFO - [2025-08-19T18:23:42.721+0000] {dag.py:3722} INFO - Setting next_dagrun for example_short_circuit_decorator to 2025-08-18T18:23:42.721362+00:00, run_after=2025-08-19T18:23:42.721362+00:00
[2025-08-19T18:23:42.762+0000] {processor.py:179} INFO - Processing /home/airflow/.local/lib/python3.8/site-packages/airflow/example_dags/example_short_circuit_decorator.py took 0.156 seconds
[2025-08-19T18:24:13.381+0000] {processor.py:157} INFO - Started process (PID=231) to work on /home/airflow/.local/lib/python3.8/site-packages/airflow/example_dags/example_short_circuit_decorator.py
[2025-08-19T18:24:13.384+0000] {processor.py:829} INFO - Processing file /home/airflow/.local/lib/python3.8/site-packages/airflow/example_dags/example_short_circuit_decorator.py for tasks to queue
[2025-08-19T18:24:13.389+0000] {logging_mixin.py:151} INFO - [2025-08-19T18:24:13.388+0000] {dagbag.py:536} INFO - Filling up the DagBag from /home/airflow/.local/lib/python3.8/site-packages/airflow/example_dags/example_short_circuit_decorator.py
[2025-08-19T18:24:13.407+0000] {processor.py:839} INFO - DAG(s) dict_keys(['example_short_circuit_decorator']) retrieved from /home/airflow/.local/lib/python3.8/site-packages/airflow/example_dags/example_short_circuit_decorator.py
[2025-08-19T18:24:13.457+0000] {logging_mixin.py:151} INFO - [2025-08-19T18:24:13.457+0000] {dag.py:2941} INFO - Sync 1 DAGs
[2025-08-19T18:24:13.521+0000] {logging_mixin.py:151} INFO - [2025-08-19T18:24:13.518+0000] {dag.py:3722} INFO - Setting next_dagrun for example_short_circuit_decorator to 2025-08-18T18:24:13.516849+00:00, run_after=2025-08-19T18:24:13.516849+00:00
[2025-08-19T18:24:13.586+0000] {processor.py:179} INFO - Processing /home/airflow/.local/lib/python3.8/site-packages/airflow/example_dags/example_short_circuit_decorator.py took 0.213 seconds
[2025-08-19T18:24:46.026+0000] {processor.py:157} INFO - Started process (PID=285) to work on /home/airflow/.local/lib/python3.8/site-packages/airflow/example_dags/example_short_circuit_decorator.py
[2025-08-19T18:24:46.035+0000] {processor.py:829} INFO - Processing file /home/airflow/.local/lib/python3.8/site-packages/airflow/example_dags/example_short_circuit_decorator.py for tasks to queue
[2025-08-19T18:24:46.046+0000] {logging_mixin.py:151} INFO - [2025-08-19T18:24:46.044+0000] {dagbag.py:536} INFO - Filling up the DagBag from /home/airflow/.local/lib/python3.8/site-packages/airflow/example_dags/example_short_circuit_decorator.py
[2025-08-19T18:24:46.096+0000] {processor.py:839} INFO - DAG(s) dict_keys(['example_short_circuit_decorator']) retrieved from /home/airflow/.local/lib/python3.8/site-packages/airflow/example_dags/example_short_circuit_decorator.py
[2025-08-19T18:24:46.392+0000] {logging_mixin.py:151} INFO - [2025-08-19T18:24:46.392+0000] {dag.py:2941} INFO - Sync 1 DAGs
[2025-08-19T18:24:46.568+0000] {logging_mixin.py:151} INFO - [2025-08-19T18:24:46.567+0000] {dag.py:3722} INFO - Setting next_dagrun for example_short_circuit_decorator to 2025-08-18T18:24:46.566716+00:00, run_after=2025-08-19T18:24:46.566716+00:00
[2025-08-19T18:24:46.645+0000] {processor.py:179} INFO - Processing /home/airflow/.local/lib/python3.8/site-packages/airflow/example_dags/example_short_circuit_decorator.py took 0.638 seconds
[2025-08-19T18:25:16.743+0000] {processor.py:157} INFO - Started process (PID=339) to work on /home/airflow/.local/lib/python3.8/site-packages/airflow/example_dags/example_short_circuit_decorator.py
[2025-08-19T18:25:16.745+0000] {processor.py:829} INFO - Processing file /home/airflow/.local/lib/python3.8/site-packages/airflow/example_dags/example_short_circuit_decorator.py for tasks to queue
[2025-08-19T18:25:16.748+0000] {logging_mixin.py:151} INFO - [2025-08-19T18:25:16.748+0000] {dagbag.py:536} INFO - Filling up the DagBag from /home/airflow/.local/lib/python3.8/site-packages/airflow/example_dags/example_short_circuit_decorator.py
[2025-08-19T18:25:16.764+0000] {processor.py:839} INFO - DAG(s) dict_keys(['example_short_circuit_decorator']) retrieved from /home/airflow/.local/lib/python3.8/site-packages/airflow/example_dags/example_short_circuit_decorator.py
[2025-08-19T18:25:16.810+0000] {logging_mixin.py:151} INFO - [2025-08-19T18:25:16.809+0000] {dag.py:2941} INFO - Sync 1 DAGs
[2025-08-19T18:25:16.849+0000] {logging_mixin.py:151} INFO - [2025-08-19T18:25:16.848+0000] {dag.py:3722} INFO - Setting next_dagrun for example_short_circuit_decorator to 2025-08-18T18:25:16.847844+00:00, run_after=2025-08-19T18:25:16.847844+00:00
[2025-08-19T18:25:16.887+0000] {processor.py:179} INFO - Processing /home/airflow/.local/lib/python3.8/site-packages/airflow/example_dags/example_short_circuit_decorator.py took 0.153 seconds
[2025-08-19T18:25:47.521+0000] {processor.py:157} INFO - Started process (PID=393) to work on /home/airflow/.local/lib/python3.8/site-packages/airflow/example_dags/example_short_circuit_decorator.py
[2025-08-19T18:25:47.523+0000] {processor.py:829} INFO - Processing file /home/airflow/.local/lib/python3.8/site-packages/airflow/example_dags/example_short_circuit_decorator.py for tasks to queue
[2025-08-19T18:25:47.528+0000] {logging_mixin.py:151} INFO - [2025-08-19T18:25:47.527+0000] {dagbag.py:536} INFO - Filling up the DagBag from /home/airflow/.local/lib/python3.8/site-packages/airflow/example_dags/example_short_circuit_decorator.py
[2025-08-19T18:25:47.545+0000] {processor.py:839} INFO - DAG(s) dict_keys(['example_short_circuit_decorator']) retrieved from /home/airflow/.local/lib/python3.8/site-packages/airflow/example_dags/example_short_circuit_decorator.py
[2025-08-19T18:25:47.591+0000] {logging_mixin.py:151} INFO - [2025-08-19T18:25:47.590+0000] {dag.py:2941} INFO - Sync 1 DAGs
[2025-08-19T18:25:47.634+0000] {logging_mixin.py:151} INFO - [2025-08-19T18:25:47.634+0000] {dag.py:3722} INFO - Setting next_dagrun for example_short_circuit_decorator to 2025-08-18T18:25:47.633708+00:00, run_after=2025-08-19T18:25:47.633708+00:00
[2025-08-19T18:25:47.678+0000] {processor.py:179} INFO - Processing /home/airflow/.local/lib/python3.8/site-packages/airflow/example_dags/example_short_circuit_decorator.py took 0.162 seconds
[2025-08-19T18:26:22.313+0000] {processor.py:157} INFO - Started process (PID=448) to work on /home/airflow/.local/lib/python3.8/site-packages/airflow/example_dags/example_short_circuit_decorator.py
[2025-08-19T18:26:22.317+0000] {processor.py:829} INFO - Processing file /home/airflow/.local/lib/python3.8/site-packages/airflow/example_dags/example_short_circuit_decorator.py for tasks to queue
[2025-08-19T18:26:22.333+0000] {logging_mixin.py:151} INFO - [2025-08-19T18:26:22.331+0000] {dagbag.py:536} INFO - Filling up the DagBag from /home/airflow/.local/lib/python3.8/site-packages/airflow/example_dags/example_short_circuit_decorator.py
[2025-08-19T18:26:22.402+0000] {processor.py:839} INFO - DAG(s) dict_keys(['example_short_circuit_decorator']) retrieved from /home/airflow/.local/lib/python3.8/site-packages/airflow/example_dags/example_short_circuit_decorator.py
[2025-08-19T18:26:22.601+0000] {logging_mixin.py:151} INFO - [2025-08-19T18:26:22.600+0000] {dag.py:2941} INFO - Sync 1 DAGs
[2025-08-19T18:26:22.724+0000] {logging_mixin.py:151} INFO - [2025-08-19T18:26:22.723+0000] {dag.py:3722} INFO - Setting next_dagrun for example_short_circuit_decorator to 2025-08-18T18:26:22.722500+00:00, run_after=2025-08-19T18:26:22.722500+00:00
[2025-08-19T18:26:23.064+0000] {processor.py:179} INFO - Processing /home/airflow/.local/lib/python3.8/site-packages/airflow/example_dags/example_short_circuit_decorator.py took 0.784 seconds
[2025-08-19T18:26:53.364+0000] {processor.py:157} INFO - Started process (PID=502) to work on /home/airflow/.local/lib/python3.8/site-packages/airflow/example_dags/example_short_circuit_decorator.py
[2025-08-19T18:26:53.366+0000] {processor.py:829} INFO - Processing file /home/airflow/.local/lib/python3.8/site-packages/airflow/example_dags/example_short_circuit_decorator.py for tasks to queue
[2025-08-19T18:26:53.371+0000] {logging_mixin.py:151} INFO - [2025-08-19T18:26:53.370+0000] {dagbag.py:536} INFO - Filling up the DagBag from /home/airflow/.local/lib/python3.8/site-packages/airflow/example_dags/example_short_circuit_decorator.py
[2025-08-19T18:26:53.391+0000] {processor.py:839} INFO - DAG(s) dict_keys(['example_short_circuit_decorator']) retrieved from /home/airflow/.local/lib/python3.8/site-packages/airflow/example_dags/example_short_circuit_decorator.py
[2025-08-19T18:26:53.464+0000] {logging_mixin.py:151} INFO - [2025-08-19T18:26:53.463+0000] {dag.py:2941} INFO - Sync 1 DAGs
[2025-08-19T18:26:53.585+0000] {logging_mixin.py:151} INFO - [2025-08-19T18:26:53.585+0000] {dag.py:3722} INFO - Setting next_dagrun for example_short_circuit_decorator to 2025-08-18T18:26:53.584415+00:00, run_after=2025-08-19T18:26:53.584415+00:00
[2025-08-19T18:26:53.661+0000] {processor.py:179} INFO - Processing /home/airflow/.local/lib/python3.8/site-packages/airflow/example_dags/example_short_circuit_decorator.py took 0.306 seconds
[2025-08-19T18:27:23.900+0000] {processor.py:157} INFO - Started process (PID=556) to work on /home/airflow/.local/lib/python3.8/site-packages/airflow/example_dags/example_short_circuit_decorator.py
[2025-08-19T18:27:23.903+0000] {processor.py:829} INFO - Processing file /home/airflow/.local/lib/python3.8/site-packages/airflow/example_dags/example_short_circuit_decorator.py for tasks to queue
[2025-08-19T18:27:23.907+0000] {logging_mixin.py:151} INFO - [2025-08-19T18:27:23.907+0000] {dagbag.py:536} INFO - Filling up the DagBag from /home/airflow/.local/lib/python3.8/site-packages/airflow/example_dags/example_short_circuit_decorator.py
[2025-08-19T18:27:23.925+0000] {processor.py:839} INFO - DAG(s) dict_keys(['example_short_circuit_decorator']) retrieved from /home/airflow/.local/lib/python3.8/site-packages/airflow/example_dags/example_short_circuit_decorator.py
[2025-08-19T18:27:23.963+0000] {logging_mixin.py:151} INFO - [2025-08-19T18:27:23.963+0000] {dag.py:2941} INFO - Sync 1 DAGs
[2025-08-19T18:27:23.999+0000] {logging_mixin.py:151} INFO - [2025-08-19T18:27:23.998+0000] {dag.py:3722} INFO - Setting next_dagrun for example_short_circuit_decorator to 2025-08-18T18:27:23.998145+00:00, run_after=2025-08-19T18:27:23.998145+00:00
[2025-08-19T18:27:24.034+0000] {processor.py:179} INFO - Processing /home/airflow/.local/lib/python3.8/site-packages/airflow/example_dags/example_short_circuit_decorator.py took 0.142 seconds
[2025-08-19T18:27:54.379+0000] {processor.py:157} INFO - Started process (PID=610) to work on /home/airflow/.local/lib/python3.8/site-packages/airflow/example_dags/example_short_circuit_decorator.py
[2025-08-19T18:27:54.380+0000] {processor.py:829} INFO - Processing file /home/airflow/.local/lib/python3.8/site-packages/airflow/example_dags/example_short_circuit_decorator.py for tasks to queue
[2025-08-19T18:27:54.385+0000] {logging_mixin.py:151} INFO - [2025-08-19T18:27:54.384+0000] {dagbag.py:536} INFO - Filling up the DagBag from /home/airflow/.local/lib/python3.8/site-packages/airflow/example_dags/example_short_circuit_decorator.py
[2025-08-19T18:27:54.397+0000] {processor.py:839} INFO - DAG(s) dict_keys(['example_short_circuit_decorator']) retrieved from /home/airflow/.local/lib/python3.8/site-packages/airflow/example_dags/example_short_circuit_decorator.py
[2025-08-19T18:27:54.442+0000] {logging_mixin.py:151} INFO - [2025-08-19T18:27:54.441+0000] {dag.py:2941} INFO - Sync 1 DAGs
[2025-08-19T18:27:54.474+0000] {logging_mixin.py:151} INFO - [2025-08-19T18:27:54.474+0000] {dag.py:3722} INFO - Setting next_dagrun for example_short_circuit_decorator to 2025-08-18T18:27:54.473943+00:00, run_after=2025-08-19T18:27:54.473943+00:00
[2025-08-19T18:27:54.506+0000] {processor.py:179} INFO - Processing /home/airflow/.local/lib/python3.8/site-packages/airflow/example_dags/example_short_circuit_decorator.py took 0.134 seconds
[2025-08-19T18:28:25.118+0000] {processor.py:157} INFO - Started process (PID=662) to work on /home/airflow/.local/lib/python3.8/site-packages/airflow/example_dags/example_short_circuit_decorator.py
[2025-08-19T18:28:25.120+0000] {processor.py:829} INFO - Processing file /home/airflow/.local/lib/python3.8/site-packages/airflow/example_dags/example_short_circuit_decorator.py for tasks to queue
[2025-08-19T18:28:25.123+0000] {logging_mixin.py:151} INFO - [2025-08-19T18:28:25.122+0000] {dagbag.py:536} INFO - Filling up the DagBag from /home/airflow/.local/lib/python3.8/site-packages/airflow/example_dags/example_short_circuit_decorator.py
[2025-08-19T18:28:25.135+0000] {processor.py:839} INFO - DAG(s) dict_keys(['example_short_circuit_decorator']) retrieved from /home/airflow/.local/lib/python3.8/site-packages/airflow/example_dags/example_short_circuit_decorator.py
[2025-08-19T18:28:25.170+0000] {logging_mixin.py:151} INFO - [2025-08-19T18:28:25.170+0000] {dag.py:2941} INFO - Sync 1 DAGs
[2025-08-19T18:28:25.200+0000] {logging_mixin.py:151} INFO - [2025-08-19T18:28:25.200+0000] {dag.py:3722} INFO - Setting next_dagrun for example_short_circuit_decorator to 2025-08-18T18:28:25.199770+00:00, run_after=2025-08-19T18:28:25.199770+00:00
[2025-08-19T18:28:25.236+0000] {processor.py:179} INFO - Processing /home/airflow/.local/lib/python3.8/site-packages/airflow/example_dags/example_short_circuit_decorator.py took 0.124 seconds
[2025-08-19T18:28:55.857+0000] {processor.py:157} INFO - Started process (PID=709) to work on /home/airflow/.local/lib/python3.8/site-packages/airflow/example_dags/example_short_circuit_decorator.py
[2025-08-19T18:28:55.860+0000] {processor.py:829} INFO - Processing file /home/airflow/.local/lib/python3.8/site-packages/airflow/example_dags/example_short_circuit_decorator.py for tasks to queue
[2025-08-19T18:28:55.865+0000] {logging_mixin.py:151} INFO - [2025-08-19T18:28:55.864+0000] {dagbag.py:536} INFO - Filling up the DagBag from /home/airflow/.local/lib/python3.8/site-packages/airflow/example_dags/example_short_circuit_decorator.py
[2025-08-19T18:28:55.880+0000] {processor.py:839} INFO - DAG(s) dict_keys(['example_short_circuit_decorator']) retrieved from /home/airflow/.local/lib/python3.8/site-packages/airflow/example_dags/example_short_circuit_decorator.py
[2025-08-19T18:28:55.931+0000] {logging_mixin.py:151} INFO - [2025-08-19T18:28:55.930+0000] {dag.py:2941} INFO - Sync 1 DAGs
[2025-08-19T18:28:55.973+0000] {logging_mixin.py:151} INFO - [2025-08-19T18:28:55.973+0000] {dag.py:3722} INFO - Setting next_dagrun for example_short_circuit_decorator to 2025-08-18T18:28:55.972849+00:00, run_after=2025-08-19T18:28:55.972849+00:00
[2025-08-19T18:28:56.013+0000] {processor.py:179} INFO - Processing /home/airflow/.local/lib/python3.8/site-packages/airflow/example_dags/example_short_circuit_decorator.py took 0.162 seconds
[2025-08-19T18:29:26.141+0000] {processor.py:157} INFO - Started process (PID=763) to work on /home/airflow/.local/lib/python3.8/site-packages/airflow/example_dags/example_short_circuit_decorator.py
[2025-08-19T18:29:26.143+0000] {processor.py:829} INFO - Processing file /home/airflow/.local/lib/python3.8/site-packages/airflow/example_dags/example_short_circuit_decorator.py for tasks to queue
[2025-08-19T18:29:26.147+0000] {logging_mixin.py:151} INFO - [2025-08-19T18:29:26.146+0000] {dagbag.py:536} INFO - Filling up the DagBag from /home/airflow/.local/lib/python3.8/site-packages/airflow/example_dags/example_short_circuit_decorator.py
[2025-08-19T18:29:26.160+0000] {processor.py:839} INFO - DAG(s) dict_keys(['example_short_circuit_decorator']) retrieved from /home/airflow/.local/lib/python3.8/site-packages/airflow/example_dags/example_short_circuit_decorator.py
[2025-08-19T18:29:26.203+0000] {logging_mixin.py:151} INFO - [2025-08-19T18:29:26.202+0000] {dag.py:2941} INFO - Sync 1 DAGs
[2025-08-19T18:29:26.239+0000] {logging_mixin.py:151} INFO - [2025-08-19T18:29:26.239+0000] {dag.py:3722} INFO - Setting next_dagrun for example_short_circuit_decorator to 2025-08-18T18:29:26.238863+00:00, run_after=2025-08-19T18:29:26.238863+00:00
[2025-08-19T18:29:26.291+0000] {processor.py:179} INFO - Processing /home/airflow/.local/lib/python3.8/site-packages/airflow/example_dags/example_short_circuit_decorator.py took 0.160 seconds
[2025-08-19T18:29:58.233+0000] {processor.py:157} INFO - Started process (PID=817) to work on /home/airflow/.local/lib/python3.8/site-packages/airflow/example_dags/example_short_circuit_decorator.py
[2025-08-19T18:29:58.237+0000] {processor.py:829} INFO - Processing file /home/airflow/.local/lib/python3.8/site-packages/airflow/example_dags/example_short_circuit_decorator.py for tasks to queue
[2025-08-19T18:29:58.264+0000] {logging_mixin.py:151} INFO - [2025-08-19T18:29:58.256+0000] {dagbag.py:536} INFO - Filling up the DagBag from /home/airflow/.local/lib/python3.8/site-packages/airflow/example_dags/example_short_circuit_decorator.py
[2025-08-19T18:29:58.370+0000] {processor.py:839} INFO - DAG(s) dict_keys(['example_short_circuit_decorator']) retrieved from /home/airflow/.local/lib/python3.8/site-packages/airflow/example_dags/example_short_circuit_decorator.py
[2025-08-19T18:29:58.470+0000] {logging_mixin.py:151} INFO - [2025-08-19T18:29:58.470+0000] {dag.py:2941} INFO - Sync 1 DAGs
[2025-08-19T18:29:58.626+0000] {logging_mixin.py:151} INFO - [2025-08-19T18:29:58.625+0000] {dag.py:3722} INFO - Setting next_dagrun for example_short_circuit_decorator to 2025-08-18T18:29:58.624476+00:00, run_after=2025-08-19T18:29:58.624476+00:00
[2025-08-19T18:29:59.114+0000] {processor.py:179} INFO - Processing /home/airflow/.local/lib/python3.8/site-packages/airflow/example_dags/example_short_circuit_decorator.py took 0.889 seconds
[2025-08-19T18:30:58.758+0000] {processor.py:157} INFO - Started process (PID=114) to work on /home/airflow/.local/lib/python3.8/site-packages/airflow/example_dags/example_short_circuit_decorator.py
[2025-08-19T18:30:58.761+0000] {processor.py:829} INFO - Processing file /home/airflow/.local/lib/python3.8/site-packages/airflow/example_dags/example_short_circuit_decorator.py for tasks to queue
[2025-08-19T18:30:58.768+0000] {logging_mixin.py:151} INFO - [2025-08-19T18:30:58.767+0000] {dagbag.py:536} INFO - Filling up the DagBag from /home/airflow/.local/lib/python3.8/site-packages/airflow/example_dags/example_short_circuit_decorator.py
[2025-08-19T18:30:58.813+0000] {processor.py:839} INFO - DAG(s) dict_keys(['example_short_circuit_decorator']) retrieved from /home/airflow/.local/lib/python3.8/site-packages/airflow/example_dags/example_short_circuit_decorator.py
[2025-08-19T18:30:58.895+0000] {logging_mixin.py:151} INFO - [2025-08-19T18:30:58.894+0000] {dag.py:2941} INFO - Sync 1 DAGs
[2025-08-19T18:30:58.952+0000] {logging_mixin.py:151} INFO - [2025-08-19T18:30:58.952+0000] {dag.py:3722} INFO - Setting next_dagrun for example_short_circuit_decorator to 2025-08-18T18:30:58.951657+00:00, run_after=2025-08-19T18:30:58.951657+00:00
[2025-08-19T18:30:59.004+0000] {processor.py:179} INFO - Processing /home/airflow/.local/lib/python3.8/site-packages/airflow/example_dags/example_short_circuit_decorator.py took 0.262 seconds
[2025-08-19T18:31:29.179+0000] {processor.py:157} INFO - Started process (PID=169) to work on /home/airflow/.local/lib/python3.8/site-packages/airflow/example_dags/example_short_circuit_decorator.py
[2025-08-19T18:31:29.182+0000] {processor.py:829} INFO - Processing file /home/airflow/.local/lib/python3.8/site-packages/airflow/example_dags/example_short_circuit_decorator.py for tasks to queue
[2025-08-19T18:31:29.191+0000] {logging_mixin.py:151} INFO - [2025-08-19T18:31:29.190+0000] {dagbag.py:536} INFO - Filling up the DagBag from /home/airflow/.local/lib/python3.8/site-packages/airflow/example_dags/example_short_circuit_decorator.py
[2025-08-19T18:31:29.220+0000] {processor.py:839} INFO - DAG(s) dict_keys(['example_short_circuit_decorator']) retrieved from /home/airflow/.local/lib/python3.8/site-packages/airflow/example_dags/example_short_circuit_decorator.py
[2025-08-19T18:31:29.308+0000] {logging_mixin.py:151} INFO - [2025-08-19T18:31:29.307+0000] {dag.py:2941} INFO - Sync 1 DAGs
[2025-08-19T18:31:29.398+0000] {logging_mixin.py:151} INFO - [2025-08-19T18:31:29.397+0000] {dag.py:3722} INFO - Setting next_dagrun for example_short_circuit_decorator to 2025-08-18T18:31:29.396261+00:00, run_after=2025-08-19T18:31:29.396261+00:00
[2025-08-19T18:31:29.466+0000] {processor.py:179} INFO - Processing /home/airflow/.local/lib/python3.8/site-packages/airflow/example_dags/example_short_circuit_decorator.py took 0.300 seconds
[2025-08-19T18:31:59.838+0000] {processor.py:157} INFO - Started process (PID=223) to work on /home/airflow/.local/lib/python3.8/site-packages/airflow/example_dags/example_short_circuit_decorator.py
[2025-08-19T18:31:59.841+0000] {processor.py:829} INFO - Processing file /home/airflow/.local/lib/python3.8/site-packages/airflow/example_dags/example_short_circuit_decorator.py for tasks to queue
[2025-08-19T18:31:59.847+0000] {logging_mixin.py:151} INFO - [2025-08-19T18:31:59.846+0000] {dagbag.py:536} INFO - Filling up the DagBag from /home/airflow/.local/lib/python3.8/site-packages/airflow/example_dags/example_short_circuit_decorator.py
[2025-08-19T18:31:59.866+0000] {processor.py:839} INFO - DAG(s) dict_keys(['example_short_circuit_decorator']) retrieved from /home/airflow/.local/lib/python3.8/site-packages/airflow/example_dags/example_short_circuit_decorator.py
[2025-08-19T18:31:59.906+0000] {logging_mixin.py:151} INFO - [2025-08-19T18:31:59.906+0000] {dag.py:2941} INFO - Sync 1 DAGs
[2025-08-19T18:31:59.938+0000] {logging_mixin.py:151} INFO - [2025-08-19T18:31:59.938+0000] {dag.py:3722} INFO - Setting next_dagrun for example_short_circuit_decorator to 2025-08-18T18:31:59.938069+00:00, run_after=2025-08-19T18:31:59.938069+00:00
[2025-08-19T18:31:59.966+0000] {processor.py:179} INFO - Processing /home/airflow/.local/lib/python3.8/site-packages/airflow/example_dags/example_short_circuit_decorator.py took 0.135 seconds
[2025-08-19T18:32:30.699+0000] {processor.py:157} INFO - Started process (PID=270) to work on /home/airflow/.local/lib/python3.8/site-packages/airflow/example_dags/example_short_circuit_decorator.py
[2025-08-19T18:32:30.702+0000] {processor.py:829} INFO - Processing file /home/airflow/.local/lib/python3.8/site-packages/airflow/example_dags/example_short_circuit_decorator.py for tasks to queue
[2025-08-19T18:32:30.712+0000] {logging_mixin.py:151} INFO - [2025-08-19T18:32:30.711+0000] {dagbag.py:536} INFO - Filling up the DagBag from /home/airflow/.local/lib/python3.8/site-packages/airflow/example_dags/example_short_circuit_decorator.py
[2025-08-19T18:32:30.742+0000] {processor.py:839} INFO - DAG(s) dict_keys(['example_short_circuit_decorator']) retrieved from /home/airflow/.local/lib/python3.8/site-packages/airflow/example_dags/example_short_circuit_decorator.py
[2025-08-19T18:32:30.806+0000] {logging_mixin.py:151} INFO - [2025-08-19T18:32:30.805+0000] {dag.py:2941} INFO - Sync 1 DAGs
[2025-08-19T18:32:30.842+0000] {logging_mixin.py:151} INFO - [2025-08-19T18:32:30.842+0000] {dag.py:3722} INFO - Setting next_dagrun for example_short_circuit_decorator to 2025-08-18T18:32:30.841854+00:00, run_after=2025-08-19T18:32:30.841854+00:00
[2025-08-19T18:32:30.881+0000] {processor.py:179} INFO - Processing /home/airflow/.local/lib/python3.8/site-packages/airflow/example_dags/example_short_circuit_decorator.py took 0.193 seconds
[2025-08-19T18:33:01.274+0000] {processor.py:157} INFO - Started process (PID=324) to work on /home/airflow/.local/lib/python3.8/site-packages/airflow/example_dags/example_short_circuit_decorator.py
[2025-08-19T18:33:01.277+0000] {processor.py:829} INFO - Processing file /home/airflow/.local/lib/python3.8/site-packages/airflow/example_dags/example_short_circuit_decorator.py for tasks to queue
[2025-08-19T18:33:01.284+0000] {logging_mixin.py:151} INFO - [2025-08-19T18:33:01.283+0000] {dagbag.py:536} INFO - Filling up the DagBag from /home/airflow/.local/lib/python3.8/site-packages/airflow/example_dags/example_short_circuit_decorator.py
[2025-08-19T18:33:01.310+0000] {processor.py:839} INFO - DAG(s) dict_keys(['example_short_circuit_decorator']) retrieved from /home/airflow/.local/lib/python3.8/site-packages/airflow/example_dags/example_short_circuit_decorator.py
[2025-08-19T18:33:01.373+0000] {logging_mixin.py:151} INFO - [2025-08-19T18:33:01.372+0000] {dag.py:2941} INFO - Sync 1 DAGs
[2025-08-19T18:33:01.430+0000] {logging_mixin.py:151} INFO - [2025-08-19T18:33:01.429+0000] {dag.py:3722} INFO - Setting next_dagrun for example_short_circuit_decorator to 2025-08-18T18:33:01.429274+00:00, run_after=2025-08-19T18:33:01.429274+00:00
[2025-08-19T18:33:01.487+0000] {processor.py:179} INFO - Processing /home/airflow/.local/lib/python3.8/site-packages/airflow/example_dags/example_short_circuit_decorator.py took 0.228 seconds
[2025-08-19T18:33:31.840+0000] {processor.py:157} INFO - Started process (PID=378) to work on /home/airflow/.local/lib/python3.8/site-packages/airflow/example_dags/example_short_circuit_decorator.py
[2025-08-19T18:33:31.842+0000] {processor.py:829} INFO - Processing file /home/airflow/.local/lib/python3.8/site-packages/airflow/example_dags/example_short_circuit_decorator.py for tasks to queue
[2025-08-19T18:33:31.846+0000] {logging_mixin.py:151} INFO - [2025-08-19T18:33:31.846+0000] {dagbag.py:536} INFO - Filling up the DagBag from /home/airflow/.local/lib/python3.8/site-packages/airflow/example_dags/example_short_circuit_decorator.py
[2025-08-19T18:33:31.862+0000] {processor.py:839} INFO - DAG(s) dict_keys(['example_short_circuit_decorator']) retrieved from /home/airflow/.local/lib/python3.8/site-packages/airflow/example_dags/example_short_circuit_decorator.py
[2025-08-19T18:33:31.901+0000] {logging_mixin.py:151} INFO - [2025-08-19T18:33:31.900+0000] {dag.py:2941} INFO - Sync 1 DAGs
[2025-08-19T18:33:31.933+0000] {logging_mixin.py:151} INFO - [2025-08-19T18:33:31.932+0000] {dag.py:3722} INFO - Setting next_dagrun for example_short_circuit_decorator to 2025-08-18T18:33:31.932488+00:00, run_after=2025-08-19T18:33:31.932488+00:00
[2025-08-19T18:33:31.965+0000] {processor.py:179} INFO - Processing /home/airflow/.local/lib/python3.8/site-packages/airflow/example_dags/example_short_circuit_decorator.py took 0.131 seconds
[2025-08-19T18:34:02.588+0000] {processor.py:157} INFO - Started process (PID=432) to work on /home/airflow/.local/lib/python3.8/site-packages/airflow/example_dags/example_short_circuit_decorator.py
[2025-08-19T18:34:02.590+0000] {processor.py:829} INFO - Processing file /home/airflow/.local/lib/python3.8/site-packages/airflow/example_dags/example_short_circuit_decorator.py for tasks to queue
[2025-08-19T18:34:02.595+0000] {logging_mixin.py:151} INFO - [2025-08-19T18:34:02.594+0000] {dagbag.py:536} INFO - Filling up the DagBag from /home/airflow/.local/lib/python3.8/site-packages/airflow/example_dags/example_short_circuit_decorator.py
[2025-08-19T18:34:02.619+0000] {processor.py:839} INFO - DAG(s) dict_keys(['example_short_circuit_decorator']) retrieved from /home/airflow/.local/lib/python3.8/site-packages/airflow/example_dags/example_short_circuit_decorator.py
[2025-08-19T18:34:02.679+0000] {logging_mixin.py:151} INFO - [2025-08-19T18:34:02.679+0000] {dag.py:2941} INFO - Sync 1 DAGs
[2025-08-19T18:34:02.739+0000] {logging_mixin.py:151} INFO - [2025-08-19T18:34:02.739+0000] {dag.py:3722} INFO - Setting next_dagrun for example_short_circuit_decorator to 2025-08-18T18:34:02.738965+00:00, run_after=2025-08-19T18:34:02.738965+00:00
[2025-08-19T18:34:02.784+0000] {processor.py:179} INFO - Processing /home/airflow/.local/lib/python3.8/site-packages/airflow/example_dags/example_short_circuit_decorator.py took 0.203 seconds
[2025-08-19T18:34:33.604+0000] {processor.py:157} INFO - Started process (PID=486) to work on /home/airflow/.local/lib/python3.8/site-packages/airflow/example_dags/example_short_circuit_decorator.py
[2025-08-19T18:34:33.606+0000] {processor.py:829} INFO - Processing file /home/airflow/.local/lib/python3.8/site-packages/airflow/example_dags/example_short_circuit_decorator.py for tasks to queue
[2025-08-19T18:34:33.610+0000] {logging_mixin.py:151} INFO - [2025-08-19T18:34:33.609+0000] {dagbag.py:536} INFO - Filling up the DagBag from /home/airflow/.local/lib/python3.8/site-packages/airflow/example_dags/example_short_circuit_decorator.py
[2025-08-19T18:34:33.632+0000] {processor.py:839} INFO - DAG(s) dict_keys(['example_short_circuit_decorator']) retrieved from /home/airflow/.local/lib/python3.8/site-packages/airflow/example_dags/example_short_circuit_decorator.py
[2025-08-19T18:34:33.684+0000] {logging_mixin.py:151} INFO - [2025-08-19T18:34:33.684+0000] {dag.py:2941} INFO - Sync 1 DAGs
[2025-08-19T18:34:33.732+0000] {logging_mixin.py:151} INFO - [2025-08-19T18:34:33.732+0000] {dag.py:3722} INFO - Setting next_dagrun for example_short_circuit_decorator to 2025-08-18T18:34:33.731655+00:00, run_after=2025-08-19T18:34:33.731655+00:00
[2025-08-19T18:34:33.767+0000] {processor.py:179} INFO - Processing /home/airflow/.local/lib/python3.8/site-packages/airflow/example_dags/example_short_circuit_decorator.py took 0.175 seconds
[2025-08-19T18:35:04.062+0000] {processor.py:157} INFO - Started process (PID=540) to work on /home/airflow/.local/lib/python3.8/site-packages/airflow/example_dags/example_short_circuit_decorator.py
[2025-08-19T18:35:04.067+0000] {processor.py:829} INFO - Processing file /home/airflow/.local/lib/python3.8/site-packages/airflow/example_dags/example_short_circuit_decorator.py for tasks to queue
[2025-08-19T18:35:04.071+0000] {logging_mixin.py:151} INFO - [2025-08-19T18:35:04.070+0000] {dagbag.py:536} INFO - Filling up the DagBag from /home/airflow/.local/lib/python3.8/site-packages/airflow/example_dags/example_short_circuit_decorator.py
[2025-08-19T18:35:04.088+0000] {processor.py:839} INFO - DAG(s) dict_keys(['example_short_circuit_decorator']) retrieved from /home/airflow/.local/lib/python3.8/site-packages/airflow/example_dags/example_short_circuit_decorator.py
[2025-08-19T18:35:04.127+0000] {logging_mixin.py:151} INFO - [2025-08-19T18:35:04.126+0000] {dag.py:2941} INFO - Sync 1 DAGs
[2025-08-19T18:35:04.162+0000] {logging_mixin.py:151} INFO - [2025-08-19T18:35:04.162+0000] {dag.py:3722} INFO - Setting next_dagrun for example_short_circuit_decorator to 2025-08-18T18:35:04.162217+00:00, run_after=2025-08-19T18:35:04.162217+00:00
[2025-08-19T18:35:04.207+0000] {processor.py:179} INFO - Processing /home/airflow/.local/lib/python3.8/site-packages/airflow/example_dags/example_short_circuit_decorator.py took 0.152 seconds
[2025-08-19T18:35:34.711+0000] {processor.py:157} INFO - Started process (PID=594) to work on /home/airflow/.local/lib/python3.8/site-packages/airflow/example_dags/example_short_circuit_decorator.py
[2025-08-19T18:35:34.719+0000] {processor.py:829} INFO - Processing file /home/airflow/.local/lib/python3.8/site-packages/airflow/example_dags/example_short_circuit_decorator.py for tasks to queue
[2025-08-19T18:35:34.724+0000] {logging_mixin.py:151} INFO - [2025-08-19T18:35:34.723+0000] {dagbag.py:536} INFO - Filling up the DagBag from /home/airflow/.local/lib/python3.8/site-packages/airflow/example_dags/example_short_circuit_decorator.py
[2025-08-19T18:35:34.743+0000] {processor.py:839} INFO - DAG(s) dict_keys(['example_short_circuit_decorator']) retrieved from /home/airflow/.local/lib/python3.8/site-packages/airflow/example_dags/example_short_circuit_decorator.py
[2025-08-19T18:35:34.792+0000] {logging_mixin.py:151} INFO - [2025-08-19T18:35:34.792+0000] {dag.py:2941} INFO - Sync 1 DAGs
[2025-08-19T18:35:34.847+0000] {logging_mixin.py:151} INFO - [2025-08-19T18:35:34.847+0000] {dag.py:3722} INFO - Setting next_dagrun for example_short_circuit_decorator to 2025-08-18T18:35:34.845771+00:00, run_after=2025-08-19T18:35:34.845771+00:00
[2025-08-19T18:35:34.895+0000] {processor.py:179} INFO - Processing /home/airflow/.local/lib/python3.8/site-packages/airflow/example_dags/example_short_circuit_decorator.py took 0.192 seconds
[2025-08-19T18:36:06.220+0000] {processor.py:157} INFO - Started process (PID=648) to work on /home/airflow/.local/lib/python3.8/site-packages/airflow/example_dags/example_short_circuit_decorator.py
[2025-08-19T18:36:06.222+0000] {processor.py:829} INFO - Processing file /home/airflow/.local/lib/python3.8/site-packages/airflow/example_dags/example_short_circuit_decorator.py for tasks to queue
[2025-08-19T18:36:06.225+0000] {logging_mixin.py:151} INFO - [2025-08-19T18:36:06.225+0000] {dagbag.py:536} INFO - Filling up the DagBag from /home/airflow/.local/lib/python3.8/site-packages/airflow/example_dags/example_short_circuit_decorator.py
[2025-08-19T18:36:06.241+0000] {processor.py:839} INFO - DAG(s) dict_keys(['example_short_circuit_decorator']) retrieved from /home/airflow/.local/lib/python3.8/site-packages/airflow/example_dags/example_short_circuit_decorator.py
[2025-08-19T18:36:06.303+0000] {logging_mixin.py:151} INFO - [2025-08-19T18:36:06.302+0000] {dag.py:2941} INFO - Sync 1 DAGs
[2025-08-19T18:36:06.345+0000] {logging_mixin.py:151} INFO - [2025-08-19T18:36:06.344+0000] {dag.py:3722} INFO - Setting next_dagrun for example_short_circuit_decorator to 2025-08-18T18:36:06.344525+00:00, run_after=2025-08-19T18:36:06.344525+00:00
[2025-08-19T18:36:06.389+0000] {processor.py:179} INFO - Processing /home/airflow/.local/lib/python3.8/site-packages/airflow/example_dags/example_short_circuit_decorator.py took 0.176 seconds
[2025-08-19T18:36:36.796+0000] {processor.py:157} INFO - Started process (PID=702) to work on /home/airflow/.local/lib/python3.8/site-packages/airflow/example_dags/example_short_circuit_decorator.py
[2025-08-19T18:36:36.797+0000] {processor.py:829} INFO - Processing file /home/airflow/.local/lib/python3.8/site-packages/airflow/example_dags/example_short_circuit_decorator.py for tasks to queue
[2025-08-19T18:36:36.801+0000] {logging_mixin.py:151} INFO - [2025-08-19T18:36:36.800+0000] {dagbag.py:536} INFO - Filling up the DagBag from /home/airflow/.local/lib/python3.8/site-packages/airflow/example_dags/example_short_circuit_decorator.py
[2025-08-19T18:36:36.814+0000] {processor.py:839} INFO - DAG(s) dict_keys(['example_short_circuit_decorator']) retrieved from /home/airflow/.local/lib/python3.8/site-packages/airflow/example_dags/example_short_circuit_decorator.py
[2025-08-19T18:36:36.852+0000] {logging_mixin.py:151} INFO - [2025-08-19T18:36:36.851+0000] {dag.py:2941} INFO - Sync 1 DAGs
[2025-08-19T18:36:36.880+0000] {logging_mixin.py:151} INFO - [2025-08-19T18:36:36.880+0000] {dag.py:3722} INFO - Setting next_dagrun for example_short_circuit_decorator to 2025-08-18T18:36:36.879947+00:00, run_after=2025-08-19T18:36:36.879947+00:00
[2025-08-19T18:36:36.910+0000] {processor.py:179} INFO - Processing /home/airflow/.local/lib/python3.8/site-packages/airflow/example_dags/example_short_circuit_decorator.py took 0.119 seconds
[2025-08-19T18:37:10.476+0000] {processor.py:157} INFO - Started process (PID=756) to work on /home/airflow/.local/lib/python3.8/site-packages/airflow/example_dags/example_short_circuit_decorator.py
[2025-08-19T18:37:10.477+0000] {processor.py:829} INFO - Processing file /home/airflow/.local/lib/python3.8/site-packages/airflow/example_dags/example_short_circuit_decorator.py for tasks to queue
[2025-08-19T18:37:10.481+0000] {logging_mixin.py:151} INFO - [2025-08-19T18:37:10.481+0000] {dagbag.py:536} INFO - Filling up the DagBag from /home/airflow/.local/lib/python3.8/site-packages/airflow/example_dags/example_short_circuit_decorator.py
[2025-08-19T18:37:10.498+0000] {processor.py:839} INFO - DAG(s) dict_keys(['example_short_circuit_decorator']) retrieved from /home/airflow/.local/lib/python3.8/site-packages/airflow/example_dags/example_short_circuit_decorator.py
[2025-08-19T18:37:10.544+0000] {logging_mixin.py:151} INFO - [2025-08-19T18:37:10.544+0000] {dag.py:2941} INFO - Sync 1 DAGs
[2025-08-19T18:37:10.580+0000] {logging_mixin.py:151} INFO - [2025-08-19T18:37:10.580+0000] {dag.py:3722} INFO - Setting next_dagrun for example_short_circuit_decorator to 2025-08-18T18:37:10.579828+00:00, run_after=2025-08-19T18:37:10.579828+00:00
[2025-08-19T18:37:10.622+0000] {processor.py:179} INFO - Processing /home/airflow/.local/lib/python3.8/site-packages/airflow/example_dags/example_short_circuit_decorator.py took 0.156 seconds
[2025-08-19T18:37:44.457+0000] {processor.py:157} INFO - Started process (PID=811) to work on /home/airflow/.local/lib/python3.8/site-packages/airflow/example_dags/example_short_circuit_decorator.py
[2025-08-19T18:37:44.461+0000] {processor.py:829} INFO - Processing file /home/airflow/.local/lib/python3.8/site-packages/airflow/example_dags/example_short_circuit_decorator.py for tasks to queue
[2025-08-19T18:37:44.478+0000] {logging_mixin.py:151} INFO - [2025-08-19T18:37:44.477+0000] {dagbag.py:536} INFO - Filling up the DagBag from /home/airflow/.local/lib/python3.8/site-packages/airflow/example_dags/example_short_circuit_decorator.py
[2025-08-19T18:37:44.519+0000] {processor.py:839} INFO - DAG(s) dict_keys(['example_short_circuit_decorator']) retrieved from /home/airflow/.local/lib/python3.8/site-packages/airflow/example_dags/example_short_circuit_decorator.py
[2025-08-19T18:37:44.589+0000] {logging_mixin.py:151} INFO - [2025-08-19T18:37:44.588+0000] {dag.py:2941} INFO - Sync 1 DAGs
[2025-08-19T18:37:44.635+0000] {logging_mixin.py:151} INFO - [2025-08-19T18:37:44.635+0000] {dag.py:3722} INFO - Setting next_dagrun for example_short_circuit_decorator to 2025-08-18T18:37:44.635066+00:00, run_after=2025-08-19T18:37:44.635066+00:00
[2025-08-19T18:37:44.673+0000] {processor.py:179} INFO - Processing /home/airflow/.local/lib/python3.8/site-packages/airflow/example_dags/example_short_circuit_decorator.py took 0.222 seconds
[2025-08-19T18:38:15.168+0000] {processor.py:157} INFO - Started process (PID=865) to work on /home/airflow/.local/lib/python3.8/site-packages/airflow/example_dags/example_short_circuit_decorator.py
[2025-08-19T18:38:15.171+0000] {processor.py:829} INFO - Processing file /home/airflow/.local/lib/python3.8/site-packages/airflow/example_dags/example_short_circuit_decorator.py for tasks to queue
[2025-08-19T18:38:15.174+0000] {logging_mixin.py:151} INFO - [2025-08-19T18:38:15.174+0000] {dagbag.py:536} INFO - Filling up the DagBag from /home/airflow/.local/lib/python3.8/site-packages/airflow/example_dags/example_short_circuit_decorator.py
[2025-08-19T18:38:15.189+0000] {processor.py:839} INFO - DAG(s) dict_keys(['example_short_circuit_decorator']) retrieved from /home/airflow/.local/lib/python3.8/site-packages/airflow/example_dags/example_short_circuit_decorator.py
[2025-08-19T18:38:15.225+0000] {logging_mixin.py:151} INFO - [2025-08-19T18:38:15.224+0000] {dag.py:2941} INFO - Sync 1 DAGs
[2025-08-19T18:38:15.255+0000] {logging_mixin.py:151} INFO - [2025-08-19T18:38:15.255+0000] {dag.py:3722} INFO - Setting next_dagrun for example_short_circuit_decorator to 2025-08-18T18:38:15.255063+00:00, run_after=2025-08-19T18:38:15.255063+00:00
[2025-08-19T18:38:15.287+0000] {processor.py:179} INFO - Processing /home/airflow/.local/lib/python3.8/site-packages/airflow/example_dags/example_short_circuit_decorator.py took 0.130 seconds
[2025-08-19T18:38:45.954+0000] {processor.py:157} INFO - Started process (PID=919) to work on /home/airflow/.local/lib/python3.8/site-packages/airflow/example_dags/example_short_circuit_decorator.py
[2025-08-19T18:38:45.956+0000] {processor.py:829} INFO - Processing file /home/airflow/.local/lib/python3.8/site-packages/airflow/example_dags/example_short_circuit_decorator.py for tasks to queue
[2025-08-19T18:38:45.959+0000] {logging_mixin.py:151} INFO - [2025-08-19T18:38:45.958+0000] {dagbag.py:536} INFO - Filling up the DagBag from /home/airflow/.local/lib/python3.8/site-packages/airflow/example_dags/example_short_circuit_decorator.py
[2025-08-19T18:38:45.968+0000] {processor.py:839} INFO - DAG(s) dict_keys(['example_short_circuit_decorator']) retrieved from /home/airflow/.local/lib/python3.8/site-packages/airflow/example_dags/example_short_circuit_decorator.py
[2025-08-19T18:38:46.003+0000] {logging_mixin.py:151} INFO - [2025-08-19T18:38:46.003+0000] {dag.py:2941} INFO - Sync 1 DAGs
[2025-08-19T18:38:46.028+0000] {logging_mixin.py:151} INFO - [2025-08-19T18:38:46.028+0000] {dag.py:3722} INFO - Setting next_dagrun for example_short_circuit_decorator to 2025-08-18T18:38:46.028325+00:00, run_after=2025-08-19T18:38:46.028325+00:00
[2025-08-19T18:38:46.058+0000] {processor.py:179} INFO - Processing /home/airflow/.local/lib/python3.8/site-packages/airflow/example_dags/example_short_circuit_decorator.py took 0.109 seconds
[2025-08-19T18:39:16.671+0000] {processor.py:157} INFO - Started process (PID=973) to work on /home/airflow/.local/lib/python3.8/site-packages/airflow/example_dags/example_short_circuit_decorator.py
[2025-08-19T18:39:16.673+0000] {processor.py:829} INFO - Processing file /home/airflow/.local/lib/python3.8/site-packages/airflow/example_dags/example_short_circuit_decorator.py for tasks to queue
[2025-08-19T18:39:16.675+0000] {logging_mixin.py:151} INFO - [2025-08-19T18:39:16.675+0000] {dagbag.py:536} INFO - Filling up the DagBag from /home/airflow/.local/lib/python3.8/site-packages/airflow/example_dags/example_short_circuit_decorator.py
[2025-08-19T18:39:16.684+0000] {processor.py:839} INFO - DAG(s) dict_keys(['example_short_circuit_decorator']) retrieved from /home/airflow/.local/lib/python3.8/site-packages/airflow/example_dags/example_short_circuit_decorator.py
[2025-08-19T18:39:16.712+0000] {logging_mixin.py:151} INFO - [2025-08-19T18:39:16.711+0000] {dag.py:2941} INFO - Sync 1 DAGs
[2025-08-19T18:39:16.734+0000] {logging_mixin.py:151} INFO - [2025-08-19T18:39:16.734+0000] {dag.py:3722} INFO - Setting next_dagrun for example_short_circuit_decorator to 2025-08-18T18:39:16.734155+00:00, run_after=2025-08-19T18:39:16.734155+00:00
[2025-08-19T18:39:16.756+0000] {processor.py:179} INFO - Processing /home/airflow/.local/lib/python3.8/site-packages/airflow/example_dags/example_short_circuit_decorator.py took 0.090 seconds
