[2025-08-19T18:23:13.090+0000] {processor.py:157} INFO - Started process (PID=126) to work on /home/airflow/.local/lib/python3.8/site-packages/airflow/example_dags/example_branch_day_of_week_operator.py
[2025-08-19T18:23:13.092+0000] {processor.py:829} INFO - Processing file /home/airflow/.local/lib/python3.8/site-packages/airflow/example_dags/example_branch_day_of_week_operator.py for tasks to queue
[2025-08-19T18:23:13.146+0000] {logging_mixin.py:151} INFO - [2025-08-19T18:23:13.145+0000] {dagbag.py:536} INFO - Filling up the DagBag from /home/airflow/.local/lib/python3.8/site-packages/airflow/example_dags/example_branch_day_of_week_operator.py
[2025-08-19T18:23:13.229+0000] {processor.py:839} INFO - DAG(s) dict_keys(['example_weekday_branch_operator']) retrieved from /home/airflow/.local/lib/python3.8/site-packages/airflow/example_dags/example_branch_day_of_week_operator.py
[2025-08-19T18:23:13.403+0000] {logging_mixin.py:151} INFO - [2025-08-19T18:23:13.402+0000] {dag.py:2941} INFO - Sync 1 DAGs
[2025-08-19T18:23:13.727+0000] {logging_mixin.py:151} INFO - [2025-08-19T18:23:13.727+0000] {dag.py:3722} INFO - Setting next_dagrun for example_weekday_branch_operator to 2025-08-18T00:00:00+00:00, run_after=2025-08-19T00:00:00+00:00
[2025-08-19T18:23:13.874+0000] {processor.py:179} INFO - Processing /home/airflow/.local/lib/python3.8/site-packages/airflow/example_dags/example_branch_day_of_week_operator.py took 0.808 seconds
[2025-08-19T18:23:44.374+0000] {processor.py:157} INFO - Started process (PID=180) to work on /home/airflow/.local/lib/python3.8/site-packages/airflow/example_dags/example_branch_day_of_week_operator.py
[2025-08-19T18:23:44.377+0000] {processor.py:829} INFO - Processing file /home/airflow/.local/lib/python3.8/site-packages/airflow/example_dags/example_branch_day_of_week_operator.py for tasks to queue
[2025-08-19T18:23:44.381+0000] {logging_mixin.py:151} INFO - [2025-08-19T18:23:44.380+0000] {dagbag.py:536} INFO - Filling up the DagBag from /home/airflow/.local/lib/python3.8/site-packages/airflow/example_dags/example_branch_day_of_week_operator.py
[2025-08-19T18:23:44.395+0000] {processor.py:839} INFO - DAG(s) dict_keys(['example_weekday_branch_operator']) retrieved from /home/airflow/.local/lib/python3.8/site-packages/airflow/example_dags/example_branch_day_of_week_operator.py
[2025-08-19T18:23:44.544+0000] {logging_mixin.py:151} INFO - [2025-08-19T18:23:44.543+0000] {dag.py:2941} INFO - Sync 1 DAGs
[2025-08-19T18:23:44.765+0000] {logging_mixin.py:151} INFO - [2025-08-19T18:23:44.764+0000] {dag.py:3722} INFO - Setting next_dagrun for example_weekday_branch_operator to 2025-08-18T00:00:00+00:00, run_after=2025-08-19T00:00:00+00:00
[2025-08-19T18:23:44.916+0000] {processor.py:179} INFO - Processing /home/airflow/.local/lib/python3.8/site-packages/airflow/example_dags/example_branch_day_of_week_operator.py took 0.549 seconds
[2025-08-19T18:24:15.618+0000] {processor.py:157} INFO - Started process (PID=234) to work on /home/airflow/.local/lib/python3.8/site-packages/airflow/example_dags/example_branch_day_of_week_operator.py
[2025-08-19T18:24:15.620+0000] {processor.py:829} INFO - Processing file /home/airflow/.local/lib/python3.8/site-packages/airflow/example_dags/example_branch_day_of_week_operator.py for tasks to queue
[2025-08-19T18:24:15.624+0000] {logging_mixin.py:151} INFO - [2025-08-19T18:24:15.624+0000] {dagbag.py:536} INFO - Filling up the DagBag from /home/airflow/.local/lib/python3.8/site-packages/airflow/example_dags/example_branch_day_of_week_operator.py
[2025-08-19T18:24:15.633+0000] {processor.py:839} INFO - DAG(s) dict_keys(['example_weekday_branch_operator']) retrieved from /home/airflow/.local/lib/python3.8/site-packages/airflow/example_dags/example_branch_day_of_week_operator.py
[2025-08-19T18:24:15.660+0000] {logging_mixin.py:151} INFO - [2025-08-19T18:24:15.659+0000] {dag.py:2941} INFO - Sync 1 DAGs
[2025-08-19T18:24:15.692+0000] {logging_mixin.py:151} INFO - [2025-08-19T18:24:15.692+0000] {dag.py:3722} INFO - Setting next_dagrun for example_weekday_branch_operator to 2025-08-18T00:00:00+00:00, run_after=2025-08-19T00:00:00+00:00
[2025-08-19T18:24:15.719+0000] {processor.py:179} INFO - Processing /home/airflow/.local/lib/python3.8/site-packages/airflow/example_dags/example_branch_day_of_week_operator.py took 0.106 seconds
[2025-08-19T18:24:46.984+0000] {processor.py:157} INFO - Started process (PID=288) to work on /home/airflow/.local/lib/python3.8/site-packages/airflow/example_dags/example_branch_day_of_week_operator.py
[2025-08-19T18:24:46.991+0000] {processor.py:829} INFO - Processing file /home/airflow/.local/lib/python3.8/site-packages/airflow/example_dags/example_branch_day_of_week_operator.py for tasks to queue
[2025-08-19T18:24:47.001+0000] {logging_mixin.py:151} INFO - [2025-08-19T18:24:46.995+0000] {dagbag.py:536} INFO - Filling up the DagBag from /home/airflow/.local/lib/python3.8/site-packages/airflow/example_dags/example_branch_day_of_week_operator.py
[2025-08-19T18:24:47.029+0000] {processor.py:839} INFO - DAG(s) dict_keys(['example_weekday_branch_operator']) retrieved from /home/airflow/.local/lib/python3.8/site-packages/airflow/example_dags/example_branch_day_of_week_operator.py
[2025-08-19T18:24:47.110+0000] {logging_mixin.py:151} INFO - [2025-08-19T18:24:47.108+0000] {dag.py:2941} INFO - Sync 1 DAGs
[2025-08-19T18:24:47.242+0000] {logging_mixin.py:151} INFO - [2025-08-19T18:24:47.240+0000] {dag.py:3722} INFO - Setting next_dagrun for example_weekday_branch_operator to 2025-08-18T00:00:00+00:00, run_after=2025-08-19T00:00:00+00:00
[2025-08-19T18:24:47.308+0000] {processor.py:179} INFO - Processing /home/airflow/.local/lib/python3.8/site-packages/airflow/example_dags/example_branch_day_of_week_operator.py took 0.336 seconds
[2025-08-19T18:25:17.982+0000] {processor.py:157} INFO - Started process (PID=342) to work on /home/airflow/.local/lib/python3.8/site-packages/airflow/example_dags/example_branch_day_of_week_operator.py
[2025-08-19T18:25:17.985+0000] {processor.py:829} INFO - Processing file /home/airflow/.local/lib/python3.8/site-packages/airflow/example_dags/example_branch_day_of_week_operator.py for tasks to queue
[2025-08-19T18:25:17.992+0000] {logging_mixin.py:151} INFO - [2025-08-19T18:25:17.991+0000] {dagbag.py:536} INFO - Filling up the DagBag from /home/airflow/.local/lib/python3.8/site-packages/airflow/example_dags/example_branch_day_of_week_operator.py
[2025-08-19T18:25:18.021+0000] {processor.py:839} INFO - DAG(s) dict_keys(['example_weekday_branch_operator']) retrieved from /home/airflow/.local/lib/python3.8/site-packages/airflow/example_dags/example_branch_day_of_week_operator.py
[2025-08-19T18:25:18.089+0000] {logging_mixin.py:151} INFO - [2025-08-19T18:25:18.088+0000] {dag.py:2941} INFO - Sync 1 DAGs
[2025-08-19T18:25:18.175+0000] {logging_mixin.py:151} INFO - [2025-08-19T18:25:18.174+0000] {dag.py:3722} INFO - Setting next_dagrun for example_weekday_branch_operator to 2025-08-18T00:00:00+00:00, run_after=2025-08-19T00:00:00+00:00
[2025-08-19T18:25:18.226+0000] {processor.py:179} INFO - Processing /home/airflow/.local/lib/python3.8/site-packages/airflow/example_dags/example_branch_day_of_week_operator.py took 0.257 seconds
[2025-08-19T18:25:48.800+0000] {processor.py:157} INFO - Started process (PID=396) to work on /home/airflow/.local/lib/python3.8/site-packages/airflow/example_dags/example_branch_day_of_week_operator.py
[2025-08-19T18:25:48.802+0000] {processor.py:829} INFO - Processing file /home/airflow/.local/lib/python3.8/site-packages/airflow/example_dags/example_branch_day_of_week_operator.py for tasks to queue
[2025-08-19T18:25:48.815+0000] {logging_mixin.py:151} INFO - [2025-08-19T18:25:48.814+0000] {dagbag.py:536} INFO - Filling up the DagBag from /home/airflow/.local/lib/python3.8/site-packages/airflow/example_dags/example_branch_day_of_week_operator.py
[2025-08-19T18:25:48.837+0000] {processor.py:839} INFO - DAG(s) dict_keys(['example_weekday_branch_operator']) retrieved from /home/airflow/.local/lib/python3.8/site-packages/airflow/example_dags/example_branch_day_of_week_operator.py
[2025-08-19T18:25:48.939+0000] {logging_mixin.py:151} INFO - [2025-08-19T18:25:48.938+0000] {dag.py:2941} INFO - Sync 1 DAGs
[2025-08-19T18:25:49.006+0000] {logging_mixin.py:151} INFO - [2025-08-19T18:25:49.005+0000] {dag.py:3722} INFO - Setting next_dagrun for example_weekday_branch_operator to 2025-08-18T00:00:00+00:00, run_after=2025-08-19T00:00:00+00:00
[2025-08-19T18:25:49.057+0000] {processor.py:179} INFO - Processing /home/airflow/.local/lib/python3.8/site-packages/airflow/example_dags/example_branch_day_of_week_operator.py took 0.268 seconds
[2025-08-19T18:26:23.640+0000] {processor.py:157} INFO - Started process (PID=451) to work on /home/airflow/.local/lib/python3.8/site-packages/airflow/example_dags/example_branch_day_of_week_operator.py
[2025-08-19T18:26:23.644+0000] {processor.py:829} INFO - Processing file /home/airflow/.local/lib/python3.8/site-packages/airflow/example_dags/example_branch_day_of_week_operator.py for tasks to queue
[2025-08-19T18:26:23.654+0000] {logging_mixin.py:151} INFO - [2025-08-19T18:26:23.651+0000] {dagbag.py:536} INFO - Filling up the DagBag from /home/airflow/.local/lib/python3.8/site-packages/airflow/example_dags/example_branch_day_of_week_operator.py
[2025-08-19T18:26:23.697+0000] {processor.py:839} INFO - DAG(s) dict_keys(['example_weekday_branch_operator']) retrieved from /home/airflow/.local/lib/python3.8/site-packages/airflow/example_dags/example_branch_day_of_week_operator.py
[2025-08-19T18:26:23.776+0000] {logging_mixin.py:151} INFO - [2025-08-19T18:26:23.775+0000] {dag.py:2941} INFO - Sync 1 DAGs
[2025-08-19T18:26:23.857+0000] {logging_mixin.py:151} INFO - [2025-08-19T18:26:23.856+0000] {dag.py:3722} INFO - Setting next_dagrun for example_weekday_branch_operator to 2025-08-18T00:00:00+00:00, run_after=2025-08-19T00:00:00+00:00
[2025-08-19T18:26:23.929+0000] {processor.py:179} INFO - Processing /home/airflow/.local/lib/python3.8/site-packages/airflow/example_dags/example_branch_day_of_week_operator.py took 0.306 seconds
[2025-08-19T18:26:54.060+0000] {processor.py:157} INFO - Started process (PID=505) to work on /home/airflow/.local/lib/python3.8/site-packages/airflow/example_dags/example_branch_day_of_week_operator.py
[2025-08-19T18:26:54.062+0000] {processor.py:829} INFO - Processing file /home/airflow/.local/lib/python3.8/site-packages/airflow/example_dags/example_branch_day_of_week_operator.py for tasks to queue
[2025-08-19T18:26:54.074+0000] {logging_mixin.py:151} INFO - [2025-08-19T18:26:54.073+0000] {dagbag.py:536} INFO - Filling up the DagBag from /home/airflow/.local/lib/python3.8/site-packages/airflow/example_dags/example_branch_day_of_week_operator.py
[2025-08-19T18:26:54.114+0000] {processor.py:839} INFO - DAG(s) dict_keys(['example_weekday_branch_operator']) retrieved from /home/airflow/.local/lib/python3.8/site-packages/airflow/example_dags/example_branch_day_of_week_operator.py
[2025-08-19T18:26:54.186+0000] {logging_mixin.py:151} INFO - [2025-08-19T18:26:54.185+0000] {dag.py:2941} INFO - Sync 1 DAGs
[2025-08-19T18:26:54.237+0000] {logging_mixin.py:151} INFO - [2025-08-19T18:26:54.237+0000] {dag.py:3722} INFO - Setting next_dagrun for example_weekday_branch_operator to 2025-08-18T00:00:00+00:00, run_after=2025-08-19T00:00:00+00:00
[2025-08-19T18:26:54.286+0000] {processor.py:179} INFO - Processing /home/airflow/.local/lib/python3.8/site-packages/airflow/example_dags/example_branch_day_of_week_operator.py took 0.240 seconds
[2025-08-19T18:27:25.094+0000] {processor.py:157} INFO - Started process (PID=559) to work on /home/airflow/.local/lib/python3.8/site-packages/airflow/example_dags/example_branch_day_of_week_operator.py
[2025-08-19T18:27:25.096+0000] {processor.py:829} INFO - Processing file /home/airflow/.local/lib/python3.8/site-packages/airflow/example_dags/example_branch_day_of_week_operator.py for tasks to queue
[2025-08-19T18:27:25.099+0000] {logging_mixin.py:151} INFO - [2025-08-19T18:27:25.099+0000] {dagbag.py:536} INFO - Filling up the DagBag from /home/airflow/.local/lib/python3.8/site-packages/airflow/example_dags/example_branch_day_of_week_operator.py
[2025-08-19T18:27:25.114+0000] {processor.py:839} INFO - DAG(s) dict_keys(['example_weekday_branch_operator']) retrieved from /home/airflow/.local/lib/python3.8/site-packages/airflow/example_dags/example_branch_day_of_week_operator.py
[2025-08-19T18:27:25.158+0000] {logging_mixin.py:151} INFO - [2025-08-19T18:27:25.157+0000] {dag.py:2941} INFO - Sync 1 DAGs
[2025-08-19T18:27:25.203+0000] {logging_mixin.py:151} INFO - [2025-08-19T18:27:25.202+0000] {dag.py:3722} INFO - Setting next_dagrun for example_weekday_branch_operator to 2025-08-18T00:00:00+00:00, run_after=2025-08-19T00:00:00+00:00
[2025-08-19T18:27:25.242+0000] {processor.py:179} INFO - Processing /home/airflow/.local/lib/python3.8/site-packages/airflow/example_dags/example_branch_day_of_week_operator.py took 0.152 seconds
[2025-08-19T18:27:55.548+0000] {processor.py:157} INFO - Started process (PID=613) to work on /home/airflow/.local/lib/python3.8/site-packages/airflow/example_dags/example_branch_day_of_week_operator.py
[2025-08-19T18:27:55.549+0000] {processor.py:829} INFO - Processing file /home/airflow/.local/lib/python3.8/site-packages/airflow/example_dags/example_branch_day_of_week_operator.py for tasks to queue
[2025-08-19T18:27:55.552+0000] {logging_mixin.py:151} INFO - [2025-08-19T18:27:55.552+0000] {dagbag.py:536} INFO - Filling up the DagBag from /home/airflow/.local/lib/python3.8/site-packages/airflow/example_dags/example_branch_day_of_week_operator.py
[2025-08-19T18:27:55.559+0000] {processor.py:839} INFO - DAG(s) dict_keys(['example_weekday_branch_operator']) retrieved from /home/airflow/.local/lib/python3.8/site-packages/airflow/example_dags/example_branch_day_of_week_operator.py
[2025-08-19T18:27:55.583+0000] {logging_mixin.py:151} INFO - [2025-08-19T18:27:55.583+0000] {dag.py:2941} INFO - Sync 1 DAGs
[2025-08-19T18:27:55.610+0000] {logging_mixin.py:151} INFO - [2025-08-19T18:27:55.610+0000] {dag.py:3722} INFO - Setting next_dagrun for example_weekday_branch_operator to 2025-08-18T00:00:00+00:00, run_after=2025-08-19T00:00:00+00:00
[2025-08-19T18:27:55.635+0000] {processor.py:179} INFO - Processing /home/airflow/.local/lib/python3.8/site-packages/airflow/example_dags/example_branch_day_of_week_operator.py took 0.090 seconds
[2025-08-19T18:28:26.157+0000] {processor.py:157} INFO - Started process (PID=667) to work on /home/airflow/.local/lib/python3.8/site-packages/airflow/example_dags/example_branch_day_of_week_operator.py
[2025-08-19T18:28:26.170+0000] {processor.py:829} INFO - Processing file /home/airflow/.local/lib/python3.8/site-packages/airflow/example_dags/example_branch_day_of_week_operator.py for tasks to queue
[2025-08-19T18:28:26.187+0000] {logging_mixin.py:151} INFO - [2025-08-19T18:28:26.186+0000] {dagbag.py:536} INFO - Filling up the DagBag from /home/airflow/.local/lib/python3.8/site-packages/airflow/example_dags/example_branch_day_of_week_operator.py
[2025-08-19T18:28:26.226+0000] {processor.py:839} INFO - DAG(s) dict_keys(['example_weekday_branch_operator']) retrieved from /home/airflow/.local/lib/python3.8/site-packages/airflow/example_dags/example_branch_day_of_week_operator.py
[2025-08-19T18:28:26.296+0000] {logging_mixin.py:151} INFO - [2025-08-19T18:28:26.295+0000] {dag.py:2941} INFO - Sync 1 DAGs
[2025-08-19T18:28:26.378+0000] {logging_mixin.py:151} INFO - [2025-08-19T18:28:26.378+0000] {dag.py:3722} INFO - Setting next_dagrun for example_weekday_branch_operator to 2025-08-18T00:00:00+00:00, run_after=2025-08-19T00:00:00+00:00
[2025-08-19T18:28:26.428+0000] {processor.py:179} INFO - Processing /home/airflow/.local/lib/python3.8/site-packages/airflow/example_dags/example_branch_day_of_week_operator.py took 0.280 seconds
[2025-08-19T18:28:57.767+0000] {processor.py:157} INFO - Started process (PID=721) to work on /home/airflow/.local/lib/python3.8/site-packages/airflow/example_dags/example_branch_day_of_week_operator.py
[2025-08-19T18:28:57.769+0000] {processor.py:829} INFO - Processing file /home/airflow/.local/lib/python3.8/site-packages/airflow/example_dags/example_branch_day_of_week_operator.py for tasks to queue
[2025-08-19T18:28:57.772+0000] {logging_mixin.py:151} INFO - [2025-08-19T18:28:57.772+0000] {dagbag.py:536} INFO - Filling up the DagBag from /home/airflow/.local/lib/python3.8/site-packages/airflow/example_dags/example_branch_day_of_week_operator.py
[2025-08-19T18:28:57.798+0000] {processor.py:839} INFO - DAG(s) dict_keys(['example_weekday_branch_operator']) retrieved from /home/airflow/.local/lib/python3.8/site-packages/airflow/example_dags/example_branch_day_of_week_operator.py
[2025-08-19T18:28:57.886+0000] {logging_mixin.py:151} INFO - [2025-08-19T18:28:57.885+0000] {dag.py:2941} INFO - Sync 1 DAGs
[2025-08-19T18:28:57.971+0000] {logging_mixin.py:151} INFO - [2025-08-19T18:28:57.971+0000] {dag.py:3722} INFO - Setting next_dagrun for example_weekday_branch_operator to 2025-08-18T00:00:00+00:00, run_after=2025-08-19T00:00:00+00:00
[2025-08-19T18:28:58.004+0000] {processor.py:179} INFO - Processing /home/airflow/.local/lib/python3.8/site-packages/airflow/example_dags/example_branch_day_of_week_operator.py took 0.243 seconds
[2025-08-19T18:29:28.347+0000] {processor.py:157} INFO - Started process (PID=766) to work on /home/airflow/.local/lib/python3.8/site-packages/airflow/example_dags/example_branch_day_of_week_operator.py
[2025-08-19T18:29:28.348+0000] {processor.py:829} INFO - Processing file /home/airflow/.local/lib/python3.8/site-packages/airflow/example_dags/example_branch_day_of_week_operator.py for tasks to queue
[2025-08-19T18:29:28.351+0000] {logging_mixin.py:151} INFO - [2025-08-19T18:29:28.351+0000] {dagbag.py:536} INFO - Filling up the DagBag from /home/airflow/.local/lib/python3.8/site-packages/airflow/example_dags/example_branch_day_of_week_operator.py
[2025-08-19T18:29:28.364+0000] {processor.py:839} INFO - DAG(s) dict_keys(['example_weekday_branch_operator']) retrieved from /home/airflow/.local/lib/python3.8/site-packages/airflow/example_dags/example_branch_day_of_week_operator.py
[2025-08-19T18:29:28.394+0000] {logging_mixin.py:151} INFO - [2025-08-19T18:29:28.394+0000] {dag.py:2941} INFO - Sync 1 DAGs
[2025-08-19T18:29:28.425+0000] {logging_mixin.py:151} INFO - [2025-08-19T18:29:28.425+0000] {dag.py:3722} INFO - Setting next_dagrun for example_weekday_branch_operator to 2025-08-18T00:00:00+00:00, run_after=2025-08-19T00:00:00+00:00
[2025-08-19T18:29:28.464+0000] {processor.py:179} INFO - Processing /home/airflow/.local/lib/python3.8/site-packages/airflow/example_dags/example_branch_day_of_week_operator.py took 0.123 seconds
[2025-08-19T18:29:59.435+0000] {processor.py:157} INFO - Started process (PID=820) to work on /home/airflow/.local/lib/python3.8/site-packages/airflow/example_dags/example_branch_day_of_week_operator.py
[2025-08-19T18:29:59.437+0000] {processor.py:829} INFO - Processing file /home/airflow/.local/lib/python3.8/site-packages/airflow/example_dags/example_branch_day_of_week_operator.py for tasks to queue
[2025-08-19T18:29:59.441+0000] {logging_mixin.py:151} INFO - [2025-08-19T18:29:59.441+0000] {dagbag.py:536} INFO - Filling up the DagBag from /home/airflow/.local/lib/python3.8/site-packages/airflow/example_dags/example_branch_day_of_week_operator.py
[2025-08-19T18:29:59.454+0000] {processor.py:839} INFO - DAG(s) dict_keys(['example_weekday_branch_operator']) retrieved from /home/airflow/.local/lib/python3.8/site-packages/airflow/example_dags/example_branch_day_of_week_operator.py
[2025-08-19T18:29:59.512+0000] {logging_mixin.py:151} INFO - [2025-08-19T18:29:59.512+0000] {dag.py:2941} INFO - Sync 1 DAGs
[2025-08-19T18:29:59.560+0000] {logging_mixin.py:151} INFO - [2025-08-19T18:29:59.560+0000] {dag.py:3722} INFO - Setting next_dagrun for example_weekday_branch_operator to 2025-08-18T00:00:00+00:00, run_after=2025-08-19T00:00:00+00:00
[2025-08-19T18:29:59.864+0000] {processor.py:179} INFO - Processing /home/airflow/.local/lib/python3.8/site-packages/airflow/example_dags/example_branch_day_of_week_operator.py took 0.438 seconds
[2025-08-19T18:30:59.163+0000] {processor.py:157} INFO - Started process (PID=117) to work on /home/airflow/.local/lib/python3.8/site-packages/airflow/example_dags/example_branch_day_of_week_operator.py
[2025-08-19T18:30:59.168+0000] {processor.py:829} INFO - Processing file /home/airflow/.local/lib/python3.8/site-packages/airflow/example_dags/example_branch_day_of_week_operator.py for tasks to queue
[2025-08-19T18:30:59.173+0000] {logging_mixin.py:151} INFO - [2025-08-19T18:30:59.172+0000] {dagbag.py:536} INFO - Filling up the DagBag from /home/airflow/.local/lib/python3.8/site-packages/airflow/example_dags/example_branch_day_of_week_operator.py
[2025-08-19T18:30:59.206+0000] {processor.py:839} INFO - DAG(s) dict_keys(['example_weekday_branch_operator']) retrieved from /home/airflow/.local/lib/python3.8/site-packages/airflow/example_dags/example_branch_day_of_week_operator.py
[2025-08-19T18:30:59.292+0000] {logging_mixin.py:151} INFO - [2025-08-19T18:30:59.291+0000] {dag.py:2941} INFO - Sync 1 DAGs
[2025-08-19T18:30:59.360+0000] {logging_mixin.py:151} INFO - [2025-08-19T18:30:59.360+0000] {dag.py:3722} INFO - Setting next_dagrun for example_weekday_branch_operator to 2025-08-18T00:00:00+00:00, run_after=2025-08-19T00:00:00+00:00
[2025-08-19T18:30:59.426+0000] {processor.py:179} INFO - Processing /home/airflow/.local/lib/python3.8/site-packages/airflow/example_dags/example_branch_day_of_week_operator.py took 0.271 seconds
[2025-08-19T18:31:29.827+0000] {processor.py:157} INFO - Started process (PID=172) to work on /home/airflow/.local/lib/python3.8/site-packages/airflow/example_dags/example_branch_day_of_week_operator.py
[2025-08-19T18:31:29.829+0000] {processor.py:829} INFO - Processing file /home/airflow/.local/lib/python3.8/site-packages/airflow/example_dags/example_branch_day_of_week_operator.py for tasks to queue
[2025-08-19T18:31:29.833+0000] {logging_mixin.py:151} INFO - [2025-08-19T18:31:29.833+0000] {dagbag.py:536} INFO - Filling up the DagBag from /home/airflow/.local/lib/python3.8/site-packages/airflow/example_dags/example_branch_day_of_week_operator.py
[2025-08-19T18:31:29.846+0000] {processor.py:839} INFO - DAG(s) dict_keys(['example_weekday_branch_operator']) retrieved from /home/airflow/.local/lib/python3.8/site-packages/airflow/example_dags/example_branch_day_of_week_operator.py
[2025-08-19T18:31:29.884+0000] {logging_mixin.py:151} INFO - [2025-08-19T18:31:29.884+0000] {dag.py:2941} INFO - Sync 1 DAGs
[2025-08-19T18:31:29.926+0000] {logging_mixin.py:151} INFO - [2025-08-19T18:31:29.926+0000] {dag.py:3722} INFO - Setting next_dagrun for example_weekday_branch_operator to 2025-08-18T00:00:00+00:00, run_after=2025-08-19T00:00:00+00:00
[2025-08-19T18:31:29.965+0000] {processor.py:179} INFO - Processing /home/airflow/.local/lib/python3.8/site-packages/airflow/example_dags/example_branch_day_of_week_operator.py took 0.144 seconds
[2025-08-19T18:32:00.167+0000] {processor.py:157} INFO - Started process (PID=226) to work on /home/airflow/.local/lib/python3.8/site-packages/airflow/example_dags/example_branch_day_of_week_operator.py
[2025-08-19T18:32:00.170+0000] {processor.py:829} INFO - Processing file /home/airflow/.local/lib/python3.8/site-packages/airflow/example_dags/example_branch_day_of_week_operator.py for tasks to queue
[2025-08-19T18:32:00.174+0000] {logging_mixin.py:151} INFO - [2025-08-19T18:32:00.173+0000] {dagbag.py:536} INFO - Filling up the DagBag from /home/airflow/.local/lib/python3.8/site-packages/airflow/example_dags/example_branch_day_of_week_operator.py
[2025-08-19T18:32:00.188+0000] {processor.py:839} INFO - DAG(s) dict_keys(['example_weekday_branch_operator']) retrieved from /home/airflow/.local/lib/python3.8/site-packages/airflow/example_dags/example_branch_day_of_week_operator.py
[2025-08-19T18:32:00.231+0000] {logging_mixin.py:151} INFO - [2025-08-19T18:32:00.231+0000] {dag.py:2941} INFO - Sync 1 DAGs
[2025-08-19T18:32:00.268+0000] {logging_mixin.py:151} INFO - [2025-08-19T18:32:00.268+0000] {dag.py:3722} INFO - Setting next_dagrun for example_weekday_branch_operator to 2025-08-18T00:00:00+00:00, run_after=2025-08-19T00:00:00+00:00
[2025-08-19T18:32:00.307+0000] {processor.py:179} INFO - Processing /home/airflow/.local/lib/python3.8/site-packages/airflow/example_dags/example_branch_day_of_week_operator.py took 0.151 seconds
[2025-08-19T18:32:30.969+0000] {processor.py:157} INFO - Started process (PID=280) to work on /home/airflow/.local/lib/python3.8/site-packages/airflow/example_dags/example_branch_day_of_week_operator.py
[2025-08-19T18:32:30.970+0000] {processor.py:829} INFO - Processing file /home/airflow/.local/lib/python3.8/site-packages/airflow/example_dags/example_branch_day_of_week_operator.py for tasks to queue
[2025-08-19T18:32:30.975+0000] {logging_mixin.py:151} INFO - [2025-08-19T18:32:30.974+0000] {dagbag.py:536} INFO - Filling up the DagBag from /home/airflow/.local/lib/python3.8/site-packages/airflow/example_dags/example_branch_day_of_week_operator.py
[2025-08-19T18:32:30.995+0000] {processor.py:839} INFO - DAG(s) dict_keys(['example_weekday_branch_operator']) retrieved from /home/airflow/.local/lib/python3.8/site-packages/airflow/example_dags/example_branch_day_of_week_operator.py
[2025-08-19T18:32:31.039+0000] {logging_mixin.py:151} INFO - [2025-08-19T18:32:31.038+0000] {dag.py:2941} INFO - Sync 1 DAGs
[2025-08-19T18:32:31.077+0000] {logging_mixin.py:151} INFO - [2025-08-19T18:32:31.076+0000] {dag.py:3722} INFO - Setting next_dagrun for example_weekday_branch_operator to 2025-08-18T00:00:00+00:00, run_after=2025-08-19T00:00:00+00:00
[2025-08-19T18:32:31.107+0000] {processor.py:179} INFO - Processing /home/airflow/.local/lib/python3.8/site-packages/airflow/example_dags/example_branch_day_of_week_operator.py took 0.144 seconds
[2025-08-19T18:33:01.596+0000] {processor.py:157} INFO - Started process (PID=327) to work on /home/airflow/.local/lib/python3.8/site-packages/airflow/example_dags/example_branch_day_of_week_operator.py
[2025-08-19T18:33:01.598+0000] {processor.py:829} INFO - Processing file /home/airflow/.local/lib/python3.8/site-packages/airflow/example_dags/example_branch_day_of_week_operator.py for tasks to queue
[2025-08-19T18:33:01.604+0000] {logging_mixin.py:151} INFO - [2025-08-19T18:33:01.603+0000] {dagbag.py:536} INFO - Filling up the DagBag from /home/airflow/.local/lib/python3.8/site-packages/airflow/example_dags/example_branch_day_of_week_operator.py
[2025-08-19T18:33:01.624+0000] {processor.py:839} INFO - DAG(s) dict_keys(['example_weekday_branch_operator']) retrieved from /home/airflow/.local/lib/python3.8/site-packages/airflow/example_dags/example_branch_day_of_week_operator.py
[2025-08-19T18:33:01.672+0000] {logging_mixin.py:151} INFO - [2025-08-19T18:33:01.671+0000] {dag.py:2941} INFO - Sync 1 DAGs
[2025-08-19T18:33:01.721+0000] {logging_mixin.py:151} INFO - [2025-08-19T18:33:01.721+0000] {dag.py:3722} INFO - Setting next_dagrun for example_weekday_branch_operator to 2025-08-18T00:00:00+00:00, run_after=2025-08-19T00:00:00+00:00
[2025-08-19T18:33:01.755+0000] {processor.py:179} INFO - Processing /home/airflow/.local/lib/python3.8/site-packages/airflow/example_dags/example_branch_day_of_week_operator.py took 0.168 seconds
[2025-08-19T18:33:32.159+0000] {processor.py:157} INFO - Started process (PID=381) to work on /home/airflow/.local/lib/python3.8/site-packages/airflow/example_dags/example_branch_day_of_week_operator.py
[2025-08-19T18:33:32.161+0000] {processor.py:829} INFO - Processing file /home/airflow/.local/lib/python3.8/site-packages/airflow/example_dags/example_branch_day_of_week_operator.py for tasks to queue
[2025-08-19T18:33:32.165+0000] {logging_mixin.py:151} INFO - [2025-08-19T18:33:32.164+0000] {dagbag.py:536} INFO - Filling up the DagBag from /home/airflow/.local/lib/python3.8/site-packages/airflow/example_dags/example_branch_day_of_week_operator.py
[2025-08-19T18:33:32.177+0000] {processor.py:839} INFO - DAG(s) dict_keys(['example_weekday_branch_operator']) retrieved from /home/airflow/.local/lib/python3.8/site-packages/airflow/example_dags/example_branch_day_of_week_operator.py
[2025-08-19T18:33:32.214+0000] {logging_mixin.py:151} INFO - [2025-08-19T18:33:32.213+0000] {dag.py:2941} INFO - Sync 1 DAGs
[2025-08-19T18:33:32.249+0000] {logging_mixin.py:151} INFO - [2025-08-19T18:33:32.248+0000] {dag.py:3722} INFO - Setting next_dagrun for example_weekday_branch_operator to 2025-08-18T00:00:00+00:00, run_after=2025-08-19T00:00:00+00:00
[2025-08-19T18:33:32.293+0000] {processor.py:179} INFO - Processing /home/airflow/.local/lib/python3.8/site-packages/airflow/example_dags/example_branch_day_of_week_operator.py took 0.139 seconds
[2025-08-19T18:34:02.866+0000] {processor.py:157} INFO - Started process (PID=435) to work on /home/airflow/.local/lib/python3.8/site-packages/airflow/example_dags/example_branch_day_of_week_operator.py
[2025-08-19T18:34:02.869+0000] {processor.py:829} INFO - Processing file /home/airflow/.local/lib/python3.8/site-packages/airflow/example_dags/example_branch_day_of_week_operator.py for tasks to queue
[2025-08-19T18:34:02.873+0000] {logging_mixin.py:151} INFO - [2025-08-19T18:34:02.872+0000] {dagbag.py:536} INFO - Filling up the DagBag from /home/airflow/.local/lib/python3.8/site-packages/airflow/example_dags/example_branch_day_of_week_operator.py
[2025-08-19T18:34:02.886+0000] {processor.py:839} INFO - DAG(s) dict_keys(['example_weekday_branch_operator']) retrieved from /home/airflow/.local/lib/python3.8/site-packages/airflow/example_dags/example_branch_day_of_week_operator.py
[2025-08-19T18:34:02.930+0000] {logging_mixin.py:151} INFO - [2025-08-19T18:34:02.929+0000] {dag.py:2941} INFO - Sync 1 DAGs
[2025-08-19T18:34:02.974+0000] {logging_mixin.py:151} INFO - [2025-08-19T18:34:02.974+0000] {dag.py:3722} INFO - Setting next_dagrun for example_weekday_branch_operator to 2025-08-18T00:00:00+00:00, run_after=2025-08-19T00:00:00+00:00
[2025-08-19T18:34:03.016+0000] {processor.py:179} INFO - Processing /home/airflow/.local/lib/python3.8/site-packages/airflow/example_dags/example_branch_day_of_week_operator.py took 0.155 seconds
[2025-08-19T18:34:33.858+0000] {processor.py:157} INFO - Started process (PID=489) to work on /home/airflow/.local/lib/python3.8/site-packages/airflow/example_dags/example_branch_day_of_week_operator.py
[2025-08-19T18:34:33.860+0000] {processor.py:829} INFO - Processing file /home/airflow/.local/lib/python3.8/site-packages/airflow/example_dags/example_branch_day_of_week_operator.py for tasks to queue
[2025-08-19T18:34:33.863+0000] {logging_mixin.py:151} INFO - [2025-08-19T18:34:33.863+0000] {dagbag.py:536} INFO - Filling up the DagBag from /home/airflow/.local/lib/python3.8/site-packages/airflow/example_dags/example_branch_day_of_week_operator.py
[2025-08-19T18:34:33.877+0000] {processor.py:839} INFO - DAG(s) dict_keys(['example_weekday_branch_operator']) retrieved from /home/airflow/.local/lib/python3.8/site-packages/airflow/example_dags/example_branch_day_of_week_operator.py
[2025-08-19T18:34:33.908+0000] {logging_mixin.py:151} INFO - [2025-08-19T18:34:33.908+0000] {dag.py:2941} INFO - Sync 1 DAGs
[2025-08-19T18:34:33.948+0000] {logging_mixin.py:151} INFO - [2025-08-19T18:34:33.948+0000] {dag.py:3722} INFO - Setting next_dagrun for example_weekday_branch_operator to 2025-08-18T00:00:00+00:00, run_after=2025-08-19T00:00:00+00:00
[2025-08-19T18:34:33.992+0000] {processor.py:179} INFO - Processing /home/airflow/.local/lib/python3.8/site-packages/airflow/example_dags/example_branch_day_of_week_operator.py took 0.146 seconds
[2025-08-19T18:35:04.330+0000] {processor.py:157} INFO - Started process (PID=543) to work on /home/airflow/.local/lib/python3.8/site-packages/airflow/example_dags/example_branch_day_of_week_operator.py
[2025-08-19T18:35:04.334+0000] {processor.py:829} INFO - Processing file /home/airflow/.local/lib/python3.8/site-packages/airflow/example_dags/example_branch_day_of_week_operator.py for tasks to queue
[2025-08-19T18:35:04.342+0000] {logging_mixin.py:151} INFO - [2025-08-19T18:35:04.341+0000] {dagbag.py:536} INFO - Filling up the DagBag from /home/airflow/.local/lib/python3.8/site-packages/airflow/example_dags/example_branch_day_of_week_operator.py
[2025-08-19T18:35:04.356+0000] {processor.py:839} INFO - DAG(s) dict_keys(['example_weekday_branch_operator']) retrieved from /home/airflow/.local/lib/python3.8/site-packages/airflow/example_dags/example_branch_day_of_week_operator.py
[2025-08-19T18:35:04.392+0000] {logging_mixin.py:151} INFO - [2025-08-19T18:35:04.392+0000] {dag.py:2941} INFO - Sync 1 DAGs
[2025-08-19T18:35:04.434+0000] {logging_mixin.py:151} INFO - [2025-08-19T18:35:04.434+0000] {dag.py:3722} INFO - Setting next_dagrun for example_weekday_branch_operator to 2025-08-18T00:00:00+00:00, run_after=2025-08-19T00:00:00+00:00
[2025-08-19T18:35:04.476+0000] {processor.py:179} INFO - Processing /home/airflow/.local/lib/python3.8/site-packages/airflow/example_dags/example_branch_day_of_week_operator.py took 0.154 seconds
[2025-08-19T18:35:35.027+0000] {processor.py:157} INFO - Started process (PID=597) to work on /home/airflow/.local/lib/python3.8/site-packages/airflow/example_dags/example_branch_day_of_week_operator.py
[2025-08-19T18:35:35.030+0000] {processor.py:829} INFO - Processing file /home/airflow/.local/lib/python3.8/site-packages/airflow/example_dags/example_branch_day_of_week_operator.py for tasks to queue
[2025-08-19T18:35:35.035+0000] {logging_mixin.py:151} INFO - [2025-08-19T18:35:35.034+0000] {dagbag.py:536} INFO - Filling up the DagBag from /home/airflow/.local/lib/python3.8/site-packages/airflow/example_dags/example_branch_day_of_week_operator.py
[2025-08-19T18:35:35.054+0000] {processor.py:839} INFO - DAG(s) dict_keys(['example_weekday_branch_operator']) retrieved from /home/airflow/.local/lib/python3.8/site-packages/airflow/example_dags/example_branch_day_of_week_operator.py
[2025-08-19T18:35:35.105+0000] {logging_mixin.py:151} INFO - [2025-08-19T18:35:35.105+0000] {dag.py:2941} INFO - Sync 1 DAGs
[2025-08-19T18:35:35.150+0000] {logging_mixin.py:151} INFO - [2025-08-19T18:35:35.149+0000] {dag.py:3722} INFO - Setting next_dagrun for example_weekday_branch_operator to 2025-08-18T00:00:00+00:00, run_after=2025-08-19T00:00:00+00:00
[2025-08-19T18:35:35.181+0000] {processor.py:179} INFO - Processing /home/airflow/.local/lib/python3.8/site-packages/airflow/example_dags/example_branch_day_of_week_operator.py took 0.163 seconds
[2025-08-19T18:36:06.623+0000] {processor.py:157} INFO - Started process (PID=651) to work on /home/airflow/.local/lib/python3.8/site-packages/airflow/example_dags/example_branch_day_of_week_operator.py
[2025-08-19T18:36:06.637+0000] {processor.py:829} INFO - Processing file /home/airflow/.local/lib/python3.8/site-packages/airflow/example_dags/example_branch_day_of_week_operator.py for tasks to queue
[2025-08-19T18:36:06.654+0000] {logging_mixin.py:151} INFO - [2025-08-19T18:36:06.653+0000] {dagbag.py:536} INFO - Filling up the DagBag from /home/airflow/.local/lib/python3.8/site-packages/airflow/example_dags/example_branch_day_of_week_operator.py
[2025-08-19T18:36:06.683+0000] {processor.py:839} INFO - DAG(s) dict_keys(['example_weekday_branch_operator']) retrieved from /home/airflow/.local/lib/python3.8/site-packages/airflow/example_dags/example_branch_day_of_week_operator.py
[2025-08-19T18:36:06.765+0000] {logging_mixin.py:151} INFO - [2025-08-19T18:36:06.765+0000] {dag.py:2941} INFO - Sync 1 DAGs
[2025-08-19T18:36:06.855+0000] {logging_mixin.py:151} INFO - [2025-08-19T18:36:06.854+0000] {dag.py:3722} INFO - Setting next_dagrun for example_weekday_branch_operator to 2025-08-18T00:00:00+00:00, run_after=2025-08-19T00:00:00+00:00
[2025-08-19T18:36:06.947+0000] {processor.py:179} INFO - Processing /home/airflow/.local/lib/python3.8/site-packages/airflow/example_dags/example_branch_day_of_week_operator.py took 0.336 seconds
[2025-08-19T18:36:37.141+0000] {processor.py:157} INFO - Started process (PID=705) to work on /home/airflow/.local/lib/python3.8/site-packages/airflow/example_dags/example_branch_day_of_week_operator.py
[2025-08-19T18:36:37.144+0000] {processor.py:829} INFO - Processing file /home/airflow/.local/lib/python3.8/site-packages/airflow/example_dags/example_branch_day_of_week_operator.py for tasks to queue
[2025-08-19T18:36:37.161+0000] {logging_mixin.py:151} INFO - [2025-08-19T18:36:37.160+0000] {dagbag.py:536} INFO - Filling up the DagBag from /home/airflow/.local/lib/python3.8/site-packages/airflow/example_dags/example_branch_day_of_week_operator.py
[2025-08-19T18:36:37.199+0000] {processor.py:839} INFO - DAG(s) dict_keys(['example_weekday_branch_operator']) retrieved from /home/airflow/.local/lib/python3.8/site-packages/airflow/example_dags/example_branch_day_of_week_operator.py
[2025-08-19T18:36:37.272+0000] {logging_mixin.py:151} INFO - [2025-08-19T18:36:37.272+0000] {dag.py:2941} INFO - Sync 1 DAGs
[2025-08-19T18:36:37.310+0000] {logging_mixin.py:151} INFO - [2025-08-19T18:36:37.310+0000] {dag.py:3722} INFO - Setting next_dagrun for example_weekday_branch_operator to 2025-08-18T00:00:00+00:00, run_after=2025-08-19T00:00:00+00:00
[2025-08-19T18:36:37.344+0000] {processor.py:179} INFO - Processing /home/airflow/.local/lib/python3.8/site-packages/airflow/example_dags/example_branch_day_of_week_operator.py took 0.211 seconds
[2025-08-19T18:37:10.698+0000] {processor.py:157} INFO - Started process (PID=759) to work on /home/airflow/.local/lib/python3.8/site-packages/airflow/example_dags/example_branch_day_of_week_operator.py
[2025-08-19T18:37:10.700+0000] {processor.py:829} INFO - Processing file /home/airflow/.local/lib/python3.8/site-packages/airflow/example_dags/example_branch_day_of_week_operator.py for tasks to queue
[2025-08-19T18:37:10.704+0000] {logging_mixin.py:151} INFO - [2025-08-19T18:37:10.703+0000] {dagbag.py:536} INFO - Filling up the DagBag from /home/airflow/.local/lib/python3.8/site-packages/airflow/example_dags/example_branch_day_of_week_operator.py
[2025-08-19T18:37:10.718+0000] {processor.py:839} INFO - DAG(s) dict_keys(['example_weekday_branch_operator']) retrieved from /home/airflow/.local/lib/python3.8/site-packages/airflow/example_dags/example_branch_day_of_week_operator.py
[2025-08-19T18:37:10.757+0000] {logging_mixin.py:151} INFO - [2025-08-19T18:37:10.757+0000] {dag.py:2941} INFO - Sync 1 DAGs
[2025-08-19T18:37:10.799+0000] {logging_mixin.py:151} INFO - [2025-08-19T18:37:10.798+0000] {dag.py:3722} INFO - Setting next_dagrun for example_weekday_branch_operator to 2025-08-18T00:00:00+00:00, run_after=2025-08-19T00:00:00+00:00
[2025-08-19T18:37:10.839+0000] {processor.py:179} INFO - Processing /home/airflow/.local/lib/python3.8/site-packages/airflow/example_dags/example_branch_day_of_week_operator.py took 0.148 seconds
[2025-08-19T18:37:44.830+0000] {processor.py:157} INFO - Started process (PID=814) to work on /home/airflow/.local/lib/python3.8/site-packages/airflow/example_dags/example_branch_day_of_week_operator.py
[2025-08-19T18:37:44.831+0000] {processor.py:829} INFO - Processing file /home/airflow/.local/lib/python3.8/site-packages/airflow/example_dags/example_branch_day_of_week_operator.py for tasks to queue
[2025-08-19T18:37:44.835+0000] {logging_mixin.py:151} INFO - [2025-08-19T18:37:44.834+0000] {dagbag.py:536} INFO - Filling up the DagBag from /home/airflow/.local/lib/python3.8/site-packages/airflow/example_dags/example_branch_day_of_week_operator.py
[2025-08-19T18:37:44.855+0000] {processor.py:839} INFO - DAG(s) dict_keys(['example_weekday_branch_operator']) retrieved from /home/airflow/.local/lib/python3.8/site-packages/airflow/example_dags/example_branch_day_of_week_operator.py
[2025-08-19T18:37:44.907+0000] {logging_mixin.py:151} INFO - [2025-08-19T18:37:44.906+0000] {dag.py:2941} INFO - Sync 1 DAGs
[2025-08-19T18:37:44.966+0000] {logging_mixin.py:151} INFO - [2025-08-19T18:37:44.966+0000] {dag.py:3722} INFO - Setting next_dagrun for example_weekday_branch_operator to 2025-08-18T00:00:00+00:00, run_after=2025-08-19T00:00:00+00:00
[2025-08-19T18:37:45.001+0000] {processor.py:179} INFO - Processing /home/airflow/.local/lib/python3.8/site-packages/airflow/example_dags/example_branch_day_of_week_operator.py took 0.178 seconds
[2025-08-19T18:38:15.398+0000] {processor.py:157} INFO - Started process (PID=868) to work on /home/airflow/.local/lib/python3.8/site-packages/airflow/example_dags/example_branch_day_of_week_operator.py
[2025-08-19T18:38:15.400+0000] {processor.py:829} INFO - Processing file /home/airflow/.local/lib/python3.8/site-packages/airflow/example_dags/example_branch_day_of_week_operator.py for tasks to queue
[2025-08-19T18:38:15.403+0000] {logging_mixin.py:151} INFO - [2025-08-19T18:38:15.403+0000] {dagbag.py:536} INFO - Filling up the DagBag from /home/airflow/.local/lib/python3.8/site-packages/airflow/example_dags/example_branch_day_of_week_operator.py
[2025-08-19T18:38:15.413+0000] {processor.py:839} INFO - DAG(s) dict_keys(['example_weekday_branch_operator']) retrieved from /home/airflow/.local/lib/python3.8/site-packages/airflow/example_dags/example_branch_day_of_week_operator.py
[2025-08-19T18:38:15.443+0000] {logging_mixin.py:151} INFO - [2025-08-19T18:38:15.443+0000] {dag.py:2941} INFO - Sync 1 DAGs
[2025-08-19T18:38:15.477+0000] {logging_mixin.py:151} INFO - [2025-08-19T18:38:15.477+0000] {dag.py:3722} INFO - Setting next_dagrun for example_weekday_branch_operator to 2025-08-18T00:00:00+00:00, run_after=2025-08-19T00:00:00+00:00
[2025-08-19T18:38:15.508+0000] {processor.py:179} INFO - Processing /home/airflow/.local/lib/python3.8/site-packages/airflow/example_dags/example_branch_day_of_week_operator.py took 0.114 seconds
[2025-08-19T18:38:46.210+0000] {processor.py:157} INFO - Started process (PID=922) to work on /home/airflow/.local/lib/python3.8/site-packages/airflow/example_dags/example_branch_day_of_week_operator.py
[2025-08-19T18:38:46.211+0000] {processor.py:829} INFO - Processing file /home/airflow/.local/lib/python3.8/site-packages/airflow/example_dags/example_branch_day_of_week_operator.py for tasks to queue
[2025-08-19T18:38:46.214+0000] {logging_mixin.py:151} INFO - [2025-08-19T18:38:46.214+0000] {dagbag.py:536} INFO - Filling up the DagBag from /home/airflow/.local/lib/python3.8/site-packages/airflow/example_dags/example_branch_day_of_week_operator.py
[2025-08-19T18:38:46.224+0000] {processor.py:839} INFO - DAG(s) dict_keys(['example_weekday_branch_operator']) retrieved from /home/airflow/.local/lib/python3.8/site-packages/airflow/example_dags/example_branch_day_of_week_operator.py
[2025-08-19T18:38:46.251+0000] {logging_mixin.py:151} INFO - [2025-08-19T18:38:46.251+0000] {dag.py:2941} INFO - Sync 1 DAGs
[2025-08-19T18:38:46.289+0000] {logging_mixin.py:151} INFO - [2025-08-19T18:38:46.289+0000] {dag.py:3722} INFO - Setting next_dagrun for example_weekday_branch_operator to 2025-08-18T00:00:00+00:00, run_after=2025-08-19T00:00:00+00:00
[2025-08-19T18:38:46.312+0000] {processor.py:179} INFO - Processing /home/airflow/.local/lib/python3.8/site-packages/airflow/example_dags/example_branch_day_of_week_operator.py took 0.107 seconds
[2025-08-19T18:39:16.852+0000] {processor.py:157} INFO - Started process (PID=976) to work on /home/airflow/.local/lib/python3.8/site-packages/airflow/example_dags/example_branch_day_of_week_operator.py
[2025-08-19T18:39:16.855+0000] {processor.py:829} INFO - Processing file /home/airflow/.local/lib/python3.8/site-packages/airflow/example_dags/example_branch_day_of_week_operator.py for tasks to queue
[2025-08-19T18:39:16.860+0000] {logging_mixin.py:151} INFO - [2025-08-19T18:39:16.859+0000] {dagbag.py:536} INFO - Filling up the DagBag from /home/airflow/.local/lib/python3.8/site-packages/airflow/example_dags/example_branch_day_of_week_operator.py
[2025-08-19T18:39:16.869+0000] {processor.py:839} INFO - DAG(s) dict_keys(['example_weekday_branch_operator']) retrieved from /home/airflow/.local/lib/python3.8/site-packages/airflow/example_dags/example_branch_day_of_week_operator.py
[2025-08-19T18:39:16.903+0000] {logging_mixin.py:151} INFO - [2025-08-19T18:39:16.903+0000] {dag.py:2941} INFO - Sync 1 DAGs
[2025-08-19T18:39:16.936+0000] {logging_mixin.py:151} INFO - [2025-08-19T18:39:16.935+0000] {dag.py:3722} INFO - Setting next_dagrun for example_weekday_branch_operator to 2025-08-18T00:00:00+00:00, run_after=2025-08-19T00:00:00+00:00
[2025-08-19T18:39:16.970+0000] {processor.py:179} INFO - Processing /home/airflow/.local/lib/python3.8/site-packages/airflow/example_dags/example_branch_day_of_week_operator.py took 0.123 seconds
