[2025-08-19T18:22:43.586+0000] {processor.py:157} INFO - Started process (PID=87) to work on /home/airflow/.local/lib/python3.8/site-packages/airflow/example_dags/example_bash_operator.py
[2025-08-19T18:22:43.588+0000] {processor.py:829} INFO - Processing file /home/airflow/.local/lib/python3.8/site-packages/airflow/example_dags/example_bash_operator.py for tasks to queue
[2025-08-19T18:22:43.605+0000] {logging_mixin.py:151} INFO - [2025-08-19T18:22:43.604+0000] {dagbag.py:536} INFO - Filling up the DagBag from /home/airflow/.local/lib/python3.8/site-packages/airflow/example_dags/example_bash_operator.py
[2025-08-19T18:22:43.744+0000] {processor.py:839} INFO - DAG(s) dict_keys(['example_bash_operator']) retrieved from /home/airflow/.local/lib/python3.8/site-packages/airflow/example_dags/example_bash_operator.py
[2025-08-19T18:22:44.167+0000] {logging_mixin.py:151} INFO - [2025-08-19T18:22:44.167+0000] {dag.py:2941} INFO - Sync 1 DAGs
[2025-08-19T18:22:44.519+0000] {logging_mixin.py:151} INFO - [2025-08-19T18:22:44.518+0000] {dag.py:3722} INFO - Setting next_dagrun for example_bash_operator to 2025-08-18T00:00:00+00:00, run_after=2025-08-19T00:00:00+00:00
[2025-08-19T18:22:45.179+0000] {processor.py:179} INFO - Processing /home/airflow/.local/lib/python3.8/site-packages/airflow/example_dags/example_bash_operator.py took 1.710 seconds
[2025-08-19T18:23:26.672+0000] {processor.py:157} INFO - Started process (PID=142) to work on /home/airflow/.local/lib/python3.8/site-packages/airflow/example_dags/example_bash_operator.py
[2025-08-19T18:23:26.690+0000] {processor.py:829} INFO - Processing file /home/airflow/.local/lib/python3.8/site-packages/airflow/example_dags/example_bash_operator.py for tasks to queue
[2025-08-19T18:23:26.710+0000] {logging_mixin.py:151} INFO - [2025-08-19T18:23:26.705+0000] {dagbag.py:536} INFO - Filling up the DagBag from /home/airflow/.local/lib/python3.8/site-packages/airflow/example_dags/example_bash_operator.py
[2025-08-19T18:23:26.892+0000] {processor.py:839} INFO - DAG(s) dict_keys(['example_bash_operator']) retrieved from /home/airflow/.local/lib/python3.8/site-packages/airflow/example_dags/example_bash_operator.py
[2025-08-19T18:23:27.077+0000] {logging_mixin.py:151} INFO - [2025-08-19T18:23:27.077+0000] {dag.py:2941} INFO - Sync 1 DAGs
[2025-08-19T18:23:27.163+0000] {logging_mixin.py:151} INFO - [2025-08-19T18:23:27.162+0000] {dag.py:3722} INFO - Setting next_dagrun for example_bash_operator to 2025-08-18T00:00:00+00:00, run_after=2025-08-19T00:00:00+00:00
[2025-08-19T18:23:27.227+0000] {processor.py:179} INFO - Processing /home/airflow/.local/lib/python3.8/site-packages/airflow/example_dags/example_bash_operator.py took 0.565 seconds
[2025-08-19T18:23:57.299+0000] {processor.py:157} INFO - Started process (PID=194) to work on /home/airflow/.local/lib/python3.8/site-packages/airflow/example_dags/example_bash_operator.py
[2025-08-19T18:23:57.301+0000] {processor.py:829} INFO - Processing file /home/airflow/.local/lib/python3.8/site-packages/airflow/example_dags/example_bash_operator.py for tasks to queue
[2025-08-19T18:23:57.304+0000] {logging_mixin.py:151} INFO - [2025-08-19T18:23:57.304+0000] {dagbag.py:536} INFO - Filling up the DagBag from /home/airflow/.local/lib/python3.8/site-packages/airflow/example_dags/example_bash_operator.py
[2025-08-19T18:23:57.326+0000] {processor.py:839} INFO - DAG(s) dict_keys(['example_bash_operator']) retrieved from /home/airflow/.local/lib/python3.8/site-packages/airflow/example_dags/example_bash_operator.py
[2025-08-19T18:23:57.364+0000] {logging_mixin.py:151} INFO - [2025-08-19T18:23:57.364+0000] {dag.py:2941} INFO - Sync 1 DAGs
[2025-08-19T18:23:57.401+0000] {logging_mixin.py:151} INFO - [2025-08-19T18:23:57.401+0000] {dag.py:3722} INFO - Setting next_dagrun for example_bash_operator to 2025-08-18T00:00:00+00:00, run_after=2025-08-19T00:00:00+00:00
[2025-08-19T18:23:57.433+0000] {processor.py:179} INFO - Processing /home/airflow/.local/lib/python3.8/site-packages/airflow/example_dags/example_bash_operator.py took 0.139 seconds
[2025-08-19T18:24:27.913+0000] {processor.py:157} INFO - Started process (PID=248) to work on /home/airflow/.local/lib/python3.8/site-packages/airflow/example_dags/example_bash_operator.py
[2025-08-19T18:24:27.917+0000] {processor.py:829} INFO - Processing file /home/airflow/.local/lib/python3.8/site-packages/airflow/example_dags/example_bash_operator.py for tasks to queue
[2025-08-19T18:24:27.935+0000] {logging_mixin.py:151} INFO - [2025-08-19T18:24:27.933+0000] {dagbag.py:536} INFO - Filling up the DagBag from /home/airflow/.local/lib/python3.8/site-packages/airflow/example_dags/example_bash_operator.py
[2025-08-19T18:24:28.060+0000] {processor.py:839} INFO - DAG(s) dict_keys(['example_bash_operator']) retrieved from /home/airflow/.local/lib/python3.8/site-packages/airflow/example_dags/example_bash_operator.py
[2025-08-19T18:24:28.165+0000] {logging_mixin.py:151} INFO - [2025-08-19T18:24:28.164+0000] {dag.py:2941} INFO - Sync 1 DAGs
[2025-08-19T18:24:28.355+0000] {logging_mixin.py:151} INFO - [2025-08-19T18:24:28.345+0000] {dag.py:3722} INFO - Setting next_dagrun for example_bash_operator to 2025-08-18T00:00:00+00:00, run_after=2025-08-19T00:00:00+00:00
[2025-08-19T18:24:28.467+0000] {processor.py:179} INFO - Processing /home/airflow/.local/lib/python3.8/site-packages/airflow/example_dags/example_bash_operator.py took 0.576 seconds
[2025-08-19T18:24:58.584+0000] {processor.py:157} INFO - Started process (PID=301) to work on /home/airflow/.local/lib/python3.8/site-packages/airflow/example_dags/example_bash_operator.py
[2025-08-19T18:24:58.587+0000] {processor.py:829} INFO - Processing file /home/airflow/.local/lib/python3.8/site-packages/airflow/example_dags/example_bash_operator.py for tasks to queue
[2025-08-19T18:24:58.591+0000] {logging_mixin.py:151} INFO - [2025-08-19T18:24:58.591+0000] {dagbag.py:536} INFO - Filling up the DagBag from /home/airflow/.local/lib/python3.8/site-packages/airflow/example_dags/example_bash_operator.py
[2025-08-19T18:24:58.610+0000] {processor.py:839} INFO - DAG(s) dict_keys(['example_bash_operator']) retrieved from /home/airflow/.local/lib/python3.8/site-packages/airflow/example_dags/example_bash_operator.py
[2025-08-19T18:24:58.707+0000] {logging_mixin.py:151} INFO - [2025-08-19T18:24:58.707+0000] {dag.py:2941} INFO - Sync 1 DAGs
[2025-08-19T18:24:58.822+0000] {logging_mixin.py:151} INFO - [2025-08-19T18:24:58.822+0000] {dag.py:3722} INFO - Setting next_dagrun for example_bash_operator to 2025-08-18T00:00:00+00:00, run_after=2025-08-19T00:00:00+00:00
[2025-08-19T18:24:58.907+0000] {processor.py:179} INFO - Processing /home/airflow/.local/lib/python3.8/site-packages/airflow/example_dags/example_bash_operator.py took 0.355 seconds
[2025-08-19T18:25:29.198+0000] {processor.py:157} INFO - Started process (PID=355) to work on /home/airflow/.local/lib/python3.8/site-packages/airflow/example_dags/example_bash_operator.py
[2025-08-19T18:25:29.201+0000] {processor.py:829} INFO - Processing file /home/airflow/.local/lib/python3.8/site-packages/airflow/example_dags/example_bash_operator.py for tasks to queue
[2025-08-19T18:25:29.211+0000] {logging_mixin.py:151} INFO - [2025-08-19T18:25:29.210+0000] {dagbag.py:536} INFO - Filling up the DagBag from /home/airflow/.local/lib/python3.8/site-packages/airflow/example_dags/example_bash_operator.py
[2025-08-19T18:25:29.256+0000] {processor.py:839} INFO - DAG(s) dict_keys(['example_bash_operator']) retrieved from /home/airflow/.local/lib/python3.8/site-packages/airflow/example_dags/example_bash_operator.py
[2025-08-19T18:25:29.368+0000] {logging_mixin.py:151} INFO - [2025-08-19T18:25:29.368+0000] {dag.py:2941} INFO - Sync 1 DAGs
[2025-08-19T18:25:29.447+0000] {logging_mixin.py:151} INFO - [2025-08-19T18:25:29.447+0000] {dag.py:3722} INFO - Setting next_dagrun for example_bash_operator to 2025-08-18T00:00:00+00:00, run_after=2025-08-19T00:00:00+00:00
[2025-08-19T18:25:29.531+0000] {processor.py:179} INFO - Processing /home/airflow/.local/lib/python3.8/site-packages/airflow/example_dags/example_bash_operator.py took 0.348 seconds
[2025-08-19T18:25:59.946+0000] {processor.py:157} INFO - Started process (PID=403) to work on /home/airflow/.local/lib/python3.8/site-packages/airflow/example_dags/example_bash_operator.py
[2025-08-19T18:25:59.949+0000] {processor.py:829} INFO - Processing file /home/airflow/.local/lib/python3.8/site-packages/airflow/example_dags/example_bash_operator.py for tasks to queue
[2025-08-19T18:25:59.957+0000] {logging_mixin.py:151} INFO - [2025-08-19T18:25:59.956+0000] {dagbag.py:536} INFO - Filling up the DagBag from /home/airflow/.local/lib/python3.8/site-packages/airflow/example_dags/example_bash_operator.py
[2025-08-19T18:25:59.982+0000] {processor.py:839} INFO - DAG(s) dict_keys(['example_bash_operator']) retrieved from /home/airflow/.local/lib/python3.8/site-packages/airflow/example_dags/example_bash_operator.py
[2025-08-19T18:26:00.110+0000] {logging_mixin.py:151} INFO - [2025-08-19T18:26:00.110+0000] {dag.py:2941} INFO - Sync 1 DAGs
[2025-08-19T18:26:00.271+0000] {logging_mixin.py:151} INFO - [2025-08-19T18:26:00.270+0000] {dag.py:3722} INFO - Setting next_dagrun for example_bash_operator to 2025-08-18T00:00:00+00:00, run_after=2025-08-19T00:00:00+00:00
[2025-08-19T18:26:00.373+0000] {processor.py:179} INFO - Processing /home/airflow/.local/lib/python3.8/site-packages/airflow/example_dags/example_bash_operator.py took 0.448 seconds
[2025-08-19T18:26:31.480+0000] {processor.py:157} INFO - Started process (PID=458) to work on /home/airflow/.local/lib/python3.8/site-packages/airflow/example_dags/example_bash_operator.py
[2025-08-19T18:26:31.482+0000] {processor.py:829} INFO - Processing file /home/airflow/.local/lib/python3.8/site-packages/airflow/example_dags/example_bash_operator.py for tasks to queue
[2025-08-19T18:26:31.495+0000] {logging_mixin.py:151} INFO - [2025-08-19T18:26:31.493+0000] {dagbag.py:536} INFO - Filling up the DagBag from /home/airflow/.local/lib/python3.8/site-packages/airflow/example_dags/example_bash_operator.py
[2025-08-19T18:26:31.612+0000] {processor.py:839} INFO - DAG(s) dict_keys(['example_bash_operator']) retrieved from /home/airflow/.local/lib/python3.8/site-packages/airflow/example_dags/example_bash_operator.py
[2025-08-19T18:26:31.712+0000] {logging_mixin.py:151} INFO - [2025-08-19T18:26:31.711+0000] {dag.py:2941} INFO - Sync 1 DAGs
[2025-08-19T18:26:31.884+0000] {logging_mixin.py:151} INFO - [2025-08-19T18:26:31.883+0000] {dag.py:3722} INFO - Setting next_dagrun for example_bash_operator to 2025-08-18T00:00:00+00:00, run_after=2025-08-19T00:00:00+00:00
[2025-08-19T18:26:31.964+0000] {processor.py:179} INFO - Processing /home/airflow/.local/lib/python3.8/site-packages/airflow/example_dags/example_bash_operator.py took 0.496 seconds
[2025-08-19T18:27:02.705+0000] {processor.py:157} INFO - Started process (PID=512) to work on /home/airflow/.local/lib/python3.8/site-packages/airflow/example_dags/example_bash_operator.py
[2025-08-19T18:27:02.706+0000] {processor.py:829} INFO - Processing file /home/airflow/.local/lib/python3.8/site-packages/airflow/example_dags/example_bash_operator.py for tasks to queue
[2025-08-19T18:27:02.708+0000] {logging_mixin.py:151} INFO - [2025-08-19T18:27:02.708+0000] {dagbag.py:536} INFO - Filling up the DagBag from /home/airflow/.local/lib/python3.8/site-packages/airflow/example_dags/example_bash_operator.py
[2025-08-19T18:27:02.720+0000] {processor.py:839} INFO - DAG(s) dict_keys(['example_bash_operator']) retrieved from /home/airflow/.local/lib/python3.8/site-packages/airflow/example_dags/example_bash_operator.py
[2025-08-19T18:27:02.755+0000] {logging_mixin.py:151} INFO - [2025-08-19T18:27:02.755+0000] {dag.py:2941} INFO - Sync 1 DAGs
[2025-08-19T18:27:02.779+0000] {logging_mixin.py:151} INFO - [2025-08-19T18:27:02.779+0000] {dag.py:3722} INFO - Setting next_dagrun for example_bash_operator to 2025-08-18T00:00:00+00:00, run_after=2025-08-19T00:00:00+00:00
[2025-08-19T18:27:02.825+0000] {processor.py:179} INFO - Processing /home/airflow/.local/lib/python3.8/site-packages/airflow/example_dags/example_bash_operator.py took 0.125 seconds
[2025-08-19T18:27:35.219+0000] {processor.py:157} INFO - Started process (PID=567) to work on /home/airflow/.local/lib/python3.8/site-packages/airflow/example_dags/example_bash_operator.py
[2025-08-19T18:27:35.223+0000] {processor.py:829} INFO - Processing file /home/airflow/.local/lib/python3.8/site-packages/airflow/example_dags/example_bash_operator.py for tasks to queue
[2025-08-19T18:27:35.227+0000] {logging_mixin.py:151} INFO - [2025-08-19T18:27:35.226+0000] {dagbag.py:536} INFO - Filling up the DagBag from /home/airflow/.local/lib/python3.8/site-packages/airflow/example_dags/example_bash_operator.py
[2025-08-19T18:27:35.245+0000] {processor.py:839} INFO - DAG(s) dict_keys(['example_bash_operator']) retrieved from /home/airflow/.local/lib/python3.8/site-packages/airflow/example_dags/example_bash_operator.py
[2025-08-19T18:27:35.293+0000] {logging_mixin.py:151} INFO - [2025-08-19T18:27:35.293+0000] {dag.py:2941} INFO - Sync 1 DAGs
[2025-08-19T18:27:35.337+0000] {logging_mixin.py:151} INFO - [2025-08-19T18:27:35.337+0000] {dag.py:3722} INFO - Setting next_dagrun for example_bash_operator to 2025-08-18T00:00:00+00:00, run_after=2025-08-19T00:00:00+00:00
[2025-08-19T18:27:35.377+0000] {processor.py:179} INFO - Processing /home/airflow/.local/lib/python3.8/site-packages/airflow/example_dags/example_bash_operator.py took 0.162 seconds
[2025-08-19T18:28:06.289+0000] {processor.py:157} INFO - Started process (PID=621) to work on /home/airflow/.local/lib/python3.8/site-packages/airflow/example_dags/example_bash_operator.py
[2025-08-19T18:28:06.292+0000] {processor.py:829} INFO - Processing file /home/airflow/.local/lib/python3.8/site-packages/airflow/example_dags/example_bash_operator.py for tasks to queue
[2025-08-19T18:28:06.297+0000] {logging_mixin.py:151} INFO - [2025-08-19T18:28:06.297+0000] {dagbag.py:536} INFO - Filling up the DagBag from /home/airflow/.local/lib/python3.8/site-packages/airflow/example_dags/example_bash_operator.py
[2025-08-19T18:28:06.319+0000] {processor.py:839} INFO - DAG(s) dict_keys(['example_bash_operator']) retrieved from /home/airflow/.local/lib/python3.8/site-packages/airflow/example_dags/example_bash_operator.py
[2025-08-19T18:28:06.368+0000] {logging_mixin.py:151} INFO - [2025-08-19T18:28:06.368+0000] {dag.py:2941} INFO - Sync 1 DAGs
[2025-08-19T18:28:06.400+0000] {logging_mixin.py:151} INFO - [2025-08-19T18:28:06.400+0000] {dag.py:3722} INFO - Setting next_dagrun for example_bash_operator to 2025-08-18T00:00:00+00:00, run_after=2025-08-19T00:00:00+00:00
[2025-08-19T18:28:06.426+0000] {processor.py:179} INFO - Processing /home/airflow/.local/lib/python3.8/site-packages/airflow/example_dags/example_bash_operator.py took 0.145 seconds
[2025-08-19T18:28:38.125+0000] {processor.py:157} INFO - Started process (PID=675) to work on /home/airflow/.local/lib/python3.8/site-packages/airflow/example_dags/example_bash_operator.py
[2025-08-19T18:28:38.127+0000] {processor.py:829} INFO - Processing file /home/airflow/.local/lib/python3.8/site-packages/airflow/example_dags/example_bash_operator.py for tasks to queue
[2025-08-19T18:28:38.131+0000] {logging_mixin.py:151} INFO - [2025-08-19T18:28:38.131+0000] {dagbag.py:536} INFO - Filling up the DagBag from /home/airflow/.local/lib/python3.8/site-packages/airflow/example_dags/example_bash_operator.py
[2025-08-19T18:28:38.148+0000] {processor.py:839} INFO - DAG(s) dict_keys(['example_bash_operator']) retrieved from /home/airflow/.local/lib/python3.8/site-packages/airflow/example_dags/example_bash_operator.py
[2025-08-19T18:28:38.188+0000] {logging_mixin.py:151} INFO - [2025-08-19T18:28:38.188+0000] {dag.py:2941} INFO - Sync 1 DAGs
[2025-08-19T18:28:38.220+0000] {logging_mixin.py:151} INFO - [2025-08-19T18:28:38.220+0000] {dag.py:3722} INFO - Setting next_dagrun for example_bash_operator to 2025-08-18T00:00:00+00:00, run_after=2025-08-19T00:00:00+00:00
[2025-08-19T18:28:38.250+0000] {processor.py:179} INFO - Processing /home/airflow/.local/lib/python3.8/site-packages/airflow/example_dags/example_bash_operator.py took 0.135 seconds
[2025-08-19T18:29:10.615+0000] {processor.py:157} INFO - Started process (PID=729) to work on /home/airflow/.local/lib/python3.8/site-packages/airflow/example_dags/example_bash_operator.py
[2025-08-19T18:29:10.617+0000] {processor.py:829} INFO - Processing file /home/airflow/.local/lib/python3.8/site-packages/airflow/example_dags/example_bash_operator.py for tasks to queue
[2025-08-19T18:29:10.622+0000] {logging_mixin.py:151} INFO - [2025-08-19T18:29:10.622+0000] {dagbag.py:536} INFO - Filling up the DagBag from /home/airflow/.local/lib/python3.8/site-packages/airflow/example_dags/example_bash_operator.py
[2025-08-19T18:29:10.646+0000] {processor.py:839} INFO - DAG(s) dict_keys(['example_bash_operator']) retrieved from /home/airflow/.local/lib/python3.8/site-packages/airflow/example_dags/example_bash_operator.py
[2025-08-19T18:29:10.705+0000] {logging_mixin.py:151} INFO - [2025-08-19T18:29:10.704+0000] {dag.py:2941} INFO - Sync 1 DAGs
[2025-08-19T18:29:10.750+0000] {logging_mixin.py:151} INFO - [2025-08-19T18:29:10.749+0000] {dag.py:3722} INFO - Setting next_dagrun for example_bash_operator to 2025-08-18T00:00:00+00:00, run_after=2025-08-19T00:00:00+00:00
[2025-08-19T18:29:10.809+0000] {processor.py:179} INFO - Processing /home/airflow/.local/lib/python3.8/site-packages/airflow/example_dags/example_bash_operator.py took 0.201 seconds
[2025-08-19T18:29:41.633+0000] {processor.py:157} INFO - Started process (PID=783) to work on /home/airflow/.local/lib/python3.8/site-packages/airflow/example_dags/example_bash_operator.py
[2025-08-19T18:29:41.635+0000] {processor.py:829} INFO - Processing file /home/airflow/.local/lib/python3.8/site-packages/airflow/example_dags/example_bash_operator.py for tasks to queue
[2025-08-19T18:29:41.639+0000] {logging_mixin.py:151} INFO - [2025-08-19T18:29:41.638+0000] {dagbag.py:536} INFO - Filling up the DagBag from /home/airflow/.local/lib/python3.8/site-packages/airflow/example_dags/example_bash_operator.py
[2025-08-19T18:29:41.657+0000] {processor.py:839} INFO - DAG(s) dict_keys(['example_bash_operator']) retrieved from /home/airflow/.local/lib/python3.8/site-packages/airflow/example_dags/example_bash_operator.py
[2025-08-19T18:29:41.728+0000] {logging_mixin.py:151} INFO - [2025-08-19T18:29:41.728+0000] {dag.py:2941} INFO - Sync 1 DAGs
[2025-08-19T18:29:41.770+0000] {logging_mixin.py:151} INFO - [2025-08-19T18:29:41.769+0000] {dag.py:3722} INFO - Setting next_dagrun for example_bash_operator to 2025-08-18T00:00:00+00:00, run_after=2025-08-19T00:00:00+00:00
[2025-08-19T18:29:41.803+0000] {processor.py:179} INFO - Processing /home/airflow/.local/lib/python3.8/site-packages/airflow/example_dags/example_bash_operator.py took 0.186 seconds
[2025-08-19T18:30:13.377+0000] {processor.py:157} INFO - Started process (PID=836) to work on /home/airflow/.local/lib/python3.8/site-packages/airflow/example_dags/example_bash_operator.py
[2025-08-19T18:30:13.378+0000] {processor.py:829} INFO - Processing file /home/airflow/.local/lib/python3.8/site-packages/airflow/example_dags/example_bash_operator.py for tasks to queue
[2025-08-19T18:30:13.385+0000] {logging_mixin.py:151} INFO - [2025-08-19T18:30:13.381+0000] {dagbag.py:536} INFO - Filling up the DagBag from /home/airflow/.local/lib/python3.8/site-packages/airflow/example_dags/example_bash_operator.py
[2025-08-19T18:30:13.402+0000] {processor.py:839} INFO - DAG(s) dict_keys(['example_bash_operator']) retrieved from /home/airflow/.local/lib/python3.8/site-packages/airflow/example_dags/example_bash_operator.py
[2025-08-19T18:30:13.443+0000] {logging_mixin.py:151} INFO - [2025-08-19T18:30:13.443+0000] {dag.py:2941} INFO - Sync 1 DAGs
[2025-08-19T18:30:13.481+0000] {logging_mixin.py:151} INFO - [2025-08-19T18:30:13.480+0000] {dag.py:3722} INFO - Setting next_dagrun for example_bash_operator to 2025-08-18T00:00:00+00:00, run_after=2025-08-19T00:00:00+00:00
[2025-08-19T18:30:13.512+0000] {processor.py:179} INFO - Processing /home/airflow/.local/lib/python3.8/site-packages/airflow/example_dags/example_bash_operator.py took 0.140 seconds
[2025-08-19T18:30:53.655+0000] {processor.py:157} INFO - Started process (PID=79) to work on /home/airflow/.local/lib/python3.8/site-packages/airflow/example_dags/example_bash_operator.py
[2025-08-19T18:30:53.657+0000] {processor.py:829} INFO - Processing file /home/airflow/.local/lib/python3.8/site-packages/airflow/example_dags/example_bash_operator.py for tasks to queue
[2025-08-19T18:30:53.660+0000] {logging_mixin.py:151} INFO - [2025-08-19T18:30:53.660+0000] {dagbag.py:536} INFO - Filling up the DagBag from /home/airflow/.local/lib/python3.8/site-packages/airflow/example_dags/example_bash_operator.py
[2025-08-19T18:30:53.685+0000] {processor.py:839} INFO - DAG(s) dict_keys(['example_bash_operator']) retrieved from /home/airflow/.local/lib/python3.8/site-packages/airflow/example_dags/example_bash_operator.py
[2025-08-19T18:30:53.765+0000] {logging_mixin.py:151} INFO - [2025-08-19T18:30:53.765+0000] {dag.py:2941} INFO - Sync 1 DAGs
[2025-08-19T18:30:53.812+0000] {logging_mixin.py:151} INFO - [2025-08-19T18:30:53.812+0000] {dag.py:3722} INFO - Setting next_dagrun for example_bash_operator to 2025-08-18T00:00:00+00:00, run_after=2025-08-19T00:00:00+00:00
[2025-08-19T18:30:53.871+0000] {processor.py:179} INFO - Processing /home/airflow/.local/lib/python3.8/site-packages/airflow/example_dags/example_bash_operator.py took 0.222 seconds
[2025-08-19T18:31:24.000+0000] {processor.py:157} INFO - Started process (PID=133) to work on /home/airflow/.local/lib/python3.8/site-packages/airflow/example_dags/example_bash_operator.py
[2025-08-19T18:31:24.002+0000] {processor.py:829} INFO - Processing file /home/airflow/.local/lib/python3.8/site-packages/airflow/example_dags/example_bash_operator.py for tasks to queue
[2025-08-19T18:31:24.008+0000] {logging_mixin.py:151} INFO - [2025-08-19T18:31:24.008+0000] {dagbag.py:536} INFO - Filling up the DagBag from /home/airflow/.local/lib/python3.8/site-packages/airflow/example_dags/example_bash_operator.py
[2025-08-19T18:31:24.024+0000] {processor.py:839} INFO - DAG(s) dict_keys(['example_bash_operator']) retrieved from /home/airflow/.local/lib/python3.8/site-packages/airflow/example_dags/example_bash_operator.py
[2025-08-19T18:31:24.065+0000] {logging_mixin.py:151} INFO - [2025-08-19T18:31:24.064+0000] {dag.py:2941} INFO - Sync 1 DAGs
[2025-08-19T18:31:24.099+0000] {logging_mixin.py:151} INFO - [2025-08-19T18:31:24.099+0000] {dag.py:3722} INFO - Setting next_dagrun for example_bash_operator to 2025-08-18T00:00:00+00:00, run_after=2025-08-19T00:00:00+00:00
[2025-08-19T18:31:24.140+0000] {processor.py:179} INFO - Processing /home/airflow/.local/lib/python3.8/site-packages/airflow/example_dags/example_bash_operator.py took 0.145 seconds
[2025-08-19T18:31:54.481+0000] {processor.py:157} INFO - Started process (PID=188) to work on /home/airflow/.local/lib/python3.8/site-packages/airflow/example_dags/example_bash_operator.py
[2025-08-19T18:31:54.483+0000] {processor.py:829} INFO - Processing file /home/airflow/.local/lib/python3.8/site-packages/airflow/example_dags/example_bash_operator.py for tasks to queue
[2025-08-19T18:31:54.487+0000] {logging_mixin.py:151} INFO - [2025-08-19T18:31:54.486+0000] {dagbag.py:536} INFO - Filling up the DagBag from /home/airflow/.local/lib/python3.8/site-packages/airflow/example_dags/example_bash_operator.py
[2025-08-19T18:31:54.504+0000] {processor.py:839} INFO - DAG(s) dict_keys(['example_bash_operator']) retrieved from /home/airflow/.local/lib/python3.8/site-packages/airflow/example_dags/example_bash_operator.py
[2025-08-19T18:31:54.551+0000] {logging_mixin.py:151} INFO - [2025-08-19T18:31:54.550+0000] {dag.py:2941} INFO - Sync 1 DAGs
[2025-08-19T18:31:54.587+0000] {logging_mixin.py:151} INFO - [2025-08-19T18:31:54.587+0000] {dag.py:3722} INFO - Setting next_dagrun for example_bash_operator to 2025-08-18T00:00:00+00:00, run_after=2025-08-19T00:00:00+00:00
[2025-08-19T18:31:54.611+0000] {processor.py:179} INFO - Processing /home/airflow/.local/lib/python3.8/site-packages/airflow/example_dags/example_bash_operator.py took 0.136 seconds
[2025-08-19T18:32:25.983+0000] {processor.py:157} INFO - Started process (PID=242) to work on /home/airflow/.local/lib/python3.8/site-packages/airflow/example_dags/example_bash_operator.py
[2025-08-19T18:32:25.985+0000] {processor.py:829} INFO - Processing file /home/airflow/.local/lib/python3.8/site-packages/airflow/example_dags/example_bash_operator.py for tasks to queue
[2025-08-19T18:32:25.989+0000] {logging_mixin.py:151} INFO - [2025-08-19T18:32:25.989+0000] {dagbag.py:536} INFO - Filling up the DagBag from /home/airflow/.local/lib/python3.8/site-packages/airflow/example_dags/example_bash_operator.py
[2025-08-19T18:32:26.007+0000] {processor.py:839} INFO - DAG(s) dict_keys(['example_bash_operator']) retrieved from /home/airflow/.local/lib/python3.8/site-packages/airflow/example_dags/example_bash_operator.py
[2025-08-19T18:32:26.048+0000] {logging_mixin.py:151} INFO - [2025-08-19T18:32:26.047+0000] {dag.py:2941} INFO - Sync 1 DAGs
[2025-08-19T18:32:26.112+0000] {logging_mixin.py:151} INFO - [2025-08-19T18:32:26.110+0000] {dag.py:3722} INFO - Setting next_dagrun for example_bash_operator to 2025-08-18T00:00:00+00:00, run_after=2025-08-19T00:00:00+00:00
[2025-08-19T18:32:26.196+0000] {processor.py:179} INFO - Processing /home/airflow/.local/lib/python3.8/site-packages/airflow/example_dags/example_bash_operator.py took 0.217 seconds
[2025-08-19T18:32:56.705+0000] {processor.py:157} INFO - Started process (PID=296) to work on /home/airflow/.local/lib/python3.8/site-packages/airflow/example_dags/example_bash_operator.py
[2025-08-19T18:32:56.706+0000] {processor.py:829} INFO - Processing file /home/airflow/.local/lib/python3.8/site-packages/airflow/example_dags/example_bash_operator.py for tasks to queue
[2025-08-19T18:32:56.710+0000] {logging_mixin.py:151} INFO - [2025-08-19T18:32:56.709+0000] {dagbag.py:536} INFO - Filling up the DagBag from /home/airflow/.local/lib/python3.8/site-packages/airflow/example_dags/example_bash_operator.py
[2025-08-19T18:32:56.722+0000] {processor.py:839} INFO - DAG(s) dict_keys(['example_bash_operator']) retrieved from /home/airflow/.local/lib/python3.8/site-packages/airflow/example_dags/example_bash_operator.py
[2025-08-19T18:32:56.760+0000] {logging_mixin.py:151} INFO - [2025-08-19T18:32:56.760+0000] {dag.py:2941} INFO - Sync 1 DAGs
[2025-08-19T18:32:56.786+0000] {logging_mixin.py:151} INFO - [2025-08-19T18:32:56.786+0000] {dag.py:3722} INFO - Setting next_dagrun for example_bash_operator to 2025-08-18T00:00:00+00:00, run_after=2025-08-19T00:00:00+00:00
[2025-08-19T18:32:56.813+0000] {processor.py:179} INFO - Processing /home/airflow/.local/lib/python3.8/site-packages/airflow/example_dags/example_bash_operator.py took 0.112 seconds
[2025-08-19T18:33:26.845+0000] {processor.py:157} INFO - Started process (PID=350) to work on /home/airflow/.local/lib/python3.8/site-packages/airflow/example_dags/example_bash_operator.py
[2025-08-19T18:33:26.847+0000] {processor.py:829} INFO - Processing file /home/airflow/.local/lib/python3.8/site-packages/airflow/example_dags/example_bash_operator.py for tasks to queue
[2025-08-19T18:33:26.850+0000] {logging_mixin.py:151} INFO - [2025-08-19T18:33:26.850+0000] {dagbag.py:536} INFO - Filling up the DagBag from /home/airflow/.local/lib/python3.8/site-packages/airflow/example_dags/example_bash_operator.py
[2025-08-19T18:33:26.864+0000] {processor.py:839} INFO - DAG(s) dict_keys(['example_bash_operator']) retrieved from /home/airflow/.local/lib/python3.8/site-packages/airflow/example_dags/example_bash_operator.py
[2025-08-19T18:33:26.905+0000] {logging_mixin.py:151} INFO - [2025-08-19T18:33:26.904+0000] {dag.py:2941} INFO - Sync 1 DAGs
[2025-08-19T18:33:26.937+0000] {logging_mixin.py:151} INFO - [2025-08-19T18:33:26.936+0000] {dag.py:3722} INFO - Setting next_dagrun for example_bash_operator to 2025-08-18T00:00:00+00:00, run_after=2025-08-19T00:00:00+00:00
[2025-08-19T18:33:26.967+0000] {processor.py:179} INFO - Processing /home/airflow/.local/lib/python3.8/site-packages/airflow/example_dags/example_bash_operator.py took 0.125 seconds
[2025-08-19T18:33:57.295+0000] {processor.py:157} INFO - Started process (PID=404) to work on /home/airflow/.local/lib/python3.8/site-packages/airflow/example_dags/example_bash_operator.py
[2025-08-19T18:33:57.297+0000] {processor.py:829} INFO - Processing file /home/airflow/.local/lib/python3.8/site-packages/airflow/example_dags/example_bash_operator.py for tasks to queue
[2025-08-19T18:33:57.302+0000] {logging_mixin.py:151} INFO - [2025-08-19T18:33:57.301+0000] {dagbag.py:536} INFO - Filling up the DagBag from /home/airflow/.local/lib/python3.8/site-packages/airflow/example_dags/example_bash_operator.py
[2025-08-19T18:33:57.328+0000] {processor.py:839} INFO - DAG(s) dict_keys(['example_bash_operator']) retrieved from /home/airflow/.local/lib/python3.8/site-packages/airflow/example_dags/example_bash_operator.py
[2025-08-19T18:33:57.384+0000] {logging_mixin.py:151} INFO - [2025-08-19T18:33:57.383+0000] {dag.py:2941} INFO - Sync 1 DAGs
[2025-08-19T18:33:57.435+0000] {logging_mixin.py:151} INFO - [2025-08-19T18:33:57.433+0000] {dag.py:3722} INFO - Setting next_dagrun for example_bash_operator to 2025-08-18T00:00:00+00:00, run_after=2025-08-19T00:00:00+00:00
[2025-08-19T18:33:57.478+0000] {processor.py:179} INFO - Processing /home/airflow/.local/lib/python3.8/site-packages/airflow/example_dags/example_bash_operator.py took 0.191 seconds
[2025-08-19T18:34:27.866+0000] {processor.py:157} INFO - Started process (PID=458) to work on /home/airflow/.local/lib/python3.8/site-packages/airflow/example_dags/example_bash_operator.py
[2025-08-19T18:34:27.868+0000] {processor.py:829} INFO - Processing file /home/airflow/.local/lib/python3.8/site-packages/airflow/example_dags/example_bash_operator.py for tasks to queue
[2025-08-19T18:34:27.874+0000] {logging_mixin.py:151} INFO - [2025-08-19T18:34:27.872+0000] {dagbag.py:536} INFO - Filling up the DagBag from /home/airflow/.local/lib/python3.8/site-packages/airflow/example_dags/example_bash_operator.py
[2025-08-19T18:34:27.912+0000] {processor.py:839} INFO - DAG(s) dict_keys(['example_bash_operator']) retrieved from /home/airflow/.local/lib/python3.8/site-packages/airflow/example_dags/example_bash_operator.py
[2025-08-19T18:34:28.026+0000] {logging_mixin.py:151} INFO - [2025-08-19T18:34:28.025+0000] {dag.py:2941} INFO - Sync 1 DAGs
[2025-08-19T18:34:28.097+0000] {logging_mixin.py:151} INFO - [2025-08-19T18:34:28.095+0000] {dag.py:3722} INFO - Setting next_dagrun for example_bash_operator to 2025-08-18T00:00:00+00:00, run_after=2025-08-19T00:00:00+00:00
[2025-08-19T18:34:28.149+0000] {processor.py:179} INFO - Processing /home/airflow/.local/lib/python3.8/site-packages/airflow/example_dags/example_bash_operator.py took 0.295 seconds
[2025-08-19T18:34:58.863+0000] {processor.py:157} INFO - Started process (PID=512) to work on /home/airflow/.local/lib/python3.8/site-packages/airflow/example_dags/example_bash_operator.py
[2025-08-19T18:34:58.865+0000] {processor.py:829} INFO - Processing file /home/airflow/.local/lib/python3.8/site-packages/airflow/example_dags/example_bash_operator.py for tasks to queue
[2025-08-19T18:34:58.870+0000] {logging_mixin.py:151} INFO - [2025-08-19T18:34:58.869+0000] {dagbag.py:536} INFO - Filling up the DagBag from /home/airflow/.local/lib/python3.8/site-packages/airflow/example_dags/example_bash_operator.py
[2025-08-19T18:34:58.890+0000] {processor.py:839} INFO - DAG(s) dict_keys(['example_bash_operator']) retrieved from /home/airflow/.local/lib/python3.8/site-packages/airflow/example_dags/example_bash_operator.py
[2025-08-19T18:34:58.938+0000] {logging_mixin.py:151} INFO - [2025-08-19T18:34:58.937+0000] {dag.py:2941} INFO - Sync 1 DAGs
[2025-08-19T18:34:58.971+0000] {logging_mixin.py:151} INFO - [2025-08-19T18:34:58.971+0000] {dag.py:3722} INFO - Setting next_dagrun for example_bash_operator to 2025-08-18T00:00:00+00:00, run_after=2025-08-19T00:00:00+00:00
[2025-08-19T18:34:59.009+0000] {processor.py:179} INFO - Processing /home/airflow/.local/lib/python3.8/site-packages/airflow/example_dags/example_bash_operator.py took 0.151 seconds
[2025-08-19T18:35:31.465+0000] {processor.py:157} INFO - Started process (PID=566) to work on /home/airflow/.local/lib/python3.8/site-packages/airflow/example_dags/example_bash_operator.py
[2025-08-19T18:35:31.468+0000] {processor.py:829} INFO - Processing file /home/airflow/.local/lib/python3.8/site-packages/airflow/example_dags/example_bash_operator.py for tasks to queue
[2025-08-19T18:35:31.473+0000] {logging_mixin.py:151} INFO - [2025-08-19T18:35:31.471+0000] {dagbag.py:536} INFO - Filling up the DagBag from /home/airflow/.local/lib/python3.8/site-packages/airflow/example_dags/example_bash_operator.py
[2025-08-19T18:35:31.492+0000] {processor.py:839} INFO - DAG(s) dict_keys(['example_bash_operator']) retrieved from /home/airflow/.local/lib/python3.8/site-packages/airflow/example_dags/example_bash_operator.py
[2025-08-19T18:35:31.645+0000] {logging_mixin.py:151} INFO - [2025-08-19T18:35:31.644+0000] {dag.py:2941} INFO - Sync 1 DAGs
[2025-08-19T18:35:31.722+0000] {logging_mixin.py:151} INFO - [2025-08-19T18:35:31.721+0000] {dag.py:3722} INFO - Setting next_dagrun for example_bash_operator to 2025-08-18T00:00:00+00:00, run_after=2025-08-19T00:00:00+00:00
[2025-08-19T18:35:31.764+0000] {processor.py:179} INFO - Processing /home/airflow/.local/lib/python3.8/site-packages/airflow/example_dags/example_bash_operator.py took 0.311 seconds
[2025-08-19T18:36:02.042+0000] {processor.py:157} INFO - Started process (PID=620) to work on /home/airflow/.local/lib/python3.8/site-packages/airflow/example_dags/example_bash_operator.py
[2025-08-19T18:36:02.043+0000] {processor.py:829} INFO - Processing file /home/airflow/.local/lib/python3.8/site-packages/airflow/example_dags/example_bash_operator.py for tasks to queue
[2025-08-19T18:36:02.050+0000] {logging_mixin.py:151} INFO - [2025-08-19T18:36:02.049+0000] {dagbag.py:536} INFO - Filling up the DagBag from /home/airflow/.local/lib/python3.8/site-packages/airflow/example_dags/example_bash_operator.py
[2025-08-19T18:36:02.066+0000] {processor.py:839} INFO - DAG(s) dict_keys(['example_bash_operator']) retrieved from /home/airflow/.local/lib/python3.8/site-packages/airflow/example_dags/example_bash_operator.py
[2025-08-19T18:36:02.099+0000] {logging_mixin.py:151} INFO - [2025-08-19T18:36:02.098+0000] {dag.py:2941} INFO - Sync 1 DAGs
[2025-08-19T18:36:02.141+0000] {logging_mixin.py:151} INFO - [2025-08-19T18:36:02.140+0000] {dag.py:3722} INFO - Setting next_dagrun for example_bash_operator to 2025-08-18T00:00:00+00:00, run_after=2025-08-19T00:00:00+00:00
[2025-08-19T18:36:02.166+0000] {processor.py:179} INFO - Processing /home/airflow/.local/lib/python3.8/site-packages/airflow/example_dags/example_bash_operator.py took 0.128 seconds
[2025-08-19T18:36:34.234+0000] {processor.py:157} INFO - Started process (PID=674) to work on /home/airflow/.local/lib/python3.8/site-packages/airflow/example_dags/example_bash_operator.py
[2025-08-19T18:36:34.236+0000] {processor.py:829} INFO - Processing file /home/airflow/.local/lib/python3.8/site-packages/airflow/example_dags/example_bash_operator.py for tasks to queue
[2025-08-19T18:36:34.239+0000] {logging_mixin.py:151} INFO - [2025-08-19T18:36:34.238+0000] {dagbag.py:536} INFO - Filling up the DagBag from /home/airflow/.local/lib/python3.8/site-packages/airflow/example_dags/example_bash_operator.py
[2025-08-19T18:36:34.254+0000] {processor.py:839} INFO - DAG(s) dict_keys(['example_bash_operator']) retrieved from /home/airflow/.local/lib/python3.8/site-packages/airflow/example_dags/example_bash_operator.py
[2025-08-19T18:36:34.293+0000] {logging_mixin.py:151} INFO - [2025-08-19T18:36:34.293+0000] {dag.py:2941} INFO - Sync 1 DAGs
[2025-08-19T18:36:34.323+0000] {logging_mixin.py:151} INFO - [2025-08-19T18:36:34.322+0000] {dag.py:3722} INFO - Setting next_dagrun for example_bash_operator to 2025-08-18T00:00:00+00:00, run_after=2025-08-19T00:00:00+00:00
[2025-08-19T18:36:34.352+0000] {processor.py:179} INFO - Processing /home/airflow/.local/lib/python3.8/site-packages/airflow/example_dags/example_bash_operator.py took 0.121 seconds
[2025-08-19T18:37:05.996+0000] {processor.py:157} INFO - Started process (PID=728) to work on /home/airflow/.local/lib/python3.8/site-packages/airflow/example_dags/example_bash_operator.py
[2025-08-19T18:37:05.999+0000] {processor.py:829} INFO - Processing file /home/airflow/.local/lib/python3.8/site-packages/airflow/example_dags/example_bash_operator.py for tasks to queue
[2025-08-19T18:37:06.004+0000] {logging_mixin.py:151} INFO - [2025-08-19T18:37:06.003+0000] {dagbag.py:536} INFO - Filling up the DagBag from /home/airflow/.local/lib/python3.8/site-packages/airflow/example_dags/example_bash_operator.py
[2025-08-19T18:37:06.024+0000] {processor.py:839} INFO - DAG(s) dict_keys(['example_bash_operator']) retrieved from /home/airflow/.local/lib/python3.8/site-packages/airflow/example_dags/example_bash_operator.py
[2025-08-19T18:37:06.074+0000] {logging_mixin.py:151} INFO - [2025-08-19T18:37:06.072+0000] {dag.py:2941} INFO - Sync 1 DAGs
[2025-08-19T18:37:06.115+0000] {logging_mixin.py:151} INFO - [2025-08-19T18:37:06.115+0000] {dag.py:3722} INFO - Setting next_dagrun for example_bash_operator to 2025-08-18T00:00:00+00:00, run_after=2025-08-19T00:00:00+00:00
[2025-08-19T18:37:06.148+0000] {processor.py:179} INFO - Processing /home/airflow/.local/lib/python3.8/site-packages/airflow/example_dags/example_bash_operator.py took 0.160 seconds
[2025-08-19T18:37:38.599+0000] {processor.py:157} INFO - Started process (PID=783) to work on /home/airflow/.local/lib/python3.8/site-packages/airflow/example_dags/example_bash_operator.py
[2025-08-19T18:37:38.677+0000] {processor.py:829} INFO - Processing file /home/airflow/.local/lib/python3.8/site-packages/airflow/example_dags/example_bash_operator.py for tasks to queue
[2025-08-19T18:37:38.695+0000] {logging_mixin.py:151} INFO - [2025-08-19T18:37:38.685+0000] {dagbag.py:536} INFO - Filling up the DagBag from /home/airflow/.local/lib/python3.8/site-packages/airflow/example_dags/example_bash_operator.py
[2025-08-19T18:37:38.719+0000] {processor.py:839} INFO - DAG(s) dict_keys(['example_bash_operator']) retrieved from /home/airflow/.local/lib/python3.8/site-packages/airflow/example_dags/example_bash_operator.py
[2025-08-19T18:37:38.879+0000] {logging_mixin.py:151} INFO - [2025-08-19T18:37:38.878+0000] {dag.py:2941} INFO - Sync 1 DAGs
[2025-08-19T18:37:39.008+0000] {logging_mixin.py:151} INFO - [2025-08-19T18:37:39.007+0000] {dag.py:3722} INFO - Setting next_dagrun for example_bash_operator to 2025-08-18T00:00:00+00:00, run_after=2025-08-19T00:00:00+00:00
[2025-08-19T18:37:39.099+0000] {processor.py:179} INFO - Processing /home/airflow/.local/lib/python3.8/site-packages/airflow/example_dags/example_bash_operator.py took 0.524 seconds
[2025-08-19T18:38:10.147+0000] {processor.py:157} INFO - Started process (PID=837) to work on /home/airflow/.local/lib/python3.8/site-packages/airflow/example_dags/example_bash_operator.py
[2025-08-19T18:38:10.151+0000] {processor.py:829} INFO - Processing file /home/airflow/.local/lib/python3.8/site-packages/airflow/example_dags/example_bash_operator.py for tasks to queue
[2025-08-19T18:38:10.165+0000] {logging_mixin.py:151} INFO - [2025-08-19T18:38:10.164+0000] {dagbag.py:536} INFO - Filling up the DagBag from /home/airflow/.local/lib/python3.8/site-packages/airflow/example_dags/example_bash_operator.py
[2025-08-19T18:38:10.216+0000] {processor.py:839} INFO - DAG(s) dict_keys(['example_bash_operator']) retrieved from /home/airflow/.local/lib/python3.8/site-packages/airflow/example_dags/example_bash_operator.py
[2025-08-19T18:38:10.349+0000] {logging_mixin.py:151} INFO - [2025-08-19T18:38:10.349+0000] {dag.py:2941} INFO - Sync 1 DAGs
[2025-08-19T18:38:10.417+0000] {logging_mixin.py:151} INFO - [2025-08-19T18:38:10.415+0000] {dag.py:3722} INFO - Setting next_dagrun for example_bash_operator to 2025-08-18T00:00:00+00:00, run_after=2025-08-19T00:00:00+00:00
[2025-08-19T18:38:10.479+0000] {processor.py:179} INFO - Processing /home/airflow/.local/lib/python3.8/site-packages/airflow/example_dags/example_bash_operator.py took 0.351 seconds
[2025-08-19T18:38:40.888+0000] {processor.py:157} INFO - Started process (PID=891) to work on /home/airflow/.local/lib/python3.8/site-packages/airflow/example_dags/example_bash_operator.py
[2025-08-19T18:38:40.890+0000] {processor.py:829} INFO - Processing file /home/airflow/.local/lib/python3.8/site-packages/airflow/example_dags/example_bash_operator.py for tasks to queue
[2025-08-19T18:38:40.893+0000] {logging_mixin.py:151} INFO - [2025-08-19T18:38:40.892+0000] {dagbag.py:536} INFO - Filling up the DagBag from /home/airflow/.local/lib/python3.8/site-packages/airflow/example_dags/example_bash_operator.py
[2025-08-19T18:38:40.910+0000] {processor.py:839} INFO - DAG(s) dict_keys(['example_bash_operator']) retrieved from /home/airflow/.local/lib/python3.8/site-packages/airflow/example_dags/example_bash_operator.py
[2025-08-19T18:38:40.977+0000] {logging_mixin.py:151} INFO - [2025-08-19T18:38:40.977+0000] {dag.py:2941} INFO - Sync 1 DAGs
[2025-08-19T18:38:41.026+0000] {logging_mixin.py:151} INFO - [2025-08-19T18:38:41.025+0000] {dag.py:3722} INFO - Setting next_dagrun for example_bash_operator to 2025-08-18T00:00:00+00:00, run_after=2025-08-19T00:00:00+00:00
[2025-08-19T18:38:41.072+0000] {processor.py:179} INFO - Processing /home/airflow/.local/lib/python3.8/site-packages/airflow/example_dags/example_bash_operator.py took 0.188 seconds
[2025-08-19T18:39:13.079+0000] {processor.py:157} INFO - Started process (PID=945) to work on /home/airflow/.local/lib/python3.8/site-packages/airflow/example_dags/example_bash_operator.py
[2025-08-19T18:39:13.081+0000] {processor.py:829} INFO - Processing file /home/airflow/.local/lib/python3.8/site-packages/airflow/example_dags/example_bash_operator.py for tasks to queue
[2025-08-19T18:39:13.087+0000] {logging_mixin.py:151} INFO - [2025-08-19T18:39:13.087+0000] {dagbag.py:536} INFO - Filling up the DagBag from /home/airflow/.local/lib/python3.8/site-packages/airflow/example_dags/example_bash_operator.py
[2025-08-19T18:39:13.110+0000] {processor.py:839} INFO - DAG(s) dict_keys(['example_bash_operator']) retrieved from /home/airflow/.local/lib/python3.8/site-packages/airflow/example_dags/example_bash_operator.py
[2025-08-19T18:39:13.167+0000] {logging_mixin.py:151} INFO - [2025-08-19T18:39:13.166+0000] {dag.py:2941} INFO - Sync 1 DAGs
[2025-08-19T18:39:13.222+0000] {logging_mixin.py:151} INFO - [2025-08-19T18:39:13.221+0000] {dag.py:3722} INFO - Setting next_dagrun for example_bash_operator to 2025-08-18T00:00:00+00:00, run_after=2025-08-19T00:00:00+00:00
[2025-08-19T18:39:13.264+0000] {processor.py:179} INFO - Processing /home/airflow/.local/lib/python3.8/site-packages/airflow/example_dags/example_bash_operator.py took 0.193 seconds
