[2025-08-19T18:23:15.211+0000] {processor.py:157} INFO - Started process (PID=130) to work on /home/airflow/.local/lib/python3.8/site-packages/airflow/example_dags/tutorial_taskflow_api.py
[2025-08-19T18:23:15.231+0000] {processor.py:829} INFO - Processing file /home/airflow/.local/lib/python3.8/site-packages/airflow/example_dags/tutorial_taskflow_api.py for tasks to queue
[2025-08-19T18:23:15.452+0000] {logging_mixin.py:151} INFO - [2025-08-19T18:23:15.255+0000] {dagbag.py:536} INFO - Filling up the DagBag from /home/airflow/.local/lib/python3.8/site-packages/airflow/example_dags/tutorial_taskflow_api.py
[2025-08-19T18:23:15.720+0000] {processor.py:839} INFO - DAG(s) dict_keys(['tutorial_taskflow_api']) retrieved from /home/airflow/.local/lib/python3.8/site-packages/airflow/example_dags/tutorial_taskflow_api.py
[2025-08-19T18:23:15.982+0000] {logging_mixin.py:151} INFO - [2025-08-19T18:23:15.981+0000] {dag.py:2941} INFO - Sync 1 DAGs
[2025-08-19T18:23:16.247+0000] {logging_mixin.py:151} INFO - [2025-08-19T18:23:16.246+0000] {dag.py:3722} INFO - Setting next_dagrun for tutorial_taskflow_api to None, run_after=None
[2025-08-19T18:23:16.664+0000] {processor.py:179} INFO - Processing /home/airflow/.local/lib/python3.8/site-packages/airflow/example_dags/tutorial_taskflow_api.py took 1.605 seconds
[2025-08-19T18:23:47.624+0000] {processor.py:157} INFO - Started process (PID=184) to work on /home/airflow/.local/lib/python3.8/site-packages/airflow/example_dags/tutorial_taskflow_api.py
[2025-08-19T18:23:47.638+0000] {processor.py:829} INFO - Processing file /home/airflow/.local/lib/python3.8/site-packages/airflow/example_dags/tutorial_taskflow_api.py for tasks to queue
[2025-08-19T18:23:47.647+0000] {logging_mixin.py:151} INFO - [2025-08-19T18:23:47.646+0000] {dagbag.py:536} INFO - Filling up the DagBag from /home/airflow/.local/lib/python3.8/site-packages/airflow/example_dags/tutorial_taskflow_api.py
[2025-08-19T18:23:47.722+0000] {processor.py:839} INFO - DAG(s) dict_keys(['tutorial_taskflow_api']) retrieved from /home/airflow/.local/lib/python3.8/site-packages/airflow/example_dags/tutorial_taskflow_api.py
[2025-08-19T18:23:48.282+0000] {logging_mixin.py:151} INFO - [2025-08-19T18:23:48.281+0000] {dag.py:2941} INFO - Sync 1 DAGs
[2025-08-19T18:23:48.350+0000] {logging_mixin.py:151} INFO - [2025-08-19T18:23:48.350+0000] {dag.py:3722} INFO - Setting next_dagrun for tutorial_taskflow_api to None, run_after=None
[2025-08-19T18:23:48.462+0000] {processor.py:179} INFO - Processing /home/airflow/.local/lib/python3.8/site-packages/airflow/example_dags/tutorial_taskflow_api.py took 0.897 seconds
[2025-08-19T18:24:18.838+0000] {processor.py:157} INFO - Started process (PID=238) to work on /home/airflow/.local/lib/python3.8/site-packages/airflow/example_dags/tutorial_taskflow_api.py
[2025-08-19T18:24:18.840+0000] {processor.py:829} INFO - Processing file /home/airflow/.local/lib/python3.8/site-packages/airflow/example_dags/tutorial_taskflow_api.py for tasks to queue
[2025-08-19T18:24:18.844+0000] {logging_mixin.py:151} INFO - [2025-08-19T18:24:18.843+0000] {dagbag.py:536} INFO - Filling up the DagBag from /home/airflow/.local/lib/python3.8/site-packages/airflow/example_dags/tutorial_taskflow_api.py
[2025-08-19T18:24:18.854+0000] {processor.py:839} INFO - DAG(s) dict_keys(['tutorial_taskflow_api']) retrieved from /home/airflow/.local/lib/python3.8/site-packages/airflow/example_dags/tutorial_taskflow_api.py
[2025-08-19T18:24:18.890+0000] {logging_mixin.py:151} INFO - [2025-08-19T18:24:18.889+0000] {dag.py:2941} INFO - Sync 1 DAGs
[2025-08-19T18:24:18.908+0000] {logging_mixin.py:151} INFO - [2025-08-19T18:24:18.907+0000] {dag.py:3722} INFO - Setting next_dagrun for tutorial_taskflow_api to None, run_after=None
[2025-08-19T18:24:18.936+0000] {processor.py:179} INFO - Processing /home/airflow/.local/lib/python3.8/site-packages/airflow/example_dags/tutorial_taskflow_api.py took 0.103 seconds
[2025-08-19T18:24:49.830+0000] {processor.py:157} INFO - Started process (PID=292) to work on /home/airflow/.local/lib/python3.8/site-packages/airflow/example_dags/tutorial_taskflow_api.py
[2025-08-19T18:24:49.847+0000] {processor.py:829} INFO - Processing file /home/airflow/.local/lib/python3.8/site-packages/airflow/example_dags/tutorial_taskflow_api.py for tasks to queue
[2025-08-19T18:24:49.870+0000] {logging_mixin.py:151} INFO - [2025-08-19T18:24:49.868+0000] {dagbag.py:536} INFO - Filling up the DagBag from /home/airflow/.local/lib/python3.8/site-packages/airflow/example_dags/tutorial_taskflow_api.py
[2025-08-19T18:24:49.912+0000] {processor.py:839} INFO - DAG(s) dict_keys(['tutorial_taskflow_api']) retrieved from /home/airflow/.local/lib/python3.8/site-packages/airflow/example_dags/tutorial_taskflow_api.py
[2025-08-19T18:24:50.025+0000] {logging_mixin.py:151} INFO - [2025-08-19T18:24:50.025+0000] {dag.py:2941} INFO - Sync 1 DAGs
[2025-08-19T18:24:50.105+0000] {logging_mixin.py:151} INFO - [2025-08-19T18:24:50.105+0000] {dag.py:3722} INFO - Setting next_dagrun for tutorial_taskflow_api to None, run_after=None
[2025-08-19T18:24:50.223+0000] {processor.py:179} INFO - Processing /home/airflow/.local/lib/python3.8/site-packages/airflow/example_dags/tutorial_taskflow_api.py took 0.415 seconds
[2025-08-19T18:25:20.594+0000] {processor.py:157} INFO - Started process (PID=346) to work on /home/airflow/.local/lib/python3.8/site-packages/airflow/example_dags/tutorial_taskflow_api.py
[2025-08-19T18:25:21.039+0000] {processor.py:829} INFO - Processing file /home/airflow/.local/lib/python3.8/site-packages/airflow/example_dags/tutorial_taskflow_api.py for tasks to queue
[2025-08-19T18:25:21.057+0000] {logging_mixin.py:151} INFO - [2025-08-19T18:25:21.056+0000] {dagbag.py:536} INFO - Filling up the DagBag from /home/airflow/.local/lib/python3.8/site-packages/airflow/example_dags/tutorial_taskflow_api.py
[2025-08-19T18:25:21.102+0000] {processor.py:839} INFO - DAG(s) dict_keys(['tutorial_taskflow_api']) retrieved from /home/airflow/.local/lib/python3.8/site-packages/airflow/example_dags/tutorial_taskflow_api.py
[2025-08-19T18:25:21.210+0000] {logging_mixin.py:151} INFO - [2025-08-19T18:25:21.209+0000] {dag.py:2941} INFO - Sync 1 DAGs
[2025-08-19T18:25:21.305+0000] {logging_mixin.py:151} INFO - [2025-08-19T18:25:21.295+0000] {dag.py:3722} INFO - Setting next_dagrun for tutorial_taskflow_api to None, run_after=None
[2025-08-19T18:25:21.392+0000] {processor.py:179} INFO - Processing /home/airflow/.local/lib/python3.8/site-packages/airflow/example_dags/tutorial_taskflow_api.py took 0.803 seconds
[2025-08-19T18:25:51.586+0000] {processor.py:157} INFO - Started process (PID=399) to work on /home/airflow/.local/lib/python3.8/site-packages/airflow/example_dags/tutorial_taskflow_api.py
[2025-08-19T18:25:51.588+0000] {processor.py:829} INFO - Processing file /home/airflow/.local/lib/python3.8/site-packages/airflow/example_dags/tutorial_taskflow_api.py for tasks to queue
[2025-08-19T18:25:51.598+0000] {logging_mixin.py:151} INFO - [2025-08-19T18:25:51.598+0000] {dagbag.py:536} INFO - Filling up the DagBag from /home/airflow/.local/lib/python3.8/site-packages/airflow/example_dags/tutorial_taskflow_api.py
[2025-08-19T18:25:51.608+0000] {processor.py:839} INFO - DAG(s) dict_keys(['tutorial_taskflow_api']) retrieved from /home/airflow/.local/lib/python3.8/site-packages/airflow/example_dags/tutorial_taskflow_api.py
[2025-08-19T18:25:51.646+0000] {logging_mixin.py:151} INFO - [2025-08-19T18:25:51.646+0000] {dag.py:2941} INFO - Sync 1 DAGs
[2025-08-19T18:25:51.671+0000] {logging_mixin.py:151} INFO - [2025-08-19T18:25:51.671+0000] {dag.py:3722} INFO - Setting next_dagrun for tutorial_taskflow_api to None, run_after=None
[2025-08-19T18:25:51.720+0000] {processor.py:179} INFO - Processing /home/airflow/.local/lib/python3.8/site-packages/airflow/example_dags/tutorial_taskflow_api.py took 0.149 seconds
[2025-08-19T18:26:24.465+0000] {processor.py:157} INFO - Started process (PID=455) to work on /home/airflow/.local/lib/python3.8/site-packages/airflow/example_dags/tutorial_taskflow_api.py
[2025-08-19T18:26:24.469+0000] {processor.py:829} INFO - Processing file /home/airflow/.local/lib/python3.8/site-packages/airflow/example_dags/tutorial_taskflow_api.py for tasks to queue
[2025-08-19T18:26:24.481+0000] {logging_mixin.py:151} INFO - [2025-08-19T18:26:24.479+0000] {dagbag.py:536} INFO - Filling up the DagBag from /home/airflow/.local/lib/python3.8/site-packages/airflow/example_dags/tutorial_taskflow_api.py
[2025-08-19T18:26:24.496+0000] {processor.py:839} INFO - DAG(s) dict_keys(['tutorial_taskflow_api']) retrieved from /home/airflow/.local/lib/python3.8/site-packages/airflow/example_dags/tutorial_taskflow_api.py
[2025-08-19T18:26:24.550+0000] {logging_mixin.py:151} INFO - [2025-08-19T18:26:24.550+0000] {dag.py:2941} INFO - Sync 1 DAGs
[2025-08-19T18:26:24.582+0000] {logging_mixin.py:151} INFO - [2025-08-19T18:26:24.582+0000] {dag.py:3722} INFO - Setting next_dagrun for tutorial_taskflow_api to None, run_after=None
[2025-08-19T18:26:24.657+0000] {processor.py:179} INFO - Processing /home/airflow/.local/lib/python3.8/site-packages/airflow/example_dags/tutorial_taskflow_api.py took 0.206 seconds
[2025-08-19T18:26:55.698+0000] {processor.py:157} INFO - Started process (PID=509) to work on /home/airflow/.local/lib/python3.8/site-packages/airflow/example_dags/tutorial_taskflow_api.py
[2025-08-19T18:26:55.700+0000] {processor.py:829} INFO - Processing file /home/airflow/.local/lib/python3.8/site-packages/airflow/example_dags/tutorial_taskflow_api.py for tasks to queue
[2025-08-19T18:26:55.707+0000] {logging_mixin.py:151} INFO - [2025-08-19T18:26:55.706+0000] {dagbag.py:536} INFO - Filling up the DagBag from /home/airflow/.local/lib/python3.8/site-packages/airflow/example_dags/tutorial_taskflow_api.py
[2025-08-19T18:26:55.725+0000] {processor.py:839} INFO - DAG(s) dict_keys(['tutorial_taskflow_api']) retrieved from /home/airflow/.local/lib/python3.8/site-packages/airflow/example_dags/tutorial_taskflow_api.py
[2025-08-19T18:26:55.781+0000] {logging_mixin.py:151} INFO - [2025-08-19T18:26:55.781+0000] {dag.py:2941} INFO - Sync 1 DAGs
[2025-08-19T18:26:55.818+0000] {logging_mixin.py:151} INFO - [2025-08-19T18:26:55.818+0000] {dag.py:3722} INFO - Setting next_dagrun for tutorial_taskflow_api to None, run_after=None
[2025-08-19T18:26:55.877+0000] {processor.py:179} INFO - Processing /home/airflow/.local/lib/python3.8/site-packages/airflow/example_dags/tutorial_taskflow_api.py took 0.187 seconds
[2025-08-19T18:27:26.783+0000] {processor.py:157} INFO - Started process (PID=563) to work on /home/airflow/.local/lib/python3.8/site-packages/airflow/example_dags/tutorial_taskflow_api.py
[2025-08-19T18:27:26.787+0000] {processor.py:829} INFO - Processing file /home/airflow/.local/lib/python3.8/site-packages/airflow/example_dags/tutorial_taskflow_api.py for tasks to queue
[2025-08-19T18:27:26.797+0000] {logging_mixin.py:151} INFO - [2025-08-19T18:27:26.795+0000] {dagbag.py:536} INFO - Filling up the DagBag from /home/airflow/.local/lib/python3.8/site-packages/airflow/example_dags/tutorial_taskflow_api.py
[2025-08-19T18:27:26.826+0000] {processor.py:839} INFO - DAG(s) dict_keys(['tutorial_taskflow_api']) retrieved from /home/airflow/.local/lib/python3.8/site-packages/airflow/example_dags/tutorial_taskflow_api.py
[2025-08-19T18:27:26.959+0000] {logging_mixin.py:151} INFO - [2025-08-19T18:27:26.958+0000] {dag.py:2941} INFO - Sync 1 DAGs
[2025-08-19T18:27:27.052+0000] {logging_mixin.py:151} INFO - [2025-08-19T18:27:27.051+0000] {dag.py:3722} INFO - Setting next_dagrun for tutorial_taskflow_api to None, run_after=None
[2025-08-19T18:27:27.169+0000] {processor.py:179} INFO - Processing /home/airflow/.local/lib/python3.8/site-packages/airflow/example_dags/tutorial_taskflow_api.py took 0.400 seconds
[2025-08-19T18:27:57.289+0000] {processor.py:157} INFO - Started process (PID=617) to work on /home/airflow/.local/lib/python3.8/site-packages/airflow/example_dags/tutorial_taskflow_api.py
[2025-08-19T18:27:57.291+0000] {processor.py:829} INFO - Processing file /home/airflow/.local/lib/python3.8/site-packages/airflow/example_dags/tutorial_taskflow_api.py for tasks to queue
[2025-08-19T18:27:57.294+0000] {logging_mixin.py:151} INFO - [2025-08-19T18:27:57.294+0000] {dagbag.py:536} INFO - Filling up the DagBag from /home/airflow/.local/lib/python3.8/site-packages/airflow/example_dags/tutorial_taskflow_api.py
[2025-08-19T18:27:57.304+0000] {processor.py:839} INFO - DAG(s) dict_keys(['tutorial_taskflow_api']) retrieved from /home/airflow/.local/lib/python3.8/site-packages/airflow/example_dags/tutorial_taskflow_api.py
[2025-08-19T18:27:57.341+0000] {logging_mixin.py:151} INFO - [2025-08-19T18:27:57.341+0000] {dag.py:2941} INFO - Sync 1 DAGs
[2025-08-19T18:27:57.360+0000] {logging_mixin.py:151} INFO - [2025-08-19T18:27:57.359+0000] {dag.py:3722} INFO - Setting next_dagrun for tutorial_taskflow_api to None, run_after=None
[2025-08-19T18:27:57.394+0000] {processor.py:179} INFO - Processing /home/airflow/.local/lib/python3.8/site-packages/airflow/example_dags/tutorial_taskflow_api.py took 0.110 seconds
[2025-08-19T18:28:27.788+0000] {processor.py:157} INFO - Started process (PID=671) to work on /home/airflow/.local/lib/python3.8/site-packages/airflow/example_dags/tutorial_taskflow_api.py
[2025-08-19T18:28:27.790+0000] {processor.py:829} INFO - Processing file /home/airflow/.local/lib/python3.8/site-packages/airflow/example_dags/tutorial_taskflow_api.py for tasks to queue
[2025-08-19T18:28:27.799+0000] {logging_mixin.py:151} INFO - [2025-08-19T18:28:27.799+0000] {dagbag.py:536} INFO - Filling up the DagBag from /home/airflow/.local/lib/python3.8/site-packages/airflow/example_dags/tutorial_taskflow_api.py
[2025-08-19T18:28:27.811+0000] {processor.py:839} INFO - DAG(s) dict_keys(['tutorial_taskflow_api']) retrieved from /home/airflow/.local/lib/python3.8/site-packages/airflow/example_dags/tutorial_taskflow_api.py
[2025-08-19T18:28:27.855+0000] {logging_mixin.py:151} INFO - [2025-08-19T18:28:27.855+0000] {dag.py:2941} INFO - Sync 1 DAGs
[2025-08-19T18:28:27.876+0000] {logging_mixin.py:151} INFO - [2025-08-19T18:28:27.876+0000] {dag.py:3722} INFO - Setting next_dagrun for tutorial_taskflow_api to None, run_after=None
[2025-08-19T18:28:27.912+0000] {processor.py:179} INFO - Processing /home/airflow/.local/lib/python3.8/site-packages/airflow/example_dags/tutorial_taskflow_api.py took 0.132 seconds
[2025-08-19T18:28:58.324+0000] {processor.py:157} INFO - Started process (PID=725) to work on /home/airflow/.local/lib/python3.8/site-packages/airflow/example_dags/tutorial_taskflow_api.py
[2025-08-19T18:28:58.326+0000] {processor.py:829} INFO - Processing file /home/airflow/.local/lib/python3.8/site-packages/airflow/example_dags/tutorial_taskflow_api.py for tasks to queue
[2025-08-19T18:28:58.331+0000] {logging_mixin.py:151} INFO - [2025-08-19T18:28:58.331+0000] {dagbag.py:536} INFO - Filling up the DagBag from /home/airflow/.local/lib/python3.8/site-packages/airflow/example_dags/tutorial_taskflow_api.py
[2025-08-19T18:28:58.343+0000] {processor.py:839} INFO - DAG(s) dict_keys(['tutorial_taskflow_api']) retrieved from /home/airflow/.local/lib/python3.8/site-packages/airflow/example_dags/tutorial_taskflow_api.py
[2025-08-19T18:28:58.384+0000] {logging_mixin.py:151} INFO - [2025-08-19T18:28:58.384+0000] {dag.py:2941} INFO - Sync 1 DAGs
[2025-08-19T18:28:58.411+0000] {logging_mixin.py:151} INFO - [2025-08-19T18:28:58.411+0000] {dag.py:3722} INFO - Setting next_dagrun for tutorial_taskflow_api to None, run_after=None
[2025-08-19T18:28:58.460+0000] {processor.py:179} INFO - Processing /home/airflow/.local/lib/python3.8/site-packages/airflow/example_dags/tutorial_taskflow_api.py took 0.142 seconds
[2025-08-19T18:29:29.343+0000] {processor.py:157} INFO - Started process (PID=779) to work on /home/airflow/.local/lib/python3.8/site-packages/airflow/example_dags/tutorial_taskflow_api.py
[2025-08-19T18:29:29.346+0000] {processor.py:829} INFO - Processing file /home/airflow/.local/lib/python3.8/site-packages/airflow/example_dags/tutorial_taskflow_api.py for tasks to queue
[2025-08-19T18:29:29.351+0000] {logging_mixin.py:151} INFO - [2025-08-19T18:29:29.350+0000] {dagbag.py:536} INFO - Filling up the DagBag from /home/airflow/.local/lib/python3.8/site-packages/airflow/example_dags/tutorial_taskflow_api.py
[2025-08-19T18:29:29.362+0000] {processor.py:839} INFO - DAG(s) dict_keys(['tutorial_taskflow_api']) retrieved from /home/airflow/.local/lib/python3.8/site-packages/airflow/example_dags/tutorial_taskflow_api.py
[2025-08-19T18:29:29.400+0000] {logging_mixin.py:151} INFO - [2025-08-19T18:29:29.399+0000] {dag.py:2941} INFO - Sync 1 DAGs
[2025-08-19T18:29:29.421+0000] {logging_mixin.py:151} INFO - [2025-08-19T18:29:29.421+0000] {dag.py:3722} INFO - Setting next_dagrun for tutorial_taskflow_api to None, run_after=None
[2025-08-19T18:29:29.457+0000] {processor.py:179} INFO - Processing /home/airflow/.local/lib/python3.8/site-packages/airflow/example_dags/tutorial_taskflow_api.py took 0.120 seconds
[2025-08-19T18:30:00.405+0000] {processor.py:157} INFO - Started process (PID=830) to work on /home/airflow/.local/lib/python3.8/site-packages/airflow/example_dags/tutorial_taskflow_api.py
[2025-08-19T18:30:00.408+0000] {processor.py:829} INFO - Processing file /home/airflow/.local/lib/python3.8/site-packages/airflow/example_dags/tutorial_taskflow_api.py for tasks to queue
[2025-08-19T18:30:00.413+0000] {logging_mixin.py:151} INFO - [2025-08-19T18:30:00.413+0000] {dagbag.py:536} INFO - Filling up the DagBag from /home/airflow/.local/lib/python3.8/site-packages/airflow/example_dags/tutorial_taskflow_api.py
[2025-08-19T18:30:00.428+0000] {processor.py:839} INFO - DAG(s) dict_keys(['tutorial_taskflow_api']) retrieved from /home/airflow/.local/lib/python3.8/site-packages/airflow/example_dags/tutorial_taskflow_api.py
[2025-08-19T18:30:00.466+0000] {logging_mixin.py:151} INFO - [2025-08-19T18:30:00.466+0000] {dag.py:2941} INFO - Sync 1 DAGs
[2025-08-19T18:30:00.490+0000] {logging_mixin.py:151} INFO - [2025-08-19T18:30:00.489+0000] {dag.py:3722} INFO - Setting next_dagrun for tutorial_taskflow_api to None, run_after=None
[2025-08-19T18:30:00.527+0000] {processor.py:179} INFO - Processing /home/airflow/.local/lib/python3.8/site-packages/airflow/example_dags/tutorial_taskflow_api.py took 0.129 seconds
[2025-08-19T18:30:59.845+0000] {processor.py:157} INFO - Started process (PID=121) to work on /home/airflow/.local/lib/python3.8/site-packages/airflow/example_dags/tutorial_taskflow_api.py
[2025-08-19T18:30:59.849+0000] {processor.py:829} INFO - Processing file /home/airflow/.local/lib/python3.8/site-packages/airflow/example_dags/tutorial_taskflow_api.py for tasks to queue
[2025-08-19T18:30:59.854+0000] {logging_mixin.py:151} INFO - [2025-08-19T18:30:59.853+0000] {dagbag.py:536} INFO - Filling up the DagBag from /home/airflow/.local/lib/python3.8/site-packages/airflow/example_dags/tutorial_taskflow_api.py
[2025-08-19T18:30:59.870+0000] {processor.py:839} INFO - DAG(s) dict_keys(['tutorial_taskflow_api']) retrieved from /home/airflow/.local/lib/python3.8/site-packages/airflow/example_dags/tutorial_taskflow_api.py
[2025-08-19T18:30:59.931+0000] {logging_mixin.py:151} INFO - [2025-08-19T18:30:59.931+0000] {dag.py:2941} INFO - Sync 1 DAGs
[2025-08-19T18:30:59.965+0000] {logging_mixin.py:151} INFO - [2025-08-19T18:30:59.965+0000] {dag.py:3722} INFO - Setting next_dagrun for tutorial_taskflow_api to None, run_after=None
[2025-08-19T18:31:00.045+0000] {processor.py:179} INFO - Processing /home/airflow/.local/lib/python3.8/site-packages/airflow/example_dags/tutorial_taskflow_api.py took 0.208 seconds
[2025-08-19T18:31:30.242+0000] {processor.py:157} INFO - Started process (PID=176) to work on /home/airflow/.local/lib/python3.8/site-packages/airflow/example_dags/tutorial_taskflow_api.py
[2025-08-19T18:31:30.244+0000] {processor.py:829} INFO - Processing file /home/airflow/.local/lib/python3.8/site-packages/airflow/example_dags/tutorial_taskflow_api.py for tasks to queue
[2025-08-19T18:31:30.247+0000] {logging_mixin.py:151} INFO - [2025-08-19T18:31:30.247+0000] {dagbag.py:536} INFO - Filling up the DagBag from /home/airflow/.local/lib/python3.8/site-packages/airflow/example_dags/tutorial_taskflow_api.py
[2025-08-19T18:31:30.260+0000] {processor.py:839} INFO - DAG(s) dict_keys(['tutorial_taskflow_api']) retrieved from /home/airflow/.local/lib/python3.8/site-packages/airflow/example_dags/tutorial_taskflow_api.py
[2025-08-19T18:31:30.315+0000] {logging_mixin.py:151} INFO - [2025-08-19T18:31:30.314+0000] {dag.py:2941} INFO - Sync 1 DAGs
[2025-08-19T18:31:30.352+0000] {logging_mixin.py:151} INFO - [2025-08-19T18:31:30.351+0000] {dag.py:3722} INFO - Setting next_dagrun for tutorial_taskflow_api to None, run_after=None
[2025-08-19T18:31:30.399+0000] {processor.py:179} INFO - Processing /home/airflow/.local/lib/python3.8/site-packages/airflow/example_dags/tutorial_taskflow_api.py took 0.163 seconds
[2025-08-19T18:32:00.541+0000] {processor.py:157} INFO - Started process (PID=230) to work on /home/airflow/.local/lib/python3.8/site-packages/airflow/example_dags/tutorial_taskflow_api.py
[2025-08-19T18:32:00.543+0000] {processor.py:829} INFO - Processing file /home/airflow/.local/lib/python3.8/site-packages/airflow/example_dags/tutorial_taskflow_api.py for tasks to queue
[2025-08-19T18:32:00.546+0000] {logging_mixin.py:151} INFO - [2025-08-19T18:32:00.545+0000] {dagbag.py:536} INFO - Filling up the DagBag from /home/airflow/.local/lib/python3.8/site-packages/airflow/example_dags/tutorial_taskflow_api.py
[2025-08-19T18:32:00.554+0000] {processor.py:839} INFO - DAG(s) dict_keys(['tutorial_taskflow_api']) retrieved from /home/airflow/.local/lib/python3.8/site-packages/airflow/example_dags/tutorial_taskflow_api.py
[2025-08-19T18:32:00.595+0000] {logging_mixin.py:151} INFO - [2025-08-19T18:32:00.595+0000] {dag.py:2941} INFO - Sync 1 DAGs
[2025-08-19T18:32:00.611+0000] {logging_mixin.py:151} INFO - [2025-08-19T18:32:00.611+0000] {dag.py:3722} INFO - Setting next_dagrun for tutorial_taskflow_api to None, run_after=None
[2025-08-19T18:32:00.642+0000] {processor.py:179} INFO - Processing /home/airflow/.local/lib/python3.8/site-packages/airflow/example_dags/tutorial_taskflow_api.py took 0.109 seconds
[2025-08-19T18:32:31.340+0000] {processor.py:157} INFO - Started process (PID=284) to work on /home/airflow/.local/lib/python3.8/site-packages/airflow/example_dags/tutorial_taskflow_api.py
[2025-08-19T18:32:31.342+0000] {processor.py:829} INFO - Processing file /home/airflow/.local/lib/python3.8/site-packages/airflow/example_dags/tutorial_taskflow_api.py for tasks to queue
[2025-08-19T18:32:31.344+0000] {logging_mixin.py:151} INFO - [2025-08-19T18:32:31.344+0000] {dagbag.py:536} INFO - Filling up the DagBag from /home/airflow/.local/lib/python3.8/site-packages/airflow/example_dags/tutorial_taskflow_api.py
[2025-08-19T18:32:31.353+0000] {processor.py:839} INFO - DAG(s) dict_keys(['tutorial_taskflow_api']) retrieved from /home/airflow/.local/lib/python3.8/site-packages/airflow/example_dags/tutorial_taskflow_api.py
[2025-08-19T18:32:31.402+0000] {logging_mixin.py:151} INFO - [2025-08-19T18:32:31.401+0000] {dag.py:2941} INFO - Sync 1 DAGs
[2025-08-19T18:32:31.429+0000] {logging_mixin.py:151} INFO - [2025-08-19T18:32:31.428+0000] {dag.py:3722} INFO - Setting next_dagrun for tutorial_taskflow_api to None, run_after=None
[2025-08-19T18:32:31.466+0000] {processor.py:179} INFO - Processing /home/airflow/.local/lib/python3.8/site-packages/airflow/example_dags/tutorial_taskflow_api.py took 0.132 seconds
[2025-08-19T18:33:02.164+0000] {processor.py:157} INFO - Started process (PID=331) to work on /home/airflow/.local/lib/python3.8/site-packages/airflow/example_dags/tutorial_taskflow_api.py
[2025-08-19T18:33:02.168+0000] {processor.py:829} INFO - Processing file /home/airflow/.local/lib/python3.8/site-packages/airflow/example_dags/tutorial_taskflow_api.py for tasks to queue
[2025-08-19T18:33:02.174+0000] {logging_mixin.py:151} INFO - [2025-08-19T18:33:02.173+0000] {dagbag.py:536} INFO - Filling up the DagBag from /home/airflow/.local/lib/python3.8/site-packages/airflow/example_dags/tutorial_taskflow_api.py
[2025-08-19T18:33:02.193+0000] {processor.py:839} INFO - DAG(s) dict_keys(['tutorial_taskflow_api']) retrieved from /home/airflow/.local/lib/python3.8/site-packages/airflow/example_dags/tutorial_taskflow_api.py
[2025-08-19T18:33:02.285+0000] {logging_mixin.py:151} INFO - [2025-08-19T18:33:02.284+0000] {dag.py:2941} INFO - Sync 1 DAGs
[2025-08-19T18:33:02.328+0000] {logging_mixin.py:151} INFO - [2025-08-19T18:33:02.328+0000] {dag.py:3722} INFO - Setting next_dagrun for tutorial_taskflow_api to None, run_after=None
[2025-08-19T18:33:02.376+0000] {processor.py:179} INFO - Processing /home/airflow/.local/lib/python3.8/site-packages/airflow/example_dags/tutorial_taskflow_api.py took 0.228 seconds
[2025-08-19T18:33:32.523+0000] {processor.py:157} INFO - Started process (PID=385) to work on /home/airflow/.local/lib/python3.8/site-packages/airflow/example_dags/tutorial_taskflow_api.py
[2025-08-19T18:33:32.524+0000] {processor.py:829} INFO - Processing file /home/airflow/.local/lib/python3.8/site-packages/airflow/example_dags/tutorial_taskflow_api.py for tasks to queue
[2025-08-19T18:33:32.528+0000] {logging_mixin.py:151} INFO - [2025-08-19T18:33:32.527+0000] {dagbag.py:536} INFO - Filling up the DagBag from /home/airflow/.local/lib/python3.8/site-packages/airflow/example_dags/tutorial_taskflow_api.py
[2025-08-19T18:33:32.538+0000] {processor.py:839} INFO - DAG(s) dict_keys(['tutorial_taskflow_api']) retrieved from /home/airflow/.local/lib/python3.8/site-packages/airflow/example_dags/tutorial_taskflow_api.py
[2025-08-19T18:33:32.574+0000] {logging_mixin.py:151} INFO - [2025-08-19T18:33:32.573+0000] {dag.py:2941} INFO - Sync 1 DAGs
[2025-08-19T18:33:32.599+0000] {logging_mixin.py:151} INFO - [2025-08-19T18:33:32.598+0000] {dag.py:3722} INFO - Setting next_dagrun for tutorial_taskflow_api to None, run_after=None
[2025-08-19T18:33:32.631+0000] {processor.py:179} INFO - Processing /home/airflow/.local/lib/python3.8/site-packages/airflow/example_dags/tutorial_taskflow_api.py took 0.113 seconds
[2025-08-19T18:34:03.281+0000] {processor.py:157} INFO - Started process (PID=439) to work on /home/airflow/.local/lib/python3.8/site-packages/airflow/example_dags/tutorial_taskflow_api.py
[2025-08-19T18:34:03.283+0000] {processor.py:829} INFO - Processing file /home/airflow/.local/lib/python3.8/site-packages/airflow/example_dags/tutorial_taskflow_api.py for tasks to queue
[2025-08-19T18:34:03.288+0000] {logging_mixin.py:151} INFO - [2025-08-19T18:34:03.287+0000] {dagbag.py:536} INFO - Filling up the DagBag from /home/airflow/.local/lib/python3.8/site-packages/airflow/example_dags/tutorial_taskflow_api.py
[2025-08-19T18:34:03.298+0000] {processor.py:839} INFO - DAG(s) dict_keys(['tutorial_taskflow_api']) retrieved from /home/airflow/.local/lib/python3.8/site-packages/airflow/example_dags/tutorial_taskflow_api.py
[2025-08-19T18:34:03.335+0000] {logging_mixin.py:151} INFO - [2025-08-19T18:34:03.334+0000] {dag.py:2941} INFO - Sync 1 DAGs
[2025-08-19T18:34:03.358+0000] {logging_mixin.py:151} INFO - [2025-08-19T18:34:03.358+0000] {dag.py:3722} INFO - Setting next_dagrun for tutorial_taskflow_api to None, run_after=None
[2025-08-19T18:34:03.392+0000] {processor.py:179} INFO - Processing /home/airflow/.local/lib/python3.8/site-packages/airflow/example_dags/tutorial_taskflow_api.py took 0.119 seconds
[2025-08-19T18:34:34.209+0000] {processor.py:157} INFO - Started process (PID=493) to work on /home/airflow/.local/lib/python3.8/site-packages/airflow/example_dags/tutorial_taskflow_api.py
[2025-08-19T18:34:34.211+0000] {processor.py:829} INFO - Processing file /home/airflow/.local/lib/python3.8/site-packages/airflow/example_dags/tutorial_taskflow_api.py for tasks to queue
[2025-08-19T18:34:34.215+0000] {logging_mixin.py:151} INFO - [2025-08-19T18:34:34.214+0000] {dagbag.py:536} INFO - Filling up the DagBag from /home/airflow/.local/lib/python3.8/site-packages/airflow/example_dags/tutorial_taskflow_api.py
[2025-08-19T18:34:34.224+0000] {processor.py:839} INFO - DAG(s) dict_keys(['tutorial_taskflow_api']) retrieved from /home/airflow/.local/lib/python3.8/site-packages/airflow/example_dags/tutorial_taskflow_api.py
[2025-08-19T18:34:34.253+0000] {logging_mixin.py:151} INFO - [2025-08-19T18:34:34.253+0000] {dag.py:2941} INFO - Sync 1 DAGs
[2025-08-19T18:34:34.274+0000] {logging_mixin.py:151} INFO - [2025-08-19T18:34:34.274+0000] {dag.py:3722} INFO - Setting next_dagrun for tutorial_taskflow_api to None, run_after=None
[2025-08-19T18:34:34.304+0000] {processor.py:179} INFO - Processing /home/airflow/.local/lib/python3.8/site-packages/airflow/example_dags/tutorial_taskflow_api.py took 0.106 seconds
[2025-08-19T18:35:04.746+0000] {processor.py:157} INFO - Started process (PID=547) to work on /home/airflow/.local/lib/python3.8/site-packages/airflow/example_dags/tutorial_taskflow_api.py
[2025-08-19T18:35:04.748+0000] {processor.py:829} INFO - Processing file /home/airflow/.local/lib/python3.8/site-packages/airflow/example_dags/tutorial_taskflow_api.py for tasks to queue
[2025-08-19T18:35:04.752+0000] {logging_mixin.py:151} INFO - [2025-08-19T18:35:04.752+0000] {dagbag.py:536} INFO - Filling up the DagBag from /home/airflow/.local/lib/python3.8/site-packages/airflow/example_dags/tutorial_taskflow_api.py
[2025-08-19T18:35:04.767+0000] {processor.py:839} INFO - DAG(s) dict_keys(['tutorial_taskflow_api']) retrieved from /home/airflow/.local/lib/python3.8/site-packages/airflow/example_dags/tutorial_taskflow_api.py
[2025-08-19T18:35:04.803+0000] {logging_mixin.py:151} INFO - [2025-08-19T18:35:04.803+0000] {dag.py:2941} INFO - Sync 1 DAGs
[2025-08-19T18:35:04.830+0000] {logging_mixin.py:151} INFO - [2025-08-19T18:35:04.830+0000] {dag.py:3722} INFO - Setting next_dagrun for tutorial_taskflow_api to None, run_after=None
[2025-08-19T18:35:04.874+0000] {processor.py:179} INFO - Processing /home/airflow/.local/lib/python3.8/site-packages/airflow/example_dags/tutorial_taskflow_api.py took 0.135 seconds
[2025-08-19T18:35:35.396+0000] {processor.py:157} INFO - Started process (PID=601) to work on /home/airflow/.local/lib/python3.8/site-packages/airflow/example_dags/tutorial_taskflow_api.py
[2025-08-19T18:35:35.398+0000] {processor.py:829} INFO - Processing file /home/airflow/.local/lib/python3.8/site-packages/airflow/example_dags/tutorial_taskflow_api.py for tasks to queue
[2025-08-19T18:35:35.401+0000] {logging_mixin.py:151} INFO - [2025-08-19T18:35:35.400+0000] {dagbag.py:536} INFO - Filling up the DagBag from /home/airflow/.local/lib/python3.8/site-packages/airflow/example_dags/tutorial_taskflow_api.py
[2025-08-19T18:35:35.410+0000] {processor.py:839} INFO - DAG(s) dict_keys(['tutorial_taskflow_api']) retrieved from /home/airflow/.local/lib/python3.8/site-packages/airflow/example_dags/tutorial_taskflow_api.py
[2025-08-19T18:35:35.446+0000] {logging_mixin.py:151} INFO - [2025-08-19T18:35:35.446+0000] {dag.py:2941} INFO - Sync 1 DAGs
[2025-08-19T18:35:35.463+0000] {logging_mixin.py:151} INFO - [2025-08-19T18:35:35.463+0000] {dag.py:3722} INFO - Setting next_dagrun for tutorial_taskflow_api to None, run_after=None
[2025-08-19T18:35:35.497+0000] {processor.py:179} INFO - Processing /home/airflow/.local/lib/python3.8/site-packages/airflow/example_dags/tutorial_taskflow_api.py took 0.107 seconds
[2025-08-19T18:36:08.035+0000] {processor.py:157} INFO - Started process (PID=655) to work on /home/airflow/.local/lib/python3.8/site-packages/airflow/example_dags/tutorial_taskflow_api.py
[2025-08-19T18:36:08.037+0000] {processor.py:829} INFO - Processing file /home/airflow/.local/lib/python3.8/site-packages/airflow/example_dags/tutorial_taskflow_api.py for tasks to queue
[2025-08-19T18:36:08.050+0000] {logging_mixin.py:151} INFO - [2025-08-19T18:36:08.049+0000] {dagbag.py:536} INFO - Filling up the DagBag from /home/airflow/.local/lib/python3.8/site-packages/airflow/example_dags/tutorial_taskflow_api.py
[2025-08-19T18:36:08.071+0000] {processor.py:839} INFO - DAG(s) dict_keys(['tutorial_taskflow_api']) retrieved from /home/airflow/.local/lib/python3.8/site-packages/airflow/example_dags/tutorial_taskflow_api.py
[2025-08-19T18:36:08.138+0000] {logging_mixin.py:151} INFO - [2025-08-19T18:36:08.137+0000] {dag.py:2941} INFO - Sync 1 DAGs
[2025-08-19T18:36:08.181+0000] {logging_mixin.py:151} INFO - [2025-08-19T18:36:08.180+0000] {dag.py:3722} INFO - Setting next_dagrun for tutorial_taskflow_api to None, run_after=None
[2025-08-19T18:36:08.292+0000] {processor.py:179} INFO - Processing /home/airflow/.local/lib/python3.8/site-packages/airflow/example_dags/tutorial_taskflow_api.py took 0.273 seconds
[2025-08-19T18:36:38.707+0000] {processor.py:157} INFO - Started process (PID=709) to work on /home/airflow/.local/lib/python3.8/site-packages/airflow/example_dags/tutorial_taskflow_api.py
[2025-08-19T18:36:38.708+0000] {processor.py:829} INFO - Processing file /home/airflow/.local/lib/python3.8/site-packages/airflow/example_dags/tutorial_taskflow_api.py for tasks to queue
[2025-08-19T18:36:38.711+0000] {logging_mixin.py:151} INFO - [2025-08-19T18:36:38.710+0000] {dagbag.py:536} INFO - Filling up the DagBag from /home/airflow/.local/lib/python3.8/site-packages/airflow/example_dags/tutorial_taskflow_api.py
[2025-08-19T18:36:38.719+0000] {processor.py:839} INFO - DAG(s) dict_keys(['tutorial_taskflow_api']) retrieved from /home/airflow/.local/lib/python3.8/site-packages/airflow/example_dags/tutorial_taskflow_api.py
[2025-08-19T18:36:38.752+0000] {logging_mixin.py:151} INFO - [2025-08-19T18:36:38.751+0000] {dag.py:2941} INFO - Sync 1 DAGs
[2025-08-19T18:36:38.769+0000] {logging_mixin.py:151} INFO - [2025-08-19T18:36:38.769+0000] {dag.py:3722} INFO - Setting next_dagrun for tutorial_taskflow_api to None, run_after=None
[2025-08-19T18:36:38.816+0000] {processor.py:179} INFO - Processing /home/airflow/.local/lib/python3.8/site-packages/airflow/example_dags/tutorial_taskflow_api.py took 0.114 seconds
[2025-08-19T18:37:11.114+0000] {processor.py:157} INFO - Started process (PID=763) to work on /home/airflow/.local/lib/python3.8/site-packages/airflow/example_dags/tutorial_taskflow_api.py
[2025-08-19T18:37:11.116+0000] {processor.py:829} INFO - Processing file /home/airflow/.local/lib/python3.8/site-packages/airflow/example_dags/tutorial_taskflow_api.py for tasks to queue
[2025-08-19T18:37:11.124+0000] {logging_mixin.py:151} INFO - [2025-08-19T18:37:11.123+0000] {dagbag.py:536} INFO - Filling up the DagBag from /home/airflow/.local/lib/python3.8/site-packages/airflow/example_dags/tutorial_taskflow_api.py
[2025-08-19T18:37:11.135+0000] {processor.py:839} INFO - DAG(s) dict_keys(['tutorial_taskflow_api']) retrieved from /home/airflow/.local/lib/python3.8/site-packages/airflow/example_dags/tutorial_taskflow_api.py
[2025-08-19T18:37:11.172+0000] {logging_mixin.py:151} INFO - [2025-08-19T18:37:11.172+0000] {dag.py:2941} INFO - Sync 1 DAGs
[2025-08-19T18:37:11.194+0000] {logging_mixin.py:151} INFO - [2025-08-19T18:37:11.193+0000] {dag.py:3722} INFO - Setting next_dagrun for tutorial_taskflow_api to None, run_after=None
[2025-08-19T18:37:11.240+0000] {processor.py:179} INFO - Processing /home/airflow/.local/lib/python3.8/site-packages/airflow/example_dags/tutorial_taskflow_api.py took 0.132 seconds
[2025-08-19T18:37:45.237+0000] {processor.py:157} INFO - Started process (PID=818) to work on /home/airflow/.local/lib/python3.8/site-packages/airflow/example_dags/tutorial_taskflow_api.py
[2025-08-19T18:37:45.239+0000] {processor.py:829} INFO - Processing file /home/airflow/.local/lib/python3.8/site-packages/airflow/example_dags/tutorial_taskflow_api.py for tasks to queue
[2025-08-19T18:37:45.243+0000] {logging_mixin.py:151} INFO - [2025-08-19T18:37:45.243+0000] {dagbag.py:536} INFO - Filling up the DagBag from /home/airflow/.local/lib/python3.8/site-packages/airflow/example_dags/tutorial_taskflow_api.py
[2025-08-19T18:37:45.259+0000] {processor.py:839} INFO - DAG(s) dict_keys(['tutorial_taskflow_api']) retrieved from /home/airflow/.local/lib/python3.8/site-packages/airflow/example_dags/tutorial_taskflow_api.py
[2025-08-19T18:37:45.301+0000] {logging_mixin.py:151} INFO - [2025-08-19T18:37:45.300+0000] {dag.py:2941} INFO - Sync 1 DAGs
[2025-08-19T18:37:45.322+0000] {logging_mixin.py:151} INFO - [2025-08-19T18:37:45.322+0000] {dag.py:3722} INFO - Setting next_dagrun for tutorial_taskflow_api to None, run_after=None
[2025-08-19T18:37:45.363+0000] {processor.py:179} INFO - Processing /home/airflow/.local/lib/python3.8/site-packages/airflow/example_dags/tutorial_taskflow_api.py took 0.133 seconds
[2025-08-19T18:38:15.684+0000] {processor.py:157} INFO - Started process (PID=872) to work on /home/airflow/.local/lib/python3.8/site-packages/airflow/example_dags/tutorial_taskflow_api.py
[2025-08-19T18:38:15.686+0000] {processor.py:829} INFO - Processing file /home/airflow/.local/lib/python3.8/site-packages/airflow/example_dags/tutorial_taskflow_api.py for tasks to queue
[2025-08-19T18:38:15.693+0000] {logging_mixin.py:151} INFO - [2025-08-19T18:38:15.692+0000] {dagbag.py:536} INFO - Filling up the DagBag from /home/airflow/.local/lib/python3.8/site-packages/airflow/example_dags/tutorial_taskflow_api.py
[2025-08-19T18:38:15.701+0000] {processor.py:839} INFO - DAG(s) dict_keys(['tutorial_taskflow_api']) retrieved from /home/airflow/.local/lib/python3.8/site-packages/airflow/example_dags/tutorial_taskflow_api.py
[2025-08-19T18:38:15.733+0000] {logging_mixin.py:151} INFO - [2025-08-19T18:38:15.733+0000] {dag.py:2941} INFO - Sync 1 DAGs
[2025-08-19T18:38:15.751+0000] {logging_mixin.py:151} INFO - [2025-08-19T18:38:15.750+0000] {dag.py:3722} INFO - Setting next_dagrun for tutorial_taskflow_api to None, run_after=None
[2025-08-19T18:38:15.780+0000] {processor.py:179} INFO - Processing /home/airflow/.local/lib/python3.8/site-packages/airflow/example_dags/tutorial_taskflow_api.py took 0.100 seconds
[2025-08-19T18:38:46.523+0000] {processor.py:157} INFO - Started process (PID=926) to work on /home/airflow/.local/lib/python3.8/site-packages/airflow/example_dags/tutorial_taskflow_api.py
[2025-08-19T18:38:46.525+0000] {processor.py:829} INFO - Processing file /home/airflow/.local/lib/python3.8/site-packages/airflow/example_dags/tutorial_taskflow_api.py for tasks to queue
[2025-08-19T18:38:46.528+0000] {logging_mixin.py:151} INFO - [2025-08-19T18:38:46.527+0000] {dagbag.py:536} INFO - Filling up the DagBag from /home/airflow/.local/lib/python3.8/site-packages/airflow/example_dags/tutorial_taskflow_api.py
[2025-08-19T18:38:46.537+0000] {processor.py:839} INFO - DAG(s) dict_keys(['tutorial_taskflow_api']) retrieved from /home/airflow/.local/lib/python3.8/site-packages/airflow/example_dags/tutorial_taskflow_api.py
[2025-08-19T18:38:46.567+0000] {logging_mixin.py:151} INFO - [2025-08-19T18:38:46.567+0000] {dag.py:2941} INFO - Sync 1 DAGs
[2025-08-19T18:38:46.584+0000] {logging_mixin.py:151} INFO - [2025-08-19T18:38:46.584+0000] {dag.py:3722} INFO - Setting next_dagrun for tutorial_taskflow_api to None, run_after=None
[2025-08-19T18:38:46.613+0000] {processor.py:179} INFO - Processing /home/airflow/.local/lib/python3.8/site-packages/airflow/example_dags/tutorial_taskflow_api.py took 0.096 seconds
[2025-08-19T18:39:17.205+0000] {processor.py:157} INFO - Started process (PID=980) to work on /home/airflow/.local/lib/python3.8/site-packages/airflow/example_dags/tutorial_taskflow_api.py
[2025-08-19T18:39:17.207+0000] {processor.py:829} INFO - Processing file /home/airflow/.local/lib/python3.8/site-packages/airflow/example_dags/tutorial_taskflow_api.py for tasks to queue
[2025-08-19T18:39:17.210+0000] {logging_mixin.py:151} INFO - [2025-08-19T18:39:17.210+0000] {dagbag.py:536} INFO - Filling up the DagBag from /home/airflow/.local/lib/python3.8/site-packages/airflow/example_dags/tutorial_taskflow_api.py
[2025-08-19T18:39:17.221+0000] {processor.py:839} INFO - DAG(s) dict_keys(['tutorial_taskflow_api']) retrieved from /home/airflow/.local/lib/python3.8/site-packages/airflow/example_dags/tutorial_taskflow_api.py
[2025-08-19T18:39:17.253+0000] {logging_mixin.py:151} INFO - [2025-08-19T18:39:17.253+0000] {dag.py:2941} INFO - Sync 1 DAGs
[2025-08-19T18:39:17.269+0000] {logging_mixin.py:151} INFO - [2025-08-19T18:39:17.269+0000] {dag.py:3722} INFO - Setting next_dagrun for tutorial_taskflow_api to None, run_after=None
[2025-08-19T18:39:17.296+0000] {processor.py:179} INFO - Processing /home/airflow/.local/lib/python3.8/site-packages/airflow/example_dags/tutorial_taskflow_api.py took 0.097 seconds
