[2025-08-19T18:23:06.698+0000] {processor.py:157} INFO - Started process (PID=118) to work on /home/airflow/.local/lib/python3.8/site-packages/airflow/example_dags/tutorial_dag.py
[2025-08-19T18:23:06.700+0000] {processor.py:829} INFO - Processing file /home/airflow/.local/lib/python3.8/site-packages/airflow/example_dags/tutorial_dag.py for tasks to queue
[2025-08-19T18:23:06.731+0000] {logging_mixin.py:151} INFO - [2025-08-19T18:23:06.713+0000] {dagbag.py:536} INFO - Filling up the DagBag from /home/airflow/.local/lib/python3.8/site-packages/airflow/example_dags/tutorial_dag.py
[2025-08-19T18:23:06.891+0000] {processor.py:839} INFO - DAG(s) dict_keys(['tutorial_dag']) retrieved from /home/airflow/.local/lib/python3.8/site-packages/airflow/example_dags/tutorial_dag.py
[2025-08-19T18:23:07.409+0000] {logging_mixin.py:151} INFO - [2025-08-19T18:23:07.408+0000] {dag.py:2941} INFO - Sync 1 DAGs
[2025-08-19T18:23:07.550+0000] {logging_mixin.py:151} INFO - [2025-08-19T18:23:07.550+0000] {dag.py:3722} INFO - Setting next_dagrun for tutorial_dag to None, run_after=None
[2025-08-19T18:23:07.704+0000] {processor.py:179} INFO - Processing /home/airflow/.local/lib/python3.8/site-packages/airflow/example_dags/tutorial_dag.py took 1.026 seconds
[2025-08-19T18:23:38.199+0000] {processor.py:157} INFO - Started process (PID=172) to work on /home/airflow/.local/lib/python3.8/site-packages/airflow/example_dags/tutorial_dag.py
[2025-08-19T18:23:38.201+0000] {processor.py:829} INFO - Processing file /home/airflow/.local/lib/python3.8/site-packages/airflow/example_dags/tutorial_dag.py for tasks to queue
[2025-08-19T18:23:38.209+0000] {logging_mixin.py:151} INFO - [2025-08-19T18:23:38.209+0000] {dagbag.py:536} INFO - Filling up the DagBag from /home/airflow/.local/lib/python3.8/site-packages/airflow/example_dags/tutorial_dag.py
[2025-08-19T18:23:38.219+0000] {processor.py:839} INFO - DAG(s) dict_keys(['tutorial_dag']) retrieved from /home/airflow/.local/lib/python3.8/site-packages/airflow/example_dags/tutorial_dag.py
[2025-08-19T18:23:38.264+0000] {logging_mixin.py:151} INFO - [2025-08-19T18:23:38.264+0000] {dag.py:2941} INFO - Sync 1 DAGs
[2025-08-19T18:23:38.305+0000] {logging_mixin.py:151} INFO - [2025-08-19T18:23:38.305+0000] {dag.py:3722} INFO - Setting next_dagrun for tutorial_dag to None, run_after=None
[2025-08-19T18:23:38.340+0000] {processor.py:179} INFO - Processing /home/airflow/.local/lib/python3.8/site-packages/airflow/example_dags/tutorial_dag.py took 0.146 seconds
[2025-08-19T18:24:08.528+0000] {processor.py:157} INFO - Started process (PID=219) to work on /home/airflow/.local/lib/python3.8/site-packages/airflow/example_dags/tutorial_dag.py
[2025-08-19T18:24:08.530+0000] {processor.py:829} INFO - Processing file /home/airflow/.local/lib/python3.8/site-packages/airflow/example_dags/tutorial_dag.py for tasks to queue
[2025-08-19T18:24:08.544+0000] {logging_mixin.py:151} INFO - [2025-08-19T18:24:08.543+0000] {dagbag.py:536} INFO - Filling up the DagBag from /home/airflow/.local/lib/python3.8/site-packages/airflow/example_dags/tutorial_dag.py
[2025-08-19T18:24:08.562+0000] {processor.py:839} INFO - DAG(s) dict_keys(['tutorial_dag']) retrieved from /home/airflow/.local/lib/python3.8/site-packages/airflow/example_dags/tutorial_dag.py
[2025-08-19T18:24:08.680+0000] {logging_mixin.py:151} INFO - [2025-08-19T18:24:08.679+0000] {dag.py:2941} INFO - Sync 1 DAGs
[2025-08-19T18:24:08.710+0000] {logging_mixin.py:151} INFO - [2025-08-19T18:24:08.710+0000] {dag.py:3722} INFO - Setting next_dagrun for tutorial_dag to None, run_after=None
[2025-08-19T18:24:08.747+0000] {processor.py:179} INFO - Processing /home/airflow/.local/lib/python3.8/site-packages/airflow/example_dags/tutorial_dag.py took 0.244 seconds
[2025-08-19T18:24:44.512+0000] {processor.py:157} INFO - Started process (PID=280) to work on /home/airflow/.local/lib/python3.8/site-packages/airflow/example_dags/tutorial_dag.py
[2025-08-19T18:24:44.525+0000] {processor.py:829} INFO - Processing file /home/airflow/.local/lib/python3.8/site-packages/airflow/example_dags/tutorial_dag.py for tasks to queue
[2025-08-19T18:24:44.531+0000] {logging_mixin.py:151} INFO - [2025-08-19T18:24:44.530+0000] {dagbag.py:536} INFO - Filling up the DagBag from /home/airflow/.local/lib/python3.8/site-packages/airflow/example_dags/tutorial_dag.py
[2025-08-19T18:24:44.578+0000] {processor.py:839} INFO - DAG(s) dict_keys(['tutorial_dag']) retrieved from /home/airflow/.local/lib/python3.8/site-packages/airflow/example_dags/tutorial_dag.py
[2025-08-19T18:24:44.722+0000] {logging_mixin.py:151} INFO - [2025-08-19T18:24:44.722+0000] {dag.py:2941} INFO - Sync 1 DAGs
[2025-08-19T18:24:44.828+0000] {logging_mixin.py:151} INFO - [2025-08-19T18:24:44.818+0000] {dag.py:3722} INFO - Setting next_dagrun for tutorial_dag to None, run_after=None
[2025-08-19T18:24:44.963+0000] {processor.py:179} INFO - Processing /home/airflow/.local/lib/python3.8/site-packages/airflow/example_dags/tutorial_dag.py took 0.467 seconds
[2025-08-19T18:25:15.225+0000] {processor.py:157} INFO - Started process (PID=334) to work on /home/airflow/.local/lib/python3.8/site-packages/airflow/example_dags/tutorial_dag.py
[2025-08-19T18:25:15.227+0000] {processor.py:829} INFO - Processing file /home/airflow/.local/lib/python3.8/site-packages/airflow/example_dags/tutorial_dag.py for tasks to queue
[2025-08-19T18:25:15.231+0000] {logging_mixin.py:151} INFO - [2025-08-19T18:25:15.231+0000] {dagbag.py:536} INFO - Filling up the DagBag from /home/airflow/.local/lib/python3.8/site-packages/airflow/example_dags/tutorial_dag.py
[2025-08-19T18:25:15.243+0000] {processor.py:839} INFO - DAG(s) dict_keys(['tutorial_dag']) retrieved from /home/airflow/.local/lib/python3.8/site-packages/airflow/example_dags/tutorial_dag.py
[2025-08-19T18:25:15.281+0000] {logging_mixin.py:151} INFO - [2025-08-19T18:25:15.281+0000] {dag.py:2941} INFO - Sync 1 DAGs
[2025-08-19T18:25:15.305+0000] {logging_mixin.py:151} INFO - [2025-08-19T18:25:15.304+0000] {dag.py:3722} INFO - Setting next_dagrun for tutorial_dag to None, run_after=None
[2025-08-19T18:25:15.334+0000] {processor.py:179} INFO - Processing /home/airflow/.local/lib/python3.8/site-packages/airflow/example_dags/tutorial_dag.py took 0.116 seconds
[2025-08-19T18:25:45.913+0000] {processor.py:157} INFO - Started process (PID=388) to work on /home/airflow/.local/lib/python3.8/site-packages/airflow/example_dags/tutorial_dag.py
[2025-08-19T18:25:45.915+0000] {processor.py:829} INFO - Processing file /home/airflow/.local/lib/python3.8/site-packages/airflow/example_dags/tutorial_dag.py for tasks to queue
[2025-08-19T18:25:45.923+0000] {logging_mixin.py:151} INFO - [2025-08-19T18:25:45.922+0000] {dagbag.py:536} INFO - Filling up the DagBag from /home/airflow/.local/lib/python3.8/site-packages/airflow/example_dags/tutorial_dag.py
[2025-08-19T18:25:45.947+0000] {processor.py:839} INFO - DAG(s) dict_keys(['tutorial_dag']) retrieved from /home/airflow/.local/lib/python3.8/site-packages/airflow/example_dags/tutorial_dag.py
[2025-08-19T18:25:46.019+0000] {logging_mixin.py:151} INFO - [2025-08-19T18:25:46.019+0000] {dag.py:2941} INFO - Sync 1 DAGs
[2025-08-19T18:25:46.060+0000] {logging_mixin.py:151} INFO - [2025-08-19T18:25:46.059+0000] {dag.py:3722} INFO - Setting next_dagrun for tutorial_dag to None, run_after=None
[2025-08-19T18:25:46.137+0000] {processor.py:179} INFO - Processing /home/airflow/.local/lib/python3.8/site-packages/airflow/example_dags/tutorial_dag.py took 0.234 seconds
[2025-08-19T18:26:19.951+0000] {processor.py:157} INFO - Started process (PID=443) to work on /home/airflow/.local/lib/python3.8/site-packages/airflow/example_dags/tutorial_dag.py
[2025-08-19T18:26:19.971+0000] {processor.py:829} INFO - Processing file /home/airflow/.local/lib/python3.8/site-packages/airflow/example_dags/tutorial_dag.py for tasks to queue
[2025-08-19T18:26:19.989+0000] {logging_mixin.py:151} INFO - [2025-08-19T18:26:19.977+0000] {dagbag.py:536} INFO - Filling up the DagBag from /home/airflow/.local/lib/python3.8/site-packages/airflow/example_dags/tutorial_dag.py
[2025-08-19T18:26:20.006+0000] {processor.py:839} INFO - DAG(s) dict_keys(['tutorial_dag']) retrieved from /home/airflow/.local/lib/python3.8/site-packages/airflow/example_dags/tutorial_dag.py
[2025-08-19T18:26:20.128+0000] {logging_mixin.py:151} INFO - [2025-08-19T18:26:20.127+0000] {dag.py:2941} INFO - Sync 1 DAGs
[2025-08-19T18:26:20.178+0000] {logging_mixin.py:151} INFO - [2025-08-19T18:26:20.177+0000] {dag.py:3722} INFO - Setting next_dagrun for tutorial_dag to None, run_after=None
[2025-08-19T18:26:20.271+0000] {processor.py:179} INFO - Processing /home/airflow/.local/lib/python3.8/site-packages/airflow/example_dags/tutorial_dag.py took 0.339 seconds
[2025-08-19T18:26:51.784+0000] {processor.py:157} INFO - Started process (PID=497) to work on /home/airflow/.local/lib/python3.8/site-packages/airflow/example_dags/tutorial_dag.py
[2025-08-19T18:26:51.786+0000] {processor.py:829} INFO - Processing file /home/airflow/.local/lib/python3.8/site-packages/airflow/example_dags/tutorial_dag.py for tasks to queue
[2025-08-19T18:26:51.792+0000] {logging_mixin.py:151} INFO - [2025-08-19T18:26:51.791+0000] {dagbag.py:536} INFO - Filling up the DagBag from /home/airflow/.local/lib/python3.8/site-packages/airflow/example_dags/tutorial_dag.py
[2025-08-19T18:26:51.819+0000] {processor.py:839} INFO - DAG(s) dict_keys(['tutorial_dag']) retrieved from /home/airflow/.local/lib/python3.8/site-packages/airflow/example_dags/tutorial_dag.py
[2025-08-19T18:26:51.925+0000] {logging_mixin.py:151} INFO - [2025-08-19T18:26:51.924+0000] {dag.py:2941} INFO - Sync 1 DAGs
[2025-08-19T18:26:52.059+0000] {logging_mixin.py:151} INFO - [2025-08-19T18:26:52.058+0000] {dag.py:3722} INFO - Setting next_dagrun for tutorial_dag to None, run_after=None
[2025-08-19T18:26:52.328+0000] {processor.py:179} INFO - Processing /home/airflow/.local/lib/python3.8/site-packages/airflow/example_dags/tutorial_dag.py took 0.553 seconds
[2025-08-19T18:27:23.065+0000] {processor.py:157} INFO - Started process (PID=551) to work on /home/airflow/.local/lib/python3.8/site-packages/airflow/example_dags/tutorial_dag.py
[2025-08-19T18:27:23.074+0000] {processor.py:829} INFO - Processing file /home/airflow/.local/lib/python3.8/site-packages/airflow/example_dags/tutorial_dag.py for tasks to queue
[2025-08-19T18:27:23.080+0000] {logging_mixin.py:151} INFO - [2025-08-19T18:27:23.079+0000] {dagbag.py:536} INFO - Filling up the DagBag from /home/airflow/.local/lib/python3.8/site-packages/airflow/example_dags/tutorial_dag.py
[2025-08-19T18:27:23.093+0000] {processor.py:839} INFO - DAG(s) dict_keys(['tutorial_dag']) retrieved from /home/airflow/.local/lib/python3.8/site-packages/airflow/example_dags/tutorial_dag.py
[2025-08-19T18:27:23.152+0000] {logging_mixin.py:151} INFO - [2025-08-19T18:27:23.151+0000] {dag.py:2941} INFO - Sync 1 DAGs
[2025-08-19T18:27:23.190+0000] {logging_mixin.py:151} INFO - [2025-08-19T18:27:23.190+0000] {dag.py:3722} INFO - Setting next_dagrun for tutorial_dag to None, run_after=None
[2025-08-19T18:27:23.253+0000] {processor.py:179} INFO - Processing /home/airflow/.local/lib/python3.8/site-packages/airflow/example_dags/tutorial_dag.py took 0.203 seconds
[2025-08-19T18:27:53.897+0000] {processor.py:157} INFO - Started process (PID=605) to work on /home/airflow/.local/lib/python3.8/site-packages/airflow/example_dags/tutorial_dag.py
[2025-08-19T18:27:53.898+0000] {processor.py:829} INFO - Processing file /home/airflow/.local/lib/python3.8/site-packages/airflow/example_dags/tutorial_dag.py for tasks to queue
[2025-08-19T18:27:53.901+0000] {logging_mixin.py:151} INFO - [2025-08-19T18:27:53.901+0000] {dagbag.py:536} INFO - Filling up the DagBag from /home/airflow/.local/lib/python3.8/site-packages/airflow/example_dags/tutorial_dag.py
[2025-08-19T18:27:53.910+0000] {processor.py:839} INFO - DAG(s) dict_keys(['tutorial_dag']) retrieved from /home/airflow/.local/lib/python3.8/site-packages/airflow/example_dags/tutorial_dag.py
[2025-08-19T18:27:53.945+0000] {logging_mixin.py:151} INFO - [2025-08-19T18:27:53.945+0000] {dag.py:2941} INFO - Sync 1 DAGs
[2025-08-19T18:27:53.964+0000] {logging_mixin.py:151} INFO - [2025-08-19T18:27:53.964+0000] {dag.py:3722} INFO - Setting next_dagrun for tutorial_dag to None, run_after=None
[2025-08-19T18:27:53.997+0000] {processor.py:179} INFO - Processing /home/airflow/.local/lib/python3.8/site-packages/airflow/example_dags/tutorial_dag.py took 0.106 seconds
[2025-08-19T18:28:24.686+0000] {processor.py:157} INFO - Started process (PID=650) to work on /home/airflow/.local/lib/python3.8/site-packages/airflow/example_dags/tutorial_dag.py
[2025-08-19T18:28:24.688+0000] {processor.py:829} INFO - Processing file /home/airflow/.local/lib/python3.8/site-packages/airflow/example_dags/tutorial_dag.py for tasks to queue
[2025-08-19T18:28:24.691+0000] {logging_mixin.py:151} INFO - [2025-08-19T18:28:24.690+0000] {dagbag.py:536} INFO - Filling up the DagBag from /home/airflow/.local/lib/python3.8/site-packages/airflow/example_dags/tutorial_dag.py
[2025-08-19T18:28:24.697+0000] {processor.py:839} INFO - DAG(s) dict_keys(['tutorial_dag']) retrieved from /home/airflow/.local/lib/python3.8/site-packages/airflow/example_dags/tutorial_dag.py
[2025-08-19T18:28:24.728+0000] {logging_mixin.py:151} INFO - [2025-08-19T18:28:24.728+0000] {dag.py:2941} INFO - Sync 1 DAGs
[2025-08-19T18:28:24.748+0000] {logging_mixin.py:151} INFO - [2025-08-19T18:28:24.748+0000] {dag.py:3722} INFO - Setting next_dagrun for tutorial_dag to None, run_after=None
[2025-08-19T18:28:24.781+0000] {processor.py:179} INFO - Processing /home/airflow/.local/lib/python3.8/site-packages/airflow/example_dags/tutorial_dag.py took 0.100 seconds
[2025-08-19T18:28:55.232+0000] {processor.py:157} INFO - Started process (PID=704) to work on /home/airflow/.local/lib/python3.8/site-packages/airflow/example_dags/tutorial_dag.py
[2025-08-19T18:28:55.234+0000] {processor.py:829} INFO - Processing file /home/airflow/.local/lib/python3.8/site-packages/airflow/example_dags/tutorial_dag.py for tasks to queue
[2025-08-19T18:28:55.239+0000] {logging_mixin.py:151} INFO - [2025-08-19T18:28:55.238+0000] {dagbag.py:536} INFO - Filling up the DagBag from /home/airflow/.local/lib/python3.8/site-packages/airflow/example_dags/tutorial_dag.py
[2025-08-19T18:28:55.247+0000] {processor.py:839} INFO - DAG(s) dict_keys(['tutorial_dag']) retrieved from /home/airflow/.local/lib/python3.8/site-packages/airflow/example_dags/tutorial_dag.py
[2025-08-19T18:28:55.286+0000] {logging_mixin.py:151} INFO - [2025-08-19T18:28:55.286+0000] {dag.py:2941} INFO - Sync 1 DAGs
[2025-08-19T18:28:55.308+0000] {logging_mixin.py:151} INFO - [2025-08-19T18:28:55.308+0000] {dag.py:3722} INFO - Setting next_dagrun for tutorial_dag to None, run_after=None
[2025-08-19T18:28:55.344+0000] {processor.py:179} INFO - Processing /home/airflow/.local/lib/python3.8/site-packages/airflow/example_dags/tutorial_dag.py took 0.116 seconds
[2025-08-19T18:29:25.397+0000] {processor.py:157} INFO - Started process (PID=757) to work on /home/airflow/.local/lib/python3.8/site-packages/airflow/example_dags/tutorial_dag.py
[2025-08-19T18:29:25.399+0000] {processor.py:829} INFO - Processing file /home/airflow/.local/lib/python3.8/site-packages/airflow/example_dags/tutorial_dag.py for tasks to queue
[2025-08-19T18:29:25.404+0000] {logging_mixin.py:151} INFO - [2025-08-19T18:29:25.403+0000] {dagbag.py:536} INFO - Filling up the DagBag from /home/airflow/.local/lib/python3.8/site-packages/airflow/example_dags/tutorial_dag.py
[2025-08-19T18:29:25.416+0000] {processor.py:839} INFO - DAG(s) dict_keys(['tutorial_dag']) retrieved from /home/airflow/.local/lib/python3.8/site-packages/airflow/example_dags/tutorial_dag.py
[2025-08-19T18:29:25.466+0000] {logging_mixin.py:151} INFO - [2025-08-19T18:29:25.465+0000] {dag.py:2941} INFO - Sync 1 DAGs
[2025-08-19T18:29:25.495+0000] {logging_mixin.py:151} INFO - [2025-08-19T18:29:25.495+0000] {dag.py:3722} INFO - Setting next_dagrun for tutorial_dag to None, run_after=None
[2025-08-19T18:29:25.545+0000] {processor.py:179} INFO - Processing /home/airflow/.local/lib/python3.8/site-packages/airflow/example_dags/tutorial_dag.py took 0.162 seconds
[2025-08-19T18:29:55.889+0000] {processor.py:157} INFO - Started process (PID=811) to work on /home/airflow/.local/lib/python3.8/site-packages/airflow/example_dags/tutorial_dag.py
[2025-08-19T18:29:55.951+0000] {processor.py:829} INFO - Processing file /home/airflow/.local/lib/python3.8/site-packages/airflow/example_dags/tutorial_dag.py for tasks to queue
[2025-08-19T18:29:55.970+0000] {logging_mixin.py:151} INFO - [2025-08-19T18:29:55.969+0000] {dagbag.py:536} INFO - Filling up the DagBag from /home/airflow/.local/lib/python3.8/site-packages/airflow/example_dags/tutorial_dag.py
[2025-08-19T18:29:56.016+0000] {processor.py:839} INFO - DAG(s) dict_keys(['tutorial_dag']) retrieved from /home/airflow/.local/lib/python3.8/site-packages/airflow/example_dags/tutorial_dag.py
[2025-08-19T18:29:56.205+0000] {logging_mixin.py:151} INFO - [2025-08-19T18:29:56.204+0000] {dag.py:2941} INFO - Sync 1 DAGs
[2025-08-19T18:29:56.257+0000] {logging_mixin.py:151} INFO - [2025-08-19T18:29:56.256+0000] {dag.py:3722} INFO - Setting next_dagrun for tutorial_dag to None, run_after=None
[2025-08-19T18:29:56.371+0000] {processor.py:179} INFO - Processing /home/airflow/.local/lib/python3.8/site-packages/airflow/example_dags/tutorial_dag.py took 0.490 seconds
[2025-08-19T18:30:57.351+0000] {processor.py:157} INFO - Started process (PID=109) to work on /home/airflow/.local/lib/python3.8/site-packages/airflow/example_dags/tutorial_dag.py
[2025-08-19T18:30:57.354+0000] {processor.py:829} INFO - Processing file /home/airflow/.local/lib/python3.8/site-packages/airflow/example_dags/tutorial_dag.py for tasks to queue
[2025-08-19T18:30:57.361+0000] {logging_mixin.py:151} INFO - [2025-08-19T18:30:57.360+0000] {dagbag.py:536} INFO - Filling up the DagBag from /home/airflow/.local/lib/python3.8/site-packages/airflow/example_dags/tutorial_dag.py
[2025-08-19T18:30:57.382+0000] {processor.py:839} INFO - DAG(s) dict_keys(['tutorial_dag']) retrieved from /home/airflow/.local/lib/python3.8/site-packages/airflow/example_dags/tutorial_dag.py
[2025-08-19T18:30:57.484+0000] {logging_mixin.py:151} INFO - [2025-08-19T18:30:57.483+0000] {dag.py:2941} INFO - Sync 1 DAGs
[2025-08-19T18:30:57.541+0000] {logging_mixin.py:151} INFO - [2025-08-19T18:30:57.540+0000] {dag.py:3722} INFO - Setting next_dagrun for tutorial_dag to None, run_after=None
[2025-08-19T18:30:57.647+0000] {processor.py:179} INFO - Processing /home/airflow/.local/lib/python3.8/site-packages/airflow/example_dags/tutorial_dag.py took 0.303 seconds
[2025-08-19T18:31:28.471+0000] {processor.py:157} INFO - Started process (PID=164) to work on /home/airflow/.local/lib/python3.8/site-packages/airflow/example_dags/tutorial_dag.py
[2025-08-19T18:31:28.473+0000] {processor.py:829} INFO - Processing file /home/airflow/.local/lib/python3.8/site-packages/airflow/example_dags/tutorial_dag.py for tasks to queue
[2025-08-19T18:31:28.477+0000] {logging_mixin.py:151} INFO - [2025-08-19T18:31:28.476+0000] {dagbag.py:536} INFO - Filling up the DagBag from /home/airflow/.local/lib/python3.8/site-packages/airflow/example_dags/tutorial_dag.py
[2025-08-19T18:31:28.491+0000] {processor.py:839} INFO - DAG(s) dict_keys(['tutorial_dag']) retrieved from /home/airflow/.local/lib/python3.8/site-packages/airflow/example_dags/tutorial_dag.py
[2025-08-19T18:31:28.551+0000] {logging_mixin.py:151} INFO - [2025-08-19T18:31:28.550+0000] {dag.py:2941} INFO - Sync 1 DAGs
[2025-08-19T18:31:28.578+0000] {logging_mixin.py:151} INFO - [2025-08-19T18:31:28.577+0000] {dag.py:3722} INFO - Setting next_dagrun for tutorial_dag to None, run_after=None
[2025-08-19T18:31:28.628+0000] {processor.py:179} INFO - Processing /home/airflow/.local/lib/python3.8/site-packages/airflow/example_dags/tutorial_dag.py took 0.174 seconds
[2025-08-19T18:31:59.239+0000] {processor.py:157} INFO - Started process (PID=218) to work on /home/airflow/.local/lib/python3.8/site-packages/airflow/example_dags/tutorial_dag.py
[2025-08-19T18:31:59.243+0000] {processor.py:829} INFO - Processing file /home/airflow/.local/lib/python3.8/site-packages/airflow/example_dags/tutorial_dag.py for tasks to queue
[2025-08-19T18:31:59.248+0000] {logging_mixin.py:151} INFO - [2025-08-19T18:31:59.248+0000] {dagbag.py:536} INFO - Filling up the DagBag from /home/airflow/.local/lib/python3.8/site-packages/airflow/example_dags/tutorial_dag.py
[2025-08-19T18:31:59.261+0000] {processor.py:839} INFO - DAG(s) dict_keys(['tutorial_dag']) retrieved from /home/airflow/.local/lib/python3.8/site-packages/airflow/example_dags/tutorial_dag.py
[2025-08-19T18:31:59.307+0000] {logging_mixin.py:151} INFO - [2025-08-19T18:31:59.307+0000] {dag.py:2941} INFO - Sync 1 DAGs
[2025-08-19T18:31:59.332+0000] {logging_mixin.py:151} INFO - [2025-08-19T18:31:59.331+0000] {dag.py:3722} INFO - Setting next_dagrun for tutorial_dag to None, run_after=None
[2025-08-19T18:31:59.379+0000] {processor.py:179} INFO - Processing /home/airflow/.local/lib/python3.8/site-packages/airflow/example_dags/tutorial_dag.py took 0.147 seconds
[2025-08-19T18:32:30.067+0000] {processor.py:157} INFO - Started process (PID=265) to work on /home/airflow/.local/lib/python3.8/site-packages/airflow/example_dags/tutorial_dag.py
[2025-08-19T18:32:30.069+0000] {processor.py:829} INFO - Processing file /home/airflow/.local/lib/python3.8/site-packages/airflow/example_dags/tutorial_dag.py for tasks to queue
[2025-08-19T18:32:30.073+0000] {logging_mixin.py:151} INFO - [2025-08-19T18:32:30.072+0000] {dagbag.py:536} INFO - Filling up the DagBag from /home/airflow/.local/lib/python3.8/site-packages/airflow/example_dags/tutorial_dag.py
[2025-08-19T18:32:30.087+0000] {processor.py:839} INFO - DAG(s) dict_keys(['tutorial_dag']) retrieved from /home/airflow/.local/lib/python3.8/site-packages/airflow/example_dags/tutorial_dag.py
[2025-08-19T18:32:30.126+0000] {logging_mixin.py:151} INFO - [2025-08-19T18:32:30.126+0000] {dag.py:2941} INFO - Sync 1 DAGs
[2025-08-19T18:32:30.176+0000] {logging_mixin.py:151} INFO - [2025-08-19T18:32:30.175+0000] {dag.py:3722} INFO - Setting next_dagrun for tutorial_dag to None, run_after=None
[2025-08-19T18:32:30.241+0000] {processor.py:179} INFO - Processing /home/airflow/.local/lib/python3.8/site-packages/airflow/example_dags/tutorial_dag.py took 0.181 seconds
[2025-08-19T18:33:00.574+0000] {processor.py:157} INFO - Started process (PID=319) to work on /home/airflow/.local/lib/python3.8/site-packages/airflow/example_dags/tutorial_dag.py
[2025-08-19T18:33:00.576+0000] {processor.py:829} INFO - Processing file /home/airflow/.local/lib/python3.8/site-packages/airflow/example_dags/tutorial_dag.py for tasks to queue
[2025-08-19T18:33:00.580+0000] {logging_mixin.py:151} INFO - [2025-08-19T18:33:00.580+0000] {dagbag.py:536} INFO - Filling up the DagBag from /home/airflow/.local/lib/python3.8/site-packages/airflow/example_dags/tutorial_dag.py
[2025-08-19T18:33:00.596+0000] {processor.py:839} INFO - DAG(s) dict_keys(['tutorial_dag']) retrieved from /home/airflow/.local/lib/python3.8/site-packages/airflow/example_dags/tutorial_dag.py
[2025-08-19T18:33:00.650+0000] {logging_mixin.py:151} INFO - [2025-08-19T18:33:00.650+0000] {dag.py:2941} INFO - Sync 1 DAGs
[2025-08-19T18:33:00.677+0000] {logging_mixin.py:151} INFO - [2025-08-19T18:33:00.676+0000] {dag.py:3722} INFO - Setting next_dagrun for tutorial_dag to None, run_after=None
[2025-08-19T18:33:00.729+0000] {processor.py:179} INFO - Processing /home/airflow/.local/lib/python3.8/site-packages/airflow/example_dags/tutorial_dag.py took 0.165 seconds
[2025-08-19T18:33:31.317+0000] {processor.py:157} INFO - Started process (PID=373) to work on /home/airflow/.local/lib/python3.8/site-packages/airflow/example_dags/tutorial_dag.py
[2025-08-19T18:33:31.319+0000] {processor.py:829} INFO - Processing file /home/airflow/.local/lib/python3.8/site-packages/airflow/example_dags/tutorial_dag.py for tasks to queue
[2025-08-19T18:33:31.323+0000] {logging_mixin.py:151} INFO - [2025-08-19T18:33:31.322+0000] {dagbag.py:536} INFO - Filling up the DagBag from /home/airflow/.local/lib/python3.8/site-packages/airflow/example_dags/tutorial_dag.py
[2025-08-19T18:33:31.331+0000] {processor.py:839} INFO - DAG(s) dict_keys(['tutorial_dag']) retrieved from /home/airflow/.local/lib/python3.8/site-packages/airflow/example_dags/tutorial_dag.py
[2025-08-19T18:33:31.366+0000] {logging_mixin.py:151} INFO - [2025-08-19T18:33:31.366+0000] {dag.py:2941} INFO - Sync 1 DAGs
[2025-08-19T18:33:31.383+0000] {logging_mixin.py:151} INFO - [2025-08-19T18:33:31.383+0000] {dag.py:3722} INFO - Setting next_dagrun for tutorial_dag to None, run_after=None
[2025-08-19T18:33:31.419+0000] {processor.py:179} INFO - Processing /home/airflow/.local/lib/python3.8/site-packages/airflow/example_dags/tutorial_dag.py took 0.108 seconds
[2025-08-19T18:34:02.088+0000] {processor.py:157} INFO - Started process (PID=427) to work on /home/airflow/.local/lib/python3.8/site-packages/airflow/example_dags/tutorial_dag.py
[2025-08-19T18:34:02.090+0000] {processor.py:829} INFO - Processing file /home/airflow/.local/lib/python3.8/site-packages/airflow/example_dags/tutorial_dag.py for tasks to queue
[2025-08-19T18:34:02.094+0000] {logging_mixin.py:151} INFO - [2025-08-19T18:34:02.093+0000] {dagbag.py:536} INFO - Filling up the DagBag from /home/airflow/.local/lib/python3.8/site-packages/airflow/example_dags/tutorial_dag.py
[2025-08-19T18:34:02.100+0000] {processor.py:839} INFO - DAG(s) dict_keys(['tutorial_dag']) retrieved from /home/airflow/.local/lib/python3.8/site-packages/airflow/example_dags/tutorial_dag.py
[2025-08-19T18:34:02.146+0000] {logging_mixin.py:151} INFO - [2025-08-19T18:34:02.146+0000] {dag.py:2941} INFO - Sync 1 DAGs
[2025-08-19T18:34:02.163+0000] {logging_mixin.py:151} INFO - [2025-08-19T18:34:02.162+0000] {dag.py:3722} INFO - Setting next_dagrun for tutorial_dag to None, run_after=None
[2025-08-19T18:34:02.200+0000] {processor.py:179} INFO - Processing /home/airflow/.local/lib/python3.8/site-packages/airflow/example_dags/tutorial_dag.py took 0.119 seconds
[2025-08-19T18:34:33.143+0000] {processor.py:157} INFO - Started process (PID=481) to work on /home/airflow/.local/lib/python3.8/site-packages/airflow/example_dags/tutorial_dag.py
[2025-08-19T18:34:33.146+0000] {processor.py:829} INFO - Processing file /home/airflow/.local/lib/python3.8/site-packages/airflow/example_dags/tutorial_dag.py for tasks to queue
[2025-08-19T18:34:33.151+0000] {logging_mixin.py:151} INFO - [2025-08-19T18:34:33.149+0000] {dagbag.py:536} INFO - Filling up the DagBag from /home/airflow/.local/lib/python3.8/site-packages/airflow/example_dags/tutorial_dag.py
[2025-08-19T18:34:33.163+0000] {processor.py:839} INFO - DAG(s) dict_keys(['tutorial_dag']) retrieved from /home/airflow/.local/lib/python3.8/site-packages/airflow/example_dags/tutorial_dag.py
[2025-08-19T18:34:33.203+0000] {logging_mixin.py:151} INFO - [2025-08-19T18:34:33.202+0000] {dag.py:2941} INFO - Sync 1 DAGs
[2025-08-19T18:34:33.223+0000] {logging_mixin.py:151} INFO - [2025-08-19T18:34:33.223+0000] {dag.py:3722} INFO - Setting next_dagrun for tutorial_dag to None, run_after=None
[2025-08-19T18:34:33.248+0000] {processor.py:179} INFO - Processing /home/airflow/.local/lib/python3.8/site-packages/airflow/example_dags/tutorial_dag.py took 0.112 seconds
[2025-08-19T18:35:03.415+0000] {processor.py:157} INFO - Started process (PID=535) to work on /home/airflow/.local/lib/python3.8/site-packages/airflow/example_dags/tutorial_dag.py
[2025-08-19T18:35:03.417+0000] {processor.py:829} INFO - Processing file /home/airflow/.local/lib/python3.8/site-packages/airflow/example_dags/tutorial_dag.py for tasks to queue
[2025-08-19T18:35:03.421+0000] {logging_mixin.py:151} INFO - [2025-08-19T18:35:03.421+0000] {dagbag.py:536} INFO - Filling up the DagBag from /home/airflow/.local/lib/python3.8/site-packages/airflow/example_dags/tutorial_dag.py
[2025-08-19T18:35:03.428+0000] {processor.py:839} INFO - DAG(s) dict_keys(['tutorial_dag']) retrieved from /home/airflow/.local/lib/python3.8/site-packages/airflow/example_dags/tutorial_dag.py
[2025-08-19T18:35:03.461+0000] {logging_mixin.py:151} INFO - [2025-08-19T18:35:03.460+0000] {dag.py:2941} INFO - Sync 1 DAGs
[2025-08-19T18:35:03.477+0000] {logging_mixin.py:151} INFO - [2025-08-19T18:35:03.477+0000] {dag.py:3722} INFO - Setting next_dagrun for tutorial_dag to None, run_after=None
[2025-08-19T18:35:03.514+0000] {processor.py:179} INFO - Processing /home/airflow/.local/lib/python3.8/site-packages/airflow/example_dags/tutorial_dag.py took 0.104 seconds
[2025-08-19T18:35:34.176+0000] {processor.py:157} INFO - Started process (PID=589) to work on /home/airflow/.local/lib/python3.8/site-packages/airflow/example_dags/tutorial_dag.py
[2025-08-19T18:35:34.180+0000] {processor.py:829} INFO - Processing file /home/airflow/.local/lib/python3.8/site-packages/airflow/example_dags/tutorial_dag.py for tasks to queue
[2025-08-19T18:35:34.184+0000] {logging_mixin.py:151} INFO - [2025-08-19T18:35:34.184+0000] {dagbag.py:536} INFO - Filling up the DagBag from /home/airflow/.local/lib/python3.8/site-packages/airflow/example_dags/tutorial_dag.py
[2025-08-19T18:35:34.196+0000] {processor.py:839} INFO - DAG(s) dict_keys(['tutorial_dag']) retrieved from /home/airflow/.local/lib/python3.8/site-packages/airflow/example_dags/tutorial_dag.py
[2025-08-19T18:35:34.242+0000] {logging_mixin.py:151} INFO - [2025-08-19T18:35:34.241+0000] {dag.py:2941} INFO - Sync 1 DAGs
[2025-08-19T18:35:34.266+0000] {logging_mixin.py:151} INFO - [2025-08-19T18:35:34.266+0000] {dag.py:3722} INFO - Setting next_dagrun for tutorial_dag to None, run_after=None
[2025-08-19T18:35:34.308+0000] {processor.py:179} INFO - Processing /home/airflow/.local/lib/python3.8/site-packages/airflow/example_dags/tutorial_dag.py took 0.140 seconds
[2025-08-19T18:36:05.189+0000] {processor.py:157} INFO - Started process (PID=643) to work on /home/airflow/.local/lib/python3.8/site-packages/airflow/example_dags/tutorial_dag.py
[2025-08-19T18:36:05.199+0000] {processor.py:829} INFO - Processing file /home/airflow/.local/lib/python3.8/site-packages/airflow/example_dags/tutorial_dag.py for tasks to queue
[2025-08-19T18:36:05.208+0000] {logging_mixin.py:151} INFO - [2025-08-19T18:36:05.207+0000] {dagbag.py:536} INFO - Filling up the DagBag from /home/airflow/.local/lib/python3.8/site-packages/airflow/example_dags/tutorial_dag.py
[2025-08-19T18:36:05.228+0000] {processor.py:839} INFO - DAG(s) dict_keys(['tutorial_dag']) retrieved from /home/airflow/.local/lib/python3.8/site-packages/airflow/example_dags/tutorial_dag.py
[2025-08-19T18:36:05.296+0000] {logging_mixin.py:151} INFO - [2025-08-19T18:36:05.295+0000] {dag.py:2941} INFO - Sync 1 DAGs
[2025-08-19T18:36:05.345+0000] {logging_mixin.py:151} INFO - [2025-08-19T18:36:05.344+0000] {dag.py:3722} INFO - Setting next_dagrun for tutorial_dag to None, run_after=None
[2025-08-19T18:36:05.405+0000] {processor.py:179} INFO - Processing /home/airflow/.local/lib/python3.8/site-packages/airflow/example_dags/tutorial_dag.py took 0.228 seconds
[2025-08-19T18:36:36.278+0000] {processor.py:157} INFO - Started process (PID=697) to work on /home/airflow/.local/lib/python3.8/site-packages/airflow/example_dags/tutorial_dag.py
[2025-08-19T18:36:36.282+0000] {processor.py:829} INFO - Processing file /home/airflow/.local/lib/python3.8/site-packages/airflow/example_dags/tutorial_dag.py for tasks to queue
[2025-08-19T18:36:36.286+0000] {logging_mixin.py:151} INFO - [2025-08-19T18:36:36.285+0000] {dagbag.py:536} INFO - Filling up the DagBag from /home/airflow/.local/lib/python3.8/site-packages/airflow/example_dags/tutorial_dag.py
[2025-08-19T18:36:36.294+0000] {processor.py:839} INFO - DAG(s) dict_keys(['tutorial_dag']) retrieved from /home/airflow/.local/lib/python3.8/site-packages/airflow/example_dags/tutorial_dag.py
[2025-08-19T18:36:36.334+0000] {logging_mixin.py:151} INFO - [2025-08-19T18:36:36.334+0000] {dag.py:2941} INFO - Sync 1 DAGs
[2025-08-19T18:36:36.364+0000] {logging_mixin.py:151} INFO - [2025-08-19T18:36:36.363+0000] {dag.py:3722} INFO - Setting next_dagrun for tutorial_dag to None, run_after=None
[2025-08-19T18:36:36.404+0000] {processor.py:179} INFO - Processing /home/airflow/.local/lib/python3.8/site-packages/airflow/example_dags/tutorial_dag.py took 0.130 seconds
[2025-08-19T18:37:09.675+0000] {processor.py:157} INFO - Started process (PID=751) to work on /home/airflow/.local/lib/python3.8/site-packages/airflow/example_dags/tutorial_dag.py
[2025-08-19T18:37:09.678+0000] {processor.py:829} INFO - Processing file /home/airflow/.local/lib/python3.8/site-packages/airflow/example_dags/tutorial_dag.py for tasks to queue
[2025-08-19T18:37:09.706+0000] {logging_mixin.py:151} INFO - [2025-08-19T18:37:09.705+0000] {dagbag.py:536} INFO - Filling up the DagBag from /home/airflow/.local/lib/python3.8/site-packages/airflow/example_dags/tutorial_dag.py
[2025-08-19T18:37:09.753+0000] {processor.py:839} INFO - DAG(s) dict_keys(['tutorial_dag']) retrieved from /home/airflow/.local/lib/python3.8/site-packages/airflow/example_dags/tutorial_dag.py
[2025-08-19T18:37:09.853+0000] {logging_mixin.py:151} INFO - [2025-08-19T18:37:09.852+0000] {dag.py:2941} INFO - Sync 1 DAGs
[2025-08-19T18:37:09.888+0000] {logging_mixin.py:151} INFO - [2025-08-19T18:37:09.887+0000] {dag.py:3722} INFO - Setting next_dagrun for tutorial_dag to None, run_after=None
[2025-08-19T18:37:09.940+0000] {processor.py:179} INFO - Processing /home/airflow/.local/lib/python3.8/site-packages/airflow/example_dags/tutorial_dag.py took 0.274 seconds
[2025-08-19T18:37:43.294+0000] {processor.py:157} INFO - Started process (PID=806) to work on /home/airflow/.local/lib/python3.8/site-packages/airflow/example_dags/tutorial_dag.py
[2025-08-19T18:37:43.297+0000] {processor.py:829} INFO - Processing file /home/airflow/.local/lib/python3.8/site-packages/airflow/example_dags/tutorial_dag.py for tasks to queue
[2025-08-19T18:37:43.309+0000] {logging_mixin.py:151} INFO - [2025-08-19T18:37:43.308+0000] {dagbag.py:536} INFO - Filling up the DagBag from /home/airflow/.local/lib/python3.8/site-packages/airflow/example_dags/tutorial_dag.py
[2025-08-19T18:37:43.323+0000] {processor.py:839} INFO - DAG(s) dict_keys(['tutorial_dag']) retrieved from /home/airflow/.local/lib/python3.8/site-packages/airflow/example_dags/tutorial_dag.py
[2025-08-19T18:37:43.390+0000] {logging_mixin.py:151} INFO - [2025-08-19T18:37:43.389+0000] {dag.py:2941} INFO - Sync 1 DAGs
[2025-08-19T18:37:43.436+0000] {logging_mixin.py:151} INFO - [2025-08-19T18:37:43.435+0000] {dag.py:3722} INFO - Setting next_dagrun for tutorial_dag to None, run_after=None
[2025-08-19T18:37:43.508+0000] {processor.py:179} INFO - Processing /home/airflow/.local/lib/python3.8/site-packages/airflow/example_dags/tutorial_dag.py took 0.225 seconds
[2025-08-19T18:38:13.741+0000] {processor.py:157} INFO - Started process (PID=860) to work on /home/airflow/.local/lib/python3.8/site-packages/airflow/example_dags/tutorial_dag.py
[2025-08-19T18:38:13.744+0000] {processor.py:829} INFO - Processing file /home/airflow/.local/lib/python3.8/site-packages/airflow/example_dags/tutorial_dag.py for tasks to queue
[2025-08-19T18:38:13.748+0000] {logging_mixin.py:151} INFO - [2025-08-19T18:38:13.747+0000] {dagbag.py:536} INFO - Filling up the DagBag from /home/airflow/.local/lib/python3.8/site-packages/airflow/example_dags/tutorial_dag.py
[2025-08-19T18:38:13.758+0000] {processor.py:839} INFO - DAG(s) dict_keys(['tutorial_dag']) retrieved from /home/airflow/.local/lib/python3.8/site-packages/airflow/example_dags/tutorial_dag.py
[2025-08-19T18:38:13.806+0000] {logging_mixin.py:151} INFO - [2025-08-19T18:38:13.806+0000] {dag.py:2941} INFO - Sync 1 DAGs
[2025-08-19T18:38:13.834+0000] {logging_mixin.py:151} INFO - [2025-08-19T18:38:13.834+0000] {dag.py:3722} INFO - Setting next_dagrun for tutorial_dag to None, run_after=None
[2025-08-19T18:38:13.875+0000] {processor.py:179} INFO - Processing /home/airflow/.local/lib/python3.8/site-packages/airflow/example_dags/tutorial_dag.py took 0.140 seconds
[2025-08-19T18:38:44.668+0000] {processor.py:157} INFO - Started process (PID=914) to work on /home/airflow/.local/lib/python3.8/site-packages/airflow/example_dags/tutorial_dag.py
[2025-08-19T18:38:44.670+0000] {processor.py:829} INFO - Processing file /home/airflow/.local/lib/python3.8/site-packages/airflow/example_dags/tutorial_dag.py for tasks to queue
[2025-08-19T18:38:44.675+0000] {logging_mixin.py:151} INFO - [2025-08-19T18:38:44.675+0000] {dagbag.py:536} INFO - Filling up the DagBag from /home/airflow/.local/lib/python3.8/site-packages/airflow/example_dags/tutorial_dag.py
[2025-08-19T18:38:44.683+0000] {processor.py:839} INFO - DAG(s) dict_keys(['tutorial_dag']) retrieved from /home/airflow/.local/lib/python3.8/site-packages/airflow/example_dags/tutorial_dag.py
[2025-08-19T18:38:44.711+0000] {logging_mixin.py:151} INFO - [2025-08-19T18:38:44.711+0000] {dag.py:2941} INFO - Sync 1 DAGs
[2025-08-19T18:38:44.726+0000] {logging_mixin.py:151} INFO - [2025-08-19T18:38:44.726+0000] {dag.py:3722} INFO - Setting next_dagrun for tutorial_dag to None, run_after=None
[2025-08-19T18:38:44.754+0000] {processor.py:179} INFO - Processing /home/airflow/.local/lib/python3.8/site-packages/airflow/example_dags/tutorial_dag.py took 0.090 seconds
[2025-08-19T18:39:15.361+0000] {processor.py:157} INFO - Started process (PID=968) to work on /home/airflow/.local/lib/python3.8/site-packages/airflow/example_dags/tutorial_dag.py
[2025-08-19T18:39:15.362+0000] {processor.py:829} INFO - Processing file /home/airflow/.local/lib/python3.8/site-packages/airflow/example_dags/tutorial_dag.py for tasks to queue
[2025-08-19T18:39:15.365+0000] {logging_mixin.py:151} INFO - [2025-08-19T18:39:15.365+0000] {dagbag.py:536} INFO - Filling up the DagBag from /home/airflow/.local/lib/python3.8/site-packages/airflow/example_dags/tutorial_dag.py
[2025-08-19T18:39:15.375+0000] {processor.py:839} INFO - DAG(s) dict_keys(['tutorial_dag']) retrieved from /home/airflow/.local/lib/python3.8/site-packages/airflow/example_dags/tutorial_dag.py
[2025-08-19T18:39:15.412+0000] {logging_mixin.py:151} INFO - [2025-08-19T18:39:15.411+0000] {dag.py:2941} INFO - Sync 1 DAGs
[2025-08-19T18:39:15.432+0000] {logging_mixin.py:151} INFO - [2025-08-19T18:39:15.431+0000] {dag.py:3722} INFO - Setting next_dagrun for tutorial_dag to None, run_after=None
[2025-08-19T18:39:15.467+0000] {processor.py:179} INFO - Processing /home/airflow/.local/lib/python3.8/site-packages/airflow/example_dags/tutorial_dag.py took 0.112 seconds
