[2025-08-19T18:23:12.207+0000] {processor.py:157} INFO - Started process (PID=125) to work on /home/airflow/.local/lib/python3.8/site-packages/airflow/example_dags/tutorial_taskflow_api_virtualenv.py
[2025-08-19T18:23:12.600+0000] {processor.py:829} INFO - Processing file /home/airflow/.local/lib/python3.8/site-packages/airflow/example_dags/tutorial_taskflow_api_virtualenv.py for tasks to queue
[2025-08-19T18:23:12.713+0000] {logging_mixin.py:151} INFO - [2025-08-19T18:23:12.712+0000] {dagbag.py:536} INFO - Filling up the DagBag from /home/airflow/.local/lib/python3.8/site-packages/airflow/example_dags/tutorial_taskflow_api_virtualenv.py
[2025-08-19T18:23:12.791+0000] {processor.py:839} INFO - DAG(s) dict_keys(['tutorial_taskflow_api_virtualenv']) retrieved from /home/airflow/.local/lib/python3.8/site-packages/airflow/example_dags/tutorial_taskflow_api_virtualenv.py
[2025-08-19T18:23:12.993+0000] {logging_mixin.py:151} INFO - [2025-08-19T18:23:12.993+0000] {dag.py:2941} INFO - Sync 1 DAGs
[2025-08-19T18:23:13.090+0000] {logging_mixin.py:151} INFO - [2025-08-19T18:23:13.089+0000] {dag.py:3722} INFO - Setting next_dagrun for tutorial_taskflow_api_virtualenv to None, run_after=None
[2025-08-19T18:23:13.212+0000] {processor.py:179} INFO - Processing /home/airflow/.local/lib/python3.8/site-packages/airflow/example_dags/tutorial_taskflow_api_virtualenv.py took 1.185 seconds
[2025-08-19T18:23:43.809+0000] {processor.py:157} INFO - Started process (PID=179) to work on /home/airflow/.local/lib/python3.8/site-packages/airflow/example_dags/tutorial_taskflow_api_virtualenv.py
[2025-08-19T18:23:43.826+0000] {processor.py:829} INFO - Processing file /home/airflow/.local/lib/python3.8/site-packages/airflow/example_dags/tutorial_taskflow_api_virtualenv.py for tasks to queue
[2025-08-19T18:23:43.841+0000] {logging_mixin.py:151} INFO - [2025-08-19T18:23:43.838+0000] {dagbag.py:536} INFO - Filling up the DagBag from /home/airflow/.local/lib/python3.8/site-packages/airflow/example_dags/tutorial_taskflow_api_virtualenv.py
[2025-08-19T18:23:43.947+0000] {processor.py:839} INFO - DAG(s) dict_keys(['tutorial_taskflow_api_virtualenv']) retrieved from /home/airflow/.local/lib/python3.8/site-packages/airflow/example_dags/tutorial_taskflow_api_virtualenv.py
[2025-08-19T18:23:44.121+0000] {logging_mixin.py:151} INFO - [2025-08-19T18:23:44.121+0000] {dag.py:2941} INFO - Sync 1 DAGs
[2025-08-19T18:23:44.213+0000] {logging_mixin.py:151} INFO - [2025-08-19T18:23:44.212+0000] {dag.py:3722} INFO - Setting next_dagrun for tutorial_taskflow_api_virtualenv to None, run_after=None
[2025-08-19T18:23:44.323+0000] {processor.py:179} INFO - Processing /home/airflow/.local/lib/python3.8/site-packages/airflow/example_dags/tutorial_taskflow_api_virtualenv.py took 0.557 seconds
[2025-08-19T18:24:14.477+0000] {processor.py:157} INFO - Started process (PID=233) to work on /home/airflow/.local/lib/python3.8/site-packages/airflow/example_dags/tutorial_taskflow_api_virtualenv.py
[2025-08-19T18:24:14.479+0000] {processor.py:829} INFO - Processing file /home/airflow/.local/lib/python3.8/site-packages/airflow/example_dags/tutorial_taskflow_api_virtualenv.py for tasks to queue
[2025-08-19T18:24:14.482+0000] {logging_mixin.py:151} INFO - [2025-08-19T18:24:14.482+0000] {dagbag.py:536} INFO - Filling up the DagBag from /home/airflow/.local/lib/python3.8/site-packages/airflow/example_dags/tutorial_taskflow_api_virtualenv.py
[2025-08-19T18:24:14.494+0000] {processor.py:839} INFO - DAG(s) dict_keys(['tutorial_taskflow_api_virtualenv']) retrieved from /home/airflow/.local/lib/python3.8/site-packages/airflow/example_dags/tutorial_taskflow_api_virtualenv.py
[2025-08-19T18:24:14.525+0000] {logging_mixin.py:151} INFO - [2025-08-19T18:24:14.525+0000] {dag.py:2941} INFO - Sync 1 DAGs
[2025-08-19T18:24:14.545+0000] {logging_mixin.py:151} INFO - [2025-08-19T18:24:14.545+0000] {dag.py:3722} INFO - Setting next_dagrun for tutorial_taskflow_api_virtualenv to None, run_after=None
[2025-08-19T18:24:14.578+0000] {processor.py:179} INFO - Processing /home/airflow/.local/lib/python3.8/site-packages/airflow/example_dags/tutorial_taskflow_api_virtualenv.py took 0.106 seconds
[2025-08-19T18:24:46.781+0000] {processor.py:157} INFO - Started process (PID=287) to work on /home/airflow/.local/lib/python3.8/site-packages/airflow/example_dags/tutorial_taskflow_api_virtualenv.py
[2025-08-19T18:24:46.784+0000] {processor.py:829} INFO - Processing file /home/airflow/.local/lib/python3.8/site-packages/airflow/example_dags/tutorial_taskflow_api_virtualenv.py for tasks to queue
[2025-08-19T18:24:46.794+0000] {logging_mixin.py:151} INFO - [2025-08-19T18:24:46.792+0000] {dagbag.py:536} INFO - Filling up the DagBag from /home/airflow/.local/lib/python3.8/site-packages/airflow/example_dags/tutorial_taskflow_api_virtualenv.py
[2025-08-19T18:24:46.824+0000] {processor.py:839} INFO - DAG(s) dict_keys(['tutorial_taskflow_api_virtualenv']) retrieved from /home/airflow/.local/lib/python3.8/site-packages/airflow/example_dags/tutorial_taskflow_api_virtualenv.py
[2025-08-19T18:24:46.981+0000] {logging_mixin.py:151} INFO - [2025-08-19T18:24:46.975+0000] {dag.py:2941} INFO - Sync 1 DAGs
[2025-08-19T18:24:47.036+0000] {logging_mixin.py:151} INFO - [2025-08-19T18:24:47.036+0000] {dag.py:3722} INFO - Setting next_dagrun for tutorial_taskflow_api_virtualenv to None, run_after=None
[2025-08-19T18:24:47.125+0000] {processor.py:179} INFO - Processing /home/airflow/.local/lib/python3.8/site-packages/airflow/example_dags/tutorial_taskflow_api_virtualenv.py took 0.359 seconds
[2025-08-19T18:25:17.966+0000] {processor.py:157} INFO - Started process (PID=341) to work on /home/airflow/.local/lib/python3.8/site-packages/airflow/example_dags/tutorial_taskflow_api_virtualenv.py
[2025-08-19T18:25:17.971+0000] {processor.py:829} INFO - Processing file /home/airflow/.local/lib/python3.8/site-packages/airflow/example_dags/tutorial_taskflow_api_virtualenv.py for tasks to queue
[2025-08-19T18:25:17.980+0000] {logging_mixin.py:151} INFO - [2025-08-19T18:25:17.979+0000] {dagbag.py:536} INFO - Filling up the DagBag from /home/airflow/.local/lib/python3.8/site-packages/airflow/example_dags/tutorial_taskflow_api_virtualenv.py
[2025-08-19T18:25:18.010+0000] {processor.py:839} INFO - DAG(s) dict_keys(['tutorial_taskflow_api_virtualenv']) retrieved from /home/airflow/.local/lib/python3.8/site-packages/airflow/example_dags/tutorial_taskflow_api_virtualenv.py
[2025-08-19T18:25:18.079+0000] {logging_mixin.py:151} INFO - [2025-08-19T18:25:18.078+0000] {dag.py:2941} INFO - Sync 1 DAGs
[2025-08-19T18:25:18.131+0000] {logging_mixin.py:151} INFO - [2025-08-19T18:25:18.131+0000] {dag.py:3722} INFO - Setting next_dagrun for tutorial_taskflow_api_virtualenv to None, run_after=None
[2025-08-19T18:25:18.201+0000] {processor.py:179} INFO - Processing /home/airflow/.local/lib/python3.8/site-packages/airflow/example_dags/tutorial_taskflow_api_virtualenv.py took 0.255 seconds
[2025-08-19T18:25:48.783+0000] {processor.py:157} INFO - Started process (PID=395) to work on /home/airflow/.local/lib/python3.8/site-packages/airflow/example_dags/tutorial_taskflow_api_virtualenv.py
[2025-08-19T18:25:48.786+0000] {processor.py:829} INFO - Processing file /home/airflow/.local/lib/python3.8/site-packages/airflow/example_dags/tutorial_taskflow_api_virtualenv.py for tasks to queue
[2025-08-19T18:25:48.796+0000] {logging_mixin.py:151} INFO - [2025-08-19T18:25:48.795+0000] {dagbag.py:536} INFO - Filling up the DagBag from /home/airflow/.local/lib/python3.8/site-packages/airflow/example_dags/tutorial_taskflow_api_virtualenv.py
[2025-08-19T18:25:48.825+0000] {processor.py:839} INFO - DAG(s) dict_keys(['tutorial_taskflow_api_virtualenv']) retrieved from /home/airflow/.local/lib/python3.8/site-packages/airflow/example_dags/tutorial_taskflow_api_virtualenv.py
[2025-08-19T18:25:48.951+0000] {logging_mixin.py:151} INFO - [2025-08-19T18:25:48.950+0000] {dag.py:2941} INFO - Sync 1 DAGs
[2025-08-19T18:25:48.999+0000] {logging_mixin.py:151} INFO - [2025-08-19T18:25:48.998+0000] {dag.py:3722} INFO - Setting next_dagrun for tutorial_taskflow_api_virtualenv to None, run_after=None
[2025-08-19T18:25:49.055+0000] {processor.py:179} INFO - Processing /home/airflow/.local/lib/python3.8/site-packages/airflow/example_dags/tutorial_taskflow_api_virtualenv.py took 0.292 seconds
[2025-08-19T18:26:23.544+0000] {processor.py:157} INFO - Started process (PID=450) to work on /home/airflow/.local/lib/python3.8/site-packages/airflow/example_dags/tutorial_taskflow_api_virtualenv.py
[2025-08-19T18:26:23.550+0000] {processor.py:829} INFO - Processing file /home/airflow/.local/lib/python3.8/site-packages/airflow/example_dags/tutorial_taskflow_api_virtualenv.py for tasks to queue
[2025-08-19T18:26:23.566+0000] {logging_mixin.py:151} INFO - [2025-08-19T18:26:23.565+0000] {dagbag.py:536} INFO - Filling up the DagBag from /home/airflow/.local/lib/python3.8/site-packages/airflow/example_dags/tutorial_taskflow_api_virtualenv.py
[2025-08-19T18:26:23.598+0000] {processor.py:839} INFO - DAG(s) dict_keys(['tutorial_taskflow_api_virtualenv']) retrieved from /home/airflow/.local/lib/python3.8/site-packages/airflow/example_dags/tutorial_taskflow_api_virtualenv.py
[2025-08-19T18:26:23.708+0000] {logging_mixin.py:151} INFO - [2025-08-19T18:26:23.707+0000] {dag.py:2941} INFO - Sync 1 DAGs
[2025-08-19T18:26:23.775+0000] {logging_mixin.py:151} INFO - [2025-08-19T18:26:23.774+0000] {dag.py:3722} INFO - Setting next_dagrun for tutorial_taskflow_api_virtualenv to None, run_after=None
[2025-08-19T18:26:23.858+0000] {processor.py:179} INFO - Processing /home/airflow/.local/lib/python3.8/site-packages/airflow/example_dags/tutorial_taskflow_api_virtualenv.py took 0.337 seconds
[2025-08-19T18:26:54.042+0000] {processor.py:157} INFO - Started process (PID=504) to work on /home/airflow/.local/lib/python3.8/site-packages/airflow/example_dags/tutorial_taskflow_api_virtualenv.py
[2025-08-19T18:26:54.046+0000] {processor.py:829} INFO - Processing file /home/airflow/.local/lib/python3.8/site-packages/airflow/example_dags/tutorial_taskflow_api_virtualenv.py for tasks to queue
[2025-08-19T18:26:54.058+0000] {logging_mixin.py:151} INFO - [2025-08-19T18:26:54.057+0000] {dagbag.py:536} INFO - Filling up the DagBag from /home/airflow/.local/lib/python3.8/site-packages/airflow/example_dags/tutorial_taskflow_api_virtualenv.py
[2025-08-19T18:26:54.087+0000] {processor.py:839} INFO - DAG(s) dict_keys(['tutorial_taskflow_api_virtualenv']) retrieved from /home/airflow/.local/lib/python3.8/site-packages/airflow/example_dags/tutorial_taskflow_api_virtualenv.py
[2025-08-19T18:26:54.147+0000] {logging_mixin.py:151} INFO - [2025-08-19T18:26:54.146+0000] {dag.py:2941} INFO - Sync 1 DAGs
[2025-08-19T18:26:54.181+0000] {logging_mixin.py:151} INFO - [2025-08-19T18:26:54.181+0000] {dag.py:3722} INFO - Setting next_dagrun for tutorial_taskflow_api_virtualenv to None, run_after=None
[2025-08-19T18:26:54.237+0000] {processor.py:179} INFO - Processing /home/airflow/.local/lib/python3.8/site-packages/airflow/example_dags/tutorial_taskflow_api_virtualenv.py took 0.209 seconds
[2025-08-19T18:27:25.082+0000] {processor.py:157} INFO - Started process (PID=558) to work on /home/airflow/.local/lib/python3.8/site-packages/airflow/example_dags/tutorial_taskflow_api_virtualenv.py
[2025-08-19T18:27:25.085+0000] {processor.py:829} INFO - Processing file /home/airflow/.local/lib/python3.8/site-packages/airflow/example_dags/tutorial_taskflow_api_virtualenv.py for tasks to queue
[2025-08-19T18:27:25.088+0000] {logging_mixin.py:151} INFO - [2025-08-19T18:27:25.088+0000] {dagbag.py:536} INFO - Filling up the DagBag from /home/airflow/.local/lib/python3.8/site-packages/airflow/example_dags/tutorial_taskflow_api_virtualenv.py
[2025-08-19T18:27:25.099+0000] {processor.py:839} INFO - DAG(s) dict_keys(['tutorial_taskflow_api_virtualenv']) retrieved from /home/airflow/.local/lib/python3.8/site-packages/airflow/example_dags/tutorial_taskflow_api_virtualenv.py
[2025-08-19T18:27:25.142+0000] {logging_mixin.py:151} INFO - [2025-08-19T18:27:25.141+0000] {dag.py:2941} INFO - Sync 1 DAGs
[2025-08-19T18:27:25.162+0000] {logging_mixin.py:151} INFO - [2025-08-19T18:27:25.161+0000] {dag.py:3722} INFO - Setting next_dagrun for tutorial_taskflow_api_virtualenv to None, run_after=None
[2025-08-19T18:27:25.205+0000] {processor.py:179} INFO - Processing /home/airflow/.local/lib/python3.8/site-packages/airflow/example_dags/tutorial_taskflow_api_virtualenv.py took 0.130 seconds
[2025-08-19T18:27:55.540+0000] {processor.py:157} INFO - Started process (PID=612) to work on /home/airflow/.local/lib/python3.8/site-packages/airflow/example_dags/tutorial_taskflow_api_virtualenv.py
[2025-08-19T18:27:55.542+0000] {processor.py:829} INFO - Processing file /home/airflow/.local/lib/python3.8/site-packages/airflow/example_dags/tutorial_taskflow_api_virtualenv.py for tasks to queue
[2025-08-19T18:27:55.544+0000] {logging_mixin.py:151} INFO - [2025-08-19T18:27:55.544+0000] {dagbag.py:536} INFO - Filling up the DagBag from /home/airflow/.local/lib/python3.8/site-packages/airflow/example_dags/tutorial_taskflow_api_virtualenv.py
[2025-08-19T18:27:55.552+0000] {processor.py:839} INFO - DAG(s) dict_keys(['tutorial_taskflow_api_virtualenv']) retrieved from /home/airflow/.local/lib/python3.8/site-packages/airflow/example_dags/tutorial_taskflow_api_virtualenv.py
[2025-08-19T18:27:55.574+0000] {logging_mixin.py:151} INFO - [2025-08-19T18:27:55.574+0000] {dag.py:2941} INFO - Sync 1 DAGs
[2025-08-19T18:27:55.587+0000] {logging_mixin.py:151} INFO - [2025-08-19T18:27:55.587+0000] {dag.py:3722} INFO - Setting next_dagrun for tutorial_taskflow_api_virtualenv to None, run_after=None
[2025-08-19T18:27:55.612+0000] {processor.py:179} INFO - Processing /home/airflow/.local/lib/python3.8/site-packages/airflow/example_dags/tutorial_taskflow_api_virtualenv.py took 0.076 seconds
[2025-08-19T18:28:26.138+0000] {processor.py:157} INFO - Started process (PID=666) to work on /home/airflow/.local/lib/python3.8/site-packages/airflow/example_dags/tutorial_taskflow_api_virtualenv.py
[2025-08-19T18:28:26.140+0000] {processor.py:829} INFO - Processing file /home/airflow/.local/lib/python3.8/site-packages/airflow/example_dags/tutorial_taskflow_api_virtualenv.py for tasks to queue
[2025-08-19T18:28:26.151+0000] {logging_mixin.py:151} INFO - [2025-08-19T18:28:26.150+0000] {dagbag.py:536} INFO - Filling up the DagBag from /home/airflow/.local/lib/python3.8/site-packages/airflow/example_dags/tutorial_taskflow_api_virtualenv.py
[2025-08-19T18:28:26.188+0000] {processor.py:839} INFO - DAG(s) dict_keys(['tutorial_taskflow_api_virtualenv']) retrieved from /home/airflow/.local/lib/python3.8/site-packages/airflow/example_dags/tutorial_taskflow_api_virtualenv.py
[2025-08-19T18:28:26.270+0000] {logging_mixin.py:151} INFO - [2025-08-19T18:28:26.269+0000] {dag.py:2941} INFO - Sync 1 DAGs
[2025-08-19T18:28:26.325+0000] {logging_mixin.py:151} INFO - [2025-08-19T18:28:26.325+0000] {dag.py:3722} INFO - Setting next_dagrun for tutorial_taskflow_api_virtualenv to None, run_after=None
[2025-08-19T18:28:26.385+0000] {processor.py:179} INFO - Processing /home/airflow/.local/lib/python3.8/site-packages/airflow/example_dags/tutorial_taskflow_api_virtualenv.py took 0.261 seconds
[2025-08-19T18:28:57.244+0000] {processor.py:157} INFO - Started process (PID=720) to work on /home/airflow/.local/lib/python3.8/site-packages/airflow/example_dags/tutorial_taskflow_api_virtualenv.py
[2025-08-19T18:28:57.255+0000] {processor.py:829} INFO - Processing file /home/airflow/.local/lib/python3.8/site-packages/airflow/example_dags/tutorial_taskflow_api_virtualenv.py for tasks to queue
[2025-08-19T18:28:57.274+0000] {logging_mixin.py:151} INFO - [2025-08-19T18:28:57.273+0000] {dagbag.py:536} INFO - Filling up the DagBag from /home/airflow/.local/lib/python3.8/site-packages/airflow/example_dags/tutorial_taskflow_api_virtualenv.py
[2025-08-19T18:28:57.377+0000] {processor.py:839} INFO - DAG(s) dict_keys(['tutorial_taskflow_api_virtualenv']) retrieved from /home/airflow/.local/lib/python3.8/site-packages/airflow/example_dags/tutorial_taskflow_api_virtualenv.py
[2025-08-19T18:28:57.570+0000] {logging_mixin.py:151} INFO - [2025-08-19T18:28:57.569+0000] {dag.py:2941} INFO - Sync 1 DAGs
[2025-08-19T18:28:57.648+0000] {logging_mixin.py:151} INFO - [2025-08-19T18:28:57.648+0000] {dag.py:3722} INFO - Setting next_dagrun for tutorial_taskflow_api_virtualenv to None, run_after=None
[2025-08-19T18:28:57.726+0000] {processor.py:179} INFO - Processing /home/airflow/.local/lib/python3.8/site-packages/airflow/example_dags/tutorial_taskflow_api_virtualenv.py took 0.543 seconds
[2025-08-19T18:29:28.337+0000] {processor.py:157} INFO - Started process (PID=765) to work on /home/airflow/.local/lib/python3.8/site-packages/airflow/example_dags/tutorial_taskflow_api_virtualenv.py
[2025-08-19T18:29:28.338+0000] {processor.py:829} INFO - Processing file /home/airflow/.local/lib/python3.8/site-packages/airflow/example_dags/tutorial_taskflow_api_virtualenv.py for tasks to queue
[2025-08-19T18:29:28.342+0000] {logging_mixin.py:151} INFO - [2025-08-19T18:29:28.342+0000] {dagbag.py:536} INFO - Filling up the DagBag from /home/airflow/.local/lib/python3.8/site-packages/airflow/example_dags/tutorial_taskflow_api_virtualenv.py
[2025-08-19T18:29:28.351+0000] {processor.py:839} INFO - DAG(s) dict_keys(['tutorial_taskflow_api_virtualenv']) retrieved from /home/airflow/.local/lib/python3.8/site-packages/airflow/example_dags/tutorial_taskflow_api_virtualenv.py
[2025-08-19T18:29:28.383+0000] {logging_mixin.py:151} INFO - [2025-08-19T18:29:28.382+0000] {dag.py:2941} INFO - Sync 1 DAGs
[2025-08-19T18:29:28.398+0000] {logging_mixin.py:151} INFO - [2025-08-19T18:29:28.398+0000] {dag.py:3722} INFO - Setting next_dagrun for tutorial_taskflow_api_virtualenv to None, run_after=None
[2025-08-19T18:29:28.431+0000] {processor.py:179} INFO - Processing /home/airflow/.local/lib/python3.8/site-packages/airflow/example_dags/tutorial_taskflow_api_virtualenv.py took 0.098 seconds
[2025-08-19T18:29:59.195+0000] {processor.py:157} INFO - Started process (PID=819) to work on /home/airflow/.local/lib/python3.8/site-packages/airflow/example_dags/tutorial_taskflow_api_virtualenv.py
[2025-08-19T18:29:59.198+0000] {processor.py:829} INFO - Processing file /home/airflow/.local/lib/python3.8/site-packages/airflow/example_dags/tutorial_taskflow_api_virtualenv.py for tasks to queue
[2025-08-19T18:29:59.203+0000] {logging_mixin.py:151} INFO - [2025-08-19T18:29:59.202+0000] {dagbag.py:536} INFO - Filling up the DagBag from /home/airflow/.local/lib/python3.8/site-packages/airflow/example_dags/tutorial_taskflow_api_virtualenv.py
[2025-08-19T18:29:59.224+0000] {processor.py:839} INFO - DAG(s) dict_keys(['tutorial_taskflow_api_virtualenv']) retrieved from /home/airflow/.local/lib/python3.8/site-packages/airflow/example_dags/tutorial_taskflow_api_virtualenv.py
[2025-08-19T18:29:59.291+0000] {logging_mixin.py:151} INFO - [2025-08-19T18:29:59.291+0000] {dag.py:2941} INFO - Sync 1 DAGs
[2025-08-19T18:29:59.336+0000] {logging_mixin.py:151} INFO - [2025-08-19T18:29:59.335+0000] {dag.py:3722} INFO - Setting next_dagrun for tutorial_taskflow_api_virtualenv to None, run_after=None
[2025-08-19T18:29:59.395+0000] {processor.py:179} INFO - Processing /home/airflow/.local/lib/python3.8/site-packages/airflow/example_dags/tutorial_taskflow_api_virtualenv.py took 0.215 seconds
[2025-08-19T18:30:59.065+0000] {processor.py:157} INFO - Started process (PID=116) to work on /home/airflow/.local/lib/python3.8/site-packages/airflow/example_dags/tutorial_taskflow_api_virtualenv.py
[2025-08-19T18:30:59.067+0000] {processor.py:829} INFO - Processing file /home/airflow/.local/lib/python3.8/site-packages/airflow/example_dags/tutorial_taskflow_api_virtualenv.py for tasks to queue
[2025-08-19T18:30:59.074+0000] {logging_mixin.py:151} INFO - [2025-08-19T18:30:59.073+0000] {dagbag.py:536} INFO - Filling up the DagBag from /home/airflow/.local/lib/python3.8/site-packages/airflow/example_dags/tutorial_taskflow_api_virtualenv.py
[2025-08-19T18:30:59.092+0000] {processor.py:839} INFO - DAG(s) dict_keys(['tutorial_taskflow_api_virtualenv']) retrieved from /home/airflow/.local/lib/python3.8/site-packages/airflow/example_dags/tutorial_taskflow_api_virtualenv.py
[2025-08-19T18:30:59.155+0000] {logging_mixin.py:151} INFO - [2025-08-19T18:30:59.154+0000] {dag.py:2941} INFO - Sync 1 DAGs
[2025-08-19T18:30:59.187+0000] {logging_mixin.py:151} INFO - [2025-08-19T18:30:59.186+0000] {dag.py:3722} INFO - Setting next_dagrun for tutorial_taskflow_api_virtualenv to None, run_after=None
[2025-08-19T18:30:59.258+0000] {processor.py:179} INFO - Processing /home/airflow/.local/lib/python3.8/site-packages/airflow/example_dags/tutorial_taskflow_api_virtualenv.py took 0.202 seconds
[2025-08-19T18:31:29.818+0000] {processor.py:157} INFO - Started process (PID=171) to work on /home/airflow/.local/lib/python3.8/site-packages/airflow/example_dags/tutorial_taskflow_api_virtualenv.py
[2025-08-19T18:31:29.820+0000] {processor.py:829} INFO - Processing file /home/airflow/.local/lib/python3.8/site-packages/airflow/example_dags/tutorial_taskflow_api_virtualenv.py for tasks to queue
[2025-08-19T18:31:29.823+0000] {logging_mixin.py:151} INFO - [2025-08-19T18:31:29.823+0000] {dagbag.py:536} INFO - Filling up the DagBag from /home/airflow/.local/lib/python3.8/site-packages/airflow/example_dags/tutorial_taskflow_api_virtualenv.py
[2025-08-19T18:31:29.835+0000] {processor.py:839} INFO - DAG(s) dict_keys(['tutorial_taskflow_api_virtualenv']) retrieved from /home/airflow/.local/lib/python3.8/site-packages/airflow/example_dags/tutorial_taskflow_api_virtualenv.py
[2025-08-19T18:31:29.873+0000] {logging_mixin.py:151} INFO - [2025-08-19T18:31:29.873+0000] {dag.py:2941} INFO - Sync 1 DAGs
[2025-08-19T18:31:29.892+0000] {logging_mixin.py:151} INFO - [2025-08-19T18:31:29.891+0000] {dag.py:3722} INFO - Setting next_dagrun for tutorial_taskflow_api_virtualenv to None, run_after=None
[2025-08-19T18:31:29.933+0000] {processor.py:179} INFO - Processing /home/airflow/.local/lib/python3.8/site-packages/airflow/example_dags/tutorial_taskflow_api_virtualenv.py took 0.121 seconds
[2025-08-19T18:32:00.152+0000] {processor.py:157} INFO - Started process (PID=225) to work on /home/airflow/.local/lib/python3.8/site-packages/airflow/example_dags/tutorial_taskflow_api_virtualenv.py
[2025-08-19T18:32:00.154+0000] {processor.py:829} INFO - Processing file /home/airflow/.local/lib/python3.8/site-packages/airflow/example_dags/tutorial_taskflow_api_virtualenv.py for tasks to queue
[2025-08-19T18:32:00.157+0000] {logging_mixin.py:151} INFO - [2025-08-19T18:32:00.157+0000] {dagbag.py:536} INFO - Filling up the DagBag from /home/airflow/.local/lib/python3.8/site-packages/airflow/example_dags/tutorial_taskflow_api_virtualenv.py
[2025-08-19T18:32:00.172+0000] {processor.py:839} INFO - DAG(s) dict_keys(['tutorial_taskflow_api_virtualenv']) retrieved from /home/airflow/.local/lib/python3.8/site-packages/airflow/example_dags/tutorial_taskflow_api_virtualenv.py
[2025-08-19T18:32:00.212+0000] {logging_mixin.py:151} INFO - [2025-08-19T18:32:00.211+0000] {dag.py:2941} INFO - Sync 1 DAGs
[2025-08-19T18:32:00.236+0000] {logging_mixin.py:151} INFO - [2025-08-19T18:32:00.235+0000] {dag.py:3722} INFO - Setting next_dagrun for tutorial_taskflow_api_virtualenv to None, run_after=None
[2025-08-19T18:32:00.272+0000] {processor.py:179} INFO - Processing /home/airflow/.local/lib/python3.8/site-packages/airflow/example_dags/tutorial_taskflow_api_virtualenv.py took 0.125 seconds
[2025-08-19T18:32:30.921+0000] {processor.py:157} INFO - Started process (PID=279) to work on /home/airflow/.local/lib/python3.8/site-packages/airflow/example_dags/tutorial_taskflow_api_virtualenv.py
[2025-08-19T18:32:30.923+0000] {processor.py:829} INFO - Processing file /home/airflow/.local/lib/python3.8/site-packages/airflow/example_dags/tutorial_taskflow_api_virtualenv.py for tasks to queue
[2025-08-19T18:32:30.927+0000] {logging_mixin.py:151} INFO - [2025-08-19T18:32:30.926+0000] {dagbag.py:536} INFO - Filling up the DagBag from /home/airflow/.local/lib/python3.8/site-packages/airflow/example_dags/tutorial_taskflow_api_virtualenv.py
[2025-08-19T18:32:30.938+0000] {processor.py:839} INFO - DAG(s) dict_keys(['tutorial_taskflow_api_virtualenv']) retrieved from /home/airflow/.local/lib/python3.8/site-packages/airflow/example_dags/tutorial_taskflow_api_virtualenv.py
[2025-08-19T18:32:30.972+0000] {logging_mixin.py:151} INFO - [2025-08-19T18:32:30.972+0000] {dag.py:2941} INFO - Sync 1 DAGs
[2025-08-19T18:32:30.992+0000] {logging_mixin.py:151} INFO - [2025-08-19T18:32:30.991+0000] {dag.py:3722} INFO - Setting next_dagrun for tutorial_taskflow_api_virtualenv to None, run_after=None
[2025-08-19T18:32:31.031+0000] {processor.py:179} INFO - Processing /home/airflow/.local/lib/python3.8/site-packages/airflow/example_dags/tutorial_taskflow_api_virtualenv.py took 0.115 seconds
[2025-08-19T18:33:01.531+0000] {processor.py:157} INFO - Started process (PID=326) to work on /home/airflow/.local/lib/python3.8/site-packages/airflow/example_dags/tutorial_taskflow_api_virtualenv.py
[2025-08-19T18:33:01.533+0000] {processor.py:829} INFO - Processing file /home/airflow/.local/lib/python3.8/site-packages/airflow/example_dags/tutorial_taskflow_api_virtualenv.py for tasks to queue
[2025-08-19T18:33:01.540+0000] {logging_mixin.py:151} INFO - [2025-08-19T18:33:01.539+0000] {dagbag.py:536} INFO - Filling up the DagBag from /home/airflow/.local/lib/python3.8/site-packages/airflow/example_dags/tutorial_taskflow_api_virtualenv.py
[2025-08-19T18:33:01.560+0000] {processor.py:839} INFO - DAG(s) dict_keys(['tutorial_taskflow_api_virtualenv']) retrieved from /home/airflow/.local/lib/python3.8/site-packages/airflow/example_dags/tutorial_taskflow_api_virtualenv.py
[2025-08-19T18:33:01.608+0000] {logging_mixin.py:151} INFO - [2025-08-19T18:33:01.608+0000] {dag.py:2941} INFO - Sync 1 DAGs
[2025-08-19T18:33:01.633+0000] {logging_mixin.py:151} INFO - [2025-08-19T18:33:01.633+0000] {dag.py:3722} INFO - Setting next_dagrun for tutorial_taskflow_api_virtualenv to None, run_after=None
[2025-08-19T18:33:01.675+0000] {processor.py:179} INFO - Processing /home/airflow/.local/lib/python3.8/site-packages/airflow/example_dags/tutorial_taskflow_api_virtualenv.py took 0.149 seconds
[2025-08-19T18:33:32.150+0000] {processor.py:157} INFO - Started process (PID=380) to work on /home/airflow/.local/lib/python3.8/site-packages/airflow/example_dags/tutorial_taskflow_api_virtualenv.py
[2025-08-19T18:33:32.152+0000] {processor.py:829} INFO - Processing file /home/airflow/.local/lib/python3.8/site-packages/airflow/example_dags/tutorial_taskflow_api_virtualenv.py for tasks to queue
[2025-08-19T18:33:32.155+0000] {logging_mixin.py:151} INFO - [2025-08-19T18:33:32.155+0000] {dagbag.py:536} INFO - Filling up the DagBag from /home/airflow/.local/lib/python3.8/site-packages/airflow/example_dags/tutorial_taskflow_api_virtualenv.py
[2025-08-19T18:33:32.165+0000] {processor.py:839} INFO - DAG(s) dict_keys(['tutorial_taskflow_api_virtualenv']) retrieved from /home/airflow/.local/lib/python3.8/site-packages/airflow/example_dags/tutorial_taskflow_api_virtualenv.py
[2025-08-19T18:33:32.200+0000] {logging_mixin.py:151} INFO - [2025-08-19T18:33:32.200+0000] {dag.py:2941} INFO - Sync 1 DAGs
[2025-08-19T18:33:32.219+0000] {logging_mixin.py:151} INFO - [2025-08-19T18:33:32.219+0000] {dag.py:3722} INFO - Setting next_dagrun for tutorial_taskflow_api_virtualenv to None, run_after=None
[2025-08-19T18:33:32.253+0000] {processor.py:179} INFO - Processing /home/airflow/.local/lib/python3.8/site-packages/airflow/example_dags/tutorial_taskflow_api_virtualenv.py took 0.108 seconds
[2025-08-19T18:34:02.820+0000] {processor.py:157} INFO - Started process (PID=434) to work on /home/airflow/.local/lib/python3.8/site-packages/airflow/example_dags/tutorial_taskflow_api_virtualenv.py
[2025-08-19T18:34:02.822+0000] {processor.py:829} INFO - Processing file /home/airflow/.local/lib/python3.8/site-packages/airflow/example_dags/tutorial_taskflow_api_virtualenv.py for tasks to queue
[2025-08-19T18:34:02.826+0000] {logging_mixin.py:151} INFO - [2025-08-19T18:34:02.825+0000] {dagbag.py:536} INFO - Filling up the DagBag from /home/airflow/.local/lib/python3.8/site-packages/airflow/example_dags/tutorial_taskflow_api_virtualenv.py
[2025-08-19T18:34:02.843+0000] {processor.py:839} INFO - DAG(s) dict_keys(['tutorial_taskflow_api_virtualenv']) retrieved from /home/airflow/.local/lib/python3.8/site-packages/airflow/example_dags/tutorial_taskflow_api_virtualenv.py
[2025-08-19T18:34:02.884+0000] {logging_mixin.py:151} INFO - [2025-08-19T18:34:02.884+0000] {dag.py:2941} INFO - Sync 1 DAGs
[2025-08-19T18:34:02.907+0000] {logging_mixin.py:151} INFO - [2025-08-19T18:34:02.907+0000] {dag.py:3722} INFO - Setting next_dagrun for tutorial_taskflow_api_virtualenv to None, run_after=None
[2025-08-19T18:34:02.948+0000] {processor.py:179} INFO - Processing /home/airflow/.local/lib/python3.8/site-packages/airflow/example_dags/tutorial_taskflow_api_virtualenv.py took 0.133 seconds
[2025-08-19T18:34:33.809+0000] {processor.py:157} INFO - Started process (PID=488) to work on /home/airflow/.local/lib/python3.8/site-packages/airflow/example_dags/tutorial_taskflow_api_virtualenv.py
[2025-08-19T18:34:33.812+0000] {processor.py:829} INFO - Processing file /home/airflow/.local/lib/python3.8/site-packages/airflow/example_dags/tutorial_taskflow_api_virtualenv.py for tasks to queue
[2025-08-19T18:34:33.816+0000] {logging_mixin.py:151} INFO - [2025-08-19T18:34:33.815+0000] {dagbag.py:536} INFO - Filling up the DagBag from /home/airflow/.local/lib/python3.8/site-packages/airflow/example_dags/tutorial_taskflow_api_virtualenv.py
[2025-08-19T18:34:33.829+0000] {processor.py:839} INFO - DAG(s) dict_keys(['tutorial_taskflow_api_virtualenv']) retrieved from /home/airflow/.local/lib/python3.8/site-packages/airflow/example_dags/tutorial_taskflow_api_virtualenv.py
[2025-08-19T18:34:33.879+0000] {logging_mixin.py:151} INFO - [2025-08-19T18:34:33.879+0000] {dag.py:2941} INFO - Sync 1 DAGs
[2025-08-19T18:34:33.896+0000] {logging_mixin.py:151} INFO - [2025-08-19T18:34:33.896+0000] {dag.py:3722} INFO - Setting next_dagrun for tutorial_taskflow_api_virtualenv to None, run_after=None
[2025-08-19T18:34:33.934+0000] {processor.py:179} INFO - Processing /home/airflow/.local/lib/python3.8/site-packages/airflow/example_dags/tutorial_taskflow_api_virtualenv.py took 0.131 seconds
[2025-08-19T18:35:04.249+0000] {processor.py:157} INFO - Started process (PID=542) to work on /home/airflow/.local/lib/python3.8/site-packages/airflow/example_dags/tutorial_taskflow_api_virtualenv.py
[2025-08-19T18:35:04.252+0000] {processor.py:829} INFO - Processing file /home/airflow/.local/lib/python3.8/site-packages/airflow/example_dags/tutorial_taskflow_api_virtualenv.py for tasks to queue
[2025-08-19T18:35:04.255+0000] {logging_mixin.py:151} INFO - [2025-08-19T18:35:04.255+0000] {dagbag.py:536} INFO - Filling up the DagBag from /home/airflow/.local/lib/python3.8/site-packages/airflow/example_dags/tutorial_taskflow_api_virtualenv.py
[2025-08-19T18:35:04.272+0000] {processor.py:839} INFO - DAG(s) dict_keys(['tutorial_taskflow_api_virtualenv']) retrieved from /home/airflow/.local/lib/python3.8/site-packages/airflow/example_dags/tutorial_taskflow_api_virtualenv.py
[2025-08-19T18:35:04.307+0000] {logging_mixin.py:151} INFO - [2025-08-19T18:35:04.307+0000] {dag.py:2941} INFO - Sync 1 DAGs
[2025-08-19T18:35:04.327+0000] {logging_mixin.py:151} INFO - [2025-08-19T18:35:04.326+0000] {dag.py:3722} INFO - Setting next_dagrun for tutorial_taskflow_api_virtualenv to None, run_after=None
[2025-08-19T18:35:04.368+0000] {processor.py:179} INFO - Processing /home/airflow/.local/lib/python3.8/site-packages/airflow/example_dags/tutorial_taskflow_api_virtualenv.py took 0.128 seconds
[2025-08-19T18:35:34.946+0000] {processor.py:157} INFO - Started process (PID=596) to work on /home/airflow/.local/lib/python3.8/site-packages/airflow/example_dags/tutorial_taskflow_api_virtualenv.py
[2025-08-19T18:35:34.948+0000] {processor.py:829} INFO - Processing file /home/airflow/.local/lib/python3.8/site-packages/airflow/example_dags/tutorial_taskflow_api_virtualenv.py for tasks to queue
[2025-08-19T18:35:34.953+0000] {logging_mixin.py:151} INFO - [2025-08-19T18:35:34.953+0000] {dagbag.py:536} INFO - Filling up the DagBag from /home/airflow/.local/lib/python3.8/site-packages/airflow/example_dags/tutorial_taskflow_api_virtualenv.py
[2025-08-19T18:35:34.965+0000] {processor.py:839} INFO - DAG(s) dict_keys(['tutorial_taskflow_api_virtualenv']) retrieved from /home/airflow/.local/lib/python3.8/site-packages/airflow/example_dags/tutorial_taskflow_api_virtualenv.py
[2025-08-19T18:35:35.043+0000] {logging_mixin.py:151} INFO - [2025-08-19T18:35:35.042+0000] {dag.py:2941} INFO - Sync 1 DAGs
[2025-08-19T18:35:35.068+0000] {logging_mixin.py:151} INFO - [2025-08-19T18:35:35.068+0000] {dag.py:3722} INFO - Setting next_dagrun for tutorial_taskflow_api_virtualenv to None, run_after=None
[2025-08-19T18:35:35.115+0000] {processor.py:179} INFO - Processing /home/airflow/.local/lib/python3.8/site-packages/airflow/example_dags/tutorial_taskflow_api_virtualenv.py took 0.178 seconds
[2025-08-19T18:36:06.435+0000] {processor.py:157} INFO - Started process (PID=650) to work on /home/airflow/.local/lib/python3.8/site-packages/airflow/example_dags/tutorial_taskflow_api_virtualenv.py
[2025-08-19T18:36:06.438+0000] {processor.py:829} INFO - Processing file /home/airflow/.local/lib/python3.8/site-packages/airflow/example_dags/tutorial_taskflow_api_virtualenv.py for tasks to queue
[2025-08-19T18:36:06.443+0000] {logging_mixin.py:151} INFO - [2025-08-19T18:36:06.442+0000] {dagbag.py:536} INFO - Filling up the DagBag from /home/airflow/.local/lib/python3.8/site-packages/airflow/example_dags/tutorial_taskflow_api_virtualenv.py
[2025-08-19T18:36:06.473+0000] {processor.py:839} INFO - DAG(s) dict_keys(['tutorial_taskflow_api_virtualenv']) retrieved from /home/airflow/.local/lib/python3.8/site-packages/airflow/example_dags/tutorial_taskflow_api_virtualenv.py
[2025-08-19T18:36:06.587+0000] {logging_mixin.py:151} INFO - [2025-08-19T18:36:06.586+0000] {dag.py:2941} INFO - Sync 1 DAGs
[2025-08-19T18:36:06.663+0000] {logging_mixin.py:151} INFO - [2025-08-19T18:36:06.662+0000] {dag.py:3722} INFO - Setting next_dagrun for tutorial_taskflow_api_virtualenv to None, run_after=None
[2025-08-19T18:36:06.740+0000] {processor.py:179} INFO - Processing /home/airflow/.local/lib/python3.8/site-packages/airflow/example_dags/tutorial_taskflow_api_virtualenv.py took 0.312 seconds
[2025-08-19T18:36:36.949+0000] {processor.py:157} INFO - Started process (PID=704) to work on /home/airflow/.local/lib/python3.8/site-packages/airflow/example_dags/tutorial_taskflow_api_virtualenv.py
[2025-08-19T18:36:36.952+0000] {processor.py:829} INFO - Processing file /home/airflow/.local/lib/python3.8/site-packages/airflow/example_dags/tutorial_taskflow_api_virtualenv.py for tasks to queue
[2025-08-19T18:36:36.955+0000] {logging_mixin.py:151} INFO - [2025-08-19T18:36:36.955+0000] {dagbag.py:536} INFO - Filling up the DagBag from /home/airflow/.local/lib/python3.8/site-packages/airflow/example_dags/tutorial_taskflow_api_virtualenv.py
[2025-08-19T18:36:36.967+0000] {processor.py:839} INFO - DAG(s) dict_keys(['tutorial_taskflow_api_virtualenv']) retrieved from /home/airflow/.local/lib/python3.8/site-packages/airflow/example_dags/tutorial_taskflow_api_virtualenv.py
[2025-08-19T18:36:36.997+0000] {logging_mixin.py:151} INFO - [2025-08-19T18:36:36.997+0000] {dag.py:2941} INFO - Sync 1 DAGs
[2025-08-19T18:36:37.015+0000] {logging_mixin.py:151} INFO - [2025-08-19T18:36:37.015+0000] {dag.py:3722} INFO - Setting next_dagrun for tutorial_taskflow_api_virtualenv to None, run_after=None
[2025-08-19T18:36:37.070+0000] {processor.py:179} INFO - Processing /home/airflow/.local/lib/python3.8/site-packages/airflow/example_dags/tutorial_taskflow_api_virtualenv.py took 0.128 seconds
[2025-08-19T18:37:10.661+0000] {processor.py:157} INFO - Started process (PID=758) to work on /home/airflow/.local/lib/python3.8/site-packages/airflow/example_dags/tutorial_taskflow_api_virtualenv.py
[2025-08-19T18:37:10.663+0000] {processor.py:829} INFO - Processing file /home/airflow/.local/lib/python3.8/site-packages/airflow/example_dags/tutorial_taskflow_api_virtualenv.py for tasks to queue
[2025-08-19T18:37:10.669+0000] {logging_mixin.py:151} INFO - [2025-08-19T18:37:10.668+0000] {dagbag.py:536} INFO - Filling up the DagBag from /home/airflow/.local/lib/python3.8/site-packages/airflow/example_dags/tutorial_taskflow_api_virtualenv.py
[2025-08-19T18:37:10.682+0000] {processor.py:839} INFO - DAG(s) dict_keys(['tutorial_taskflow_api_virtualenv']) retrieved from /home/airflow/.local/lib/python3.8/site-packages/airflow/example_dags/tutorial_taskflow_api_virtualenv.py
[2025-08-19T18:37:10.722+0000] {logging_mixin.py:151} INFO - [2025-08-19T18:37:10.722+0000] {dag.py:2941} INFO - Sync 1 DAGs
[2025-08-19T18:37:10.743+0000] {logging_mixin.py:151} INFO - [2025-08-19T18:37:10.743+0000] {dag.py:3722} INFO - Setting next_dagrun for tutorial_taskflow_api_virtualenv to None, run_after=None
[2025-08-19T18:37:10.780+0000] {processor.py:179} INFO - Processing /home/airflow/.local/lib/python3.8/site-packages/airflow/example_dags/tutorial_taskflow_api_virtualenv.py took 0.125 seconds
[2025-08-19T18:37:44.724+0000] {processor.py:157} INFO - Started process (PID=813) to work on /home/airflow/.local/lib/python3.8/site-packages/airflow/example_dags/tutorial_taskflow_api_virtualenv.py
[2025-08-19T18:37:44.726+0000] {processor.py:829} INFO - Processing file /home/airflow/.local/lib/python3.8/site-packages/airflow/example_dags/tutorial_taskflow_api_virtualenv.py for tasks to queue
[2025-08-19T18:37:44.730+0000] {logging_mixin.py:151} INFO - [2025-08-19T18:37:44.730+0000] {dagbag.py:536} INFO - Filling up the DagBag from /home/airflow/.local/lib/python3.8/site-packages/airflow/example_dags/tutorial_taskflow_api_virtualenv.py
[2025-08-19T18:37:44.751+0000] {processor.py:839} INFO - DAG(s) dict_keys(['tutorial_taskflow_api_virtualenv']) retrieved from /home/airflow/.local/lib/python3.8/site-packages/airflow/example_dags/tutorial_taskflow_api_virtualenv.py
[2025-08-19T18:37:44.796+0000] {logging_mixin.py:151} INFO - [2025-08-19T18:37:44.796+0000] {dag.py:2941} INFO - Sync 1 DAGs
[2025-08-19T18:37:44.819+0000] {logging_mixin.py:151} INFO - [2025-08-19T18:37:44.819+0000] {dag.py:3722} INFO - Setting next_dagrun for tutorial_taskflow_api_virtualenv to None, run_after=None
[2025-08-19T18:37:44.860+0000] {processor.py:179} INFO - Processing /home/airflow/.local/lib/python3.8/site-packages/airflow/example_dags/tutorial_taskflow_api_virtualenv.py took 0.146 seconds
[2025-08-19T18:38:15.316+0000] {processor.py:157} INFO - Started process (PID=867) to work on /home/airflow/.local/lib/python3.8/site-packages/airflow/example_dags/tutorial_taskflow_api_virtualenv.py
[2025-08-19T18:38:15.318+0000] {processor.py:829} INFO - Processing file /home/airflow/.local/lib/python3.8/site-packages/airflow/example_dags/tutorial_taskflow_api_virtualenv.py for tasks to queue
[2025-08-19T18:38:15.321+0000] {logging_mixin.py:151} INFO - [2025-08-19T18:38:15.321+0000] {dagbag.py:536} INFO - Filling up the DagBag from /home/airflow/.local/lib/python3.8/site-packages/airflow/example_dags/tutorial_taskflow_api_virtualenv.py
[2025-08-19T18:38:15.331+0000] {processor.py:839} INFO - DAG(s) dict_keys(['tutorial_taskflow_api_virtualenv']) retrieved from /home/airflow/.local/lib/python3.8/site-packages/airflow/example_dags/tutorial_taskflow_api_virtualenv.py
[2025-08-19T18:38:15.361+0000] {logging_mixin.py:151} INFO - [2025-08-19T18:38:15.361+0000] {dag.py:2941} INFO - Sync 1 DAGs
[2025-08-19T18:38:15.378+0000] {logging_mixin.py:151} INFO - [2025-08-19T18:38:15.378+0000] {dag.py:3722} INFO - Setting next_dagrun for tutorial_taskflow_api_virtualenv to None, run_after=None
[2025-08-19T18:38:15.409+0000] {processor.py:179} INFO - Processing /home/airflow/.local/lib/python3.8/site-packages/airflow/example_dags/tutorial_taskflow_api_virtualenv.py took 0.097 seconds
[2025-08-19T18:38:46.098+0000] {processor.py:157} INFO - Started process (PID=921) to work on /home/airflow/.local/lib/python3.8/site-packages/airflow/example_dags/tutorial_taskflow_api_virtualenv.py
[2025-08-19T18:38:46.100+0000] {processor.py:829} INFO - Processing file /home/airflow/.local/lib/python3.8/site-packages/airflow/example_dags/tutorial_taskflow_api_virtualenv.py for tasks to queue
[2025-08-19T18:38:46.103+0000] {logging_mixin.py:151} INFO - [2025-08-19T18:38:46.103+0000] {dagbag.py:536} INFO - Filling up the DagBag from /home/airflow/.local/lib/python3.8/site-packages/airflow/example_dags/tutorial_taskflow_api_virtualenv.py
[2025-08-19T18:38:46.114+0000] {processor.py:839} INFO - DAG(s) dict_keys(['tutorial_taskflow_api_virtualenv']) retrieved from /home/airflow/.local/lib/python3.8/site-packages/airflow/example_dags/tutorial_taskflow_api_virtualenv.py
[2025-08-19T18:38:46.143+0000] {logging_mixin.py:151} INFO - [2025-08-19T18:38:46.143+0000] {dag.py:2941} INFO - Sync 1 DAGs
[2025-08-19T18:38:46.157+0000] {logging_mixin.py:151} INFO - [2025-08-19T18:38:46.157+0000] {dag.py:3722} INFO - Setting next_dagrun for tutorial_taskflow_api_virtualenv to None, run_after=None
[2025-08-19T18:38:46.183+0000] {processor.py:179} INFO - Processing /home/airflow/.local/lib/python3.8/site-packages/airflow/example_dags/tutorial_taskflow_api_virtualenv.py took 0.091 seconds
[2025-08-19T18:39:16.785+0000] {processor.py:157} INFO - Started process (PID=975) to work on /home/airflow/.local/lib/python3.8/site-packages/airflow/example_dags/tutorial_taskflow_api_virtualenv.py
[2025-08-19T18:39:16.786+0000] {processor.py:829} INFO - Processing file /home/airflow/.local/lib/python3.8/site-packages/airflow/example_dags/tutorial_taskflow_api_virtualenv.py for tasks to queue
[2025-08-19T18:39:16.789+0000] {logging_mixin.py:151} INFO - [2025-08-19T18:39:16.789+0000] {dagbag.py:536} INFO - Filling up the DagBag from /home/airflow/.local/lib/python3.8/site-packages/airflow/example_dags/tutorial_taskflow_api_virtualenv.py
[2025-08-19T18:39:16.797+0000] {processor.py:839} INFO - DAG(s) dict_keys(['tutorial_taskflow_api_virtualenv']) retrieved from /home/airflow/.local/lib/python3.8/site-packages/airflow/example_dags/tutorial_taskflow_api_virtualenv.py
[2025-08-19T18:39:16.825+0000] {logging_mixin.py:151} INFO - [2025-08-19T18:39:16.825+0000] {dag.py:2941} INFO - Sync 1 DAGs
[2025-08-19T18:39:16.841+0000] {logging_mixin.py:151} INFO - [2025-08-19T18:39:16.840+0000] {dag.py:3722} INFO - Setting next_dagrun for tutorial_taskflow_api_virtualenv to None, run_after=None
[2025-08-19T18:39:16.868+0000] {processor.py:179} INFO - Processing /home/airflow/.local/lib/python3.8/site-packages/airflow/example_dags/tutorial_taskflow_api_virtualenv.py took 0.089 seconds
